[1a64:0017][2019-09-25T22:13:15] Opening the package for processing
[1a64:0017][2019-09-25T22:13:15] Using package payload to get the embedded manifest
[1a64:0017][2019-09-25T22:13:15] Getting list of files within the package
[1a64:0017][2019-09-25T22:13:15] Processing file /Contents/Common7/IDE/CommonExtensions/Platform/Shell/Microsoft.VisualStudio.ComponentModelHost.Implementation.pkgdef
[1a64:0017][2019-09-25T22:13:15] Started: Copying file /Contents/Common7/IDE/CommonExtensions/Platform/Shell/Microsoft.VisualStudio.ComponentModelHost.Implementation.pkgdef to C:\Program Files (x86)\Microsoft Visual Studio\2019\BuildTools\Common7\IDE\CommonExtensions\Platform\Shell\Microsoft.VisualStudio.ComponentModelHost.Implementation.pkgdef
[1a64:0017][2019-09-25T22:13:15] Completed: Copying file /Contents/Common7/IDE/CommonExtensions/Platform/Shell/Microsoft.VisualStudio.ComponentModelHost.Implementation.pkgdef to C:\Program Files (x86)\Microsoft Visual Studio\2019\BuildTools\Common7\IDE\CommonExtensions\Platform\Shell\Microsoft.VisualStudio.ComponentModelHost.Implementation.pkgdef
[1a64:0017][2019-09-25T22:13:15] Timestamp updated for file 'C:\Program Files (x86)\Microsoft Visual Studio\2019\BuildTools\Common7\IDE\CommonExtensions\Platform\Shell\Microsoft.VisualStudio.ComponentModelHost.Implementation.pkgdef'.
[1a64:0017][2019-09-25T22:13:15] Processing file /Contents/Common7/IDE/PrivateAssemblies/Microsoft.VisualStudio.ComponentModelHost.Implementation.dll
[1a64:0017][2019-09-25T22:13:15] Started: Copying file /Contents/Common7/IDE/PrivateAssemblies/Microsoft.VisualStudio.ComponentModelHost.Implementation.dll to C:\Program Files (x86)\Microsoft Visual Studio\2019\BuildTools\Common7\IDE\PrivateAssemblies\Microsoft.VisualStudio.ComponentModelHost.Implementation.dll
[1a64:0017][2019-09-25T22:13:15] Completed: Copying file /Contents/Common7/IDE/PrivateAssemblies/Microsoft.VisualStudio.ComponentModelHost.Implementation.dll to C:\Program Files (x86)\Microsoft Visual Studio\2019\BuildTools\Common7\IDE\PrivateAssemblies\Microsoft.VisualStudio.ComponentModelHost.Implementation.dll
[1a64:0017][2019-09-25T22:13:15] Timestamp updated for file 'C:\Program Files (x86)\Microsoft Visual Studio\2019\BuildTools\Common7\IDE\PrivateAssemblies\Microsoft.VisualStudio.ComponentModelHost.Implementation.dll'.
[1a64:0017][2019-09-25T22:13:15] Queueing C:\Program Files (x86)\Microsoft Visual Studio\2019\BuildTools\Common7\IDE\PrivateAssemblies\Microsoft.VisualStudio.ComponentModelHost.Implementation.dll for X86 ngen
[1a64:0017][2019-09-25T22:13:15] Successfully queued file '/Contents/Common7/IDE/PrivateAssemblies/Microsoft.VisualStudio.ComponentModelHost.Implementation.dll' for ngen
[1a64:0017][2019-09-25T22:13:15] Processing file /Contents/Common7/IDE/PrivateAssemblies/Microsoft.VisualStudio.Composition.Configuration.dll
[1a64:0017][2019-09-25T22:13:15] Started: Copying file /Contents/Common7/IDE/PrivateAssemblies/Microsoft.VisualStudio.Composition.Configuration.dll to C:\Program Files (x86)\Microsoft Visual Studio\2019\BuildTools\Common7\IDE\PrivateAssemblies\Microsoft.VisualStudio.Composition.Configuration.dll
[1a64:0017][2019-09-25T22:13:15] Completed: Copying file /Contents/Common7/IDE/PrivateAssemblies/Microsoft.VisualStudio.Composition.Configuration.dll to C:\Program Files (x86)\Microsoft Visual Studio\2019\BuildTools\Common7\IDE\PrivateAssemblies\Microsoft.VisualStudio.Composition.Configuration.dll
[1a64:0017][2019-09-25T22:13:15] Timestamp updated for file 'C:\Program Files (x86)\Microsoft Visual Studio\2019\BuildTools\Common7\IDE\PrivateAssemblies\Microsoft.VisualStudio.Composition.Configuration.dll'.
[1a64:0017][2019-09-25T22:13:15] Queueing C:\Program Files (x86)\Microsoft Visual Studio\2019\BuildTools\Common7\IDE\PrivateAssemblies\Microsoft.VisualStudio.Composition.Configuration.dll for X86 ngen
[1a64:0017][2019-09-25T22:13:15] Successfully queued file '/Contents/Common7/IDE/PrivateAssemblies/Microsoft.VisualStudio.Composition.Configuration.dll' for ngen
[1a64:0017][2019-09-25T22:13:15] Processing file /Contents/Common7/IDE/PrivateAssemblies/Microsoft.VisualStudio.Composition.dll
[1a64:0017][2019-09-25T22:13:15] Started: Copying file /Contents/Common7/IDE/PrivateAssemblies/Microsoft.VisualStudio.Composition.dll to C:\Program Files (x86)\Microsoft Visual Studio\2019\BuildTools\Common7\IDE\PrivateAssemblies\Microsoft.VisualStudio.Composition.dll
[1a64:0017][2019-09-25T22:13:15] Completed: Copying file /Contents/Common7/IDE/PrivateAssemblies/Microsoft.VisualStudio.Composition.dll to C:\Program Files (x86)\Microsoft Visual Studio\2019\BuildTools\Common7\IDE\PrivateAssemblies\Microsoft.VisualStudio.Composition.dll
[1a64:0017][2019-09-25T22:13:15] Timestamp updated for file 'C:\Program Files (x86)\Microsoft Visual Studio\2019\BuildTools\Common7\IDE\PrivateAssemblies\Microsoft.VisualStudio.Composition.dll'.
[1a64:0017][2019-09-25T22:13:15] Queueing C:\Program Files (x86)\Microsoft Visual Studio\2019\BuildTools\Common7\IDE\PrivateAssemblies\Microsoft.VisualStudio.Composition.dll for X86 ngen
[1a64:0017][2019-09-25T22:13:15] Successfully queued file '/Contents/Common7/IDE/PrivateAssemblies/Microsoft.VisualStudio.Composition.dll' for ngen
[1a64:0017][2019-09-25T22:13:15] Processing file /Contents/Common7/IDE/PrivateAssemblies/Microsoft.VisualStudio.ExtensibilityHosting.dll
[1a64:0017][2019-09-25T22:13:15] Started: Copying file /Contents/Common7/IDE/PrivateAssemblies/Microsoft.VisualStudio.ExtensibilityHosting.dll to C:\Program Files (x86)\Microsoft Visual Studio\2019\BuildTools\Common7\IDE\PrivateAssemblies\Microsoft.VisualStudio.ExtensibilityHosting.dll
[1a64:0017][2019-09-25T22:13:15] Completed: Copying file /Contents/Common7/IDE/PrivateAssemblies/Microsoft.VisualStudio.ExtensibilityHosting.dll to C:\Program Files (x86)\Microsoft Visual Studio\2019\BuildTools\Common7\IDE\PrivateAssemblies\Microsoft.VisualStudio.ExtensibilityHosting.dll
[1a64:0017][2019-09-25T22:13:15] Timestamp updated for file 'C:\Program Files (x86)\Microsoft Visual Studio\2019\BuildTools\Common7\IDE\PrivateAssemblies\Microsoft.VisualStudio.ExtensibilityHosting.dll'.
[1a64:0017][2019-09-25T22:13:15] Queueing C:\Program Files (x86)\Microsoft Visual Studio\2019\BuildTools\Common7\IDE\PrivateAssemblies\Microsoft.VisualStudio.ExtensibilityHosting.dll for X86 ngen
[1a64:0017][2019-09-25T22:13:15] Successfully queued file '/Contents/Common7/IDE/PrivateAssemblies/Microsoft.VisualStudio.ExtensibilityHosting.dll' for ngen
[1a64:0017][2019-09-25T22:13:15] Processing file /Contents/Common7/IDE/PublicAssemblies/Microsoft.VisualStudio.ComponentModelHost.dll
[1a64:0017][2019-09-25T22:13:15] Started: Copying file /Contents/Common7/IDE/PublicAssemblies/Microsoft.VisualStudio.ComponentModelHost.dll to C:\Program Files (x86)\Microsoft Visual Studio\2019\BuildTools\Common7\IDE\PublicAssemblies\Microsoft.VisualStudio.ComponentModelHost.dll
[1a64:0017][2019-09-25T22:13:15] Completed: Copying file /Contents/Common7/IDE/PublicAssemblies/Microsoft.VisualStudio.ComponentModelHost.dll to C:\Program Files (x86)\Microsoft Visual Studio\2019\BuildTools\Common7\IDE\PublicAssemblies\Microsoft.VisualStudio.ComponentModelHost.dll
[1a64:0017][2019-09-25T22:13:15] Timestamp updated for file 'C:\Program Files (x86)\Microsoft Visual Studio\2019\BuildTools\Common7\IDE\PublicAssemblies\Microsoft.VisualStudio.ComponentModelHost.dll'.
[1a64:0017][2019-09-25T22:13:15] Queueing C:\Program Files (x86)\Microsoft Visual Studio\2019\BuildTools\Common7\IDE\PublicAssemblies\Microsoft.VisualStudio.ComponentModelHost.dll for X86 ngen
[1a64:0017][2019-09-25T22:13:15] Successfully queued file '/Contents/Common7/IDE/PublicAssemblies/Microsoft.VisualStudio.ComponentModelHost.dll' for ngen
[1a64:0017][2019-09-25T22:13:15] Package executed successfully. Return code: 0
