[1a64:0017][2019-09-25T22:13:22] Opening the package for processing
[1a64:0017][2019-09-25T22:13:22] Using package payload to get the embedded manifest
[1a64:0017][2019-09-25T22:13:22] Getting list of files within the package
[1a64:0017][2019-09-25T22:13:22] Processing file /Contents/Common7/IDE/CommonExtensions/Microsoft/VC/Debugger/x64/mspdbst.dll
[1a64:0017][2019-09-25T22:13:22] Started: Copying file /Contents/Common7/IDE/CommonExtensions/Microsoft/VC/Debugger/x64/mspdbst.dll to C:\Program Files (x86)\Microsoft Visual Studio\2019\BuildTools\Common7\IDE\CommonExtensions\Microsoft\VC\Debugger\x64\mspdbst.dll
[1a64:0017][2019-09-25T22:13:22] Completed: Copying file /Contents/Common7/IDE/CommonExtensions/Microsoft/VC/Debugger/x64/mspdbst.dll to C:\Program Files (x86)\Microsoft Visual Studio\2019\BuildTools\Common7\IDE\CommonExtensions\Microsoft\VC\Debugger\x64\mspdbst.dll
[1a64:0017][2019-09-25T22:13:22] Timestamp updated for file 'C:\Program Files (x86)\Microsoft Visual Studio\2019\BuildTools\Common7\IDE\CommonExtensions\Microsoft\VC\Debugger\x64\mspdbst.dll'.
[1a64:0017][2019-09-25T22:13:22] Processing file /Contents/Common7/IDE/CommonExtensions/Microsoft/VC/Debugger/x64/tbbmalloc.dll
[1a64:0017][2019-09-25T22:13:22] Started: Copying file /Contents/Common7/IDE/CommonExtensions/Microsoft/VC/Debugger/x64/tbbmalloc.dll to C:\Program Files (x86)\Microsoft Visual Studio\2019\BuildTools\Common7\IDE\CommonExtensions\Microsoft\VC\Debugger\x64\tbbmalloc.dll
[1a64:0017][2019-09-25T22:13:22] Completed: Copying file /Contents/Common7/IDE/CommonExtensions/Microsoft/VC/Debugger/x64/tbbmalloc.dll to C:\Program Files (x86)\Microsoft Visual Studio\2019\BuildTools\Common7\IDE\CommonExtensions\Microsoft\VC\Debugger\x64\tbbmalloc.dll
[1a64:0017][2019-09-25T22:13:22] Timestamp updated for file 'C:\Program Files (x86)\Microsoft Visual Studio\2019\BuildTools\Common7\IDE\CommonExtensions\Microsoft\VC\Debugger\x64\tbbmalloc.dll'.
[1a64:0017][2019-09-25T22:13:22] Processing file /Contents/Common7/IDE/CommonExtensions/Microsoft/VC/Debugger/x86/mspdbst.dll
[1a64:0017][2019-09-25T22:13:22] Started: Copying file /Contents/Common7/IDE/CommonExtensions/Microsoft/VC/Debugger/x86/mspdbst.dll to C:\Program Files (x86)\Microsoft Visual Studio\2019\BuildTools\Common7\IDE\CommonExtensions\Microsoft\VC\Debugger\x86\mspdbst.dll
[1a64:0017][2019-09-25T22:13:22] Completed: Copying file /Contents/Common7/IDE/CommonExtensions/Microsoft/VC/Debugger/x86/mspdbst.dll to C:\Program Files (x86)\Microsoft Visual Studio\2019\BuildTools\Common7\IDE\CommonExtensions\Microsoft\VC\Debugger\x86\mspdbst.dll
[1a64:0017][2019-09-25T22:13:22] Timestamp updated for file 'C:\Program Files (x86)\Microsoft Visual Studio\2019\BuildTools\Common7\IDE\CommonExtensions\Microsoft\VC\Debugger\x86\mspdbst.dll'.
[1a64:0017][2019-09-25T22:13:22] Processing file /Contents/Common7/IDE/CommonExtensions/Microsoft/VC/Debugger/x86/tbbmalloc.dll
[1a64:0017][2019-09-25T22:13:22] Started: Copying file /Contents/Common7/IDE/CommonExtensions/Microsoft/VC/Debugger/x86/tbbmalloc.dll to C:\Program Files (x86)\Microsoft Visual Studio\2019\BuildTools\Common7\IDE\CommonExtensions\Microsoft\VC\Debugger\x86\tbbmalloc.dll
[1a64:0017][2019-09-25T22:13:22] Completed: Copying file /Contents/Common7/IDE/CommonExtensions/Microsoft/VC/Debugger/x86/tbbmalloc.dll to C:\Program Files (x86)\Microsoft Visual Studio\2019\BuildTools\Common7\IDE\CommonExtensions\Microsoft\VC\Debugger\x86\tbbmalloc.dll
[1a64:0017][2019-09-25T22:13:22] Timestamp updated for file 'C:\Program Files (x86)\Microsoft Visual Studio\2019\BuildTools\Common7\IDE\CommonExtensions\Microsoft\VC\Debugger\x86\tbbmalloc.dll'.
[1a64:0017][2019-09-25T22:13:22] Processing file /Contents/Common7/IDE/CommonExtensions/Microsoft/VC/VC_Exp_DirControl_Registry.pkgdef
[1a64:0017][2019-09-25T22:13:22] Started: Copying file /Contents/Common7/IDE/CommonExtensions/Microsoft/VC/VC_Exp_DirControl_Registry.pkgdef to C:\Program Files (x86)\Microsoft Visual Studio\2019\BuildTools\Common7\IDE\CommonExtensions\Microsoft\VC\VC_Exp_DirControl_Registry.pkgdef
[1a64:0017][2019-09-25T22:13:22] Completed: Copying file /Contents/Common7/IDE/CommonExtensions/Microsoft/VC/VC_Exp_DirControl_Registry.pkgdef to C:\Program Files (x86)\Microsoft Visual Studio\2019\BuildTools\Common7\IDE\CommonExtensions\Microsoft\VC\VC_Exp_DirControl_Registry.pkgdef
[1a64:0017][2019-09-25T22:13:22] Timestamp updated for file 'C:\Program Files (x86)\Microsoft Visual Studio\2019\BuildTools\Common7\IDE\CommonExtensions\Microsoft\VC\VC_Exp_DirControl_Registry.pkgdef'.
[1a64:0017][2019-09-25T22:13:22] Processing file /Contents/Common7/IDE/msobj120.dll
[1a64:0017][2019-09-25T22:13:22] Started: Copying file /Contents/Common7/IDE/msobj120.dll to C:\Program Files (x86)\Microsoft Visual Studio\2019\BuildTools\Common7\IDE\msobj120.dll
[1a64:0017][2019-09-25T22:13:22] Completed: Copying file /Contents/Common7/IDE/msobj120.dll to C:\Program Files (x86)\Microsoft Visual Studio\2019\BuildTools\Common7\IDE\msobj120.dll
[1a64:0017][2019-09-25T22:13:22] Timestamp updated for file 'C:\Program Files (x86)\Microsoft Visual Studio\2019\BuildTools\Common7\IDE\msobj120.dll'.
[1a64:0017][2019-09-25T22:13:22] Processing file /Contents/Common7/IDE/mspdb140.dll
[1a64:0017][2019-09-25T22:13:22] Started: Copying file /Contents/Common7/IDE/mspdb140.dll to C:\Program Files (x86)\Microsoft Visual Studio\2019\BuildTools\Common7\IDE\mspdb140.dll
[1a64:0017][2019-09-25T22:13:22] Completed: Copying file /Contents/Common7/IDE/mspdb140.dll to C:\Program Files (x86)\Microsoft Visual Studio\2019\BuildTools\Common7\IDE\mspdb140.dll
[1a64:0017][2019-09-25T22:13:22] Timestamp updated for file 'C:\Program Files (x86)\Microsoft Visual Studio\2019\BuildTools\Common7\IDE\mspdb140.dll'.
[1a64:0017][2019-09-25T22:13:22] Processing file /Contents/Common7/IDE/mspdbcore.dll
[1a64:0017][2019-09-25T22:13:22] Started: Copying file /Contents/Common7/IDE/mspdbcore.dll to C:\Program Files (x86)\Microsoft Visual Studio\2019\BuildTools\Common7\IDE\mspdbcore.dll
[1a64:0017][2019-09-25T22:13:22] Completed: Copying file /Contents/Common7/IDE/mspdbcore.dll to C:\Program Files (x86)\Microsoft Visual Studio\2019\BuildTools\Common7\IDE\mspdbcore.dll
[1a64:0017][2019-09-25T22:13:22] Timestamp updated for file 'C:\Program Files (x86)\Microsoft Visual Studio\2019\BuildTools\Common7\IDE\mspdbcore.dll'.
[1a64:0017][2019-09-25T22:13:22] Processing file /Contents/Common7/IDE/mspdbsrv.exe
[1a64:0017][2019-09-25T22:13:22] Started: Copying file /Contents/Common7/IDE/mspdbsrv.exe to C:\Program Files (x86)\Microsoft Visual Studio\2019\BuildTools\Common7\IDE\mspdbsrv.exe
[1a64:0017][2019-09-25T22:13:22] Completed: Copying file /Contents/Common7/IDE/mspdbsrv.exe to C:\Program Files (x86)\Microsoft Visual Studio\2019\BuildTools\Common7\IDE\mspdbsrv.exe
[1a64:0017][2019-09-25T22:13:22] Timestamp updated for file 'C:\Program Files (x86)\Microsoft Visual Studio\2019\BuildTools\Common7\IDE\mspdbsrv.exe'.
[1a64:0017][2019-09-25T22:13:22] Processing file /Contents/Common7/IDE/msvcdis120.dll
[1a64:0017][2019-09-25T22:13:22] Started: Copying file /Contents/Common7/IDE/msvcdis120.dll to C:\Program Files (x86)\Microsoft Visual Studio\2019\BuildTools\Common7\IDE\msvcdis120.dll
[1a64:0017][2019-09-25T22:13:22] Completed: Copying file /Contents/Common7/IDE/msvcdis120.dll to C:\Program Files (x86)\Microsoft Visual Studio\2019\BuildTools\Common7\IDE\msvcdis120.dll
[1a64:0017][2019-09-25T22:13:22] Timestamp updated for file 'C:\Program Files (x86)\Microsoft Visual Studio\2019\BuildTools\Common7\IDE\msvcdis120.dll'.
[1a64:0017][2019-09-25T22:13:22] Processing file /Contents/Common7/IDE/tbbmalloc.dll
[1a64:0017][2019-09-25T22:13:22] Started: Copying file /Contents/Common7/IDE/tbbmalloc.dll to C:\Program Files (x86)\Microsoft Visual Studio\2019\BuildTools\Common7\IDE\tbbmalloc.dll
[1a64:0017][2019-09-25T22:13:22] Completed: Copying file /Contents/Common7/IDE/tbbmalloc.dll to C:\Program Files (x86)\Microsoft Visual Studio\2019\BuildTools\Common7\IDE\tbbmalloc.dll
[1a64:0017][2019-09-25T22:13:22] Timestamp updated for file 'C:\Program Files (x86)\Microsoft Visual Studio\2019\BuildTools\Common7\IDE\tbbmalloc.dll'.
[1a64:0017][2019-09-25T22:13:22] Processing file /Contents/Common7/IDE/VC/dircontrol.manifest
[1a64:0017][2019-09-25T22:13:22] Started: Copying file /Contents/Common7/IDE/VC/dircontrol.manifest to C:\Program Files (x86)\Microsoft Visual Studio\2019\BuildTools\Common7\IDE\VC\dircontrol.manifest
[1a64:0017][2019-09-25T22:13:22] Completed: Copying file /Contents/Common7/IDE/VC/dircontrol.manifest to C:\Program Files (x86)\Microsoft Visual Studio\2019\BuildTools\Common7\IDE\VC\dircontrol.manifest
[1a64:0017][2019-09-25T22:13:22] Timestamp updated for file 'C:\Program Files (x86)\Microsoft Visual Studio\2019\BuildTools\Common7\IDE\VC\dircontrol.manifest'.
[1a64:0017][2019-09-25T22:13:22] Processing file /Contents/Common7/IDE/VC/vcpackages/DirControl.dll
[1a64:0017][2019-09-25T22:13:22] Started: Copying file /Contents/Common7/IDE/VC/vcpackages/DirControl.dll to C:\Program Files (x86)\Microsoft Visual Studio\2019\BuildTools\Common7\IDE\VC\vcpackages\DirControl.dll
[1a64:0017][2019-09-25T22:13:22] Completed: Copying file /Contents/Common7/IDE/VC/vcpackages/DirControl.dll to C:\Program Files (x86)\Microsoft Visual Studio\2019\BuildTools\Common7\IDE\VC\vcpackages\DirControl.dll
[1a64:0017][2019-09-25T22:13:22] Timestamp updated for file 'C:\Program Files (x86)\Microsoft Visual Studio\2019\BuildTools\Common7\IDE\VC\vcpackages\DirControl.dll'.
[1a64:0017][2019-09-25T22:13:22] Package executed successfully. Return code: 0
