[1a64:0017][2019-09-25T22:13:23] Opening the package for processing
[1a64:0017][2019-09-25T22:13:23] Using package payload to get the embedded manifest
[1a64:0017][2019-09-25T22:13:23] Getting list of files within the package
[1a64:0017][2019-09-25T22:13:23] Processing file /catalog.json
[1a64:0017][2019-09-25T22:13:23] Started: Copying file /catalog.json to C:\Program Files (x86)\Microsoft Visual Studio\2019\BuildTools\Common7\IDE\Extensions\lom5kq2w.drk\catalog.json
[1a64:0017][2019-09-25T22:13:23] Completed: Copying file /catalog.json to C:\Program Files (x86)\Microsoft Visual Studio\2019\BuildTools\Common7\IDE\Extensions\lom5kq2w.drk\catalog.json
[1a64:0017][2019-09-25T22:13:23] Timestamp updated for file 'C:\Program Files (x86)\Microsoft Visual Studio\2019\BuildTools\Common7\IDE\Extensions\lom5kq2w.drk\catalog.json'.
[1a64:0017][2019-09-25T22:13:23] Processing file /cs/Microsoft.VisualStudio.Debugger.VSCodeDebuggerHost.resources.dll
[1a64:0017][2019-09-25T22:13:23] Started: Copying file /cs/Microsoft.VisualStudio.Debugger.VSCodeDebuggerHost.resources.dll to C:\Program Files (x86)\Microsoft Visual Studio\2019\BuildTools\Common7\IDE\Extensions\lom5kq2w.drk\cs\Microsoft.VisualStudio.Debugger.VSCodeDebuggerHost.resources.dll
[1a64:0017][2019-09-25T22:13:23] Completed: Copying file /cs/Microsoft.VisualStudio.Debugger.VSCodeDebuggerHost.resources.dll to C:\Program Files (x86)\Microsoft Visual Studio\2019\BuildTools\Common7\IDE\Extensions\lom5kq2w.drk\cs\Microsoft.VisualStudio.Debugger.VSCodeDebuggerHost.resources.dll
[1a64:0017][2019-09-25T22:13:23] Timestamp updated for file 'C:\Program Files (x86)\Microsoft Visual Studio\2019\BuildTools\Common7\IDE\Extensions\lom5kq2w.drk\cs\Microsoft.VisualStudio.Debugger.VSCodeDebuggerHost.resources.dll'.
[1a64:0017][2019-09-25T22:13:23] Processing file /de/Microsoft.VisualStudio.Debugger.VSCodeDebuggerHost.resources.dll
[1a64:0017][2019-09-25T22:13:23] Started: Copying file /de/Microsoft.VisualStudio.Debugger.VSCodeDebuggerHost.resources.dll to C:\Program Files (x86)\Microsoft Visual Studio\2019\BuildTools\Common7\IDE\Extensions\lom5kq2w.drk\de\Microsoft.VisualStudio.Debugger.VSCodeDebuggerHost.resources.dll
[1a64:0017][2019-09-25T22:13:23] Completed: Copying file /de/Microsoft.VisualStudio.Debugger.VSCodeDebuggerHost.resources.dll to C:\Program Files (x86)\Microsoft Visual Studio\2019\BuildTools\Common7\IDE\Extensions\lom5kq2w.drk\de\Microsoft.VisualStudio.Debugger.VSCodeDebuggerHost.resources.dll
[1a64:0017][2019-09-25T22:13:23] Timestamp updated for file 'C:\Program Files (x86)\Microsoft Visual Studio\2019\BuildTools\Common7\IDE\Extensions\lom5kq2w.drk\de\Microsoft.VisualStudio.Debugger.VSCodeDebuggerHost.resources.dll'.
[1a64:0017][2019-09-25T22:13:23] Processing file /EngineRegistration.pkgdef
[1a64:0017][2019-09-25T22:13:23] Started: Copying file /EngineRegistration.pkgdef to C:\Program Files (x86)\Microsoft Visual Studio\2019\BuildTools\Common7\IDE\Extensions\lom5kq2w.drk\EngineRegistration.pkgdef
[1a64:0017][2019-09-25T22:13:23] Completed: Copying file /EngineRegistration.pkgdef to C:\Program Files (x86)\Microsoft Visual Studio\2019\BuildTools\Common7\IDE\Extensions\lom5kq2w.drk\EngineRegistration.pkgdef
[1a64:0017][2019-09-25T22:13:23] Timestamp updated for file 'C:\Program Files (x86)\Microsoft Visual Studio\2019\BuildTools\Common7\IDE\Extensions\lom5kq2w.drk\EngineRegistration.pkgdef'.
[1a64:0017][2019-09-25T22:13:23] Processing file /es/Microsoft.VisualStudio.Debugger.VSCodeDebuggerHost.resources.dll
[1a64:0017][2019-09-25T22:13:23] Started: Copying file /es/Microsoft.VisualStudio.Debugger.VSCodeDebuggerHost.resources.dll to C:\Program Files (x86)\Microsoft Visual Studio\2019\BuildTools\Common7\IDE\Extensions\lom5kq2w.drk\es\Microsoft.VisualStudio.Debugger.VSCodeDebuggerHost.resources.dll
[1a64:0017][2019-09-25T22:13:23] Completed: Copying file /es/Microsoft.VisualStudio.Debugger.VSCodeDebuggerHost.resources.dll to C:\Program Files (x86)\Microsoft Visual Studio\2019\BuildTools\Common7\IDE\Extensions\lom5kq2w.drk\es\Microsoft.VisualStudio.Debugger.VSCodeDebuggerHost.resources.dll
[1a64:0017][2019-09-25T22:13:23] Timestamp updated for file 'C:\Program Files (x86)\Microsoft Visual Studio\2019\BuildTools\Common7\IDE\Extensions\lom5kq2w.drk\es\Microsoft.VisualStudio.Debugger.VSCodeDebuggerHost.resources.dll'.
[1a64:0017][2019-09-25T22:13:23] Processing file /fr/Microsoft.VisualStudio.Debugger.VSCodeDebuggerHost.resources.dll
[1a64:0017][2019-09-25T22:13:23] Started: Copying file /fr/Microsoft.VisualStudio.Debugger.VSCodeDebuggerHost.resources.dll to C:\Program Files (x86)\Microsoft Visual Studio\2019\BuildTools\Common7\IDE\Extensions\lom5kq2w.drk\fr\Microsoft.VisualStudio.Debugger.VSCodeDebuggerHost.resources.dll
[1a64:0017][2019-09-25T22:13:23] Completed: Copying file /fr/Microsoft.VisualStudio.Debugger.VSCodeDebuggerHost.resources.dll to C:\Program Files (x86)\Microsoft Visual Studio\2019\BuildTools\Common7\IDE\Extensions\lom5kq2w.drk\fr\Microsoft.VisualStudio.Debugger.VSCodeDebuggerHost.resources.dll
[1a64:0017][2019-09-25T22:13:23] Timestamp updated for file 'C:\Program Files (x86)\Microsoft Visual Studio\2019\BuildTools\Common7\IDE\Extensions\lom5kq2w.drk\fr\Microsoft.VisualStudio.Debugger.VSCodeDebuggerHost.resources.dll'.
[1a64:0017][2019-09-25T22:13:23] Processing file /it/Microsoft.VisualStudio.Debugger.VSCodeDebuggerHost.resources.dll
[1a64:0017][2019-09-25T22:13:23] Started: Copying file /it/Microsoft.VisualStudio.Debugger.VSCodeDebuggerHost.resources.dll to C:\Program Files (x86)\Microsoft Visual Studio\2019\BuildTools\Common7\IDE\Extensions\lom5kq2w.drk\it\Microsoft.VisualStudio.Debugger.VSCodeDebuggerHost.resources.dll
[1a64:0017][2019-09-25T22:13:23] Completed: Copying file /it/Microsoft.VisualStudio.Debugger.VSCodeDebuggerHost.resources.dll to C:\Program Files (x86)\Microsoft Visual Studio\2019\BuildTools\Common7\IDE\Extensions\lom5kq2w.drk\it\Microsoft.VisualStudio.Debugger.VSCodeDebuggerHost.resources.dll
[1a64:0017][2019-09-25T22:13:23] Timestamp updated for file 'C:\Program Files (x86)\Microsoft Visual Studio\2019\BuildTools\Common7\IDE\Extensions\lom5kq2w.drk\it\Microsoft.VisualStudio.Debugger.VSCodeDebuggerHost.resources.dll'.
[1a64:0017][2019-09-25T22:13:23] Processing file /ja/Microsoft.VisualStudio.Debugger.VSCodeDebuggerHost.resources.dll
[1a64:0017][2019-09-25T22:13:23] Started: Copying file /ja/Microsoft.VisualStudio.Debugger.VSCodeDebuggerHost.resources.dll to C:\Program Files (x86)\Microsoft Visual Studio\2019\BuildTools\Common7\IDE\Extensions\lom5kq2w.drk\ja\Microsoft.VisualStudio.Debugger.VSCodeDebuggerHost.resources.dll
[1a64:0017][2019-09-25T22:13:23] Completed: Copying file /ja/Microsoft.VisualStudio.Debugger.VSCodeDebuggerHost.resources.dll to C:\Program Files (x86)\Microsoft Visual Studio\2019\BuildTools\Common7\IDE\Extensions\lom5kq2w.drk\ja\Microsoft.VisualStudio.Debugger.VSCodeDebuggerHost.resources.dll
[1a64:0017][2019-09-25T22:13:23] Timestamp updated for file 'C:\Program Files (x86)\Microsoft Visual Studio\2019\BuildTools\Common7\IDE\Extensions\lom5kq2w.drk\ja\Microsoft.VisualStudio.Debugger.VSCodeDebuggerHost.resources.dll'.
[1a64:0017][2019-09-25T22:13:23] Processing file /ko/Microsoft.VisualStudio.Debugger.VSCodeDebuggerHost.resources.dll
[1a64:0017][2019-09-25T22:13:23] Started: Copying file /ko/Microsoft.VisualStudio.Debugger.VSCodeDebuggerHost.resources.dll to C:\Program Files (x86)\Microsoft Visual Studio\2019\BuildTools\Common7\IDE\Extensions\lom5kq2w.drk\ko\Microsoft.VisualStudio.Debugger.VSCodeDebuggerHost.resources.dll
[1a64:0017][2019-09-25T22:13:23] Completed: Copying file /ko/Microsoft.VisualStudio.Debugger.VSCodeDebuggerHost.resources.dll to C:\Program Files (x86)\Microsoft Visual Studio\2019\BuildTools\Common7\IDE\Extensions\lom5kq2w.drk\ko\Microsoft.VisualStudio.Debugger.VSCodeDebuggerHost.resources.dll
[1a64:0017][2019-09-25T22:13:23] Timestamp updated for file 'C:\Program Files (x86)\Microsoft Visual Studio\2019\BuildTools\Common7\IDE\Extensions\lom5kq2w.drk\ko\Microsoft.VisualStudio.Debugger.VSCodeDebuggerHost.resources.dll'.
[1a64:0017][2019-09-25T22:13:23] Processing file /manifest.json
[1a64:0017][2019-09-25T22:13:23] Started: Copying file /manifest.json to C:\Program Files (x86)\Microsoft Visual Studio\2019\BuildTools\Common7\IDE\Extensions\lom5kq2w.drk\manifest.json
[1a64:0017][2019-09-25T22:13:23] Completed: Copying file /manifest.json to C:\Program Files (x86)\Microsoft Visual Studio\2019\BuildTools\Common7\IDE\Extensions\lom5kq2w.drk\manifest.json
[1a64:0017][2019-09-25T22:13:23] Timestamp updated for file 'C:\Program Files (x86)\Microsoft Visual Studio\2019\BuildTools\Common7\IDE\Extensions\lom5kq2w.drk\manifest.json'.
[1a64:0017][2019-09-25T22:13:23] Processing file /Microsoft.VisualStudio.Debugger.DebugAdapterHost.Interfaces.dll
[1a64:0017][2019-09-25T22:13:23] Started: Copying file /Microsoft.VisualStudio.Debugger.DebugAdapterHost.Interfaces.dll to C:\Program Files (x86)\Microsoft Visual Studio\2019\BuildTools\Common7\IDE\Extensions\lom5kq2w.drk\Microsoft.VisualStudio.Debugger.DebugAdapterHost.Interfaces.dll
[1a64:0017][2019-09-25T22:13:23] Completed: Copying file /Microsoft.VisualStudio.Debugger.DebugAdapterHost.Interfaces.dll to C:\Program Files (x86)\Microsoft Visual Studio\2019\BuildTools\Common7\IDE\Extensions\lom5kq2w.drk\Microsoft.VisualStudio.Debugger.DebugAdapterHost.Interfaces.dll
[1a64:0017][2019-09-25T22:13:23] Timestamp updated for file 'C:\Program Files (x86)\Microsoft Visual Studio\2019\BuildTools\Common7\IDE\Extensions\lom5kq2w.drk\Microsoft.VisualStudio.Debugger.DebugAdapterHost.Interfaces.dll'.
[1a64:0017][2019-09-25T22:13:23] Processing file /Microsoft.VisualStudio.Debugger.VSCodeDebuggerHost.dll
[1a64:0017][2019-09-25T22:13:23] Started: Copying file /Microsoft.VisualStudio.Debugger.VSCodeDebuggerHost.dll to C:\Program Files (x86)\Microsoft Visual Studio\2019\BuildTools\Common7\IDE\Extensions\lom5kq2w.drk\Microsoft.VisualStudio.Debugger.VSCodeDebuggerHost.dll
[1a64:0017][2019-09-25T22:13:23] Completed: Copying file /Microsoft.VisualStudio.Debugger.VSCodeDebuggerHost.dll to C:\Program Files (x86)\Microsoft Visual Studio\2019\BuildTools\Common7\IDE\Extensions\lom5kq2w.drk\Microsoft.VisualStudio.Debugger.VSCodeDebuggerHost.dll
[1a64:0017][2019-09-25T22:13:23] Timestamp updated for file 'C:\Program Files (x86)\Microsoft Visual Studio\2019\BuildTools\Common7\IDE\Extensions\lom5kq2w.drk\Microsoft.VisualStudio.Debugger.VSCodeDebuggerHost.dll'.
[1a64:0017][2019-09-25T22:13:23] Processing file /Microsoft.VisualStudio.Debugger.VSCodeDebuggerHost.pkgdef
[1a64:0017][2019-09-25T22:13:23] Started: Copying file /Microsoft.VisualStudio.Debugger.VSCodeDebuggerHost.pkgdef to C:\Program Files (x86)\Microsoft Visual Studio\2019\BuildTools\Common7\IDE\Extensions\lom5kq2w.drk\Microsoft.VisualStudio.Debugger.VSCodeDebuggerHost.pkgdef
[1a64:0017][2019-09-25T22:13:23] Completed: Copying file /Microsoft.VisualStudio.Debugger.VSCodeDebuggerHost.pkgdef to C:\Program Files (x86)\Microsoft Visual Studio\2019\BuildTools\Common7\IDE\Extensions\lom5kq2w.drk\Microsoft.VisualStudio.Debugger.VSCodeDebuggerHost.pkgdef
[1a64:0017][2019-09-25T22:13:23] Timestamp updated for file 'C:\Program Files (x86)\Microsoft Visual Studio\2019\BuildTools\Common7\IDE\Extensions\lom5kq2w.drk\Microsoft.VisualStudio.Debugger.VSCodeDebuggerHost.pkgdef'.
[1a64:0017][2019-09-25T22:13:23] Processing file /Microsoft.VisualStudio.Shared.VSCodeDebugProtocol.dll
[1a64:0017][2019-09-25T22:13:23] Started: Copying file /Microsoft.VisualStudio.Shared.VSCodeDebugProtocol.dll to C:\Program Files (x86)\Microsoft Visual Studio\2019\BuildTools\Common7\IDE\Extensions\lom5kq2w.drk\Microsoft.VisualStudio.Shared.VSCodeDebugProtocol.dll
[1a64:0017][2019-09-25T22:13:23] Completed: Copying file /Microsoft.VisualStudio.Shared.VSCodeDebugProtocol.dll to C:\Program Files (x86)\Microsoft Visual Studio\2019\BuildTools\Common7\IDE\Extensions\lom5kq2w.drk\Microsoft.VisualStudio.Shared.VSCodeDebugProtocol.dll
[1a64:0017][2019-09-25T22:13:23] Timestamp updated for file 'C:\Program Files (x86)\Microsoft Visual Studio\2019\BuildTools\Common7\IDE\Extensions\lom5kq2w.drk\Microsoft.VisualStudio.Shared.VSCodeDebugProtocol.dll'.
[1a64:0017][2019-09-25T22:13:23] Processing file /pl/Microsoft.VisualStudio.Debugger.VSCodeDebuggerHost.resources.dll
[1a64:0017][2019-09-25T22:13:23] Started: Copying file /pl/Microsoft.VisualStudio.Debugger.VSCodeDebuggerHost.resources.dll to C:\Program Files (x86)\Microsoft Visual Studio\2019\BuildTools\Common7\IDE\Extensions\lom5kq2w.drk\pl\Microsoft.VisualStudio.Debugger.VSCodeDebuggerHost.resources.dll
[1a64:0017][2019-09-25T22:13:23] Completed: Copying file /pl/Microsoft.VisualStudio.Debugger.VSCodeDebuggerHost.resources.dll to C:\Program Files (x86)\Microsoft Visual Studio\2019\BuildTools\Common7\IDE\Extensions\lom5kq2w.drk\pl\Microsoft.VisualStudio.Debugger.VSCodeDebuggerHost.resources.dll
[1a64:0017][2019-09-25T22:13:23] Timestamp updated for file 'C:\Program Files (x86)\Microsoft Visual Studio\2019\BuildTools\Common7\IDE\Extensions\lom5kq2w.drk\pl\Microsoft.VisualStudio.Debugger.VSCodeDebuggerHost.resources.dll'.
[1a64:0017][2019-09-25T22:13:23] Processing file /pt-BR/Microsoft.VisualStudio.Debugger.VSCodeDebuggerHost.resources.dll
[1a64:0017][2019-09-25T22:13:23] Started: Copying file /pt-BR/Microsoft.VisualStudio.Debugger.VSCodeDebuggerHost.resources.dll to C:\Program Files (x86)\Microsoft Visual Studio\2019\BuildTools\Common7\IDE\Extensions\lom5kq2w.drk\pt-BR\Microsoft.VisualStudio.Debugger.VSCodeDebuggerHost.resources.dll
[1a64:0017][2019-09-25T22:13:23] Completed: Copying file /pt-BR/Microsoft.VisualStudio.Debugger.VSCodeDebuggerHost.resources.dll to C:\Program Files (x86)\Microsoft Visual Studio\2019\BuildTools\Common7\IDE\Extensions\lom5kq2w.drk\pt-BR\Microsoft.VisualStudio.Debugger.VSCodeDebuggerHost.resources.dll
[1a64:0017][2019-09-25T22:13:23] Timestamp updated for file 'C:\Program Files (x86)\Microsoft Visual Studio\2019\BuildTools\Common7\IDE\Extensions\lom5kq2w.drk\pt-BR\Microsoft.VisualStudio.Debugger.VSCodeDebuggerHost.resources.dll'.
[1a64:0017][2019-09-25T22:13:23] Processing file /ReferenceAssemblyRegistration.pkgdef
[1a64:0017][2019-09-25T22:13:23] Started: Copying file /ReferenceAssemblyRegistration.pkgdef to C:\Program Files (x86)\Microsoft Visual Studio\2019\BuildTools\Common7\IDE\Extensions\lom5kq2w.drk\ReferenceAssemblyRegistration.pkgdef
[1a64:0017][2019-09-25T22:13:23] Completed: Copying file /ReferenceAssemblyRegistration.pkgdef to C:\Program Files (x86)\Microsoft Visual Studio\2019\BuildTools\Common7\IDE\Extensions\lom5kq2w.drk\ReferenceAssemblyRegistration.pkgdef
[1a64:0017][2019-09-25T22:13:23] Timestamp updated for file 'C:\Program Files (x86)\Microsoft Visual Studio\2019\BuildTools\Common7\IDE\Extensions\lom5kq2w.drk\ReferenceAssemblyRegistration.pkgdef'.
[1a64:0017][2019-09-25T22:13:23] Processing file /ru/Microsoft.VisualStudio.Debugger.VSCodeDebuggerHost.resources.dll
[1a64:0017][2019-09-25T22:13:23] Started: Copying file /ru/Microsoft.VisualStudio.Debugger.VSCodeDebuggerHost.resources.dll to C:\Program Files (x86)\Microsoft Visual Studio\2019\BuildTools\Common7\IDE\Extensions\lom5kq2w.drk\ru\Microsoft.VisualStudio.Debugger.VSCodeDebuggerHost.resources.dll
[1a64:0017][2019-09-25T22:13:23] Completed: Copying file /ru/Microsoft.VisualStudio.Debugger.VSCodeDebuggerHost.resources.dll to C:\Program Files (x86)\Microsoft Visual Studio\2019\BuildTools\Common7\IDE\Extensions\lom5kq2w.drk\ru\Microsoft.VisualStudio.Debugger.VSCodeDebuggerHost.resources.dll
[1a64:0017][2019-09-25T22:13:23] Timestamp updated for file 'C:\Program Files (x86)\Microsoft Visual Studio\2019\BuildTools\Common7\IDE\Extensions\lom5kq2w.drk\ru\Microsoft.VisualStudio.Debugger.VSCodeDebuggerHost.resources.dll'.
[1a64:0017][2019-09-25T22:13:23] Processing file /tr/Microsoft.VisualStudio.Debugger.VSCodeDebuggerHost.resources.dll
[1a64:0017][2019-09-25T22:13:23] Started: Copying file /tr/Microsoft.VisualStudio.Debugger.VSCodeDebuggerHost.resources.dll to C:\Program Files (x86)\Microsoft Visual Studio\2019\BuildTools\Common7\IDE\Extensions\lom5kq2w.drk\tr\Microsoft.VisualStudio.Debugger.VSCodeDebuggerHost.resources.dll
[1a64:0017][2019-09-25T22:13:23] Completed: Copying file /tr/Microsoft.VisualStudio.Debugger.VSCodeDebuggerHost.resources.dll to C:\Program Files (x86)\Microsoft Visual Studio\2019\BuildTools\Common7\IDE\Extensions\lom5kq2w.drk\tr\Microsoft.VisualStudio.Debugger.VSCodeDebuggerHost.resources.dll
[1a64:0017][2019-09-25T22:13:23] Timestamp updated for file 'C:\Program Files (x86)\Microsoft Visual Studio\2019\BuildTools\Common7\IDE\Extensions\lom5kq2w.drk\tr\Microsoft.VisualStudio.Debugger.VSCodeDebuggerHost.resources.dll'.
[1a64:0017][2019-09-25T22:13:23] Processing file /zh-Hans/Microsoft.VisualStudio.Debugger.VSCodeDebuggerHost.resources.dll
[1a64:0017][2019-09-25T22:13:23] Started: Copying file /zh-Hans/Microsoft.VisualStudio.Debugger.VSCodeDebuggerHost.resources.dll to C:\Program Files (x86)\Microsoft Visual Studio\2019\BuildTools\Common7\IDE\Extensions\lom5kq2w.drk\zh-Hans\Microsoft.VisualStudio.Debugger.VSCodeDebuggerHost.resources.dll
[1a64:0017][2019-09-25T22:13:23] Completed: Copying file /zh-Hans/Microsoft.VisualStudio.Debugger.VSCodeDebuggerHost.resources.dll to C:\Program Files (x86)\Microsoft Visual Studio\2019\BuildTools\Common7\IDE\Extensions\lom5kq2w.drk\zh-Hans\Microsoft.VisualStudio.Debugger.VSCodeDebuggerHost.resources.dll
[1a64:0017][2019-09-25T22:13:23] Timestamp updated for file 'C:\Program Files (x86)\Microsoft Visual Studio\2019\BuildTools\Common7\IDE\Extensions\lom5kq2w.drk\zh-Hans\Microsoft.VisualStudio.Debugger.VSCodeDebuggerHost.resources.dll'.
[1a64:0017][2019-09-25T22:13:23] Processing file /zh-Hant/Microsoft.VisualStudio.Debugger.VSCodeDebuggerHost.resources.dll
[1a64:0017][2019-09-25T22:13:23] Started: Copying file /zh-Hant/Microsoft.VisualStudio.Debugger.VSCodeDebuggerHost.resources.dll to C:\Program Files (x86)\Microsoft Visual Studio\2019\BuildTools\Common7\IDE\Extensions\lom5kq2w.drk\zh-Hant\Microsoft.VisualStudio.Debugger.VSCodeDebuggerHost.resources.dll
[1a64:0017][2019-09-25T22:13:23] Completed: Copying file /zh-Hant/Microsoft.VisualStudio.Debugger.VSCodeDebuggerHost.resources.dll to C:\Program Files (x86)\Microsoft Visual Studio\2019\BuildTools\Common7\IDE\Extensions\lom5kq2w.drk\zh-Hant\Microsoft.VisualStudio.Debugger.VSCodeDebuggerHost.resources.dll
[1a64:0017][2019-09-25T22:13:23] Timestamp updated for file 'C:\Program Files (x86)\Microsoft Visual Studio\2019\BuildTools\Common7\IDE\Extensions\lom5kq2w.drk\zh-Hant\Microsoft.VisualStudio.Debugger.VSCodeDebuggerHost.resources.dll'.
[1a64:0017][2019-09-25T22:13:23] Processing file /extension.vsixmanifest
[1a64:0017][2019-09-25T22:13:23] Started: Copying file /extension.vsixmanifest to C:\Program Files (x86)\Microsoft Visual Studio\2019\BuildTools\Common7\IDE\Extensions\lom5kq2w.drk\extension.vsixmanifest
[1a64:0017][2019-09-25T22:13:23] Completed: Copying file /extension.vsixmanifest to C:\Program Files (x86)\Microsoft Visual Studio\2019\BuildTools\Common7\IDE\Extensions\lom5kq2w.drk\extension.vsixmanifest
[1a64:0017][2019-09-25T22:13:23] Timestamp updated for file 'C:\Program Files (x86)\Microsoft Visual Studio\2019\BuildTools\Common7\IDE\Extensions\lom5kq2w.drk\extension.vsixmanifest'.
[1a64:0017][2019-09-25T22:13:23] Package executed successfully. Return code: 0
