[1a64:0017][2019-09-25T22:11:30] Opening the package for processing
[1a64:0017][2019-09-25T22:11:30] Using package payload to get the embedded manifest
[1a64:0017][2019-09-25T22:11:30] Getting list of files within the package
[1a64:0017][2019-09-25T22:11:30] Processing file /Contents/Common7/IDE/CommonExtensions/Microsoft/VC/vc.tools.core.pkgdef
[1a64:0017][2019-09-25T22:11:30] Started: Copying file /Contents/Common7/IDE/CommonExtensions/Microsoft/VC/vc.tools.core.pkgdef to C:\Program Files (x86)\Microsoft Visual Studio\2019\BuildTools\Common7\IDE\CommonExtensions\Microsoft\VC\vc.tools.core.pkgdef
[1a64:0017][2019-09-25T22:11:30] Completed: Copying file /Contents/Common7/IDE/CommonExtensions/Microsoft/VC/vc.tools.core.pkgdef to C:\Program Files (x86)\Microsoft Visual Studio\2019\BuildTools\Common7\IDE\CommonExtensions\Microsoft\VC\vc.tools.core.pkgdef
[1a64:0017][2019-09-25T22:11:30] Timestamp updated for file 'C:\Program Files (x86)\Microsoft Visual Studio\2019\BuildTools\Common7\IDE\CommonExtensions\Microsoft\VC\vc.tools.core.pkgdef'.
[1a64:0017][2019-09-25T22:11:30] Processing file /Contents/VC/Auxiliary/Build/Microsoft.VCRedistVersion.default.txt
[1a64:0017][2019-09-25T22:11:30] Started: Copying file /Contents/VC/Auxiliary/Build/Microsoft.VCRedistVersion.default.txt to C:\Program Files (x86)\Microsoft Visual Studio\2019\BuildTools\VC\Auxiliary\Build\Microsoft.VCRedistVersion.default.txt
[1a64:0017][2019-09-25T22:11:30] Completed: Copying file /Contents/VC/Auxiliary/Build/Microsoft.VCRedistVersion.default.txt to C:\Program Files (x86)\Microsoft Visual Studio\2019\BuildTools\VC\Auxiliary\Build\Microsoft.VCRedistVersion.default.txt
[1a64:0017][2019-09-25T22:11:30] Timestamp updated for file 'C:\Program Files (x86)\Microsoft Visual Studio\2019\BuildTools\VC\Auxiliary\Build\Microsoft.VCRedistVersion.default.txt'.
[1a64:0017][2019-09-25T22:11:30] Processing file /Contents/VC/Auxiliary/Build/Microsoft.VCToolsVersion.default.props
[1a64:0017][2019-09-25T22:11:30] Started: Copying file /Contents/VC/Auxiliary/Build/Microsoft.VCToolsVersion.default.props to C:\Program Files (x86)\Microsoft Visual Studio\2019\BuildTools\VC\Auxiliary\Build\Microsoft.VCToolsVersion.default.props
[1a64:0017][2019-09-25T22:11:30] Completed: Copying file /Contents/VC/Auxiliary/Build/Microsoft.VCToolsVersion.default.props to C:\Program Files (x86)\Microsoft Visual Studio\2019\BuildTools\VC\Auxiliary\Build\Microsoft.VCToolsVersion.default.props
[1a64:0017][2019-09-25T22:11:30] Timestamp updated for file 'C:\Program Files (x86)\Microsoft Visual Studio\2019\BuildTools\VC\Auxiliary\Build\Microsoft.VCToolsVersion.default.props'.
[1a64:0017][2019-09-25T22:11:30] Processing file /Contents/VC/Auxiliary/Build/Microsoft.VCToolsVersion.default.txt
[1a64:0017][2019-09-25T22:11:30] Started: Copying file /Contents/VC/Auxiliary/Build/Microsoft.VCToolsVersion.default.txt to C:\Program Files (x86)\Microsoft Visual Studio\2019\BuildTools\VC\Auxiliary\Build\Microsoft.VCToolsVersion.default.txt
[1a64:0017][2019-09-25T22:11:30] Completed: Copying file /Contents/VC/Auxiliary/Build/Microsoft.VCToolsVersion.default.txt to C:\Program Files (x86)\Microsoft Visual Studio\2019\BuildTools\VC\Auxiliary\Build\Microsoft.VCToolsVersion.default.txt
[1a64:0017][2019-09-25T22:11:30] Timestamp updated for file 'C:\Program Files (x86)\Microsoft Visual Studio\2019\BuildTools\VC\Auxiliary\Build\Microsoft.VCToolsVersion.default.txt'.
[1a64:0017][2019-09-25T22:11:30] Processing file /Contents/VC/Auxiliary/Build/Microsoft.VCToolsVersion.v142.default.props
[1a64:0017][2019-09-25T22:11:30] Started: Copying file /Contents/VC/Auxiliary/Build/Microsoft.VCToolsVersion.v142.default.props to C:\Program Files (x86)\Microsoft Visual Studio\2019\BuildTools\VC\Auxiliary\Build\Microsoft.VCToolsVersion.v142.default.props
[1a64:0017][2019-09-25T22:11:30] Completed: Copying file /Contents/VC/Auxiliary/Build/Microsoft.VCToolsVersion.v142.default.props to C:\Program Files (x86)\Microsoft Visual Studio\2019\BuildTools\VC\Auxiliary\Build\Microsoft.VCToolsVersion.v142.default.props
[1a64:0017][2019-09-25T22:11:30] Timestamp updated for file 'C:\Program Files (x86)\Microsoft Visual Studio\2019\BuildTools\VC\Auxiliary\Build\Microsoft.VCToolsVersion.v142.default.props'.
[1a64:0017][2019-09-25T22:11:30] Processing file /Contents/VC/Auxiliary/Build/Microsoft.VCToolsVersion.v142.default.txt
[1a64:0017][2019-09-25T22:11:30] Started: Copying file /Contents/VC/Auxiliary/Build/Microsoft.VCToolsVersion.v142.default.txt to C:\Program Files (x86)\Microsoft Visual Studio\2019\BuildTools\VC\Auxiliary\Build\Microsoft.VCToolsVersion.v142.default.txt
[1a64:0017][2019-09-25T22:11:30] Completed: Copying file /Contents/VC/Auxiliary/Build/Microsoft.VCToolsVersion.v142.default.txt to C:\Program Files (x86)\Microsoft Visual Studio\2019\BuildTools\VC\Auxiliary\Build\Microsoft.VCToolsVersion.v142.default.txt
[1a64:0017][2019-09-25T22:11:30] Timestamp updated for file 'C:\Program Files (x86)\Microsoft Visual Studio\2019\BuildTools\VC\Auxiliary\Build\Microsoft.VCToolsVersion.v142.default.txt'.
[1a64:0017][2019-09-25T22:11:30] Processing file /Contents/VC/Auxiliary/Build/vcvarsall.bat
[1a64:0017][2019-09-25T22:11:30] Started: Copying file /Contents/VC/Auxiliary/Build/vcvarsall.bat to C:\Program Files (x86)\Microsoft Visual Studio\2019\BuildTools\VC\Auxiliary\Build\vcvarsall.bat
[1a64:0017][2019-09-25T22:11:30] Completed: Copying file /Contents/VC/Auxiliary/Build/vcvarsall.bat to C:\Program Files (x86)\Microsoft Visual Studio\2019\BuildTools\VC\Auxiliary\Build\vcvarsall.bat
[1a64:0017][2019-09-25T22:11:30] Timestamp updated for file 'C:\Program Files (x86)\Microsoft Visual Studio\2019\BuildTools\VC\Auxiliary\Build\vcvarsall.bat'.
[1a64:0017][2019-09-25T22:11:30] Package executed successfully. Return code: 0
