[1a64:0017][2019-09-25T22:11:06] Opening the package for processing
[1a64:0017][2019-09-25T22:11:06] Using package payload to get the embedded manifest
[1a64:0017][2019-09-25T22:11:06] Getting list of files within the package
[1a64:0017][2019-09-25T22:11:06] Processing file /Contents/Msbuild/Microsoft/VC/v160/Platforms/x64/Platform.Common.props
[1a64:0017][2019-09-25T22:11:06] Started: Copying file /Contents/Msbuild/Microsoft/VC/v160/Platforms/x64/Platform.Common.props to C:\Program Files (x86)\Microsoft Visual Studio\2019\BuildTools\Msbuild\Microsoft\VC\v160\Platforms\x64\Platform.Common.props
[1a64:0017][2019-09-25T22:11:06] Completed: Copying file /Contents/Msbuild/Microsoft/VC/v160/Platforms/x64/Platform.Common.props to C:\Program Files (x86)\Microsoft Visual Studio\2019\BuildTools\Msbuild\Microsoft\VC\v160\Platforms\x64\Platform.Common.props
[1a64:0017][2019-09-25T22:11:06] Timestamp updated for file 'C:\Program Files (x86)\Microsoft Visual Studio\2019\BuildTools\Msbuild\Microsoft\VC\v160\Platforms\x64\Platform.Common.props'.
[1a64:0017][2019-09-25T22:11:06] Processing file /Contents/Msbuild/Microsoft/VC/v160/Platforms/x64/Platform.Default.props
[1a64:0017][2019-09-25T22:11:06] Started: Copying file /Contents/Msbuild/Microsoft/VC/v160/Platforms/x64/Platform.Default.props to C:\Program Files (x86)\Microsoft Visual Studio\2019\BuildTools\Msbuild\Microsoft\VC\v160\Platforms\x64\Platform.Default.props
[1a64:0017][2019-09-25T22:11:06] Completed: Copying file /Contents/Msbuild/Microsoft/VC/v160/Platforms/x64/Platform.Default.props to C:\Program Files (x86)\Microsoft Visual Studio\2019\BuildTools\Msbuild\Microsoft\VC\v160\Platforms\x64\Platform.Default.props
[1a64:0017][2019-09-25T22:11:06] Timestamp updated for file 'C:\Program Files (x86)\Microsoft Visual Studio\2019\BuildTools\Msbuild\Microsoft\VC\v160\Platforms\x64\Platform.Default.props'.
[1a64:0017][2019-09-25T22:11:06] Processing file /Contents/Msbuild/Microsoft/VC/v160/Platforms/x64/Platform.props
[1a64:0017][2019-09-25T22:11:06] Started: Copying file /Contents/Msbuild/Microsoft/VC/v160/Platforms/x64/Platform.props to C:\Program Files (x86)\Microsoft Visual Studio\2019\BuildTools\Msbuild\Microsoft\VC\v160\Platforms\x64\Platform.props
[1a64:0017][2019-09-25T22:11:06] Completed: Copying file /Contents/Msbuild/Microsoft/VC/v160/Platforms/x64/Platform.props to C:\Program Files (x86)\Microsoft Visual Studio\2019\BuildTools\Msbuild\Microsoft\VC\v160\Platforms\x64\Platform.props
[1a64:0017][2019-09-25T22:11:06] Timestamp updated for file 'C:\Program Files (x86)\Microsoft Visual Studio\2019\BuildTools\Msbuild\Microsoft\VC\v160\Platforms\x64\Platform.props'.
[1a64:0017][2019-09-25T22:11:06] Processing file /Contents/Msbuild/Microsoft/VC/v160/Platforms/x64/Platform.targets
[1a64:0017][2019-09-25T22:11:06] Started: Copying file /Contents/Msbuild/Microsoft/VC/v160/Platforms/x64/Platform.targets to C:\Program Files (x86)\Microsoft Visual Studio\2019\BuildTools\Msbuild\Microsoft\VC\v160\Platforms\x64\Platform.targets
[1a64:0017][2019-09-25T22:11:06] Completed: Copying file /Contents/Msbuild/Microsoft/VC/v160/Platforms/x64/Platform.targets to C:\Program Files (x86)\Microsoft Visual Studio\2019\BuildTools\Msbuild\Microsoft\VC\v160\Platforms\x64\Platform.targets
[1a64:0017][2019-09-25T22:11:06] Timestamp updated for file 'C:\Program Files (x86)\Microsoft Visual Studio\2019\BuildTools\Msbuild\Microsoft\VC\v160\Platforms\x64\Platform.targets'.
[1a64:0017][2019-09-25T22:11:06] Package executed successfully. Return code: 0
