[1a64:0017][2019-09-25T22:13:29] Opening the package for processing
[1a64:0017][2019-09-25T22:13:29] Using package payload to get the embedded manifest
[1a64:0017][2019-09-25T22:13:29] Getting list of files within the package
[1a64:0017][2019-09-25T22:13:29] Processing file /Contents/Common7/IDE/CommonExtensions/MessagePack_2.0.123.pkgdef
[1a64:0017][2019-09-25T22:13:29] Started: Copying file /Contents/Common7/IDE/CommonExtensions/MessagePack_2.0.123.pkgdef to C:\Program Files (x86)\Microsoft Visual Studio\2019\BuildTools\Common7\IDE\CommonExtensions\MessagePack_2.0.123.pkgdef
[1a64:0017][2019-09-25T22:13:29] Completed: Copying file /Contents/Common7/IDE/CommonExtensions/MessagePack_2.0.123.pkgdef to C:\Program Files (x86)\Microsoft Visual Studio\2019\BuildTools\Common7\IDE\CommonExtensions\MessagePack_2.0.123.pkgdef
[1a64:0017][2019-09-25T22:13:29] Timestamp updated for file 'C:\Program Files (x86)\Microsoft Visual Studio\2019\BuildTools\Common7\IDE\CommonExtensions\MessagePack_2.0.123.pkgdef'.
[1a64:0017][2019-09-25T22:13:29] Processing file /Contents/Common7/IDE/PrivateAssemblies/MessagePack.2.0.123/MessagePack.Annotations.dll
[1a64:0017][2019-09-25T22:13:29] Started: Copying file /Contents/Common7/IDE/PrivateAssemblies/MessagePack.2.0.123/MessagePack.Annotations.dll to C:\Program Files (x86)\Microsoft Visual Studio\2019\BuildTools\Common7\IDE\PrivateAssemblies\MessagePack.2.0.123\MessagePack.Annotations.dll
[1a64:0017][2019-09-25T22:13:29] Completed: Copying file /Contents/Common7/IDE/PrivateAssemblies/MessagePack.2.0.123/MessagePack.Annotations.dll to C:\Program Files (x86)\Microsoft Visual Studio\2019\BuildTools\Common7\IDE\PrivateAssemblies\MessagePack.2.0.123\MessagePack.Annotations.dll
[1a64:0017][2019-09-25T22:13:29] Timestamp updated for file 'C:\Program Files (x86)\Microsoft Visual Studio\2019\BuildTools\Common7\IDE\PrivateAssemblies\MessagePack.2.0.123\MessagePack.Annotations.dll'.
[1a64:0017][2019-09-25T22:13:29] Queueing C:\Program Files (x86)\Microsoft Visual Studio\2019\BuildTools\Common7\IDE\PrivateAssemblies\MessagePack.2.0.123\MessagePack.Annotations.dll for X86 ngen
[1a64:0017][2019-09-25T22:13:29] Successfully queued file '/Contents/Common7/IDE/PrivateAssemblies/MessagePack.2.0.123/MessagePack.Annotations.dll' for ngen
[1a64:0017][2019-09-25T22:13:29] Processing file /Contents/Common7/IDE/PrivateAssemblies/MessagePack.2.0.123/MessagePack.dll
[1a64:0017][2019-09-25T22:13:29] Started: Copying file /Contents/Common7/IDE/PrivateAssemblies/MessagePack.2.0.123/MessagePack.dll to C:\Program Files (x86)\Microsoft Visual Studio\2019\BuildTools\Common7\IDE\PrivateAssemblies\MessagePack.2.0.123\MessagePack.dll
[1a64:0017][2019-09-25T22:13:29] Completed: Copying file /Contents/Common7/IDE/PrivateAssemblies/MessagePack.2.0.123/MessagePack.dll to C:\Program Files (x86)\Microsoft Visual Studio\2019\BuildTools\Common7\IDE\PrivateAssemblies\MessagePack.2.0.123\MessagePack.dll
[1a64:0017][2019-09-25T22:13:29] Timestamp updated for file 'C:\Program Files (x86)\Microsoft Visual Studio\2019\BuildTools\Common7\IDE\PrivateAssemblies\MessagePack.2.0.123\MessagePack.dll'.
[1a64:0017][2019-09-25T22:13:29] Queueing C:\Program Files (x86)\Microsoft Visual Studio\2019\BuildTools\Common7\IDE\PrivateAssemblies\MessagePack.2.0.123\MessagePack.dll for X86 ngen
[1a64:0017][2019-09-25T22:13:29] Successfully queued file '/Contents/Common7/IDE/PrivateAssemblies/MessagePack.2.0.123/MessagePack.dll' for ngen
[1a64:0017][2019-09-25T22:13:29] Package executed successfully. Return code: 0
