[1a64:0017][2019-09-25T22:13:47] Opening the package for processing
[1a64:0017][2019-09-25T22:13:47] Using package payload to get the embedded manifest
[1a64:0017][2019-09-25T22:13:47] Getting list of files within the package
[1a64:0017][2019-09-25T22:13:47] Processing file /Contents/Common7/IDE/CommonExtensions/Microsoft/ClientDiagnostics/en/Microsoft.VisualStudio.ClientDiagnostics.resources.dll
[1a64:0017][2019-09-25T22:13:47] Started: Copying file /Contents/Common7/IDE/CommonExtensions/Microsoft/ClientDiagnostics/en/Microsoft.VisualStudio.ClientDiagnostics.resources.dll to C:\Program Files (x86)\Microsoft Visual Studio\2019\BuildTools\Common7\IDE\CommonExtensions\Microsoft\ClientDiagnostics\en\Microsoft.VisualStudio.ClientDiagnostics.resources.dll
[1a64:0017][2019-09-25T22:13:47] Completed: Copying file /Contents/Common7/IDE/CommonExtensions/Microsoft/ClientDiagnostics/en/Microsoft.VisualStudio.ClientDiagnostics.resources.dll to C:\Program Files (x86)\Microsoft Visual Studio\2019\BuildTools\Common7\IDE\CommonExtensions\Microsoft\ClientDiagnostics\en\Microsoft.VisualStudio.ClientDiagnostics.resources.dll
[1a64:0017][2019-09-25T22:13:47] Timestamp updated for file 'C:\Program Files (x86)\Microsoft Visual Studio\2019\BuildTools\Common7\IDE\CommonExtensions\Microsoft\ClientDiagnostics\en\Microsoft.VisualStudio.ClientDiagnostics.resources.dll'.
[1a64:0017][2019-09-25T22:13:47] Processing file /Contents/Common7/IDE/CommonExtensions/Microsoft/ClientDiagnostics/MemoryProfiler/DataModel/1033/MemoryProfilerAnalyzerui.dll
[1a64:0017][2019-09-25T22:13:47] Started: Copying file /Contents/Common7/IDE/CommonExtensions/Microsoft/ClientDiagnostics/MemoryProfiler/DataModel/1033/MemoryProfilerAnalyzerui.dll to C:\Program Files (x86)\Microsoft Visual Studio\2019\BuildTools\Common7\IDE\CommonExtensions\Microsoft\ClientDiagnostics\MemoryProfiler\DataModel\1033\MemoryProfilerAnalyzerui.dll
[1a64:0017][2019-09-25T22:13:47] Completed: Copying file /Contents/Common7/IDE/CommonExtensions/Microsoft/ClientDiagnostics/MemoryProfiler/DataModel/1033/MemoryProfilerAnalyzerui.dll to C:\Program Files (x86)\Microsoft Visual Studio\2019\BuildTools\Common7\IDE\CommonExtensions\Microsoft\ClientDiagnostics\MemoryProfiler\DataModel\1033\MemoryProfilerAnalyzerui.dll
[1a64:0017][2019-09-25T22:13:47] Timestamp updated for file 'C:\Program Files (x86)\Microsoft Visual Studio\2019\BuildTools\Common7\IDE\CommonExtensions\Microsoft\ClientDiagnostics\MemoryProfiler\DataModel\1033\MemoryProfilerAnalyzerui.dll'.
[1a64:0017][2019-09-25T22:13:47] Processing file /Contents/Common7/IDE/CommonExtensions/Microsoft/ClientDiagnostics/MemoryProfiler/en/Microsoft.VisualStudio.MemoryProfiler.resources.dll
[1a64:0017][2019-09-25T22:13:47] Started: Copying file /Contents/Common7/IDE/CommonExtensions/Microsoft/ClientDiagnostics/MemoryProfiler/en/Microsoft.VisualStudio.MemoryProfiler.resources.dll to C:\Program Files (x86)\Microsoft Visual Studio\2019\BuildTools\Common7\IDE\CommonExtensions\Microsoft\ClientDiagnostics\MemoryProfiler\en\Microsoft.VisualStudio.MemoryProfiler.resources.dll
[1a64:0017][2019-09-25T22:13:47] Completed: Copying file /Contents/Common7/IDE/CommonExtensions/Microsoft/ClientDiagnostics/MemoryProfiler/en/Microsoft.VisualStudio.MemoryProfiler.resources.dll to C:\Program Files (x86)\Microsoft Visual Studio\2019\BuildTools\Common7\IDE\CommonExtensions\Microsoft\ClientDiagnostics\MemoryProfiler\en\Microsoft.VisualStudio.MemoryProfiler.resources.dll
[1a64:0017][2019-09-25T22:13:47] Timestamp updated for file 'C:\Program Files (x86)\Microsoft Visual Studio\2019\BuildTools\Common7\IDE\CommonExtensions\Microsoft\ClientDiagnostics\MemoryProfiler\en\Microsoft.VisualStudio.MemoryProfiler.resources.dll'.
[1a64:0017][2019-09-25T22:13:47] Processing file /Contents/Common7/IDE/CommonExtensions/Microsoft/ClientDiagnostics/MemoryProfiler/Views/Collection/Resources/Resources.en.resx
[1a64:0017][2019-09-25T22:13:47] Started: Copying file /Contents/Common7/IDE/CommonExtensions/Microsoft/ClientDiagnostics/MemoryProfiler/Views/Collection/Resources/Resources.en.resx to C:\Program Files (x86)\Microsoft Visual Studio\2019\BuildTools\Common7\IDE\CommonExtensions\Microsoft\ClientDiagnostics\MemoryProfiler\Views\Collection\Resources\Resources.en.resx
[1a64:0017][2019-09-25T22:13:47] Completed: Copying file /Contents/Common7/IDE/CommonExtensions/Microsoft/ClientDiagnostics/MemoryProfiler/Views/Collection/Resources/Resources.en.resx to C:\Program Files (x86)\Microsoft Visual Studio\2019\BuildTools\Common7\IDE\CommonExtensions\Microsoft\ClientDiagnostics\MemoryProfiler\Views\Collection\Resources\Resources.en.resx
[1a64:0017][2019-09-25T22:13:47] Timestamp updated for file 'C:\Program Files (x86)\Microsoft Visual Studio\2019\BuildTools\Common7\IDE\CommonExtensions\Microsoft\ClientDiagnostics\MemoryProfiler\Views\Collection\Resources\Resources.en.resx'.
[1a64:0017][2019-09-25T22:13:47] Processing file /Contents/Common7/IDE/CommonExtensions/Microsoft/ClientDiagnostics/MemoryProfiler/Views/Details/Resources/Resources.en.resx
[1a64:0017][2019-09-25T22:13:47] Started: Copying file /Contents/Common7/IDE/CommonExtensions/Microsoft/ClientDiagnostics/MemoryProfiler/Views/Details/Resources/Resources.en.resx to C:\Program Files (x86)\Microsoft Visual Studio\2019\BuildTools\Common7\IDE\CommonExtensions\Microsoft\ClientDiagnostics\MemoryProfiler\Views\Details\Resources\Resources.en.resx
[1a64:0017][2019-09-25T22:13:47] Completed: Copying file /Contents/Common7/IDE/CommonExtensions/Microsoft/ClientDiagnostics/MemoryProfiler/Views/Details/Resources/Resources.en.resx to C:\Program Files (x86)\Microsoft Visual Studio\2019\BuildTools\Common7\IDE\CommonExtensions\Microsoft\ClientDiagnostics\MemoryProfiler\Views\Details\Resources\Resources.en.resx
[1a64:0017][2019-09-25T22:13:47] Timestamp updated for file 'C:\Program Files (x86)\Microsoft Visual Studio\2019\BuildTools\Common7\IDE\CommonExtensions\Microsoft\ClientDiagnostics\MemoryProfiler\Views\Details\Resources\Resources.en.resx'.
[1a64:0017][2019-09-25T22:13:47] Processing file /Contents/Common7/IDE/CommonExtensions/Microsoft/ClientDiagnostics/MemoryProfiler/Views/Summary/Resources/Resources.en.resx
[1a64:0017][2019-09-25T22:13:47] Started: Copying file /Contents/Common7/IDE/CommonExtensions/Microsoft/ClientDiagnostics/MemoryProfiler/Views/Summary/Resources/Resources.en.resx to C:\Program Files (x86)\Microsoft Visual Studio\2019\BuildTools\Common7\IDE\CommonExtensions\Microsoft\ClientDiagnostics\MemoryProfiler\Views\Summary\Resources\Resources.en.resx
[1a64:0017][2019-09-25T22:13:47] Completed: Copying file /Contents/Common7/IDE/CommonExtensions/Microsoft/ClientDiagnostics/MemoryProfiler/Views/Summary/Resources/Resources.en.resx to C:\Program Files (x86)\Microsoft Visual Studio\2019\BuildTools\Common7\IDE\CommonExtensions\Microsoft\ClientDiagnostics\MemoryProfiler\Views\Summary\Resources\Resources.en.resx
[1a64:0017][2019-09-25T22:13:47] Timestamp updated for file 'C:\Program Files (x86)\Microsoft Visual Studio\2019\BuildTools\Common7\IDE\CommonExtensions\Microsoft\ClientDiagnostics\MemoryProfiler\Views\Summary\Resources\Resources.en.resx'.
[1a64:0017][2019-09-25T22:13:47] Processing file /Contents/Common7/IDE/CommonExtensions/Microsoft/ClientDiagnostics/MemoryProfiler/Views/UnsupportedVersion/Resources/Resources.en.resx
[1a64:0017][2019-09-25T22:13:47] Started: Copying file /Contents/Common7/IDE/CommonExtensions/Microsoft/ClientDiagnostics/MemoryProfiler/Views/UnsupportedVersion/Resources/Resources.en.resx to C:\Program Files (x86)\Microsoft Visual Studio\2019\BuildTools\Common7\IDE\CommonExtensions\Microsoft\ClientDiagnostics\MemoryProfiler\Views\UnsupportedVersion\Resources\Resources.en.resx
[1a64:0017][2019-09-25T22:13:47] Completed: Copying file /Contents/Common7/IDE/CommonExtensions/Microsoft/ClientDiagnostics/MemoryProfiler/Views/UnsupportedVersion/Resources/Resources.en.resx to C:\Program Files (x86)\Microsoft Visual Studio\2019\BuildTools\Common7\IDE\CommonExtensions\Microsoft\ClientDiagnostics\MemoryProfiler\Views\UnsupportedVersion\Resources\Resources.en.resx
[1a64:0017][2019-09-25T22:13:47] Timestamp updated for file 'C:\Program Files (x86)\Microsoft Visual Studio\2019\BuildTools\Common7\IDE\CommonExtensions\Microsoft\ClientDiagnostics\MemoryProfiler\Views\UnsupportedVersion\Resources\Resources.en.resx'.
[1a64:0017][2019-09-25T22:13:47] Processing file /Contents/Common7/IDE/CommonExtensions/Platform/DiagnosticsHub/1033/MemoryProfilerInfoSourceui.dll
[1a64:0017][2019-09-25T22:13:47] Started: Copying file /Contents/Common7/IDE/CommonExtensions/Platform/DiagnosticsHub/1033/MemoryProfilerInfoSourceui.dll to C:\Program Files (x86)\Microsoft Visual Studio\2019\BuildTools\Common7\IDE\CommonExtensions\Platform\DiagnosticsHub\1033\MemoryProfilerInfoSourceui.dll
[1a64:0017][2019-09-25T22:13:47] Completed: Copying file /Contents/Common7/IDE/CommonExtensions/Platform/DiagnosticsHub/1033/MemoryProfilerInfoSourceui.dll to C:\Program Files (x86)\Microsoft Visual Studio\2019\BuildTools\Common7\IDE\CommonExtensions\Platform\DiagnosticsHub\1033\MemoryProfilerInfoSourceui.dll
[1a64:0017][2019-09-25T22:13:47] Timestamp updated for file 'C:\Program Files (x86)\Microsoft Visual Studio\2019\BuildTools\Common7\IDE\CommonExtensions\Platform\DiagnosticsHub\1033\MemoryProfilerInfoSourceui.dll'.
[1a64:0017][2019-09-25T22:13:47] Package executed successfully. Return code: 0
