[1a64:0017][2019-09-25T22:11:32] Opening the package for processing
[1a64:0017][2019-09-25T22:11:32] Using package payload to get the embedded manifest
[1a64:0017][2019-09-25T22:11:33] Getting list of files within the package
[1a64:0017][2019-09-25T22:11:33] Processing file /Contents/VC/Tools/MSVC/14.23.28105/lib/onecore/x64/diaguids.lib
[1a64:0017][2019-09-25T22:11:33] Started: Copying file /Contents/VC/Tools/MSVC/14.23.28105/lib/onecore/x64/diaguids.lib to C:\Program Files (x86)\Microsoft Visual Studio\2019\BuildTools\VC\Tools\MSVC\14.23.28105\lib\onecore\x64\diaguids.lib
[1a64:0017][2019-09-25T22:11:33] Completed: Copying file /Contents/VC/Tools/MSVC/14.23.28105/lib/onecore/x64/diaguids.lib to C:\Program Files (x86)\Microsoft Visual Studio\2019\BuildTools\VC\Tools\MSVC\14.23.28105\lib\onecore\x64\diaguids.lib
[1a64:0017][2019-09-25T22:11:33] Timestamp updated for file 'C:\Program Files (x86)\Microsoft Visual Studio\2019\BuildTools\VC\Tools\MSVC\14.23.28105\lib\onecore\x64\diaguids.lib'.
[1a64:0017][2019-09-25T22:11:33] Processing file /Contents/VC/Tools/MSVC/14.23.28105/lib/onecore/x64/exe_initialize_mta.lib
[1a64:0017][2019-09-25T22:11:33] Started: Copying file /Contents/VC/Tools/MSVC/14.23.28105/lib/onecore/x64/exe_initialize_mta.lib to C:\Program Files (x86)\Microsoft Visual Studio\2019\BuildTools\VC\Tools\MSVC\14.23.28105\lib\onecore\x64\exe_initialize_mta.lib
[1a64:0017][2019-09-25T22:11:33] Completed: Copying file /Contents/VC/Tools/MSVC/14.23.28105/lib/onecore/x64/exe_initialize_mta.lib to C:\Program Files (x86)\Microsoft Visual Studio\2019\BuildTools\VC\Tools\MSVC\14.23.28105\lib\onecore\x64\exe_initialize_mta.lib
[1a64:0017][2019-09-25T22:11:33] Timestamp updated for file 'C:\Program Files (x86)\Microsoft Visual Studio\2019\BuildTools\VC\Tools\MSVC\14.23.28105\lib\onecore\x64\exe_initialize_mta.lib'.
[1a64:0017][2019-09-25T22:11:33] Processing file /Contents/VC/Tools/MSVC/14.23.28105/lib/onecore/x64/iso_stdio_wide_specifiers.lib
[1a64:0017][2019-09-25T22:11:33] Started: Copying file /Contents/VC/Tools/MSVC/14.23.28105/lib/onecore/x64/iso_stdio_wide_specifiers.lib to C:\Program Files (x86)\Microsoft Visual Studio\2019\BuildTools\VC\Tools\MSVC\14.23.28105\lib\onecore\x64\iso_stdio_wide_specifiers.lib
[1a64:0017][2019-09-25T22:11:33] Completed: Copying file /Contents/VC/Tools/MSVC/14.23.28105/lib/onecore/x64/iso_stdio_wide_specifiers.lib to C:\Program Files (x86)\Microsoft Visual Studio\2019\BuildTools\VC\Tools\MSVC\14.23.28105\lib\onecore\x64\iso_stdio_wide_specifiers.lib
[1a64:0017][2019-09-25T22:11:33] Timestamp updated for file 'C:\Program Files (x86)\Microsoft Visual Studio\2019\BuildTools\VC\Tools\MSVC\14.23.28105\lib\onecore\x64\iso_stdio_wide_specifiers.lib'.
[1a64:0017][2019-09-25T22:11:33] Processing file /Contents/VC/Tools/MSVC/14.23.28105/lib/onecore/x64/legacy_stdio_definitions.lib
[1a64:0017][2019-09-25T22:11:33] Started: Copying file /Contents/VC/Tools/MSVC/14.23.28105/lib/onecore/x64/legacy_stdio_definitions.lib to C:\Program Files (x86)\Microsoft Visual Studio\2019\BuildTools\VC\Tools\MSVC\14.23.28105\lib\onecore\x64\legacy_stdio_definitions.lib
[1a64:0017][2019-09-25T22:11:33] Completed: Copying file /Contents/VC/Tools/MSVC/14.23.28105/lib/onecore/x64/legacy_stdio_definitions.lib to C:\Program Files (x86)\Microsoft Visual Studio\2019\BuildTools\VC\Tools\MSVC\14.23.28105\lib\onecore\x64\legacy_stdio_definitions.lib
[1a64:0017][2019-09-25T22:11:33] Timestamp updated for file 'C:\Program Files (x86)\Microsoft Visual Studio\2019\BuildTools\VC\Tools\MSVC\14.23.28105\lib\onecore\x64\legacy_stdio_definitions.lib'.
[1a64:0017][2019-09-25T22:11:33] Processing file /Contents/VC/Tools/MSVC/14.23.28105/lib/onecore/x64/legacy_stdio_wide_specifiers.lib
[1a64:0017][2019-09-25T22:11:33] Started: Copying file /Contents/VC/Tools/MSVC/14.23.28105/lib/onecore/x64/legacy_stdio_wide_specifiers.lib to C:\Program Files (x86)\Microsoft Visual Studio\2019\BuildTools\VC\Tools\MSVC\14.23.28105\lib\onecore\x64\legacy_stdio_wide_specifiers.lib
[1a64:0017][2019-09-25T22:11:33] Completed: Copying file /Contents/VC/Tools/MSVC/14.23.28105/lib/onecore/x64/legacy_stdio_wide_specifiers.lib to C:\Program Files (x86)\Microsoft Visual Studio\2019\BuildTools\VC\Tools\MSVC\14.23.28105\lib\onecore\x64\legacy_stdio_wide_specifiers.lib
[1a64:0017][2019-09-25T22:11:33] Timestamp updated for file 'C:\Program Files (x86)\Microsoft Visual Studio\2019\BuildTools\VC\Tools\MSVC\14.23.28105\lib\onecore\x64\legacy_stdio_wide_specifiers.lib'.
[1a64:0017][2019-09-25T22:11:33] Processing file /Contents/VC/Tools/MSVC/14.23.28105/lib/onecore/x64/libcmt.amd64.onecore.pdb
[1a64:0017][2019-09-25T22:11:33] Started: Copying file /Contents/VC/Tools/MSVC/14.23.28105/lib/onecore/x64/libcmt.amd64.onecore.pdb to C:\Program Files (x86)\Microsoft Visual Studio\2019\BuildTools\VC\Tools\MSVC\14.23.28105\lib\onecore\x64\libcmt.amd64.onecore.pdb
[1a64:0017][2019-09-25T22:11:33] Completed: Copying file /Contents/VC/Tools/MSVC/14.23.28105/lib/onecore/x64/libcmt.amd64.onecore.pdb to C:\Program Files (x86)\Microsoft Visual Studio\2019\BuildTools\VC\Tools\MSVC\14.23.28105\lib\onecore\x64\libcmt.amd64.onecore.pdb
[1a64:0017][2019-09-25T22:11:33] Timestamp updated for file 'C:\Program Files (x86)\Microsoft Visual Studio\2019\BuildTools\VC\Tools\MSVC\14.23.28105\lib\onecore\x64\libcmt.amd64.onecore.pdb'.
[1a64:0017][2019-09-25T22:11:33] Processing file /Contents/VC/Tools/MSVC/14.23.28105/lib/onecore/x64/libcmt.lib
[1a64:0017][2019-09-25T22:11:33] Started: Copying file /Contents/VC/Tools/MSVC/14.23.28105/lib/onecore/x64/libcmt.lib to C:\Program Files (x86)\Microsoft Visual Studio\2019\BuildTools\VC\Tools\MSVC\14.23.28105\lib\onecore\x64\libcmt.lib
[1a64:0017][2019-09-25T22:11:33] Completed: Copying file /Contents/VC/Tools/MSVC/14.23.28105/lib/onecore/x64/libcmt.lib to C:\Program Files (x86)\Microsoft Visual Studio\2019\BuildTools\VC\Tools\MSVC\14.23.28105\lib\onecore\x64\libcmt.lib
[1a64:0017][2019-09-25T22:11:33] Timestamp updated for file 'C:\Program Files (x86)\Microsoft Visual Studio\2019\BuildTools\VC\Tools\MSVC\14.23.28105\lib\onecore\x64\libcmt.lib'.
[1a64:0017][2019-09-25T22:11:33] Processing file /Contents/VC/Tools/MSVC/14.23.28105/lib/onecore/x64/libcmtd.amd64.onecore.pdb
[1a64:0017][2019-09-25T22:11:33] Started: Copying file /Contents/VC/Tools/MSVC/14.23.28105/lib/onecore/x64/libcmtd.amd64.onecore.pdb to C:\Program Files (x86)\Microsoft Visual Studio\2019\BuildTools\VC\Tools\MSVC\14.23.28105\lib\onecore\x64\libcmtd.amd64.onecore.pdb
[1a64:0017][2019-09-25T22:11:33] Completed: Copying file /Contents/VC/Tools/MSVC/14.23.28105/lib/onecore/x64/libcmtd.amd64.onecore.pdb to C:\Program Files (x86)\Microsoft Visual Studio\2019\BuildTools\VC\Tools\MSVC\14.23.28105\lib\onecore\x64\libcmtd.amd64.onecore.pdb
[1a64:0017][2019-09-25T22:11:33] Timestamp updated for file 'C:\Program Files (x86)\Microsoft Visual Studio\2019\BuildTools\VC\Tools\MSVC\14.23.28105\lib\onecore\x64\libcmtd.amd64.onecore.pdb'.
[1a64:0017][2019-09-25T22:11:33] Processing file /Contents/VC/Tools/MSVC/14.23.28105/lib/onecore/x64/libcmtd.lib
[1a64:0017][2019-09-25T22:11:33] Started: Copying file /Contents/VC/Tools/MSVC/14.23.28105/lib/onecore/x64/libcmtd.lib to C:\Program Files (x86)\Microsoft Visual Studio\2019\BuildTools\VC\Tools\MSVC\14.23.28105\lib\onecore\x64\libcmtd.lib
[1a64:0017][2019-09-25T22:11:33] Completed: Copying file /Contents/VC/Tools/MSVC/14.23.28105/lib/onecore/x64/libcmtd.lib to C:\Program Files (x86)\Microsoft Visual Studio\2019\BuildTools\VC\Tools\MSVC\14.23.28105\lib\onecore\x64\libcmtd.lib
[1a64:0017][2019-09-25T22:11:33] Timestamp updated for file 'C:\Program Files (x86)\Microsoft Visual Studio\2019\BuildTools\VC\Tools\MSVC\14.23.28105\lib\onecore\x64\libcmtd.lib'.
[1a64:0017][2019-09-25T22:11:33] Processing file /Contents/VC/Tools/MSVC/14.23.28105/lib/onecore/x64/libconcrt.amd64.onecore.pdb
[1a64:0017][2019-09-25T22:11:33] Started: Copying file /Contents/VC/Tools/MSVC/14.23.28105/lib/onecore/x64/libconcrt.amd64.onecore.pdb to C:\Program Files (x86)\Microsoft Visual Studio\2019\BuildTools\VC\Tools\MSVC\14.23.28105\lib\onecore\x64\libconcrt.amd64.onecore.pdb
[1a64:0017][2019-09-25T22:11:33] Completed: Copying file /Contents/VC/Tools/MSVC/14.23.28105/lib/onecore/x64/libconcrt.amd64.onecore.pdb to C:\Program Files (x86)\Microsoft Visual Studio\2019\BuildTools\VC\Tools\MSVC\14.23.28105\lib\onecore\x64\libconcrt.amd64.onecore.pdb
[1a64:0017][2019-09-25T22:11:33] Timestamp updated for file 'C:\Program Files (x86)\Microsoft Visual Studio\2019\BuildTools\VC\Tools\MSVC\14.23.28105\lib\onecore\x64\libconcrt.amd64.onecore.pdb'.
[1a64:0017][2019-09-25T22:11:33] Processing file /Contents/VC/Tools/MSVC/14.23.28105/lib/onecore/x64/libconcrt.lib
[1a64:0017][2019-09-25T22:11:33] Started: Copying file /Contents/VC/Tools/MSVC/14.23.28105/lib/onecore/x64/libconcrt.lib to C:\Program Files (x86)\Microsoft Visual Studio\2019\BuildTools\VC\Tools\MSVC\14.23.28105\lib\onecore\x64\libconcrt.lib
[1a64:0017][2019-09-25T22:11:33] Completed: Copying file /Contents/VC/Tools/MSVC/14.23.28105/lib/onecore/x64/libconcrt.lib to C:\Program Files (x86)\Microsoft Visual Studio\2019\BuildTools\VC\Tools\MSVC\14.23.28105\lib\onecore\x64\libconcrt.lib
[1a64:0017][2019-09-25T22:11:33] Timestamp updated for file 'C:\Program Files (x86)\Microsoft Visual Studio\2019\BuildTools\VC\Tools\MSVC\14.23.28105\lib\onecore\x64\libconcrt.lib'.
[1a64:0017][2019-09-25T22:11:33] Processing file /Contents/VC/Tools/MSVC/14.23.28105/lib/onecore/x64/libconcrt1.amd64.onecore.pdb
[1a64:0017][2019-09-25T22:11:33] Started: Copying file /Contents/VC/Tools/MSVC/14.23.28105/lib/onecore/x64/libconcrt1.amd64.onecore.pdb to C:\Program Files (x86)\Microsoft Visual Studio\2019\BuildTools\VC\Tools\MSVC\14.23.28105\lib\onecore\x64\libconcrt1.amd64.onecore.pdb
[1a64:0017][2019-09-25T22:11:33] Completed: Copying file /Contents/VC/Tools/MSVC/14.23.28105/lib/onecore/x64/libconcrt1.amd64.onecore.pdb to C:\Program Files (x86)\Microsoft Visual Studio\2019\BuildTools\VC\Tools\MSVC\14.23.28105\lib\onecore\x64\libconcrt1.amd64.onecore.pdb
[1a64:0017][2019-09-25T22:11:33] Timestamp updated for file 'C:\Program Files (x86)\Microsoft Visual Studio\2019\BuildTools\VC\Tools\MSVC\14.23.28105\lib\onecore\x64\libconcrt1.amd64.onecore.pdb'.
[1a64:0017][2019-09-25T22:11:33] Processing file /Contents/VC/Tools/MSVC/14.23.28105/lib/onecore/x64/libconcrt1.lib
[1a64:0017][2019-09-25T22:11:33] Started: Copying file /Contents/VC/Tools/MSVC/14.23.28105/lib/onecore/x64/libconcrt1.lib to C:\Program Files (x86)\Microsoft Visual Studio\2019\BuildTools\VC\Tools\MSVC\14.23.28105\lib\onecore\x64\libconcrt1.lib
[1a64:0017][2019-09-25T22:11:33] Completed: Copying file /Contents/VC/Tools/MSVC/14.23.28105/lib/onecore/x64/libconcrt1.lib to C:\Program Files (x86)\Microsoft Visual Studio\2019\BuildTools\VC\Tools\MSVC\14.23.28105\lib\onecore\x64\libconcrt1.lib
[1a64:0017][2019-09-25T22:11:33] Timestamp updated for file 'C:\Program Files (x86)\Microsoft Visual Studio\2019\BuildTools\VC\Tools\MSVC\14.23.28105\lib\onecore\x64\libconcrt1.lib'.
[1a64:0017][2019-09-25T22:11:33] Processing file /Contents/VC/Tools/MSVC/14.23.28105/lib/onecore/x64/libconcrtd.amd64.onecore.pdb
[1a64:0017][2019-09-25T22:11:33] Started: Copying file /Contents/VC/Tools/MSVC/14.23.28105/lib/onecore/x64/libconcrtd.amd64.onecore.pdb to C:\Program Files (x86)\Microsoft Visual Studio\2019\BuildTools\VC\Tools\MSVC\14.23.28105\lib\onecore\x64\libconcrtd.amd64.onecore.pdb
[1a64:0017][2019-09-25T22:11:33] Completed: Copying file /Contents/VC/Tools/MSVC/14.23.28105/lib/onecore/x64/libconcrtd.amd64.onecore.pdb to C:\Program Files (x86)\Microsoft Visual Studio\2019\BuildTools\VC\Tools\MSVC\14.23.28105\lib\onecore\x64\libconcrtd.amd64.onecore.pdb
[1a64:0017][2019-09-25T22:11:33] Timestamp updated for file 'C:\Program Files (x86)\Microsoft Visual Studio\2019\BuildTools\VC\Tools\MSVC\14.23.28105\lib\onecore\x64\libconcrtd.amd64.onecore.pdb'.
[1a64:0017][2019-09-25T22:11:33] Processing file /Contents/VC/Tools/MSVC/14.23.28105/lib/onecore/x64/libconcrtd.lib
[1a64:0017][2019-09-25T22:11:33] Started: Copying file /Contents/VC/Tools/MSVC/14.23.28105/lib/onecore/x64/libconcrtd.lib to C:\Program Files (x86)\Microsoft Visual Studio\2019\BuildTools\VC\Tools\MSVC\14.23.28105\lib\onecore\x64\libconcrtd.lib
[1a64:0017][2019-09-25T22:11:33] Completed: Copying file /Contents/VC/Tools/MSVC/14.23.28105/lib/onecore/x64/libconcrtd.lib to C:\Program Files (x86)\Microsoft Visual Studio\2019\BuildTools\VC\Tools\MSVC\14.23.28105\lib\onecore\x64\libconcrtd.lib
[1a64:0017][2019-09-25T22:11:33] Timestamp updated for file 'C:\Program Files (x86)\Microsoft Visual Studio\2019\BuildTools\VC\Tools\MSVC\14.23.28105\lib\onecore\x64\libconcrtd.lib'.
[1a64:0017][2019-09-25T22:11:33] Processing file /Contents/VC/Tools/MSVC/14.23.28105/lib/onecore/x64/libconcrtd0.amd64.onecore.pdb
[1a64:0017][2019-09-25T22:11:33] Started: Copying file /Contents/VC/Tools/MSVC/14.23.28105/lib/onecore/x64/libconcrtd0.amd64.onecore.pdb to C:\Program Files (x86)\Microsoft Visual Studio\2019\BuildTools\VC\Tools\MSVC\14.23.28105\lib\onecore\x64\libconcrtd0.amd64.onecore.pdb
[1a64:0017][2019-09-25T22:11:33] Completed: Copying file /Contents/VC/Tools/MSVC/14.23.28105/lib/onecore/x64/libconcrtd0.amd64.onecore.pdb to C:\Program Files (x86)\Microsoft Visual Studio\2019\BuildTools\VC\Tools\MSVC\14.23.28105\lib\onecore\x64\libconcrtd0.amd64.onecore.pdb
[1a64:0017][2019-09-25T22:11:33] Timestamp updated for file 'C:\Program Files (x86)\Microsoft Visual Studio\2019\BuildTools\VC\Tools\MSVC\14.23.28105\lib\onecore\x64\libconcrtd0.amd64.onecore.pdb'.
[1a64:0017][2019-09-25T22:11:33] Processing file /Contents/VC/Tools/MSVC/14.23.28105/lib/onecore/x64/libconcrtd0.lib
[1a64:0017][2019-09-25T22:11:33] Started: Copying file /Contents/VC/Tools/MSVC/14.23.28105/lib/onecore/x64/libconcrtd0.lib to C:\Program Files (x86)\Microsoft Visual Studio\2019\BuildTools\VC\Tools\MSVC\14.23.28105\lib\onecore\x64\libconcrtd0.lib
[1a64:0017][2019-09-25T22:11:33] Completed: Copying file /Contents/VC/Tools/MSVC/14.23.28105/lib/onecore/x64/libconcrtd0.lib to C:\Program Files (x86)\Microsoft Visual Studio\2019\BuildTools\VC\Tools\MSVC\14.23.28105\lib\onecore\x64\libconcrtd0.lib
[1a64:0017][2019-09-25T22:11:33] Timestamp updated for file 'C:\Program Files (x86)\Microsoft Visual Studio\2019\BuildTools\VC\Tools\MSVC\14.23.28105\lib\onecore\x64\libconcrtd0.lib'.
[1a64:0017][2019-09-25T22:11:33] Processing file /Contents/VC/Tools/MSVC/14.23.28105/lib/onecore/x64/libconcrtd1.amd64.onecore.pdb
[1a64:0017][2019-09-25T22:11:33] Started: Copying file /Contents/VC/Tools/MSVC/14.23.28105/lib/onecore/x64/libconcrtd1.amd64.onecore.pdb to C:\Program Files (x86)\Microsoft Visual Studio\2019\BuildTools\VC\Tools\MSVC\14.23.28105\lib\onecore\x64\libconcrtd1.amd64.onecore.pdb
[1a64:0017][2019-09-25T22:11:33] Completed: Copying file /Contents/VC/Tools/MSVC/14.23.28105/lib/onecore/x64/libconcrtd1.amd64.onecore.pdb to C:\Program Files (x86)\Microsoft Visual Studio\2019\BuildTools\VC\Tools\MSVC\14.23.28105\lib\onecore\x64\libconcrtd1.amd64.onecore.pdb
[1a64:0017][2019-09-25T22:11:33] Timestamp updated for file 'C:\Program Files (x86)\Microsoft Visual Studio\2019\BuildTools\VC\Tools\MSVC\14.23.28105\lib\onecore\x64\libconcrtd1.amd64.onecore.pdb'.
[1a64:0017][2019-09-25T22:11:33] Processing file /Contents/VC/Tools/MSVC/14.23.28105/lib/onecore/x64/libconcrtd1.lib
[1a64:0017][2019-09-25T22:11:33] Started: Copying file /Contents/VC/Tools/MSVC/14.23.28105/lib/onecore/x64/libconcrtd1.lib to C:\Program Files (x86)\Microsoft Visual Studio\2019\BuildTools\VC\Tools\MSVC\14.23.28105\lib\onecore\x64\libconcrtd1.lib
[1a64:0017][2019-09-25T22:11:33] Completed: Copying file /Contents/VC/Tools/MSVC/14.23.28105/lib/onecore/x64/libconcrtd1.lib to C:\Program Files (x86)\Microsoft Visual Studio\2019\BuildTools\VC\Tools\MSVC\14.23.28105\lib\onecore\x64\libconcrtd1.lib
[1a64:0017][2019-09-25T22:11:33] Timestamp updated for file 'C:\Program Files (x86)\Microsoft Visual Studio\2019\BuildTools\VC\Tools\MSVC\14.23.28105\lib\onecore\x64\libconcrtd1.lib'.
[1a64:0017][2019-09-25T22:11:33] Processing file /Contents/VC/Tools/MSVC/14.23.28105/lib/onecore/x64/libcpmt.amd64.onecore.pdb
[1a64:0017][2019-09-25T22:11:33] Started: Copying file /Contents/VC/Tools/MSVC/14.23.28105/lib/onecore/x64/libcpmt.amd64.onecore.pdb to C:\Program Files (x86)\Microsoft Visual Studio\2019\BuildTools\VC\Tools\MSVC\14.23.28105\lib\onecore\x64\libcpmt.amd64.onecore.pdb
[1a64:0017][2019-09-25T22:11:33] Completed: Copying file /Contents/VC/Tools/MSVC/14.23.28105/lib/onecore/x64/libcpmt.amd64.onecore.pdb to C:\Program Files (x86)\Microsoft Visual Studio\2019\BuildTools\VC\Tools\MSVC\14.23.28105\lib\onecore\x64\libcpmt.amd64.onecore.pdb
[1a64:0017][2019-09-25T22:11:33] Timestamp updated for file 'C:\Program Files (x86)\Microsoft Visual Studio\2019\BuildTools\VC\Tools\MSVC\14.23.28105\lib\onecore\x64\libcpmt.amd64.onecore.pdb'.
[1a64:0017][2019-09-25T22:11:33] Processing file /Contents/VC/Tools/MSVC/14.23.28105/lib/onecore/x64/libcpmt.lib
[1a64:0017][2019-09-25T22:11:33] Started: Copying file /Contents/VC/Tools/MSVC/14.23.28105/lib/onecore/x64/libcpmt.lib to C:\Program Files (x86)\Microsoft Visual Studio\2019\BuildTools\VC\Tools\MSVC\14.23.28105\lib\onecore\x64\libcpmt.lib
[1a64:0017][2019-09-25T22:11:33] Completed: Copying file /Contents/VC/Tools/MSVC/14.23.28105/lib/onecore/x64/libcpmt.lib to C:\Program Files (x86)\Microsoft Visual Studio\2019\BuildTools\VC\Tools\MSVC\14.23.28105\lib\onecore\x64\libcpmt.lib
[1a64:0017][2019-09-25T22:11:33] Timestamp updated for file 'C:\Program Files (x86)\Microsoft Visual Studio\2019\BuildTools\VC\Tools\MSVC\14.23.28105\lib\onecore\x64\libcpmt.lib'.
[1a64:0017][2019-09-25T22:11:33] Processing file /Contents/VC/Tools/MSVC/14.23.28105/lib/onecore/x64/libcpmt1.amd64.onecore.pdb
[1a64:0017][2019-09-25T22:11:33] Started: Copying file /Contents/VC/Tools/MSVC/14.23.28105/lib/onecore/x64/libcpmt1.amd64.onecore.pdb to C:\Program Files (x86)\Microsoft Visual Studio\2019\BuildTools\VC\Tools\MSVC\14.23.28105\lib\onecore\x64\libcpmt1.amd64.onecore.pdb
[1a64:0017][2019-09-25T22:11:33] Completed: Copying file /Contents/VC/Tools/MSVC/14.23.28105/lib/onecore/x64/libcpmt1.amd64.onecore.pdb to C:\Program Files (x86)\Microsoft Visual Studio\2019\BuildTools\VC\Tools\MSVC\14.23.28105\lib\onecore\x64\libcpmt1.amd64.onecore.pdb
[1a64:0017][2019-09-25T22:11:33] Timestamp updated for file 'C:\Program Files (x86)\Microsoft Visual Studio\2019\BuildTools\VC\Tools\MSVC\14.23.28105\lib\onecore\x64\libcpmt1.amd64.onecore.pdb'.
[1a64:0017][2019-09-25T22:11:33] Processing file /Contents/VC/Tools/MSVC/14.23.28105/lib/onecore/x64/libcpmt1.lib
[1a64:0017][2019-09-25T22:11:33] Started: Copying file /Contents/VC/Tools/MSVC/14.23.28105/lib/onecore/x64/libcpmt1.lib to C:\Program Files (x86)\Microsoft Visual Studio\2019\BuildTools\VC\Tools\MSVC\14.23.28105\lib\onecore\x64\libcpmt1.lib
[1a64:0017][2019-09-25T22:11:34] Completed: Copying file /Contents/VC/Tools/MSVC/14.23.28105/lib/onecore/x64/libcpmt1.lib to C:\Program Files (x86)\Microsoft Visual Studio\2019\BuildTools\VC\Tools\MSVC\14.23.28105\lib\onecore\x64\libcpmt1.lib
[1a64:0017][2019-09-25T22:11:34] Timestamp updated for file 'C:\Program Files (x86)\Microsoft Visual Studio\2019\BuildTools\VC\Tools\MSVC\14.23.28105\lib\onecore\x64\libcpmt1.lib'.
[1a64:0017][2019-09-25T22:11:34] Processing file /Contents/VC/Tools/MSVC/14.23.28105/lib/onecore/x64/libcpmtd.amd64.onecore.pdb
[1a64:0017][2019-09-25T22:11:34] Started: Copying file /Contents/VC/Tools/MSVC/14.23.28105/lib/onecore/x64/libcpmtd.amd64.onecore.pdb to C:\Program Files (x86)\Microsoft Visual Studio\2019\BuildTools\VC\Tools\MSVC\14.23.28105\lib\onecore\x64\libcpmtd.amd64.onecore.pdb
[1a64:0017][2019-09-25T22:11:34] Completed: Copying file /Contents/VC/Tools/MSVC/14.23.28105/lib/onecore/x64/libcpmtd.amd64.onecore.pdb to C:\Program Files (x86)\Microsoft Visual Studio\2019\BuildTools\VC\Tools\MSVC\14.23.28105\lib\onecore\x64\libcpmtd.amd64.onecore.pdb
[1a64:0017][2019-09-25T22:11:34] Timestamp updated for file 'C:\Program Files (x86)\Microsoft Visual Studio\2019\BuildTools\VC\Tools\MSVC\14.23.28105\lib\onecore\x64\libcpmtd.amd64.onecore.pdb'.
[1a64:0017][2019-09-25T22:11:34] Processing file /Contents/VC/Tools/MSVC/14.23.28105/lib/onecore/x64/libcpmtd.lib
[1a64:0017][2019-09-25T22:11:34] Started: Copying file /Contents/VC/Tools/MSVC/14.23.28105/lib/onecore/x64/libcpmtd.lib to C:\Program Files (x86)\Microsoft Visual Studio\2019\BuildTools\VC\Tools\MSVC\14.23.28105\lib\onecore\x64\libcpmtd.lib
[1a64:0017][2019-09-25T22:11:34] Completed: Copying file /Contents/VC/Tools/MSVC/14.23.28105/lib/onecore/x64/libcpmtd.lib to C:\Program Files (x86)\Microsoft Visual Studio\2019\BuildTools\VC\Tools\MSVC\14.23.28105\lib\onecore\x64\libcpmtd.lib
[1a64:0017][2019-09-25T22:11:34] Timestamp updated for file 'C:\Program Files (x86)\Microsoft Visual Studio\2019\BuildTools\VC\Tools\MSVC\14.23.28105\lib\onecore\x64\libcpmtd.lib'.
[1a64:0017][2019-09-25T22:11:34] Processing file /Contents/VC/Tools/MSVC/14.23.28105/lib/onecore/x64/libcpmtd0.amd64.onecore.pdb
[1a64:0017][2019-09-25T22:11:34] Started: Copying file /Contents/VC/Tools/MSVC/14.23.28105/lib/onecore/x64/libcpmtd0.amd64.onecore.pdb to C:\Program Files (x86)\Microsoft Visual Studio\2019\BuildTools\VC\Tools\MSVC\14.23.28105\lib\onecore\x64\libcpmtd0.amd64.onecore.pdb
[1a64:0017][2019-09-25T22:11:34] Completed: Copying file /Contents/VC/Tools/MSVC/14.23.28105/lib/onecore/x64/libcpmtd0.amd64.onecore.pdb to C:\Program Files (x86)\Microsoft Visual Studio\2019\BuildTools\VC\Tools\MSVC\14.23.28105\lib\onecore\x64\libcpmtd0.amd64.onecore.pdb
[1a64:0017][2019-09-25T22:11:34] Timestamp updated for file 'C:\Program Files (x86)\Microsoft Visual Studio\2019\BuildTools\VC\Tools\MSVC\14.23.28105\lib\onecore\x64\libcpmtd0.amd64.onecore.pdb'.
[1a64:0017][2019-09-25T22:11:34] Processing file /Contents/VC/Tools/MSVC/14.23.28105/lib/onecore/x64/libcpmtd0.lib
[1a64:0017][2019-09-25T22:11:34] Started: Copying file /Contents/VC/Tools/MSVC/14.23.28105/lib/onecore/x64/libcpmtd0.lib to C:\Program Files (x86)\Microsoft Visual Studio\2019\BuildTools\VC\Tools\MSVC\14.23.28105\lib\onecore\x64\libcpmtd0.lib
[1a64:0017][2019-09-25T22:11:34] Completed: Copying file /Contents/VC/Tools/MSVC/14.23.28105/lib/onecore/x64/libcpmtd0.lib to C:\Program Files (x86)\Microsoft Visual Studio\2019\BuildTools\VC\Tools\MSVC\14.23.28105\lib\onecore\x64\libcpmtd0.lib
[1a64:0017][2019-09-25T22:11:34] Timestamp updated for file 'C:\Program Files (x86)\Microsoft Visual Studio\2019\BuildTools\VC\Tools\MSVC\14.23.28105\lib\onecore\x64\libcpmtd0.lib'.
[1a64:0017][2019-09-25T22:11:34] Processing file /Contents/VC/Tools/MSVC/14.23.28105/lib/onecore/x64/libcpmtd1.amd64.onecore.pdb
[1a64:0017][2019-09-25T22:11:34] Started: Copying file /Contents/VC/Tools/MSVC/14.23.28105/lib/onecore/x64/libcpmtd1.amd64.onecore.pdb to C:\Program Files (x86)\Microsoft Visual Studio\2019\BuildTools\VC\Tools\MSVC\14.23.28105\lib\onecore\x64\libcpmtd1.amd64.onecore.pdb
[1a64:0017][2019-09-25T22:11:34] Completed: Copying file /Contents/VC/Tools/MSVC/14.23.28105/lib/onecore/x64/libcpmtd1.amd64.onecore.pdb to C:\Program Files (x86)\Microsoft Visual Studio\2019\BuildTools\VC\Tools\MSVC\14.23.28105\lib\onecore\x64\libcpmtd1.amd64.onecore.pdb
[1a64:0017][2019-09-25T22:11:34] Timestamp updated for file 'C:\Program Files (x86)\Microsoft Visual Studio\2019\BuildTools\VC\Tools\MSVC\14.23.28105\lib\onecore\x64\libcpmtd1.amd64.onecore.pdb'.
[1a64:0017][2019-09-25T22:11:34] Processing file /Contents/VC/Tools/MSVC/14.23.28105/lib/onecore/x64/libcpmtd1.lib
[1a64:0017][2019-09-25T22:11:34] Started: Copying file /Contents/VC/Tools/MSVC/14.23.28105/lib/onecore/x64/libcpmtd1.lib to C:\Program Files (x86)\Microsoft Visual Studio\2019\BuildTools\VC\Tools\MSVC\14.23.28105\lib\onecore\x64\libcpmtd1.lib
[1a64:0017][2019-09-25T22:11:34] Completed: Copying file /Contents/VC/Tools/MSVC/14.23.28105/lib/onecore/x64/libcpmtd1.lib to C:\Program Files (x86)\Microsoft Visual Studio\2019\BuildTools\VC\Tools\MSVC\14.23.28105\lib\onecore\x64\libcpmtd1.lib
[1a64:0017][2019-09-25T22:11:34] Timestamp updated for file 'C:\Program Files (x86)\Microsoft Visual Studio\2019\BuildTools\VC\Tools\MSVC\14.23.28105\lib\onecore\x64\libcpmtd1.lib'.
[1a64:0017][2019-09-25T22:11:34] Processing file /Contents/VC/Tools/MSVC/14.23.28105/lib/onecore/x64/libvcruntime.amd64.onecore.pdb
[1a64:0017][2019-09-25T22:11:34] Started: Copying file /Contents/VC/Tools/MSVC/14.23.28105/lib/onecore/x64/libvcruntime.amd64.onecore.pdb to C:\Program Files (x86)\Microsoft Visual Studio\2019\BuildTools\VC\Tools\MSVC\14.23.28105\lib\onecore\x64\libvcruntime.amd64.onecore.pdb
[1a64:0017][2019-09-25T22:11:34] Completed: Copying file /Contents/VC/Tools/MSVC/14.23.28105/lib/onecore/x64/libvcruntime.amd64.onecore.pdb to C:\Program Files (x86)\Microsoft Visual Studio\2019\BuildTools\VC\Tools\MSVC\14.23.28105\lib\onecore\x64\libvcruntime.amd64.onecore.pdb
[1a64:0017][2019-09-25T22:11:34] Timestamp updated for file 'C:\Program Files (x86)\Microsoft Visual Studio\2019\BuildTools\VC\Tools\MSVC\14.23.28105\lib\onecore\x64\libvcruntime.amd64.onecore.pdb'.
[1a64:0017][2019-09-25T22:11:34] Processing file /Contents/VC/Tools/MSVC/14.23.28105/lib/onecore/x64/libvcruntime.lib
[1a64:0017][2019-09-25T22:11:34] Started: Copying file /Contents/VC/Tools/MSVC/14.23.28105/lib/onecore/x64/libvcruntime.lib to C:\Program Files (x86)\Microsoft Visual Studio\2019\BuildTools\VC\Tools\MSVC\14.23.28105\lib\onecore\x64\libvcruntime.lib
[1a64:0017][2019-09-25T22:11:34] Completed: Copying file /Contents/VC/Tools/MSVC/14.23.28105/lib/onecore/x64/libvcruntime.lib to C:\Program Files (x86)\Microsoft Visual Studio\2019\BuildTools\VC\Tools\MSVC\14.23.28105\lib\onecore\x64\libvcruntime.lib
[1a64:0017][2019-09-25T22:11:34] Timestamp updated for file 'C:\Program Files (x86)\Microsoft Visual Studio\2019\BuildTools\VC\Tools\MSVC\14.23.28105\lib\onecore\x64\libvcruntime.lib'.
[1a64:0017][2019-09-25T22:11:34] Processing file /Contents/VC/Tools/MSVC/14.23.28105/lib/onecore/x64/libvcruntimed.amd64.onecore.pdb
[1a64:0017][2019-09-25T22:11:34] Started: Copying file /Contents/VC/Tools/MSVC/14.23.28105/lib/onecore/x64/libvcruntimed.amd64.onecore.pdb to C:\Program Files (x86)\Microsoft Visual Studio\2019\BuildTools\VC\Tools\MSVC\14.23.28105\lib\onecore\x64\libvcruntimed.amd64.onecore.pdb
[1a64:0017][2019-09-25T22:11:34] Completed: Copying file /Contents/VC/Tools/MSVC/14.23.28105/lib/onecore/x64/libvcruntimed.amd64.onecore.pdb to C:\Program Files (x86)\Microsoft Visual Studio\2019\BuildTools\VC\Tools\MSVC\14.23.28105\lib\onecore\x64\libvcruntimed.amd64.onecore.pdb
[1a64:0017][2019-09-25T22:11:34] Timestamp updated for file 'C:\Program Files (x86)\Microsoft Visual Studio\2019\BuildTools\VC\Tools\MSVC\14.23.28105\lib\onecore\x64\libvcruntimed.amd64.onecore.pdb'.
[1a64:0017][2019-09-25T22:11:34] Processing file /Contents/VC/Tools/MSVC/14.23.28105/lib/onecore/x64/libvcruntimed.lib
[1a64:0017][2019-09-25T22:11:34] Started: Copying file /Contents/VC/Tools/MSVC/14.23.28105/lib/onecore/x64/libvcruntimed.lib to C:\Program Files (x86)\Microsoft Visual Studio\2019\BuildTools\VC\Tools\MSVC\14.23.28105\lib\onecore\x64\libvcruntimed.lib
[1a64:0017][2019-09-25T22:11:34] Completed: Copying file /Contents/VC/Tools/MSVC/14.23.28105/lib/onecore/x64/libvcruntimed.lib to C:\Program Files (x86)\Microsoft Visual Studio\2019\BuildTools\VC\Tools\MSVC\14.23.28105\lib\onecore\x64\libvcruntimed.lib
[1a64:0017][2019-09-25T22:11:34] Timestamp updated for file 'C:\Program Files (x86)\Microsoft Visual Studio\2019\BuildTools\VC\Tools\MSVC\14.23.28105\lib\onecore\x64\libvcruntimed.lib'.
[1a64:0017][2019-09-25T22:11:34] Processing file /Contents/VC/Tools/MSVC/14.23.28105/lib/onecore/x64/msdia140.lib
[1a64:0017][2019-09-25T22:11:34] Started: Copying file /Contents/VC/Tools/MSVC/14.23.28105/lib/onecore/x64/msdia140.lib to C:\Program Files (x86)\Microsoft Visual Studio\2019\BuildTools\VC\Tools\MSVC\14.23.28105\lib\onecore\x64\msdia140.lib
[1a64:0017][2019-09-25T22:11:34] Completed: Copying file /Contents/VC/Tools/MSVC/14.23.28105/lib/onecore/x64/msdia140.lib to C:\Program Files (x86)\Microsoft Visual Studio\2019\BuildTools\VC\Tools\MSVC\14.23.28105\lib\onecore\x64\msdia140.lib
[1a64:0017][2019-09-25T22:11:34] Timestamp updated for file 'C:\Program Files (x86)\Microsoft Visual Studio\2019\BuildTools\VC\Tools\MSVC\14.23.28105\lib\onecore\x64\msdia140.lib'.
[1a64:0017][2019-09-25T22:11:34] Processing file /Contents/VC/Tools/MSVC/14.23.28105/lib/onecore/x64/msobj140-msvcrt.lib
[1a64:0017][2019-09-25T22:11:34] Started: Copying file /Contents/VC/Tools/MSVC/14.23.28105/lib/onecore/x64/msobj140-msvcrt.lib to C:\Program Files (x86)\Microsoft Visual Studio\2019\BuildTools\VC\Tools\MSVC\14.23.28105\lib\onecore\x64\msobj140-msvcrt.lib
[1a64:0017][2019-09-25T22:11:34] Completed: Copying file /Contents/VC/Tools/MSVC/14.23.28105/lib/onecore/x64/msobj140-msvcrt.lib to C:\Program Files (x86)\Microsoft Visual Studio\2019\BuildTools\VC\Tools\MSVC\14.23.28105\lib\onecore\x64\msobj140-msvcrt.lib
[1a64:0017][2019-09-25T22:11:34] Timestamp updated for file 'C:\Program Files (x86)\Microsoft Visual Studio\2019\BuildTools\VC\Tools\MSVC\14.23.28105\lib\onecore\x64\msobj140-msvcrt.lib'.
[1a64:0017][2019-09-25T22:11:34] Processing file /Contents/VC/Tools/MSVC/14.23.28105/lib/onecore/x64/mspdb140-msvcrt.lib
[1a64:0017][2019-09-25T22:11:34] Started: Copying file /Contents/VC/Tools/MSVC/14.23.28105/lib/onecore/x64/mspdb140-msvcrt.lib to C:\Program Files (x86)\Microsoft Visual Studio\2019\BuildTools\VC\Tools\MSVC\14.23.28105\lib\onecore\x64\mspdb140-msvcrt.lib
[1a64:0017][2019-09-25T22:11:35] Completed: Copying file /Contents/VC/Tools/MSVC/14.23.28105/lib/onecore/x64/mspdb140-msvcrt.lib to C:\Program Files (x86)\Microsoft Visual Studio\2019\BuildTools\VC\Tools\MSVC\14.23.28105\lib\onecore\x64\mspdb140-msvcrt.lib
[1a64:0017][2019-09-25T22:11:35] Timestamp updated for file 'C:\Program Files (x86)\Microsoft Visual Studio\2019\BuildTools\VC\Tools\MSVC\14.23.28105\lib\onecore\x64\mspdb140-msvcrt.lib'.
[1a64:0017][2019-09-25T22:11:35] Processing file /Contents/VC/Tools/MSVC/14.23.28105/lib/onecore/x64/msvcprt.lib
[1a64:0017][2019-09-25T22:11:35] Started: Copying file /Contents/VC/Tools/MSVC/14.23.28105/lib/onecore/x64/msvcprt.lib to C:\Program Files (x86)\Microsoft Visual Studio\2019\BuildTools\VC\Tools\MSVC\14.23.28105\lib\onecore\x64\msvcprt.lib
[1a64:0017][2019-09-25T22:11:35] Completed: Copying file /Contents/VC/Tools/MSVC/14.23.28105/lib/onecore/x64/msvcprt.lib to C:\Program Files (x86)\Microsoft Visual Studio\2019\BuildTools\VC\Tools\MSVC\14.23.28105\lib\onecore\x64\msvcprt.lib
[1a64:0017][2019-09-25T22:11:35] Timestamp updated for file 'C:\Program Files (x86)\Microsoft Visual Studio\2019\BuildTools\VC\Tools\MSVC\14.23.28105\lib\onecore\x64\msvcprt.lib'.
[1a64:0017][2019-09-25T22:11:35] Processing file /Contents/VC/Tools/MSVC/14.23.28105/lib/onecore/x64/msvcprtd.lib
[1a64:0017][2019-09-25T22:11:35] Started: Copying file /Contents/VC/Tools/MSVC/14.23.28105/lib/onecore/x64/msvcprtd.lib to C:\Program Files (x86)\Microsoft Visual Studio\2019\BuildTools\VC\Tools\MSVC\14.23.28105\lib\onecore\x64\msvcprtd.lib
[1a64:0017][2019-09-25T22:11:35] Completed: Copying file /Contents/VC/Tools/MSVC/14.23.28105/lib/onecore/x64/msvcprtd.lib to C:\Program Files (x86)\Microsoft Visual Studio\2019\BuildTools\VC\Tools\MSVC\14.23.28105\lib\onecore\x64\msvcprtd.lib
[1a64:0017][2019-09-25T22:11:35] Timestamp updated for file 'C:\Program Files (x86)\Microsoft Visual Studio\2019\BuildTools\VC\Tools\MSVC\14.23.28105\lib\onecore\x64\msvcprtd.lib'.
[1a64:0017][2019-09-25T22:11:35] Processing file /Contents/VC/Tools/MSVC/14.23.28105/lib/onecore/x64/msvcrt.lib
[1a64:0017][2019-09-25T22:11:35] Started: Copying file /Contents/VC/Tools/MSVC/14.23.28105/lib/onecore/x64/msvcrt.lib to C:\Program Files (x86)\Microsoft Visual Studio\2019\BuildTools\VC\Tools\MSVC\14.23.28105\lib\onecore\x64\msvcrt.lib
[1a64:0017][2019-09-25T22:11:35] Completed: Copying file /Contents/VC/Tools/MSVC/14.23.28105/lib/onecore/x64/msvcrt.lib to C:\Program Files (x86)\Microsoft Visual Studio\2019\BuildTools\VC\Tools\MSVC\14.23.28105\lib\onecore\x64\msvcrt.lib
[1a64:0017][2019-09-25T22:11:35] Timestamp updated for file 'C:\Program Files (x86)\Microsoft Visual Studio\2019\BuildTools\VC\Tools\MSVC\14.23.28105\lib\onecore\x64\msvcrt.lib'.
[1a64:0017][2019-09-25T22:11:35] Processing file /Contents/VC/Tools/MSVC/14.23.28105/lib/onecore/x64/msvcrtd.lib
[1a64:0017][2019-09-25T22:11:35] Started: Copying file /Contents/VC/Tools/MSVC/14.23.28105/lib/onecore/x64/msvcrtd.lib to C:\Program Files (x86)\Microsoft Visual Studio\2019\BuildTools\VC\Tools\MSVC\14.23.28105\lib\onecore\x64\msvcrtd.lib
[1a64:0017][2019-09-25T22:11:35] Completed: Copying file /Contents/VC/Tools/MSVC/14.23.28105/lib/onecore/x64/msvcrtd.lib to C:\Program Files (x86)\Microsoft Visual Studio\2019\BuildTools\VC\Tools\MSVC\14.23.28105\lib\onecore\x64\msvcrtd.lib
[1a64:0017][2019-09-25T22:11:35] Timestamp updated for file 'C:\Program Files (x86)\Microsoft Visual Studio\2019\BuildTools\VC\Tools\MSVC\14.23.28105\lib\onecore\x64\msvcrtd.lib'.
[1a64:0017][2019-09-25T22:11:35] Processing file /Contents/VC/Tools/MSVC/14.23.28105/lib/onecore/x64/oldnames.lib
[1a64:0017][2019-09-25T22:11:35] Started: Copying file /Contents/VC/Tools/MSVC/14.23.28105/lib/onecore/x64/oldnames.lib to C:\Program Files (x86)\Microsoft Visual Studio\2019\BuildTools\VC\Tools\MSVC\14.23.28105\lib\onecore\x64\oldnames.lib
[1a64:0017][2019-09-25T22:11:35] Completed: Copying file /Contents/VC/Tools/MSVC/14.23.28105/lib/onecore/x64/oldnames.lib to C:\Program Files (x86)\Microsoft Visual Studio\2019\BuildTools\VC\Tools\MSVC\14.23.28105\lib\onecore\x64\oldnames.lib
[1a64:0017][2019-09-25T22:11:35] Timestamp updated for file 'C:\Program Files (x86)\Microsoft Visual Studio\2019\BuildTools\VC\Tools\MSVC\14.23.28105\lib\onecore\x64\oldnames.lib'.
[1a64:0017][2019-09-25T22:11:35] Processing file /Contents/VC/Tools/MSVC/14.23.28105/lib/onecore/x64/pgocr.lib
[1a64:0017][2019-09-25T22:11:35] Started: Copying file /Contents/VC/Tools/MSVC/14.23.28105/lib/onecore/x64/pgocr.lib to C:\Program Files (x86)\Microsoft Visual Studio\2019\BuildTools\VC\Tools\MSVC\14.23.28105\lib\onecore\x64\pgocr.lib
[1a64:0017][2019-09-25T22:11:35] Completed: Copying file /Contents/VC/Tools/MSVC/14.23.28105/lib/onecore/x64/pgocr.lib to C:\Program Files (x86)\Microsoft Visual Studio\2019\BuildTools\VC\Tools\MSVC\14.23.28105\lib\onecore\x64\pgocr.lib
[1a64:0017][2019-09-25T22:11:35] Timestamp updated for file 'C:\Program Files (x86)\Microsoft Visual Studio\2019\BuildTools\VC\Tools\MSVC\14.23.28105\lib\onecore\x64\pgocr.lib'.
[1a64:0017][2019-09-25T22:11:35] Processing file /Contents/VC/Tools/MSVC/14.23.28105/lib/onecore/x64/pgocrk.lib
[1a64:0017][2019-09-25T22:11:35] Started: Copying file /Contents/VC/Tools/MSVC/14.23.28105/lib/onecore/x64/pgocrk.lib to C:\Program Files (x86)\Microsoft Visual Studio\2019\BuildTools\VC\Tools\MSVC\14.23.28105\lib\onecore\x64\pgocrk.lib
[1a64:0017][2019-09-25T22:11:35] Completed: Copying file /Contents/VC/Tools/MSVC/14.23.28105/lib/onecore/x64/pgocrk.lib to C:\Program Files (x86)\Microsoft Visual Studio\2019\BuildTools\VC\Tools\MSVC\14.23.28105\lib\onecore\x64\pgocrk.lib
[1a64:0017][2019-09-25T22:11:35] Timestamp updated for file 'C:\Program Files (x86)\Microsoft Visual Studio\2019\BuildTools\VC\Tools\MSVC\14.23.28105\lib\onecore\x64\pgocrk.lib'.
[1a64:0017][2019-09-25T22:11:35] Processing file /Contents/VC/Tools/MSVC/14.23.28105/lib/onecore/x64/pgortsys.lib
[1a64:0017][2019-09-25T22:11:35] Started: Copying file /Contents/VC/Tools/MSVC/14.23.28105/lib/onecore/x64/pgortsys.lib to C:\Program Files (x86)\Microsoft Visual Studio\2019\BuildTools\VC\Tools\MSVC\14.23.28105\lib\onecore\x64\pgortsys.lib
[1a64:0017][2019-09-25T22:11:35] Completed: Copying file /Contents/VC/Tools/MSVC/14.23.28105/lib/onecore/x64/pgortsys.lib to C:\Program Files (x86)\Microsoft Visual Studio\2019\BuildTools\VC\Tools\MSVC\14.23.28105\lib\onecore\x64\pgortsys.lib
[1a64:0017][2019-09-25T22:11:35] Timestamp updated for file 'C:\Program Files (x86)\Microsoft Visual Studio\2019\BuildTools\VC\Tools\MSVC\14.23.28105\lib\onecore\x64\pgortsys.lib'.
[1a64:0017][2019-09-25T22:11:35] Processing file /Contents/VC/Tools/MSVC/14.23.28105/lib/onecore/x64/pgosweepsysapi.lib
[1a64:0017][2019-09-25T22:11:35] Started: Copying file /Contents/VC/Tools/MSVC/14.23.28105/lib/onecore/x64/pgosweepsysapi.lib to C:\Program Files (x86)\Microsoft Visual Studio\2019\BuildTools\VC\Tools\MSVC\14.23.28105\lib\onecore\x64\pgosweepsysapi.lib
[1a64:0017][2019-09-25T22:11:35] Completed: Copying file /Contents/VC/Tools/MSVC/14.23.28105/lib/onecore/x64/pgosweepsysapi.lib to C:\Program Files (x86)\Microsoft Visual Studio\2019\BuildTools\VC\Tools\MSVC\14.23.28105\lib\onecore\x64\pgosweepsysapi.lib
[1a64:0017][2019-09-25T22:11:35] Timestamp updated for file 'C:\Program Files (x86)\Microsoft Visual Studio\2019\BuildTools\VC\Tools\MSVC\14.23.28105\lib\onecore\x64\pgosweepsysapi.lib'.
[1a64:0017][2019-09-25T22:11:35] Processing file /Contents/VC/Tools/MSVC/14.23.28105/lib/onecore/x64/vccorlib.lib
[1a64:0017][2019-09-25T22:11:35] Started: Copying file /Contents/VC/Tools/MSVC/14.23.28105/lib/onecore/x64/vccorlib.lib to C:\Program Files (x86)\Microsoft Visual Studio\2019\BuildTools\VC\Tools\MSVC\14.23.28105\lib\onecore\x64\vccorlib.lib
[1a64:0017][2019-09-25T22:11:35] Completed: Copying file /Contents/VC/Tools/MSVC/14.23.28105/lib/onecore/x64/vccorlib.lib to C:\Program Files (x86)\Microsoft Visual Studio\2019\BuildTools\VC\Tools\MSVC\14.23.28105\lib\onecore\x64\vccorlib.lib
[1a64:0017][2019-09-25T22:11:35] Timestamp updated for file 'C:\Program Files (x86)\Microsoft Visual Studio\2019\BuildTools\VC\Tools\MSVC\14.23.28105\lib\onecore\x64\vccorlib.lib'.
[1a64:0017][2019-09-25T22:11:35] Processing file /Contents/VC/Tools/MSVC/14.23.28105/lib/onecore/x64/vccorlibd.lib
[1a64:0017][2019-09-25T22:11:35] Started: Copying file /Contents/VC/Tools/MSVC/14.23.28105/lib/onecore/x64/vccorlibd.lib to C:\Program Files (x86)\Microsoft Visual Studio\2019\BuildTools\VC\Tools\MSVC\14.23.28105\lib\onecore\x64\vccorlibd.lib
[1a64:0017][2019-09-25T22:11:35] Completed: Copying file /Contents/VC/Tools/MSVC/14.23.28105/lib/onecore/x64/vccorlibd.lib to C:\Program Files (x86)\Microsoft Visual Studio\2019\BuildTools\VC\Tools\MSVC\14.23.28105\lib\onecore\x64\vccorlibd.lib
[1a64:0017][2019-09-25T22:11:35] Timestamp updated for file 'C:\Program Files (x86)\Microsoft Visual Studio\2019\BuildTools\VC\Tools\MSVC\14.23.28105\lib\onecore\x64\vccorlibd.lib'.
[1a64:0017][2019-09-25T22:11:35] Processing file /Contents/VC/Tools/MSVC/14.23.28105/lib/onecore/x64/vcomp.lib
[1a64:0017][2019-09-25T22:11:35] Started: Copying file /Contents/VC/Tools/MSVC/14.23.28105/lib/onecore/x64/vcomp.lib to C:\Program Files (x86)\Microsoft Visual Studio\2019\BuildTools\VC\Tools\MSVC\14.23.28105\lib\onecore\x64\vcomp.lib
[1a64:0017][2019-09-25T22:11:35] Completed: Copying file /Contents/VC/Tools/MSVC/14.23.28105/lib/onecore/x64/vcomp.lib to C:\Program Files (x86)\Microsoft Visual Studio\2019\BuildTools\VC\Tools\MSVC\14.23.28105\lib\onecore\x64\vcomp.lib
[1a64:0017][2019-09-25T22:11:35] Timestamp updated for file 'C:\Program Files (x86)\Microsoft Visual Studio\2019\BuildTools\VC\Tools\MSVC\14.23.28105\lib\onecore\x64\vcomp.lib'.
[1a64:0017][2019-09-25T22:11:35] Processing file /Contents/VC/Tools/MSVC/14.23.28105/lib/onecore/x64/vcompd.lib
[1a64:0017][2019-09-25T22:11:35] Started: Copying file /Contents/VC/Tools/MSVC/14.23.28105/lib/onecore/x64/vcompd.lib to C:\Program Files (x86)\Microsoft Visual Studio\2019\BuildTools\VC\Tools\MSVC\14.23.28105\lib\onecore\x64\vcompd.lib
[1a64:0017][2019-09-25T22:11:35] Completed: Copying file /Contents/VC/Tools/MSVC/14.23.28105/lib/onecore/x64/vcompd.lib to C:\Program Files (x86)\Microsoft Visual Studio\2019\BuildTools\VC\Tools\MSVC\14.23.28105\lib\onecore\x64\vcompd.lib
[1a64:0017][2019-09-25T22:11:35] Timestamp updated for file 'C:\Program Files (x86)\Microsoft Visual Studio\2019\BuildTools\VC\Tools\MSVC\14.23.28105\lib\onecore\x64\vcompd.lib'.
[1a64:0017][2019-09-25T22:11:35] Processing file /Contents/VC/Tools/MSVC/14.23.28105/lib/onecore/x64/vcruntime.lib
[1a64:0017][2019-09-25T22:11:35] Started: Copying file /Contents/VC/Tools/MSVC/14.23.28105/lib/onecore/x64/vcruntime.lib to C:\Program Files (x86)\Microsoft Visual Studio\2019\BuildTools\VC\Tools\MSVC\14.23.28105\lib\onecore\x64\vcruntime.lib
[1a64:0017][2019-09-25T22:11:35] Completed: Copying file /Contents/VC/Tools/MSVC/14.23.28105/lib/onecore/x64/vcruntime.lib to C:\Program Files (x86)\Microsoft Visual Studio\2019\BuildTools\VC\Tools\MSVC\14.23.28105\lib\onecore\x64\vcruntime.lib
[1a64:0017][2019-09-25T22:11:35] Timestamp updated for file 'C:\Program Files (x86)\Microsoft Visual Studio\2019\BuildTools\VC\Tools\MSVC\14.23.28105\lib\onecore\x64\vcruntime.lib'.
[1a64:0017][2019-09-25T22:11:35] Processing file /Contents/VC/Tools/MSVC/14.23.28105/lib/onecore/x64/vcruntimed.lib
[1a64:0017][2019-09-25T22:11:35] Started: Copying file /Contents/VC/Tools/MSVC/14.23.28105/lib/onecore/x64/vcruntimed.lib to C:\Program Files (x86)\Microsoft Visual Studio\2019\BuildTools\VC\Tools\MSVC\14.23.28105\lib\onecore\x64\vcruntimed.lib
[1a64:0017][2019-09-25T22:11:35] Completed: Copying file /Contents/VC/Tools/MSVC/14.23.28105/lib/onecore/x64/vcruntimed.lib to C:\Program Files (x86)\Microsoft Visual Studio\2019\BuildTools\VC\Tools\MSVC\14.23.28105\lib\onecore\x64\vcruntimed.lib
[1a64:0017][2019-09-25T22:11:35] Timestamp updated for file 'C:\Program Files (x86)\Microsoft Visual Studio\2019\BuildTools\VC\Tools\MSVC\14.23.28105\lib\onecore\x64\vcruntimed.lib'.
[1a64:0017][2019-09-25T22:11:35] Package executed successfully. Return code: 0
