[1a64:0017][2019-09-25T22:11:23] Opening the package for processing
[1a64:0017][2019-09-25T22:11:23] Using package payload to get the embedded manifest
[1a64:0017][2019-09-25T22:11:23] Getting list of files within the package
[1a64:0017][2019-09-25T22:11:23] Processing file /Contents/SDK/Bootstrapper/Packages/vcredist_x64/product.xml
[1a64:0017][2019-09-25T22:11:23] Started: Copying file /Contents/SDK/Bootstrapper/Packages/vcredist_x64/product.xml to C:\Program Files (x86)\Microsoft Visual Studio\2019\BuildTools\SDK\Bootstrapper\Packages\vcredist_x64\product.xml
[1a64:0017][2019-09-25T22:11:23] Completed: Copying file /Contents/SDK/Bootstrapper/Packages/vcredist_x64/product.xml to C:\Program Files (x86)\Microsoft Visual Studio\2019\BuildTools\SDK\Bootstrapper\Packages\vcredist_x64\product.xml
[1a64:0017][2019-09-25T22:11:23] Timestamp updated for file 'C:\Program Files (x86)\Microsoft Visual Studio\2019\BuildTools\SDK\Bootstrapper\Packages\vcredist_x64\product.xml'.
[1a64:0017][2019-09-25T22:11:23] Processing file /Contents/VC/Redist/MSVC/14.23.27820/debug_nonredist/x64/Microsoft.VC142.DebugCRT/concrt140d.dll
[1a64:0017][2019-09-25T22:11:23] Started: Copying file /Contents/VC/Redist/MSVC/14.23.27820/debug_nonredist/x64/Microsoft.VC142.DebugCRT/concrt140d.dll to C:\Program Files (x86)\Microsoft Visual Studio\2019\BuildTools\VC\Redist\MSVC\14.23.27820\debug_nonredist\x64\Microsoft.VC142.DebugCRT\concrt140d.dll
[1a64:0017][2019-09-25T22:11:23] Completed: Copying file /Contents/VC/Redist/MSVC/14.23.27820/debug_nonredist/x64/Microsoft.VC142.DebugCRT/concrt140d.dll to C:\Program Files (x86)\Microsoft Visual Studio\2019\BuildTools\VC\Redist\MSVC\14.23.27820\debug_nonredist\x64\Microsoft.VC142.DebugCRT\concrt140d.dll
[1a64:0017][2019-09-25T22:11:23] Timestamp updated for file 'C:\Program Files (x86)\Microsoft Visual Studio\2019\BuildTools\VC\Redist\MSVC\14.23.27820\debug_nonredist\x64\Microsoft.VC142.DebugCRT\concrt140d.dll'.
[1a64:0017][2019-09-25T22:11:23] Processing file /Contents/VC/Redist/MSVC/14.23.27820/debug_nonredist/x64/Microsoft.VC142.DebugCRT/msvcp140d.dll
[1a64:0017][2019-09-25T22:11:23] Started: Copying file /Contents/VC/Redist/MSVC/14.23.27820/debug_nonredist/x64/Microsoft.VC142.DebugCRT/msvcp140d.dll to C:\Program Files (x86)\Microsoft Visual Studio\2019\BuildTools\VC\Redist\MSVC\14.23.27820\debug_nonredist\x64\Microsoft.VC142.DebugCRT\msvcp140d.dll
[1a64:0017][2019-09-25T22:11:23] Completed: Copying file /Contents/VC/Redist/MSVC/14.23.27820/debug_nonredist/x64/Microsoft.VC142.DebugCRT/msvcp140d.dll to C:\Program Files (x86)\Microsoft Visual Studio\2019\BuildTools\VC\Redist\MSVC\14.23.27820\debug_nonredist\x64\Microsoft.VC142.DebugCRT\msvcp140d.dll
[1a64:0017][2019-09-25T22:11:23] Timestamp updated for file 'C:\Program Files (x86)\Microsoft Visual Studio\2019\BuildTools\VC\Redist\MSVC\14.23.27820\debug_nonredist\x64\Microsoft.VC142.DebugCRT\msvcp140d.dll'.
[1a64:0017][2019-09-25T22:11:23] Processing file /Contents/VC/Redist/MSVC/14.23.27820/debug_nonredist/x64/Microsoft.VC142.DebugCRT/msvcp140d_codecvt_ids.dll
[1a64:0017][2019-09-25T22:11:23] Started: Copying file /Contents/VC/Redist/MSVC/14.23.27820/debug_nonredist/x64/Microsoft.VC142.DebugCRT/msvcp140d_codecvt_ids.dll to C:\Program Files (x86)\Microsoft Visual Studio\2019\BuildTools\VC\Redist\MSVC\14.23.27820\debug_nonredist\x64\Microsoft.VC142.DebugCRT\msvcp140d_codecvt_ids.dll
[1a64:0017][2019-09-25T22:11:23] Completed: Copying file /Contents/VC/Redist/MSVC/14.23.27820/debug_nonredist/x64/Microsoft.VC142.DebugCRT/msvcp140d_codecvt_ids.dll to C:\Program Files (x86)\Microsoft Visual Studio\2019\BuildTools\VC\Redist\MSVC\14.23.27820\debug_nonredist\x64\Microsoft.VC142.DebugCRT\msvcp140d_codecvt_ids.dll
[1a64:0017][2019-09-25T22:11:23] Timestamp updated for file 'C:\Program Files (x86)\Microsoft Visual Studio\2019\BuildTools\VC\Redist\MSVC\14.23.27820\debug_nonredist\x64\Microsoft.VC142.DebugCRT\msvcp140d_codecvt_ids.dll'.
[1a64:0017][2019-09-25T22:11:23] Processing file /Contents/VC/Redist/MSVC/14.23.27820/debug_nonredist/x64/Microsoft.VC142.DebugCRT/msvcp140_1d.dll
[1a64:0017][2019-09-25T22:11:23] Started: Copying file /Contents/VC/Redist/MSVC/14.23.27820/debug_nonredist/x64/Microsoft.VC142.DebugCRT/msvcp140_1d.dll to C:\Program Files (x86)\Microsoft Visual Studio\2019\BuildTools\VC\Redist\MSVC\14.23.27820\debug_nonredist\x64\Microsoft.VC142.DebugCRT\msvcp140_1d.dll
[1a64:0017][2019-09-25T22:11:23] Completed: Copying file /Contents/VC/Redist/MSVC/14.23.27820/debug_nonredist/x64/Microsoft.VC142.DebugCRT/msvcp140_1d.dll to C:\Program Files (x86)\Microsoft Visual Studio\2019\BuildTools\VC\Redist\MSVC\14.23.27820\debug_nonredist\x64\Microsoft.VC142.DebugCRT\msvcp140_1d.dll
[1a64:0017][2019-09-25T22:11:23] Timestamp updated for file 'C:\Program Files (x86)\Microsoft Visual Studio\2019\BuildTools\VC\Redist\MSVC\14.23.27820\debug_nonredist\x64\Microsoft.VC142.DebugCRT\msvcp140_1d.dll'.
[1a64:0017][2019-09-25T22:11:23] Processing file /Contents/VC/Redist/MSVC/14.23.27820/debug_nonredist/x64/Microsoft.VC142.DebugCRT/msvcp140_2d.dll
[1a64:0017][2019-09-25T22:11:23] Started: Copying file /Contents/VC/Redist/MSVC/14.23.27820/debug_nonredist/x64/Microsoft.VC142.DebugCRT/msvcp140_2d.dll to C:\Program Files (x86)\Microsoft Visual Studio\2019\BuildTools\VC\Redist\MSVC\14.23.27820\debug_nonredist\x64\Microsoft.VC142.DebugCRT\msvcp140_2d.dll
[1a64:0017][2019-09-25T22:11:23] Completed: Copying file /Contents/VC/Redist/MSVC/14.23.27820/debug_nonredist/x64/Microsoft.VC142.DebugCRT/msvcp140_2d.dll to C:\Program Files (x86)\Microsoft Visual Studio\2019\BuildTools\VC\Redist\MSVC\14.23.27820\debug_nonredist\x64\Microsoft.VC142.DebugCRT\msvcp140_2d.dll
[1a64:0017][2019-09-25T22:11:23] Timestamp updated for file 'C:\Program Files (x86)\Microsoft Visual Studio\2019\BuildTools\VC\Redist\MSVC\14.23.27820\debug_nonredist\x64\Microsoft.VC142.DebugCRT\msvcp140_2d.dll'.
[1a64:0017][2019-09-25T22:11:23] Processing file /Contents/VC/Redist/MSVC/14.23.27820/debug_nonredist/x64/Microsoft.VC142.DebugCRT/vccorlib140d.dll
[1a64:0017][2019-09-25T22:11:23] Started: Copying file /Contents/VC/Redist/MSVC/14.23.27820/debug_nonredist/x64/Microsoft.VC142.DebugCRT/vccorlib140d.dll to C:\Program Files (x86)\Microsoft Visual Studio\2019\BuildTools\VC\Redist\MSVC\14.23.27820\debug_nonredist\x64\Microsoft.VC142.DebugCRT\vccorlib140d.dll
[1a64:0017][2019-09-25T22:11:23] Completed: Copying file /Contents/VC/Redist/MSVC/14.23.27820/debug_nonredist/x64/Microsoft.VC142.DebugCRT/vccorlib140d.dll to C:\Program Files (x86)\Microsoft Visual Studio\2019\BuildTools\VC\Redist\MSVC\14.23.27820\debug_nonredist\x64\Microsoft.VC142.DebugCRT\vccorlib140d.dll
[1a64:0017][2019-09-25T22:11:23] Timestamp updated for file 'C:\Program Files (x86)\Microsoft Visual Studio\2019\BuildTools\VC\Redist\MSVC\14.23.27820\debug_nonredist\x64\Microsoft.VC142.DebugCRT\vccorlib140d.dll'.
[1a64:0017][2019-09-25T22:11:23] Processing file /Contents/VC/Redist/MSVC/14.23.27820/debug_nonredist/x64/Microsoft.VC142.DebugCRT/vcruntime140d.dll
[1a64:0017][2019-09-25T22:11:23] Started: Copying file /Contents/VC/Redist/MSVC/14.23.27820/debug_nonredist/x64/Microsoft.VC142.DebugCRT/vcruntime140d.dll to C:\Program Files (x86)\Microsoft Visual Studio\2019\BuildTools\VC\Redist\MSVC\14.23.27820\debug_nonredist\x64\Microsoft.VC142.DebugCRT\vcruntime140d.dll
[1a64:0017][2019-09-25T22:11:23] Completed: Copying file /Contents/VC/Redist/MSVC/14.23.27820/debug_nonredist/x64/Microsoft.VC142.DebugCRT/vcruntime140d.dll to C:\Program Files (x86)\Microsoft Visual Studio\2019\BuildTools\VC\Redist\MSVC\14.23.27820\debug_nonredist\x64\Microsoft.VC142.DebugCRT\vcruntime140d.dll
[1a64:0017][2019-09-25T22:11:23] Timestamp updated for file 'C:\Program Files (x86)\Microsoft Visual Studio\2019\BuildTools\VC\Redist\MSVC\14.23.27820\debug_nonredist\x64\Microsoft.VC142.DebugCRT\vcruntime140d.dll'.
[1a64:0017][2019-09-25T22:11:23] Processing file /Contents/VC/Redist/MSVC/14.23.27820/debug_nonredist/x64/Microsoft.VC142.DebugCRT/vcruntime140_1d.dll
[1a64:0017][2019-09-25T22:11:23] Started: Copying file /Contents/VC/Redist/MSVC/14.23.27820/debug_nonredist/x64/Microsoft.VC142.DebugCRT/vcruntime140_1d.dll to C:\Program Files (x86)\Microsoft Visual Studio\2019\BuildTools\VC\Redist\MSVC\14.23.27820\debug_nonredist\x64\Microsoft.VC142.DebugCRT\vcruntime140_1d.dll
[1a64:0017][2019-09-25T22:11:23] Completed: Copying file /Contents/VC/Redist/MSVC/14.23.27820/debug_nonredist/x64/Microsoft.VC142.DebugCRT/vcruntime140_1d.dll to C:\Program Files (x86)\Microsoft Visual Studio\2019\BuildTools\VC\Redist\MSVC\14.23.27820\debug_nonredist\x64\Microsoft.VC142.DebugCRT\vcruntime140_1d.dll
[1a64:0017][2019-09-25T22:11:23] Timestamp updated for file 'C:\Program Files (x86)\Microsoft Visual Studio\2019\BuildTools\VC\Redist\MSVC\14.23.27820\debug_nonredist\x64\Microsoft.VC142.DebugCRT\vcruntime140_1d.dll'.
[1a64:0017][2019-09-25T22:11:23] Processing file /Contents/VC/Redist/MSVC/14.23.27820/debug_nonredist/x64/Microsoft.VC142.DebugCXXAMP/vcamp140d.dll
[1a64:0017][2019-09-25T22:11:23] Started: Copying file /Contents/VC/Redist/MSVC/14.23.27820/debug_nonredist/x64/Microsoft.VC142.DebugCXXAMP/vcamp140d.dll to C:\Program Files (x86)\Microsoft Visual Studio\2019\BuildTools\VC\Redist\MSVC\14.23.27820\debug_nonredist\x64\Microsoft.VC142.DebugCXXAMP\vcamp140d.dll
[1a64:0017][2019-09-25T22:11:23] Completed: Copying file /Contents/VC/Redist/MSVC/14.23.27820/debug_nonredist/x64/Microsoft.VC142.DebugCXXAMP/vcamp140d.dll to C:\Program Files (x86)\Microsoft Visual Studio\2019\BuildTools\VC\Redist\MSVC\14.23.27820\debug_nonredist\x64\Microsoft.VC142.DebugCXXAMP\vcamp140d.dll
[1a64:0017][2019-09-25T22:11:23] Timestamp updated for file 'C:\Program Files (x86)\Microsoft Visual Studio\2019\BuildTools\VC\Redist\MSVC\14.23.27820\debug_nonredist\x64\Microsoft.VC142.DebugCXXAMP\vcamp140d.dll'.
[1a64:0017][2019-09-25T22:11:23] Processing file /Contents/VC/Redist/MSVC/14.23.27820/debug_nonredist/x64/Microsoft.VC142.DebugOpenMP/vcomp140d.dll
[1a64:0017][2019-09-25T22:11:23] Started: Copying file /Contents/VC/Redist/MSVC/14.23.27820/debug_nonredist/x64/Microsoft.VC142.DebugOpenMP/vcomp140d.dll to C:\Program Files (x86)\Microsoft Visual Studio\2019\BuildTools\VC\Redist\MSVC\14.23.27820\debug_nonredist\x64\Microsoft.VC142.DebugOpenMP\vcomp140d.dll
[1a64:0017][2019-09-25T22:11:23] Completed: Copying file /Contents/VC/Redist/MSVC/14.23.27820/debug_nonredist/x64/Microsoft.VC142.DebugOpenMP/vcomp140d.dll to C:\Program Files (x86)\Microsoft Visual Studio\2019\BuildTools\VC\Redist\MSVC\14.23.27820\debug_nonredist\x64\Microsoft.VC142.DebugOpenMP\vcomp140d.dll
[1a64:0017][2019-09-25T22:11:23] Timestamp updated for file 'C:\Program Files (x86)\Microsoft Visual Studio\2019\BuildTools\VC\Redist\MSVC\14.23.27820\debug_nonredist\x64\Microsoft.VC142.DebugOpenMP\vcomp140d.dll'.
[1a64:0017][2019-09-25T22:11:23] Processing file /Contents/VC/Redist/MSVC/14.23.27820/vcredist_x64.exe
[1a64:0017][2019-09-25T22:11:23] Started: Copying file /Contents/VC/Redist/MSVC/14.23.27820/vcredist_x64.exe to C:\Program Files (x86)\Microsoft Visual Studio\2019\BuildTools\VC\Redist\MSVC\14.23.27820\vcredist_x64.exe
[1a64:0017][2019-09-25T22:11:23] Completed: Copying file /Contents/VC/Redist/MSVC/14.23.27820/vcredist_x64.exe to C:\Program Files (x86)\Microsoft Visual Studio\2019\BuildTools\VC\Redist\MSVC\14.23.27820\vcredist_x64.exe
[1a64:0017][2019-09-25T22:11:23] Timestamp updated for file 'C:\Program Files (x86)\Microsoft Visual Studio\2019\BuildTools\VC\Redist\MSVC\14.23.27820\vcredist_x64.exe'.
[1a64:0017][2019-09-25T22:11:23] Processing file /Contents/VC/Redist/MSVC/14.23.27820/vc_redist.x64.exe
[1a64:0017][2019-09-25T22:11:23] Started: Copying file /Contents/VC/Redist/MSVC/14.23.27820/vc_redist.x64.exe to C:\Program Files (x86)\Microsoft Visual Studio\2019\BuildTools\VC\Redist\MSVC\14.23.27820\vc_redist.x64.exe
[1a64:0017][2019-09-25T22:11:23] Completed: Copying file /Contents/VC/Redist/MSVC/14.23.27820/vc_redist.x64.exe to C:\Program Files (x86)\Microsoft Visual Studio\2019\BuildTools\VC\Redist\MSVC\14.23.27820\vc_redist.x64.exe
[1a64:0017][2019-09-25T22:11:23] Timestamp updated for file 'C:\Program Files (x86)\Microsoft Visual Studio\2019\BuildTools\VC\Redist\MSVC\14.23.27820\vc_redist.x64.exe'.
[1a64:0017][2019-09-25T22:11:23] Processing file /Contents/VC/Redist/MSVC/14.23.27820/x64/Microsoft.VC142.CRT/concrt140.dll
[1a64:0017][2019-09-25T22:11:23] Started: Copying file /Contents/VC/Redist/MSVC/14.23.27820/x64/Microsoft.VC142.CRT/concrt140.dll to C:\Program Files (x86)\Microsoft Visual Studio\2019\BuildTools\VC\Redist\MSVC\14.23.27820\x64\Microsoft.VC142.CRT\concrt140.dll
[1a64:0017][2019-09-25T22:11:23] Completed: Copying file /Contents/VC/Redist/MSVC/14.23.27820/x64/Microsoft.VC142.CRT/concrt140.dll to C:\Program Files (x86)\Microsoft Visual Studio\2019\BuildTools\VC\Redist\MSVC\14.23.27820\x64\Microsoft.VC142.CRT\concrt140.dll
[1a64:0017][2019-09-25T22:11:23] Timestamp updated for file 'C:\Program Files (x86)\Microsoft Visual Studio\2019\BuildTools\VC\Redist\MSVC\14.23.27820\x64\Microsoft.VC142.CRT\concrt140.dll'.
[1a64:0017][2019-09-25T22:11:23] Processing file /Contents/VC/Redist/MSVC/14.23.27820/x64/Microsoft.VC142.CRT/msvcp140.dll
[1a64:0017][2019-09-25T22:11:23] Started: Copying file /Contents/VC/Redist/MSVC/14.23.27820/x64/Microsoft.VC142.CRT/msvcp140.dll to C:\Program Files (x86)\Microsoft Visual Studio\2019\BuildTools\VC\Redist\MSVC\14.23.27820\x64\Microsoft.VC142.CRT\msvcp140.dll
[1a64:0017][2019-09-25T22:11:23] Completed: Copying file /Contents/VC/Redist/MSVC/14.23.27820/x64/Microsoft.VC142.CRT/msvcp140.dll to C:\Program Files (x86)\Microsoft Visual Studio\2019\BuildTools\VC\Redist\MSVC\14.23.27820\x64\Microsoft.VC142.CRT\msvcp140.dll
[1a64:0017][2019-09-25T22:11:23] Timestamp updated for file 'C:\Program Files (x86)\Microsoft Visual Studio\2019\BuildTools\VC\Redist\MSVC\14.23.27820\x64\Microsoft.VC142.CRT\msvcp140.dll'.
[1a64:0017][2019-09-25T22:11:23] Processing file /Contents/VC/Redist/MSVC/14.23.27820/x64/Microsoft.VC142.CRT/msvcp140_1.dll
[1a64:0017][2019-09-25T22:11:23] Started: Copying file /Contents/VC/Redist/MSVC/14.23.27820/x64/Microsoft.VC142.CRT/msvcp140_1.dll to C:\Program Files (x86)\Microsoft Visual Studio\2019\BuildTools\VC\Redist\MSVC\14.23.27820\x64\Microsoft.VC142.CRT\msvcp140_1.dll
[1a64:0017][2019-09-25T22:11:23] Completed: Copying file /Contents/VC/Redist/MSVC/14.23.27820/x64/Microsoft.VC142.CRT/msvcp140_1.dll to C:\Program Files (x86)\Microsoft Visual Studio\2019\BuildTools\VC\Redist\MSVC\14.23.27820\x64\Microsoft.VC142.CRT\msvcp140_1.dll
[1a64:0017][2019-09-25T22:11:23] Timestamp updated for file 'C:\Program Files (x86)\Microsoft Visual Studio\2019\BuildTools\VC\Redist\MSVC\14.23.27820\x64\Microsoft.VC142.CRT\msvcp140_1.dll'.
[1a64:0017][2019-09-25T22:11:23] Processing file /Contents/VC/Redist/MSVC/14.23.27820/x64/Microsoft.VC142.CRT/msvcp140_2.dll
[1a64:0017][2019-09-25T22:11:23] Started: Copying file /Contents/VC/Redist/MSVC/14.23.27820/x64/Microsoft.VC142.CRT/msvcp140_2.dll to C:\Program Files (x86)\Microsoft Visual Studio\2019\BuildTools\VC\Redist\MSVC\14.23.27820\x64\Microsoft.VC142.CRT\msvcp140_2.dll
[1a64:0017][2019-09-25T22:11:23] Completed: Copying file /Contents/VC/Redist/MSVC/14.23.27820/x64/Microsoft.VC142.CRT/msvcp140_2.dll to C:\Program Files (x86)\Microsoft Visual Studio\2019\BuildTools\VC\Redist\MSVC\14.23.27820\x64\Microsoft.VC142.CRT\msvcp140_2.dll
[1a64:0017][2019-09-25T22:11:23] Timestamp updated for file 'C:\Program Files (x86)\Microsoft Visual Studio\2019\BuildTools\VC\Redist\MSVC\14.23.27820\x64\Microsoft.VC142.CRT\msvcp140_2.dll'.
[1a64:0017][2019-09-25T22:11:23] Processing file /Contents/VC/Redist/MSVC/14.23.27820/x64/Microsoft.VC142.CRT/msvcp140_codecvt_ids.dll
[1a64:0017][2019-09-25T22:11:23] Started: Copying file /Contents/VC/Redist/MSVC/14.23.27820/x64/Microsoft.VC142.CRT/msvcp140_codecvt_ids.dll to C:\Program Files (x86)\Microsoft Visual Studio\2019\BuildTools\VC\Redist\MSVC\14.23.27820\x64\Microsoft.VC142.CRT\msvcp140_codecvt_ids.dll
[1a64:0017][2019-09-25T22:11:23] Completed: Copying file /Contents/VC/Redist/MSVC/14.23.27820/x64/Microsoft.VC142.CRT/msvcp140_codecvt_ids.dll to C:\Program Files (x86)\Microsoft Visual Studio\2019\BuildTools\VC\Redist\MSVC\14.23.27820\x64\Microsoft.VC142.CRT\msvcp140_codecvt_ids.dll
[1a64:0017][2019-09-25T22:11:23] Timestamp updated for file 'C:\Program Files (x86)\Microsoft Visual Studio\2019\BuildTools\VC\Redist\MSVC\14.23.27820\x64\Microsoft.VC142.CRT\msvcp140_codecvt_ids.dll'.
[1a64:0017][2019-09-25T22:11:23] Processing file /Contents/VC/Redist/MSVC/14.23.27820/x64/Microsoft.VC142.CRT/vccorlib140.dll
[1a64:0017][2019-09-25T22:11:23] Started: Copying file /Contents/VC/Redist/MSVC/14.23.27820/x64/Microsoft.VC142.CRT/vccorlib140.dll to C:\Program Files (x86)\Microsoft Visual Studio\2019\BuildTools\VC\Redist\MSVC\14.23.27820\x64\Microsoft.VC142.CRT\vccorlib140.dll
[1a64:0017][2019-09-25T22:11:23] Completed: Copying file /Contents/VC/Redist/MSVC/14.23.27820/x64/Microsoft.VC142.CRT/vccorlib140.dll to C:\Program Files (x86)\Microsoft Visual Studio\2019\BuildTools\VC\Redist\MSVC\14.23.27820\x64\Microsoft.VC142.CRT\vccorlib140.dll
[1a64:0017][2019-09-25T22:11:23] Timestamp updated for file 'C:\Program Files (x86)\Microsoft Visual Studio\2019\BuildTools\VC\Redist\MSVC\14.23.27820\x64\Microsoft.VC142.CRT\vccorlib140.dll'.
[1a64:0017][2019-09-25T22:11:23] Processing file /Contents/VC/Redist/MSVC/14.23.27820/x64/Microsoft.VC142.CRT/vcruntime140.dll
[1a64:0017][2019-09-25T22:11:23] Started: Copying file /Contents/VC/Redist/MSVC/14.23.27820/x64/Microsoft.VC142.CRT/vcruntime140.dll to C:\Program Files (x86)\Microsoft Visual Studio\2019\BuildTools\VC\Redist\MSVC\14.23.27820\x64\Microsoft.VC142.CRT\vcruntime140.dll
[1a64:0017][2019-09-25T22:11:23] Completed: Copying file /Contents/VC/Redist/MSVC/14.23.27820/x64/Microsoft.VC142.CRT/vcruntime140.dll to C:\Program Files (x86)\Microsoft Visual Studio\2019\BuildTools\VC\Redist\MSVC\14.23.27820\x64\Microsoft.VC142.CRT\vcruntime140.dll
[1a64:0017][2019-09-25T22:11:23] Timestamp updated for file 'C:\Program Files (x86)\Microsoft Visual Studio\2019\BuildTools\VC\Redist\MSVC\14.23.27820\x64\Microsoft.VC142.CRT\vcruntime140.dll'.
[1a64:0017][2019-09-25T22:11:23] Processing file /Contents/VC/Redist/MSVC/14.23.27820/x64/Microsoft.VC142.CRT/vcruntime140_1.dll
[1a64:0017][2019-09-25T22:11:23] Started: Copying file /Contents/VC/Redist/MSVC/14.23.27820/x64/Microsoft.VC142.CRT/vcruntime140_1.dll to C:\Program Files (x86)\Microsoft Visual Studio\2019\BuildTools\VC\Redist\MSVC\14.23.27820\x64\Microsoft.VC142.CRT\vcruntime140_1.dll
[1a64:0017][2019-09-25T22:11:23] Completed: Copying file /Contents/VC/Redist/MSVC/14.23.27820/x64/Microsoft.VC142.CRT/vcruntime140_1.dll to C:\Program Files (x86)\Microsoft Visual Studio\2019\BuildTools\VC\Redist\MSVC\14.23.27820\x64\Microsoft.VC142.CRT\vcruntime140_1.dll
[1a64:0017][2019-09-25T22:11:23] Timestamp updated for file 'C:\Program Files (x86)\Microsoft Visual Studio\2019\BuildTools\VC\Redist\MSVC\14.23.27820\x64\Microsoft.VC142.CRT\vcruntime140_1.dll'.
[1a64:0017][2019-09-25T22:11:23] Processing file /Contents/VC/Redist/MSVC/14.23.27820/x64/Microsoft.VC142.CXXAMP/vcamp140.dll
[1a64:0017][2019-09-25T22:11:23] Started: Copying file /Contents/VC/Redist/MSVC/14.23.27820/x64/Microsoft.VC142.CXXAMP/vcamp140.dll to C:\Program Files (x86)\Microsoft Visual Studio\2019\BuildTools\VC\Redist\MSVC\14.23.27820\x64\Microsoft.VC142.CXXAMP\vcamp140.dll
[1a64:0017][2019-09-25T22:11:23] Completed: Copying file /Contents/VC/Redist/MSVC/14.23.27820/x64/Microsoft.VC142.CXXAMP/vcamp140.dll to C:\Program Files (x86)\Microsoft Visual Studio\2019\BuildTools\VC\Redist\MSVC\14.23.27820\x64\Microsoft.VC142.CXXAMP\vcamp140.dll
[1a64:0017][2019-09-25T22:11:23] Timestamp updated for file 'C:\Program Files (x86)\Microsoft Visual Studio\2019\BuildTools\VC\Redist\MSVC\14.23.27820\x64\Microsoft.VC142.CXXAMP\vcamp140.dll'.
[1a64:0017][2019-09-25T22:11:23] Processing file /Contents/VC/Redist/MSVC/14.23.27820/x64/Microsoft.VC142.OpenMP/vcomp140.dll
[1a64:0017][2019-09-25T22:11:23] Started: Copying file /Contents/VC/Redist/MSVC/14.23.27820/x64/Microsoft.VC142.OpenMP/vcomp140.dll to C:\Program Files (x86)\Microsoft Visual Studio\2019\BuildTools\VC\Redist\MSVC\14.23.27820\x64\Microsoft.VC142.OpenMP\vcomp140.dll
[1a64:0017][2019-09-25T22:11:23] Completed: Copying file /Contents/VC/Redist/MSVC/14.23.27820/x64/Microsoft.VC142.OpenMP/vcomp140.dll to C:\Program Files (x86)\Microsoft Visual Studio\2019\BuildTools\VC\Redist\MSVC\14.23.27820\x64\Microsoft.VC142.OpenMP\vcomp140.dll
[1a64:0017][2019-09-25T22:11:23] Timestamp updated for file 'C:\Program Files (x86)\Microsoft Visual Studio\2019\BuildTools\VC\Redist\MSVC\14.23.27820\x64\Microsoft.VC142.OpenMP\vcomp140.dll'.
[1a64:0017][2019-09-25T22:11:23] Package executed successfully. Return code: 0
