[1a64:0017][2019-09-25T22:13:14] Opening the package for processing
[1a64:0017][2019-09-25T22:13:14] Using package payload to get the embedded manifest
[1a64:0017][2019-09-25T22:13:14] Getting list of files within the package
[1a64:0017][2019-09-25T22:13:14] Processing file /Contents/Common7/IDE/CommonExtensions/Platform/Debugger/WebViews/ScriptResources.en.resx
[1a64:0017][2019-09-25T22:13:14] Started: Copying file /Contents/Common7/IDE/CommonExtensions/Platform/Debugger/WebViews/ScriptResources.en.resx to C:\Program Files (x86)\Microsoft Visual Studio\2019\BuildTools\Common7\IDE\CommonExtensions\Platform\Debugger\WebViews\ScriptResources.en.resx
[1a64:0017][2019-09-25T22:13:14] Completed: Copying file /Contents/Common7/IDE/CommonExtensions/Platform/Debugger/WebViews/ScriptResources.en.resx to C:\Program Files (x86)\Microsoft Visual Studio\2019\BuildTools\Common7\IDE\CommonExtensions\Platform\Debugger\WebViews\ScriptResources.en.resx
[1a64:0017][2019-09-25T22:13:14] Timestamp updated for file 'C:\Program Files (x86)\Microsoft Visual Studio\2019\BuildTools\Common7\IDE\CommonExtensions\Platform\Debugger\WebViews\ScriptResources.en.resx'.
[1a64:0017][2019-09-25T22:13:14] Processing file /Contents/Common7/Packages/Debugger/1033/msdbgui.dll
[1a64:0017][2019-09-25T22:13:14] Started: Copying file /Contents/Common7/Packages/Debugger/1033/msdbgui.dll to C:\Program Files (x86)\Microsoft Visual Studio\2019\BuildTools\Common7\Packages\Debugger\1033\msdbgui.dll
[1a64:0017][2019-09-25T22:13:14] Completed: Copying file /Contents/Common7/Packages/Debugger/1033/msdbgui.dll to C:\Program Files (x86)\Microsoft Visual Studio\2019\BuildTools\Common7\Packages\Debugger\1033\msdbgui.dll
[1a64:0017][2019-09-25T22:13:14] Timestamp updated for file 'C:\Program Files (x86)\Microsoft Visual Studio\2019\BuildTools\Common7\Packages\Debugger\1033\msdbgui.dll'.
[1a64:0017][2019-09-25T22:13:14] Processing file /Contents/Common7/Packages/Debugger/1033/symbollocator.resources.dll
[1a64:0017][2019-09-25T22:13:14] Started: Copying file /Contents/Common7/Packages/Debugger/1033/symbollocator.resources.dll to C:\Program Files (x86)\Microsoft Visual Studio\2019\BuildTools\Common7\Packages\Debugger\1033\symbollocator.resources.dll
[1a64:0017][2019-09-25T22:13:14] Completed: Copying file /Contents/Common7/Packages/Debugger/1033/symbollocator.resources.dll to C:\Program Files (x86)\Microsoft Visual Studio\2019\BuildTools\Common7\Packages\Debugger\1033\symbollocator.resources.dll
[1a64:0017][2019-09-25T22:13:14] Timestamp updated for file 'C:\Program Files (x86)\Microsoft Visual Studio\2019\BuildTools\Common7\Packages\Debugger\1033\symbollocator.resources.dll'.
[1a64:0017][2019-09-25T22:13:14] Processing file /Contents/Common7/Packages/Debugger/1033/vsdebugui.dll
[1a64:0017][2019-09-25T22:13:14] Started: Copying file /Contents/Common7/Packages/Debugger/1033/vsdebugui.dll to C:\Program Files (x86)\Microsoft Visual Studio\2019\BuildTools\Common7\Packages\Debugger\1033\vsdebugui.dll
[1a64:0017][2019-09-25T22:13:14] Completed: Copying file /Contents/Common7/Packages/Debugger/1033/vsdebugui.dll to C:\Program Files (x86)\Microsoft Visual Studio\2019\BuildTools\Common7\Packages\Debugger\1033\vsdebugui.dll
[1a64:0017][2019-09-25T22:13:14] Timestamp updated for file 'C:\Program Files (x86)\Microsoft Visual Studio\2019\BuildTools\Common7\Packages\Debugger\1033\vsdebugui.dll'.
[1a64:0017][2019-09-25T22:13:14] Installing ProgId: VisualStudio.dmp.fd02f479
[1a64:0017][2019-09-25T22:13:14] Installing ProgId: VisualStudio.hdmp.fd02f479
[1a64:0017][2019-09-25T22:13:14] Installing ProgId: VisualStudio.mdmp.fd02f479
[1a64:0017][2019-09-25T22:13:14] Processing file extension for install .dmp
[1a64:0017][2019-09-25T22:13:14] RegistrationPath: Software\Microsoft\VisualStudio_fd02f479\Capabilities\FileAssociations
[1a64:0017][2019-09-25T22:13:14] Processing file extension for install .hdmp
[1a64:0017][2019-09-25T22:13:14] RegistrationPath: Software\Microsoft\VisualStudio_fd02f479\Capabilities\FileAssociations
[1a64:0017][2019-09-25T22:13:14] Processing file extension for install .mdmp
[1a64:0017][2019-09-25T22:13:14] RegistrationPath: Software\Microsoft\VisualStudio_fd02f479\Capabilities\FileAssociations
[1a64:0017][2019-09-25T22:13:14] Package executed successfully. Return code: 0
