[1a64:0017][2019-09-25T22:10:40] Opening the package for processing
[1a64:0017][2019-09-25T22:10:40] Using package payload to get the embedded manifest
[1a64:0017][2019-09-25T22:10:40] Getting list of files within the package
[1a64:0017][2019-09-25T22:10:40] Processing file /Contents/MSBuild/Current/Imports/Microsoft.Common.Props/ImportBefore/Microsoft.NuGet.ImportBefore.props
[1a64:0017][2019-09-25T22:10:40] Started: Copying file /Contents/MSBuild/Current/Imports/Microsoft.Common.Props/ImportBefore/Microsoft.NuGet.ImportBefore.props to C:\Program Files (x86)\Microsoft Visual Studio\2019\BuildTools\MSBuild\Current\Imports\Microsoft.Common.Props\ImportBefore\Microsoft.NuGet.ImportBefore.props
[1a64:0017][2019-09-25T22:10:40] Completed: Copying file /Contents/MSBuild/Current/Imports/Microsoft.Common.Props/ImportBefore/Microsoft.NuGet.ImportBefore.props to C:\Program Files (x86)\Microsoft Visual Studio\2019\BuildTools\MSBuild\Current\Imports\Microsoft.Common.Props\ImportBefore\Microsoft.NuGet.ImportBefore.props
[1a64:0017][2019-09-25T22:10:40] Timestamp updated for file 'C:\Program Files (x86)\Microsoft Visual Studio\2019\BuildTools\MSBuild\Current\Imports\Microsoft.Common.Props\ImportBefore\Microsoft.NuGet.ImportBefore.props'.
[1a64:0017][2019-09-25T22:10:40] Processing file /Contents/MSBuild/Current/Microsoft.Common.Targets/ImportAfter/Microsoft.NuGet.ImportAfter.targets
[1a64:0017][2019-09-25T22:10:40] Started: Copying file /Contents/MSBuild/Current/Microsoft.Common.Targets/ImportAfter/Microsoft.NuGet.ImportAfter.targets to C:\Program Files (x86)\Microsoft Visual Studio\2019\BuildTools\MSBuild\Current\Microsoft.Common.Targets\ImportAfter\Microsoft.NuGet.ImportAfter.targets
[1a64:0017][2019-09-25T22:10:40] Completed: Copying file /Contents/MSBuild/Current/Microsoft.Common.Targets/ImportAfter/Microsoft.NuGet.ImportAfter.targets to C:\Program Files (x86)\Microsoft Visual Studio\2019\BuildTools\MSBuild\Current\Microsoft.Common.Targets\ImportAfter\Microsoft.NuGet.ImportAfter.targets
[1a64:0017][2019-09-25T22:10:40] Timestamp updated for file 'C:\Program Files (x86)\Microsoft Visual Studio\2019\BuildTools\MSBuild\Current\Microsoft.Common.Targets\ImportAfter\Microsoft.NuGet.ImportAfter.targets'.
[1a64:0017][2019-09-25T22:10:40] Processing file /Contents/MSBuild/Current/SolutionFile/ImportAfter/Microsoft.NuGet.Solution.ImportAfter.targets
[1a64:0017][2019-09-25T22:10:40] Started: Copying file /Contents/MSBuild/Current/SolutionFile/ImportAfter/Microsoft.NuGet.Solution.ImportAfter.targets to C:\Program Files (x86)\Microsoft Visual Studio\2019\BuildTools\MSBuild\Current\SolutionFile\ImportAfter\Microsoft.NuGet.Solution.ImportAfter.targets
[1a64:0017][2019-09-25T22:10:40] Completed: Copying file /Contents/MSBuild/Current/SolutionFile/ImportAfter/Microsoft.NuGet.Solution.ImportAfter.targets to C:\Program Files (x86)\Microsoft Visual Studio\2019\BuildTools\MSBuild\Current\SolutionFile\ImportAfter\Microsoft.NuGet.Solution.ImportAfter.targets
[1a64:0017][2019-09-25T22:10:40] Timestamp updated for file 'C:\Program Files (x86)\Microsoft Visual Studio\2019\BuildTools\MSBuild\Current\SolutionFile\ImportAfter\Microsoft.NuGet.Solution.ImportAfter.targets'.
[1a64:0017][2019-09-25T22:10:40] Processing file /Contents/MSBuild/Microsoft/NuGet/16.0/Microsoft.NuGet.Build.Tasks.dll
[1a64:0017][2019-09-25T22:10:40] Started: Copying file /Contents/MSBuild/Microsoft/NuGet/16.0/Microsoft.NuGet.Build.Tasks.dll to C:\Program Files (x86)\Microsoft Visual Studio\2019\BuildTools\MSBuild\Microsoft\NuGet\16.0\Microsoft.NuGet.Build.Tasks.dll
[1a64:0017][2019-09-25T22:10:40] Completed: Copying file /Contents/MSBuild/Microsoft/NuGet/16.0/Microsoft.NuGet.Build.Tasks.dll to C:\Program Files (x86)\Microsoft Visual Studio\2019\BuildTools\MSBuild\Microsoft\NuGet\16.0\Microsoft.NuGet.Build.Tasks.dll
[1a64:0017][2019-09-25T22:10:40] Timestamp updated for file 'C:\Program Files (x86)\Microsoft Visual Studio\2019\BuildTools\MSBuild\Microsoft\NuGet\16.0\Microsoft.NuGet.Build.Tasks.dll'.
[1a64:0017][2019-09-25T22:10:40] Processing file /Contents/MSBuild/Microsoft/NuGet/16.0/Microsoft.NuGet.props
[1a64:0017][2019-09-25T22:10:40] Started: Copying file /Contents/MSBuild/Microsoft/NuGet/16.0/Microsoft.NuGet.props to C:\Program Files (x86)\Microsoft Visual Studio\2019\BuildTools\MSBuild\Microsoft\NuGet\16.0\Microsoft.NuGet.props
[1a64:0017][2019-09-25T22:10:40] Completed: Copying file /Contents/MSBuild/Microsoft/NuGet/16.0/Microsoft.NuGet.props to C:\Program Files (x86)\Microsoft Visual Studio\2019\BuildTools\MSBuild\Microsoft\NuGet\16.0\Microsoft.NuGet.props
[1a64:0017][2019-09-25T22:10:40] Timestamp updated for file 'C:\Program Files (x86)\Microsoft Visual Studio\2019\BuildTools\MSBuild\Microsoft\NuGet\16.0\Microsoft.NuGet.props'.
[1a64:0017][2019-09-25T22:10:40] Processing file /Contents/MSBuild/Microsoft/NuGet/16.0/Microsoft.NuGet.targets
[1a64:0017][2019-09-25T22:10:40] Started: Copying file /Contents/MSBuild/Microsoft/NuGet/16.0/Microsoft.NuGet.targets to C:\Program Files (x86)\Microsoft Visual Studio\2019\BuildTools\MSBuild\Microsoft\NuGet\16.0\Microsoft.NuGet.targets
[1a64:0017][2019-09-25T22:10:40] Completed: Copying file /Contents/MSBuild/Microsoft/NuGet/16.0/Microsoft.NuGet.targets to C:\Program Files (x86)\Microsoft Visual Studio\2019\BuildTools\MSBuild\Microsoft\NuGet\16.0\Microsoft.NuGet.targets
[1a64:0017][2019-09-25T22:10:40] Timestamp updated for file 'C:\Program Files (x86)\Microsoft Visual Studio\2019\BuildTools\MSBuild\Microsoft\NuGet\16.0\Microsoft.NuGet.targets'.
[1a64:0017][2019-09-25T22:10:40] Processing file /Contents/MSBuild/Microsoft/NuGet/16.0/Newtonsoft.Json.dll
[1a64:0017][2019-09-25T22:10:40] Started: Copying file /Contents/MSBuild/Microsoft/NuGet/16.0/Newtonsoft.Json.dll to C:\Program Files (x86)\Microsoft Visual Studio\2019\BuildTools\MSBuild\Microsoft\NuGet\16.0\Newtonsoft.Json.dll
[1a64:0017][2019-09-25T22:10:40] Completed: Copying file /Contents/MSBuild/Microsoft/NuGet/16.0/Newtonsoft.Json.dll to C:\Program Files (x86)\Microsoft Visual Studio\2019\BuildTools\MSBuild\Microsoft\NuGet\16.0\Newtonsoft.Json.dll
[1a64:0017][2019-09-25T22:10:40] Timestamp updated for file 'C:\Program Files (x86)\Microsoft Visual Studio\2019\BuildTools\MSBuild\Microsoft\NuGet\16.0\Newtonsoft.Json.dll'.
[1a64:0017][2019-09-25T22:10:40] Package executed successfully. Return code: 0
