[1a64:0017][2019-09-25T22:11:05] Opening the package for processing
[1a64:0017][2019-09-25T22:11:05] Using package payload to get the embedded manifest
[1a64:0017][2019-09-25T22:11:05] Getting list of files within the package
[1a64:0017][2019-09-25T22:11:05] Processing file /Contents/Msbuild/Microsoft/VC/v160/Platforms/ARM/Platform.Common.props
[1a64:0017][2019-09-25T22:11:05] Started: Copying file /Contents/Msbuild/Microsoft/VC/v160/Platforms/ARM/Platform.Common.props to C:\Program Files (x86)\Microsoft Visual Studio\2019\BuildTools\Msbuild\Microsoft\VC\v160\Platforms\ARM\Platform.Common.props
[1a64:0017][2019-09-25T22:11:05] Completed: Copying file /Contents/Msbuild/Microsoft/VC/v160/Platforms/ARM/Platform.Common.props to C:\Program Files (x86)\Microsoft Visual Studio\2019\BuildTools\Msbuild\Microsoft\VC\v160\Platforms\ARM\Platform.Common.props
[1a64:0017][2019-09-25T22:11:05] Timestamp updated for file 'C:\Program Files (x86)\Microsoft Visual Studio\2019\BuildTools\Msbuild\Microsoft\VC\v160\Platforms\ARM\Platform.Common.props'.
[1a64:0017][2019-09-25T22:11:05] Processing file /Contents/Msbuild/Microsoft/VC/v160/Platforms/ARM/Platform.Default.props
[1a64:0017][2019-09-25T22:11:05] Started: Copying file /Contents/Msbuild/Microsoft/VC/v160/Platforms/ARM/Platform.Default.props to C:\Program Files (x86)\Microsoft Visual Studio\2019\BuildTools\Msbuild\Microsoft\VC\v160\Platforms\ARM\Platform.Default.props
[1a64:0017][2019-09-25T22:11:05] Completed: Copying file /Contents/Msbuild/Microsoft/VC/v160/Platforms/ARM/Platform.Default.props to C:\Program Files (x86)\Microsoft Visual Studio\2019\BuildTools\Msbuild\Microsoft\VC\v160\Platforms\ARM\Platform.Default.props
[1a64:0017][2019-09-25T22:11:05] Timestamp updated for file 'C:\Program Files (x86)\Microsoft Visual Studio\2019\BuildTools\Msbuild\Microsoft\VC\v160\Platforms\ARM\Platform.Default.props'.
[1a64:0017][2019-09-25T22:11:05] Processing file /Contents/Msbuild/Microsoft/VC/v160/Platforms/ARM/Platform.props
[1a64:0017][2019-09-25T22:11:05] Started: Copying file /Contents/Msbuild/Microsoft/VC/v160/Platforms/ARM/Platform.props to C:\Program Files (x86)\Microsoft Visual Studio\2019\BuildTools\Msbuild\Microsoft\VC\v160\Platforms\ARM\Platform.props
[1a64:0017][2019-09-25T22:11:05] Completed: Copying file /Contents/Msbuild/Microsoft/VC/v160/Platforms/ARM/Platform.props to C:\Program Files (x86)\Microsoft Visual Studio\2019\BuildTools\Msbuild\Microsoft\VC\v160\Platforms\ARM\Platform.props
[1a64:0017][2019-09-25T22:11:05] Timestamp updated for file 'C:\Program Files (x86)\Microsoft Visual Studio\2019\BuildTools\Msbuild\Microsoft\VC\v160\Platforms\ARM\Platform.props'.
[1a64:0017][2019-09-25T22:11:05] Processing file /Contents/Msbuild/Microsoft/VC/v160/Platforms/ARM/Platform.targets
[1a64:0017][2019-09-25T22:11:05] Started: Copying file /Contents/Msbuild/Microsoft/VC/v160/Platforms/ARM/Platform.targets to C:\Program Files (x86)\Microsoft Visual Studio\2019\BuildTools\Msbuild\Microsoft\VC\v160\Platforms\ARM\Platform.targets
[1a64:0017][2019-09-25T22:11:05] Completed: Copying file /Contents/Msbuild/Microsoft/VC/v160/Platforms/ARM/Platform.targets to C:\Program Files (x86)\Microsoft Visual Studio\2019\BuildTools\Msbuild\Microsoft\VC\v160\Platforms\ARM\Platform.targets
[1a64:0017][2019-09-25T22:11:05] Timestamp updated for file 'C:\Program Files (x86)\Microsoft Visual Studio\2019\BuildTools\Msbuild\Microsoft\VC\v160\Platforms\ARM\Platform.targets'.
[1a64:0017][2019-09-25T22:11:05] Package executed successfully. Return code: 0
