[1a64:0017][2019-09-25T22:13:49] Opening the package for processing
[1a64:0017][2019-09-25T22:13:49] Using package payload to get the embedded manifest
[1a64:0017][2019-09-25T22:13:49] Getting list of files within the package
[1a64:0017][2019-09-25T22:13:49] Processing file /Contents/Common7/IDE/Extensions/Microsoft/CodeSense/Framework/CodeSenseColors.pkgdef
[1a64:0017][2019-09-25T22:13:49] Started: Copying file /Contents/Common7/IDE/Extensions/Microsoft/CodeSense/Framework/CodeSenseColors.pkgdef to C:\Program Files (x86)\Microsoft Visual Studio\2019\BuildTools\Common7\IDE\Extensions\Microsoft\CodeSense\Framework\CodeSenseColors.pkgdef
[1a64:0017][2019-09-25T22:13:49] Completed: Copying file /Contents/Common7/IDE/Extensions/Microsoft/CodeSense/Framework/CodeSenseColors.pkgdef to C:\Program Files (x86)\Microsoft Visual Studio\2019\BuildTools\Common7\IDE\Extensions\Microsoft\CodeSense\Framework\CodeSenseColors.pkgdef
[1a64:0017][2019-09-25T22:13:49] Timestamp updated for file 'C:\Program Files (x86)\Microsoft Visual Studio\2019\BuildTools\Common7\IDE\Extensions\Microsoft\CodeSense\Framework\CodeSenseColors.pkgdef'.
[1a64:0017][2019-09-25T22:13:49] Processing file /Contents/Common7/IDE/Extensions/Microsoft/CodeSense/Framework/CodeSenseFramework.pkgdef
[1a64:0017][2019-09-25T22:13:49] Started: Copying file /Contents/Common7/IDE/Extensions/Microsoft/CodeSense/Framework/CodeSenseFramework.pkgdef to C:\Program Files (x86)\Microsoft Visual Studio\2019\BuildTools\Common7\IDE\Extensions\Microsoft\CodeSense\Framework\CodeSenseFramework.pkgdef
[1a64:0017][2019-09-25T22:13:49] Completed: Copying file /Contents/Common7/IDE/Extensions/Microsoft/CodeSense/Framework/CodeSenseFramework.pkgdef to C:\Program Files (x86)\Microsoft Visual Studio\2019\BuildTools\Common7\IDE\Extensions\Microsoft\CodeSense\Framework\CodeSenseFramework.pkgdef
[1a64:0017][2019-09-25T22:13:49] Timestamp updated for file 'C:\Program Files (x86)\Microsoft Visual Studio\2019\BuildTools\Common7\IDE\Extensions\Microsoft\CodeSense\Framework\CodeSenseFramework.pkgdef'.
[1a64:0017][2019-09-25T22:13:49] Processing file /Contents/Common7/IDE/Extensions/Microsoft/CodeSense/Framework/Microsoft.VisualStudio.CodeSense.Common.dll
[1a64:0017][2019-09-25T22:13:49] Started: Copying file /Contents/Common7/IDE/Extensions/Microsoft/CodeSense/Framework/Microsoft.VisualStudio.CodeSense.Common.dll to C:\Program Files (x86)\Microsoft Visual Studio\2019\BuildTools\Common7\IDE\Extensions\Microsoft\CodeSense\Framework\Microsoft.VisualStudio.CodeSense.Common.dll
[1a64:0017][2019-09-25T22:13:49] Completed: Copying file /Contents/Common7/IDE/Extensions/Microsoft/CodeSense/Framework/Microsoft.VisualStudio.CodeSense.Common.dll to C:\Program Files (x86)\Microsoft Visual Studio\2019\BuildTools\Common7\IDE\Extensions\Microsoft\CodeSense\Framework\Microsoft.VisualStudio.CodeSense.Common.dll
[1a64:0017][2019-09-25T22:13:49] Timestamp updated for file 'C:\Program Files (x86)\Microsoft Visual Studio\2019\BuildTools\Common7\IDE\Extensions\Microsoft\CodeSense\Framework\Microsoft.VisualStudio.CodeSense.Common.dll'.
[1a64:0017][2019-09-25T22:13:49] Queueing C:\Program Files (x86)\Microsoft Visual Studio\2019\BuildTools\Common7\IDE\Extensions\Microsoft\CodeSense\Framework\Microsoft.VisualStudio.CodeSense.Common.dll for X86 ngen
[1a64:0017][2019-09-25T22:13:49] Successfully queued file '/Contents/Common7/IDE/Extensions/Microsoft/CodeSense/Framework/Microsoft.VisualStudio.CodeSense.Common.dll' for ngen
[1a64:0017][2019-09-25T22:13:49] Processing file /Contents/Common7/IDE/Extensions/Microsoft/CodeSense/Framework/Microsoft.VisualStudio.CodeSense.dll
[1a64:0017][2019-09-25T22:13:49] Started: Copying file /Contents/Common7/IDE/Extensions/Microsoft/CodeSense/Framework/Microsoft.VisualStudio.CodeSense.dll to C:\Program Files (x86)\Microsoft Visual Studio\2019\BuildTools\Common7\IDE\Extensions\Microsoft\CodeSense\Framework\Microsoft.VisualStudio.CodeSense.dll
[1a64:0017][2019-09-25T22:13:49] Completed: Copying file /Contents/Common7/IDE/Extensions/Microsoft/CodeSense/Framework/Microsoft.VisualStudio.CodeSense.dll to C:\Program Files (x86)\Microsoft Visual Studio\2019\BuildTools\Common7\IDE\Extensions\Microsoft\CodeSense\Framework\Microsoft.VisualStudio.CodeSense.dll
[1a64:0017][2019-09-25T22:13:49] Timestamp updated for file 'C:\Program Files (x86)\Microsoft Visual Studio\2019\BuildTools\Common7\IDE\Extensions\Microsoft\CodeSense\Framework\Microsoft.VisualStudio.CodeSense.dll'.
[1a64:0017][2019-09-25T22:13:49] Queueing C:\Program Files (x86)\Microsoft Visual Studio\2019\BuildTools\Common7\IDE\Extensions\Microsoft\CodeSense\Framework\Microsoft.VisualStudio.CodeSense.dll for X86 ngen
[1a64:0017][2019-09-25T22:13:49] Successfully queued file '/Contents/Common7/IDE/Extensions/Microsoft/CodeSense/Framework/Microsoft.VisualStudio.CodeSense.dll' for ngen
[1a64:0017][2019-09-25T22:13:49] Processing file /Contents/Common7/IDE/Extensions/Microsoft/CodeSense/Framework/Microsoft.VisualStudio.CodeSense.Roslyn.dll
[1a64:0017][2019-09-25T22:13:49] Started: Copying file /Contents/Common7/IDE/Extensions/Microsoft/CodeSense/Framework/Microsoft.VisualStudio.CodeSense.Roslyn.dll to C:\Program Files (x86)\Microsoft Visual Studio\2019\BuildTools\Common7\IDE\Extensions\Microsoft\CodeSense\Framework\Microsoft.VisualStudio.CodeSense.Roslyn.dll
[1a64:0017][2019-09-25T22:13:49] Completed: Copying file /Contents/Common7/IDE/Extensions/Microsoft/CodeSense/Framework/Microsoft.VisualStudio.CodeSense.Roslyn.dll to C:\Program Files (x86)\Microsoft Visual Studio\2019\BuildTools\Common7\IDE\Extensions\Microsoft\CodeSense\Framework\Microsoft.VisualStudio.CodeSense.Roslyn.dll
[1a64:0017][2019-09-25T22:13:49] Timestamp updated for file 'C:\Program Files (x86)\Microsoft Visual Studio\2019\BuildTools\Common7\IDE\Extensions\Microsoft\CodeSense\Framework\Microsoft.VisualStudio.CodeSense.Roslyn.dll'.
[1a64:0017][2019-09-25T22:13:49] Queueing C:\Program Files (x86)\Microsoft Visual Studio\2019\BuildTools\Common7\IDE\Extensions\Microsoft\CodeSense\Framework\Microsoft.VisualStudio.CodeSense.Roslyn.dll for X86 ngen
[1a64:0017][2019-09-25T22:13:49] Successfully queued file '/Contents/Common7/IDE/Extensions/Microsoft/CodeSense/Framework/Microsoft.VisualStudio.CodeSense.Roslyn.dll' for ngen
[1a64:0017][2019-09-25T22:13:49] Processing file /Contents/Common7/IDE/Extensions/Microsoft/CodeSense/Framework/extension.vsixmanifest
[1a64:0017][2019-09-25T22:13:49] Started: Copying file /Contents/Common7/IDE/Extensions/Microsoft/CodeSense/Framework/extension.vsixmanifest to C:\Program Files (x86)\Microsoft Visual Studio\2019\BuildTools\Common7\IDE\Extensions\Microsoft\CodeSense\Framework\extension.vsixmanifest
[1a64:0017][2019-09-25T22:13:49] Completed: Copying file /Contents/Common7/IDE/Extensions/Microsoft/CodeSense/Framework/extension.vsixmanifest to C:\Program Files (x86)\Microsoft Visual Studio\2019\BuildTools\Common7\IDE\Extensions\Microsoft\CodeSense\Framework\extension.vsixmanifest
[1a64:0017][2019-09-25T22:13:49] Timestamp updated for file 'C:\Program Files (x86)\Microsoft Visual Studio\2019\BuildTools\Common7\IDE\Extensions\Microsoft\CodeSense\Framework\extension.vsixmanifest'.
[1a64:0017][2019-09-25T22:13:49] Package executed successfully. Return code: 0
