[1a64:0017][2019-09-25T22:13:47] Opening the package for processing
[1a64:0017][2019-09-25T22:13:47] Using package payload to get the embedded manifest
[1a64:0017][2019-09-25T22:13:47] Getting list of files within the package
[1a64:0017][2019-09-25T22:13:47] Processing file /Contents/Common7/IDE/CommonExtensions/Microsoft/ClientDiagnostics/MemoryProfiler/DataModel/MemoryProfilerAnalyzer.dll
[1a64:0017][2019-09-25T22:13:47] Started: Copying file /Contents/Common7/IDE/CommonExtensions/Microsoft/ClientDiagnostics/MemoryProfiler/DataModel/MemoryProfilerAnalyzer.dll to C:\Program Files (x86)\Microsoft Visual Studio\2019\BuildTools\Common7\IDE\CommonExtensions\Microsoft\ClientDiagnostics\MemoryProfiler\DataModel\MemoryProfilerAnalyzer.dll
[1a64:0017][2019-09-25T22:13:47] Completed: Copying file /Contents/Common7/IDE/CommonExtensions/Microsoft/ClientDiagnostics/MemoryProfiler/DataModel/MemoryProfilerAnalyzer.dll to C:\Program Files (x86)\Microsoft Visual Studio\2019\BuildTools\Common7\IDE\CommonExtensions\Microsoft\ClientDiagnostics\MemoryProfiler\DataModel\MemoryProfilerAnalyzer.dll
[1a64:0017][2019-09-25T22:13:47] Timestamp updated for file 'C:\Program Files (x86)\Microsoft Visual Studio\2019\BuildTools\Common7\IDE\CommonExtensions\Microsoft\ClientDiagnostics\MemoryProfiler\DataModel\MemoryProfilerAnalyzer.dll'.
[1a64:0017][2019-09-25T22:13:47] Processing file /Contents/Common7/IDE/CommonExtensions/Microsoft/ClientDiagnostics/MemoryProfiler/DataModel/msdia140.dll
[1a64:0017][2019-09-25T22:13:47] Started: Copying file /Contents/Common7/IDE/CommonExtensions/Microsoft/ClientDiagnostics/MemoryProfiler/DataModel/msdia140.dll to C:\Program Files (x86)\Microsoft Visual Studio\2019\BuildTools\Common7\IDE\CommonExtensions\Microsoft\ClientDiagnostics\MemoryProfiler\DataModel\msdia140.dll
[1a64:0017][2019-09-25T22:13:47] Completed: Copying file /Contents/Common7/IDE/CommonExtensions/Microsoft/ClientDiagnostics/MemoryProfiler/DataModel/msdia140.dll to C:\Program Files (x86)\Microsoft Visual Studio\2019\BuildTools\Common7\IDE\CommonExtensions\Microsoft\ClientDiagnostics\MemoryProfiler\DataModel\msdia140.dll
[1a64:0017][2019-09-25T22:13:47] Timestamp updated for file 'C:\Program Files (x86)\Microsoft Visual Studio\2019\BuildTools\Common7\IDE\CommonExtensions\Microsoft\ClientDiagnostics\MemoryProfiler\DataModel\msdia140.dll'.
[1a64:0017][2019-09-25T22:13:47] Processing file /Contents/Team%20Tools/DiagnosticsHub/Collector/Agents/MemoryProfilerCollectionAgent.dll
[1a64:0017][2019-09-25T22:13:47] Started: Copying file /Contents/Team%20Tools/DiagnosticsHub/Collector/Agents/MemoryProfilerCollectionAgent.dll to C:\Program Files (x86)\Microsoft Visual Studio\2019\BuildTools\Team Tools\DiagnosticsHub\Collector\Agents\MemoryProfilerCollectionAgent.dll
[1a64:0017][2019-09-25T22:13:47] Completed: Copying file /Contents/Team%20Tools/DiagnosticsHub/Collector/Agents/MemoryProfilerCollectionAgent.dll to C:\Program Files (x86)\Microsoft Visual Studio\2019\BuildTools\Team Tools\DiagnosticsHub\Collector\Agents\MemoryProfilerCollectionAgent.dll
[1a64:0017][2019-09-25T22:13:47] Timestamp updated for file 'C:\Program Files (x86)\Microsoft Visual Studio\2019\BuildTools\Team Tools\DiagnosticsHub\Collector\Agents\MemoryProfilerCollectionAgent.dll'.
[1a64:0017][2019-09-25T22:13:47] Processing file /Contents/Team%20Tools/DiagnosticsHub/Collector/Agents/NativeMemoryCollectionAgent.dll
[1a64:0017][2019-09-25T22:13:47] Started: Copying file /Contents/Team%20Tools/DiagnosticsHub/Collector/Agents/NativeMemoryCollectionAgent.dll to C:\Program Files (x86)\Microsoft Visual Studio\2019\BuildTools\Team Tools\DiagnosticsHub\Collector\Agents\NativeMemoryCollectionAgent.dll
[1a64:0017][2019-09-25T22:13:47] Completed: Copying file /Contents/Team%20Tools/DiagnosticsHub/Collector/Agents/NativeMemoryCollectionAgent.dll to C:\Program Files (x86)\Microsoft Visual Studio\2019\BuildTools\Team Tools\DiagnosticsHub\Collector\Agents\NativeMemoryCollectionAgent.dll
[1a64:0017][2019-09-25T22:13:47] Timestamp updated for file 'C:\Program Files (x86)\Microsoft Visual Studio\2019\BuildTools\Team Tools\DiagnosticsHub\Collector\Agents\NativeMemoryCollectionAgent.dll'.
[1a64:0017][2019-09-25T22:13:47] Package executed successfully. Return code: 0
