[1a64:0017][2019-09-25T22:13:22] Opening the package for processing
[1a64:0017][2019-09-25T22:13:22] Using package payload to get the embedded manifest
[1a64:0017][2019-09-25T22:13:22] Getting list of files within the package
[1a64:0017][2019-09-25T22:13:22] Processing file /Contents/Common7/IDE/CommonExtensions/Microsoft/VC/Debugger/x64/MSEnc.dll
[1a64:0017][2019-09-25T22:13:22] Started: Copying file /Contents/Common7/IDE/CommonExtensions/Microsoft/VC/Debugger/x64/MSEnc.dll to C:\Program Files (x86)\Microsoft Visual Studio\2019\BuildTools\Common7\IDE\CommonExtensions\Microsoft\VC\Debugger\x64\MSEnc.dll
[1a64:0017][2019-09-25T22:13:22] Completed: Copying file /Contents/Common7/IDE/CommonExtensions/Microsoft/VC/Debugger/x64/MSEnc.dll to C:\Program Files (x86)\Microsoft Visual Studio\2019\BuildTools\Common7\IDE\CommonExtensions\Microsoft\VC\Debugger\x64\MSEnc.dll
[1a64:0017][2019-09-25T22:13:22] Timestamp updated for file 'C:\Program Files (x86)\Microsoft Visual Studio\2019\BuildTools\Common7\IDE\CommonExtensions\Microsoft\VC\Debugger\x64\MSEnc.dll'.
[1a64:0017][2019-09-25T22:13:22] Processing file /Contents/Common7/IDE/CommonExtensions/Microsoft/VC/Debugger/x86/MSEnc.dll
[1a64:0017][2019-09-25T22:13:22] Started: Copying file /Contents/Common7/IDE/CommonExtensions/Microsoft/VC/Debugger/x86/MSEnc.dll to C:\Program Files (x86)\Microsoft Visual Studio\2019\BuildTools\Common7\IDE\CommonExtensions\Microsoft\VC\Debugger\x86\MSEnc.dll
[1a64:0017][2019-09-25T22:13:22] Completed: Copying file /Contents/Common7/IDE/CommonExtensions/Microsoft/VC/Debugger/x86/MSEnc.dll to C:\Program Files (x86)\Microsoft Visual Studio\2019\BuildTools\Common7\IDE\CommonExtensions\Microsoft\VC\Debugger\x86\MSEnc.dll
[1a64:0017][2019-09-25T22:13:22] Timestamp updated for file 'C:\Program Files (x86)\Microsoft Visual Studio\2019\BuildTools\Common7\IDE\CommonExtensions\Microsoft\VC\Debugger\x86\MSEnc.dll'.
[1a64:0017][2019-09-25T22:13:22] Processing file /Contents/Common7/Packages/Debugger/AsyncStackWalk.natvis
[1a64:0017][2019-09-25T22:13:22] Started: Copying file /Contents/Common7/Packages/Debugger/AsyncStackWalk.natvis to C:\Program Files (x86)\Microsoft Visual Studio\2019\BuildTools\Common7\Packages\Debugger\AsyncStackWalk.natvis
[1a64:0017][2019-09-25T22:13:22] Completed: Copying file /Contents/Common7/Packages/Debugger/AsyncStackWalk.natvis to C:\Program Files (x86)\Microsoft Visual Studio\2019\BuildTools\Common7\Packages\Debugger\AsyncStackWalk.natvis
[1a64:0017][2019-09-25T22:13:22] Timestamp updated for file 'C:\Program Files (x86)\Microsoft Visual Studio\2019\BuildTools\Common7\Packages\Debugger\AsyncStackWalk.natvis'.
[1a64:0017][2019-09-25T22:13:22] Processing file /Contents/Common7/Packages/Debugger/Visualizers/default.natjmc
[1a64:0017][2019-09-25T22:13:22] Started: Copying file /Contents/Common7/Packages/Debugger/Visualizers/default.natjmc to C:\Program Files (x86)\Microsoft Visual Studio\2019\BuildTools\Common7\Packages\Debugger\Visualizers\default.natjmc
[1a64:0017][2019-09-25T22:13:22] Completed: Copying file /Contents/Common7/Packages/Debugger/Visualizers/default.natjmc to C:\Program Files (x86)\Microsoft Visual Studio\2019\BuildTools\Common7\Packages\Debugger\Visualizers\default.natjmc
[1a64:0017][2019-09-25T22:13:22] Timestamp updated for file 'C:\Program Files (x86)\Microsoft Visual Studio\2019\BuildTools\Common7\Packages\Debugger\Visualizers\default.natjmc'.
[1a64:0017][2019-09-25T22:13:22] Package executed successfully. Return code: 0
