[1a64:0017][2019-09-25T22:13:44] Opening the package for processing
[1a64:0017][2019-09-25T22:13:44] Using package payload to get the embedded manifest
[1a64:0017][2019-09-25T22:13:44] Getting list of files within the package
[1a64:0017][2019-09-25T22:13:44] Processing file /catalog.json
[1a64:0017][2019-09-25T22:13:44] Started: Copying file /catalog.json to C:\Program Files (x86)\Microsoft Visual Studio\2019\BuildTools\Common7\IDE\CommonExtensions\Microsoft\CallHierarchy\catalog.json
[1a64:0017][2019-09-25T22:13:44] Completed: Copying file /catalog.json to C:\Program Files (x86)\Microsoft Visual Studio\2019\BuildTools\Common7\IDE\CommonExtensions\Microsoft\CallHierarchy\catalog.json
[1a64:0017][2019-09-25T22:13:44] Timestamp updated for file 'C:\Program Files (x86)\Microsoft Visual Studio\2019\BuildTools\Common7\IDE\CommonExtensions\Microsoft\CallHierarchy\catalog.json'.
[1a64:0017][2019-09-25T22:13:44] Processing file /cs/Microsoft.VisualStudio.Language.CallHierarchy.Implementation.resources.dll
[1a64:0017][2019-09-25T22:13:44] Started: Copying file /cs/Microsoft.VisualStudio.Language.CallHierarchy.Implementation.resources.dll to C:\Program Files (x86)\Microsoft Visual Studio\2019\BuildTools\Common7\IDE\CommonExtensions\Microsoft\CallHierarchy\cs\Microsoft.VisualStudio.Language.CallHierarchy.Implementation.resources.dll
[1a64:0017][2019-09-25T22:13:44] Completed: Copying file /cs/Microsoft.VisualStudio.Language.CallHierarchy.Implementation.resources.dll to C:\Program Files (x86)\Microsoft Visual Studio\2019\BuildTools\Common7\IDE\CommonExtensions\Microsoft\CallHierarchy\cs\Microsoft.VisualStudio.Language.CallHierarchy.Implementation.resources.dll
[1a64:0017][2019-09-25T22:13:44] Timestamp updated for file 'C:\Program Files (x86)\Microsoft Visual Studio\2019\BuildTools\Common7\IDE\CommonExtensions\Microsoft\CallHierarchy\cs\Microsoft.VisualStudio.Language.CallHierarchy.Implementation.resources.dll'.
[1a64:0017][2019-09-25T22:13:44] Processing file /de/Microsoft.VisualStudio.Language.CallHierarchy.Implementation.resources.dll
[1a64:0017][2019-09-25T22:13:44] Started: Copying file /de/Microsoft.VisualStudio.Language.CallHierarchy.Implementation.resources.dll to C:\Program Files (x86)\Microsoft Visual Studio\2019\BuildTools\Common7\IDE\CommonExtensions\Microsoft\CallHierarchy\de\Microsoft.VisualStudio.Language.CallHierarchy.Implementation.resources.dll
[1a64:0017][2019-09-25T22:13:44] Completed: Copying file /de/Microsoft.VisualStudio.Language.CallHierarchy.Implementation.resources.dll to C:\Program Files (x86)\Microsoft Visual Studio\2019\BuildTools\Common7\IDE\CommonExtensions\Microsoft\CallHierarchy\de\Microsoft.VisualStudio.Language.CallHierarchy.Implementation.resources.dll
[1a64:0017][2019-09-25T22:13:44] Timestamp updated for file 'C:\Program Files (x86)\Microsoft Visual Studio\2019\BuildTools\Common7\IDE\CommonExtensions\Microsoft\CallHierarchy\de\Microsoft.VisualStudio.Language.CallHierarchy.Implementation.resources.dll'.
[1a64:0017][2019-09-25T22:13:44] Processing file /es/Microsoft.VisualStudio.Language.CallHierarchy.Implementation.resources.dll
[1a64:0017][2019-09-25T22:13:44] Started: Copying file /es/Microsoft.VisualStudio.Language.CallHierarchy.Implementation.resources.dll to C:\Program Files (x86)\Microsoft Visual Studio\2019\BuildTools\Common7\IDE\CommonExtensions\Microsoft\CallHierarchy\es\Microsoft.VisualStudio.Language.CallHierarchy.Implementation.resources.dll
[1a64:0017][2019-09-25T22:13:44] Completed: Copying file /es/Microsoft.VisualStudio.Language.CallHierarchy.Implementation.resources.dll to C:\Program Files (x86)\Microsoft Visual Studio\2019\BuildTools\Common7\IDE\CommonExtensions\Microsoft\CallHierarchy\es\Microsoft.VisualStudio.Language.CallHierarchy.Implementation.resources.dll
[1a64:0017][2019-09-25T22:13:44] Timestamp updated for file 'C:\Program Files (x86)\Microsoft Visual Studio\2019\BuildTools\Common7\IDE\CommonExtensions\Microsoft\CallHierarchy\es\Microsoft.VisualStudio.Language.CallHierarchy.Implementation.resources.dll'.
[1a64:0017][2019-09-25T22:13:44] Processing file /fr/Microsoft.VisualStudio.Language.CallHierarchy.Implementation.resources.dll
[1a64:0017][2019-09-25T22:13:44] Started: Copying file /fr/Microsoft.VisualStudio.Language.CallHierarchy.Implementation.resources.dll to C:\Program Files (x86)\Microsoft Visual Studio\2019\BuildTools\Common7\IDE\CommonExtensions\Microsoft\CallHierarchy\fr\Microsoft.VisualStudio.Language.CallHierarchy.Implementation.resources.dll
[1a64:0017][2019-09-25T22:13:44] Completed: Copying file /fr/Microsoft.VisualStudio.Language.CallHierarchy.Implementation.resources.dll to C:\Program Files (x86)\Microsoft Visual Studio\2019\BuildTools\Common7\IDE\CommonExtensions\Microsoft\CallHierarchy\fr\Microsoft.VisualStudio.Language.CallHierarchy.Implementation.resources.dll
[1a64:0017][2019-09-25T22:13:44] Timestamp updated for file 'C:\Program Files (x86)\Microsoft Visual Studio\2019\BuildTools\Common7\IDE\CommonExtensions\Microsoft\CallHierarchy\fr\Microsoft.VisualStudio.Language.CallHierarchy.Implementation.resources.dll'.
[1a64:0017][2019-09-25T22:13:44] Processing file /it/Microsoft.VisualStudio.Language.CallHierarchy.Implementation.resources.dll
[1a64:0017][2019-09-25T22:13:44] Started: Copying file /it/Microsoft.VisualStudio.Language.CallHierarchy.Implementation.resources.dll to C:\Program Files (x86)\Microsoft Visual Studio\2019\BuildTools\Common7\IDE\CommonExtensions\Microsoft\CallHierarchy\it\Microsoft.VisualStudio.Language.CallHierarchy.Implementation.resources.dll
[1a64:0017][2019-09-25T22:13:44] Completed: Copying file /it/Microsoft.VisualStudio.Language.CallHierarchy.Implementation.resources.dll to C:\Program Files (x86)\Microsoft Visual Studio\2019\BuildTools\Common7\IDE\CommonExtensions\Microsoft\CallHierarchy\it\Microsoft.VisualStudio.Language.CallHierarchy.Implementation.resources.dll
[1a64:0017][2019-09-25T22:13:44] Timestamp updated for file 'C:\Program Files (x86)\Microsoft Visual Studio\2019\BuildTools\Common7\IDE\CommonExtensions\Microsoft\CallHierarchy\it\Microsoft.VisualStudio.Language.CallHierarchy.Implementation.resources.dll'.
[1a64:0017][2019-09-25T22:13:44] Processing file /ja/Microsoft.VisualStudio.Language.CallHierarchy.Implementation.resources.dll
[1a64:0017][2019-09-25T22:13:44] Started: Copying file /ja/Microsoft.VisualStudio.Language.CallHierarchy.Implementation.resources.dll to C:\Program Files (x86)\Microsoft Visual Studio\2019\BuildTools\Common7\IDE\CommonExtensions\Microsoft\CallHierarchy\ja\Microsoft.VisualStudio.Language.CallHierarchy.Implementation.resources.dll
[1a64:0017][2019-09-25T22:13:44] Completed: Copying file /ja/Microsoft.VisualStudio.Language.CallHierarchy.Implementation.resources.dll to C:\Program Files (x86)\Microsoft Visual Studio\2019\BuildTools\Common7\IDE\CommonExtensions\Microsoft\CallHierarchy\ja\Microsoft.VisualStudio.Language.CallHierarchy.Implementation.resources.dll
[1a64:0017][2019-09-25T22:13:44] Timestamp updated for file 'C:\Program Files (x86)\Microsoft Visual Studio\2019\BuildTools\Common7\IDE\CommonExtensions\Microsoft\CallHierarchy\ja\Microsoft.VisualStudio.Language.CallHierarchy.Implementation.resources.dll'.
[1a64:0017][2019-09-25T22:13:44] Processing file /ko/Microsoft.VisualStudio.Language.CallHierarchy.Implementation.resources.dll
[1a64:0017][2019-09-25T22:13:44] Started: Copying file /ko/Microsoft.VisualStudio.Language.CallHierarchy.Implementation.resources.dll to C:\Program Files (x86)\Microsoft Visual Studio\2019\BuildTools\Common7\IDE\CommonExtensions\Microsoft\CallHierarchy\ko\Microsoft.VisualStudio.Language.CallHierarchy.Implementation.resources.dll
[1a64:0017][2019-09-25T22:13:44] Completed: Copying file /ko/Microsoft.VisualStudio.Language.CallHierarchy.Implementation.resources.dll to C:\Program Files (x86)\Microsoft Visual Studio\2019\BuildTools\Common7\IDE\CommonExtensions\Microsoft\CallHierarchy\ko\Microsoft.VisualStudio.Language.CallHierarchy.Implementation.resources.dll
[1a64:0017][2019-09-25T22:13:44] Timestamp updated for file 'C:\Program Files (x86)\Microsoft Visual Studio\2019\BuildTools\Common7\IDE\CommonExtensions\Microsoft\CallHierarchy\ko\Microsoft.VisualStudio.Language.CallHierarchy.Implementation.resources.dll'.
[1a64:0017][2019-09-25T22:13:44] Processing file /manifest.json
[1a64:0017][2019-09-25T22:13:44] Started: Copying file /manifest.json to C:\Program Files (x86)\Microsoft Visual Studio\2019\BuildTools\Common7\IDE\CommonExtensions\Microsoft\CallHierarchy\manifest.json
[1a64:0017][2019-09-25T22:13:44] Completed: Copying file /manifest.json to C:\Program Files (x86)\Microsoft Visual Studio\2019\BuildTools\Common7\IDE\CommonExtensions\Microsoft\CallHierarchy\manifest.json
[1a64:0017][2019-09-25T22:13:44] Timestamp updated for file 'C:\Program Files (x86)\Microsoft Visual Studio\2019\BuildTools\Common7\IDE\CommonExtensions\Microsoft\CallHierarchy\manifest.json'.
[1a64:0017][2019-09-25T22:13:44] Processing file /Microsoft.VisualStudio.Language.CallHierarchy.dll
[1a64:0017][2019-09-25T22:13:44] Started: Copying file /Microsoft.VisualStudio.Language.CallHierarchy.dll to C:\Program Files (x86)\Microsoft Visual Studio\2019\BuildTools\Common7\IDE\CommonExtensions\Microsoft\CallHierarchy\Microsoft.VisualStudio.Language.CallHierarchy.dll
[1a64:0017][2019-09-25T22:13:44] Completed: Copying file /Microsoft.VisualStudio.Language.CallHierarchy.dll to C:\Program Files (x86)\Microsoft Visual Studio\2019\BuildTools\Common7\IDE\CommonExtensions\Microsoft\CallHierarchy\Microsoft.VisualStudio.Language.CallHierarchy.dll
[1a64:0017][2019-09-25T22:13:44] Timestamp updated for file 'C:\Program Files (x86)\Microsoft Visual Studio\2019\BuildTools\Common7\IDE\CommonExtensions\Microsoft\CallHierarchy\Microsoft.VisualStudio.Language.CallHierarchy.dll'.
[1a64:0017][2019-09-25T22:13:44] Processing file /Microsoft.VisualStudio.Language.CallHierarchy.Implementation.dll
[1a64:0017][2019-09-25T22:13:44] Started: Copying file /Microsoft.VisualStudio.Language.CallHierarchy.Implementation.dll to C:\Program Files (x86)\Microsoft Visual Studio\2019\BuildTools\Common7\IDE\CommonExtensions\Microsoft\CallHierarchy\Microsoft.VisualStudio.Language.CallHierarchy.Implementation.dll
[1a64:0017][2019-09-25T22:13:44] Completed: Copying file /Microsoft.VisualStudio.Language.CallHierarchy.Implementation.dll to C:\Program Files (x86)\Microsoft Visual Studio\2019\BuildTools\Common7\IDE\CommonExtensions\Microsoft\CallHierarchy\Microsoft.VisualStudio.Language.CallHierarchy.Implementation.dll
[1a64:0017][2019-09-25T22:13:44] Timestamp updated for file 'C:\Program Files (x86)\Microsoft Visual Studio\2019\BuildTools\Common7\IDE\CommonExtensions\Microsoft\CallHierarchy\Microsoft.VisualStudio.Language.CallHierarchy.Implementation.dll'.
[1a64:0017][2019-09-25T22:13:44] Processing file /Microsoft.VisualStudio.Platform.CallHierarchy.pkgdef
[1a64:0017][2019-09-25T22:13:44] Started: Copying file /Microsoft.VisualStudio.Platform.CallHierarchy.pkgdef to C:\Program Files (x86)\Microsoft Visual Studio\2019\BuildTools\Common7\IDE\CommonExtensions\Microsoft\CallHierarchy\Microsoft.VisualStudio.Platform.CallHierarchy.pkgdef
[1a64:0017][2019-09-25T22:13:44] Completed: Copying file /Microsoft.VisualStudio.Platform.CallHierarchy.pkgdef to C:\Program Files (x86)\Microsoft Visual Studio\2019\BuildTools\Common7\IDE\CommonExtensions\Microsoft\CallHierarchy\Microsoft.VisualStudio.Platform.CallHierarchy.pkgdef
[1a64:0017][2019-09-25T22:13:44] Timestamp updated for file 'C:\Program Files (x86)\Microsoft Visual Studio\2019\BuildTools\Common7\IDE\CommonExtensions\Microsoft\CallHierarchy\Microsoft.VisualStudio.Platform.CallHierarchy.pkgdef'.
[1a64:0017][2019-09-25T22:13:44] Processing file /pl/Microsoft.VisualStudio.Language.CallHierarchy.Implementation.resources.dll
[1a64:0017][2019-09-25T22:13:44] Started: Copying file /pl/Microsoft.VisualStudio.Language.CallHierarchy.Implementation.resources.dll to C:\Program Files (x86)\Microsoft Visual Studio\2019\BuildTools\Common7\IDE\CommonExtensions\Microsoft\CallHierarchy\pl\Microsoft.VisualStudio.Language.CallHierarchy.Implementation.resources.dll
[1a64:0017][2019-09-25T22:13:44] Completed: Copying file /pl/Microsoft.VisualStudio.Language.CallHierarchy.Implementation.resources.dll to C:\Program Files (x86)\Microsoft Visual Studio\2019\BuildTools\Common7\IDE\CommonExtensions\Microsoft\CallHierarchy\pl\Microsoft.VisualStudio.Language.CallHierarchy.Implementation.resources.dll
[1a64:0017][2019-09-25T22:13:44] Timestamp updated for file 'C:\Program Files (x86)\Microsoft Visual Studio\2019\BuildTools\Common7\IDE\CommonExtensions\Microsoft\CallHierarchy\pl\Microsoft.VisualStudio.Language.CallHierarchy.Implementation.resources.dll'.
[1a64:0017][2019-09-25T22:13:44] Processing file /pt-BR/Microsoft.VisualStudio.Language.CallHierarchy.Implementation.resources.dll
[1a64:0017][2019-09-25T22:13:44] Started: Copying file /pt-BR/Microsoft.VisualStudio.Language.CallHierarchy.Implementation.resources.dll to C:\Program Files (x86)\Microsoft Visual Studio\2019\BuildTools\Common7\IDE\CommonExtensions\Microsoft\CallHierarchy\pt-BR\Microsoft.VisualStudio.Language.CallHierarchy.Implementation.resources.dll
[1a64:0017][2019-09-25T22:13:44] Completed: Copying file /pt-BR/Microsoft.VisualStudio.Language.CallHierarchy.Implementation.resources.dll to C:\Program Files (x86)\Microsoft Visual Studio\2019\BuildTools\Common7\IDE\CommonExtensions\Microsoft\CallHierarchy\pt-BR\Microsoft.VisualStudio.Language.CallHierarchy.Implementation.resources.dll
[1a64:0017][2019-09-25T22:13:44] Timestamp updated for file 'C:\Program Files (x86)\Microsoft Visual Studio\2019\BuildTools\Common7\IDE\CommonExtensions\Microsoft\CallHierarchy\pt-BR\Microsoft.VisualStudio.Language.CallHierarchy.Implementation.resources.dll'.
[1a64:0017][2019-09-25T22:13:44] Processing file /ru/Microsoft.VisualStudio.Language.CallHierarchy.Implementation.resources.dll
[1a64:0017][2019-09-25T22:13:44] Started: Copying file /ru/Microsoft.VisualStudio.Language.CallHierarchy.Implementation.resources.dll to C:\Program Files (x86)\Microsoft Visual Studio\2019\BuildTools\Common7\IDE\CommonExtensions\Microsoft\CallHierarchy\ru\Microsoft.VisualStudio.Language.CallHierarchy.Implementation.resources.dll
[1a64:0017][2019-09-25T22:13:44] Completed: Copying file /ru/Microsoft.VisualStudio.Language.CallHierarchy.Implementation.resources.dll to C:\Program Files (x86)\Microsoft Visual Studio\2019\BuildTools\Common7\IDE\CommonExtensions\Microsoft\CallHierarchy\ru\Microsoft.VisualStudio.Language.CallHierarchy.Implementation.resources.dll
[1a64:0017][2019-09-25T22:13:44] Timestamp updated for file 'C:\Program Files (x86)\Microsoft Visual Studio\2019\BuildTools\Common7\IDE\CommonExtensions\Microsoft\CallHierarchy\ru\Microsoft.VisualStudio.Language.CallHierarchy.Implementation.resources.dll'.
[1a64:0017][2019-09-25T22:13:44] Processing file /tr/Microsoft.VisualStudio.Language.CallHierarchy.Implementation.resources.dll
[1a64:0017][2019-09-25T22:13:44] Started: Copying file /tr/Microsoft.VisualStudio.Language.CallHierarchy.Implementation.resources.dll to C:\Program Files (x86)\Microsoft Visual Studio\2019\BuildTools\Common7\IDE\CommonExtensions\Microsoft\CallHierarchy\tr\Microsoft.VisualStudio.Language.CallHierarchy.Implementation.resources.dll
[1a64:0017][2019-09-25T22:13:44] Completed: Copying file /tr/Microsoft.VisualStudio.Language.CallHierarchy.Implementation.resources.dll to C:\Program Files (x86)\Microsoft Visual Studio\2019\BuildTools\Common7\IDE\CommonExtensions\Microsoft\CallHierarchy\tr\Microsoft.VisualStudio.Language.CallHierarchy.Implementation.resources.dll
[1a64:0017][2019-09-25T22:13:44] Timestamp updated for file 'C:\Program Files (x86)\Microsoft Visual Studio\2019\BuildTools\Common7\IDE\CommonExtensions\Microsoft\CallHierarchy\tr\Microsoft.VisualStudio.Language.CallHierarchy.Implementation.resources.dll'.
[1a64:0017][2019-09-25T22:13:44] Processing file /zh-Hans/Microsoft.VisualStudio.Language.CallHierarchy.Implementation.resources.dll
[1a64:0017][2019-09-25T22:13:44] Started: Copying file /zh-Hans/Microsoft.VisualStudio.Language.CallHierarchy.Implementation.resources.dll to C:\Program Files (x86)\Microsoft Visual Studio\2019\BuildTools\Common7\IDE\CommonExtensions\Microsoft\CallHierarchy\zh-Hans\Microsoft.VisualStudio.Language.CallHierarchy.Implementation.resources.dll
[1a64:0017][2019-09-25T22:13:44] Completed: Copying file /zh-Hans/Microsoft.VisualStudio.Language.CallHierarchy.Implementation.resources.dll to C:\Program Files (x86)\Microsoft Visual Studio\2019\BuildTools\Common7\IDE\CommonExtensions\Microsoft\CallHierarchy\zh-Hans\Microsoft.VisualStudio.Language.CallHierarchy.Implementation.resources.dll
[1a64:0017][2019-09-25T22:13:44] Timestamp updated for file 'C:\Program Files (x86)\Microsoft Visual Studio\2019\BuildTools\Common7\IDE\CommonExtensions\Microsoft\CallHierarchy\zh-Hans\Microsoft.VisualStudio.Language.CallHierarchy.Implementation.resources.dll'.
[1a64:0017][2019-09-25T22:13:44] Processing file /zh-Hant/Microsoft.VisualStudio.Language.CallHierarchy.Implementation.resources.dll
[1a64:0017][2019-09-25T22:13:44] Started: Copying file /zh-Hant/Microsoft.VisualStudio.Language.CallHierarchy.Implementation.resources.dll to C:\Program Files (x86)\Microsoft Visual Studio\2019\BuildTools\Common7\IDE\CommonExtensions\Microsoft\CallHierarchy\zh-Hant\Microsoft.VisualStudio.Language.CallHierarchy.Implementation.resources.dll
[1a64:0017][2019-09-25T22:13:44] Completed: Copying file /zh-Hant/Microsoft.VisualStudio.Language.CallHierarchy.Implementation.resources.dll to C:\Program Files (x86)\Microsoft Visual Studio\2019\BuildTools\Common7\IDE\CommonExtensions\Microsoft\CallHierarchy\zh-Hant\Microsoft.VisualStudio.Language.CallHierarchy.Implementation.resources.dll
[1a64:0017][2019-09-25T22:13:44] Timestamp updated for file 'C:\Program Files (x86)\Microsoft Visual Studio\2019\BuildTools\Common7\IDE\CommonExtensions\Microsoft\CallHierarchy\zh-Hant\Microsoft.VisualStudio.Language.CallHierarchy.Implementation.resources.dll'.
[1a64:0017][2019-09-25T22:13:44] Processing file /extension.vsixmanifest
[1a64:0017][2019-09-25T22:13:44] Started: Copying file /extension.vsixmanifest to C:\Program Files (x86)\Microsoft Visual Studio\2019\BuildTools\Common7\IDE\CommonExtensions\Microsoft\CallHierarchy\extension.vsixmanifest
[1a64:0017][2019-09-25T22:13:44] Completed: Copying file /extension.vsixmanifest to C:\Program Files (x86)\Microsoft Visual Studio\2019\BuildTools\Common7\IDE\CommonExtensions\Microsoft\CallHierarchy\extension.vsixmanifest
[1a64:0017][2019-09-25T22:13:44] Timestamp updated for file 'C:\Program Files (x86)\Microsoft Visual Studio\2019\BuildTools\Common7\IDE\CommonExtensions\Microsoft\CallHierarchy\extension.vsixmanifest'.
[1a64:0017][2019-09-25T22:13:44] Package executed successfully. Return code: 0
