[1a64:0017][2019-09-25T22:13:47] Opening the package for processing
[1a64:0017][2019-09-25T22:13:47] Using package payload to get the embedded manifest
[1a64:0017][2019-09-25T22:13:47] Getting list of files within the package
[1a64:0017][2019-09-25T22:13:47] Processing file /Contents/Common7/IDE/CommonExtensions/Microsoft/ClientDiagnostics/ClientDiagnostics.pkgdef
[1a64:0017][2019-09-25T22:13:47] Started: Copying file /Contents/Common7/IDE/CommonExtensions/Microsoft/ClientDiagnostics/ClientDiagnostics.pkgdef to C:\Program Files (x86)\Microsoft Visual Studio\2019\BuildTools\Common7\IDE\CommonExtensions\Microsoft\ClientDiagnostics\ClientDiagnostics.pkgdef
[1a64:0017][2019-09-25T22:13:47] Completed: Copying file /Contents/Common7/IDE/CommonExtensions/Microsoft/ClientDiagnostics/ClientDiagnostics.pkgdef to C:\Program Files (x86)\Microsoft Visual Studio\2019\BuildTools\Common7\IDE\CommonExtensions\Microsoft\ClientDiagnostics\ClientDiagnostics.pkgdef
[1a64:0017][2019-09-25T22:13:47] Timestamp updated for file 'C:\Program Files (x86)\Microsoft Visual Studio\2019\BuildTools\Common7\IDE\CommonExtensions\Microsoft\ClientDiagnostics\ClientDiagnostics.pkgdef'.
[1a64:0017][2019-09-25T22:13:47] Processing file /Contents/Common7/IDE/CommonExtensions/Microsoft/ClientDiagnostics/CommonColors.pkgdef
[1a64:0017][2019-09-25T22:13:47] Started: Copying file /Contents/Common7/IDE/CommonExtensions/Microsoft/ClientDiagnostics/CommonColors.pkgdef to C:\Program Files (x86)\Microsoft Visual Studio\2019\BuildTools\Common7\IDE\CommonExtensions\Microsoft\ClientDiagnostics\CommonColors.pkgdef
[1a64:0017][2019-09-25T22:13:47] Completed: Copying file /Contents/Common7/IDE/CommonExtensions/Microsoft/ClientDiagnostics/CommonColors.pkgdef to C:\Program Files (x86)\Microsoft Visual Studio\2019\BuildTools\Common7\IDE\CommonExtensions\Microsoft\ClientDiagnostics\CommonColors.pkgdef
[1a64:0017][2019-09-25T22:13:47] Timestamp updated for file 'C:\Program Files (x86)\Microsoft Visual Studio\2019\BuildTools\Common7\IDE\CommonExtensions\Microsoft\ClientDiagnostics\CommonColors.pkgdef'.
[1a64:0017][2019-09-25T22:13:47] Processing file /Contents/Common7/IDE/CommonExtensions/Microsoft/ClientDiagnostics/default.natjmc
[1a64:0017][2019-09-25T22:13:47] Started: Copying file /Contents/Common7/IDE/CommonExtensions/Microsoft/ClientDiagnostics/default.natjmc to C:\Program Files (x86)\Microsoft Visual Studio\2019\BuildTools\Common7\IDE\CommonExtensions\Microsoft\ClientDiagnostics\default.natjmc
[1a64:0017][2019-09-25T22:13:47] Completed: Copying file /Contents/Common7/IDE/CommonExtensions/Microsoft/ClientDiagnostics/default.natjmc to C:\Program Files (x86)\Microsoft Visual Studio\2019\BuildTools\Common7\IDE\CommonExtensions\Microsoft\ClientDiagnostics\default.natjmc
[1a64:0017][2019-09-25T22:13:47] Timestamp updated for file 'C:\Program Files (x86)\Microsoft Visual Studio\2019\BuildTools\Common7\IDE\CommonExtensions\Microsoft\ClientDiagnostics\default.natjmc'.
[1a64:0017][2019-09-25T22:13:47] Processing file /Contents/Common7/IDE/CommonExtensions/Microsoft/ClientDiagnostics/MemoryProfiler/Collection.manifest.json
[1a64:0017][2019-09-25T22:13:47] Started: Copying file /Contents/Common7/IDE/CommonExtensions/Microsoft/ClientDiagnostics/MemoryProfiler/Collection.manifest.json to C:\Program Files (x86)\Microsoft Visual Studio\2019\BuildTools\Common7\IDE\CommonExtensions\Microsoft\ClientDiagnostics\MemoryProfiler\Collection.manifest.json
[1a64:0017][2019-09-25T22:13:47] Completed: Copying file /Contents/Common7/IDE/CommonExtensions/Microsoft/ClientDiagnostics/MemoryProfiler/Collection.manifest.json to C:\Program Files (x86)\Microsoft Visual Studio\2019\BuildTools\Common7\IDE\CommonExtensions\Microsoft\ClientDiagnostics\MemoryProfiler\Collection.manifest.json
[1a64:0017][2019-09-25T22:13:47] Timestamp updated for file 'C:\Program Files (x86)\Microsoft Visual Studio\2019\BuildTools\Common7\IDE\CommonExtensions\Microsoft\ClientDiagnostics\MemoryProfiler\Collection.manifest.json'.
[1a64:0017][2019-09-25T22:13:47] Processing file /Contents/Common7/IDE/CommonExtensions/Microsoft/ClientDiagnostics/MemoryProfiler/Details.manifest.json
[1a64:0017][2019-09-25T22:13:47] Started: Copying file /Contents/Common7/IDE/CommonExtensions/Microsoft/ClientDiagnostics/MemoryProfiler/Details.manifest.json to C:\Program Files (x86)\Microsoft Visual Studio\2019\BuildTools\Common7\IDE\CommonExtensions\Microsoft\ClientDiagnostics\MemoryProfiler\Details.manifest.json
[1a64:0017][2019-09-25T22:13:47] Completed: Copying file /Contents/Common7/IDE/CommonExtensions/Microsoft/ClientDiagnostics/MemoryProfiler/Details.manifest.json to C:\Program Files (x86)\Microsoft Visual Studio\2019\BuildTools\Common7\IDE\CommonExtensions\Microsoft\ClientDiagnostics\MemoryProfiler\Details.manifest.json
[1a64:0017][2019-09-25T22:13:47] Timestamp updated for file 'C:\Program Files (x86)\Microsoft Visual Studio\2019\BuildTools\Common7\IDE\CommonExtensions\Microsoft\ClientDiagnostics\MemoryProfiler\Details.manifest.json'.
[1a64:0017][2019-09-25T22:13:47] Processing file /Contents/Common7/IDE/CommonExtensions/Microsoft/ClientDiagnostics/MemoryProfiler/Microsoft.VisualStudio.Diagnostics.ManagedHeapAnalyzer.dll
[1a64:0017][2019-09-25T22:13:47] Started: Copying file /Contents/Common7/IDE/CommonExtensions/Microsoft/ClientDiagnostics/MemoryProfiler/Microsoft.VisualStudio.Diagnostics.ManagedHeapAnalyzer.dll to C:\Program Files (x86)\Microsoft Visual Studio\2019\BuildTools\Common7\IDE\CommonExtensions\Microsoft\ClientDiagnostics\MemoryProfiler\Microsoft.VisualStudio.Diagnostics.ManagedHeapAnalyzer.dll
[1a64:0017][2019-09-25T22:13:47] Completed: Copying file /Contents/Common7/IDE/CommonExtensions/Microsoft/ClientDiagnostics/MemoryProfiler/Microsoft.VisualStudio.Diagnostics.ManagedHeapAnalyzer.dll to C:\Program Files (x86)\Microsoft Visual Studio\2019\BuildTools\Common7\IDE\CommonExtensions\Microsoft\ClientDiagnostics\MemoryProfiler\Microsoft.VisualStudio.Diagnostics.ManagedHeapAnalyzer.dll
[1a64:0017][2019-09-25T22:13:47] Timestamp updated for file 'C:\Program Files (x86)\Microsoft Visual Studio\2019\BuildTools\Common7\IDE\CommonExtensions\Microsoft\ClientDiagnostics\MemoryProfiler\Microsoft.VisualStudio.Diagnostics.ManagedHeapAnalyzer.dll'.
[1a64:0017][2019-09-25T22:13:47] Processing file /Contents/Common7/IDE/CommonExtensions/Microsoft/ClientDiagnostics/MemoryProfiler/Microsoft.VisualStudio.MemoryProfiler.dll
[1a64:0017][2019-09-25T22:13:47] Started: Copying file /Contents/Common7/IDE/CommonExtensions/Microsoft/ClientDiagnostics/MemoryProfiler/Microsoft.VisualStudio.MemoryProfiler.dll to C:\Program Files (x86)\Microsoft Visual Studio\2019\BuildTools\Common7\IDE\CommonExtensions\Microsoft\ClientDiagnostics\MemoryProfiler\Microsoft.VisualStudio.MemoryProfiler.dll
[1a64:0017][2019-09-25T22:13:47] Completed: Copying file /Contents/Common7/IDE/CommonExtensions/Microsoft/ClientDiagnostics/MemoryProfiler/Microsoft.VisualStudio.MemoryProfiler.dll to C:\Program Files (x86)\Microsoft Visual Studio\2019\BuildTools\Common7\IDE\CommonExtensions\Microsoft\ClientDiagnostics\MemoryProfiler\Microsoft.VisualStudio.MemoryProfiler.dll
[1a64:0017][2019-09-25T22:13:47] Timestamp updated for file 'C:\Program Files (x86)\Microsoft Visual Studio\2019\BuildTools\Common7\IDE\CommonExtensions\Microsoft\ClientDiagnostics\MemoryProfiler\Microsoft.VisualStudio.MemoryProfiler.dll'.
[1a64:0017][2019-09-25T22:13:47] Processing file /Contents/Common7/IDE/CommonExtensions/Microsoft/ClientDiagnostics/MemoryProfiler/Summary.manifest.json
[1a64:0017][2019-09-25T22:13:47] Started: Copying file /Contents/Common7/IDE/CommonExtensions/Microsoft/ClientDiagnostics/MemoryProfiler/Summary.manifest.json to C:\Program Files (x86)\Microsoft Visual Studio\2019\BuildTools\Common7\IDE\CommonExtensions\Microsoft\ClientDiagnostics\MemoryProfiler\Summary.manifest.json
[1a64:0017][2019-09-25T22:13:47] Completed: Copying file /Contents/Common7/IDE/CommonExtensions/Microsoft/ClientDiagnostics/MemoryProfiler/Summary.manifest.json to C:\Program Files (x86)\Microsoft Visual Studio\2019\BuildTools\Common7\IDE\CommonExtensions\Microsoft\ClientDiagnostics\MemoryProfiler\Summary.manifest.json
[1a64:0017][2019-09-25T22:13:47] Timestamp updated for file 'C:\Program Files (x86)\Microsoft Visual Studio\2019\BuildTools\Common7\IDE\CommonExtensions\Microsoft\ClientDiagnostics\MemoryProfiler\Summary.manifest.json'.
[1a64:0017][2019-09-25T22:13:47] Processing file /Contents/Common7/IDE/CommonExtensions/Microsoft/ClientDiagnostics/MemoryProfiler/UnsupportedVersionView.manifest.json
[1a64:0017][2019-09-25T22:13:47] Started: Copying file /Contents/Common7/IDE/CommonExtensions/Microsoft/ClientDiagnostics/MemoryProfiler/UnsupportedVersionView.manifest.json to C:\Program Files (x86)\Microsoft Visual Studio\2019\BuildTools\Common7\IDE\CommonExtensions\Microsoft\ClientDiagnostics\MemoryProfiler\UnsupportedVersionView.manifest.json
[1a64:0017][2019-09-25T22:13:47] Completed: Copying file /Contents/Common7/IDE/CommonExtensions/Microsoft/ClientDiagnostics/MemoryProfiler/UnsupportedVersionView.manifest.json to C:\Program Files (x86)\Microsoft Visual Studio\2019\BuildTools\Common7\IDE\CommonExtensions\Microsoft\ClientDiagnostics\MemoryProfiler\UnsupportedVersionView.manifest.json
[1a64:0017][2019-09-25T22:13:47] Timestamp updated for file 'C:\Program Files (x86)\Microsoft Visual Studio\2019\BuildTools\Common7\IDE\CommonExtensions\Microsoft\ClientDiagnostics\MemoryProfiler\UnsupportedVersionView.manifest.json'.
[1a64:0017][2019-09-25T22:13:47] Processing file /Contents/Common7/IDE/CommonExtensions/Microsoft/ClientDiagnostics/MemoryProfiler/Views/Collection/collection.html
[1a64:0017][2019-09-25T22:13:47] Started: Copying file /Contents/Common7/IDE/CommonExtensions/Microsoft/ClientDiagnostics/MemoryProfiler/Views/Collection/collection.html to C:\Program Files (x86)\Microsoft Visual Studio\2019\BuildTools\Common7\IDE\CommonExtensions\Microsoft\ClientDiagnostics\MemoryProfiler\Views\Collection\collection.html
[1a64:0017][2019-09-25T22:13:47] Completed: Copying file /Contents/Common7/IDE/CommonExtensions/Microsoft/ClientDiagnostics/MemoryProfiler/Views/Collection/collection.html to C:\Program Files (x86)\Microsoft Visual Studio\2019\BuildTools\Common7\IDE\CommonExtensions\Microsoft\ClientDiagnostics\MemoryProfiler\Views\Collection\collection.html
[1a64:0017][2019-09-25T22:13:47] Timestamp updated for file 'C:\Program Files (x86)\Microsoft Visual Studio\2019\BuildTools\Common7\IDE\CommonExtensions\Microsoft\ClientDiagnostics\MemoryProfiler\Views\Collection\collection.html'.
[1a64:0017][2019-09-25T22:13:47] Processing file /Contents/Common7/IDE/CommonExtensions/Microsoft/ClientDiagnostics/MemoryProfiler/Views/Collection/CSS/CollectionView.css
[1a64:0017][2019-09-25T22:13:47] Started: Copying file /Contents/Common7/IDE/CommonExtensions/Microsoft/ClientDiagnostics/MemoryProfiler/Views/Collection/CSS/CollectionView.css to C:\Program Files (x86)\Microsoft Visual Studio\2019\BuildTools\Common7\IDE\CommonExtensions\Microsoft\ClientDiagnostics\MemoryProfiler\Views\Collection\CSS\CollectionView.css
[1a64:0017][2019-09-25T22:13:47] Completed: Copying file /Contents/Common7/IDE/CommonExtensions/Microsoft/ClientDiagnostics/MemoryProfiler/Views/Collection/CSS/CollectionView.css to C:\Program Files (x86)\Microsoft Visual Studio\2019\BuildTools\Common7\IDE\CommonExtensions\Microsoft\ClientDiagnostics\MemoryProfiler\Views\Collection\CSS\CollectionView.css
[1a64:0017][2019-09-25T22:13:47] Timestamp updated for file 'C:\Program Files (x86)\Microsoft Visual Studio\2019\BuildTools\Common7\IDE\CommonExtensions\Microsoft\ClientDiagnostics\MemoryProfiler\Views\Collection\CSS\CollectionView.css'.
[1a64:0017][2019-09-25T22:13:47] Processing file /Contents/Common7/IDE/CommonExtensions/Microsoft/ClientDiagnostics/MemoryProfiler/Views/Collection/CSS/SnapshotTileView.css
[1a64:0017][2019-09-25T22:13:47] Started: Copying file /Contents/Common7/IDE/CommonExtensions/Microsoft/ClientDiagnostics/MemoryProfiler/Views/Collection/CSS/SnapshotTileView.css to C:\Program Files (x86)\Microsoft Visual Studio\2019\BuildTools\Common7\IDE\CommonExtensions\Microsoft\ClientDiagnostics\MemoryProfiler\Views\Collection\CSS\SnapshotTileView.css
[1a64:0017][2019-09-25T22:13:47] Completed: Copying file /Contents/Common7/IDE/CommonExtensions/Microsoft/ClientDiagnostics/MemoryProfiler/Views/Collection/CSS/SnapshotTileView.css to C:\Program Files (x86)\Microsoft Visual Studio\2019\BuildTools\Common7\IDE\CommonExtensions\Microsoft\ClientDiagnostics\MemoryProfiler\Views\Collection\CSS\SnapshotTileView.css
[1a64:0017][2019-09-25T22:13:47] Timestamp updated for file 'C:\Program Files (x86)\Microsoft Visual Studio\2019\BuildTools\Common7\IDE\CommonExtensions\Microsoft\ClientDiagnostics\MemoryProfiler\Views\Collection\CSS\SnapshotTileView.css'.
[1a64:0017][2019-09-25T22:13:47] Processing file /Contents/Common7/IDE/CommonExtensions/Microsoft/ClientDiagnostics/MemoryProfiler/Views/Collection/CSS/Toolbar.css
[1a64:0017][2019-09-25T22:13:47] Started: Copying file /Contents/Common7/IDE/CommonExtensions/Microsoft/ClientDiagnostics/MemoryProfiler/Views/Collection/CSS/Toolbar.css to C:\Program Files (x86)\Microsoft Visual Studio\2019\BuildTools\Common7\IDE\CommonExtensions\Microsoft\ClientDiagnostics\MemoryProfiler\Views\Collection\CSS\Toolbar.css
[1a64:0017][2019-09-25T22:13:47] Completed: Copying file /Contents/Common7/IDE/CommonExtensions/Microsoft/ClientDiagnostics/MemoryProfiler/Views/Collection/CSS/Toolbar.css to C:\Program Files (x86)\Microsoft Visual Studio\2019\BuildTools\Common7\IDE\CommonExtensions\Microsoft\ClientDiagnostics\MemoryProfiler\Views\Collection\CSS\Toolbar.css
[1a64:0017][2019-09-25T22:13:47] Timestamp updated for file 'C:\Program Files (x86)\Microsoft Visual Studio\2019\BuildTools\Common7\IDE\CommonExtensions\Microsoft\ClientDiagnostics\MemoryProfiler\Views\Collection\CSS\Toolbar.css'.
[1a64:0017][2019-09-25T22:13:47] Processing file /Contents/Common7/IDE/CommonExtensions/Microsoft/ClientDiagnostics/MemoryProfiler/Views/Collection/Images/ForceGarbageCollection.svg
[1a64:0017][2019-09-25T22:13:47] Started: Copying file /Contents/Common7/IDE/CommonExtensions/Microsoft/ClientDiagnostics/MemoryProfiler/Views/Collection/Images/ForceGarbageCollection.svg to C:\Program Files (x86)\Microsoft Visual Studio\2019\BuildTools\Common7\IDE\CommonExtensions\Microsoft\ClientDiagnostics\MemoryProfiler\Views\Collection\Images\ForceGarbageCollection.svg
[1a64:0017][2019-09-25T22:13:47] Completed: Copying file /Contents/Common7/IDE/CommonExtensions/Microsoft/ClientDiagnostics/MemoryProfiler/Views/Collection/Images/ForceGarbageCollection.svg to C:\Program Files (x86)\Microsoft Visual Studio\2019\BuildTools\Common7\IDE\CommonExtensions\Microsoft\ClientDiagnostics\MemoryProfiler\Views\Collection\Images\ForceGarbageCollection.svg
[1a64:0017][2019-09-25T22:13:47] Timestamp updated for file 'C:\Program Files (x86)\Microsoft Visual Studio\2019\BuildTools\Common7\IDE\CommonExtensions\Microsoft\ClientDiagnostics\MemoryProfiler\Views\Collection\Images\ForceGarbageCollection.svg'.
[1a64:0017][2019-09-25T22:13:47] Processing file /Contents/Common7/IDE/CommonExtensions/Microsoft/ClientDiagnostics/MemoryProfiler/Views/Collection/Images/ForceGarbageCollectionDisabled.svg
[1a64:0017][2019-09-25T22:13:47] Started: Copying file /Contents/Common7/IDE/CommonExtensions/Microsoft/ClientDiagnostics/MemoryProfiler/Views/Collection/Images/ForceGarbageCollectionDisabled.svg to C:\Program Files (x86)\Microsoft Visual Studio\2019\BuildTools\Common7\IDE\CommonExtensions\Microsoft\ClientDiagnostics\MemoryProfiler\Views\Collection\Images\ForceGarbageCollectionDisabled.svg
[1a64:0017][2019-09-25T22:13:47] Completed: Copying file /Contents/Common7/IDE/CommonExtensions/Microsoft/ClientDiagnostics/MemoryProfiler/Views/Collection/Images/ForceGarbageCollectionDisabled.svg to C:\Program Files (x86)\Microsoft Visual Studio\2019\BuildTools\Common7\IDE\CommonExtensions\Microsoft\ClientDiagnostics\MemoryProfiler\Views\Collection\Images\ForceGarbageCollectionDisabled.svg
[1a64:0017][2019-09-25T22:13:47] Timestamp updated for file 'C:\Program Files (x86)\Microsoft Visual Studio\2019\BuildTools\Common7\IDE\CommonExtensions\Microsoft\ClientDiagnostics\MemoryProfiler\Views\Collection\Images\ForceGarbageCollectionDisabled.svg'.
[1a64:0017][2019-09-25T22:13:47] Processing file /Contents/Common7/IDE/CommonExtensions/Microsoft/ClientDiagnostics/MemoryProfiler/Views/Collection/Images/takeSnapshot.svg
[1a64:0017][2019-09-25T22:13:47] Started: Copying file /Contents/Common7/IDE/CommonExtensions/Microsoft/ClientDiagnostics/MemoryProfiler/Views/Collection/Images/takeSnapshot.svg to C:\Program Files (x86)\Microsoft Visual Studio\2019\BuildTools\Common7\IDE\CommonExtensions\Microsoft\ClientDiagnostics\MemoryProfiler\Views\Collection\Images\takeSnapshot.svg
[1a64:0017][2019-09-25T22:13:47] Completed: Copying file /Contents/Common7/IDE/CommonExtensions/Microsoft/ClientDiagnostics/MemoryProfiler/Views/Collection/Images/takeSnapshot.svg to C:\Program Files (x86)\Microsoft Visual Studio\2019\BuildTools\Common7\IDE\CommonExtensions\Microsoft\ClientDiagnostics\MemoryProfiler\Views\Collection\Images\takeSnapshot.svg
[1a64:0017][2019-09-25T22:13:47] Timestamp updated for file 'C:\Program Files (x86)\Microsoft Visual Studio\2019\BuildTools\Common7\IDE\CommonExtensions\Microsoft\ClientDiagnostics\MemoryProfiler\Views\Collection\Images\takeSnapshot.svg'.
[1a64:0017][2019-09-25T22:13:47] Processing file /Contents/Common7/IDE/CommonExtensions/Microsoft/ClientDiagnostics/MemoryProfiler/Views/Collection/Images/takeSnapshotDisabled.svg
[1a64:0017][2019-09-25T22:13:47] Started: Copying file /Contents/Common7/IDE/CommonExtensions/Microsoft/ClientDiagnostics/MemoryProfiler/Views/Collection/Images/takeSnapshotDisabled.svg to C:\Program Files (x86)\Microsoft Visual Studio\2019\BuildTools\Common7\IDE\CommonExtensions\Microsoft\ClientDiagnostics\MemoryProfiler\Views\Collection\Images\takeSnapshotDisabled.svg
[1a64:0017][2019-09-25T22:13:47] Completed: Copying file /Contents/Common7/IDE/CommonExtensions/Microsoft/ClientDiagnostics/MemoryProfiler/Views/Collection/Images/takeSnapshotDisabled.svg to C:\Program Files (x86)\Microsoft Visual Studio\2019\BuildTools\Common7\IDE\CommonExtensions\Microsoft\ClientDiagnostics\MemoryProfiler\Views\Collection\Images\takeSnapshotDisabled.svg
[1a64:0017][2019-09-25T22:13:47] Timestamp updated for file 'C:\Program Files (x86)\Microsoft Visual Studio\2019\BuildTools\Common7\IDE\CommonExtensions\Microsoft\ClientDiagnostics\MemoryProfiler\Views\Collection\Images\takeSnapshotDisabled.svg'.
[1a64:0017][2019-09-25T22:13:47] Processing file /Contents/Common7/IDE/CommonExtensions/Microsoft/ClientDiagnostics/MemoryProfiler/Views/Collection/Resources/Resources.resx
[1a64:0017][2019-09-25T22:13:47] Started: Copying file /Contents/Common7/IDE/CommonExtensions/Microsoft/ClientDiagnostics/MemoryProfiler/Views/Collection/Resources/Resources.resx to C:\Program Files (x86)\Microsoft Visual Studio\2019\BuildTools\Common7\IDE\CommonExtensions\Microsoft\ClientDiagnostics\MemoryProfiler\Views\Collection\Resources\Resources.resx
[1a64:0017][2019-09-25T22:13:47] Completed: Copying file /Contents/Common7/IDE/CommonExtensions/Microsoft/ClientDiagnostics/MemoryProfiler/Views/Collection/Resources/Resources.resx to C:\Program Files (x86)\Microsoft Visual Studio\2019\BuildTools\Common7\IDE\CommonExtensions\Microsoft\ClientDiagnostics\MemoryProfiler\Views\Collection\Resources\Resources.resx
[1a64:0017][2019-09-25T22:13:47] Timestamp updated for file 'C:\Program Files (x86)\Microsoft Visual Studio\2019\BuildTools\Common7\IDE\CommonExtensions\Microsoft\ClientDiagnostics\MemoryProfiler\Views\Collection\Resources\Resources.resx'.
[1a64:0017][2019-09-25T22:13:47] Processing file /Contents/Common7/IDE/CommonExtensions/Microsoft/ClientDiagnostics/MemoryProfiler/Views/Collection/Script/CollectionViewMerged.js
[1a64:0017][2019-09-25T22:13:47] Started: Copying file /Contents/Common7/IDE/CommonExtensions/Microsoft/ClientDiagnostics/MemoryProfiler/Views/Collection/Script/CollectionViewMerged.js to C:\Program Files (x86)\Microsoft Visual Studio\2019\BuildTools\Common7\IDE\CommonExtensions\Microsoft\ClientDiagnostics\MemoryProfiler\Views\Collection\Script\CollectionViewMerged.js
[1a64:0017][2019-09-25T22:13:47] Completed: Copying file /Contents/Common7/IDE/CommonExtensions/Microsoft/ClientDiagnostics/MemoryProfiler/Views/Collection/Script/CollectionViewMerged.js to C:\Program Files (x86)\Microsoft Visual Studio\2019\BuildTools\Common7\IDE\CommonExtensions\Microsoft\ClientDiagnostics\MemoryProfiler\Views\Collection\Script\CollectionViewMerged.js
[1a64:0017][2019-09-25T22:13:47] Timestamp updated for file 'C:\Program Files (x86)\Microsoft Visual Studio\2019\BuildTools\Common7\IDE\CommonExtensions\Microsoft\ClientDiagnostics\MemoryProfiler\Views\Collection\Script\CollectionViewMerged.js'.
[1a64:0017][2019-09-25T22:13:47] Processing file /Contents/Common7/IDE/CommonExtensions/Microsoft/ClientDiagnostics/MemoryProfiler/Views/Common/CSS/TabControl.css
[1a64:0017][2019-09-25T22:13:47] Started: Copying file /Contents/Common7/IDE/CommonExtensions/Microsoft/ClientDiagnostics/MemoryProfiler/Views/Common/CSS/TabControl.css to C:\Program Files (x86)\Microsoft Visual Studio\2019\BuildTools\Common7\IDE\CommonExtensions\Microsoft\ClientDiagnostics\MemoryProfiler\Views\Common\CSS\TabControl.css
[1a64:0017][2019-09-25T22:13:47] Completed: Copying file /Contents/Common7/IDE/CommonExtensions/Microsoft/ClientDiagnostics/MemoryProfiler/Views/Common/CSS/TabControl.css to C:\Program Files (x86)\Microsoft Visual Studio\2019\BuildTools\Common7\IDE\CommonExtensions\Microsoft\ClientDiagnostics\MemoryProfiler\Views\Common\CSS\TabControl.css
[1a64:0017][2019-09-25T22:13:47] Timestamp updated for file 'C:\Program Files (x86)\Microsoft Visual Studio\2019\BuildTools\Common7\IDE\CommonExtensions\Microsoft\ClientDiagnostics\MemoryProfiler\Views\Common\CSS\TabControl.css'.
[1a64:0017][2019-09-25T22:13:47] Processing file /Contents/Common7/IDE/CommonExtensions/Microsoft/ClientDiagnostics/MemoryProfiler/Views/Common/Images/i_warning.png
[1a64:0017][2019-09-25T22:13:47] Started: Copying file /Contents/Common7/IDE/CommonExtensions/Microsoft/ClientDiagnostics/MemoryProfiler/Views/Common/Images/i_warning.png to C:\Program Files (x86)\Microsoft Visual Studio\2019\BuildTools\Common7\IDE\CommonExtensions\Microsoft\ClientDiagnostics\MemoryProfiler\Views\Common\Images\i_warning.png
[1a64:0017][2019-09-25T22:13:47] Completed: Copying file /Contents/Common7/IDE/CommonExtensions/Microsoft/ClientDiagnostics/MemoryProfiler/Views/Common/Images/i_warning.png to C:\Program Files (x86)\Microsoft Visual Studio\2019\BuildTools\Common7\IDE\CommonExtensions\Microsoft\ClientDiagnostics\MemoryProfiler\Views\Common\Images\i_warning.png
[1a64:0017][2019-09-25T22:13:47] Timestamp updated for file 'C:\Program Files (x86)\Microsoft Visual Studio\2019\BuildTools\Common7\IDE\CommonExtensions\Microsoft\ClientDiagnostics\MemoryProfiler\Views\Common\Images\i_warning.png'.
[1a64:0017][2019-09-25T22:13:47] Processing file /Contents/Common7/IDE/CommonExtensions/Microsoft/ClientDiagnostics/MemoryProfiler/Views/Common/Script/CommonMerged.js
[1a64:0017][2019-09-25T22:13:47] Started: Copying file /Contents/Common7/IDE/CommonExtensions/Microsoft/ClientDiagnostics/MemoryProfiler/Views/Common/Script/CommonMerged.js to C:\Program Files (x86)\Microsoft Visual Studio\2019\BuildTools\Common7\IDE\CommonExtensions\Microsoft\ClientDiagnostics\MemoryProfiler\Views\Common\Script\CommonMerged.js
[1a64:0017][2019-09-25T22:13:47] Completed: Copying file /Contents/Common7/IDE/CommonExtensions/Microsoft/ClientDiagnostics/MemoryProfiler/Views/Common/Script/CommonMerged.js to C:\Program Files (x86)\Microsoft Visual Studio\2019\BuildTools\Common7\IDE\CommonExtensions\Microsoft\ClientDiagnostics\MemoryProfiler\Views\Common\Script\CommonMerged.js
[1a64:0017][2019-09-25T22:13:47] Timestamp updated for file 'C:\Program Files (x86)\Microsoft Visual Studio\2019\BuildTools\Common7\IDE\CommonExtensions\Microsoft\ClientDiagnostics\MemoryProfiler\Views\Common\Script\CommonMerged.js'.
[1a64:0017][2019-09-25T22:13:47] Processing file /Contents/Common7/IDE/CommonExtensions/Microsoft/ClientDiagnostics/MemoryProfiler/Views/Common/Script/Controls.js
[1a64:0017][2019-09-25T22:13:47] Started: Copying file /Contents/Common7/IDE/CommonExtensions/Microsoft/ClientDiagnostics/MemoryProfiler/Views/Common/Script/Controls.js to C:\Program Files (x86)\Microsoft Visual Studio\2019\BuildTools\Common7\IDE\CommonExtensions\Microsoft\ClientDiagnostics\MemoryProfiler\Views\Common\Script\Controls.js
[1a64:0017][2019-09-25T22:13:47] Completed: Copying file /Contents/Common7/IDE/CommonExtensions/Microsoft/ClientDiagnostics/MemoryProfiler/Views/Common/Script/Controls.js to C:\Program Files (x86)\Microsoft Visual Studio\2019\BuildTools\Common7\IDE\CommonExtensions\Microsoft\ClientDiagnostics\MemoryProfiler\Views\Common\Script\Controls.js
[1a64:0017][2019-09-25T22:13:47] Timestamp updated for file 'C:\Program Files (x86)\Microsoft Visual Studio\2019\BuildTools\Common7\IDE\CommonExtensions\Microsoft\ClientDiagnostics\MemoryProfiler\Views\Common\Script\Controls.js'.
[1a64:0017][2019-09-25T22:13:47] Processing file /Contents/Common7/IDE/CommonExtensions/Microsoft/ClientDiagnostics/MemoryProfiler/Views/Common/Script/DiagnosticsHub.js
[1a64:0017][2019-09-25T22:13:47] Started: Copying file /Contents/Common7/IDE/CommonExtensions/Microsoft/ClientDiagnostics/MemoryProfiler/Views/Common/Script/DiagnosticsHub.js to C:\Program Files (x86)\Microsoft Visual Studio\2019\BuildTools\Common7\IDE\CommonExtensions\Microsoft\ClientDiagnostics\MemoryProfiler\Views\Common\Script\DiagnosticsHub.js
[1a64:0017][2019-09-25T22:13:47] Completed: Copying file /Contents/Common7/IDE/CommonExtensions/Microsoft/ClientDiagnostics/MemoryProfiler/Views/Common/Script/DiagnosticsHub.js to C:\Program Files (x86)\Microsoft Visual Studio\2019\BuildTools\Common7\IDE\CommonExtensions\Microsoft\ClientDiagnostics\MemoryProfiler\Views\Common\Script\DiagnosticsHub.js
[1a64:0017][2019-09-25T22:13:47] Timestamp updated for file 'C:\Program Files (x86)\Microsoft Visual Studio\2019\BuildTools\Common7\IDE\CommonExtensions\Microsoft\ClientDiagnostics\MemoryProfiler\Views\Common\Script\DiagnosticsHub.js'.
[1a64:0017][2019-09-25T22:13:47] Processing file /Contents/Common7/IDE/CommonExtensions/Microsoft/ClientDiagnostics/MemoryProfiler/Views/Common/Script/Plugin.js
[1a64:0017][2019-09-25T22:13:47] Started: Copying file /Contents/Common7/IDE/CommonExtensions/Microsoft/ClientDiagnostics/MemoryProfiler/Views/Common/Script/Plugin.js to C:\Program Files (x86)\Microsoft Visual Studio\2019\BuildTools\Common7\IDE\CommonExtensions\Microsoft\ClientDiagnostics\MemoryProfiler\Views\Common\Script\Plugin.js
[1a64:0017][2019-09-25T22:13:47] Completed: Copying file /Contents/Common7/IDE/CommonExtensions/Microsoft/ClientDiagnostics/MemoryProfiler/Views/Common/Script/Plugin.js to C:\Program Files (x86)\Microsoft Visual Studio\2019\BuildTools\Common7\IDE\CommonExtensions\Microsoft\ClientDiagnostics\MemoryProfiler\Views\Common\Script\Plugin.js
[1a64:0017][2019-09-25T22:13:47] Timestamp updated for file 'C:\Program Files (x86)\Microsoft Visual Studio\2019\BuildTools\Common7\IDE\CommonExtensions\Microsoft\ClientDiagnostics\MemoryProfiler\Views\Common\Script\Plugin.js'.
[1a64:0017][2019-09-25T22:13:47] Processing file /Contents/Common7/IDE/CommonExtensions/Microsoft/ClientDiagnostics/MemoryProfiler/Views/Details/CSS/DetailsView.css
[1a64:0017][2019-09-25T22:13:47] Started: Copying file /Contents/Common7/IDE/CommonExtensions/Microsoft/ClientDiagnostics/MemoryProfiler/Views/Details/CSS/DetailsView.css to C:\Program Files (x86)\Microsoft Visual Studio\2019\BuildTools\Common7\IDE\CommonExtensions\Microsoft\ClientDiagnostics\MemoryProfiler\Views\Details\CSS\DetailsView.css
[1a64:0017][2019-09-25T22:13:47] Completed: Copying file /Contents/Common7/IDE/CommonExtensions/Microsoft/ClientDiagnostics/MemoryProfiler/Views/Details/CSS/DetailsView.css to C:\Program Files (x86)\Microsoft Visual Studio\2019\BuildTools\Common7\IDE\CommonExtensions\Microsoft\ClientDiagnostics\MemoryProfiler\Views\Details\CSS\DetailsView.css
[1a64:0017][2019-09-25T22:13:47] Timestamp updated for file 'C:\Program Files (x86)\Microsoft Visual Studio\2019\BuildTools\Common7\IDE\CommonExtensions\Microsoft\ClientDiagnostics\MemoryProfiler\Views\Details\CSS\DetailsView.css'.
[1a64:0017][2019-09-25T22:13:47] Processing file /Contents/Common7/IDE/CommonExtensions/Microsoft/ClientDiagnostics/MemoryProfiler/Views/Details/CSS/grid.css
[1a64:0017][2019-09-25T22:13:47] Started: Copying file /Contents/Common7/IDE/CommonExtensions/Microsoft/ClientDiagnostics/MemoryProfiler/Views/Details/CSS/grid.css to C:\Program Files (x86)\Microsoft Visual Studio\2019\BuildTools\Common7\IDE\CommonExtensions\Microsoft\ClientDiagnostics\MemoryProfiler\Views\Details\CSS\grid.css
[1a64:0017][2019-09-25T22:13:47] Completed: Copying file /Contents/Common7/IDE/CommonExtensions/Microsoft/ClientDiagnostics/MemoryProfiler/Views/Details/CSS/grid.css to C:\Program Files (x86)\Microsoft Visual Studio\2019\BuildTools\Common7\IDE\CommonExtensions\Microsoft\ClientDiagnostics\MemoryProfiler\Views\Details\CSS\grid.css
[1a64:0017][2019-09-25T22:13:47] Timestamp updated for file 'C:\Program Files (x86)\Microsoft Visual Studio\2019\BuildTools\Common7\IDE\CommonExtensions\Microsoft\ClientDiagnostics\MemoryProfiler\Views\Details\CSS\grid.css'.
[1a64:0017][2019-09-25T22:13:47] Processing file /Contents/Common7/IDE/CommonExtensions/Microsoft/ClientDiagnostics/MemoryProfiler/Views/Details/Details.html
[1a64:0017][2019-09-25T22:13:47] Started: Copying file /Contents/Common7/IDE/CommonExtensions/Microsoft/ClientDiagnostics/MemoryProfiler/Views/Details/Details.html to C:\Program Files (x86)\Microsoft Visual Studio\2019\BuildTools\Common7\IDE\CommonExtensions\Microsoft\ClientDiagnostics\MemoryProfiler\Views\Details\Details.html
[1a64:0017][2019-09-25T22:13:47] Completed: Copying file /Contents/Common7/IDE/CommonExtensions/Microsoft/ClientDiagnostics/MemoryProfiler/Views/Details/Details.html to C:\Program Files (x86)\Microsoft Visual Studio\2019\BuildTools\Common7\IDE\CommonExtensions\Microsoft\ClientDiagnostics\MemoryProfiler\Views\Details\Details.html
[1a64:0017][2019-09-25T22:13:47] Timestamp updated for file 'C:\Program Files (x86)\Microsoft Visual Studio\2019\BuildTools\Common7\IDE\CommonExtensions\Microsoft\ClientDiagnostics\MemoryProfiler\Views\Details\Details.html'.
[1a64:0017][2019-09-25T22:13:47] Processing file /Contents/Common7/IDE/CommonExtensions/Microsoft/ClientDiagnostics/MemoryProfiler/Views/Details/Images/CheckMark.png
[1a64:0017][2019-09-25T22:13:47] Started: Copying file /Contents/Common7/IDE/CommonExtensions/Microsoft/ClientDiagnostics/MemoryProfiler/Views/Details/Images/CheckMark.png to C:\Program Files (x86)\Microsoft Visual Studio\2019\BuildTools\Common7\IDE\CommonExtensions\Microsoft\ClientDiagnostics\MemoryProfiler\Views\Details\Images\CheckMark.png
[1a64:0017][2019-09-25T22:13:47] Completed: Copying file /Contents/Common7/IDE/CommonExtensions/Microsoft/ClientDiagnostics/MemoryProfiler/Views/Details/Images/CheckMark.png to C:\Program Files (x86)\Microsoft Visual Studio\2019\BuildTools\Common7\IDE\CommonExtensions\Microsoft\ClientDiagnostics\MemoryProfiler\Views\Details\Images\CheckMark.png
[1a64:0017][2019-09-25T22:13:47] Timestamp updated for file 'C:\Program Files (x86)\Microsoft Visual Studio\2019\BuildTools\Common7\IDE\CommonExtensions\Microsoft\ClientDiagnostics\MemoryProfiler\Views\Details\Images\CheckMark.png'.
[1a64:0017][2019-09-25T22:13:47] Processing file /Contents/Common7/IDE/CommonExtensions/Microsoft/ClientDiagnostics/MemoryProfiler/Views/Details/Images/copy.png
[1a64:0017][2019-09-25T22:13:47] Started: Copying file /Contents/Common7/IDE/CommonExtensions/Microsoft/ClientDiagnostics/MemoryProfiler/Views/Details/Images/copy.png to C:\Program Files (x86)\Microsoft Visual Studio\2019\BuildTools\Common7\IDE\CommonExtensions\Microsoft\ClientDiagnostics\MemoryProfiler\Views\Details\Images\copy.png
[1a64:0017][2019-09-25T22:13:47] Completed: Copying file /Contents/Common7/IDE/CommonExtensions/Microsoft/ClientDiagnostics/MemoryProfiler/Views/Details/Images/copy.png to C:\Program Files (x86)\Microsoft Visual Studio\2019\BuildTools\Common7\IDE\CommonExtensions\Microsoft\ClientDiagnostics\MemoryProfiler\Views\Details\Images\copy.png
[1a64:0017][2019-09-25T22:13:47] Timestamp updated for file 'C:\Program Files (x86)\Microsoft Visual Studio\2019\BuildTools\Common7\IDE\CommonExtensions\Microsoft\ClientDiagnostics\MemoryProfiler\Views\Details\Images\copy.png'.
[1a64:0017][2019-09-25T22:13:47] Processing file /Contents/Common7/IDE/CommonExtensions/Microsoft/ClientDiagnostics/MemoryProfiler/Views/Details/Images/itemCollapsedIcon.png
[1a64:0017][2019-09-25T22:13:47] Started: Copying file /Contents/Common7/IDE/CommonExtensions/Microsoft/ClientDiagnostics/MemoryProfiler/Views/Details/Images/itemCollapsedIcon.png to C:\Program Files (x86)\Microsoft Visual Studio\2019\BuildTools\Common7\IDE\CommonExtensions\Microsoft\ClientDiagnostics\MemoryProfiler\Views\Details\Images\itemCollapsedIcon.png
[1a64:0017][2019-09-25T22:13:47] Completed: Copying file /Contents/Common7/IDE/CommonExtensions/Microsoft/ClientDiagnostics/MemoryProfiler/Views/Details/Images/itemCollapsedIcon.png to C:\Program Files (x86)\Microsoft Visual Studio\2019\BuildTools\Common7\IDE\CommonExtensions\Microsoft\ClientDiagnostics\MemoryProfiler\Views\Details\Images\itemCollapsedIcon.png
[1a64:0017][2019-09-25T22:13:47] Timestamp updated for file 'C:\Program Files (x86)\Microsoft Visual Studio\2019\BuildTools\Common7\IDE\CommonExtensions\Microsoft\ClientDiagnostics\MemoryProfiler\Views\Details\Images\itemCollapsedIcon.png'.
[1a64:0017][2019-09-25T22:13:47] Processing file /Contents/Common7/IDE/CommonExtensions/Microsoft/ClientDiagnostics/MemoryProfiler/Views/Details/Images/itemExpandedIcon.png
[1a64:0017][2019-09-25T22:13:47] Started: Copying file /Contents/Common7/IDE/CommonExtensions/Microsoft/ClientDiagnostics/MemoryProfiler/Views/Details/Images/itemExpandedIcon.png to C:\Program Files (x86)\Microsoft Visual Studio\2019\BuildTools\Common7\IDE\CommonExtensions\Microsoft\ClientDiagnostics\MemoryProfiler\Views\Details\Images\itemExpandedIcon.png
[1a64:0017][2019-09-25T22:13:47] Completed: Copying file /Contents/Common7/IDE/CommonExtensions/Microsoft/ClientDiagnostics/MemoryProfiler/Views/Details/Images/itemExpandedIcon.png to C:\Program Files (x86)\Microsoft Visual Studio\2019\BuildTools\Common7\IDE\CommonExtensions\Microsoft\ClientDiagnostics\MemoryProfiler\Views\Details\Images\itemExpandedIcon.png
[1a64:0017][2019-09-25T22:13:47] Timestamp updated for file 'C:\Program Files (x86)\Microsoft Visual Studio\2019\BuildTools\Common7\IDE\CommonExtensions\Microsoft\ClientDiagnostics\MemoryProfiler\Views\Details\Images\itemExpandedIcon.png'.
[1a64:0017][2019-09-25T22:13:47] Processing file /Contents/Common7/IDE/CommonExtensions/Microsoft/ClientDiagnostics/MemoryProfiler/Views/Details/Images/i_table_options.png
[1a64:0017][2019-09-25T22:13:47] Started: Copying file /Contents/Common7/IDE/CommonExtensions/Microsoft/ClientDiagnostics/MemoryProfiler/Views/Details/Images/i_table_options.png to C:\Program Files (x86)\Microsoft Visual Studio\2019\BuildTools\Common7\IDE\CommonExtensions\Microsoft\ClientDiagnostics\MemoryProfiler\Views\Details\Images\i_table_options.png
[1a64:0017][2019-09-25T22:13:47] Completed: Copying file /Contents/Common7/IDE/CommonExtensions/Microsoft/ClientDiagnostics/MemoryProfiler/Views/Details/Images/i_table_options.png to C:\Program Files (x86)\Microsoft Visual Studio\2019\BuildTools\Common7\IDE\CommonExtensions\Microsoft\ClientDiagnostics\MemoryProfiler\Views\Details\Images\i_table_options.png
[1a64:0017][2019-09-25T22:13:47] Timestamp updated for file 'C:\Program Files (x86)\Microsoft Visual Studio\2019\BuildTools\Common7\IDE\CommonExtensions\Microsoft\ClientDiagnostics\MemoryProfiler\Views\Details\Images\i_table_options.png'.
[1a64:0017][2019-09-25T22:13:47] Processing file /Contents/Common7/IDE/CommonExtensions/Microsoft/ClientDiagnostics/MemoryProfiler/Views/Details/Images/misc-icons.png
[1a64:0017][2019-09-25T22:13:47] Started: Copying file /Contents/Common7/IDE/CommonExtensions/Microsoft/ClientDiagnostics/MemoryProfiler/Views/Details/Images/misc-icons.png to C:\Program Files (x86)\Microsoft Visual Studio\2019\BuildTools\Common7\IDE\CommonExtensions\Microsoft\ClientDiagnostics\MemoryProfiler\Views\Details\Images\misc-icons.png
[1a64:0017][2019-09-25T22:13:47] Completed: Copying file /Contents/Common7/IDE/CommonExtensions/Microsoft/ClientDiagnostics/MemoryProfiler/Views/Details/Images/misc-icons.png to C:\Program Files (x86)\Microsoft Visual Studio\2019\BuildTools\Common7\IDE\CommonExtensions\Microsoft\ClientDiagnostics\MemoryProfiler\Views\Details\Images\misc-icons.png
[1a64:0017][2019-09-25T22:13:47] Timestamp updated for file 'C:\Program Files (x86)\Microsoft Visual Studio\2019\BuildTools\Common7\IDE\CommonExtensions\Microsoft\ClientDiagnostics\MemoryProfiler\Views\Details\Images\misc-icons.png'.
[1a64:0017][2019-09-25T22:13:47] Processing file /Contents/Common7/IDE/CommonExtensions/Microsoft/ClientDiagnostics/MemoryProfiler/Views/Details/Images/tree-icons.png
[1a64:0017][2019-09-25T22:13:47] Started: Copying file /Contents/Common7/IDE/CommonExtensions/Microsoft/ClientDiagnostics/MemoryProfiler/Views/Details/Images/tree-icons.png to C:\Program Files (x86)\Microsoft Visual Studio\2019\BuildTools\Common7\IDE\CommonExtensions\Microsoft\ClientDiagnostics\MemoryProfiler\Views\Details\Images\tree-icons.png
[1a64:0017][2019-09-25T22:13:47] Completed: Copying file /Contents/Common7/IDE/CommonExtensions/Microsoft/ClientDiagnostics/MemoryProfiler/Views/Details/Images/tree-icons.png to C:\Program Files (x86)\Microsoft Visual Studio\2019\BuildTools\Common7\IDE\CommonExtensions\Microsoft\ClientDiagnostics\MemoryProfiler\Views\Details\Images\tree-icons.png
[1a64:0017][2019-09-25T22:13:47] Timestamp updated for file 'C:\Program Files (x86)\Microsoft Visual Studio\2019\BuildTools\Common7\IDE\CommonExtensions\Microsoft\ClientDiagnostics\MemoryProfiler\Views\Details\Images\tree-icons.png'.
[1a64:0017][2019-09-25T22:13:47] Processing file /Contents/Common7/IDE/CommonExtensions/Microsoft/ClientDiagnostics/MemoryProfiler/Views/Details/Images/view_source.png
[1a64:0017][2019-09-25T22:13:47] Started: Copying file /Contents/Common7/IDE/CommonExtensions/Microsoft/ClientDiagnostics/MemoryProfiler/Views/Details/Images/view_source.png to C:\Program Files (x86)\Microsoft Visual Studio\2019\BuildTools\Common7\IDE\CommonExtensions\Microsoft\ClientDiagnostics\MemoryProfiler\Views\Details\Images\view_source.png
[1a64:0017][2019-09-25T22:13:47] Completed: Copying file /Contents/Common7/IDE/CommonExtensions/Microsoft/ClientDiagnostics/MemoryProfiler/Views/Details/Images/view_source.png to C:\Program Files (x86)\Microsoft Visual Studio\2019\BuildTools\Common7\IDE\CommonExtensions\Microsoft\ClientDiagnostics\MemoryProfiler\Views\Details\Images\view_source.png
[1a64:0017][2019-09-25T22:13:47] Timestamp updated for file 'C:\Program Files (x86)\Microsoft Visual Studio\2019\BuildTools\Common7\IDE\CommonExtensions\Microsoft\ClientDiagnostics\MemoryProfiler\Views\Details\Images\view_source.png'.
[1a64:0017][2019-09-25T22:13:47] Processing file /Contents/Common7/IDE/CommonExtensions/Microsoft/ClientDiagnostics/MemoryProfiler/Views/Details/Images/view_source_disabled.png
[1a64:0017][2019-09-25T22:13:47] Started: Copying file /Contents/Common7/IDE/CommonExtensions/Microsoft/ClientDiagnostics/MemoryProfiler/Views/Details/Images/view_source_disabled.png to C:\Program Files (x86)\Microsoft Visual Studio\2019\BuildTools\Common7\IDE\CommonExtensions\Microsoft\ClientDiagnostics\MemoryProfiler\Views\Details\Images\view_source_disabled.png
[1a64:0017][2019-09-25T22:13:47] Completed: Copying file /Contents/Common7/IDE/CommonExtensions/Microsoft/ClientDiagnostics/MemoryProfiler/Views/Details/Images/view_source_disabled.png to C:\Program Files (x86)\Microsoft Visual Studio\2019\BuildTools\Common7\IDE\CommonExtensions\Microsoft\ClientDiagnostics\MemoryProfiler\Views\Details\Images\view_source_disabled.png
[1a64:0017][2019-09-25T22:13:47] Timestamp updated for file 'C:\Program Files (x86)\Microsoft Visual Studio\2019\BuildTools\Common7\IDE\CommonExtensions\Microsoft\ClientDiagnostics\MemoryProfiler\Views\Details\Images\view_source_disabled.png'.
[1a64:0017][2019-09-25T22:13:47] Processing file /Contents/Common7/IDE/CommonExtensions/Microsoft/ClientDiagnostics/MemoryProfiler/Views/Details/Resources/Resources.resx
[1a64:0017][2019-09-25T22:13:47] Started: Copying file /Contents/Common7/IDE/CommonExtensions/Microsoft/ClientDiagnostics/MemoryProfiler/Views/Details/Resources/Resources.resx to C:\Program Files (x86)\Microsoft Visual Studio\2019\BuildTools\Common7\IDE\CommonExtensions\Microsoft\ClientDiagnostics\MemoryProfiler\Views\Details\Resources\Resources.resx
[1a64:0017][2019-09-25T22:13:47] Completed: Copying file /Contents/Common7/IDE/CommonExtensions/Microsoft/ClientDiagnostics/MemoryProfiler/Views/Details/Resources/Resources.resx to C:\Program Files (x86)\Microsoft Visual Studio\2019\BuildTools\Common7\IDE\CommonExtensions\Microsoft\ClientDiagnostics\MemoryProfiler\Views\Details\Resources\Resources.resx
[1a64:0017][2019-09-25T22:13:47] Timestamp updated for file 'C:\Program Files (x86)\Microsoft Visual Studio\2019\BuildTools\Common7\IDE\CommonExtensions\Microsoft\ClientDiagnostics\MemoryProfiler\Views\Details\Resources\Resources.resx'.
[1a64:0017][2019-09-25T22:13:47] Processing file /Contents/Common7/IDE/CommonExtensions/Microsoft/ClientDiagnostics/MemoryProfiler/Views/Details/Script/DetailsViewMerged.js
[1a64:0017][2019-09-25T22:13:47] Started: Copying file /Contents/Common7/IDE/CommonExtensions/Microsoft/ClientDiagnostics/MemoryProfiler/Views/Details/Script/DetailsViewMerged.js to C:\Program Files (x86)\Microsoft Visual Studio\2019\BuildTools\Common7\IDE\CommonExtensions\Microsoft\ClientDiagnostics\MemoryProfiler\Views\Details\Script\DetailsViewMerged.js
[1a64:0017][2019-09-25T22:13:47] Completed: Copying file /Contents/Common7/IDE/CommonExtensions/Microsoft/ClientDiagnostics/MemoryProfiler/Views/Details/Script/DetailsViewMerged.js to C:\Program Files (x86)\Microsoft Visual Studio\2019\BuildTools\Common7\IDE\CommonExtensions\Microsoft\ClientDiagnostics\MemoryProfiler\Views\Details\Script\DetailsViewMerged.js
[1a64:0017][2019-09-25T22:13:47] Timestamp updated for file 'C:\Program Files (x86)\Microsoft Visual Studio\2019\BuildTools\Common7\IDE\CommonExtensions\Microsoft\ClientDiagnostics\MemoryProfiler\Views\Details\Script\DetailsViewMerged.js'.
[1a64:0017][2019-09-25T22:13:47] Processing file /Contents/Common7/IDE/CommonExtensions/Microsoft/ClientDiagnostics/MemoryProfiler/Views/Details/Script/JSTreeDynamicGridControl.js
[1a64:0017][2019-09-25T22:13:47] Started: Copying file /Contents/Common7/IDE/CommonExtensions/Microsoft/ClientDiagnostics/MemoryProfiler/Views/Details/Script/JSTreeDynamicGridControl.js to C:\Program Files (x86)\Microsoft Visual Studio\2019\BuildTools\Common7\IDE\CommonExtensions\Microsoft\ClientDiagnostics\MemoryProfiler\Views\Details\Script\JSTreeDynamicGridControl.js
[1a64:0017][2019-09-25T22:13:47] Completed: Copying file /Contents/Common7/IDE/CommonExtensions/Microsoft/ClientDiagnostics/MemoryProfiler/Views/Details/Script/JSTreeDynamicGridControl.js to C:\Program Files (x86)\Microsoft Visual Studio\2019\BuildTools\Common7\IDE\CommonExtensions\Microsoft\ClientDiagnostics\MemoryProfiler\Views\Details\Script\JSTreeDynamicGridControl.js
[1a64:0017][2019-09-25T22:13:47] Timestamp updated for file 'C:\Program Files (x86)\Microsoft Visual Studio\2019\BuildTools\Common7\IDE\CommonExtensions\Microsoft\ClientDiagnostics\MemoryProfiler\Views\Details\Script\JSTreeDynamicGridControl.js'.
[1a64:0017][2019-09-25T22:13:47] Processing file /Contents/Common7/IDE/CommonExtensions/Microsoft/ClientDiagnostics/MemoryProfiler/Views/Summary/CSS/SnapshotTileView.css
[1a64:0017][2019-09-25T22:13:47] Started: Copying file /Contents/Common7/IDE/CommonExtensions/Microsoft/ClientDiagnostics/MemoryProfiler/Views/Summary/CSS/SnapshotTileView.css to C:\Program Files (x86)\Microsoft Visual Studio\2019\BuildTools\Common7\IDE\CommonExtensions\Microsoft\ClientDiagnostics\MemoryProfiler\Views\Summary\CSS\SnapshotTileView.css
[1a64:0017][2019-09-25T22:13:47] Completed: Copying file /Contents/Common7/IDE/CommonExtensions/Microsoft/ClientDiagnostics/MemoryProfiler/Views/Summary/CSS/SnapshotTileView.css to C:\Program Files (x86)\Microsoft Visual Studio\2019\BuildTools\Common7\IDE\CommonExtensions\Microsoft\ClientDiagnostics\MemoryProfiler\Views\Summary\CSS\SnapshotTileView.css
[1a64:0017][2019-09-25T22:13:47] Timestamp updated for file 'C:\Program Files (x86)\Microsoft Visual Studio\2019\BuildTools\Common7\IDE\CommonExtensions\Microsoft\ClientDiagnostics\MemoryProfiler\Views\Summary\CSS\SnapshotTileView.css'.
[1a64:0017][2019-09-25T22:13:47] Processing file /Contents/Common7/IDE/CommonExtensions/Microsoft/ClientDiagnostics/MemoryProfiler/Views/Summary/CSS/SummaryView.css
[1a64:0017][2019-09-25T22:13:47] Started: Copying file /Contents/Common7/IDE/CommonExtensions/Microsoft/ClientDiagnostics/MemoryProfiler/Views/Summary/CSS/SummaryView.css to C:\Program Files (x86)\Microsoft Visual Studio\2019\BuildTools\Common7\IDE\CommonExtensions\Microsoft\ClientDiagnostics\MemoryProfiler\Views\Summary\CSS\SummaryView.css
[1a64:0017][2019-09-25T22:13:47] Completed: Copying file /Contents/Common7/IDE/CommonExtensions/Microsoft/ClientDiagnostics/MemoryProfiler/Views/Summary/CSS/SummaryView.css to C:\Program Files (x86)\Microsoft Visual Studio\2019\BuildTools\Common7\IDE\CommonExtensions\Microsoft\ClientDiagnostics\MemoryProfiler\Views\Summary\CSS\SummaryView.css
[1a64:0017][2019-09-25T22:13:47] Timestamp updated for file 'C:\Program Files (x86)\Microsoft Visual Studio\2019\BuildTools\Common7\IDE\CommonExtensions\Microsoft\ClientDiagnostics\MemoryProfiler\Views\Summary\CSS\SummaryView.css'.
[1a64:0017][2019-09-25T22:13:47] Processing file /Contents/Common7/IDE/CommonExtensions/Microsoft/ClientDiagnostics/MemoryProfiler/Views/Summary/Images/i_info.png
[1a64:0017][2019-09-25T22:13:47] Started: Copying file /Contents/Common7/IDE/CommonExtensions/Microsoft/ClientDiagnostics/MemoryProfiler/Views/Summary/Images/i_info.png to C:\Program Files (x86)\Microsoft Visual Studio\2019\BuildTools\Common7\IDE\CommonExtensions\Microsoft\ClientDiagnostics\MemoryProfiler\Views\Summary\Images\i_info.png
[1a64:0017][2019-09-25T22:13:47] Completed: Copying file /Contents/Common7/IDE/CommonExtensions/Microsoft/ClientDiagnostics/MemoryProfiler/Views/Summary/Images/i_info.png to C:\Program Files (x86)\Microsoft Visual Studio\2019\BuildTools\Common7\IDE\CommonExtensions\Microsoft\ClientDiagnostics\MemoryProfiler\Views\Summary\Images\i_info.png
[1a64:0017][2019-09-25T22:13:47] Timestamp updated for file 'C:\Program Files (x86)\Microsoft Visual Studio\2019\BuildTools\Common7\IDE\CommonExtensions\Microsoft\ClientDiagnostics\MemoryProfiler\Views\Summary\Images\i_info.png'.
[1a64:0017][2019-09-25T22:13:47] Processing file /Contents/Common7/IDE/CommonExtensions/Microsoft/ClientDiagnostics/MemoryProfiler/Views/Summary/Images/status_heap_decrease.png
[1a64:0017][2019-09-25T22:13:47] Started: Copying file /Contents/Common7/IDE/CommonExtensions/Microsoft/ClientDiagnostics/MemoryProfiler/Views/Summary/Images/status_heap_decrease.png to C:\Program Files (x86)\Microsoft Visual Studio\2019\BuildTools\Common7\IDE\CommonExtensions\Microsoft\ClientDiagnostics\MemoryProfiler\Views\Summary\Images\status_heap_decrease.png
[1a64:0017][2019-09-25T22:13:47] Completed: Copying file /Contents/Common7/IDE/CommonExtensions/Microsoft/ClientDiagnostics/MemoryProfiler/Views/Summary/Images/status_heap_decrease.png to C:\Program Files (x86)\Microsoft Visual Studio\2019\BuildTools\Common7\IDE\CommonExtensions\Microsoft\ClientDiagnostics\MemoryProfiler\Views\Summary\Images\status_heap_decrease.png
[1a64:0017][2019-09-25T22:13:47] Timestamp updated for file 'C:\Program Files (x86)\Microsoft Visual Studio\2019\BuildTools\Common7\IDE\CommonExtensions\Microsoft\ClientDiagnostics\MemoryProfiler\Views\Summary\Images\status_heap_decrease.png'.
[1a64:0017][2019-09-25T22:13:47] Processing file /Contents/Common7/IDE/CommonExtensions/Microsoft/ClientDiagnostics/MemoryProfiler/Views/Summary/Images/status_heap_increase.png
[1a64:0017][2019-09-25T22:13:47] Started: Copying file /Contents/Common7/IDE/CommonExtensions/Microsoft/ClientDiagnostics/MemoryProfiler/Views/Summary/Images/status_heap_increase.png to C:\Program Files (x86)\Microsoft Visual Studio\2019\BuildTools\Common7\IDE\CommonExtensions\Microsoft\ClientDiagnostics\MemoryProfiler\Views\Summary\Images\status_heap_increase.png
[1a64:0017][2019-09-25T22:13:47] Completed: Copying file /Contents/Common7/IDE/CommonExtensions/Microsoft/ClientDiagnostics/MemoryProfiler/Views/Summary/Images/status_heap_increase.png to C:\Program Files (x86)\Microsoft Visual Studio\2019\BuildTools\Common7\IDE\CommonExtensions\Microsoft\ClientDiagnostics\MemoryProfiler\Views\Summary\Images\status_heap_increase.png
[1a64:0017][2019-09-25T22:13:47] Timestamp updated for file 'C:\Program Files (x86)\Microsoft Visual Studio\2019\BuildTools\Common7\IDE\CommonExtensions\Microsoft\ClientDiagnostics\MemoryProfiler\Views\Summary\Images\status_heap_increase.png'.
[1a64:0017][2019-09-25T22:13:47] Processing file /Contents/Common7/IDE/CommonExtensions/Microsoft/ClientDiagnostics/MemoryProfiler/Views/Summary/Resources/Resources.resx
[1a64:0017][2019-09-25T22:13:47] Started: Copying file /Contents/Common7/IDE/CommonExtensions/Microsoft/ClientDiagnostics/MemoryProfiler/Views/Summary/Resources/Resources.resx to C:\Program Files (x86)\Microsoft Visual Studio\2019\BuildTools\Common7\IDE\CommonExtensions\Microsoft\ClientDiagnostics\MemoryProfiler\Views\Summary\Resources\Resources.resx
[1a64:0017][2019-09-25T22:13:47] Completed: Copying file /Contents/Common7/IDE/CommonExtensions/Microsoft/ClientDiagnostics/MemoryProfiler/Views/Summary/Resources/Resources.resx to C:\Program Files (x86)\Microsoft Visual Studio\2019\BuildTools\Common7\IDE\CommonExtensions\Microsoft\ClientDiagnostics\MemoryProfiler\Views\Summary\Resources\Resources.resx
[1a64:0017][2019-09-25T22:13:47] Timestamp updated for file 'C:\Program Files (x86)\Microsoft Visual Studio\2019\BuildTools\Common7\IDE\CommonExtensions\Microsoft\ClientDiagnostics\MemoryProfiler\Views\Summary\Resources\Resources.resx'.
[1a64:0017][2019-09-25T22:13:47] Processing file /Contents/Common7/IDE/CommonExtensions/Microsoft/ClientDiagnostics/MemoryProfiler/Views/Summary/Script/SummaryViewMerged.js
[1a64:0017][2019-09-25T22:13:47] Started: Copying file /Contents/Common7/IDE/CommonExtensions/Microsoft/ClientDiagnostics/MemoryProfiler/Views/Summary/Script/SummaryViewMerged.js to C:\Program Files (x86)\Microsoft Visual Studio\2019\BuildTools\Common7\IDE\CommonExtensions\Microsoft\ClientDiagnostics\MemoryProfiler\Views\Summary\Script\SummaryViewMerged.js
[1a64:0017][2019-09-25T22:13:47] Completed: Copying file /Contents/Common7/IDE/CommonExtensions/Microsoft/ClientDiagnostics/MemoryProfiler/Views/Summary/Script/SummaryViewMerged.js to C:\Program Files (x86)\Microsoft Visual Studio\2019\BuildTools\Common7\IDE\CommonExtensions\Microsoft\ClientDiagnostics\MemoryProfiler\Views\Summary\Script\SummaryViewMerged.js
[1a64:0017][2019-09-25T22:13:47] Timestamp updated for file 'C:\Program Files (x86)\Microsoft Visual Studio\2019\BuildTools\Common7\IDE\CommonExtensions\Microsoft\ClientDiagnostics\MemoryProfiler\Views\Summary\Script\SummaryViewMerged.js'.
[1a64:0017][2019-09-25T22:13:47] Processing file /Contents/Common7/IDE/CommonExtensions/Microsoft/ClientDiagnostics/MemoryProfiler/Views/Summary/Summary.html
[1a64:0017][2019-09-25T22:13:47] Started: Copying file /Contents/Common7/IDE/CommonExtensions/Microsoft/ClientDiagnostics/MemoryProfiler/Views/Summary/Summary.html to C:\Program Files (x86)\Microsoft Visual Studio\2019\BuildTools\Common7\IDE\CommonExtensions\Microsoft\ClientDiagnostics\MemoryProfiler\Views\Summary\Summary.html
[1a64:0017][2019-09-25T22:13:47] Completed: Copying file /Contents/Common7/IDE/CommonExtensions/Microsoft/ClientDiagnostics/MemoryProfiler/Views/Summary/Summary.html to C:\Program Files (x86)\Microsoft Visual Studio\2019\BuildTools\Common7\IDE\CommonExtensions\Microsoft\ClientDiagnostics\MemoryProfiler\Views\Summary\Summary.html
[1a64:0017][2019-09-25T22:13:47] Timestamp updated for file 'C:\Program Files (x86)\Microsoft Visual Studio\2019\BuildTools\Common7\IDE\CommonExtensions\Microsoft\ClientDiagnostics\MemoryProfiler\Views\Summary\Summary.html'.
[1a64:0017][2019-09-25T22:13:47] Processing file /Contents/Common7/IDE/CommonExtensions/Microsoft/ClientDiagnostics/MemoryProfiler/Views/UnsupportedVersion/CSS/UnsupportedVersion.css
[1a64:0017][2019-09-25T22:13:47] Started: Copying file /Contents/Common7/IDE/CommonExtensions/Microsoft/ClientDiagnostics/MemoryProfiler/Views/UnsupportedVersion/CSS/UnsupportedVersion.css to C:\Program Files (x86)\Microsoft Visual Studio\2019\BuildTools\Common7\IDE\CommonExtensions\Microsoft\ClientDiagnostics\MemoryProfiler\Views\UnsupportedVersion\CSS\UnsupportedVersion.css
[1a64:0017][2019-09-25T22:13:47] Completed: Copying file /Contents/Common7/IDE/CommonExtensions/Microsoft/ClientDiagnostics/MemoryProfiler/Views/UnsupportedVersion/CSS/UnsupportedVersion.css to C:\Program Files (x86)\Microsoft Visual Studio\2019\BuildTools\Common7\IDE\CommonExtensions\Microsoft\ClientDiagnostics\MemoryProfiler\Views\UnsupportedVersion\CSS\UnsupportedVersion.css
[1a64:0017][2019-09-25T22:13:47] Timestamp updated for file 'C:\Program Files (x86)\Microsoft Visual Studio\2019\BuildTools\Common7\IDE\CommonExtensions\Microsoft\ClientDiagnostics\MemoryProfiler\Views\UnsupportedVersion\CSS\UnsupportedVersion.css'.
[1a64:0017][2019-09-25T22:13:47] Processing file /Contents/Common7/IDE/CommonExtensions/Microsoft/ClientDiagnostics/MemoryProfiler/Views/UnsupportedVersion/Resources/Resources.resx
[1a64:0017][2019-09-25T22:13:47] Started: Copying file /Contents/Common7/IDE/CommonExtensions/Microsoft/ClientDiagnostics/MemoryProfiler/Views/UnsupportedVersion/Resources/Resources.resx to C:\Program Files (x86)\Microsoft Visual Studio\2019\BuildTools\Common7\IDE\CommonExtensions\Microsoft\ClientDiagnostics\MemoryProfiler\Views\UnsupportedVersion\Resources\Resources.resx
[1a64:0017][2019-09-25T22:13:47] Completed: Copying file /Contents/Common7/IDE/CommonExtensions/Microsoft/ClientDiagnostics/MemoryProfiler/Views/UnsupportedVersion/Resources/Resources.resx to C:\Program Files (x86)\Microsoft Visual Studio\2019\BuildTools\Common7\IDE\CommonExtensions\Microsoft\ClientDiagnostics\MemoryProfiler\Views\UnsupportedVersion\Resources\Resources.resx
[1a64:0017][2019-09-25T22:13:47] Timestamp updated for file 'C:\Program Files (x86)\Microsoft Visual Studio\2019\BuildTools\Common7\IDE\CommonExtensions\Microsoft\ClientDiagnostics\MemoryProfiler\Views\UnsupportedVersion\Resources\Resources.resx'.
[1a64:0017][2019-09-25T22:13:47] Processing file /Contents/Common7/IDE/CommonExtensions/Microsoft/ClientDiagnostics/MemoryProfiler/Views/UnsupportedVersion/Script/UnsupportedVersionMerged.js
[1a64:0017][2019-09-25T22:13:47] Started: Copying file /Contents/Common7/IDE/CommonExtensions/Microsoft/ClientDiagnostics/MemoryProfiler/Views/UnsupportedVersion/Script/UnsupportedVersionMerged.js to C:\Program Files (x86)\Microsoft Visual Studio\2019\BuildTools\Common7\IDE\CommonExtensions\Microsoft\ClientDiagnostics\MemoryProfiler\Views\UnsupportedVersion\Script\UnsupportedVersionMerged.js
[1a64:0017][2019-09-25T22:13:47] Completed: Copying file /Contents/Common7/IDE/CommonExtensions/Microsoft/ClientDiagnostics/MemoryProfiler/Views/UnsupportedVersion/Script/UnsupportedVersionMerged.js to C:\Program Files (x86)\Microsoft Visual Studio\2019\BuildTools\Common7\IDE\CommonExtensions\Microsoft\ClientDiagnostics\MemoryProfiler\Views\UnsupportedVersion\Script\UnsupportedVersionMerged.js
[1a64:0017][2019-09-25T22:13:47] Timestamp updated for file 'C:\Program Files (x86)\Microsoft Visual Studio\2019\BuildTools\Common7\IDE\CommonExtensions\Microsoft\ClientDiagnostics\MemoryProfiler\Views\UnsupportedVersion\Script\UnsupportedVersionMerged.js'.
[1a64:0017][2019-09-25T22:13:47] Processing file /Contents/Common7/IDE/CommonExtensions/Microsoft/ClientDiagnostics/MemoryProfiler/Views/UnsupportedVersion/UnsupportedVersion.html
[1a64:0017][2019-09-25T22:13:47] Started: Copying file /Contents/Common7/IDE/CommonExtensions/Microsoft/ClientDiagnostics/MemoryProfiler/Views/UnsupportedVersion/UnsupportedVersion.html to C:\Program Files (x86)\Microsoft Visual Studio\2019\BuildTools\Common7\IDE\CommonExtensions\Microsoft\ClientDiagnostics\MemoryProfiler\Views\UnsupportedVersion\UnsupportedVersion.html
[1a64:0017][2019-09-25T22:13:47] Completed: Copying file /Contents/Common7/IDE/CommonExtensions/Microsoft/ClientDiagnostics/MemoryProfiler/Views/UnsupportedVersion/UnsupportedVersion.html to C:\Program Files (x86)\Microsoft Visual Studio\2019\BuildTools\Common7\IDE\CommonExtensions\Microsoft\ClientDiagnostics\MemoryProfiler\Views\UnsupportedVersion\UnsupportedVersion.html
[1a64:0017][2019-09-25T22:13:47] Timestamp updated for file 'C:\Program Files (x86)\Microsoft Visual Studio\2019\BuildTools\Common7\IDE\CommonExtensions\Microsoft\ClientDiagnostics\MemoryProfiler\Views\UnsupportedVersion\UnsupportedVersion.html'.
[1a64:0017][2019-09-25T22:13:47] Processing file /Contents/Common7/IDE/CommonExtensions/Microsoft/ClientDiagnostics/MemoryProfiler/x86/msdia120.dll
[1a64:0017][2019-09-25T22:13:47] Started: Copying file /Contents/Common7/IDE/CommonExtensions/Microsoft/ClientDiagnostics/MemoryProfiler/x86/msdia120.dll to C:\Program Files (x86)\Microsoft Visual Studio\2019\BuildTools\Common7\IDE\CommonExtensions\Microsoft\ClientDiagnostics\MemoryProfiler\x86\msdia120.dll
[1a64:0017][2019-09-25T22:13:47] Completed: Copying file /Contents/Common7/IDE/CommonExtensions/Microsoft/ClientDiagnostics/MemoryProfiler/x86/msdia120.dll to C:\Program Files (x86)\Microsoft Visual Studio\2019\BuildTools\Common7\IDE\CommonExtensions\Microsoft\ClientDiagnostics\MemoryProfiler\x86\msdia120.dll
[1a64:0017][2019-09-25T22:13:47] Timestamp updated for file 'C:\Program Files (x86)\Microsoft Visual Studio\2019\BuildTools\Common7\IDE\CommonExtensions\Microsoft\ClientDiagnostics\MemoryProfiler\x86\msdia120.dll'.
[1a64:0017][2019-09-25T22:13:47] Processing file /Contents/Common7/IDE/CommonExtensions/Microsoft/ClientDiagnostics/Microsoft.VisualStudio.ClientDiagnostics.Common.dll
[1a64:0017][2019-09-25T22:13:47] Started: Copying file /Contents/Common7/IDE/CommonExtensions/Microsoft/ClientDiagnostics/Microsoft.VisualStudio.ClientDiagnostics.Common.dll to C:\Program Files (x86)\Microsoft Visual Studio\2019\BuildTools\Common7\IDE\CommonExtensions\Microsoft\ClientDiagnostics\Microsoft.VisualStudio.ClientDiagnostics.Common.dll
[1a64:0017][2019-09-25T22:13:47] Completed: Copying file /Contents/Common7/IDE/CommonExtensions/Microsoft/ClientDiagnostics/Microsoft.VisualStudio.ClientDiagnostics.Common.dll to C:\Program Files (x86)\Microsoft Visual Studio\2019\BuildTools\Common7\IDE\CommonExtensions\Microsoft\ClientDiagnostics\Microsoft.VisualStudio.ClientDiagnostics.Common.dll
[1a64:0017][2019-09-25T22:13:47] Timestamp updated for file 'C:\Program Files (x86)\Microsoft Visual Studio\2019\BuildTools\Common7\IDE\CommonExtensions\Microsoft\ClientDiagnostics\Microsoft.VisualStudio.ClientDiagnostics.Common.dll'.
[1a64:0017][2019-09-25T22:13:47] Processing file /Contents/Common7/IDE/CommonExtensions/Microsoft/ClientDiagnostics/Microsoft.VisualStudio.ClientDiagnostics.dll
[1a64:0017][2019-09-25T22:13:47] Started: Copying file /Contents/Common7/IDE/CommonExtensions/Microsoft/ClientDiagnostics/Microsoft.VisualStudio.ClientDiagnostics.dll to C:\Program Files (x86)\Microsoft Visual Studio\2019\BuildTools\Common7\IDE\CommonExtensions\Microsoft\ClientDiagnostics\Microsoft.VisualStudio.ClientDiagnostics.dll
[1a64:0017][2019-09-25T22:13:47] Completed: Copying file /Contents/Common7/IDE/CommonExtensions/Microsoft/ClientDiagnostics/Microsoft.VisualStudio.ClientDiagnostics.dll to C:\Program Files (x86)\Microsoft Visual Studio\2019\BuildTools\Common7\IDE\CommonExtensions\Microsoft\ClientDiagnostics\Microsoft.VisualStudio.ClientDiagnostics.dll
[1a64:0017][2019-09-25T22:13:47] Timestamp updated for file 'C:\Program Files (x86)\Microsoft Visual Studio\2019\BuildTools\Common7\IDE\CommonExtensions\Microsoft\ClientDiagnostics\Microsoft.VisualStudio.ClientDiagnostics.dll'.
[1a64:0017][2019-09-25T22:13:47] Processing file /Contents/Common7/IDE/CommonExtensions/Platform/DiagnosticsHub/amd64/MemoryProfilerInfoSource.dll
[1a64:0017][2019-09-25T22:13:47] Started: Copying file /Contents/Common7/IDE/CommonExtensions/Platform/DiagnosticsHub/amd64/MemoryProfilerInfoSource.dll to C:\Program Files (x86)\Microsoft Visual Studio\2019\BuildTools\Common7\IDE\CommonExtensions\Platform\DiagnosticsHub\amd64\MemoryProfilerInfoSource.dll
[1a64:0017][2019-09-25T22:13:47] Completed: Copying file /Contents/Common7/IDE/CommonExtensions/Platform/DiagnosticsHub/amd64/MemoryProfilerInfoSource.dll to C:\Program Files (x86)\Microsoft Visual Studio\2019\BuildTools\Common7\IDE\CommonExtensions\Platform\DiagnosticsHub\amd64\MemoryProfilerInfoSource.dll
[1a64:0017][2019-09-25T22:13:47] Timestamp updated for file 'C:\Program Files (x86)\Microsoft Visual Studio\2019\BuildTools\Common7\IDE\CommonExtensions\Platform\DiagnosticsHub\amd64\MemoryProfilerInfoSource.dll'.
[1a64:0017][2019-09-25T22:13:47] Processing file /Contents/Common7/IDE/CommonExtensions/Platform/DiagnosticsHub/x86/MemoryProfilerInfoSource.dll
[1a64:0017][2019-09-25T22:13:47] Started: Copying file /Contents/Common7/IDE/CommonExtensions/Platform/DiagnosticsHub/x86/MemoryProfilerInfoSource.dll to C:\Program Files (x86)\Microsoft Visual Studio\2019\BuildTools\Common7\IDE\CommonExtensions\Platform\DiagnosticsHub\x86\MemoryProfilerInfoSource.dll
[1a64:0017][2019-09-25T22:13:47] Completed: Copying file /Contents/Common7/IDE/CommonExtensions/Platform/DiagnosticsHub/x86/MemoryProfilerInfoSource.dll to C:\Program Files (x86)\Microsoft Visual Studio\2019\BuildTools\Common7\IDE\CommonExtensions\Platform\DiagnosticsHub\x86\MemoryProfilerInfoSource.dll
[1a64:0017][2019-09-25T22:13:47] Timestamp updated for file 'C:\Program Files (x86)\Microsoft Visual Studio\2019\BuildTools\Common7\IDE\CommonExtensions\Platform\DiagnosticsHub\x86\MemoryProfilerInfoSource.dll'.
[1a64:0017][2019-09-25T22:13:47] Processing file /Contents/VC/Auxiliary/VS/include/VSCustomNativeHeapEtwProvider.h
[1a64:0017][2019-09-25T22:13:47] Started: Copying file /Contents/VC/Auxiliary/VS/include/VSCustomNativeHeapEtwProvider.h to C:\Program Files (x86)\Microsoft Visual Studio\2019\BuildTools\VC\Auxiliary\VS\include\VSCustomNativeHeapEtwProvider.h
[1a64:0017][2019-09-25T22:13:47] Completed: Copying file /Contents/VC/Auxiliary/VS/include/VSCustomNativeHeapEtwProvider.h to C:\Program Files (x86)\Microsoft Visual Studio\2019\BuildTools\VC\Auxiliary\VS\include\VSCustomNativeHeapEtwProvider.h
[1a64:0017][2019-09-25T22:13:47] Timestamp updated for file 'C:\Program Files (x86)\Microsoft Visual Studio\2019\BuildTools\VC\Auxiliary\VS\include\VSCustomNativeHeapEtwProvider.h'.
[1a64:0017][2019-09-25T22:13:47] Processing file /Contents/VC/Auxiliary/VS/lib/arm/VSCustomNativeHeapEtwProvider.lib
[1a64:0017][2019-09-25T22:13:47] Started: Copying file /Contents/VC/Auxiliary/VS/lib/arm/VSCustomNativeHeapEtwProvider.lib to C:\Program Files (x86)\Microsoft Visual Studio\2019\BuildTools\VC\Auxiliary\VS\lib\arm\VSCustomNativeHeapEtwProvider.lib
[1a64:0017][2019-09-25T22:13:47] Completed: Copying file /Contents/VC/Auxiliary/VS/lib/arm/VSCustomNativeHeapEtwProvider.lib to C:\Program Files (x86)\Microsoft Visual Studio\2019\BuildTools\VC\Auxiliary\VS\lib\arm\VSCustomNativeHeapEtwProvider.lib
[1a64:0017][2019-09-25T22:13:47] Timestamp updated for file 'C:\Program Files (x86)\Microsoft Visual Studio\2019\BuildTools\VC\Auxiliary\VS\lib\arm\VSCustomNativeHeapEtwProvider.lib'.
[1a64:0017][2019-09-25T22:13:47] Processing file /Contents/VC/Auxiliary/VS/lib/onecore/arm/VSCustomNativeHeapEtwProvider.lib
[1a64:0017][2019-09-25T22:13:47] Started: Copying file /Contents/VC/Auxiliary/VS/lib/onecore/arm/VSCustomNativeHeapEtwProvider.lib to C:\Program Files (x86)\Microsoft Visual Studio\2019\BuildTools\VC\Auxiliary\VS\lib\onecore\arm\VSCustomNativeHeapEtwProvider.lib
[1a64:0017][2019-09-25T22:13:47] Completed: Copying file /Contents/VC/Auxiliary/VS/lib/onecore/arm/VSCustomNativeHeapEtwProvider.lib to C:\Program Files (x86)\Microsoft Visual Studio\2019\BuildTools\VC\Auxiliary\VS\lib\onecore\arm\VSCustomNativeHeapEtwProvider.lib
[1a64:0017][2019-09-25T22:13:47] Timestamp updated for file 'C:\Program Files (x86)\Microsoft Visual Studio\2019\BuildTools\VC\Auxiliary\VS\lib\onecore\arm\VSCustomNativeHeapEtwProvider.lib'.
[1a64:0017][2019-09-25T22:13:47] Processing file /Contents/VC/Auxiliary/VS/lib/onecore/x64/VSCustomNativeHeapEtwProvider.lib
[1a64:0017][2019-09-25T22:13:47] Started: Copying file /Contents/VC/Auxiliary/VS/lib/onecore/x64/VSCustomNativeHeapEtwProvider.lib to C:\Program Files (x86)\Microsoft Visual Studio\2019\BuildTools\VC\Auxiliary\VS\lib\onecore\x64\VSCustomNativeHeapEtwProvider.lib
[1a64:0017][2019-09-25T22:13:47] Completed: Copying file /Contents/VC/Auxiliary/VS/lib/onecore/x64/VSCustomNativeHeapEtwProvider.lib to C:\Program Files (x86)\Microsoft Visual Studio\2019\BuildTools\VC\Auxiliary\VS\lib\onecore\x64\VSCustomNativeHeapEtwProvider.lib
[1a64:0017][2019-09-25T22:13:47] Timestamp updated for file 'C:\Program Files (x86)\Microsoft Visual Studio\2019\BuildTools\VC\Auxiliary\VS\lib\onecore\x64\VSCustomNativeHeapEtwProvider.lib'.
[1a64:0017][2019-09-25T22:13:47] Processing file /Contents/VC/Auxiliary/VS/lib/onecore/x86/VSCustomNativeHeapEtwProvider.lib
[1a64:0017][2019-09-25T22:13:47] Started: Copying file /Contents/VC/Auxiliary/VS/lib/onecore/x86/VSCustomNativeHeapEtwProvider.lib to C:\Program Files (x86)\Microsoft Visual Studio\2019\BuildTools\VC\Auxiliary\VS\lib\onecore\x86\VSCustomNativeHeapEtwProvider.lib
[1a64:0017][2019-09-25T22:13:47] Completed: Copying file /Contents/VC/Auxiliary/VS/lib/onecore/x86/VSCustomNativeHeapEtwProvider.lib to C:\Program Files (x86)\Microsoft Visual Studio\2019\BuildTools\VC\Auxiliary\VS\lib\onecore\x86\VSCustomNativeHeapEtwProvider.lib
[1a64:0017][2019-09-25T22:13:47] Timestamp updated for file 'C:\Program Files (x86)\Microsoft Visual Studio\2019\BuildTools\VC\Auxiliary\VS\lib\onecore\x86\VSCustomNativeHeapEtwProvider.lib'.
[1a64:0017][2019-09-25T22:13:47] Processing file /Contents/VC/Auxiliary/VS/lib/x64/VSCustomNativeHeapEtwProvider.lib
[1a64:0017][2019-09-25T22:13:47] Started: Copying file /Contents/VC/Auxiliary/VS/lib/x64/VSCustomNativeHeapEtwProvider.lib to C:\Program Files (x86)\Microsoft Visual Studio\2019\BuildTools\VC\Auxiliary\VS\lib\x64\VSCustomNativeHeapEtwProvider.lib
[1a64:0017][2019-09-25T22:13:47] Completed: Copying file /Contents/VC/Auxiliary/VS/lib/x64/VSCustomNativeHeapEtwProvider.lib to C:\Program Files (x86)\Microsoft Visual Studio\2019\BuildTools\VC\Auxiliary\VS\lib\x64\VSCustomNativeHeapEtwProvider.lib
[1a64:0017][2019-09-25T22:13:47] Timestamp updated for file 'C:\Program Files (x86)\Microsoft Visual Studio\2019\BuildTools\VC\Auxiliary\VS\lib\x64\VSCustomNativeHeapEtwProvider.lib'.
[1a64:0017][2019-09-25T22:13:47] Processing file /Contents/VC/Auxiliary/VS/lib/x86/VSCustomNativeHeapEtwProvider.lib
[1a64:0017][2019-09-25T22:13:47] Started: Copying file /Contents/VC/Auxiliary/VS/lib/x86/VSCustomNativeHeapEtwProvider.lib to C:\Program Files (x86)\Microsoft Visual Studio\2019\BuildTools\VC\Auxiliary\VS\lib\x86\VSCustomNativeHeapEtwProvider.lib
[1a64:0017][2019-09-25T22:13:48] Completed: Copying file /Contents/VC/Auxiliary/VS/lib/x86/VSCustomNativeHeapEtwProvider.lib to C:\Program Files (x86)\Microsoft Visual Studio\2019\BuildTools\VC\Auxiliary\VS\lib\x86\VSCustomNativeHeapEtwProvider.lib
[1a64:0017][2019-09-25T22:13:48] Timestamp updated for file 'C:\Program Files (x86)\Microsoft Visual Studio\2019\BuildTools\VC\Auxiliary\VS\lib\x86\VSCustomNativeHeapEtwProvider.lib'.
[1a64:0017][2019-09-25T22:13:48] Processing file /Contents/Common7/IDE/CommonExtensions/Microsoft/ClientDiagnostics/extension.vsixmanifest
[1a64:0017][2019-09-25T22:13:48] Started: Copying file /Contents/Common7/IDE/CommonExtensions/Microsoft/ClientDiagnostics/extension.vsixmanifest to C:\Program Files (x86)\Microsoft Visual Studio\2019\BuildTools\Common7\IDE\CommonExtensions\Microsoft\ClientDiagnostics\extension.vsixmanifest
[1a64:0017][2019-09-25T22:13:48] Completed: Copying file /Contents/Common7/IDE/CommonExtensions/Microsoft/ClientDiagnostics/extension.vsixmanifest to C:\Program Files (x86)\Microsoft Visual Studio\2019\BuildTools\Common7\IDE\CommonExtensions\Microsoft\ClientDiagnostics\extension.vsixmanifest
[1a64:0017][2019-09-25T22:13:48] Timestamp updated for file 'C:\Program Files (x86)\Microsoft Visual Studio\2019\BuildTools\Common7\IDE\CommonExtensions\Microsoft\ClientDiagnostics\extension.vsixmanifest'.
[1a64:0017][2019-09-25T22:13:48] Package executed successfully. Return code: 0
