[161C:1C04][2019-09-25T22:11:20]i001: Burn v3.10.4.4718, Windows v10.0 (Build 18362: Service Pack 0), path: C:\Windows\Temp\{A2E48BD2-B6CD-45A0-8192-CF5FBCBFA6E9}\.cr\VC_redist.x64.exe
[161C:1C04][2019-09-25T22:11:20]i009: Command Line: '-burn.clean.room=C:\ProgramData\Microsoft\VisualStudio\Packages\Microsoft.VisualCpp.Redist.14,version=14.23.27820,chip=x64\VC_redist.x64.exe -burn.filehandle.attached=640 -burn.filehandle.self=684 /q /norestart /log C:\Users\Adrian\AppData\Local\Temp\dd_setup_20190925220950_029_Microsoft.VisualCpp.Redist.14.log'
[161C:1C04][2019-09-25T22:11:20]i000: Setting string variable 'WixBundleOriginalSource' to value 'C:\ProgramData\Microsoft\VisualStudio\Packages\Microsoft.VisualCpp.Redist.14,version=14.23.27820,chip=x64\VC_redist.x64.exe'
[161C:1C04][2019-09-25T22:11:20]i000: Setting string variable 'WixBundleOriginalSourceFolder' to value 'C:\ProgramData\Microsoft\VisualStudio\Packages\Microsoft.VisualCpp.Redist.14,version=14.23.27820,chip=x64\'
[161C:1C04][2019-09-25T22:11:20]i000: Setting string variable 'WixBundleLog' to value 'C:\Users\Adrian\AppData\Local\Temp\dd_setup_20190925220950_029_Microsoft.VisualCpp.Redist.14.log'
[161C:1C04][2019-09-25T22:11:20]i000: Setting string variable 'WixBundleName' to value 'Microsoft Visual C++ 2015-2019 Redistributable (x64) - 14.23.27820'
[161C:1C04][2019-09-25T22:11:20]i000: Setting string variable 'WixBundleManufacturer' to value 'Microsoft Corporation'
[161C:1C54][2019-09-25T22:11:20]i000: Setting version variable 'WixBundleFileVersion' to value '14.23.27820.0'
[161C:1C04][2019-09-25T22:11:20]i100: Detect begin, 10 packages
[161C:1C04][2019-09-25T22:11:20]i000: Setting version variable 'windows_uCRT_DetectKey' to value '10.0.18362.1'
[161C:1C04][2019-09-25T22:11:20]i000: Setting numeric variable 'windows_uCRT_DetectKeyExists' to value 1
[161C:1C04][2019-09-25T22:11:20]i052: Condition '(VersionNT = v6.3 AND NOT VersionNT64) AND (windows_uCRT_DetectKeyExists AND windows_uCRT_DetectKey >= v10.0.10240.0)' evaluates to false.
[161C:1C04][2019-09-25T22:11:20]i052: Condition '(VersionNT = v6.3 AND VersionNT64) AND (windows_uCRT_DetectKeyExists AND windows_uCRT_DetectKey >= v10.0.10240.0)' evaluates to false.
[161C:1C04][2019-09-25T22:11:20]i052: Condition '(VersionNT = v6.2 AND NOT VersionNT64) AND (windows_uCRT_DetectKeyExists AND windows_uCRT_DetectKey >= v10.0.10240.0)' evaluates to false.
[161C:1C04][2019-09-25T22:11:20]i052: Condition '(VersionNT = v6.2 AND VersionNT64) AND (windows_uCRT_DetectKeyExists AND windows_uCRT_DetectKey >= v10.0.10240.0)' evaluates to false.
[161C:1C04][2019-09-25T22:11:20]i052: Condition '(VersionNT = v6.1 AND NOT VersionNT64) AND (windows_uCRT_DetectKeyExists AND windows_uCRT_DetectKey >= v10.0.10240.0)' evaluates to false.
[161C:1C04][2019-09-25T22:11:20]i052: Condition '(VersionNT = v6.1 AND VersionNT64) AND (windows_uCRT_DetectKeyExists AND windows_uCRT_DetectKey >= v10.0.10240.0)' evaluates to false.
[161C:1C04][2019-09-25T22:11:20]i052: Condition '(VersionNT = v6.0 AND NOT VersionNT64) AND (windows_uCRT_DetectKeyExists AND windows_uCRT_DetectKey >= v10.0.10240.0)' evaluates to false.
[161C:1C04][2019-09-25T22:11:20]i052: Condition '(VersionNT = v6.0 AND VersionNT64) AND (windows_uCRT_DetectKeyExists AND windows_uCRT_DetectKey >= v10.0.10240.0)' evaluates to false.
[161C:1C04][2019-09-25T22:11:20]i101: Detected package: Windows81_x86, state: Absent, cached: None
[161C:1C04][2019-09-25T22:11:20]i101: Detected package: Windows81_x64, state: Absent, cached: None
[161C:1C04][2019-09-25T22:11:20]i101: Detected package: Windows8_x86, state: Absent, cached: None
[161C:1C04][2019-09-25T22:11:20]i101: Detected package: Windows8_x64, state: Absent, cached: None
[161C:1C04][2019-09-25T22:11:20]i101: Detected package: Windows7_MSU_x86, state: Absent, cached: None
[161C:1C04][2019-09-25T22:11:20]i101: Detected package: Windows7_MSU_x64, state: Absent, cached: None
[161C:1C04][2019-09-25T22:11:20]i101: Detected package: WindowsVista_MSU_x86, state: Absent, cached: None
[161C:1C04][2019-09-25T22:11:20]i101: Detected package: WindowsVista_MSU_x64, state: Absent, cached: None
[161C:1C04][2019-09-25T22:11:20]i101: Detected package: vcRuntimeMinimum_x64, state: Absent, cached: None
[161C:1C04][2019-09-25T22:11:20]i101: Detected package: vcRuntimeAdditional_x64, state: Absent, cached: None
[161C:1C04][2019-09-25T22:11:20]i052: Condition 'VersionNT64 >= v6.0 OR (VersionNT64 = v5.2 AND ServicePackLevel >= 1)' evaluates to true.
[161C:1C04][2019-09-25T22:11:20]i199: Detect complete, result: 0x0
[161C:1C04][2019-09-25T22:11:20]i200: Plan begin, 10 packages, action: Install
[161C:1C04][2019-09-25T22:11:20]i052: Condition 'VersionNT = v6.3 AND NOT VersionNT64' evaluates to false.
[161C:1C04][2019-09-25T22:11:20]w321: Skipping dependency registration on package with no dependency providers: Windows81_x86
[161C:1C04][2019-09-25T22:11:20]i052: Condition 'VersionNT = v6.3 AND VersionNT64' evaluates to false.
[161C:1C04][2019-09-25T22:11:20]w321: Skipping dependency registration on package with no dependency providers: Windows81_x64
[161C:1C04][2019-09-25T22:11:20]i052: Condition 'VersionNT = v6.2 AND NOT VersionNT64' evaluates to false.
[161C:1C04][2019-09-25T22:11:20]w321: Skipping dependency registration on package with no dependency providers: Windows8_x86
[161C:1C04][2019-09-25T22:11:20]i052: Condition 'VersionNT = v6.2 AND VersionNT64' evaluates to false.
[161C:1C04][2019-09-25T22:11:20]w321: Skipping dependency registration on package with no dependency providers: Windows8_x64
[161C:1C04][2019-09-25T22:11:20]i052: Condition 'VersionNT = v6.1 AND NOT VersionNT64' evaluates to false.
[161C:1C04][2019-09-25T22:11:20]w321: Skipping dependency registration on package with no dependency providers: Windows7_MSU_x86
[161C:1C04][2019-09-25T22:11:20]i052: Condition 'VersionNT = v6.1 AND VersionNT64' evaluates to false.
[161C:1C04][2019-09-25T22:11:20]w321: Skipping dependency registration on package with no dependency providers: Windows7_MSU_x64
[161C:1C04][2019-09-25T22:11:20]i052: Condition 'VersionNT = v6.0 AND NOT VersionNT64' evaluates to false.
[161C:1C04][2019-09-25T22:11:20]w321: Skipping dependency registration on package with no dependency providers: WindowsVista_MSU_x86
[161C:1C04][2019-09-25T22:11:20]i052: Condition 'VersionNT = v6.0 AND VersionNT64' evaluates to false.
[161C:1C04][2019-09-25T22:11:20]w321: Skipping dependency registration on package with no dependency providers: WindowsVista_MSU_x64
[161C:1C04][2019-09-25T22:11:20]i052: Condition '(VersionNT64)' evaluates to true.
[161C:1C04][2019-09-25T22:11:20]i000: Setting string variable 'WixBundleRollbackLog_vcRuntimeMinimum_x64' to value 'C:\Users\Adrian\AppData\Local\Temp\dd_setup_20190925220950_029_Microsoft.VisualCpp.Redist.14_000_vcRuntimeMinimum_x64_rollback.log'
[161C:1C04][2019-09-25T22:11:20]i000: Setting string variable 'WixBundleLog_vcRuntimeMinimum_x64' to value 'C:\Users\Adrian\AppData\Local\Temp\dd_setup_20190925220950_029_Microsoft.VisualCpp.Redist.14_000_vcRuntimeMinimum_x64.log'
[161C:1C04][2019-09-25T22:11:20]i052: Condition '(VersionNT64)' evaluates to true.
[161C:1C04][2019-09-25T22:11:20]i000: Setting string variable 'WixBundleRollbackLog_vcRuntimeAdditional_x64' to value 'C:\Users\Adrian\AppData\Local\Temp\dd_setup_20190925220950_029_Microsoft.VisualCpp.Redist.14_001_vcRuntimeAdditional_x64_rollback.log'
[161C:1C04][2019-09-25T22:11:20]i000: Setting string variable 'WixBundleLog_vcRuntimeAdditional_x64' to value 'C:\Users\Adrian\AppData\Local\Temp\dd_setup_20190925220950_029_Microsoft.VisualCpp.Redist.14_001_vcRuntimeAdditional_x64.log'
[161C:1C04][2019-09-25T22:11:20]i201: Planned package: Windows81_x86, state: Absent, default requested: Absent, ba requested: Absent, execute: None, rollback: None, cache: No, uncache: No, dependency: None
[161C:1C04][2019-09-25T22:11:20]i201: Planned package: Windows81_x64, state: Absent, default requested: Absent, ba requested: Absent, execute: None, rollback: None, cache: No, uncache: No, dependency: None
[161C:1C04][2019-09-25T22:11:20]i201: Planned package: Windows8_x86, state: Absent, default requested: Absent, ba requested: Absent, execute: None, rollback: None, cache: No, uncache: No, dependency: None
[161C:1C04][2019-09-25T22:11:20]i201: Planned package: Windows8_x64, state: Absent, default requested: Absent, ba requested: Absent, execute: None, rollback: None, cache: No, uncache: No, dependency: None
[161C:1C04][2019-09-25T22:11:20]i201: Planned package: Windows7_MSU_x86, state: Absent, default requested: Absent, ba requested: Absent, execute: None, rollback: None, cache: No, uncache: No, dependency: None
[161C:1C04][2019-09-25T22:11:20]i201: Planned package: Windows7_MSU_x64, state: Absent, default requested: Absent, ba requested: Absent, execute: None, rollback: None, cache: No, uncache: No, dependency: None
[161C:1C04][2019-09-25T22:11:20]i201: Planned package: WindowsVista_MSU_x86, state: Absent, default requested: Absent, ba requested: Absent, execute: None, rollback: None, cache: No, uncache: No, dependency: None
[161C:1C04][2019-09-25T22:11:20]i201: Planned package: WindowsVista_MSU_x64, state: Absent, default requested: Absent, ba requested: Absent, execute: None, rollback: None, cache: No, uncache: No, dependency: None
[161C:1C04][2019-09-25T22:11:20]i201: Planned package: vcRuntimeMinimum_x64, state: Absent, default requested: Present, ba requested: Present, execute: Install, rollback: Uninstall, cache: Yes, uncache: No, dependency: Register
[161C:1C04][2019-09-25T22:11:20]i201: Planned package: vcRuntimeAdditional_x64, state: Absent, default requested: Present, ba requested: Present, execute: Install, rollback: Uninstall, cache: Yes, uncache: No, dependency: Register
[161C:1C04][2019-09-25T22:11:20]i299: Plan complete, result: 0x0
[161C:1C04][2019-09-25T22:11:20]i300: Apply begin
[161C:1C04][2019-09-25T22:11:20]i010: Launching elevated engine process.
[161C:1C04][2019-09-25T22:11:20]i011: Launched elevated engine process.
[161C:1C04][2019-09-25T22:11:20]i012: Connected to elevated engine.
[112C:1120][2019-09-25T22:11:20]i358: Pausing automatic updates.
[112C:1120][2019-09-25T22:11:20]i359: Paused automatic updates.
[112C:1120][2019-09-25T22:11:20]i360: Creating a system restore point.
[112C:1120][2019-09-25T22:11:20]w363: Could not create system restore point, error: 0x80070422. Continuing...
[112C:1120][2019-09-25T22:11:20]i370: Session begin, registration key: SOFTWARE\Microsoft\Windows\CurrentVersion\Uninstall\{852adda4-4c78-4a38-b583-c0b360a329d6}, options: 0x7, disable resume: No
[112C:1120][2019-09-25T22:11:20]i000: Caching bundle from: 'C:\Windows\Temp\{C908DA17-F5B9-4DC4-AFBB-768EDE3B1E2E}\.be\VC_redist.x64.exe' to: 'C:\ProgramData\Package Cache\{852adda4-4c78-4a38-b583-c0b360a329d6}\VC_redist.x64.exe'
[112C:1120][2019-09-25T22:11:20]i320: Registering bundle dependency provider: VC,redist.x64,amd64,14.23,bundle, version: 14.23.27820.0
[112C:1120][2019-09-25T22:11:20]i371: Updating session, registration key: SOFTWARE\Microsoft\Windows\CurrentVersion\Uninstall\{852adda4-4c78-4a38-b583-c0b360a329d6}, resume: Active, restart initiated: No, disable resume: No
[112C:19E0][2019-09-25T22:11:21]i305: Verified acquired payload: vcRuntimeMinimum_x64 at path: C:\ProgramData\Package Cache\.unverified\vcRuntimeMinimum_x64, moving to: C:\ProgramData\Package Cache\{A94EC1B2-932B-49D7-8AF2-4FBD29FF314B}v14.23.27820\packages\vcRuntimeMinimum_amd64\vc_runtimeMinimum_x64.msi.
[112C:19E0][2019-09-25T22:11:21]i305: Verified acquired payload: cab5046A8AB272BF37297BB7928664C9503 at path: C:\ProgramData\Package Cache\.unverified\cab5046A8AB272BF37297BB7928664C9503, moving to: C:\ProgramData\Package Cache\{A94EC1B2-932B-49D7-8AF2-4FBD29FF314B}v14.23.27820\packages\vcRuntimeMinimum_amd64\cab1.cab.
[112C:19E0][2019-09-25T22:11:21]i305: Verified acquired payload: vcRuntimeAdditional_x64 at path: C:\ProgramData\Package Cache\.unverified\vcRuntimeAdditional_x64, moving to: C:\ProgramData\Package Cache\{9CA7111B-263D-45DE-B898-61FAD30B3237}v14.23.27820\packages\vcRuntimeAdditional_amd64\vc_runtimeAdditional_x64.msi.
[112C:19E0][2019-09-25T22:11:21]i305: Verified acquired payload: cab2C04DDC374BD96EB5C8EB8208F2C7C92 at path: C:\ProgramData\Package Cache\.unverified\cab2C04DDC374BD96EB5C8EB8208F2C7C92, moving to: C:\ProgramData\Package Cache\{9CA7111B-263D-45DE-B898-61FAD30B3237}v14.23.27820\packages\vcRuntimeAdditional_amd64\cab1.cab.
[112C:1120][2019-09-25T22:11:21]i301: Applying execute package: vcRuntimeMinimum_x64, action: Install, path: C:\ProgramData\Package Cache\{A94EC1B2-932B-49D7-8AF2-4FBD29FF314B}v14.23.27820\packages\vcRuntimeMinimum_amd64\vc_runtimeMinimum_x64.msi, arguments: ' MSIFASTINSTALL="7" NOVSUI="1"'
[161C:1C04][2019-09-25T22:11:21]i319: Applied execute package: vcRuntimeMinimum_x64, result: 0x0, restart: None
[112C:1120][2019-09-25T22:11:21]i325: Registering dependency: {852adda4-4c78-4a38-b583-c0b360a329d6} on package provider: Microsoft.VS.VC_RuntimeMinimumVSU_amd64,v14, package: vcRuntimeMinimum_x64
[112C:1120][2019-09-25T22:11:21]i301: Applying execute package: vcRuntimeAdditional_x64, action: Install, path: C:\ProgramData\Package Cache\{9CA7111B-263D-45DE-B898-61FAD30B3237}v14.23.27820\packages\vcRuntimeAdditional_amd64\vc_runtimeAdditional_x64.msi, arguments: ' MSIFASTINSTALL="7" NOVSUI="1"'
[161C:1C04][2019-09-25T22:11:21]i319: Applied execute package: vcRuntimeAdditional_x64, result: 0x0, restart: None
[112C:1120][2019-09-25T22:11:21]i325: Registering dependency: {852adda4-4c78-4a38-b583-c0b360a329d6} on package provider: Microsoft.VS.VC_RuntimeAdditionalVSU_amd64,v14, package: vcRuntimeAdditional_x64
[112C:1120][2019-09-25T22:11:21]i372: Session end, registration key: SOFTWARE\Microsoft\Windows\CurrentVersion\Uninstall\{852adda4-4c78-4a38-b583-c0b360a329d6}, resume: ARP, restart: None, disable resume: No
[112C:1120][2019-09-25T22:11:21]i371: Updating session, registration key: SOFTWARE\Microsoft\Windows\CurrentVersion\Uninstall\{852adda4-4c78-4a38-b583-c0b360a329d6}, resume: ARP, restart initiated: No, disable resume: No
[161C:1C04][2019-09-25T22:11:21]i399: Apply complete, result: 0x0, restart: None, ba requested restart:  No
[161C:1C04][2019-09-25T22:11:21]i500: Shutting down, exit code: 0x0
[161C:1C04][2019-09-25T22:11:21]i410: Variable: SystemFolder = C:\Windows\system32\
[161C:1C04][2019-09-25T22:11:21]i410: Variable: VersionNT = 10.0.0.0
[161C:1C04][2019-09-25T22:11:21]i410: Variable: VersionNT64 = 10.0.0.0
[161C:1C04][2019-09-25T22:11:21]i410: Variable: windows_uCRT_DetectKey = 10.0.18362.1
[161C:1C04][2019-09-25T22:11:21]i410: Variable: windows_uCRT_DetectKeyExists = 1
[161C:1C04][2019-09-25T22:11:21]i410: Variable: WixBundleAction = 5
[161C:1C04][2019-09-25T22:11:21]i410: Variable: WixBundleElevated = 1
[161C:1C04][2019-09-25T22:11:21]i410: Variable: WixBundleFileVersion = 14.23.27820.0
[161C:1C04][2019-09-25T22:11:21]i410: Variable: WixBundleInstalled = 0
[161C:1C04][2019-09-25T22:11:21]i410: Variable: WixBundleLog = C:\Users\Adrian\AppData\Local\Temp\dd_setup_20190925220950_029_Microsoft.VisualCpp.Redist.14.log
[161C:1C04][2019-09-25T22:11:21]i410: Variable: WixBundleLog_vcRuntimeAdditional_x64 = C:\Users\Adrian\AppData\Local\Temp\dd_setup_20190925220950_029_Microsoft.VisualCpp.Redist.14_001_vcRuntimeAdditional_x64.log
[161C:1C04][2019-09-25T22:11:21]i410: Variable: WixBundleLog_vcRuntimeMinimum_x64 = C:\Users\Adrian\AppData\Local\Temp\dd_setup_20190925220950_029_Microsoft.VisualCpp.Redist.14_000_vcRuntimeMinimum_x64.log
[161C:1C04][2019-09-25T22:11:21]i410: Variable: WixBundleManufacturer = Microsoft Corporation
[161C:1C04][2019-09-25T22:11:21]i410: Variable: WixBundleName = Microsoft Visual C++ 2015-2019 Redistributable (x64) - 14.23.27820
[161C:1C04][2019-09-25T22:11:21]i410: Variable: WixBundleOriginalSource = C:\ProgramData\Microsoft\VisualStudio\Packages\Microsoft.VisualCpp.Redist.14,version=14.23.27820,chip=x64\VC_redist.x64.exe
[161C:1C04][2019-09-25T22:11:21]i410: Variable: WixBundleOriginalSourceFolder = C:\ProgramData\Microsoft\VisualStudio\Packages\Microsoft.VisualCpp.Redist.14,version=14.23.27820,chip=x64\
[161C:1C04][2019-09-25T22:11:21]i410: Variable: WixBundleProviderKey = VC,redist.x64,amd64,14.23,bundle
[161C:1C04][2019-09-25T22:11:21]i410: Variable: WixBundleRollbackLog_vcRuntimeAdditional_x64 = C:\Users\Adrian\AppData\Local\Temp\dd_setup_20190925220950_029_Microsoft.VisualCpp.Redist.14_001_vcRuntimeAdditional_x64_rollback.log
[161C:1C04][2019-09-25T22:11:21]i410: Variable: WixBundleRollbackLog_vcRuntimeMinimum_x64 = C:\Users\Adrian\AppData\Local\Temp\dd_setup_20190925220950_029_Microsoft.VisualCpp.Redist.14_000_vcRuntimeMinimum_x64_rollback.log
[161C:1C04][2019-09-25T22:11:21]i410: Variable: WixBundleSourceProcessFolder = C:\ProgramData\Microsoft\VisualStudio\Packages\Microsoft.VisualCpp.Redist.14,version=14.23.27820,chip=x64\
[161C:1C04][2019-09-25T22:11:21]i410: Variable: WixBundleSourceProcessPath = C:\ProgramData\Microsoft\VisualStudio\Packages\Microsoft.VisualCpp.Redist.14,version=14.23.27820,chip=x64\VC_redist.x64.exe
[161C:1C04][2019-09-25T22:11:21]i410: Variable: WixBundleTag = 
[161C:1C04][2019-09-25T22:11:21]i410: Variable: WixBundleVersion = 14.23.27820.0
[161C:1C04][2019-09-25T22:11:21]i007: Exit code: 0x0, restarting: No
