[1a64:0017][2019-09-25T22:13:15] Opening the package for processing
[1a64:0017][2019-09-25T22:13:15] Using package payload to get the embedded manifest
[1a64:0017][2019-09-25T22:13:15] Getting list of files within the package
[1a64:0017][2019-09-25T22:13:15] Processing file /catalog.json
[1a64:0017][2019-09-25T22:13:15] Started: Copying file /catalog.json to C:\Program Files (x86)\Microsoft Visual Studio\2019\BuildTools\Common7\IDE\CommonExtensions\Microsoft\Terminal\catalog.json
[1a64:0017][2019-09-25T22:13:15] Completed: Copying file /catalog.json to C:\Program Files (x86)\Microsoft Visual Studio\2019\BuildTools\Common7\IDE\CommonExtensions\Microsoft\Terminal\catalog.json
[1a64:0017][2019-09-25T22:13:15] Timestamp updated for file 'C:\Program Files (x86)\Microsoft Visual Studio\2019\BuildTools\Common7\IDE\CommonExtensions\Microsoft\Terminal\catalog.json'.
[1a64:0017][2019-09-25T22:13:15] Processing file /cs/Microsoft.VisualStudio.Terminal.Implementation.resources.dll
[1a64:0017][2019-09-25T22:13:15] Started: Copying file /cs/Microsoft.VisualStudio.Terminal.Implementation.resources.dll to C:\Program Files (x86)\Microsoft Visual Studio\2019\BuildTools\Common7\IDE\CommonExtensions\Microsoft\Terminal\cs\Microsoft.VisualStudio.Terminal.Implementation.resources.dll
[1a64:0017][2019-09-25T22:13:15] Completed: Copying file /cs/Microsoft.VisualStudio.Terminal.Implementation.resources.dll to C:\Program Files (x86)\Microsoft Visual Studio\2019\BuildTools\Common7\IDE\CommonExtensions\Microsoft\Terminal\cs\Microsoft.VisualStudio.Terminal.Implementation.resources.dll
[1a64:0017][2019-09-25T22:13:15] Timestamp updated for file 'C:\Program Files (x86)\Microsoft Visual Studio\2019\BuildTools\Common7\IDE\CommonExtensions\Microsoft\Terminal\cs\Microsoft.VisualStudio.Terminal.Implementation.resources.dll'.
[1a64:0017][2019-09-25T22:13:15] Queueing C:\Program Files (x86)\Microsoft Visual Studio\2019\BuildTools\Common7\IDE\CommonExtensions\Microsoft\Terminal\cs\Microsoft.VisualStudio.Terminal.Implementation.resources.dll for X86 ngen
[1a64:0017][2019-09-25T22:13:15] Successfully queued file '/cs/Microsoft.VisualStudio.Terminal.Implementation.resources.dll' for ngen
[1a64:0017][2019-09-25T22:13:15] Processing file /cs/Microsoft.VisualStudio.Terminal.resources.dll
[1a64:0017][2019-09-25T22:13:15] Started: Copying file /cs/Microsoft.VisualStudio.Terminal.resources.dll to C:\Program Files (x86)\Microsoft Visual Studio\2019\BuildTools\Common7\IDE\CommonExtensions\Microsoft\Terminal\cs\Microsoft.VisualStudio.Terminal.resources.dll
[1a64:0017][2019-09-25T22:13:15] Completed: Copying file /cs/Microsoft.VisualStudio.Terminal.resources.dll to C:\Program Files (x86)\Microsoft Visual Studio\2019\BuildTools\Common7\IDE\CommonExtensions\Microsoft\Terminal\cs\Microsoft.VisualStudio.Terminal.resources.dll
[1a64:0017][2019-09-25T22:13:15] Timestamp updated for file 'C:\Program Files (x86)\Microsoft Visual Studio\2019\BuildTools\Common7\IDE\CommonExtensions\Microsoft\Terminal\cs\Microsoft.VisualStudio.Terminal.resources.dll'.
[1a64:0017][2019-09-25T22:13:15] Queueing C:\Program Files (x86)\Microsoft Visual Studio\2019\BuildTools\Common7\IDE\CommonExtensions\Microsoft\Terminal\cs\Microsoft.VisualStudio.Terminal.resources.dll for X86 ngen
[1a64:0017][2019-09-25T22:13:15] Successfully queued file '/cs/Microsoft.VisualStudio.Terminal.resources.dll' for ngen
[1a64:0017][2019-09-25T22:13:15] Processing file /de/Microsoft.VisualStudio.Terminal.Implementation.resources.dll
[1a64:0017][2019-09-25T22:13:15] Started: Copying file /de/Microsoft.VisualStudio.Terminal.Implementation.resources.dll to C:\Program Files (x86)\Microsoft Visual Studio\2019\BuildTools\Common7\IDE\CommonExtensions\Microsoft\Terminal\de\Microsoft.VisualStudio.Terminal.Implementation.resources.dll
[1a64:0017][2019-09-25T22:13:15] Completed: Copying file /de/Microsoft.VisualStudio.Terminal.Implementation.resources.dll to C:\Program Files (x86)\Microsoft Visual Studio\2019\BuildTools\Common7\IDE\CommonExtensions\Microsoft\Terminal\de\Microsoft.VisualStudio.Terminal.Implementation.resources.dll
[1a64:0017][2019-09-25T22:13:15] Timestamp updated for file 'C:\Program Files (x86)\Microsoft Visual Studio\2019\BuildTools\Common7\IDE\CommonExtensions\Microsoft\Terminal\de\Microsoft.VisualStudio.Terminal.Implementation.resources.dll'.
[1a64:0017][2019-09-25T22:13:15] Queueing C:\Program Files (x86)\Microsoft Visual Studio\2019\BuildTools\Common7\IDE\CommonExtensions\Microsoft\Terminal\de\Microsoft.VisualStudio.Terminal.Implementation.resources.dll for X86 ngen
[1a64:0017][2019-09-25T22:13:15] Successfully queued file '/de/Microsoft.VisualStudio.Terminal.Implementation.resources.dll' for ngen
[1a64:0017][2019-09-25T22:13:15] Processing file /de/Microsoft.VisualStudio.Terminal.resources.dll
[1a64:0017][2019-09-25T22:13:15] Started: Copying file /de/Microsoft.VisualStudio.Terminal.resources.dll to C:\Program Files (x86)\Microsoft Visual Studio\2019\BuildTools\Common7\IDE\CommonExtensions\Microsoft\Terminal\de\Microsoft.VisualStudio.Terminal.resources.dll
[1a64:0017][2019-09-25T22:13:15] Completed: Copying file /de/Microsoft.VisualStudio.Terminal.resources.dll to C:\Program Files (x86)\Microsoft Visual Studio\2019\BuildTools\Common7\IDE\CommonExtensions\Microsoft\Terminal\de\Microsoft.VisualStudio.Terminal.resources.dll
[1a64:0017][2019-09-25T22:13:15] Timestamp updated for file 'C:\Program Files (x86)\Microsoft Visual Studio\2019\BuildTools\Common7\IDE\CommonExtensions\Microsoft\Terminal\de\Microsoft.VisualStudio.Terminal.resources.dll'.
[1a64:0017][2019-09-25T22:13:15] Queueing C:\Program Files (x86)\Microsoft Visual Studio\2019\BuildTools\Common7\IDE\CommonExtensions\Microsoft\Terminal\de\Microsoft.VisualStudio.Terminal.resources.dll for X86 ngen
[1a64:0017][2019-09-25T22:13:15] Successfully queued file '/de/Microsoft.VisualStudio.Terminal.resources.dll' for ngen
[1a64:0017][2019-09-25T22:13:15] Processing file /es/Microsoft.VisualStudio.Terminal.Implementation.resources.dll
[1a64:0017][2019-09-25T22:13:15] Started: Copying file /es/Microsoft.VisualStudio.Terminal.Implementation.resources.dll to C:\Program Files (x86)\Microsoft Visual Studio\2019\BuildTools\Common7\IDE\CommonExtensions\Microsoft\Terminal\es\Microsoft.VisualStudio.Terminal.Implementation.resources.dll
[1a64:0017][2019-09-25T22:13:15] Completed: Copying file /es/Microsoft.VisualStudio.Terminal.Implementation.resources.dll to C:\Program Files (x86)\Microsoft Visual Studio\2019\BuildTools\Common7\IDE\CommonExtensions\Microsoft\Terminal\es\Microsoft.VisualStudio.Terminal.Implementation.resources.dll
[1a64:0017][2019-09-25T22:13:15] Timestamp updated for file 'C:\Program Files (x86)\Microsoft Visual Studio\2019\BuildTools\Common7\IDE\CommonExtensions\Microsoft\Terminal\es\Microsoft.VisualStudio.Terminal.Implementation.resources.dll'.
[1a64:0017][2019-09-25T22:13:15] Queueing C:\Program Files (x86)\Microsoft Visual Studio\2019\BuildTools\Common7\IDE\CommonExtensions\Microsoft\Terminal\es\Microsoft.VisualStudio.Terminal.Implementation.resources.dll for X86 ngen
[1a64:0017][2019-09-25T22:13:15] Successfully queued file '/es/Microsoft.VisualStudio.Terminal.Implementation.resources.dll' for ngen
[1a64:0017][2019-09-25T22:13:15] Processing file /es/Microsoft.VisualStudio.Terminal.resources.dll
[1a64:0017][2019-09-25T22:13:15] Started: Copying file /es/Microsoft.VisualStudio.Terminal.resources.dll to C:\Program Files (x86)\Microsoft Visual Studio\2019\BuildTools\Common7\IDE\CommonExtensions\Microsoft\Terminal\es\Microsoft.VisualStudio.Terminal.resources.dll
[1a64:0017][2019-09-25T22:13:15] Completed: Copying file /es/Microsoft.VisualStudio.Terminal.resources.dll to C:\Program Files (x86)\Microsoft Visual Studio\2019\BuildTools\Common7\IDE\CommonExtensions\Microsoft\Terminal\es\Microsoft.VisualStudio.Terminal.resources.dll
[1a64:0017][2019-09-25T22:13:15] Timestamp updated for file 'C:\Program Files (x86)\Microsoft Visual Studio\2019\BuildTools\Common7\IDE\CommonExtensions\Microsoft\Terminal\es\Microsoft.VisualStudio.Terminal.resources.dll'.
[1a64:0017][2019-09-25T22:13:15] Queueing C:\Program Files (x86)\Microsoft Visual Studio\2019\BuildTools\Common7\IDE\CommonExtensions\Microsoft\Terminal\es\Microsoft.VisualStudio.Terminal.resources.dll for X86 ngen
[1a64:0017][2019-09-25T22:13:15] Successfully queued file '/es/Microsoft.VisualStudio.Terminal.resources.dll' for ngen
[1a64:0017][2019-09-25T22:13:15] Processing file /fr/Microsoft.VisualStudio.Terminal.Implementation.resources.dll
[1a64:0017][2019-09-25T22:13:15] Started: Copying file /fr/Microsoft.VisualStudio.Terminal.Implementation.resources.dll to C:\Program Files (x86)\Microsoft Visual Studio\2019\BuildTools\Common7\IDE\CommonExtensions\Microsoft\Terminal\fr\Microsoft.VisualStudio.Terminal.Implementation.resources.dll
[1a64:0017][2019-09-25T22:13:15] Completed: Copying file /fr/Microsoft.VisualStudio.Terminal.Implementation.resources.dll to C:\Program Files (x86)\Microsoft Visual Studio\2019\BuildTools\Common7\IDE\CommonExtensions\Microsoft\Terminal\fr\Microsoft.VisualStudio.Terminal.Implementation.resources.dll
[1a64:0017][2019-09-25T22:13:15] Timestamp updated for file 'C:\Program Files (x86)\Microsoft Visual Studio\2019\BuildTools\Common7\IDE\CommonExtensions\Microsoft\Terminal\fr\Microsoft.VisualStudio.Terminal.Implementation.resources.dll'.
[1a64:0017][2019-09-25T22:13:15] Queueing C:\Program Files (x86)\Microsoft Visual Studio\2019\BuildTools\Common7\IDE\CommonExtensions\Microsoft\Terminal\fr\Microsoft.VisualStudio.Terminal.Implementation.resources.dll for X86 ngen
[1a64:0017][2019-09-25T22:13:15] Successfully queued file '/fr/Microsoft.VisualStudio.Terminal.Implementation.resources.dll' for ngen
[1a64:0017][2019-09-25T22:13:15] Processing file /fr/Microsoft.VisualStudio.Terminal.resources.dll
[1a64:0017][2019-09-25T22:13:15] Started: Copying file /fr/Microsoft.VisualStudio.Terminal.resources.dll to C:\Program Files (x86)\Microsoft Visual Studio\2019\BuildTools\Common7\IDE\CommonExtensions\Microsoft\Terminal\fr\Microsoft.VisualStudio.Terminal.resources.dll
[1a64:0017][2019-09-25T22:13:15] Completed: Copying file /fr/Microsoft.VisualStudio.Terminal.resources.dll to C:\Program Files (x86)\Microsoft Visual Studio\2019\BuildTools\Common7\IDE\CommonExtensions\Microsoft\Terminal\fr\Microsoft.VisualStudio.Terminal.resources.dll
[1a64:0017][2019-09-25T22:13:15] Timestamp updated for file 'C:\Program Files (x86)\Microsoft Visual Studio\2019\BuildTools\Common7\IDE\CommonExtensions\Microsoft\Terminal\fr\Microsoft.VisualStudio.Terminal.resources.dll'.
[1a64:0017][2019-09-25T22:13:15] Queueing C:\Program Files (x86)\Microsoft Visual Studio\2019\BuildTools\Common7\IDE\CommonExtensions\Microsoft\Terminal\fr\Microsoft.VisualStudio.Terminal.resources.dll for X86 ngen
[1a64:0017][2019-09-25T22:13:15] Successfully queued file '/fr/Microsoft.VisualStudio.Terminal.resources.dll' for ngen
[1a64:0017][2019-09-25T22:13:15] Processing file /it/Microsoft.VisualStudio.Terminal.Implementation.resources.dll
[1a64:0017][2019-09-25T22:13:15] Started: Copying file /it/Microsoft.VisualStudio.Terminal.Implementation.resources.dll to C:\Program Files (x86)\Microsoft Visual Studio\2019\BuildTools\Common7\IDE\CommonExtensions\Microsoft\Terminal\it\Microsoft.VisualStudio.Terminal.Implementation.resources.dll
[1a64:0017][2019-09-25T22:13:15] Completed: Copying file /it/Microsoft.VisualStudio.Terminal.Implementation.resources.dll to C:\Program Files (x86)\Microsoft Visual Studio\2019\BuildTools\Common7\IDE\CommonExtensions\Microsoft\Terminal\it\Microsoft.VisualStudio.Terminal.Implementation.resources.dll
[1a64:0017][2019-09-25T22:13:15] Timestamp updated for file 'C:\Program Files (x86)\Microsoft Visual Studio\2019\BuildTools\Common7\IDE\CommonExtensions\Microsoft\Terminal\it\Microsoft.VisualStudio.Terminal.Implementation.resources.dll'.
[1a64:0017][2019-09-25T22:13:15] Queueing C:\Program Files (x86)\Microsoft Visual Studio\2019\BuildTools\Common7\IDE\CommonExtensions\Microsoft\Terminal\it\Microsoft.VisualStudio.Terminal.Implementation.resources.dll for X86 ngen
[1a64:0017][2019-09-25T22:13:15] Successfully queued file '/it/Microsoft.VisualStudio.Terminal.Implementation.resources.dll' for ngen
[1a64:0017][2019-09-25T22:13:15] Processing file /it/Microsoft.VisualStudio.Terminal.resources.dll
[1a64:0017][2019-09-25T22:13:15] Started: Copying file /it/Microsoft.VisualStudio.Terminal.resources.dll to C:\Program Files (x86)\Microsoft Visual Studio\2019\BuildTools\Common7\IDE\CommonExtensions\Microsoft\Terminal\it\Microsoft.VisualStudio.Terminal.resources.dll
[1a64:0017][2019-09-25T22:13:15] Completed: Copying file /it/Microsoft.VisualStudio.Terminal.resources.dll to C:\Program Files (x86)\Microsoft Visual Studio\2019\BuildTools\Common7\IDE\CommonExtensions\Microsoft\Terminal\it\Microsoft.VisualStudio.Terminal.resources.dll
[1a64:0017][2019-09-25T22:13:15] Timestamp updated for file 'C:\Program Files (x86)\Microsoft Visual Studio\2019\BuildTools\Common7\IDE\CommonExtensions\Microsoft\Terminal\it\Microsoft.VisualStudio.Terminal.resources.dll'.
[1a64:0017][2019-09-25T22:13:15] Queueing C:\Program Files (x86)\Microsoft Visual Studio\2019\BuildTools\Common7\IDE\CommonExtensions\Microsoft\Terminal\it\Microsoft.VisualStudio.Terminal.resources.dll for X86 ngen
[1a64:0017][2019-09-25T22:13:15] Successfully queued file '/it/Microsoft.VisualStudio.Terminal.resources.dll' for ngen
[1a64:0017][2019-09-25T22:13:15] Processing file /ja/Microsoft.VisualStudio.Terminal.Implementation.resources.dll
[1a64:0017][2019-09-25T22:13:15] Started: Copying file /ja/Microsoft.VisualStudio.Terminal.Implementation.resources.dll to C:\Program Files (x86)\Microsoft Visual Studio\2019\BuildTools\Common7\IDE\CommonExtensions\Microsoft\Terminal\ja\Microsoft.VisualStudio.Terminal.Implementation.resources.dll
[1a64:0017][2019-09-25T22:13:15] Completed: Copying file /ja/Microsoft.VisualStudio.Terminal.Implementation.resources.dll to C:\Program Files (x86)\Microsoft Visual Studio\2019\BuildTools\Common7\IDE\CommonExtensions\Microsoft\Terminal\ja\Microsoft.VisualStudio.Terminal.Implementation.resources.dll
[1a64:0017][2019-09-25T22:13:15] Timestamp updated for file 'C:\Program Files (x86)\Microsoft Visual Studio\2019\BuildTools\Common7\IDE\CommonExtensions\Microsoft\Terminal\ja\Microsoft.VisualStudio.Terminal.Implementation.resources.dll'.
[1a64:0017][2019-09-25T22:13:15] Queueing C:\Program Files (x86)\Microsoft Visual Studio\2019\BuildTools\Common7\IDE\CommonExtensions\Microsoft\Terminal\ja\Microsoft.VisualStudio.Terminal.Implementation.resources.dll for X86 ngen
[1a64:0017][2019-09-25T22:13:15] Successfully queued file '/ja/Microsoft.VisualStudio.Terminal.Implementation.resources.dll' for ngen
[1a64:0017][2019-09-25T22:13:15] Processing file /ja/Microsoft.VisualStudio.Terminal.resources.dll
[1a64:0017][2019-09-25T22:13:15] Started: Copying file /ja/Microsoft.VisualStudio.Terminal.resources.dll to C:\Program Files (x86)\Microsoft Visual Studio\2019\BuildTools\Common7\IDE\CommonExtensions\Microsoft\Terminal\ja\Microsoft.VisualStudio.Terminal.resources.dll
[1a64:0017][2019-09-25T22:13:15] Completed: Copying file /ja/Microsoft.VisualStudio.Terminal.resources.dll to C:\Program Files (x86)\Microsoft Visual Studio\2019\BuildTools\Common7\IDE\CommonExtensions\Microsoft\Terminal\ja\Microsoft.VisualStudio.Terminal.resources.dll
[1a64:0017][2019-09-25T22:13:15] Timestamp updated for file 'C:\Program Files (x86)\Microsoft Visual Studio\2019\BuildTools\Common7\IDE\CommonExtensions\Microsoft\Terminal\ja\Microsoft.VisualStudio.Terminal.resources.dll'.
[1a64:0017][2019-09-25T22:13:15] Queueing C:\Program Files (x86)\Microsoft Visual Studio\2019\BuildTools\Common7\IDE\CommonExtensions\Microsoft\Terminal\ja\Microsoft.VisualStudio.Terminal.resources.dll for X86 ngen
[1a64:0017][2019-09-25T22:13:15] Successfully queued file '/ja/Microsoft.VisualStudio.Terminal.resources.dll' for ngen
[1a64:0017][2019-09-25T22:13:15] Processing file /ko/Microsoft.VisualStudio.Terminal.Implementation.resources.dll
[1a64:0017][2019-09-25T22:13:15] Started: Copying file /ko/Microsoft.VisualStudio.Terminal.Implementation.resources.dll to C:\Program Files (x86)\Microsoft Visual Studio\2019\BuildTools\Common7\IDE\CommonExtensions\Microsoft\Terminal\ko\Microsoft.VisualStudio.Terminal.Implementation.resources.dll
[1a64:0017][2019-09-25T22:13:15] Completed: Copying file /ko/Microsoft.VisualStudio.Terminal.Implementation.resources.dll to C:\Program Files (x86)\Microsoft Visual Studio\2019\BuildTools\Common7\IDE\CommonExtensions\Microsoft\Terminal\ko\Microsoft.VisualStudio.Terminal.Implementation.resources.dll
[1a64:0017][2019-09-25T22:13:15] Timestamp updated for file 'C:\Program Files (x86)\Microsoft Visual Studio\2019\BuildTools\Common7\IDE\CommonExtensions\Microsoft\Terminal\ko\Microsoft.VisualStudio.Terminal.Implementation.resources.dll'.
[1a64:0017][2019-09-25T22:13:15] Queueing C:\Program Files (x86)\Microsoft Visual Studio\2019\BuildTools\Common7\IDE\CommonExtensions\Microsoft\Terminal\ko\Microsoft.VisualStudio.Terminal.Implementation.resources.dll for X86 ngen
[1a64:0017][2019-09-25T22:13:15] Successfully queued file '/ko/Microsoft.VisualStudio.Terminal.Implementation.resources.dll' for ngen
[1a64:0017][2019-09-25T22:13:15] Processing file /ko/Microsoft.VisualStudio.Terminal.resources.dll
[1a64:0017][2019-09-25T22:13:15] Started: Copying file /ko/Microsoft.VisualStudio.Terminal.resources.dll to C:\Program Files (x86)\Microsoft Visual Studio\2019\BuildTools\Common7\IDE\CommonExtensions\Microsoft\Terminal\ko\Microsoft.VisualStudio.Terminal.resources.dll
[1a64:0017][2019-09-25T22:13:15] Completed: Copying file /ko/Microsoft.VisualStudio.Terminal.resources.dll to C:\Program Files (x86)\Microsoft Visual Studio\2019\BuildTools\Common7\IDE\CommonExtensions\Microsoft\Terminal\ko\Microsoft.VisualStudio.Terminal.resources.dll
[1a64:0017][2019-09-25T22:13:15] Timestamp updated for file 'C:\Program Files (x86)\Microsoft Visual Studio\2019\BuildTools\Common7\IDE\CommonExtensions\Microsoft\Terminal\ko\Microsoft.VisualStudio.Terminal.resources.dll'.
[1a64:0017][2019-09-25T22:13:15] Queueing C:\Program Files (x86)\Microsoft Visual Studio\2019\BuildTools\Common7\IDE\CommonExtensions\Microsoft\Terminal\ko\Microsoft.VisualStudio.Terminal.resources.dll for X86 ngen
[1a64:0017][2019-09-25T22:13:15] Successfully queued file '/ko/Microsoft.VisualStudio.Terminal.resources.dll' for ngen
[1a64:0017][2019-09-25T22:13:15] Processing file /manifest.json
[1a64:0017][2019-09-25T22:13:15] Started: Copying file /manifest.json to C:\Program Files (x86)\Microsoft Visual Studio\2019\BuildTools\Common7\IDE\CommonExtensions\Microsoft\Terminal\manifest.json
[1a64:0017][2019-09-25T22:13:15] Completed: Copying file /manifest.json to C:\Program Files (x86)\Microsoft Visual Studio\2019\BuildTools\Common7\IDE\CommonExtensions\Microsoft\Terminal\manifest.json
[1a64:0017][2019-09-25T22:13:15] Timestamp updated for file 'C:\Program Files (x86)\Microsoft Visual Studio\2019\BuildTools\Common7\IDE\CommonExtensions\Microsoft\Terminal\manifest.json'.
[1a64:0017][2019-09-25T22:13:15] Processing file /Microsoft.Terminal.Wpf.dll
[1a64:0017][2019-09-25T22:13:15] Started: Copying file /Microsoft.Terminal.Wpf.dll to C:\Program Files (x86)\Microsoft Visual Studio\2019\BuildTools\Common7\IDE\CommonExtensions\Microsoft\Terminal\Microsoft.Terminal.Wpf.dll
[1a64:0017][2019-09-25T22:13:15] Completed: Copying file /Microsoft.Terminal.Wpf.dll to C:\Program Files (x86)\Microsoft Visual Studio\2019\BuildTools\Common7\IDE\CommonExtensions\Microsoft\Terminal\Microsoft.Terminal.Wpf.dll
[1a64:0017][2019-09-25T22:13:15] Timestamp updated for file 'C:\Program Files (x86)\Microsoft Visual Studio\2019\BuildTools\Common7\IDE\CommonExtensions\Microsoft\Terminal\Microsoft.Terminal.Wpf.dll'.
[1a64:0017][2019-09-25T22:13:15] Queueing C:\Program Files (x86)\Microsoft Visual Studio\2019\BuildTools\Common7\IDE\CommonExtensions\Microsoft\Terminal\Microsoft.Terminal.Wpf.dll for X86 ngen
[1a64:0017][2019-09-25T22:13:15] Successfully queued file '/Microsoft.Terminal.Wpf.dll' for ngen
[1a64:0017][2019-09-25T22:13:15] Processing file /Microsoft.VisualStudio.Terminal.dll
[1a64:0017][2019-09-25T22:13:15] Started: Copying file /Microsoft.VisualStudio.Terminal.dll to C:\Program Files (x86)\Microsoft Visual Studio\2019\BuildTools\Common7\IDE\CommonExtensions\Microsoft\Terminal\Microsoft.VisualStudio.Terminal.dll
[1a64:0017][2019-09-25T22:13:15] Completed: Copying file /Microsoft.VisualStudio.Terminal.dll to C:\Program Files (x86)\Microsoft Visual Studio\2019\BuildTools\Common7\IDE\CommonExtensions\Microsoft\Terminal\Microsoft.VisualStudio.Terminal.dll
[1a64:0017][2019-09-25T22:13:15] Timestamp updated for file 'C:\Program Files (x86)\Microsoft Visual Studio\2019\BuildTools\Common7\IDE\CommonExtensions\Microsoft\Terminal\Microsoft.VisualStudio.Terminal.dll'.
[1a64:0017][2019-09-25T22:13:15] Queueing C:\Program Files (x86)\Microsoft Visual Studio\2019\BuildTools\Common7\IDE\CommonExtensions\Microsoft\Terminal\Microsoft.VisualStudio.Terminal.dll for X86 ngen
[1a64:0017][2019-09-25T22:13:15] Successfully queued file '/Microsoft.VisualStudio.Terminal.dll' for ngen
[1a64:0017][2019-09-25T22:13:15] Processing file /Microsoft.VisualStudio.Terminal.Implementation.dll
[1a64:0017][2019-09-25T22:13:15] Started: Copying file /Microsoft.VisualStudio.Terminal.Implementation.dll to C:\Program Files (x86)\Microsoft Visual Studio\2019\BuildTools\Common7\IDE\CommonExtensions\Microsoft\Terminal\Microsoft.VisualStudio.Terminal.Implementation.dll
[1a64:0017][2019-09-25T22:13:15] Completed: Copying file /Microsoft.VisualStudio.Terminal.Implementation.dll to C:\Program Files (x86)\Microsoft Visual Studio\2019\BuildTools\Common7\IDE\CommonExtensions\Microsoft\Terminal\Microsoft.VisualStudio.Terminal.Implementation.dll
[1a64:0017][2019-09-25T22:13:15] Timestamp updated for file 'C:\Program Files (x86)\Microsoft Visual Studio\2019\BuildTools\Common7\IDE\CommonExtensions\Microsoft\Terminal\Microsoft.VisualStudio.Terminal.Implementation.dll'.
[1a64:0017][2019-09-25T22:13:15] Queueing C:\Program Files (x86)\Microsoft Visual Studio\2019\BuildTools\Common7\IDE\CommonExtensions\Microsoft\Terminal\Microsoft.VisualStudio.Terminal.Implementation.dll for X86 ngen
[1a64:0017][2019-09-25T22:13:15] Successfully queued file '/Microsoft.VisualStudio.Terminal.Implementation.dll' for ngen
[1a64:0017][2019-09-25T22:13:15] Processing file /Microsoft.VisualStudio.Terminal.Implementation.pkgdef
[1a64:0017][2019-09-25T22:13:15] Started: Copying file /Microsoft.VisualStudio.Terminal.Implementation.pkgdef to C:\Program Files (x86)\Microsoft Visual Studio\2019\BuildTools\Common7\IDE\CommonExtensions\Microsoft\Terminal\Microsoft.VisualStudio.Terminal.Implementation.pkgdef
[1a64:0017][2019-09-25T22:13:15] Completed: Copying file /Microsoft.VisualStudio.Terminal.Implementation.pkgdef to C:\Program Files (x86)\Microsoft Visual Studio\2019\BuildTools\Common7\IDE\CommonExtensions\Microsoft\Terminal\Microsoft.VisualStudio.Terminal.Implementation.pkgdef
[1a64:0017][2019-09-25T22:13:15] Timestamp updated for file 'C:\Program Files (x86)\Microsoft Visual Studio\2019\BuildTools\Common7\IDE\CommonExtensions\Microsoft\Terminal\Microsoft.VisualStudio.Terminal.Implementation.pkgdef'.
[1a64:0017][2019-09-25T22:13:15] Processing file /Microsoft.VisualStudio.Terminal.pkgdef
[1a64:0017][2019-09-25T22:13:15] Started: Copying file /Microsoft.VisualStudio.Terminal.pkgdef to C:\Program Files (x86)\Microsoft Visual Studio\2019\BuildTools\Common7\IDE\CommonExtensions\Microsoft\Terminal\Microsoft.VisualStudio.Terminal.pkgdef
[1a64:0017][2019-09-25T22:13:15] Completed: Copying file /Microsoft.VisualStudio.Terminal.pkgdef to C:\Program Files (x86)\Microsoft Visual Studio\2019\BuildTools\Common7\IDE\CommonExtensions\Microsoft\Terminal\Microsoft.VisualStudio.Terminal.pkgdef
[1a64:0017][2019-09-25T22:13:15] Timestamp updated for file 'C:\Program Files (x86)\Microsoft Visual Studio\2019\BuildTools\Common7\IDE\CommonExtensions\Microsoft\Terminal\Microsoft.VisualStudio.Terminal.pkgdef'.
[1a64:0017][2019-09-25T22:13:15] Processing file /pl/Microsoft.VisualStudio.Terminal.Implementation.resources.dll
[1a64:0017][2019-09-25T22:13:15] Started: Copying file /pl/Microsoft.VisualStudio.Terminal.Implementation.resources.dll to C:\Program Files (x86)\Microsoft Visual Studio\2019\BuildTools\Common7\IDE\CommonExtensions\Microsoft\Terminal\pl\Microsoft.VisualStudio.Terminal.Implementation.resources.dll
[1a64:0017][2019-09-25T22:13:15] Completed: Copying file /pl/Microsoft.VisualStudio.Terminal.Implementation.resources.dll to C:\Program Files (x86)\Microsoft Visual Studio\2019\BuildTools\Common7\IDE\CommonExtensions\Microsoft\Terminal\pl\Microsoft.VisualStudio.Terminal.Implementation.resources.dll
[1a64:0017][2019-09-25T22:13:15] Timestamp updated for file 'C:\Program Files (x86)\Microsoft Visual Studio\2019\BuildTools\Common7\IDE\CommonExtensions\Microsoft\Terminal\pl\Microsoft.VisualStudio.Terminal.Implementation.resources.dll'.
[1a64:0017][2019-09-25T22:13:15] Queueing C:\Program Files (x86)\Microsoft Visual Studio\2019\BuildTools\Common7\IDE\CommonExtensions\Microsoft\Terminal\pl\Microsoft.VisualStudio.Terminal.Implementation.resources.dll for X86 ngen
[1a64:0017][2019-09-25T22:13:15] Successfully queued file '/pl/Microsoft.VisualStudio.Terminal.Implementation.resources.dll' for ngen
[1a64:0017][2019-09-25T22:13:15] Processing file /pl/Microsoft.VisualStudio.Terminal.resources.dll
[1a64:0017][2019-09-25T22:13:15] Started: Copying file /pl/Microsoft.VisualStudio.Terminal.resources.dll to C:\Program Files (x86)\Microsoft Visual Studio\2019\BuildTools\Common7\IDE\CommonExtensions\Microsoft\Terminal\pl\Microsoft.VisualStudio.Terminal.resources.dll
[1a64:0017][2019-09-25T22:13:15] Completed: Copying file /pl/Microsoft.VisualStudio.Terminal.resources.dll to C:\Program Files (x86)\Microsoft Visual Studio\2019\BuildTools\Common7\IDE\CommonExtensions\Microsoft\Terminal\pl\Microsoft.VisualStudio.Terminal.resources.dll
[1a64:0017][2019-09-25T22:13:15] Timestamp updated for file 'C:\Program Files (x86)\Microsoft Visual Studio\2019\BuildTools\Common7\IDE\CommonExtensions\Microsoft\Terminal\pl\Microsoft.VisualStudio.Terminal.resources.dll'.
[1a64:0017][2019-09-25T22:13:15] Queueing C:\Program Files (x86)\Microsoft Visual Studio\2019\BuildTools\Common7\IDE\CommonExtensions\Microsoft\Terminal\pl\Microsoft.VisualStudio.Terminal.resources.dll for X86 ngen
[1a64:0017][2019-09-25T22:13:15] Successfully queued file '/pl/Microsoft.VisualStudio.Terminal.resources.dll' for ngen
[1a64:0017][2019-09-25T22:13:15] Processing file /pt-BR/Microsoft.VisualStudio.Terminal.Implementation.resources.dll
[1a64:0017][2019-09-25T22:13:15] Started: Copying file /pt-BR/Microsoft.VisualStudio.Terminal.Implementation.resources.dll to C:\Program Files (x86)\Microsoft Visual Studio\2019\BuildTools\Common7\IDE\CommonExtensions\Microsoft\Terminal\pt-BR\Microsoft.VisualStudio.Terminal.Implementation.resources.dll
[1a64:0017][2019-09-25T22:13:15] Completed: Copying file /pt-BR/Microsoft.VisualStudio.Terminal.Implementation.resources.dll to C:\Program Files (x86)\Microsoft Visual Studio\2019\BuildTools\Common7\IDE\CommonExtensions\Microsoft\Terminal\pt-BR\Microsoft.VisualStudio.Terminal.Implementation.resources.dll
[1a64:0017][2019-09-25T22:13:15] Timestamp updated for file 'C:\Program Files (x86)\Microsoft Visual Studio\2019\BuildTools\Common7\IDE\CommonExtensions\Microsoft\Terminal\pt-BR\Microsoft.VisualStudio.Terminal.Implementation.resources.dll'.
[1a64:0017][2019-09-25T22:13:15] Queueing C:\Program Files (x86)\Microsoft Visual Studio\2019\BuildTools\Common7\IDE\CommonExtensions\Microsoft\Terminal\pt-BR\Microsoft.VisualStudio.Terminal.Implementation.resources.dll for X86 ngen
[1a64:0017][2019-09-25T22:13:15] Successfully queued file '/pt-BR/Microsoft.VisualStudio.Terminal.Implementation.resources.dll' for ngen
[1a64:0017][2019-09-25T22:13:15] Processing file /pt-BR/Microsoft.VisualStudio.Terminal.resources.dll
[1a64:0017][2019-09-25T22:13:15] Started: Copying file /pt-BR/Microsoft.VisualStudio.Terminal.resources.dll to C:\Program Files (x86)\Microsoft Visual Studio\2019\BuildTools\Common7\IDE\CommonExtensions\Microsoft\Terminal\pt-BR\Microsoft.VisualStudio.Terminal.resources.dll
[1a64:0017][2019-09-25T22:13:15] Completed: Copying file /pt-BR/Microsoft.VisualStudio.Terminal.resources.dll to C:\Program Files (x86)\Microsoft Visual Studio\2019\BuildTools\Common7\IDE\CommonExtensions\Microsoft\Terminal\pt-BR\Microsoft.VisualStudio.Terminal.resources.dll
[1a64:0017][2019-09-25T22:13:15] Timestamp updated for file 'C:\Program Files (x86)\Microsoft Visual Studio\2019\BuildTools\Common7\IDE\CommonExtensions\Microsoft\Terminal\pt-BR\Microsoft.VisualStudio.Terminal.resources.dll'.
[1a64:0017][2019-09-25T22:13:15] Queueing C:\Program Files (x86)\Microsoft Visual Studio\2019\BuildTools\Common7\IDE\CommonExtensions\Microsoft\Terminal\pt-BR\Microsoft.VisualStudio.Terminal.resources.dll for X86 ngen
[1a64:0017][2019-09-25T22:13:15] Successfully queued file '/pt-BR/Microsoft.VisualStudio.Terminal.resources.dll' for ngen
[1a64:0017][2019-09-25T22:13:15] Processing file /PublicTerminalCore.dll
[1a64:0017][2019-09-25T22:13:15] Started: Copying file /PublicTerminalCore.dll to C:\Program Files (x86)\Microsoft Visual Studio\2019\BuildTools\Common7\IDE\CommonExtensions\Microsoft\Terminal\PublicTerminalCore.dll
[1a64:0017][2019-09-25T22:13:15] Completed: Copying file /PublicTerminalCore.dll to C:\Program Files (x86)\Microsoft Visual Studio\2019\BuildTools\Common7\IDE\CommonExtensions\Microsoft\Terminal\PublicTerminalCore.dll
[1a64:0017][2019-09-25T22:13:15] Timestamp updated for file 'C:\Program Files (x86)\Microsoft Visual Studio\2019\BuildTools\Common7\IDE\CommonExtensions\Microsoft\Terminal\PublicTerminalCore.dll'.
[1a64:0017][2019-09-25T22:13:15] Processing file /ru/Microsoft.VisualStudio.Terminal.Implementation.resources.dll
[1a64:0017][2019-09-25T22:13:15] Started: Copying file /ru/Microsoft.VisualStudio.Terminal.Implementation.resources.dll to C:\Program Files (x86)\Microsoft Visual Studio\2019\BuildTools\Common7\IDE\CommonExtensions\Microsoft\Terminal\ru\Microsoft.VisualStudio.Terminal.Implementation.resources.dll
[1a64:0017][2019-09-25T22:13:15] Completed: Copying file /ru/Microsoft.VisualStudio.Terminal.Implementation.resources.dll to C:\Program Files (x86)\Microsoft Visual Studio\2019\BuildTools\Common7\IDE\CommonExtensions\Microsoft\Terminal\ru\Microsoft.VisualStudio.Terminal.Implementation.resources.dll
[1a64:0017][2019-09-25T22:13:15] Timestamp updated for file 'C:\Program Files (x86)\Microsoft Visual Studio\2019\BuildTools\Common7\IDE\CommonExtensions\Microsoft\Terminal\ru\Microsoft.VisualStudio.Terminal.Implementation.resources.dll'.
[1a64:0017][2019-09-25T22:13:15] Queueing C:\Program Files (x86)\Microsoft Visual Studio\2019\BuildTools\Common7\IDE\CommonExtensions\Microsoft\Terminal\ru\Microsoft.VisualStudio.Terminal.Implementation.resources.dll for X86 ngen
[1a64:0017][2019-09-25T22:13:15] Successfully queued file '/ru/Microsoft.VisualStudio.Terminal.Implementation.resources.dll' for ngen
[1a64:0017][2019-09-25T22:13:15] Processing file /ru/Microsoft.VisualStudio.Terminal.resources.dll
[1a64:0017][2019-09-25T22:13:15] Started: Copying file /ru/Microsoft.VisualStudio.Terminal.resources.dll to C:\Program Files (x86)\Microsoft Visual Studio\2019\BuildTools\Common7\IDE\CommonExtensions\Microsoft\Terminal\ru\Microsoft.VisualStudio.Terminal.resources.dll
[1a64:0017][2019-09-25T22:13:15] Completed: Copying file /ru/Microsoft.VisualStudio.Terminal.resources.dll to C:\Program Files (x86)\Microsoft Visual Studio\2019\BuildTools\Common7\IDE\CommonExtensions\Microsoft\Terminal\ru\Microsoft.VisualStudio.Terminal.resources.dll
[1a64:0017][2019-09-25T22:13:15] Timestamp updated for file 'C:\Program Files (x86)\Microsoft Visual Studio\2019\BuildTools\Common7\IDE\CommonExtensions\Microsoft\Terminal\ru\Microsoft.VisualStudio.Terminal.resources.dll'.
[1a64:0017][2019-09-25T22:13:15] Queueing C:\Program Files (x86)\Microsoft Visual Studio\2019\BuildTools\Common7\IDE\CommonExtensions\Microsoft\Terminal\ru\Microsoft.VisualStudio.Terminal.resources.dll for X86 ngen
[1a64:0017][2019-09-25T22:13:15] Successfully queued file '/ru/Microsoft.VisualStudio.Terminal.resources.dll' for ngen
[1a64:0017][2019-09-25T22:13:15] Processing file /ServiceHub/node_modules/node-pty/binding.gyp
[1a64:0017][2019-09-25T22:13:15] Started: Copying file /ServiceHub/node_modules/node-pty/binding.gyp to C:\Program Files (x86)\Microsoft Visual Studio\2019\BuildTools\Common7\IDE\CommonExtensions\Microsoft\Terminal\ServiceHub\node_modules\node-pty\binding.gyp
[1a64:0017][2019-09-25T22:13:15] Completed: Copying file /ServiceHub/node_modules/node-pty/binding.gyp to C:\Program Files (x86)\Microsoft Visual Studio\2019\BuildTools\Common7\IDE\CommonExtensions\Microsoft\Terminal\ServiceHub\node_modules\node-pty\binding.gyp
[1a64:0017][2019-09-25T22:13:15] Timestamp updated for file 'C:\Program Files (x86)\Microsoft Visual Studio\2019\BuildTools\Common7\IDE\CommonExtensions\Microsoft\Terminal\ServiceHub\node_modules\node-pty\binding.gyp'.
[1a64:0017][2019-09-25T22:13:15] Processing file /ServiceHub/node_modules/node-pty/build/Release/conpty.node
[1a64:0017][2019-09-25T22:13:15] Started: Copying file /ServiceHub/node_modules/node-pty/build/Release/conpty.node to C:\Program Files (x86)\Microsoft Visual Studio\2019\BuildTools\Common7\IDE\CommonExtensions\Microsoft\Terminal\ServiceHub\node_modules\node-pty\build\Release\conpty.node
[1a64:0017][2019-09-25T22:13:15] Completed: Copying file /ServiceHub/node_modules/node-pty/build/Release/conpty.node to C:\Program Files (x86)\Microsoft Visual Studio\2019\BuildTools\Common7\IDE\CommonExtensions\Microsoft\Terminal\ServiceHub\node_modules\node-pty\build\Release\conpty.node
[1a64:0017][2019-09-25T22:13:15] Timestamp updated for file 'C:\Program Files (x86)\Microsoft Visual Studio\2019\BuildTools\Common7\IDE\CommonExtensions\Microsoft\Terminal\ServiceHub\node_modules\node-pty\build\Release\conpty.node'.
[1a64:0017][2019-09-25T22:13:15] Processing file /ServiceHub/node_modules/node-pty/build/Release/conpty_console_list.node
[1a64:0017][2019-09-25T22:13:15] Started: Copying file /ServiceHub/node_modules/node-pty/build/Release/conpty_console_list.node to C:\Program Files (x86)\Microsoft Visual Studio\2019\BuildTools\Common7\IDE\CommonExtensions\Microsoft\Terminal\ServiceHub\node_modules\node-pty\build\Release\conpty_console_list.node
[1a64:0017][2019-09-25T22:13:15] Completed: Copying file /ServiceHub/node_modules/node-pty/build/Release/conpty_console_list.node to C:\Program Files (x86)\Microsoft Visual Studio\2019\BuildTools\Common7\IDE\CommonExtensions\Microsoft\Terminal\ServiceHub\node_modules\node-pty\build\Release\conpty_console_list.node
[1a64:0017][2019-09-25T22:13:15] Timestamp updated for file 'C:\Program Files (x86)\Microsoft Visual Studio\2019\BuildTools\Common7\IDE\CommonExtensions\Microsoft\Terminal\ServiceHub\node_modules\node-pty\build\Release\conpty_console_list.node'.
[1a64:0017][2019-09-25T22:13:15] Processing file /ServiceHub/node_modules/node-pty/build/Release/pty.node
[1a64:0017][2019-09-25T22:13:15] Started: Copying file /ServiceHub/node_modules/node-pty/build/Release/pty.node to C:\Program Files (x86)\Microsoft Visual Studio\2019\BuildTools\Common7\IDE\CommonExtensions\Microsoft\Terminal\ServiceHub\node_modules\node-pty\build\Release\pty.node
[1a64:0017][2019-09-25T22:13:15] Completed: Copying file /ServiceHub/node_modules/node-pty/build/Release/pty.node to C:\Program Files (x86)\Microsoft Visual Studio\2019\BuildTools\Common7\IDE\CommonExtensions\Microsoft\Terminal\ServiceHub\node_modules\node-pty\build\Release\pty.node
[1a64:0017][2019-09-25T22:13:15] Timestamp updated for file 'C:\Program Files (x86)\Microsoft Visual Studio\2019\BuildTools\Common7\IDE\CommonExtensions\Microsoft\Terminal\ServiceHub\node_modules\node-pty\build\Release\pty.node'.
[1a64:0017][2019-09-25T22:13:15] Processing file /ServiceHub/node_modules/node-pty/build/Release/winpty-agent.exe
[1a64:0017][2019-09-25T22:13:15] Started: Copying file /ServiceHub/node_modules/node-pty/build/Release/winpty-agent.exe to C:\Program Files (x86)\Microsoft Visual Studio\2019\BuildTools\Common7\IDE\CommonExtensions\Microsoft\Terminal\ServiceHub\node_modules\node-pty\build\Release\winpty-agent.exe
[1a64:0017][2019-09-25T22:13:15] Completed: Copying file /ServiceHub/node_modules/node-pty/build/Release/winpty-agent.exe to C:\Program Files (x86)\Microsoft Visual Studio\2019\BuildTools\Common7\IDE\CommonExtensions\Microsoft\Terminal\ServiceHub\node_modules\node-pty\build\Release\winpty-agent.exe
[1a64:0017][2019-09-25T22:13:15] Timestamp updated for file 'C:\Program Files (x86)\Microsoft Visual Studio\2019\BuildTools\Common7\IDE\CommonExtensions\Microsoft\Terminal\ServiceHub\node_modules\node-pty\build\Release\winpty-agent.exe'.
[1a64:0017][2019-09-25T22:13:15] Processing file /ServiceHub/node_modules/node-pty/build/Release/winpty.dll
[1a64:0017][2019-09-25T22:13:15] Started: Copying file /ServiceHub/node_modules/node-pty/build/Release/winpty.dll to C:\Program Files (x86)\Microsoft Visual Studio\2019\BuildTools\Common7\IDE\CommonExtensions\Microsoft\Terminal\ServiceHub\node_modules\node-pty\build\Release\winpty.dll
[1a64:0017][2019-09-25T22:13:15] Completed: Copying file /ServiceHub/node_modules/node-pty/build/Release/winpty.dll to C:\Program Files (x86)\Microsoft Visual Studio\2019\BuildTools\Common7\IDE\CommonExtensions\Microsoft\Terminal\ServiceHub\node_modules\node-pty\build\Release\winpty.dll
[1a64:0017][2019-09-25T22:13:15] Timestamp updated for file 'C:\Program Files (x86)\Microsoft Visual Studio\2019\BuildTools\Common7\IDE\CommonExtensions\Microsoft\Terminal\ServiceHub\node_modules\node-pty\build\Release\winpty.dll'.
[1a64:0017][2019-09-25T22:13:15] Processing file /ServiceHub/node_modules/node-pty/lib/conpty_console_list_agent.js
[1a64:0017][2019-09-25T22:13:15] Started: Copying file /ServiceHub/node_modules/node-pty/lib/conpty_console_list_agent.js to C:\Program Files (x86)\Microsoft Visual Studio\2019\BuildTools\Common7\IDE\CommonExtensions\Microsoft\Terminal\ServiceHub\node_modules\node-pty\lib\conpty_console_list_agent.js
[1a64:0017][2019-09-25T22:13:15] Completed: Copying file /ServiceHub/node_modules/node-pty/lib/conpty_console_list_agent.js to C:\Program Files (x86)\Microsoft Visual Studio\2019\BuildTools\Common7\IDE\CommonExtensions\Microsoft\Terminal\ServiceHub\node_modules\node-pty\lib\conpty_console_list_agent.js
[1a64:0017][2019-09-25T22:13:15] Timestamp updated for file 'C:\Program Files (x86)\Microsoft Visual Studio\2019\BuildTools\Common7\IDE\CommonExtensions\Microsoft\Terminal\ServiceHub\node_modules\node-pty\lib\conpty_console_list_agent.js'.
[1a64:0017][2019-09-25T22:13:15] Processing file /ServiceHub/node_modules/node-pty/lib/eventEmitter2.js
[1a64:0017][2019-09-25T22:13:15] Started: Copying file /ServiceHub/node_modules/node-pty/lib/eventEmitter2.js to C:\Program Files (x86)\Microsoft Visual Studio\2019\BuildTools\Common7\IDE\CommonExtensions\Microsoft\Terminal\ServiceHub\node_modules\node-pty\lib\eventEmitter2.js
[1a64:0017][2019-09-25T22:13:15] Completed: Copying file /ServiceHub/node_modules/node-pty/lib/eventEmitter2.js to C:\Program Files (x86)\Microsoft Visual Studio\2019\BuildTools\Common7\IDE\CommonExtensions\Microsoft\Terminal\ServiceHub\node_modules\node-pty\lib\eventEmitter2.js
[1a64:0017][2019-09-25T22:13:15] Timestamp updated for file 'C:\Program Files (x86)\Microsoft Visual Studio\2019\BuildTools\Common7\IDE\CommonExtensions\Microsoft\Terminal\ServiceHub\node_modules\node-pty\lib\eventEmitter2.js'.
[1a64:0017][2019-09-25T22:13:15] Processing file /ServiceHub/node_modules/node-pty/lib/eventEmitter2.test.js
[1a64:0017][2019-09-25T22:13:15] Started: Copying file /ServiceHub/node_modules/node-pty/lib/eventEmitter2.test.js to C:\Program Files (x86)\Microsoft Visual Studio\2019\BuildTools\Common7\IDE\CommonExtensions\Microsoft\Terminal\ServiceHub\node_modules\node-pty\lib\eventEmitter2.test.js
[1a64:0017][2019-09-25T22:13:15] Completed: Copying file /ServiceHub/node_modules/node-pty/lib/eventEmitter2.test.js to C:\Program Files (x86)\Microsoft Visual Studio\2019\BuildTools\Common7\IDE\CommonExtensions\Microsoft\Terminal\ServiceHub\node_modules\node-pty\lib\eventEmitter2.test.js
[1a64:0017][2019-09-25T22:13:15] Timestamp updated for file 'C:\Program Files (x86)\Microsoft Visual Studio\2019\BuildTools\Common7\IDE\CommonExtensions\Microsoft\Terminal\ServiceHub\node_modules\node-pty\lib\eventEmitter2.test.js'.
[1a64:0017][2019-09-25T22:13:15] Processing file /ServiceHub/node_modules/node-pty/lib/index.js
[1a64:0017][2019-09-25T22:13:15] Started: Copying file /ServiceHub/node_modules/node-pty/lib/index.js to C:\Program Files (x86)\Microsoft Visual Studio\2019\BuildTools\Common7\IDE\CommonExtensions\Microsoft\Terminal\ServiceHub\node_modules\node-pty\lib\index.js
[1a64:0017][2019-09-25T22:13:15] Completed: Copying file /ServiceHub/node_modules/node-pty/lib/index.js to C:\Program Files (x86)\Microsoft Visual Studio\2019\BuildTools\Common7\IDE\CommonExtensions\Microsoft\Terminal\ServiceHub\node_modules\node-pty\lib\index.js
[1a64:0017][2019-09-25T22:13:15] Timestamp updated for file 'C:\Program Files (x86)\Microsoft Visual Studio\2019\BuildTools\Common7\IDE\CommonExtensions\Microsoft\Terminal\ServiceHub\node_modules\node-pty\lib\index.js'.
[1a64:0017][2019-09-25T22:13:15] Processing file /ServiceHub/node_modules/node-pty/lib/interfaces.js
[1a64:0017][2019-09-25T22:13:15] Started: Copying file /ServiceHub/node_modules/node-pty/lib/interfaces.js to C:\Program Files (x86)\Microsoft Visual Studio\2019\BuildTools\Common7\IDE\CommonExtensions\Microsoft\Terminal\ServiceHub\node_modules\node-pty\lib\interfaces.js
[1a64:0017][2019-09-25T22:13:15] Completed: Copying file /ServiceHub/node_modules/node-pty/lib/interfaces.js to C:\Program Files (x86)\Microsoft Visual Studio\2019\BuildTools\Common7\IDE\CommonExtensions\Microsoft\Terminal\ServiceHub\node_modules\node-pty\lib\interfaces.js
[1a64:0017][2019-09-25T22:13:15] Timestamp updated for file 'C:\Program Files (x86)\Microsoft Visual Studio\2019\BuildTools\Common7\IDE\CommonExtensions\Microsoft\Terminal\ServiceHub\node_modules\node-pty\lib\interfaces.js'.
[1a64:0017][2019-09-25T22:13:15] Processing file /ServiceHub/node_modules/node-pty/lib/terminal.js
[1a64:0017][2019-09-25T22:13:15] Started: Copying file /ServiceHub/node_modules/node-pty/lib/terminal.js to C:\Program Files (x86)\Microsoft Visual Studio\2019\BuildTools\Common7\IDE\CommonExtensions\Microsoft\Terminal\ServiceHub\node_modules\node-pty\lib\terminal.js
[1a64:0017][2019-09-25T22:13:15] Completed: Copying file /ServiceHub/node_modules/node-pty/lib/terminal.js to C:\Program Files (x86)\Microsoft Visual Studio\2019\BuildTools\Common7\IDE\CommonExtensions\Microsoft\Terminal\ServiceHub\node_modules\node-pty\lib\terminal.js
[1a64:0017][2019-09-25T22:13:15] Timestamp updated for file 'C:\Program Files (x86)\Microsoft Visual Studio\2019\BuildTools\Common7\IDE\CommonExtensions\Microsoft\Terminal\ServiceHub\node_modules\node-pty\lib\terminal.js'.
[1a64:0017][2019-09-25T22:13:15] Processing file /ServiceHub/node_modules/node-pty/lib/terminal.test.js
[1a64:0017][2019-09-25T22:13:15] Started: Copying file /ServiceHub/node_modules/node-pty/lib/terminal.test.js to C:\Program Files (x86)\Microsoft Visual Studio\2019\BuildTools\Common7\IDE\CommonExtensions\Microsoft\Terminal\ServiceHub\node_modules\node-pty\lib\terminal.test.js
[1a64:0017][2019-09-25T22:13:15] Completed: Copying file /ServiceHub/node_modules/node-pty/lib/terminal.test.js to C:\Program Files (x86)\Microsoft Visual Studio\2019\BuildTools\Common7\IDE\CommonExtensions\Microsoft\Terminal\ServiceHub\node_modules\node-pty\lib\terminal.test.js
[1a64:0017][2019-09-25T22:13:15] Timestamp updated for file 'C:\Program Files (x86)\Microsoft Visual Studio\2019\BuildTools\Common7\IDE\CommonExtensions\Microsoft\Terminal\ServiceHub\node_modules\node-pty\lib\terminal.test.js'.
[1a64:0017][2019-09-25T22:13:15] Processing file /ServiceHub/node_modules/node-pty/lib/types.js
[1a64:0017][2019-09-25T22:13:15] Started: Copying file /ServiceHub/node_modules/node-pty/lib/types.js to C:\Program Files (x86)\Microsoft Visual Studio\2019\BuildTools\Common7\IDE\CommonExtensions\Microsoft\Terminal\ServiceHub\node_modules\node-pty\lib\types.js
[1a64:0017][2019-09-25T22:13:15] Completed: Copying file /ServiceHub/node_modules/node-pty/lib/types.js to C:\Program Files (x86)\Microsoft Visual Studio\2019\BuildTools\Common7\IDE\CommonExtensions\Microsoft\Terminal\ServiceHub\node_modules\node-pty\lib\types.js
[1a64:0017][2019-09-25T22:13:15] Timestamp updated for file 'C:\Program Files (x86)\Microsoft Visual Studio\2019\BuildTools\Common7\IDE\CommonExtensions\Microsoft\Terminal\ServiceHub\node_modules\node-pty\lib\types.js'.
[1a64:0017][2019-09-25T22:13:15] Processing file /ServiceHub/node_modules/node-pty/lib/unixTerminal.js
[1a64:0017][2019-09-25T22:13:15] Started: Copying file /ServiceHub/node_modules/node-pty/lib/unixTerminal.js to C:\Program Files (x86)\Microsoft Visual Studio\2019\BuildTools\Common7\IDE\CommonExtensions\Microsoft\Terminal\ServiceHub\node_modules\node-pty\lib\unixTerminal.js
[1a64:0017][2019-09-25T22:13:15] Completed: Copying file /ServiceHub/node_modules/node-pty/lib/unixTerminal.js to C:\Program Files (x86)\Microsoft Visual Studio\2019\BuildTools\Common7\IDE\CommonExtensions\Microsoft\Terminal\ServiceHub\node_modules\node-pty\lib\unixTerminal.js
[1a64:0017][2019-09-25T22:13:15] Timestamp updated for file 'C:\Program Files (x86)\Microsoft Visual Studio\2019\BuildTools\Common7\IDE\CommonExtensions\Microsoft\Terminal\ServiceHub\node_modules\node-pty\lib\unixTerminal.js'.
[1a64:0017][2019-09-25T22:13:15] Processing file /ServiceHub/node_modules/node-pty/lib/unixTerminal.test.js
[1a64:0017][2019-09-25T22:13:15] Started: Copying file /ServiceHub/node_modules/node-pty/lib/unixTerminal.test.js to C:\Program Files (x86)\Microsoft Visual Studio\2019\BuildTools\Common7\IDE\CommonExtensions\Microsoft\Terminal\ServiceHub\node_modules\node-pty\lib\unixTerminal.test.js
[1a64:0017][2019-09-25T22:13:15] Completed: Copying file /ServiceHub/node_modules/node-pty/lib/unixTerminal.test.js to C:\Program Files (x86)\Microsoft Visual Studio\2019\BuildTools\Common7\IDE\CommonExtensions\Microsoft\Terminal\ServiceHub\node_modules\node-pty\lib\unixTerminal.test.js
[1a64:0017][2019-09-25T22:13:15] Timestamp updated for file 'C:\Program Files (x86)\Microsoft Visual Studio\2019\BuildTools\Common7\IDE\CommonExtensions\Microsoft\Terminal\ServiceHub\node_modules\node-pty\lib\unixTerminal.test.js'.
[1a64:0017][2019-09-25T22:13:15] Processing file /ServiceHub/node_modules/node-pty/lib/utils.js
[1a64:0017][2019-09-25T22:13:15] Started: Copying file /ServiceHub/node_modules/node-pty/lib/utils.js to C:\Program Files (x86)\Microsoft Visual Studio\2019\BuildTools\Common7\IDE\CommonExtensions\Microsoft\Terminal\ServiceHub\node_modules\node-pty\lib\utils.js
[1a64:0017][2019-09-25T22:13:15] Completed: Copying file /ServiceHub/node_modules/node-pty/lib/utils.js to C:\Program Files (x86)\Microsoft Visual Studio\2019\BuildTools\Common7\IDE\CommonExtensions\Microsoft\Terminal\ServiceHub\node_modules\node-pty\lib\utils.js
[1a64:0017][2019-09-25T22:13:15] Timestamp updated for file 'C:\Program Files (x86)\Microsoft Visual Studio\2019\BuildTools\Common7\IDE\CommonExtensions\Microsoft\Terminal\ServiceHub\node_modules\node-pty\lib\utils.js'.
[1a64:0017][2019-09-25T22:13:15] Processing file /ServiceHub/node_modules/node-pty/lib/windowsPtyAgent.js
[1a64:0017][2019-09-25T22:13:15] Started: Copying file /ServiceHub/node_modules/node-pty/lib/windowsPtyAgent.js to C:\Program Files (x86)\Microsoft Visual Studio\2019\BuildTools\Common7\IDE\CommonExtensions\Microsoft\Terminal\ServiceHub\node_modules\node-pty\lib\windowsPtyAgent.js
[1a64:0017][2019-09-25T22:13:15] Completed: Copying file /ServiceHub/node_modules/node-pty/lib/windowsPtyAgent.js to C:\Program Files (x86)\Microsoft Visual Studio\2019\BuildTools\Common7\IDE\CommonExtensions\Microsoft\Terminal\ServiceHub\node_modules\node-pty\lib\windowsPtyAgent.js
[1a64:0017][2019-09-25T22:13:15] Timestamp updated for file 'C:\Program Files (x86)\Microsoft Visual Studio\2019\BuildTools\Common7\IDE\CommonExtensions\Microsoft\Terminal\ServiceHub\node_modules\node-pty\lib\windowsPtyAgent.js'.
[1a64:0017][2019-09-25T22:13:15] Processing file /ServiceHub/node_modules/node-pty/lib/windowsPtyAgent.test.js
[1a64:0017][2019-09-25T22:13:15] Started: Copying file /ServiceHub/node_modules/node-pty/lib/windowsPtyAgent.test.js to C:\Program Files (x86)\Microsoft Visual Studio\2019\BuildTools\Common7\IDE\CommonExtensions\Microsoft\Terminal\ServiceHub\node_modules\node-pty\lib\windowsPtyAgent.test.js
[1a64:0017][2019-09-25T22:13:15] Completed: Copying file /ServiceHub/node_modules/node-pty/lib/windowsPtyAgent.test.js to C:\Program Files (x86)\Microsoft Visual Studio\2019\BuildTools\Common7\IDE\CommonExtensions\Microsoft\Terminal\ServiceHub\node_modules\node-pty\lib\windowsPtyAgent.test.js
[1a64:0017][2019-09-25T22:13:15] Timestamp updated for file 'C:\Program Files (x86)\Microsoft Visual Studio\2019\BuildTools\Common7\IDE\CommonExtensions\Microsoft\Terminal\ServiceHub\node_modules\node-pty\lib\windowsPtyAgent.test.js'.
[1a64:0017][2019-09-25T22:13:15] Processing file /ServiceHub/node_modules/node-pty/lib/windowsTerminal.js
[1a64:0017][2019-09-25T22:13:15] Started: Copying file /ServiceHub/node_modules/node-pty/lib/windowsTerminal.js to C:\Program Files (x86)\Microsoft Visual Studio\2019\BuildTools\Common7\IDE\CommonExtensions\Microsoft\Terminal\ServiceHub\node_modules\node-pty\lib\windowsTerminal.js
[1a64:0017][2019-09-25T22:13:15] Completed: Copying file /ServiceHub/node_modules/node-pty/lib/windowsTerminal.js to C:\Program Files (x86)\Microsoft Visual Studio\2019\BuildTools\Common7\IDE\CommonExtensions\Microsoft\Terminal\ServiceHub\node_modules\node-pty\lib\windowsTerminal.js
[1a64:0017][2019-09-25T22:13:15] Timestamp updated for file 'C:\Program Files (x86)\Microsoft Visual Studio\2019\BuildTools\Common7\IDE\CommonExtensions\Microsoft\Terminal\ServiceHub\node_modules\node-pty\lib\windowsTerminal.js'.
[1a64:0017][2019-09-25T22:13:15] Processing file /ServiceHub/node_modules/node-pty/lib/windowsTerminal.test.js
[1a64:0017][2019-09-25T22:13:15] Started: Copying file /ServiceHub/node_modules/node-pty/lib/windowsTerminal.test.js to C:\Program Files (x86)\Microsoft Visual Studio\2019\BuildTools\Common7\IDE\CommonExtensions\Microsoft\Terminal\ServiceHub\node_modules\node-pty\lib\windowsTerminal.test.js
[1a64:0017][2019-09-25T22:13:15] Completed: Copying file /ServiceHub/node_modules/node-pty/lib/windowsTerminal.test.js to C:\Program Files (x86)\Microsoft Visual Studio\2019\BuildTools\Common7\IDE\CommonExtensions\Microsoft\Terminal\ServiceHub\node_modules\node-pty\lib\windowsTerminal.test.js
[1a64:0017][2019-09-25T22:13:15] Timestamp updated for file 'C:\Program Files (x86)\Microsoft Visual Studio\2019\BuildTools\Common7\IDE\CommonExtensions\Microsoft\Terminal\ServiceHub\node_modules\node-pty\lib\windowsTerminal.test.js'.
[1a64:0017][2019-09-25T22:13:15] Processing file /ServiceHub/node_modules/node-pty/LICENSE
[1a64:0017][2019-09-25T22:13:15] Started: Copying file /ServiceHub/node_modules/node-pty/LICENSE to C:\Program Files (x86)\Microsoft Visual Studio\2019\BuildTools\Common7\IDE\CommonExtensions\Microsoft\Terminal\ServiceHub\node_modules\node-pty\LICENSE
[1a64:0017][2019-09-25T22:13:15] Completed: Copying file /ServiceHub/node_modules/node-pty/LICENSE to C:\Program Files (x86)\Microsoft Visual Studio\2019\BuildTools\Common7\IDE\CommonExtensions\Microsoft\Terminal\ServiceHub\node_modules\node-pty\LICENSE
[1a64:0017][2019-09-25T22:13:15] Timestamp updated for file 'C:\Program Files (x86)\Microsoft Visual Studio\2019\BuildTools\Common7\IDE\CommonExtensions\Microsoft\Terminal\ServiceHub\node_modules\node-pty\LICENSE'.
[1a64:0017][2019-09-25T22:13:15] Processing file /ServiceHub/node_modules/node-pty/package.json
[1a64:0017][2019-09-25T22:13:15] Started: Copying file /ServiceHub/node_modules/node-pty/package.json to C:\Program Files (x86)\Microsoft Visual Studio\2019\BuildTools\Common7\IDE\CommonExtensions\Microsoft\Terminal\ServiceHub\node_modules\node-pty\package.json
[1a64:0017][2019-09-25T22:13:15] Completed: Copying file /ServiceHub/node_modules/node-pty/package.json to C:\Program Files (x86)\Microsoft Visual Studio\2019\BuildTools\Common7\IDE\CommonExtensions\Microsoft\Terminal\ServiceHub\node_modules\node-pty\package.json
[1a64:0017][2019-09-25T22:13:15] Timestamp updated for file 'C:\Program Files (x86)\Microsoft Visual Studio\2019\BuildTools\Common7\IDE\CommonExtensions\Microsoft\Terminal\ServiceHub\node_modules\node-pty\package.json'.
[1a64:0017][2019-09-25T22:13:15] Processing file /ServiceHub/node_modules/node-pty/README.md
[1a64:0017][2019-09-25T22:13:15] Started: Copying file /ServiceHub/node_modules/node-pty/README.md to C:\Program Files (x86)\Microsoft Visual Studio\2019\BuildTools\Common7\IDE\CommonExtensions\Microsoft\Terminal\ServiceHub\node_modules\node-pty\README.md
[1a64:0017][2019-09-25T22:13:15] Completed: Copying file /ServiceHub/node_modules/node-pty/README.md to C:\Program Files (x86)\Microsoft Visual Studio\2019\BuildTools\Common7\IDE\CommonExtensions\Microsoft\Terminal\ServiceHub\node_modules\node-pty\README.md
[1a64:0017][2019-09-25T22:13:15] Timestamp updated for file 'C:\Program Files (x86)\Microsoft Visual Studio\2019\BuildTools\Common7\IDE\CommonExtensions\Microsoft\Terminal\ServiceHub\node_modules\node-pty\README.md'.
[1a64:0017][2019-09-25T22:13:15] Processing file /ServiceHub/node_modules/vscode-jsonrpc/lib/cancellation.js
[1a64:0017][2019-09-25T22:13:15] Started: Copying file /ServiceHub/node_modules/vscode-jsonrpc/lib/cancellation.js to C:\Program Files (x86)\Microsoft Visual Studio\2019\BuildTools\Common7\IDE\CommonExtensions\Microsoft\Terminal\ServiceHub\node_modules\vscode-jsonrpc\lib\cancellation.js
[1a64:0017][2019-09-25T22:13:15] Completed: Copying file /ServiceHub/node_modules/vscode-jsonrpc/lib/cancellation.js to C:\Program Files (x86)\Microsoft Visual Studio\2019\BuildTools\Common7\IDE\CommonExtensions\Microsoft\Terminal\ServiceHub\node_modules\vscode-jsonrpc\lib\cancellation.js
[1a64:0017][2019-09-25T22:13:15] Timestamp updated for file 'C:\Program Files (x86)\Microsoft Visual Studio\2019\BuildTools\Common7\IDE\CommonExtensions\Microsoft\Terminal\ServiceHub\node_modules\vscode-jsonrpc\lib\cancellation.js'.
[1a64:0017][2019-09-25T22:13:15] Processing file /ServiceHub/node_modules/vscode-jsonrpc/lib/events.js
[1a64:0017][2019-09-25T22:13:15] Started: Copying file /ServiceHub/node_modules/vscode-jsonrpc/lib/events.js to C:\Program Files (x86)\Microsoft Visual Studio\2019\BuildTools\Common7\IDE\CommonExtensions\Microsoft\Terminal\ServiceHub\node_modules\vscode-jsonrpc\lib\events.js
[1a64:0017][2019-09-25T22:13:15] Completed: Copying file /ServiceHub/node_modules/vscode-jsonrpc/lib/events.js to C:\Program Files (x86)\Microsoft Visual Studio\2019\BuildTools\Common7\IDE\CommonExtensions\Microsoft\Terminal\ServiceHub\node_modules\vscode-jsonrpc\lib\events.js
[1a64:0017][2019-09-25T22:13:15] Timestamp updated for file 'C:\Program Files (x86)\Microsoft Visual Studio\2019\BuildTools\Common7\IDE\CommonExtensions\Microsoft\Terminal\ServiceHub\node_modules\vscode-jsonrpc\lib\events.js'.
[1a64:0017][2019-09-25T22:13:15] Processing file /ServiceHub/node_modules/vscode-jsonrpc/lib/is.js
[1a64:0017][2019-09-25T22:13:15] Started: Copying file /ServiceHub/node_modules/vscode-jsonrpc/lib/is.js to C:\Program Files (x86)\Microsoft Visual Studio\2019\BuildTools\Common7\IDE\CommonExtensions\Microsoft\Terminal\ServiceHub\node_modules\vscode-jsonrpc\lib\is.js
[1a64:0017][2019-09-25T22:13:15] Completed: Copying file /ServiceHub/node_modules/vscode-jsonrpc/lib/is.js to C:\Program Files (x86)\Microsoft Visual Studio\2019\BuildTools\Common7\IDE\CommonExtensions\Microsoft\Terminal\ServiceHub\node_modules\vscode-jsonrpc\lib\is.js
[1a64:0017][2019-09-25T22:13:15] Timestamp updated for file 'C:\Program Files (x86)\Microsoft Visual Studio\2019\BuildTools\Common7\IDE\CommonExtensions\Microsoft\Terminal\ServiceHub\node_modules\vscode-jsonrpc\lib\is.js'.
[1a64:0017][2019-09-25T22:13:15] Processing file /ServiceHub/node_modules/vscode-jsonrpc/lib/linkedMap.js
[1a64:0017][2019-09-25T22:13:15] Started: Copying file /ServiceHub/node_modules/vscode-jsonrpc/lib/linkedMap.js to C:\Program Files (x86)\Microsoft Visual Studio\2019\BuildTools\Common7\IDE\CommonExtensions\Microsoft\Terminal\ServiceHub\node_modules\vscode-jsonrpc\lib\linkedMap.js
[1a64:0017][2019-09-25T22:13:15] Completed: Copying file /ServiceHub/node_modules/vscode-jsonrpc/lib/linkedMap.js to C:\Program Files (x86)\Microsoft Visual Studio\2019\BuildTools\Common7\IDE\CommonExtensions\Microsoft\Terminal\ServiceHub\node_modules\vscode-jsonrpc\lib\linkedMap.js
[1a64:0017][2019-09-25T22:13:15] Timestamp updated for file 'C:\Program Files (x86)\Microsoft Visual Studio\2019\BuildTools\Common7\IDE\CommonExtensions\Microsoft\Terminal\ServiceHub\node_modules\vscode-jsonrpc\lib\linkedMap.js'.
[1a64:0017][2019-09-25T22:13:15] Processing file /ServiceHub/node_modules/vscode-jsonrpc/lib/main.js
[1a64:0017][2019-09-25T22:13:15] Started: Copying file /ServiceHub/node_modules/vscode-jsonrpc/lib/main.js to C:\Program Files (x86)\Microsoft Visual Studio\2019\BuildTools\Common7\IDE\CommonExtensions\Microsoft\Terminal\ServiceHub\node_modules\vscode-jsonrpc\lib\main.js
[1a64:0017][2019-09-25T22:13:15] Completed: Copying file /ServiceHub/node_modules/vscode-jsonrpc/lib/main.js to C:\Program Files (x86)\Microsoft Visual Studio\2019\BuildTools\Common7\IDE\CommonExtensions\Microsoft\Terminal\ServiceHub\node_modules\vscode-jsonrpc\lib\main.js
[1a64:0017][2019-09-25T22:13:15] Timestamp updated for file 'C:\Program Files (x86)\Microsoft Visual Studio\2019\BuildTools\Common7\IDE\CommonExtensions\Microsoft\Terminal\ServiceHub\node_modules\vscode-jsonrpc\lib\main.js'.
[1a64:0017][2019-09-25T22:13:15] Processing file /ServiceHub/node_modules/vscode-jsonrpc/lib/messageReader.js
[1a64:0017][2019-09-25T22:13:15] Started: Copying file /ServiceHub/node_modules/vscode-jsonrpc/lib/messageReader.js to C:\Program Files (x86)\Microsoft Visual Studio\2019\BuildTools\Common7\IDE\CommonExtensions\Microsoft\Terminal\ServiceHub\node_modules\vscode-jsonrpc\lib\messageReader.js
[1a64:0017][2019-09-25T22:13:15] Completed: Copying file /ServiceHub/node_modules/vscode-jsonrpc/lib/messageReader.js to C:\Program Files (x86)\Microsoft Visual Studio\2019\BuildTools\Common7\IDE\CommonExtensions\Microsoft\Terminal\ServiceHub\node_modules\vscode-jsonrpc\lib\messageReader.js
[1a64:0017][2019-09-25T22:13:15] Timestamp updated for file 'C:\Program Files (x86)\Microsoft Visual Studio\2019\BuildTools\Common7\IDE\CommonExtensions\Microsoft\Terminal\ServiceHub\node_modules\vscode-jsonrpc\lib\messageReader.js'.
[1a64:0017][2019-09-25T22:13:15] Processing file /ServiceHub/node_modules/vscode-jsonrpc/lib/messages.js
[1a64:0017][2019-09-25T22:13:15] Started: Copying file /ServiceHub/node_modules/vscode-jsonrpc/lib/messages.js to C:\Program Files (x86)\Microsoft Visual Studio\2019\BuildTools\Common7\IDE\CommonExtensions\Microsoft\Terminal\ServiceHub\node_modules\vscode-jsonrpc\lib\messages.js
[1a64:0017][2019-09-25T22:13:15] Completed: Copying file /ServiceHub/node_modules/vscode-jsonrpc/lib/messages.js to C:\Program Files (x86)\Microsoft Visual Studio\2019\BuildTools\Common7\IDE\CommonExtensions\Microsoft\Terminal\ServiceHub\node_modules\vscode-jsonrpc\lib\messages.js
[1a64:0017][2019-09-25T22:13:15] Timestamp updated for file 'C:\Program Files (x86)\Microsoft Visual Studio\2019\BuildTools\Common7\IDE\CommonExtensions\Microsoft\Terminal\ServiceHub\node_modules\vscode-jsonrpc\lib\messages.js'.
[1a64:0017][2019-09-25T22:13:15] Processing file /ServiceHub/node_modules/vscode-jsonrpc/lib/messageWriter.js
[1a64:0017][2019-09-25T22:13:15] Started: Copying file /ServiceHub/node_modules/vscode-jsonrpc/lib/messageWriter.js to C:\Program Files (x86)\Microsoft Visual Studio\2019\BuildTools\Common7\IDE\CommonExtensions\Microsoft\Terminal\ServiceHub\node_modules\vscode-jsonrpc\lib\messageWriter.js
[1a64:0017][2019-09-25T22:13:15] Completed: Copying file /ServiceHub/node_modules/vscode-jsonrpc/lib/messageWriter.js to C:\Program Files (x86)\Microsoft Visual Studio\2019\BuildTools\Common7\IDE\CommonExtensions\Microsoft\Terminal\ServiceHub\node_modules\vscode-jsonrpc\lib\messageWriter.js
[1a64:0017][2019-09-25T22:13:15] Timestamp updated for file 'C:\Program Files (x86)\Microsoft Visual Studio\2019\BuildTools\Common7\IDE\CommonExtensions\Microsoft\Terminal\ServiceHub\node_modules\vscode-jsonrpc\lib\messageWriter.js'.
[1a64:0017][2019-09-25T22:13:15] Processing file /ServiceHub/node_modules/vscode-jsonrpc/lib/pipeSupport.js
[1a64:0017][2019-09-25T22:13:15] Started: Copying file /ServiceHub/node_modules/vscode-jsonrpc/lib/pipeSupport.js to C:\Program Files (x86)\Microsoft Visual Studio\2019\BuildTools\Common7\IDE\CommonExtensions\Microsoft\Terminal\ServiceHub\node_modules\vscode-jsonrpc\lib\pipeSupport.js
[1a64:0017][2019-09-25T22:13:15] Completed: Copying file /ServiceHub/node_modules/vscode-jsonrpc/lib/pipeSupport.js to C:\Program Files (x86)\Microsoft Visual Studio\2019\BuildTools\Common7\IDE\CommonExtensions\Microsoft\Terminal\ServiceHub\node_modules\vscode-jsonrpc\lib\pipeSupport.js
[1a64:0017][2019-09-25T22:13:15] Timestamp updated for file 'C:\Program Files (x86)\Microsoft Visual Studio\2019\BuildTools\Common7\IDE\CommonExtensions\Microsoft\Terminal\ServiceHub\node_modules\vscode-jsonrpc\lib\pipeSupport.js'.
[1a64:0017][2019-09-25T22:13:15] Processing file /ServiceHub/node_modules/vscode-jsonrpc/lib/socketSupport.js
[1a64:0017][2019-09-25T22:13:15] Started: Copying file /ServiceHub/node_modules/vscode-jsonrpc/lib/socketSupport.js to C:\Program Files (x86)\Microsoft Visual Studio\2019\BuildTools\Common7\IDE\CommonExtensions\Microsoft\Terminal\ServiceHub\node_modules\vscode-jsonrpc\lib\socketSupport.js
[1a64:0017][2019-09-25T22:13:15] Completed: Copying file /ServiceHub/node_modules/vscode-jsonrpc/lib/socketSupport.js to C:\Program Files (x86)\Microsoft Visual Studio\2019\BuildTools\Common7\IDE\CommonExtensions\Microsoft\Terminal\ServiceHub\node_modules\vscode-jsonrpc\lib\socketSupport.js
[1a64:0017][2019-09-25T22:13:15] Timestamp updated for file 'C:\Program Files (x86)\Microsoft Visual Studio\2019\BuildTools\Common7\IDE\CommonExtensions\Microsoft\Terminal\ServiceHub\node_modules\vscode-jsonrpc\lib\socketSupport.js'.
[1a64:0017][2019-09-25T22:13:15] Processing file /ServiceHub/node_modules/vscode-jsonrpc/lib/thenable.js
[1a64:0017][2019-09-25T22:13:15] Started: Copying file /ServiceHub/node_modules/vscode-jsonrpc/lib/thenable.js to C:\Program Files (x86)\Microsoft Visual Studio\2019\BuildTools\Common7\IDE\CommonExtensions\Microsoft\Terminal\ServiceHub\node_modules\vscode-jsonrpc\lib\thenable.js
[1a64:0017][2019-09-25T22:13:15] Completed: Copying file /ServiceHub/node_modules/vscode-jsonrpc/lib/thenable.js to C:\Program Files (x86)\Microsoft Visual Studio\2019\BuildTools\Common7\IDE\CommonExtensions\Microsoft\Terminal\ServiceHub\node_modules\vscode-jsonrpc\lib\thenable.js
[1a64:0017][2019-09-25T22:13:15] Timestamp updated for file 'C:\Program Files (x86)\Microsoft Visual Studio\2019\BuildTools\Common7\IDE\CommonExtensions\Microsoft\Terminal\ServiceHub\node_modules\vscode-jsonrpc\lib\thenable.js'.
[1a64:0017][2019-09-25T22:13:15] Processing file /ServiceHub/node_modules/vscode-jsonrpc/License.txt
[1a64:0017][2019-09-25T22:13:15] Started: Copying file /ServiceHub/node_modules/vscode-jsonrpc/License.txt to C:\Program Files (x86)\Microsoft Visual Studio\2019\BuildTools\Common7\IDE\CommonExtensions\Microsoft\Terminal\ServiceHub\node_modules\vscode-jsonrpc\License.txt
[1a64:0017][2019-09-25T22:13:15] Completed: Copying file /ServiceHub/node_modules/vscode-jsonrpc/License.txt to C:\Program Files (x86)\Microsoft Visual Studio\2019\BuildTools\Common7\IDE\CommonExtensions\Microsoft\Terminal\ServiceHub\node_modules\vscode-jsonrpc\License.txt
[1a64:0017][2019-09-25T22:13:15] Timestamp updated for file 'C:\Program Files (x86)\Microsoft Visual Studio\2019\BuildTools\Common7\IDE\CommonExtensions\Microsoft\Terminal\ServiceHub\node_modules\vscode-jsonrpc\License.txt'.
[1a64:0017][2019-09-25T22:13:15] Processing file /ServiceHub/node_modules/vscode-jsonrpc/package.json
[1a64:0017][2019-09-25T22:13:15] Started: Copying file /ServiceHub/node_modules/vscode-jsonrpc/package.json to C:\Program Files (x86)\Microsoft Visual Studio\2019\BuildTools\Common7\IDE\CommonExtensions\Microsoft\Terminal\ServiceHub\node_modules\vscode-jsonrpc\package.json
[1a64:0017][2019-09-25T22:13:15] Completed: Copying file /ServiceHub/node_modules/vscode-jsonrpc/package.json to C:\Program Files (x86)\Microsoft Visual Studio\2019\BuildTools\Common7\IDE\CommonExtensions\Microsoft\Terminal\ServiceHub\node_modules\vscode-jsonrpc\package.json
[1a64:0017][2019-09-25T22:13:15] Timestamp updated for file 'C:\Program Files (x86)\Microsoft Visual Studio\2019\BuildTools\Common7\IDE\CommonExtensions\Microsoft\Terminal\ServiceHub\node_modules\vscode-jsonrpc\package.json'.
[1a64:0017][2019-09-25T22:13:15] Processing file /ServiceHub/node_modules/vscode-jsonrpc/README.md
[1a64:0017][2019-09-25T22:13:15] Started: Copying file /ServiceHub/node_modules/vscode-jsonrpc/README.md to C:\Program Files (x86)\Microsoft Visual Studio\2019\BuildTools\Common7\IDE\CommonExtensions\Microsoft\Terminal\ServiceHub\node_modules\vscode-jsonrpc\README.md
[1a64:0017][2019-09-25T22:13:15] Completed: Copying file /ServiceHub/node_modules/vscode-jsonrpc/README.md to C:\Program Files (x86)\Microsoft Visual Studio\2019\BuildTools\Common7\IDE\CommonExtensions\Microsoft\Terminal\ServiceHub\node_modules\vscode-jsonrpc\README.md
[1a64:0017][2019-09-25T22:13:15] Timestamp updated for file 'C:\Program Files (x86)\Microsoft Visual Studio\2019\BuildTools\Common7\IDE\CommonExtensions\Microsoft\Terminal\ServiceHub\node_modules\vscode-jsonrpc\README.md'.
[1a64:0017][2019-09-25T22:13:15] Processing file /ServiceHub/node_modules/vscode-jsonrpc/thirdpartynotices.txt
[1a64:0017][2019-09-25T22:13:15] Started: Copying file /ServiceHub/node_modules/vscode-jsonrpc/thirdpartynotices.txt to C:\Program Files (x86)\Microsoft Visual Studio\2019\BuildTools\Common7\IDE\CommonExtensions\Microsoft\Terminal\ServiceHub\node_modules\vscode-jsonrpc\thirdpartynotices.txt
[1a64:0017][2019-09-25T22:13:15] Completed: Copying file /ServiceHub/node_modules/vscode-jsonrpc/thirdpartynotices.txt to C:\Program Files (x86)\Microsoft Visual Studio\2019\BuildTools\Common7\IDE\CommonExtensions\Microsoft\Terminal\ServiceHub\node_modules\vscode-jsonrpc\thirdpartynotices.txt
[1a64:0017][2019-09-25T22:13:15] Timestamp updated for file 'C:\Program Files (x86)\Microsoft Visual Studio\2019\BuildTools\Common7\IDE\CommonExtensions\Microsoft\Terminal\ServiceHub\node_modules\vscode-jsonrpc\thirdpartynotices.txt'.
[1a64:0017][2019-09-25T22:13:15] Processing file /ServiceHub/pty.js
[1a64:0017][2019-09-25T22:13:15] Started: Copying file /ServiceHub/pty.js to C:\Program Files (x86)\Microsoft Visual Studio\2019\BuildTools\Common7\IDE\CommonExtensions\Microsoft\Terminal\ServiceHub\pty.js
[1a64:0017][2019-09-25T22:13:15] Completed: Copying file /ServiceHub/pty.js to C:\Program Files (x86)\Microsoft Visual Studio\2019\BuildTools\Common7\IDE\CommonExtensions\Microsoft\Terminal\ServiceHub\pty.js
[1a64:0017][2019-09-25T22:13:15] Timestamp updated for file 'C:\Program Files (x86)\Microsoft Visual Studio\2019\BuildTools\Common7\IDE\CommonExtensions\Microsoft\Terminal\ServiceHub\pty.js'.
[1a64:0017][2019-09-25T22:13:15] Processing file /ServiceHub/pty.js.map
[1a64:0017][2019-09-25T22:13:15] Started: Copying file /ServiceHub/pty.js.map to C:\Program Files (x86)\Microsoft Visual Studio\2019\BuildTools\Common7\IDE\CommonExtensions\Microsoft\Terminal\ServiceHub\pty.js.map
[1a64:0017][2019-09-25T22:13:15] Completed: Copying file /ServiceHub/pty.js.map to C:\Program Files (x86)\Microsoft Visual Studio\2019\BuildTools\Common7\IDE\CommonExtensions\Microsoft\Terminal\ServiceHub\pty.js.map
[1a64:0017][2019-09-25T22:13:15] Timestamp updated for file 'C:\Program Files (x86)\Microsoft Visual Studio\2019\BuildTools\Common7\IDE\CommonExtensions\Microsoft\Terminal\ServiceHub\pty.js.map'.
[1a64:0017][2019-09-25T22:13:15] Processing file /ServiceHub/vs.terminal.pty.servicehub.service.json
[1a64:0017][2019-09-25T22:13:15] Started: Copying file /ServiceHub/vs.terminal.pty.servicehub.service.json to C:\Program Files (x86)\Microsoft Visual Studio\2019\BuildTools\Common7\IDE\CommonExtensions\Microsoft\Terminal\ServiceHub\vs.terminal.pty.servicehub.service.json
[1a64:0017][2019-09-25T22:13:15] Completed: Copying file /ServiceHub/vs.terminal.pty.servicehub.service.json to C:\Program Files (x86)\Microsoft Visual Studio\2019\BuildTools\Common7\IDE\CommonExtensions\Microsoft\Terminal\ServiceHub\vs.terminal.pty.servicehub.service.json
[1a64:0017][2019-09-25T22:13:15] Timestamp updated for file 'C:\Program Files (x86)\Microsoft Visual Studio\2019\BuildTools\Common7\IDE\CommonExtensions\Microsoft\Terminal\ServiceHub\vs.terminal.pty.servicehub.service.json'.
[1a64:0017][2019-09-25T22:13:15] Processing file /tr/Microsoft.VisualStudio.Terminal.Implementation.resources.dll
[1a64:0017][2019-09-25T22:13:15] Started: Copying file /tr/Microsoft.VisualStudio.Terminal.Implementation.resources.dll to C:\Program Files (x86)\Microsoft Visual Studio\2019\BuildTools\Common7\IDE\CommonExtensions\Microsoft\Terminal\tr\Microsoft.VisualStudio.Terminal.Implementation.resources.dll
[1a64:0017][2019-09-25T22:13:15] Completed: Copying file /tr/Microsoft.VisualStudio.Terminal.Implementation.resources.dll to C:\Program Files (x86)\Microsoft Visual Studio\2019\BuildTools\Common7\IDE\CommonExtensions\Microsoft\Terminal\tr\Microsoft.VisualStudio.Terminal.Implementation.resources.dll
[1a64:0017][2019-09-25T22:13:15] Timestamp updated for file 'C:\Program Files (x86)\Microsoft Visual Studio\2019\BuildTools\Common7\IDE\CommonExtensions\Microsoft\Terminal\tr\Microsoft.VisualStudio.Terminal.Implementation.resources.dll'.
[1a64:0017][2019-09-25T22:13:15] Queueing C:\Program Files (x86)\Microsoft Visual Studio\2019\BuildTools\Common7\IDE\CommonExtensions\Microsoft\Terminal\tr\Microsoft.VisualStudio.Terminal.Implementation.resources.dll for X86 ngen
[1a64:0017][2019-09-25T22:13:15] Successfully queued file '/tr/Microsoft.VisualStudio.Terminal.Implementation.resources.dll' for ngen
[1a64:0017][2019-09-25T22:13:15] Processing file /tr/Microsoft.VisualStudio.Terminal.resources.dll
[1a64:0017][2019-09-25T22:13:15] Started: Copying file /tr/Microsoft.VisualStudio.Terminal.resources.dll to C:\Program Files (x86)\Microsoft Visual Studio\2019\BuildTools\Common7\IDE\CommonExtensions\Microsoft\Terminal\tr\Microsoft.VisualStudio.Terminal.resources.dll
[1a64:0017][2019-09-25T22:13:15] Completed: Copying file /tr/Microsoft.VisualStudio.Terminal.resources.dll to C:\Program Files (x86)\Microsoft Visual Studio\2019\BuildTools\Common7\IDE\CommonExtensions\Microsoft\Terminal\tr\Microsoft.VisualStudio.Terminal.resources.dll
[1a64:0017][2019-09-25T22:13:15] Timestamp updated for file 'C:\Program Files (x86)\Microsoft Visual Studio\2019\BuildTools\Common7\IDE\CommonExtensions\Microsoft\Terminal\tr\Microsoft.VisualStudio.Terminal.resources.dll'.
[1a64:0017][2019-09-25T22:13:15] Queueing C:\Program Files (x86)\Microsoft Visual Studio\2019\BuildTools\Common7\IDE\CommonExtensions\Microsoft\Terminal\tr\Microsoft.VisualStudio.Terminal.resources.dll for X86 ngen
[1a64:0017][2019-09-25T22:13:15] Successfully queued file '/tr/Microsoft.VisualStudio.Terminal.resources.dll' for ngen
[1a64:0017][2019-09-25T22:13:15] Processing file /zh-Hans/Microsoft.VisualStudio.Terminal.Implementation.resources.dll
[1a64:0017][2019-09-25T22:13:15] Started: Copying file /zh-Hans/Microsoft.VisualStudio.Terminal.Implementation.resources.dll to C:\Program Files (x86)\Microsoft Visual Studio\2019\BuildTools\Common7\IDE\CommonExtensions\Microsoft\Terminal\zh-Hans\Microsoft.VisualStudio.Terminal.Implementation.resources.dll
[1a64:0017][2019-09-25T22:13:15] Completed: Copying file /zh-Hans/Microsoft.VisualStudio.Terminal.Implementation.resources.dll to C:\Program Files (x86)\Microsoft Visual Studio\2019\BuildTools\Common7\IDE\CommonExtensions\Microsoft\Terminal\zh-Hans\Microsoft.VisualStudio.Terminal.Implementation.resources.dll
[1a64:0017][2019-09-25T22:13:15] Timestamp updated for file 'C:\Program Files (x86)\Microsoft Visual Studio\2019\BuildTools\Common7\IDE\CommonExtensions\Microsoft\Terminal\zh-Hans\Microsoft.VisualStudio.Terminal.Implementation.resources.dll'.
[1a64:0017][2019-09-25T22:13:15] Queueing C:\Program Files (x86)\Microsoft Visual Studio\2019\BuildTools\Common7\IDE\CommonExtensions\Microsoft\Terminal\zh-Hans\Microsoft.VisualStudio.Terminal.Implementation.resources.dll for X86 ngen
[1a64:0017][2019-09-25T22:13:15] Successfully queued file '/zh-Hans/Microsoft.VisualStudio.Terminal.Implementation.resources.dll' for ngen
[1a64:0017][2019-09-25T22:13:15] Processing file /zh-Hans/Microsoft.VisualStudio.Terminal.resources.dll
[1a64:0017][2019-09-25T22:13:15] Started: Copying file /zh-Hans/Microsoft.VisualStudio.Terminal.resources.dll to C:\Program Files (x86)\Microsoft Visual Studio\2019\BuildTools\Common7\IDE\CommonExtensions\Microsoft\Terminal\zh-Hans\Microsoft.VisualStudio.Terminal.resources.dll
[1a64:0017][2019-09-25T22:13:15] Completed: Copying file /zh-Hans/Microsoft.VisualStudio.Terminal.resources.dll to C:\Program Files (x86)\Microsoft Visual Studio\2019\BuildTools\Common7\IDE\CommonExtensions\Microsoft\Terminal\zh-Hans\Microsoft.VisualStudio.Terminal.resources.dll
[1a64:0017][2019-09-25T22:13:15] Timestamp updated for file 'C:\Program Files (x86)\Microsoft Visual Studio\2019\BuildTools\Common7\IDE\CommonExtensions\Microsoft\Terminal\zh-Hans\Microsoft.VisualStudio.Terminal.resources.dll'.
[1a64:0017][2019-09-25T22:13:15] Queueing C:\Program Files (x86)\Microsoft Visual Studio\2019\BuildTools\Common7\IDE\CommonExtensions\Microsoft\Terminal\zh-Hans\Microsoft.VisualStudio.Terminal.resources.dll for X86 ngen
[1a64:0017][2019-09-25T22:13:15] Successfully queued file '/zh-Hans/Microsoft.VisualStudio.Terminal.resources.dll' for ngen
[1a64:0017][2019-09-25T22:13:15] Processing file /zh-Hant/Microsoft.VisualStudio.Terminal.Implementation.resources.dll
[1a64:0017][2019-09-25T22:13:15] Started: Copying file /zh-Hant/Microsoft.VisualStudio.Terminal.Implementation.resources.dll to C:\Program Files (x86)\Microsoft Visual Studio\2019\BuildTools\Common7\IDE\CommonExtensions\Microsoft\Terminal\zh-Hant\Microsoft.VisualStudio.Terminal.Implementation.resources.dll
[1a64:0017][2019-09-25T22:13:15] Completed: Copying file /zh-Hant/Microsoft.VisualStudio.Terminal.Implementation.resources.dll to C:\Program Files (x86)\Microsoft Visual Studio\2019\BuildTools\Common7\IDE\CommonExtensions\Microsoft\Terminal\zh-Hant\Microsoft.VisualStudio.Terminal.Implementation.resources.dll
[1a64:0017][2019-09-25T22:13:15] Timestamp updated for file 'C:\Program Files (x86)\Microsoft Visual Studio\2019\BuildTools\Common7\IDE\CommonExtensions\Microsoft\Terminal\zh-Hant\Microsoft.VisualStudio.Terminal.Implementation.resources.dll'.
[1a64:0017][2019-09-25T22:13:15] Queueing C:\Program Files (x86)\Microsoft Visual Studio\2019\BuildTools\Common7\IDE\CommonExtensions\Microsoft\Terminal\zh-Hant\Microsoft.VisualStudio.Terminal.Implementation.resources.dll for X86 ngen
[1a64:0017][2019-09-25T22:13:15] Successfully queued file '/zh-Hant/Microsoft.VisualStudio.Terminal.Implementation.resources.dll' for ngen
[1a64:0017][2019-09-25T22:13:15] Processing file /zh-Hant/Microsoft.VisualStudio.Terminal.resources.dll
[1a64:0017][2019-09-25T22:13:15] Started: Copying file /zh-Hant/Microsoft.VisualStudio.Terminal.resources.dll to C:\Program Files (x86)\Microsoft Visual Studio\2019\BuildTools\Common7\IDE\CommonExtensions\Microsoft\Terminal\zh-Hant\Microsoft.VisualStudio.Terminal.resources.dll
[1a64:0017][2019-09-25T22:13:15] Completed: Copying file /zh-Hant/Microsoft.VisualStudio.Terminal.resources.dll to C:\Program Files (x86)\Microsoft Visual Studio\2019\BuildTools\Common7\IDE\CommonExtensions\Microsoft\Terminal\zh-Hant\Microsoft.VisualStudio.Terminal.resources.dll
[1a64:0017][2019-09-25T22:13:15] Timestamp updated for file 'C:\Program Files (x86)\Microsoft Visual Studio\2019\BuildTools\Common7\IDE\CommonExtensions\Microsoft\Terminal\zh-Hant\Microsoft.VisualStudio.Terminal.resources.dll'.
[1a64:0017][2019-09-25T22:13:15] Queueing C:\Program Files (x86)\Microsoft Visual Studio\2019\BuildTools\Common7\IDE\CommonExtensions\Microsoft\Terminal\zh-Hant\Microsoft.VisualStudio.Terminal.resources.dll for X86 ngen
[1a64:0017][2019-09-25T22:13:15] Successfully queued file '/zh-Hant/Microsoft.VisualStudio.Terminal.resources.dll' for ngen
[1a64:0017][2019-09-25T22:13:15] Processing file /extension.vsixmanifest
[1a64:0017][2019-09-25T22:13:15] Started: Copying file /extension.vsixmanifest to C:\Program Files (x86)\Microsoft Visual Studio\2019\BuildTools\Common7\IDE\CommonExtensions\Microsoft\Terminal\extension.vsixmanifest
[1a64:0017][2019-09-25T22:13:15] Completed: Copying file /extension.vsixmanifest to C:\Program Files (x86)\Microsoft Visual Studio\2019\BuildTools\Common7\IDE\CommonExtensions\Microsoft\Terminal\extension.vsixmanifest
[1a64:0017][2019-09-25T22:13:15] Timestamp updated for file 'C:\Program Files (x86)\Microsoft Visual Studio\2019\BuildTools\Common7\IDE\CommonExtensions\Microsoft\Terminal\extension.vsixmanifest'.
[1a64:0017][2019-09-25T22:13:15] Package executed successfully. Return code: 0
