[1a64:0017][2019-09-25T22:13:39] Opening the package for processing
[1a64:0017][2019-09-25T22:13:39] Using package payload to get the embedded manifest
[1a64:0017][2019-09-25T22:13:39] Getting list of files within the package
[1a64:0017][2019-09-25T22:13:39] Processing file /Contents/Common7/IDE/CommonExtensions/Microsoft/Architecture%20Tools/GraphProviderPackage/GraphProviderPackage.pkgdef
[1a64:0017][2019-09-25T22:13:39] Started: Copying file /Contents/Common7/IDE/CommonExtensions/Microsoft/Architecture%20Tools/GraphProviderPackage/GraphProviderPackage.pkgdef to C:\Program Files (x86)\Microsoft Visual Studio\2019\BuildTools\Common7\IDE\CommonExtensions\Microsoft\Architecture Tools\GraphProviderPackage\GraphProviderPackage.pkgdef
[1a64:0017][2019-09-25T22:13:39] Completed: Copying file /Contents/Common7/IDE/CommonExtensions/Microsoft/Architecture%20Tools/GraphProviderPackage/GraphProviderPackage.pkgdef to C:\Program Files (x86)\Microsoft Visual Studio\2019\BuildTools\Common7\IDE\CommonExtensions\Microsoft\Architecture Tools\GraphProviderPackage\GraphProviderPackage.pkgdef
[1a64:0017][2019-09-25T22:13:39] Timestamp updated for file 'C:\Program Files (x86)\Microsoft Visual Studio\2019\BuildTools\Common7\IDE\CommonExtensions\Microsoft\Architecture Tools\GraphProviderPackage\GraphProviderPackage.pkgdef'.
[1a64:0017][2019-09-25T22:13:39] Processing file /Contents/Common7/IDE/CommonExtensions/Microsoft/Architecture%20Tools/GraphProviderPackage/Microsoft.VisualStudio.GraphProviderPackage.dll
[1a64:0017][2019-09-25T22:13:39] Started: Copying file /Contents/Common7/IDE/CommonExtensions/Microsoft/Architecture%20Tools/GraphProviderPackage/Microsoft.VisualStudio.GraphProviderPackage.dll to C:\Program Files (x86)\Microsoft Visual Studio\2019\BuildTools\Common7\IDE\CommonExtensions\Microsoft\Architecture Tools\GraphProviderPackage\Microsoft.VisualStudio.GraphProviderPackage.dll
[1a64:0017][2019-09-25T22:13:39] Completed: Copying file /Contents/Common7/IDE/CommonExtensions/Microsoft/Architecture%20Tools/GraphProviderPackage/Microsoft.VisualStudio.GraphProviderPackage.dll to C:\Program Files (x86)\Microsoft Visual Studio\2019\BuildTools\Common7\IDE\CommonExtensions\Microsoft\Architecture Tools\GraphProviderPackage\Microsoft.VisualStudio.GraphProviderPackage.dll
[1a64:0017][2019-09-25T22:13:39] Timestamp updated for file 'C:\Program Files (x86)\Microsoft Visual Studio\2019\BuildTools\Common7\IDE\CommonExtensions\Microsoft\Architecture Tools\GraphProviderPackage\Microsoft.VisualStudio.GraphProviderPackage.dll'.
[1a64:0017][2019-09-25T22:13:39] Queueing C:\Program Files (x86)\Microsoft Visual Studio\2019\BuildTools\Common7\IDE\CommonExtensions\Microsoft\Architecture Tools\GraphProviderPackage\Microsoft.VisualStudio.GraphProviderPackage.dll for X86 ngen
[1a64:0017][2019-09-25T22:13:39] Successfully queued file '/Contents/Common7/IDE/CommonExtensions/Microsoft/Architecture Tools/GraphProviderPackage/Microsoft.VisualStudio.GraphProviderPackage.dll' for ngen
[1a64:0017][2019-09-25T22:13:39] Processing file /Contents/Common7/IDE/CommonExtensions/Microsoft/Architecture%20Tools/GraphProviderPackage/Microsoft.VisualStudio.GraphProviderPackage.pkgdef
[1a64:0017][2019-09-25T22:13:39] Started: Copying file /Contents/Common7/IDE/CommonExtensions/Microsoft/Architecture%20Tools/GraphProviderPackage/Microsoft.VisualStudio.GraphProviderPackage.pkgdef to C:\Program Files (x86)\Microsoft Visual Studio\2019\BuildTools\Common7\IDE\CommonExtensions\Microsoft\Architecture Tools\GraphProviderPackage\Microsoft.VisualStudio.GraphProviderPackage.pkgdef
[1a64:0017][2019-09-25T22:13:39] Completed: Copying file /Contents/Common7/IDE/CommonExtensions/Microsoft/Architecture%20Tools/GraphProviderPackage/Microsoft.VisualStudio.GraphProviderPackage.pkgdef to C:\Program Files (x86)\Microsoft Visual Studio\2019\BuildTools\Common7\IDE\CommonExtensions\Microsoft\Architecture Tools\GraphProviderPackage\Microsoft.VisualStudio.GraphProviderPackage.pkgdef
[1a64:0017][2019-09-25T22:13:39] Timestamp updated for file 'C:\Program Files (x86)\Microsoft Visual Studio\2019\BuildTools\Common7\IDE\CommonExtensions\Microsoft\Architecture Tools\GraphProviderPackage\Microsoft.VisualStudio.GraphProviderPackage.pkgdef'.
[1a64:0017][2019-09-25T22:13:39] Processing file /Contents/Common7/IDE/CommonExtensions/Microsoft/Architecture%20Tools/GraphProviderPackage/Microsoft.VisualStudio.Progression.CodeSchema.dll
[1a64:0017][2019-09-25T22:13:39] Started: Copying file /Contents/Common7/IDE/CommonExtensions/Microsoft/Architecture%20Tools/GraphProviderPackage/Microsoft.VisualStudio.Progression.CodeSchema.dll to C:\Program Files (x86)\Microsoft Visual Studio\2019\BuildTools\Common7\IDE\CommonExtensions\Microsoft\Architecture Tools\GraphProviderPackage\Microsoft.VisualStudio.Progression.CodeSchema.dll
[1a64:0017][2019-09-25T22:13:39] Completed: Copying file /Contents/Common7/IDE/CommonExtensions/Microsoft/Architecture%20Tools/GraphProviderPackage/Microsoft.VisualStudio.Progression.CodeSchema.dll to C:\Program Files (x86)\Microsoft Visual Studio\2019\BuildTools\Common7\IDE\CommonExtensions\Microsoft\Architecture Tools\GraphProviderPackage\Microsoft.VisualStudio.Progression.CodeSchema.dll
[1a64:0017][2019-09-25T22:13:39] Timestamp updated for file 'C:\Program Files (x86)\Microsoft Visual Studio\2019\BuildTools\Common7\IDE\CommonExtensions\Microsoft\Architecture Tools\GraphProviderPackage\Microsoft.VisualStudio.Progression.CodeSchema.dll'.
[1a64:0017][2019-09-25T22:13:39] Queueing C:\Program Files (x86)\Microsoft Visual Studio\2019\BuildTools\Common7\IDE\CommonExtensions\Microsoft\Architecture Tools\GraphProviderPackage\Microsoft.VisualStudio.Progression.CodeSchema.dll for X86 ngen
[1a64:0017][2019-09-25T22:13:39] Successfully queued file '/Contents/Common7/IDE/CommonExtensions/Microsoft/Architecture Tools/GraphProviderPackage/Microsoft.VisualStudio.Progression.CodeSchema.dll' for ngen
[1a64:0017][2019-09-25T22:13:39] Processing file /Contents/Common7/IDE/CommonExtensions/Microsoft/Architecture%20Tools/GraphProviderPackage/Microsoft.VisualStudio.Progression.Common.dll
[1a64:0017][2019-09-25T22:13:39] Started: Copying file /Contents/Common7/IDE/CommonExtensions/Microsoft/Architecture%20Tools/GraphProviderPackage/Microsoft.VisualStudio.Progression.Common.dll to C:\Program Files (x86)\Microsoft Visual Studio\2019\BuildTools\Common7\IDE\CommonExtensions\Microsoft\Architecture Tools\GraphProviderPackage\Microsoft.VisualStudio.Progression.Common.dll
[1a64:0017][2019-09-25T22:13:39] Completed: Copying file /Contents/Common7/IDE/CommonExtensions/Microsoft/Architecture%20Tools/GraphProviderPackage/Microsoft.VisualStudio.Progression.Common.dll to C:\Program Files (x86)\Microsoft Visual Studio\2019\BuildTools\Common7\IDE\CommonExtensions\Microsoft\Architecture Tools\GraphProviderPackage\Microsoft.VisualStudio.Progression.Common.dll
[1a64:0017][2019-09-25T22:13:39] Timestamp updated for file 'C:\Program Files (x86)\Microsoft Visual Studio\2019\BuildTools\Common7\IDE\CommonExtensions\Microsoft\Architecture Tools\GraphProviderPackage\Microsoft.VisualStudio.Progression.Common.dll'.
[1a64:0017][2019-09-25T22:13:39] Queueing C:\Program Files (x86)\Microsoft Visual Studio\2019\BuildTools\Common7\IDE\CommonExtensions\Microsoft\Architecture Tools\GraphProviderPackage\Microsoft.VisualStudio.Progression.Common.dll for X86 ngen
[1a64:0017][2019-09-25T22:13:39] Successfully queued file '/Contents/Common7/IDE/CommonExtensions/Microsoft/Architecture Tools/GraphProviderPackage/Microsoft.VisualStudio.Progression.Common.dll' for ngen
[1a64:0017][2019-09-25T22:13:39] Processing file /Contents/Common7/IDE/CommonExtensions/Microsoft/Architecture%20Tools/GraphProviderPackage/Microsoft.VisualStudio.Progression.DataManager.dll
[1a64:0017][2019-09-25T22:13:39] Started: Copying file /Contents/Common7/IDE/CommonExtensions/Microsoft/Architecture%20Tools/GraphProviderPackage/Microsoft.VisualStudio.Progression.DataManager.dll to C:\Program Files (x86)\Microsoft Visual Studio\2019\BuildTools\Common7\IDE\CommonExtensions\Microsoft\Architecture Tools\GraphProviderPackage\Microsoft.VisualStudio.Progression.DataManager.dll
[1a64:0017][2019-09-25T22:13:39] Completed: Copying file /Contents/Common7/IDE/CommonExtensions/Microsoft/Architecture%20Tools/GraphProviderPackage/Microsoft.VisualStudio.Progression.DataManager.dll to C:\Program Files (x86)\Microsoft Visual Studio\2019\BuildTools\Common7\IDE\CommonExtensions\Microsoft\Architecture Tools\GraphProviderPackage\Microsoft.VisualStudio.Progression.DataManager.dll
[1a64:0017][2019-09-25T22:13:39] Timestamp updated for file 'C:\Program Files (x86)\Microsoft Visual Studio\2019\BuildTools\Common7\IDE\CommonExtensions\Microsoft\Architecture Tools\GraphProviderPackage\Microsoft.VisualStudio.Progression.DataManager.dll'.
[1a64:0017][2019-09-25T22:13:39] Queueing C:\Program Files (x86)\Microsoft Visual Studio\2019\BuildTools\Common7\IDE\CommonExtensions\Microsoft\Architecture Tools\GraphProviderPackage\Microsoft.VisualStudio.Progression.DataManager.dll for X86 ngen
[1a64:0017][2019-09-25T22:13:39] Successfully queued file '/Contents/Common7/IDE/CommonExtensions/Microsoft/Architecture Tools/GraphProviderPackage/Microsoft.VisualStudio.Progression.DataManager.dll' for ngen
[1a64:0017][2019-09-25T22:13:39] Processing file /Contents/Common7/IDE/CommonExtensions/Microsoft/Architecture%20Tools/GraphProviderPackage/Microsoft.VisualStudio.Progression.Interfaces.dll
[1a64:0017][2019-09-25T22:13:39] Started: Copying file /Contents/Common7/IDE/CommonExtensions/Microsoft/Architecture%20Tools/GraphProviderPackage/Microsoft.VisualStudio.Progression.Interfaces.dll to C:\Program Files (x86)\Microsoft Visual Studio\2019\BuildTools\Common7\IDE\CommonExtensions\Microsoft\Architecture Tools\GraphProviderPackage\Microsoft.VisualStudio.Progression.Interfaces.dll
[1a64:0017][2019-09-25T22:13:39] Completed: Copying file /Contents/Common7/IDE/CommonExtensions/Microsoft/Architecture%20Tools/GraphProviderPackage/Microsoft.VisualStudio.Progression.Interfaces.dll to C:\Program Files (x86)\Microsoft Visual Studio\2019\BuildTools\Common7\IDE\CommonExtensions\Microsoft\Architecture Tools\GraphProviderPackage\Microsoft.VisualStudio.Progression.Interfaces.dll
[1a64:0017][2019-09-25T22:13:39] Timestamp updated for file 'C:\Program Files (x86)\Microsoft Visual Studio\2019\BuildTools\Common7\IDE\CommonExtensions\Microsoft\Architecture Tools\GraphProviderPackage\Microsoft.VisualStudio.Progression.Interfaces.dll'.
[1a64:0017][2019-09-25T22:13:39] Queueing C:\Program Files (x86)\Microsoft Visual Studio\2019\BuildTools\Common7\IDE\CommonExtensions\Microsoft\Architecture Tools\GraphProviderPackage\Microsoft.VisualStudio.Progression.Interfaces.dll for X86 ngen
[1a64:0017][2019-09-25T22:13:39] Successfully queued file '/Contents/Common7/IDE/CommonExtensions/Microsoft/Architecture Tools/GraphProviderPackage/Microsoft.VisualStudio.Progression.Interfaces.dll' for ngen
[1a64:0017][2019-09-25T22:13:39] Processing file /Contents/Common7/IDE/CommonExtensions/Microsoft/Architecture%20Tools/Providers/ManagedProvider/Microsoft.VisualStudio.Progression.ManagedProvider.dll
[1a64:0017][2019-09-25T22:13:39] Started: Copying file /Contents/Common7/IDE/CommonExtensions/Microsoft/Architecture%20Tools/Providers/ManagedProvider/Microsoft.VisualStudio.Progression.ManagedProvider.dll to C:\Program Files (x86)\Microsoft Visual Studio\2019\BuildTools\Common7\IDE\CommonExtensions\Microsoft\Architecture Tools\Providers\ManagedProvider\Microsoft.VisualStudio.Progression.ManagedProvider.dll
[1a64:0017][2019-09-25T22:13:39] Completed: Copying file /Contents/Common7/IDE/CommonExtensions/Microsoft/Architecture%20Tools/Providers/ManagedProvider/Microsoft.VisualStudio.Progression.ManagedProvider.dll to C:\Program Files (x86)\Microsoft Visual Studio\2019\BuildTools\Common7\IDE\CommonExtensions\Microsoft\Architecture Tools\Providers\ManagedProvider\Microsoft.VisualStudio.Progression.ManagedProvider.dll
[1a64:0017][2019-09-25T22:13:39] Timestamp updated for file 'C:\Program Files (x86)\Microsoft Visual Studio\2019\BuildTools\Common7\IDE\CommonExtensions\Microsoft\Architecture Tools\Providers\ManagedProvider\Microsoft.VisualStudio.Progression.ManagedProvider.dll'.
[1a64:0017][2019-09-25T22:13:39] Queueing C:\Program Files (x86)\Microsoft Visual Studio\2019\BuildTools\Common7\IDE\CommonExtensions\Microsoft\Architecture Tools\Providers\ManagedProvider\Microsoft.VisualStudio.Progression.ManagedProvider.dll for X86 ngen
[1a64:0017][2019-09-25T22:13:39] Successfully queued file '/Contents/Common7/IDE/CommonExtensions/Microsoft/Architecture Tools/Providers/ManagedProvider/Microsoft.VisualStudio.Progression.ManagedProvider.dll' for ngen
[1a64:0017][2019-09-25T22:13:39] Processing file /Contents/Common7/IDE/CommonExtensions/Microsoft/Architecture%20Tools/Providers/Solution/Microsoft.VisualStudio.Progression.VSProvider.dll
[1a64:0017][2019-09-25T22:13:39] Started: Copying file /Contents/Common7/IDE/CommonExtensions/Microsoft/Architecture%20Tools/Providers/Solution/Microsoft.VisualStudio.Progression.VSProvider.dll to C:\Program Files (x86)\Microsoft Visual Studio\2019\BuildTools\Common7\IDE\CommonExtensions\Microsoft\Architecture Tools\Providers\Solution\Microsoft.VisualStudio.Progression.VSProvider.dll
[1a64:0017][2019-09-25T22:13:39] Completed: Copying file /Contents/Common7/IDE/CommonExtensions/Microsoft/Architecture%20Tools/Providers/Solution/Microsoft.VisualStudio.Progression.VSProvider.dll to C:\Program Files (x86)\Microsoft Visual Studio\2019\BuildTools\Common7\IDE\CommonExtensions\Microsoft\Architecture Tools\Providers\Solution\Microsoft.VisualStudio.Progression.VSProvider.dll
[1a64:0017][2019-09-25T22:13:39] Timestamp updated for file 'C:\Program Files (x86)\Microsoft Visual Studio\2019\BuildTools\Common7\IDE\CommonExtensions\Microsoft\Architecture Tools\Providers\Solution\Microsoft.VisualStudio.Progression.VSProvider.dll'.
[1a64:0017][2019-09-25T22:13:39] Queueing C:\Program Files (x86)\Microsoft Visual Studio\2019\BuildTools\Common7\IDE\CommonExtensions\Microsoft\Architecture Tools\Providers\Solution\Microsoft.VisualStudio.Progression.VSProvider.dll for X86 ngen
[1a64:0017][2019-09-25T22:13:39] Successfully queued file '/Contents/Common7/IDE/CommonExtensions/Microsoft/Architecture Tools/Providers/Solution/Microsoft.VisualStudio.Progression.VSProvider.dll' for ngen
[1a64:0017][2019-09-25T22:13:39] Processing file /Contents/Common7/IDE/PrivateAssemblies/Microsoft.VisualStudio.ArchitectureTools.PEReader.dll
[1a64:0017][2019-09-25T22:13:39] Started: Copying file /Contents/Common7/IDE/PrivateAssemblies/Microsoft.VisualStudio.ArchitectureTools.PEReader.dll to C:\Program Files (x86)\Microsoft Visual Studio\2019\BuildTools\Common7\IDE\PrivateAssemblies\Microsoft.VisualStudio.ArchitectureTools.PEReader.dll
[1a64:0017][2019-09-25T22:13:39] Completed: Copying file /Contents/Common7/IDE/PrivateAssemblies/Microsoft.VisualStudio.ArchitectureTools.PEReader.dll to C:\Program Files (x86)\Microsoft Visual Studio\2019\BuildTools\Common7\IDE\PrivateAssemblies\Microsoft.VisualStudio.ArchitectureTools.PEReader.dll
[1a64:0017][2019-09-25T22:13:39] Timestamp updated for file 'C:\Program Files (x86)\Microsoft Visual Studio\2019\BuildTools\Common7\IDE\PrivateAssemblies\Microsoft.VisualStudio.ArchitectureTools.PEReader.dll'.
[1a64:0017][2019-09-25T22:13:39] Queueing C:\Program Files (x86)\Microsoft Visual Studio\2019\BuildTools\Common7\IDE\PrivateAssemblies\Microsoft.VisualStudio.ArchitectureTools.PEReader.dll for X86 ngen
[1a64:0017][2019-09-25T22:13:39] Successfully queued file '/Contents/Common7/IDE/PrivateAssemblies/Microsoft.VisualStudio.ArchitectureTools.PEReader.dll' for ngen
[1a64:0017][2019-09-25T22:13:39] Processing file /Contents/Common7/IDE/CommonExtensions/Microsoft/Architecture%20Tools/GraphProviderPackage/extension.vsixmanifest
[1a64:0017][2019-09-25T22:13:39] Started: Copying file /Contents/Common7/IDE/CommonExtensions/Microsoft/Architecture%20Tools/GraphProviderPackage/extension.vsixmanifest to C:\Program Files (x86)\Microsoft Visual Studio\2019\BuildTools\Common7\IDE\CommonExtensions\Microsoft\Architecture Tools\GraphProviderPackage\extension.vsixmanifest
[1a64:0017][2019-09-25T22:13:39] Completed: Copying file /Contents/Common7/IDE/CommonExtensions/Microsoft/Architecture%20Tools/GraphProviderPackage/extension.vsixmanifest to C:\Program Files (x86)\Microsoft Visual Studio\2019\BuildTools\Common7\IDE\CommonExtensions\Microsoft\Architecture Tools\GraphProviderPackage\extension.vsixmanifest
[1a64:0017][2019-09-25T22:13:39] Timestamp updated for file 'C:\Program Files (x86)\Microsoft Visual Studio\2019\BuildTools\Common7\IDE\CommonExtensions\Microsoft\Architecture Tools\GraphProviderPackage\extension.vsixmanifest'.
[1a64:0017][2019-09-25T22:13:39] Processing file /Contents/Common7/IDE/CommonExtensions/Microsoft/Architecture%20Tools/Providers/ManagedProvider/extension.vsixmanifest
[1a64:0017][2019-09-25T22:13:39] Started: Copying file /Contents/Common7/IDE/CommonExtensions/Microsoft/Architecture%20Tools/Providers/ManagedProvider/extension.vsixmanifest to C:\Program Files (x86)\Microsoft Visual Studio\2019\BuildTools\Common7\IDE\CommonExtensions\Microsoft\Architecture Tools\Providers\ManagedProvider\extension.vsixmanifest
[1a64:0017][2019-09-25T22:13:39] Completed: Copying file /Contents/Common7/IDE/CommonExtensions/Microsoft/Architecture%20Tools/Providers/ManagedProvider/extension.vsixmanifest to C:\Program Files (x86)\Microsoft Visual Studio\2019\BuildTools\Common7\IDE\CommonExtensions\Microsoft\Architecture Tools\Providers\ManagedProvider\extension.vsixmanifest
[1a64:0017][2019-09-25T22:13:39] Timestamp updated for file 'C:\Program Files (x86)\Microsoft Visual Studio\2019\BuildTools\Common7\IDE\CommonExtensions\Microsoft\Architecture Tools\Providers\ManagedProvider\extension.vsixmanifest'.
[1a64:0017][2019-09-25T22:13:39] Processing file /Contents/Common7/IDE/CommonExtensions/Microsoft/Architecture%20Tools/Providers/Solution/extension.vsixmanifest
[1a64:0017][2019-09-25T22:13:39] Started: Copying file /Contents/Common7/IDE/CommonExtensions/Microsoft/Architecture%20Tools/Providers/Solution/extension.vsixmanifest to C:\Program Files (x86)\Microsoft Visual Studio\2019\BuildTools\Common7\IDE\CommonExtensions\Microsoft\Architecture Tools\Providers\Solution\extension.vsixmanifest
[1a64:0017][2019-09-25T22:13:39] Completed: Copying file /Contents/Common7/IDE/CommonExtensions/Microsoft/Architecture%20Tools/Providers/Solution/extension.vsixmanifest to C:\Program Files (x86)\Microsoft Visual Studio\2019\BuildTools\Common7\IDE\CommonExtensions\Microsoft\Architecture Tools\Providers\Solution\extension.vsixmanifest
[1a64:0017][2019-09-25T22:13:39] Timestamp updated for file 'C:\Program Files (x86)\Microsoft Visual Studio\2019\BuildTools\Common7\IDE\CommonExtensions\Microsoft\Architecture Tools\Providers\Solution\extension.vsixmanifest'.
[1a64:0017][2019-09-25T22:13:39] Package executed successfully. Return code: 0
