[1a64:0017][2019-09-25T22:13:17] Opening the package for processing
[1a64:0017][2019-09-25T22:13:17] Using package payload to get the embedded manifest
[1a64:0017][2019-09-25T22:13:17] Getting list of files within the package
[1a64:0017][2019-09-25T22:13:17] Processing file /Contents/Common7/IDE/CommonExtensions/Platform/Debugger/PerfDebuggerWebViews/css/IntelliTraceGraph.css
[1a64:0017][2019-09-25T22:13:17] Started: Copying file /Contents/Common7/IDE/CommonExtensions/Platform/Debugger/PerfDebuggerWebViews/css/IntelliTraceGraph.css to C:\Program Files (x86)\Microsoft Visual Studio\2019\BuildTools\Common7\IDE\CommonExtensions\Platform\Debugger\PerfDebuggerWebViews\css\IntelliTraceGraph.css
[1a64:0017][2019-09-25T22:13:17] Completed: Copying file /Contents/Common7/IDE/CommonExtensions/Platform/Debugger/PerfDebuggerWebViews/css/IntelliTraceGraph.css to C:\Program Files (x86)\Microsoft Visual Studio\2019\BuildTools\Common7\IDE\CommonExtensions\Platform\Debugger\PerfDebuggerWebViews\css\IntelliTraceGraph.css
[1a64:0017][2019-09-25T22:13:17] Timestamp updated for file 'C:\Program Files (x86)\Microsoft Visual Studio\2019\BuildTools\Common7\IDE\CommonExtensions\Platform\Debugger\PerfDebuggerWebViews\css\IntelliTraceGraph.css'.
[1a64:0017][2019-09-25T22:13:17] Processing file /Contents/Common7/IDE/CommonExtensions/Platform/Debugger/PerfDebuggerWebViews/icons/AllEventsIcon.svg
[1a64:0017][2019-09-25T22:13:17] Started: Copying file /Contents/Common7/IDE/CommonExtensions/Platform/Debugger/PerfDebuggerWebViews/icons/AllEventsIcon.svg to C:\Program Files (x86)\Microsoft Visual Studio\2019\BuildTools\Common7\IDE\CommonExtensions\Platform\Debugger\PerfDebuggerWebViews\icons\AllEventsIcon.svg
[1a64:0017][2019-09-25T22:13:17] Completed: Copying file /Contents/Common7/IDE/CommonExtensions/Platform/Debugger/PerfDebuggerWebViews/icons/AllEventsIcon.svg to C:\Program Files (x86)\Microsoft Visual Studio\2019\BuildTools\Common7\IDE\CommonExtensions\Platform\Debugger\PerfDebuggerWebViews\icons\AllEventsIcon.svg
[1a64:0017][2019-09-25T22:13:17] Timestamp updated for file 'C:\Program Files (x86)\Microsoft Visual Studio\2019\BuildTools\Common7\IDE\CommonExtensions\Platform\Debugger\PerfDebuggerWebViews\icons\AllEventsIcon.svg'.
[1a64:0017][2019-09-25T22:13:17] Processing file /Contents/Common7/IDE/CommonExtensions/Platform/Debugger/PerfDebuggerWebViews/icons/BreakTrackIcon.svg
[1a64:0017][2019-09-25T22:13:17] Started: Copying file /Contents/Common7/IDE/CommonExtensions/Platform/Debugger/PerfDebuggerWebViews/icons/BreakTrackIcon.svg to C:\Program Files (x86)\Microsoft Visual Studio\2019\BuildTools\Common7\IDE\CommonExtensions\Platform\Debugger\PerfDebuggerWebViews\icons\BreakTrackIcon.svg
[1a64:0017][2019-09-25T22:13:17] Completed: Copying file /Contents/Common7/IDE/CommonExtensions/Platform/Debugger/PerfDebuggerWebViews/icons/BreakTrackIcon.svg to C:\Program Files (x86)\Microsoft Visual Studio\2019\BuildTools\Common7\IDE\CommonExtensions\Platform\Debugger\PerfDebuggerWebViews\icons\BreakTrackIcon.svg
[1a64:0017][2019-09-25T22:13:17] Timestamp updated for file 'C:\Program Files (x86)\Microsoft Visual Studio\2019\BuildTools\Common7\IDE\CommonExtensions\Platform\Debugger\PerfDebuggerWebViews\icons\BreakTrackIcon.svg'.
[1a64:0017][2019-09-25T22:13:17] Processing file /Contents/Common7/IDE/CommonExtensions/Platform/Debugger/PerfDebuggerWebViews/icons/ExceptionEventIcon.svg
[1a64:0017][2019-09-25T22:13:17] Started: Copying file /Contents/Common7/IDE/CommonExtensions/Platform/Debugger/PerfDebuggerWebViews/icons/ExceptionEventIcon.svg to C:\Program Files (x86)\Microsoft Visual Studio\2019\BuildTools\Common7\IDE\CommonExtensions\Platform\Debugger\PerfDebuggerWebViews\icons\ExceptionEventIcon.svg
[1a64:0017][2019-09-25T22:13:17] Completed: Copying file /Contents/Common7/IDE/CommonExtensions/Platform/Debugger/PerfDebuggerWebViews/icons/ExceptionEventIcon.svg to C:\Program Files (x86)\Microsoft Visual Studio\2019\BuildTools\Common7\IDE\CommonExtensions\Platform\Debugger\PerfDebuggerWebViews\icons\ExceptionEventIcon.svg
[1a64:0017][2019-09-25T22:13:17] Timestamp updated for file 'C:\Program Files (x86)\Microsoft Visual Studio\2019\BuildTools\Common7\IDE\CommonExtensions\Platform\Debugger\PerfDebuggerWebViews\icons\ExceptionEventIcon.svg'.
[1a64:0017][2019-09-25T22:13:17] Processing file /Contents/Common7/IDE/CommonExtensions/Platform/Debugger/PerfDebuggerWebViews/icons/IntelliTraceTrackIcon.svg
[1a64:0017][2019-09-25T22:13:17] Started: Copying file /Contents/Common7/IDE/CommonExtensions/Platform/Debugger/PerfDebuggerWebViews/icons/IntelliTraceTrackIcon.svg to C:\Program Files (x86)\Microsoft Visual Studio\2019\BuildTools\Common7\IDE\CommonExtensions\Platform\Debugger\PerfDebuggerWebViews\icons\IntelliTraceTrackIcon.svg
[1a64:0017][2019-09-25T22:13:17] Completed: Copying file /Contents/Common7/IDE/CommonExtensions/Platform/Debugger/PerfDebuggerWebViews/icons/IntelliTraceTrackIcon.svg to C:\Program Files (x86)\Microsoft Visual Studio\2019\BuildTools\Common7\IDE\CommonExtensions\Platform\Debugger\PerfDebuggerWebViews\icons\IntelliTraceTrackIcon.svg
[1a64:0017][2019-09-25T22:13:17] Timestamp updated for file 'C:\Program Files (x86)\Microsoft Visual Studio\2019\BuildTools\Common7\IDE\CommonExtensions\Platform\Debugger\PerfDebuggerWebViews\icons\IntelliTraceTrackIcon.svg'.
[1a64:0017][2019-09-25T22:13:17] Processing file /Contents/Common7/IDE/CommonExtensions/Platform/Debugger/PerfDebuggerWebViews/icons/timeline/light/normal/TimelineMarkGray.png
[1a64:0017][2019-09-25T22:13:17] Started: Copying file /Contents/Common7/IDE/CommonExtensions/Platform/Debugger/PerfDebuggerWebViews/icons/timeline/light/normal/TimelineMarkGray.png to C:\Program Files (x86)\Microsoft Visual Studio\2019\BuildTools\Common7\IDE\CommonExtensions\Platform\Debugger\PerfDebuggerWebViews\icons\timeline\light\normal\TimelineMarkGray.png
[1a64:0017][2019-09-25T22:13:17] Completed: Copying file /Contents/Common7/IDE/CommonExtensions/Platform/Debugger/PerfDebuggerWebViews/icons/timeline/light/normal/TimelineMarkGray.png to C:\Program Files (x86)\Microsoft Visual Studio\2019\BuildTools\Common7\IDE\CommonExtensions\Platform\Debugger\PerfDebuggerWebViews\icons\timeline\light\normal\TimelineMarkGray.png
[1a64:0017][2019-09-25T22:13:17] Timestamp updated for file 'C:\Program Files (x86)\Microsoft Visual Studio\2019\BuildTools\Common7\IDE\CommonExtensions\Platform\Debugger\PerfDebuggerWebViews\icons\timeline\light\normal\TimelineMarkGray.png'.
[1a64:0017][2019-09-25T22:13:17] Processing file /Contents/Common7/IDE/CommonExtensions/Platform/Debugger/PerfDebuggerWebViews/icons/timeline/light/normal/TimelineMarkPurple.png
[1a64:0017][2019-09-25T22:13:17] Started: Copying file /Contents/Common7/IDE/CommonExtensions/Platform/Debugger/PerfDebuggerWebViews/icons/timeline/light/normal/TimelineMarkPurple.png to C:\Program Files (x86)\Microsoft Visual Studio\2019\BuildTools\Common7\IDE\CommonExtensions\Platform\Debugger\PerfDebuggerWebViews\icons\timeline\light\normal\TimelineMarkPurple.png
[1a64:0017][2019-09-25T22:13:17] Completed: Copying file /Contents/Common7/IDE/CommonExtensions/Platform/Debugger/PerfDebuggerWebViews/icons/timeline/light/normal/TimelineMarkPurple.png to C:\Program Files (x86)\Microsoft Visual Studio\2019\BuildTools\Common7\IDE\CommonExtensions\Platform\Debugger\PerfDebuggerWebViews\icons\timeline\light\normal\TimelineMarkPurple.png
[1a64:0017][2019-09-25T22:13:17] Timestamp updated for file 'C:\Program Files (x86)\Microsoft Visual Studio\2019\BuildTools\Common7\IDE\CommonExtensions\Platform\Debugger\PerfDebuggerWebViews\icons\timeline\light\normal\TimelineMarkPurple.png'.
[1a64:0017][2019-09-25T22:13:17] Processing file /Contents/Common7/IDE/CommonExtensions/Platform/Debugger/PerfDebuggerWebViews/icons/timeline/light/normal/TimelineMarkRed.png
[1a64:0017][2019-09-25T22:13:17] Started: Copying file /Contents/Common7/IDE/CommonExtensions/Platform/Debugger/PerfDebuggerWebViews/icons/timeline/light/normal/TimelineMarkRed.png to C:\Program Files (x86)\Microsoft Visual Studio\2019\BuildTools\Common7\IDE\CommonExtensions\Platform\Debugger\PerfDebuggerWebViews\icons\timeline\light\normal\TimelineMarkRed.png
[1a64:0017][2019-09-25T22:13:17] Completed: Copying file /Contents/Common7/IDE/CommonExtensions/Platform/Debugger/PerfDebuggerWebViews/icons/timeline/light/normal/TimelineMarkRed.png to C:\Program Files (x86)\Microsoft Visual Studio\2019\BuildTools\Common7\IDE\CommonExtensions\Platform\Debugger\PerfDebuggerWebViews\icons\timeline\light\normal\TimelineMarkRed.png
[1a64:0017][2019-09-25T22:13:17] Timestamp updated for file 'C:\Program Files (x86)\Microsoft Visual Studio\2019\BuildTools\Common7\IDE\CommonExtensions\Platform\Debugger\PerfDebuggerWebViews\icons\timeline\light\normal\TimelineMarkRed.png'.
[1a64:0017][2019-09-25T22:13:17] Processing file /Contents/Common7/IDE/CommonExtensions/Platform/Debugger/PerfDebuggerWebViews/icons/timeline/light/selected/TimelineMarkGray.png
[1a64:0017][2019-09-25T22:13:17] Started: Copying file /Contents/Common7/IDE/CommonExtensions/Platform/Debugger/PerfDebuggerWebViews/icons/timeline/light/selected/TimelineMarkGray.png to C:\Program Files (x86)\Microsoft Visual Studio\2019\BuildTools\Common7\IDE\CommonExtensions\Platform\Debugger\PerfDebuggerWebViews\icons\timeline\light\selected\TimelineMarkGray.png
[1a64:0017][2019-09-25T22:13:17] Completed: Copying file /Contents/Common7/IDE/CommonExtensions/Platform/Debugger/PerfDebuggerWebViews/icons/timeline/light/selected/TimelineMarkGray.png to C:\Program Files (x86)\Microsoft Visual Studio\2019\BuildTools\Common7\IDE\CommonExtensions\Platform\Debugger\PerfDebuggerWebViews\icons\timeline\light\selected\TimelineMarkGray.png
[1a64:0017][2019-09-25T22:13:17] Timestamp updated for file 'C:\Program Files (x86)\Microsoft Visual Studio\2019\BuildTools\Common7\IDE\CommonExtensions\Platform\Debugger\PerfDebuggerWebViews\icons\timeline\light\selected\TimelineMarkGray.png'.
[1a64:0017][2019-09-25T22:13:17] Processing file /Contents/Common7/IDE/CommonExtensions/Platform/Debugger/PerfDebuggerWebViews/icons/timeline/light/selected/TimelineMarkPurple.png
[1a64:0017][2019-09-25T22:13:17] Started: Copying file /Contents/Common7/IDE/CommonExtensions/Platform/Debugger/PerfDebuggerWebViews/icons/timeline/light/selected/TimelineMarkPurple.png to C:\Program Files (x86)\Microsoft Visual Studio\2019\BuildTools\Common7\IDE\CommonExtensions\Platform\Debugger\PerfDebuggerWebViews\icons\timeline\light\selected\TimelineMarkPurple.png
[1a64:0017][2019-09-25T22:13:17] Completed: Copying file /Contents/Common7/IDE/CommonExtensions/Platform/Debugger/PerfDebuggerWebViews/icons/timeline/light/selected/TimelineMarkPurple.png to C:\Program Files (x86)\Microsoft Visual Studio\2019\BuildTools\Common7\IDE\CommonExtensions\Platform\Debugger\PerfDebuggerWebViews\icons\timeline\light\selected\TimelineMarkPurple.png
[1a64:0017][2019-09-25T22:13:17] Timestamp updated for file 'C:\Program Files (x86)\Microsoft Visual Studio\2019\BuildTools\Common7\IDE\CommonExtensions\Platform\Debugger\PerfDebuggerWebViews\icons\timeline\light\selected\TimelineMarkPurple.png'.
[1a64:0017][2019-09-25T22:13:17] Processing file /Contents/Common7/IDE/CommonExtensions/Platform/Debugger/PerfDebuggerWebViews/icons/timeline/light/selected/TimelineMarkRed.png
[1a64:0017][2019-09-25T22:13:17] Started: Copying file /Contents/Common7/IDE/CommonExtensions/Platform/Debugger/PerfDebuggerWebViews/icons/timeline/light/selected/TimelineMarkRed.png to C:\Program Files (x86)\Microsoft Visual Studio\2019\BuildTools\Common7\IDE\CommonExtensions\Platform\Debugger\PerfDebuggerWebViews\icons\timeline\light\selected\TimelineMarkRed.png
[1a64:0017][2019-09-25T22:13:17] Completed: Copying file /Contents/Common7/IDE/CommonExtensions/Platform/Debugger/PerfDebuggerWebViews/icons/timeline/light/selected/TimelineMarkRed.png to C:\Program Files (x86)\Microsoft Visual Studio\2019\BuildTools\Common7\IDE\CommonExtensions\Platform\Debugger\PerfDebuggerWebViews\icons\timeline\light\selected\TimelineMarkRed.png
[1a64:0017][2019-09-25T22:13:17] Timestamp updated for file 'C:\Program Files (x86)\Microsoft Visual Studio\2019\BuildTools\Common7\IDE\CommonExtensions\Platform\Debugger\PerfDebuggerWebViews\icons\timeline\light\selected\TimelineMarkRed.png'.
[1a64:0017][2019-09-25T22:13:17] Processing file /Contents/Common7/IDE/CommonExtensions/Platform/Debugger/PerfDebuggerWebViews/PerfDebuggerSwimlane.js
[1a64:0017][2019-09-25T22:13:17] Started: Copying file /Contents/Common7/IDE/CommonExtensions/Platform/Debugger/PerfDebuggerWebViews/PerfDebuggerSwimlane.js to C:\Program Files (x86)\Microsoft Visual Studio\2019\BuildTools\Common7\IDE\CommonExtensions\Platform\Debugger\PerfDebuggerWebViews\PerfDebuggerSwimlane.js
[1a64:0017][2019-09-25T22:13:17] Completed: Copying file /Contents/Common7/IDE/CommonExtensions/Platform/Debugger/PerfDebuggerWebViews/PerfDebuggerSwimlane.js to C:\Program Files (x86)\Microsoft Visual Studio\2019\BuildTools\Common7\IDE\CommonExtensions\Platform\Debugger\PerfDebuggerWebViews\PerfDebuggerSwimlane.js
[1a64:0017][2019-09-25T22:13:17] Timestamp updated for file 'C:\Program Files (x86)\Microsoft Visual Studio\2019\BuildTools\Common7\IDE\CommonExtensions\Platform\Debugger\PerfDebuggerWebViews\PerfDebuggerSwimlane.js'.
[1a64:0017][2019-09-25T22:13:17] Processing file /Contents/Common7/IDE/CommonExtensions/Platform/Debugger/PerfDebuggerWebViews/plugin.js
[1a64:0017][2019-09-25T22:13:17] Started: Copying file /Contents/Common7/IDE/CommonExtensions/Platform/Debugger/PerfDebuggerWebViews/plugin.js to C:\Program Files (x86)\Microsoft Visual Studio\2019\BuildTools\Common7\IDE\CommonExtensions\Platform\Debugger\PerfDebuggerWebViews\plugin.js
[1a64:0017][2019-09-25T22:13:17] Completed: Copying file /Contents/Common7/IDE/CommonExtensions/Platform/Debugger/PerfDebuggerWebViews/plugin.js to C:\Program Files (x86)\Microsoft Visual Studio\2019\BuildTools\Common7\IDE\CommonExtensions\Platform\Debugger\PerfDebuggerWebViews\plugin.js
[1a64:0017][2019-09-25T22:13:17] Timestamp updated for file 'C:\Program Files (x86)\Microsoft Visual Studio\2019\BuildTools\Common7\IDE\CommonExtensions\Platform\Debugger\PerfDebuggerWebViews\plugin.js'.
[1a64:0017][2019-09-25T22:13:17] Processing file /Contents/Common7/IDE/PrivateAssemblies/Microsoft.VisualStudio.Diagnostics.HubExtensions.dll
[1a64:0017][2019-09-25T22:13:17] Started: Copying file /Contents/Common7/IDE/PrivateAssemblies/Microsoft.VisualStudio.Diagnostics.HubExtensions.dll to C:\Program Files (x86)\Microsoft Visual Studio\2019\BuildTools\Common7\IDE\PrivateAssemblies\Microsoft.VisualStudio.Diagnostics.HubExtensions.dll
[1a64:0017][2019-09-25T22:13:17] Completed: Copying file /Contents/Common7/IDE/PrivateAssemblies/Microsoft.VisualStudio.Diagnostics.HubExtensions.dll to C:\Program Files (x86)\Microsoft Visual Studio\2019\BuildTools\Common7\IDE\PrivateAssemblies\Microsoft.VisualStudio.Diagnostics.HubExtensions.dll
[1a64:0017][2019-09-25T22:13:17] Timestamp updated for file 'C:\Program Files (x86)\Microsoft Visual Studio\2019\BuildTools\Common7\IDE\PrivateAssemblies\Microsoft.VisualStudio.Diagnostics.HubExtensions.dll'.
[1a64:0017][2019-09-25T22:13:17] Queueing C:\Program Files (x86)\Microsoft Visual Studio\2019\BuildTools\Common7\IDE\PrivateAssemblies\Microsoft.VisualStudio.Diagnostics.HubExtensions.dll for X86 ngen
[1a64:0017][2019-09-25T22:13:17] Successfully queued file '/Contents/Common7/IDE/PrivateAssemblies/Microsoft.VisualStudio.Diagnostics.HubExtensions.dll' for ngen
[1a64:0017][2019-09-25T22:13:17] Package executed successfully. Return code: 0
