[1a64:0017][2019-09-25T22:13:21] Opening the package for processing
[1a64:0017][2019-09-25T22:13:21] Using package payload to get the embedded manifest
[1a64:0017][2019-09-25T22:13:21] Getting list of files within the package
[1a64:0017][2019-09-25T22:13:21] Processing file /Contents/Common7/IDE/CommonExtensions/Platform/Debugger/SHMetapdb.pkgdef
[1a64:0017][2019-09-25T22:13:21] Started: Copying file /Contents/Common7/IDE/CommonExtensions/Platform/Debugger/SHMetapdb.pkgdef to C:\Program Files (x86)\Microsoft Visual Studio\2019\BuildTools\Common7\IDE\CommonExtensions\Platform\Debugger\SHMetapdb.pkgdef
[1a64:0017][2019-09-25T22:13:21] Completed: Copying file /Contents/Common7/IDE/CommonExtensions/Platform/Debugger/SHMetapdb.pkgdef to C:\Program Files (x86)\Microsoft Visual Studio\2019\BuildTools\Common7\IDE\CommonExtensions\Platform\Debugger\SHMetapdb.pkgdef
[1a64:0017][2019-09-25T22:13:21] Timestamp updated for file 'C:\Program Files (x86)\Microsoft Visual Studio\2019\BuildTools\Common7\IDE\CommonExtensions\Platform\Debugger\SHMetapdb.pkgdef'.
[1a64:0017][2019-09-25T22:13:21] Processing file /Contents/Common7/IDE/CommonExtensions/Platform/Debugger/VCSharp_EE_Registry_Keys_23307.pkgdef
[1a64:0017][2019-09-25T22:13:21] Started: Copying file /Contents/Common7/IDE/CommonExtensions/Platform/Debugger/VCSharp_EE_Registry_Keys_23307.pkgdef to C:\Program Files (x86)\Microsoft Visual Studio\2019\BuildTools\Common7\IDE\CommonExtensions\Platform\Debugger\VCSharp_EE_Registry_Keys_23307.pkgdef
[1a64:0017][2019-09-25T22:13:21] Completed: Copying file /Contents/Common7/IDE/CommonExtensions/Platform/Debugger/VCSharp_EE_Registry_Keys_23307.pkgdef to C:\Program Files (x86)\Microsoft Visual Studio\2019\BuildTools\Common7\IDE\CommonExtensions\Platform\Debugger\VCSharp_EE_Registry_Keys_23307.pkgdef
[1a64:0017][2019-09-25T22:13:21] Timestamp updated for file 'C:\Program Files (x86)\Microsoft Visual Studio\2019\BuildTools\Common7\IDE\CommonExtensions\Platform\Debugger\VCSharp_EE_Registry_Keys_23307.pkgdef'.
[1a64:0017][2019-09-25T22:13:21] Processing file /Contents/Common7/IDE/PrivateAssemblies/Runtime/Microsoft.VisualStudio.Debugger.Runtime.dll
[1a64:0017][2019-09-25T22:13:21] Started: Copying file /Contents/Common7/IDE/PrivateAssemblies/Runtime/Microsoft.VisualStudio.Debugger.Runtime.dll to C:\Program Files (x86)\Microsoft Visual Studio\2019\BuildTools\Common7\IDE\PrivateAssemblies\Runtime\Microsoft.VisualStudio.Debugger.Runtime.dll
[1a64:0017][2019-09-25T22:13:21] Completed: Copying file /Contents/Common7/IDE/PrivateAssemblies/Runtime/Microsoft.VisualStudio.Debugger.Runtime.dll to C:\Program Files (x86)\Microsoft Visual Studio\2019\BuildTools\Common7\IDE\PrivateAssemblies\Runtime\Microsoft.VisualStudio.Debugger.Runtime.dll
[1a64:0017][2019-09-25T22:13:21] Timestamp updated for file 'C:\Program Files (x86)\Microsoft Visual Studio\2019\BuildTools\Common7\IDE\PrivateAssemblies\Runtime\Microsoft.VisualStudio.Debugger.Runtime.dll'.
[1a64:0017][2019-09-25T22:13:21] Processing file /Contents/Common7/IDE/PrivateAssemblies/Runtime/Microsoft.VisualStudio.Debugger.Runtime.Impl.dll
[1a64:0017][2019-09-25T22:13:21] Started: Copying file /Contents/Common7/IDE/PrivateAssemblies/Runtime/Microsoft.VisualStudio.Debugger.Runtime.Impl.dll to C:\Program Files (x86)\Microsoft Visual Studio\2019\BuildTools\Common7\IDE\PrivateAssemblies\Runtime\Microsoft.VisualStudio.Debugger.Runtime.Impl.dll
[1a64:0017][2019-09-25T22:13:21] Completed: Copying file /Contents/Common7/IDE/PrivateAssemblies/Runtime/Microsoft.VisualStudio.Debugger.Runtime.Impl.dll to C:\Program Files (x86)\Microsoft Visual Studio\2019\BuildTools\Common7\IDE\PrivateAssemblies\Runtime\Microsoft.VisualStudio.Debugger.Runtime.Impl.dll
[1a64:0017][2019-09-25T22:13:21] Timestamp updated for file 'C:\Program Files (x86)\Microsoft Visual Studio\2019\BuildTools\Common7\IDE\PrivateAssemblies\Runtime\Microsoft.VisualStudio.Debugger.Runtime.Impl.dll'.
[1a64:0017][2019-09-25T22:13:21] Processing file /Contents/Common7/IDE/PublicAssemblies/Microsoft.VisualStudio.DebuggerVisualizers.dll
[1a64:0017][2019-09-25T22:13:21] Started: Copying file /Contents/Common7/IDE/PublicAssemblies/Microsoft.VisualStudio.DebuggerVisualizers.dll to C:\Program Files (x86)\Microsoft Visual Studio\2019\BuildTools\Common7\IDE\PublicAssemblies\Microsoft.VisualStudio.DebuggerVisualizers.dll
[1a64:0017][2019-09-25T22:13:21] Completed: Copying file /Contents/Common7/IDE/PublicAssemblies/Microsoft.VisualStudio.DebuggerVisualizers.dll to C:\Program Files (x86)\Microsoft Visual Studio\2019\BuildTools\Common7\IDE\PublicAssemblies\Microsoft.VisualStudio.DebuggerVisualizers.dll
[1a64:0017][2019-09-25T22:13:21] Timestamp updated for file 'C:\Program Files (x86)\Microsoft Visual Studio\2019\BuildTools\Common7\IDE\PublicAssemblies\Microsoft.VisualStudio.DebuggerVisualizers.dll'.
[1a64:0017][2019-09-25T22:13:21] Processing file /Contents/Common7/IDE/ReferenceAssemblies/v2.0/Microsoft.VisualStudio.DebuggerVisualizers.dll
[1a64:0017][2019-09-25T22:13:21] Started: Copying file /Contents/Common7/IDE/ReferenceAssemblies/v2.0/Microsoft.VisualStudio.DebuggerVisualizers.dll to C:\Program Files (x86)\Microsoft Visual Studio\2019\BuildTools\Common7\IDE\ReferenceAssemblies\v2.0\Microsoft.VisualStudio.DebuggerVisualizers.dll
[1a64:0017][2019-09-25T22:13:21] Completed: Copying file /Contents/Common7/IDE/ReferenceAssemblies/v2.0/Microsoft.VisualStudio.DebuggerVisualizers.dll to C:\Program Files (x86)\Microsoft Visual Studio\2019\BuildTools\Common7\IDE\ReferenceAssemblies\v2.0\Microsoft.VisualStudio.DebuggerVisualizers.dll
[1a64:0017][2019-09-25T22:13:21] Timestamp updated for file 'C:\Program Files (x86)\Microsoft Visual Studio\2019\BuildTools\Common7\IDE\ReferenceAssemblies\v2.0\Microsoft.VisualStudio.DebuggerVisualizers.dll'.
[1a64:0017][2019-09-25T22:13:21] Processing file /Contents/Common7/Packages/Debugger/cpde.dll
[1a64:0017][2019-09-25T22:13:21] Started: Copying file /Contents/Common7/Packages/Debugger/cpde.dll to C:\Program Files (x86)\Microsoft Visual Studio\2019\BuildTools\Common7\Packages\Debugger\cpde.dll
[1a64:0017][2019-09-25T22:13:21] Completed: Copying file /Contents/Common7/Packages/Debugger/cpde.dll to C:\Program Files (x86)\Microsoft Visual Studio\2019\BuildTools\Common7\Packages\Debugger\cpde.dll
[1a64:0017][2019-09-25T22:13:21] Timestamp updated for file 'C:\Program Files (x86)\Microsoft Visual Studio\2019\BuildTools\Common7\Packages\Debugger\cpde.dll'.
[1a64:0017][2019-09-25T22:13:21] Processing file /Contents/Common7/Packages/Debugger/cscompee.dll
[1a64:0017][2019-09-25T22:13:21] Started: Copying file /Contents/Common7/Packages/Debugger/cscompee.dll to C:\Program Files (x86)\Microsoft Visual Studio\2019\BuildTools\Common7\Packages\Debugger\cscompee.dll
[1a64:0017][2019-09-25T22:13:21] Completed: Copying file /Contents/Common7/Packages/Debugger/cscompee.dll to C:\Program Files (x86)\Microsoft Visual Studio\2019\BuildTools\Common7\Packages\Debugger\cscompee.dll
[1a64:0017][2019-09-25T22:13:21] Timestamp updated for file 'C:\Program Files (x86)\Microsoft Visual Studio\2019\BuildTools\Common7\Packages\Debugger\cscompee.dll'.
[1a64:0017][2019-09-25T22:13:21] Processing file /Contents/Common7/Packages/Debugger/dbgshim.dll
[1a64:0017][2019-09-25T22:13:21] Started: Copying file /Contents/Common7/Packages/Debugger/dbgshim.dll to C:\Program Files (x86)\Microsoft Visual Studio\2019\BuildTools\Common7\Packages\Debugger\dbgshim.dll
[1a64:0017][2019-09-25T22:13:21] Completed: Copying file /Contents/Common7/Packages/Debugger/dbgshim.dll to C:\Program Files (x86)\Microsoft Visual Studio\2019\BuildTools\Common7\Packages\Debugger\dbgshim.dll
[1a64:0017][2019-09-25T22:13:21] Timestamp updated for file 'C:\Program Files (x86)\Microsoft Visual Studio\2019\BuildTools\Common7\Packages\Debugger\dbgshim.dll'.
[1a64:0017][2019-09-25T22:13:21] Processing file /Contents/Common7/Packages/Debugger/MCppEE.dll
[1a64:0017][2019-09-25T22:13:21] Started: Copying file /Contents/Common7/Packages/Debugger/MCppEE.dll to C:\Program Files (x86)\Microsoft Visual Studio\2019\BuildTools\Common7\Packages\Debugger\MCppEE.dll
[1a64:0017][2019-09-25T22:13:21] Completed: Copying file /Contents/Common7/Packages/Debugger/MCppEE.dll to C:\Program Files (x86)\Microsoft Visual Studio\2019\BuildTools\Common7\Packages\Debugger\MCppEE.dll
[1a64:0017][2019-09-25T22:13:21] Timestamp updated for file 'C:\Program Files (x86)\Microsoft Visual Studio\2019\BuildTools\Common7\Packages\Debugger\MCppEE.dll'.
[1a64:0017][2019-09-25T22:13:21] Processing file /Contents/Common7/Packages/Debugger/MCppEE.vsdconfig
[1a64:0017][2019-09-25T22:13:21] Started: Copying file /Contents/Common7/Packages/Debugger/MCppEE.vsdconfig to C:\Program Files (x86)\Microsoft Visual Studio\2019\BuildTools\Common7\Packages\Debugger\MCppEE.vsdconfig
[1a64:0017][2019-09-25T22:13:21] Completed: Copying file /Contents/Common7/Packages/Debugger/MCppEE.vsdconfig to C:\Program Files (x86)\Microsoft Visual Studio\2019\BuildTools\Common7\Packages\Debugger\MCppEE.vsdconfig
[1a64:0017][2019-09-25T22:13:21] Timestamp updated for file 'C:\Program Files (x86)\Microsoft Visual Studio\2019\BuildTools\Common7\Packages\Debugger\MCppEE.vsdconfig'.
[1a64:0017][2019-09-25T22:13:21] Processing file /Contents/Common7/Packages/Debugger/shmetapdb.dll
[1a64:0017][2019-09-25T22:13:21] Started: Copying file /Contents/Common7/Packages/Debugger/shmetapdb.dll to C:\Program Files (x86)\Microsoft Visual Studio\2019\BuildTools\Common7\Packages\Debugger\shmetapdb.dll
[1a64:0017][2019-09-25T22:13:21] Completed: Copying file /Contents/Common7/Packages/Debugger/shmetapdb.dll to C:\Program Files (x86)\Microsoft Visual Studio\2019\BuildTools\Common7\Packages\Debugger\shmetapdb.dll
[1a64:0017][2019-09-25T22:13:21] Timestamp updated for file 'C:\Program Files (x86)\Microsoft Visual Studio\2019\BuildTools\Common7\Packages\Debugger\shmetapdb.dll'.
[1a64:0017][2019-09-25T22:13:21] Processing file /Contents/Common7/Packages/Debugger/Visualizers/DataSetVisualizer.UI.dll
[1a64:0017][2019-09-25T22:13:21] Started: Copying file /Contents/Common7/Packages/Debugger/Visualizers/DataSetVisualizer.UI.dll to C:\Program Files (x86)\Microsoft Visual Studio\2019\BuildTools\Common7\Packages\Debugger\Visualizers\DataSetVisualizer.UI.dll
[1a64:0017][2019-09-25T22:13:21] Completed: Copying file /Contents/Common7/Packages/Debugger/Visualizers/DataSetVisualizer.UI.dll to C:\Program Files (x86)\Microsoft Visual Studio\2019\BuildTools\Common7\Packages\Debugger\Visualizers\DataSetVisualizer.UI.dll
[1a64:0017][2019-09-25T22:13:21] Timestamp updated for file 'C:\Program Files (x86)\Microsoft Visual Studio\2019\BuildTools\Common7\Packages\Debugger\Visualizers\DataSetVisualizer.UI.dll'.
[1a64:0017][2019-09-25T22:13:21] Processing file /Contents/Common7/Packages/Debugger/Visualizers/Microsoft.VisualStudio.Debugger.WpfTreeVisualizer.dll
[1a64:0017][2019-09-25T22:13:21] Started: Copying file /Contents/Common7/Packages/Debugger/Visualizers/Microsoft.VisualStudio.Debugger.WpfTreeVisualizer.dll to C:\Program Files (x86)\Microsoft Visual Studio\2019\BuildTools\Common7\Packages\Debugger\Visualizers\Microsoft.VisualStudio.Debugger.WpfTreeVisualizer.dll
[1a64:0017][2019-09-25T22:13:21] Completed: Copying file /Contents/Common7/Packages/Debugger/Visualizers/Microsoft.VisualStudio.Debugger.WpfTreeVisualizer.dll to C:\Program Files (x86)\Microsoft Visual Studio\2019\BuildTools\Common7\Packages\Debugger\Visualizers\Microsoft.VisualStudio.Debugger.WpfTreeVisualizer.dll
[1a64:0017][2019-09-25T22:13:21] Timestamp updated for file 'C:\Program Files (x86)\Microsoft Visual Studio\2019\BuildTools\Common7\Packages\Debugger\Visualizers\Microsoft.VisualStudio.Debugger.WpfTreeVisualizer.dll'.
[1a64:0017][2019-09-25T22:13:21] Processing file /Contents/Common7/Packages/Debugger/Visualizers/Microsoft.VisualStudio.Diagnostics.Common.dll
[1a64:0017][2019-09-25T22:13:21] Started: Copying file /Contents/Common7/Packages/Debugger/Visualizers/Microsoft.VisualStudio.Diagnostics.Common.dll to C:\Program Files (x86)\Microsoft Visual Studio\2019\BuildTools\Common7\Packages\Debugger\Visualizers\Microsoft.VisualStudio.Diagnostics.Common.dll
[1a64:0017][2019-09-25T22:13:21] Completed: Copying file /Contents/Common7/Packages/Debugger/Visualizers/Microsoft.VisualStudio.Diagnostics.Common.dll to C:\Program Files (x86)\Microsoft Visual Studio\2019\BuildTools\Common7\Packages\Debugger\Visualizers\Microsoft.VisualStudio.Diagnostics.Common.dll
[1a64:0017][2019-09-25T22:13:21] Timestamp updated for file 'C:\Program Files (x86)\Microsoft Visual Studio\2019\BuildTools\Common7\Packages\Debugger\Visualizers\Microsoft.VisualStudio.Diagnostics.Common.dll'.
[1a64:0017][2019-09-25T22:13:21] Processing file /Contents/Common7/Packages/Debugger/Visualizers/net2.0/DataSetVisualizer.DebuggeeSide.dll
[1a64:0017][2019-09-25T22:13:21] Started: Copying file /Contents/Common7/Packages/Debugger/Visualizers/net2.0/DataSetVisualizer.DebuggeeSide.dll to C:\Program Files (x86)\Microsoft Visual Studio\2019\BuildTools\Common7\Packages\Debugger\Visualizers\net2.0\DataSetVisualizer.DebuggeeSide.dll
[1a64:0017][2019-09-25T22:13:21] Completed: Copying file /Contents/Common7/Packages/Debugger/Visualizers/net2.0/DataSetVisualizer.DebuggeeSide.dll to C:\Program Files (x86)\Microsoft Visual Studio\2019\BuildTools\Common7\Packages\Debugger\Visualizers\net2.0\DataSetVisualizer.DebuggeeSide.dll
[1a64:0017][2019-09-25T22:13:21] Timestamp updated for file 'C:\Program Files (x86)\Microsoft Visual Studio\2019\BuildTools\Common7\Packages\Debugger\Visualizers\net2.0\DataSetVisualizer.DebuggeeSide.dll'.
[1a64:0017][2019-09-25T22:13:21] Processing file /Contents/Common7/Packages/Debugger/Visualizers/net2.0/Microsoft.VisualStudio.DebuggerVisualizers.dll
[1a64:0017][2019-09-25T22:13:21] Started: Copying file /Contents/Common7/Packages/Debugger/Visualizers/net2.0/Microsoft.VisualStudio.DebuggerVisualizers.dll to C:\Program Files (x86)\Microsoft Visual Studio\2019\BuildTools\Common7\Packages\Debugger\Visualizers\net2.0\Microsoft.VisualStudio.DebuggerVisualizers.dll
[1a64:0017][2019-09-25T22:13:21] Completed: Copying file /Contents/Common7/Packages/Debugger/Visualizers/net2.0/Microsoft.VisualStudio.DebuggerVisualizers.dll to C:\Program Files (x86)\Microsoft Visual Studio\2019\BuildTools\Common7\Packages\Debugger\Visualizers\net2.0\Microsoft.VisualStudio.DebuggerVisualizers.dll
[1a64:0017][2019-09-25T22:13:21] Timestamp updated for file 'C:\Program Files (x86)\Microsoft Visual Studio\2019\BuildTools\Common7\Packages\Debugger\Visualizers\net2.0\Microsoft.VisualStudio.DebuggerVisualizers.dll'.
[1a64:0017][2019-09-25T22:13:21] Processing file /Contents/Common7/Packages/Debugger/Visualizers/netstandard2.0/DataSetVisualizer.DebuggeeSide.dll
[1a64:0017][2019-09-25T22:13:21] Started: Copying file /Contents/Common7/Packages/Debugger/Visualizers/netstandard2.0/DataSetVisualizer.DebuggeeSide.dll to C:\Program Files (x86)\Microsoft Visual Studio\2019\BuildTools\Common7\Packages\Debugger\Visualizers\netstandard2.0\DataSetVisualizer.DebuggeeSide.dll
[1a64:0017][2019-09-25T22:13:21] Completed: Copying file /Contents/Common7/Packages/Debugger/Visualizers/netstandard2.0/DataSetVisualizer.DebuggeeSide.dll to C:\Program Files (x86)\Microsoft Visual Studio\2019\BuildTools\Common7\Packages\Debugger\Visualizers\netstandard2.0\DataSetVisualizer.DebuggeeSide.dll
[1a64:0017][2019-09-25T22:13:21] Timestamp updated for file 'C:\Program Files (x86)\Microsoft Visual Studio\2019\BuildTools\Common7\Packages\Debugger\Visualizers\netstandard2.0\DataSetVisualizer.DebuggeeSide.dll'.
[1a64:0017][2019-09-25T22:13:21] Processing file /Contents/Common7/Packages/Debugger/Visualizers/netstandard2.0/Microsoft.VisualStudio.DebuggerVisualizers.dll
[1a64:0017][2019-09-25T22:13:21] Started: Copying file /Contents/Common7/Packages/Debugger/Visualizers/netstandard2.0/Microsoft.VisualStudio.DebuggerVisualizers.dll to C:\Program Files (x86)\Microsoft Visual Studio\2019\BuildTools\Common7\Packages\Debugger\Visualizers\netstandard2.0\Microsoft.VisualStudio.DebuggerVisualizers.dll
[1a64:0017][2019-09-25T22:13:21] Completed: Copying file /Contents/Common7/Packages/Debugger/Visualizers/netstandard2.0/Microsoft.VisualStudio.DebuggerVisualizers.dll to C:\Program Files (x86)\Microsoft Visual Studio\2019\BuildTools\Common7\Packages\Debugger\Visualizers\netstandard2.0\Microsoft.VisualStudio.DebuggerVisualizers.dll
[1a64:0017][2019-09-25T22:13:21] Timestamp updated for file 'C:\Program Files (x86)\Microsoft Visual Studio\2019\BuildTools\Common7\Packages\Debugger\Visualizers\netstandard2.0\Microsoft.VisualStudio.DebuggerVisualizers.dll'.
[1a64:0017][2019-09-25T22:13:21] Processing file /Contents/Common7/Packages/Debugger/Visualizers/Original/autoexp.cs
[1a64:0017][2019-09-25T22:13:21] Started: Copying file /Contents/Common7/Packages/Debugger/Visualizers/Original/autoexp.cs to C:\Program Files (x86)\Microsoft Visual Studio\2019\BuildTools\Common7\Packages\Debugger\Visualizers\Original\autoexp.cs
[1a64:0017][2019-09-25T22:13:21] Completed: Copying file /Contents/Common7/Packages/Debugger/Visualizers/Original/autoexp.cs to C:\Program Files (x86)\Microsoft Visual Studio\2019\BuildTools\Common7\Packages\Debugger\Visualizers\Original\autoexp.cs
[1a64:0017][2019-09-25T22:13:21] Timestamp updated for file 'C:\Program Files (x86)\Microsoft Visual Studio\2019\BuildTools\Common7\Packages\Debugger\Visualizers\Original\autoexp.cs'.
[1a64:0017][2019-09-25T22:13:21] Processing file /Contents/Common7/Packages/Debugger/Visualizers/Original/autoexp.dll
[1a64:0017][2019-09-25T22:13:21] Started: Copying file /Contents/Common7/Packages/Debugger/Visualizers/Original/autoexp.dll to C:\Program Files (x86)\Microsoft Visual Studio\2019\BuildTools\Common7\Packages\Debugger\Visualizers\Original\autoexp.dll
[1a64:0017][2019-09-25T22:13:21] Completed: Copying file /Contents/Common7/Packages/Debugger/Visualizers/Original/autoexp.dll to C:\Program Files (x86)\Microsoft Visual Studio\2019\BuildTools\Common7\Packages\Debugger\Visualizers\Original\autoexp.dll
[1a64:0017][2019-09-25T22:13:21] Timestamp updated for file 'C:\Program Files (x86)\Microsoft Visual Studio\2019\BuildTools\Common7\Packages\Debugger\Visualizers\Original\autoexp.dll'.
[1a64:0017][2019-09-25T22:13:21] Package executed successfully. Return code: 0
