[1a64:0017][2019-09-25T22:13:21] Opening the package for processing
[1a64:0017][2019-09-25T22:13:21] Using package payload to get the embedded manifest
[1a64:0017][2019-09-25T22:13:21] Getting list of files within the package
[1a64:0017][2019-09-25T22:13:21] Processing file /Contents/Common7/IDE/CommonExtensions/Platform/Debugger/CoreCLRDebugEngine.pkgdef
[1a64:0017][2019-09-25T22:13:21] Started: Copying file /Contents/Common7/IDE/CommonExtensions/Platform/Debugger/CoreCLRDebugEngine.pkgdef to C:\Program Files (x86)\Microsoft Visual Studio\2019\BuildTools\Common7\IDE\CommonExtensions\Platform\Debugger\CoreCLRDebugEngine.pkgdef
[1a64:0017][2019-09-25T22:13:21] Completed: Copying file /Contents/Common7/IDE/CommonExtensions/Platform/Debugger/CoreCLRDebugEngine.pkgdef to C:\Program Files (x86)\Microsoft Visual Studio\2019\BuildTools\Common7\IDE\CommonExtensions\Platform\Debugger\CoreCLRDebugEngine.pkgdef
[1a64:0017][2019-09-25T22:13:21] Timestamp updated for file 'C:\Program Files (x86)\Microsoft Visual Studio\2019\BuildTools\Common7\IDE\CommonExtensions\Platform\Debugger\CoreCLRDebugEngine.pkgdef'.
[1a64:0017][2019-09-25T22:13:21] Processing file /Contents/Common7/IDE/CommonExtensions/Platform/Debugger/DotNetDebugger.pkgdef
[1a64:0017][2019-09-25T22:13:21] Started: Copying file /Contents/Common7/IDE/CommonExtensions/Platform/Debugger/DotNetDebugger.pkgdef to C:\Program Files (x86)\Microsoft Visual Studio\2019\BuildTools\Common7\IDE\CommonExtensions\Platform\Debugger\DotNetDebugger.pkgdef
[1a64:0017][2019-09-25T22:13:21] Completed: Copying file /Contents/Common7/IDE/CommonExtensions/Platform/Debugger/DotNetDebugger.pkgdef to C:\Program Files (x86)\Microsoft Visual Studio\2019\BuildTools\Common7\IDE\CommonExtensions\Platform\Debugger\DotNetDebugger.pkgdef
[1a64:0017][2019-09-25T22:13:21] Timestamp updated for file 'C:\Program Files (x86)\Microsoft Visual Studio\2019\BuildTools\Common7\IDE\CommonExtensions\Platform\Debugger\DotNetDebugger.pkgdef'.
[1a64:0017][2019-09-25T22:13:21] Processing file /Contents/Common7/IDE/PrivateAssemblies/Microsoft.VisualStudio.Debugger.Metadata.dll
[1a64:0017][2019-09-25T22:13:21] Started: Copying file /Contents/Common7/IDE/PrivateAssemblies/Microsoft.VisualStudio.Debugger.Metadata.dll to C:\Program Files (x86)\Microsoft Visual Studio\2019\BuildTools\Common7\IDE\PrivateAssemblies\Microsoft.VisualStudio.Debugger.Metadata.dll
[1a64:0017][2019-09-25T22:13:21] Completed: Copying file /Contents/Common7/IDE/PrivateAssemblies/Microsoft.VisualStudio.Debugger.Metadata.dll to C:\Program Files (x86)\Microsoft Visual Studio\2019\BuildTools\Common7\IDE\PrivateAssemblies\Microsoft.VisualStudio.Debugger.Metadata.dll
[1a64:0017][2019-09-25T22:13:21] Timestamp updated for file 'C:\Program Files (x86)\Microsoft Visual Studio\2019\BuildTools\Common7\IDE\PrivateAssemblies\Microsoft.VisualStudio.Debugger.Metadata.dll'.
[1a64:0017][2019-09-25T22:13:21] Queueing C:\Program Files (x86)\Microsoft Visual Studio\2019\BuildTools\Common7\IDE\PrivateAssemblies\Microsoft.VisualStudio.Debugger.Metadata.dll for X86 ngen
[1a64:0017][2019-09-25T22:13:21] Successfully queued file '/Contents/Common7/IDE/PrivateAssemblies/Microsoft.VisualStudio.Debugger.Metadata.dll' for ngen
[1a64:0017][2019-09-25T22:13:21] Processing file /Contents/Common7/IDE/PrivateAssemblies/Microsoft.VisualStudio.vil.dll
[1a64:0017][2019-09-25T22:13:21] Started: Copying file /Contents/Common7/IDE/PrivateAssemblies/Microsoft.VisualStudio.vil.dll to C:\Program Files (x86)\Microsoft Visual Studio\2019\BuildTools\Common7\IDE\PrivateAssemblies\Microsoft.VisualStudio.vil.dll
[1a64:0017][2019-09-25T22:13:21] Completed: Copying file /Contents/Common7/IDE/PrivateAssemblies/Microsoft.VisualStudio.vil.dll to C:\Program Files (x86)\Microsoft Visual Studio\2019\BuildTools\Common7\IDE\PrivateAssemblies\Microsoft.VisualStudio.vil.dll
[1a64:0017][2019-09-25T22:13:21] Timestamp updated for file 'C:\Program Files (x86)\Microsoft Visual Studio\2019\BuildTools\Common7\IDE\PrivateAssemblies\Microsoft.VisualStudio.vil.dll'.
[1a64:0017][2019-09-25T22:13:21] Queueing C:\Program Files (x86)\Microsoft Visual Studio\2019\BuildTools\Common7\IDE\PrivateAssemblies\Microsoft.VisualStudio.vil.dll for X86 ngen
[1a64:0017][2019-09-25T22:13:21] Successfully queued file '/Contents/Common7/IDE/PrivateAssemblies/Microsoft.VisualStudio.vil.dll' for ngen
[1a64:0017][2019-09-25T22:13:21] Processing file /Contents/Common7/IDE/PrivateAssemblies/Microsoft.VisualStudio.vil.host.dll
[1a64:0017][2019-09-25T22:13:21] Started: Copying file /Contents/Common7/IDE/PrivateAssemblies/Microsoft.VisualStudio.vil.host.dll to C:\Program Files (x86)\Microsoft Visual Studio\2019\BuildTools\Common7\IDE\PrivateAssemblies\Microsoft.VisualStudio.vil.host.dll
[1a64:0017][2019-09-25T22:13:21] Completed: Copying file /Contents/Common7/IDE/PrivateAssemblies/Microsoft.VisualStudio.vil.host.dll to C:\Program Files (x86)\Microsoft Visual Studio\2019\BuildTools\Common7\IDE\PrivateAssemblies\Microsoft.VisualStudio.vil.host.dll
[1a64:0017][2019-09-25T22:13:21] Timestamp updated for file 'C:\Program Files (x86)\Microsoft Visual Studio\2019\BuildTools\Common7\IDE\PrivateAssemblies\Microsoft.VisualStudio.vil.host.dll'.
[1a64:0017][2019-09-25T22:13:21] Queueing C:\Program Files (x86)\Microsoft Visual Studio\2019\BuildTools\Common7\IDE\PrivateAssemblies\Microsoft.VisualStudio.vil.host.dll for X86 ngen
[1a64:0017][2019-09-25T22:13:21] Successfully queued file '/Contents/Common7/IDE/PrivateAssemblies/Microsoft.VisualStudio.vil.host.dll' for ngen
[1a64:0017][2019-09-25T22:13:21] Package executed successfully. Return code: 0
