[1a64:0017][2019-09-25T22:13:20] Opening the package for processing
[1a64:0017][2019-09-25T22:13:20] Using package payload to get the embedded manifest
[1a64:0017][2019-09-25T22:13:20] Getting list of files within the package
[1a64:0017][2019-09-25T22:13:20] Processing file /Contents/Common7/IDE/Remote%20Debugger/x64/Microsoft.VisualStudio.Debugger.Engine.dll
[1a64:0017][2019-09-25T22:13:20] Started: Copying file /Contents/Common7/IDE/Remote%20Debugger/x64/Microsoft.VisualStudio.Debugger.Engine.dll to C:\Program Files (x86)\Microsoft Visual Studio\2019\BuildTools\Common7\IDE\Remote Debugger\x64\Microsoft.VisualStudio.Debugger.Engine.dll
[1a64:0017][2019-09-25T22:13:20] Completed: Copying file /Contents/Common7/IDE/Remote%20Debugger/x64/Microsoft.VisualStudio.Debugger.Engine.dll to C:\Program Files (x86)\Microsoft Visual Studio\2019\BuildTools\Common7\IDE\Remote Debugger\x64\Microsoft.VisualStudio.Debugger.Engine.dll
[1a64:0017][2019-09-25T22:13:20] Timestamp updated for file 'C:\Program Files (x86)\Microsoft Visual Studio\2019\BuildTools\Common7\IDE\Remote Debugger\x64\Microsoft.VisualStudio.Debugger.Engine.dll'.
[1a64:0017][2019-09-25T22:13:20] Queueing C:\Program Files (x86)\Microsoft Visual Studio\2019\BuildTools\Common7\IDE\Remote Debugger\x64\Microsoft.VisualStudio.Debugger.Engine.dll for X64 ngen
[1a64:0017][2019-09-25T22:13:20] Successfully queued file '/Contents/Common7/IDE/Remote Debugger/x64/Microsoft.VisualStudio.Debugger.Engine.dll' for ngen
[1a64:0017][2019-09-25T22:13:20] Processing file /Contents/Common7/IDE/Remote%20Debugger/x64/Microsoft.VisualStudio.Debugger.Metadata.dll
[1a64:0017][2019-09-25T22:13:20] Started: Copying file /Contents/Common7/IDE/Remote%20Debugger/x64/Microsoft.VisualStudio.Debugger.Metadata.dll to C:\Program Files (x86)\Microsoft Visual Studio\2019\BuildTools\Common7\IDE\Remote Debugger\x64\Microsoft.VisualStudio.Debugger.Metadata.dll
[1a64:0017][2019-09-25T22:13:20] Completed: Copying file /Contents/Common7/IDE/Remote%20Debugger/x64/Microsoft.VisualStudio.Debugger.Metadata.dll to C:\Program Files (x86)\Microsoft Visual Studio\2019\BuildTools\Common7\IDE\Remote Debugger\x64\Microsoft.VisualStudio.Debugger.Metadata.dll
[1a64:0017][2019-09-25T22:13:20] Timestamp updated for file 'C:\Program Files (x86)\Microsoft Visual Studio\2019\BuildTools\Common7\IDE\Remote Debugger\x64\Microsoft.VisualStudio.Debugger.Metadata.dll'.
[1a64:0017][2019-09-25T22:13:20] Queueing C:\Program Files (x86)\Microsoft Visual Studio\2019\BuildTools\Common7\IDE\Remote Debugger\x64\Microsoft.VisualStudio.Debugger.Metadata.dll for X64 ngen
[1a64:0017][2019-09-25T22:13:20] Successfully queued file '/Contents/Common7/IDE/Remote Debugger/x64/Microsoft.VisualStudio.Debugger.Metadata.dll' for ngen
[1a64:0017][2019-09-25T22:13:20] Processing file /Contents/Common7/IDE/Remote%20Debugger/x64/Microsoft.VisualStudio.vil.dll
[1a64:0017][2019-09-25T22:13:20] Started: Copying file /Contents/Common7/IDE/Remote%20Debugger/x64/Microsoft.VisualStudio.vil.dll to C:\Program Files (x86)\Microsoft Visual Studio\2019\BuildTools\Common7\IDE\Remote Debugger\x64\Microsoft.VisualStudio.vil.dll
[1a64:0017][2019-09-25T22:13:20] Completed: Copying file /Contents/Common7/IDE/Remote%20Debugger/x64/Microsoft.VisualStudio.vil.dll to C:\Program Files (x86)\Microsoft Visual Studio\2019\BuildTools\Common7\IDE\Remote Debugger\x64\Microsoft.VisualStudio.vil.dll
[1a64:0017][2019-09-25T22:13:20] Timestamp updated for file 'C:\Program Files (x86)\Microsoft Visual Studio\2019\BuildTools\Common7\IDE\Remote Debugger\x64\Microsoft.VisualStudio.vil.dll'.
[1a64:0017][2019-09-25T22:13:20] Queueing C:\Program Files (x86)\Microsoft Visual Studio\2019\BuildTools\Common7\IDE\Remote Debugger\x64\Microsoft.VisualStudio.vil.dll for X64 ngen
[1a64:0017][2019-09-25T22:13:20] Successfully queued file '/Contents/Common7/IDE/Remote Debugger/x64/Microsoft.VisualStudio.vil.dll' for ngen
[1a64:0017][2019-09-25T22:13:20] Processing file /Contents/Common7/IDE/Remote%20Debugger/x64/Microsoft.VisualStudio.vil.host.dll
[1a64:0017][2019-09-25T22:13:20] Started: Copying file /Contents/Common7/IDE/Remote%20Debugger/x64/Microsoft.VisualStudio.vil.host.dll to C:\Program Files (x86)\Microsoft Visual Studio\2019\BuildTools\Common7\IDE\Remote Debugger\x64\Microsoft.VisualStudio.vil.host.dll
[1a64:0017][2019-09-25T22:13:20] Completed: Copying file /Contents/Common7/IDE/Remote%20Debugger/x64/Microsoft.VisualStudio.vil.host.dll to C:\Program Files (x86)\Microsoft Visual Studio\2019\BuildTools\Common7\IDE\Remote Debugger\x64\Microsoft.VisualStudio.vil.host.dll
[1a64:0017][2019-09-25T22:13:20] Timestamp updated for file 'C:\Program Files (x86)\Microsoft Visual Studio\2019\BuildTools\Common7\IDE\Remote Debugger\x64\Microsoft.VisualStudio.vil.host.dll'.
[1a64:0017][2019-09-25T22:13:20] Queueing C:\Program Files (x86)\Microsoft Visual Studio\2019\BuildTools\Common7\IDE\Remote Debugger\x64\Microsoft.VisualStudio.vil.host.dll for X64 ngen
[1a64:0017][2019-09-25T22:13:20] Successfully queued file '/Contents/Common7/IDE/Remote Debugger/x64/Microsoft.VisualStudio.vil.host.dll' for ngen
[1a64:0017][2019-09-25T22:13:20] Processing file /Contents/Common7/IDE/Remote%20Debugger/x64/vsdebugeng.dll
[1a64:0017][2019-09-25T22:13:20] Started: Copying file /Contents/Common7/IDE/Remote%20Debugger/x64/vsdebugeng.dll to C:\Program Files (x86)\Microsoft Visual Studio\2019\BuildTools\Common7\IDE\Remote Debugger\x64\vsdebugeng.dll
[1a64:0017][2019-09-25T22:13:20] Completed: Copying file /Contents/Common7/IDE/Remote%20Debugger/x64/vsdebugeng.dll to C:\Program Files (x86)\Microsoft Visual Studio\2019\BuildTools\Common7\IDE\Remote Debugger\x64\vsdebugeng.dll
[1a64:0017][2019-09-25T22:13:20] Timestamp updated for file 'C:\Program Files (x86)\Microsoft Visual Studio\2019\BuildTools\Common7\IDE\Remote Debugger\x64\vsdebugeng.dll'.
[1a64:0017][2019-09-25T22:13:20] Processing file /Contents/Common7/IDE/Remote%20Debugger/x64/vsdebugeng.impl.dll
[1a64:0017][2019-09-25T22:13:20] Started: Copying file /Contents/Common7/IDE/Remote%20Debugger/x64/vsdebugeng.impl.dll to C:\Program Files (x86)\Microsoft Visual Studio\2019\BuildTools\Common7\IDE\Remote Debugger\x64\vsdebugeng.impl.dll
[1a64:0017][2019-09-25T22:13:20] Completed: Copying file /Contents/Common7/IDE/Remote%20Debugger/x64/vsdebugeng.impl.dll to C:\Program Files (x86)\Microsoft Visual Studio\2019\BuildTools\Common7\IDE\Remote Debugger\x64\vsdebugeng.impl.dll
[1a64:0017][2019-09-25T22:13:20] Timestamp updated for file 'C:\Program Files (x86)\Microsoft Visual Studio\2019\BuildTools\Common7\IDE\Remote Debugger\x64\vsdebugeng.impl.dll'.
[1a64:0017][2019-09-25T22:13:20] Processing file /Contents/Common7/IDE/Remote%20Debugger/x64/vsdebugeng.manimpl.45.dll
[1a64:0017][2019-09-25T22:13:20] Started: Copying file /Contents/Common7/IDE/Remote%20Debugger/x64/vsdebugeng.manimpl.45.dll to C:\Program Files (x86)\Microsoft Visual Studio\2019\BuildTools\Common7\IDE\Remote Debugger\x64\vsdebugeng.manimpl.45.dll
[1a64:0017][2019-09-25T22:13:20] Completed: Copying file /Contents/Common7/IDE/Remote%20Debugger/x64/vsdebugeng.manimpl.45.dll to C:\Program Files (x86)\Microsoft Visual Studio\2019\BuildTools\Common7\IDE\Remote Debugger\x64\vsdebugeng.manimpl.45.dll
[1a64:0017][2019-09-25T22:13:20] Timestamp updated for file 'C:\Program Files (x86)\Microsoft Visual Studio\2019\BuildTools\Common7\IDE\Remote Debugger\x64\vsdebugeng.manimpl.45.dll'.
[1a64:0017][2019-09-25T22:13:20] Processing file /Contents/Common7/IDE/Remote%20Debugger/x64/vsdebugeng.manimpl.dll
[1a64:0017][2019-09-25T22:13:20] Started: Copying file /Contents/Common7/IDE/Remote%20Debugger/x64/vsdebugeng.manimpl.dll to C:\Program Files (x86)\Microsoft Visual Studio\2019\BuildTools\Common7\IDE\Remote Debugger\x64\vsdebugeng.manimpl.dll
[1a64:0017][2019-09-25T22:13:20] Completed: Copying file /Contents/Common7/IDE/Remote%20Debugger/x64/vsdebugeng.manimpl.dll to C:\Program Files (x86)\Microsoft Visual Studio\2019\BuildTools\Common7\IDE\Remote Debugger\x64\vsdebugeng.manimpl.dll
[1a64:0017][2019-09-25T22:13:20] Timestamp updated for file 'C:\Program Files (x86)\Microsoft Visual Studio\2019\BuildTools\Common7\IDE\Remote Debugger\x64\vsdebugeng.manimpl.dll'.
[1a64:0017][2019-09-25T22:13:20] Queueing C:\Program Files (x86)\Microsoft Visual Studio\2019\BuildTools\Common7\IDE\Remote Debugger\x64\vsdebugeng.manimpl.dll for X64 ngen
[1a64:0017][2019-09-25T22:13:20] Successfully queued file '/Contents/Common7/IDE/Remote Debugger/x64/vsdebugeng.manimpl.dll' for ngen
[1a64:0017][2019-09-25T22:13:20] Processing file /Contents/Common7/IDE/Remote%20Debugger/x64/VsDebugLaunchNotify.exe
[1a64:0017][2019-09-25T22:13:20] Started: Copying file /Contents/Common7/IDE/Remote%20Debugger/x64/VsDebugLaunchNotify.exe to C:\Program Files (x86)\Microsoft Visual Studio\2019\BuildTools\Common7\IDE\Remote Debugger\x64\VsDebugLaunchNotify.exe
[1a64:0017][2019-09-25T22:13:20] Completed: Copying file /Contents/Common7/IDE/Remote%20Debugger/x64/VsDebugLaunchNotify.exe to C:\Program Files (x86)\Microsoft Visual Studio\2019\BuildTools\Common7\IDE\Remote Debugger\x64\VsDebugLaunchNotify.exe
[1a64:0017][2019-09-25T22:13:20] Timestamp updated for file 'C:\Program Files (x86)\Microsoft Visual Studio\2019\BuildTools\Common7\IDE\Remote Debugger\x64\VsDebugLaunchNotify.exe'.
[1a64:0017][2019-09-25T22:13:20] Processing file /Contents/Common7/IDE/Remote%20Debugger/x64/VsDebugWERHelper.exe
[1a64:0017][2019-09-25T22:13:20] Started: Copying file /Contents/Common7/IDE/Remote%20Debugger/x64/VsDebugWERHelper.exe to C:\Program Files (x86)\Microsoft Visual Studio\2019\BuildTools\Common7\IDE\Remote Debugger\x64\VsDebugWERHelper.exe
[1a64:0017][2019-09-25T22:13:20] Completed: Copying file /Contents/Common7/IDE/Remote%20Debugger/x64/VsDebugWERHelper.exe to C:\Program Files (x86)\Microsoft Visual Studio\2019\BuildTools\Common7\IDE\Remote Debugger\x64\VsDebugWERHelper.exe
[1a64:0017][2019-09-25T22:13:20] Timestamp updated for file 'C:\Program Files (x86)\Microsoft Visual Studio\2019\BuildTools\Common7\IDE\Remote Debugger\x64\VsDebugWERHelper.exe'.
[1a64:0017][2019-09-25T22:13:20] Package executed successfully. Return code: 0
