[1a64:0017][2019-09-25T22:13:26] Opening the package for processing
[1a64:0017][2019-09-25T22:13:26] Using package payload to get the embedded manifest
[1a64:0017][2019-09-25T22:13:26] Getting list of files within the package
[1a64:0017][2019-09-25T22:13:26] Processing file /Contents/Common7/IDE/CommonExtensions/Microsoft/Connected/Microsoft.VisualStudio.Shell.Connected.pkgdef
[1a64:0017][2019-09-25T22:13:26] Started: Copying file /Contents/Common7/IDE/CommonExtensions/Microsoft/Connected/Microsoft.VisualStudio.Shell.Connected.pkgdef to C:\Program Files (x86)\Microsoft Visual Studio\2019\BuildTools\Common7\IDE\CommonExtensions\Microsoft\Connected\Microsoft.VisualStudio.Shell.Connected.pkgdef
[1a64:0017][2019-09-25T22:13:26] Completed: Copying file /Contents/Common7/IDE/CommonExtensions/Microsoft/Connected/Microsoft.VisualStudio.Shell.Connected.pkgdef to C:\Program Files (x86)\Microsoft Visual Studio\2019\BuildTools\Common7\IDE\CommonExtensions\Microsoft\Connected\Microsoft.VisualStudio.Shell.Connected.pkgdef
[1a64:0017][2019-09-25T22:13:26] Timestamp updated for file 'C:\Program Files (x86)\Microsoft Visual Studio\2019\BuildTools\Common7\IDE\CommonExtensions\Microsoft\Connected\Microsoft.VisualStudio.Shell.Connected.pkgdef'.
[1a64:0017][2019-09-25T22:13:26] Processing file /Contents/Common7/IDE/FeedbackCollector.exe
[1a64:0017][2019-09-25T22:13:26] Started: Copying file /Contents/Common7/IDE/FeedbackCollector.exe to C:\Program Files (x86)\Microsoft Visual Studio\2019\BuildTools\Common7\IDE\FeedbackCollector.exe
[1a64:0017][2019-09-25T22:13:26] Completed: Copying file /Contents/Common7/IDE/FeedbackCollector.exe to C:\Program Files (x86)\Microsoft Visual Studio\2019\BuildTools\Common7\IDE\FeedbackCollector.exe
[1a64:0017][2019-09-25T22:13:26] Timestamp updated for file 'C:\Program Files (x86)\Microsoft Visual Studio\2019\BuildTools\Common7\IDE\FeedbackCollector.exe'.
[1a64:0017][2019-09-25T22:13:26] Processing file /Contents/Common7/IDE/FeedbackCollector.exe.config
[1a64:0017][2019-09-25T22:13:26] Started: Copying file /Contents/Common7/IDE/FeedbackCollector.exe.config to C:\Program Files (x86)\Microsoft Visual Studio\2019\BuildTools\Common7\IDE\FeedbackCollector.exe.config
[1a64:0017][2019-09-25T22:13:26] Completed: Copying file /Contents/Common7/IDE/FeedbackCollector.exe.config to C:\Program Files (x86)\Microsoft Visual Studio\2019\BuildTools\Common7\IDE\FeedbackCollector.exe.config
[1a64:0017][2019-09-25T22:13:26] Timestamp updated for file 'C:\Program Files (x86)\Microsoft Visual Studio\2019\BuildTools\Common7\IDE\FeedbackCollector.exe.config'.
[1a64:0017][2019-09-25T22:13:26] Processing file /Contents/Common7/IDE/PrivateAssemblies/AdalV5/Microsoft.IdentityModel.Clients.ActiveDirectory.dll
[1a64:0017][2019-09-25T22:13:26] Started: Copying file /Contents/Common7/IDE/PrivateAssemblies/AdalV5/Microsoft.IdentityModel.Clients.ActiveDirectory.dll to C:\Program Files (x86)\Microsoft Visual Studio\2019\BuildTools\Common7\IDE\PrivateAssemblies\AdalV5\Microsoft.IdentityModel.Clients.ActiveDirectory.dll
[1a64:0017][2019-09-25T22:13:26] Completed: Copying file /Contents/Common7/IDE/PrivateAssemblies/AdalV5/Microsoft.IdentityModel.Clients.ActiveDirectory.dll to C:\Program Files (x86)\Microsoft Visual Studio\2019\BuildTools\Common7\IDE\PrivateAssemblies\AdalV5\Microsoft.IdentityModel.Clients.ActiveDirectory.dll
[1a64:0017][2019-09-25T22:13:26] Timestamp updated for file 'C:\Program Files (x86)\Microsoft Visual Studio\2019\BuildTools\Common7\IDE\PrivateAssemblies\AdalV5\Microsoft.IdentityModel.Clients.ActiveDirectory.dll'.
[1a64:0017][2019-09-25T22:13:26] Processing file /Contents/Common7/IDE/PrivateAssemblies/amd64/KernelTraceControl.dll
[1a64:0017][2019-09-25T22:13:26] Started: Copying file /Contents/Common7/IDE/PrivateAssemblies/amd64/KernelTraceControl.dll to C:\Program Files (x86)\Microsoft Visual Studio\2019\BuildTools\Common7\IDE\PrivateAssemblies\amd64\KernelTraceControl.dll
[1a64:0017][2019-09-25T22:13:26] Completed: Copying file /Contents/Common7/IDE/PrivateAssemblies/amd64/KernelTraceControl.dll to C:\Program Files (x86)\Microsoft Visual Studio\2019\BuildTools\Common7\IDE\PrivateAssemblies\amd64\KernelTraceControl.dll
[1a64:0017][2019-09-25T22:13:26] Timestamp updated for file 'C:\Program Files (x86)\Microsoft Visual Studio\2019\BuildTools\Common7\IDE\PrivateAssemblies\amd64\KernelTraceControl.dll'.
[1a64:0017][2019-09-25T22:13:26] Processing file /Contents/Common7/IDE/PrivateAssemblies/AxInterop.WMPLib.dll
[1a64:0017][2019-09-25T22:13:26] Started: Copying file /Contents/Common7/IDE/PrivateAssemblies/AxInterop.WMPLib.dll to C:\Program Files (x86)\Microsoft Visual Studio\2019\BuildTools\Common7\IDE\PrivateAssemblies\AxInterop.WMPLib.dll
[1a64:0017][2019-09-25T22:13:26] Completed: Copying file /Contents/Common7/IDE/PrivateAssemblies/AxInterop.WMPLib.dll to C:\Program Files (x86)\Microsoft Visual Studio\2019\BuildTools\Common7\IDE\PrivateAssemblies\AxInterop.WMPLib.dll
[1a64:0017][2019-09-25T22:13:26] Timestamp updated for file 'C:\Program Files (x86)\Microsoft Visual Studio\2019\BuildTools\Common7\IDE\PrivateAssemblies\AxInterop.WMPLib.dll'.
[1a64:0017][2019-09-25T22:13:26] Processing file /Contents/Common7/IDE/PrivateAssemblies/Microsoft.Azure.ActiveDirectory.GraphClient.dll
[1a64:0017][2019-09-25T22:13:26] Started: Copying file /Contents/Common7/IDE/PrivateAssemblies/Microsoft.Azure.ActiveDirectory.GraphClient.dll to C:\Program Files (x86)\Microsoft Visual Studio\2019\BuildTools\Common7\IDE\PrivateAssemblies\Microsoft.Azure.ActiveDirectory.GraphClient.dll
[1a64:0017][2019-09-25T22:13:26] Completed: Copying file /Contents/Common7/IDE/PrivateAssemblies/Microsoft.Azure.ActiveDirectory.GraphClient.dll to C:\Program Files (x86)\Microsoft Visual Studio\2019\BuildTools\Common7\IDE\PrivateAssemblies\Microsoft.Azure.ActiveDirectory.GraphClient.dll
[1a64:0017][2019-09-25T22:13:26] Timestamp updated for file 'C:\Program Files (x86)\Microsoft Visual Studio\2019\BuildTools\Common7\IDE\PrivateAssemblies\Microsoft.Azure.ActiveDirectory.GraphClient.dll'.
[1a64:0017][2019-09-25T22:13:26] Processing file /Contents/Common7/IDE/PrivateAssemblies/Microsoft.Data.Edm.dll
[1a64:0017][2019-09-25T22:13:26] Started: Copying file /Contents/Common7/IDE/PrivateAssemblies/Microsoft.Data.Edm.dll to C:\Program Files (x86)\Microsoft Visual Studio\2019\BuildTools\Common7\IDE\PrivateAssemblies\Microsoft.Data.Edm.dll
[1a64:0017][2019-09-25T22:13:26] Completed: Copying file /Contents/Common7/IDE/PrivateAssemblies/Microsoft.Data.Edm.dll to C:\Program Files (x86)\Microsoft Visual Studio\2019\BuildTools\Common7\IDE\PrivateAssemblies\Microsoft.Data.Edm.dll
[1a64:0017][2019-09-25T22:13:26] Timestamp updated for file 'C:\Program Files (x86)\Microsoft Visual Studio\2019\BuildTools\Common7\IDE\PrivateAssemblies\Microsoft.Data.Edm.dll'.
[1a64:0017][2019-09-25T22:13:26] Processing file /Contents/Common7/IDE/PrivateAssemblies/Microsoft.Data.OData.dll
[1a64:0017][2019-09-25T22:13:26] Started: Copying file /Contents/Common7/IDE/PrivateAssemblies/Microsoft.Data.OData.dll to C:\Program Files (x86)\Microsoft Visual Studio\2019\BuildTools\Common7\IDE\PrivateAssemblies\Microsoft.Data.OData.dll
[1a64:0017][2019-09-25T22:13:26] Completed: Copying file /Contents/Common7/IDE/PrivateAssemblies/Microsoft.Data.OData.dll to C:\Program Files (x86)\Microsoft Visual Studio\2019\BuildTools\Common7\IDE\PrivateAssemblies\Microsoft.Data.OData.dll
[1a64:0017][2019-09-25T22:13:26] Timestamp updated for file 'C:\Program Files (x86)\Microsoft Visual Studio\2019\BuildTools\Common7\IDE\PrivateAssemblies\Microsoft.Data.OData.dll'.
[1a64:0017][2019-09-25T22:13:26] Processing file /Contents/Common7/IDE/PrivateAssemblies/Microsoft.Data.Services.Client.dll
[1a64:0017][2019-09-25T22:13:26] Started: Copying file /Contents/Common7/IDE/PrivateAssemblies/Microsoft.Data.Services.Client.dll to C:\Program Files (x86)\Microsoft Visual Studio\2019\BuildTools\Common7\IDE\PrivateAssemblies\Microsoft.Data.Services.Client.dll
[1a64:0017][2019-09-25T22:13:26] Completed: Copying file /Contents/Common7/IDE/PrivateAssemblies/Microsoft.Data.Services.Client.dll to C:\Program Files (x86)\Microsoft Visual Studio\2019\BuildTools\Common7\IDE\PrivateAssemblies\Microsoft.Data.Services.Client.dll
[1a64:0017][2019-09-25T22:13:26] Timestamp updated for file 'C:\Program Files (x86)\Microsoft Visual Studio\2019\BuildTools\Common7\IDE\PrivateAssemblies\Microsoft.Data.Services.Client.dll'.
[1a64:0017][2019-09-25T22:13:26] Processing file /Contents/Common7/IDE/PrivateAssemblies/Microsoft.Developer.IdentityService.Client.dll
[1a64:0017][2019-09-25T22:13:26] Started: Copying file /Contents/Common7/IDE/PrivateAssemblies/Microsoft.Developer.IdentityService.Client.dll to C:\Program Files (x86)\Microsoft Visual Studio\2019\BuildTools\Common7\IDE\PrivateAssemblies\Microsoft.Developer.IdentityService.Client.dll
[1a64:0017][2019-09-25T22:13:26] Completed: Copying file /Contents/Common7/IDE/PrivateAssemblies/Microsoft.Developer.IdentityService.Client.dll to C:\Program Files (x86)\Microsoft Visual Studio\2019\BuildTools\Common7\IDE\PrivateAssemblies\Microsoft.Developer.IdentityService.Client.dll
[1a64:0017][2019-09-25T22:13:26] Timestamp updated for file 'C:\Program Files (x86)\Microsoft Visual Studio\2019\BuildTools\Common7\IDE\PrivateAssemblies\Microsoft.Developer.IdentityService.Client.dll'.
[1a64:0017][2019-09-25T22:13:26] Queueing C:\Program Files (x86)\Microsoft Visual Studio\2019\BuildTools\Common7\IDE\PrivateAssemblies\Microsoft.Developer.IdentityService.Client.dll for X86 ngen
[1a64:0017][2019-09-25T22:13:26] Successfully queued file '/Contents/Common7/IDE/PrivateAssemblies/Microsoft.Developer.IdentityService.Client.dll' for ngen
[1a64:0017][2019-09-25T22:13:26] Processing file /Contents/Common7/IDE/PrivateAssemblies/Microsoft.Identity.Client.dll
[1a64:0017][2019-09-25T22:13:26] Started: Copying file /Contents/Common7/IDE/PrivateAssemblies/Microsoft.Identity.Client.dll to C:\Program Files (x86)\Microsoft Visual Studio\2019\BuildTools\Common7\IDE\PrivateAssemblies\Microsoft.Identity.Client.dll
[1a64:0017][2019-09-25T22:13:26] Completed: Copying file /Contents/Common7/IDE/PrivateAssemblies/Microsoft.Identity.Client.dll to C:\Program Files (x86)\Microsoft Visual Studio\2019\BuildTools\Common7\IDE\PrivateAssemblies\Microsoft.Identity.Client.dll
[1a64:0017][2019-09-25T22:13:26] Timestamp updated for file 'C:\Program Files (x86)\Microsoft Visual Studio\2019\BuildTools\Common7\IDE\PrivateAssemblies\Microsoft.Identity.Client.dll'.
[1a64:0017][2019-09-25T22:13:26] Processing file /Contents/Common7/IDE/PrivateAssemblies/Microsoft.Identity.Client.Extensions.Adal.dll
[1a64:0017][2019-09-25T22:13:26] Started: Copying file /Contents/Common7/IDE/PrivateAssemblies/Microsoft.Identity.Client.Extensions.Adal.dll to C:\Program Files (x86)\Microsoft Visual Studio\2019\BuildTools\Common7\IDE\PrivateAssemblies\Microsoft.Identity.Client.Extensions.Adal.dll
[1a64:0017][2019-09-25T22:13:26] Completed: Copying file /Contents/Common7/IDE/PrivateAssemblies/Microsoft.Identity.Client.Extensions.Adal.dll to C:\Program Files (x86)\Microsoft Visual Studio\2019\BuildTools\Common7\IDE\PrivateAssemblies\Microsoft.Identity.Client.Extensions.Adal.dll
[1a64:0017][2019-09-25T22:13:26] Timestamp updated for file 'C:\Program Files (x86)\Microsoft Visual Studio\2019\BuildTools\Common7\IDE\PrivateAssemblies\Microsoft.Identity.Client.Extensions.Adal.dll'.
[1a64:0017][2019-09-25T22:13:26] Processing file /Contents/Common7/IDE/PrivateAssemblies/Microsoft.Identity.Client.Extensions.Msal.dll
[1a64:0017][2019-09-25T22:13:26] Started: Copying file /Contents/Common7/IDE/PrivateAssemblies/Microsoft.Identity.Client.Extensions.Msal.dll to C:\Program Files (x86)\Microsoft Visual Studio\2019\BuildTools\Common7\IDE\PrivateAssemblies\Microsoft.Identity.Client.Extensions.Msal.dll
[1a64:0017][2019-09-25T22:13:26] Completed: Copying file /Contents/Common7/IDE/PrivateAssemblies/Microsoft.Identity.Client.Extensions.Msal.dll to C:\Program Files (x86)\Microsoft Visual Studio\2019\BuildTools\Common7\IDE\PrivateAssemblies\Microsoft.Identity.Client.Extensions.Msal.dll
[1a64:0017][2019-09-25T22:13:26] Timestamp updated for file 'C:\Program Files (x86)\Microsoft Visual Studio\2019\BuildTools\Common7\IDE\PrivateAssemblies\Microsoft.Identity.Client.Extensions.Msal.dll'.
[1a64:0017][2019-09-25T22:13:26] Processing file /Contents/Common7/IDE/PrivateAssemblies/Microsoft.IdentityService.Clients.ActiveDirectory.dll
[1a64:0017][2019-09-25T22:13:26] Started: Copying file /Contents/Common7/IDE/PrivateAssemblies/Microsoft.IdentityService.Clients.ActiveDirectory.dll to C:\Program Files (x86)\Microsoft Visual Studio\2019\BuildTools\Common7\IDE\PrivateAssemblies\Microsoft.IdentityService.Clients.ActiveDirectory.dll
[1a64:0017][2019-09-25T22:13:26] Completed: Copying file /Contents/Common7/IDE/PrivateAssemblies/Microsoft.IdentityService.Clients.ActiveDirectory.dll to C:\Program Files (x86)\Microsoft Visual Studio\2019\BuildTools\Common7\IDE\PrivateAssemblies\Microsoft.IdentityService.Clients.ActiveDirectory.dll
[1a64:0017][2019-09-25T22:13:26] Timestamp updated for file 'C:\Program Files (x86)\Microsoft Visual Studio\2019\BuildTools\Common7\IDE\PrivateAssemblies\Microsoft.IdentityService.Clients.ActiveDirectory.dll'.
[1a64:0017][2019-09-25T22:13:26] Processing file /Contents/Common7/IDE/PrivateAssemblies/Microsoft.VisualStudio.QualityTools.CheckinPolicies.dll
[1a64:0017][2019-09-25T22:13:26] Started: Copying file /Contents/Common7/IDE/PrivateAssemblies/Microsoft.VisualStudio.QualityTools.CheckinPolicies.dll to C:\Program Files (x86)\Microsoft Visual Studio\2019\BuildTools\Common7\IDE\PrivateAssemblies\Microsoft.VisualStudio.QualityTools.CheckinPolicies.dll
[1a64:0017][2019-09-25T22:13:26] Completed: Copying file /Contents/Common7/IDE/PrivateAssemblies/Microsoft.VisualStudio.QualityTools.CheckinPolicies.dll to C:\Program Files (x86)\Microsoft Visual Studio\2019\BuildTools\Common7\IDE\PrivateAssemblies\Microsoft.VisualStudio.QualityTools.CheckinPolicies.dll
[1a64:0017][2019-09-25T22:13:26] Timestamp updated for file 'C:\Program Files (x86)\Microsoft Visual Studio\2019\BuildTools\Common7\IDE\PrivateAssemblies\Microsoft.VisualStudio.QualityTools.CheckinPolicies.dll'.
[1a64:0017][2019-09-25T22:13:26] Processing file /Contents/Common7/IDE/PrivateAssemblies/Microsoft.VisualStudio.Shell.Connected.dll
[1a64:0017][2019-09-25T22:13:26] Started: Copying file /Contents/Common7/IDE/PrivateAssemblies/Microsoft.VisualStudio.Shell.Connected.dll to C:\Program Files (x86)\Microsoft Visual Studio\2019\BuildTools\Common7\IDE\PrivateAssemblies\Microsoft.VisualStudio.Shell.Connected.dll
[1a64:0017][2019-09-25T22:13:26] Completed: Copying file /Contents/Common7/IDE/PrivateAssemblies/Microsoft.VisualStudio.Shell.Connected.dll to C:\Program Files (x86)\Microsoft Visual Studio\2019\BuildTools\Common7\IDE\PrivateAssemblies\Microsoft.VisualStudio.Shell.Connected.dll
[1a64:0017][2019-09-25T22:13:26] Timestamp updated for file 'C:\Program Files (x86)\Microsoft Visual Studio\2019\BuildTools\Common7\IDE\PrivateAssemblies\Microsoft.VisualStudio.Shell.Connected.dll'.
[1a64:0017][2019-09-25T22:13:26] Queueing C:\Program Files (x86)\Microsoft Visual Studio\2019\BuildTools\Common7\IDE\PrivateAssemblies\Microsoft.VisualStudio.Shell.Connected.dll for X86 ngen
[1a64:0017][2019-09-25T22:13:26] Successfully queued file '/Contents/Common7/IDE/PrivateAssemblies/Microsoft.VisualStudio.Shell.Connected.dll' for ngen
[1a64:0017][2019-09-25T22:13:26] Processing file /Contents/Common7/IDE/PrivateAssemblies/Microsoft.VisualStudio.TestImpact.Analysis.dll
[1a64:0017][2019-09-25T22:13:26] Started: Copying file /Contents/Common7/IDE/PrivateAssemblies/Microsoft.VisualStudio.TestImpact.Analysis.dll to C:\Program Files (x86)\Microsoft Visual Studio\2019\BuildTools\Common7\IDE\PrivateAssemblies\Microsoft.VisualStudio.TestImpact.Analysis.dll
[1a64:0017][2019-09-25T22:13:26] Completed: Copying file /Contents/Common7/IDE/PrivateAssemblies/Microsoft.VisualStudio.TestImpact.Analysis.dll to C:\Program Files (x86)\Microsoft Visual Studio\2019\BuildTools\Common7\IDE\PrivateAssemblies\Microsoft.VisualStudio.TestImpact.Analysis.dll
[1a64:0017][2019-09-25T22:13:26] Timestamp updated for file 'C:\Program Files (x86)\Microsoft Visual Studio\2019\BuildTools\Common7\IDE\PrivateAssemblies\Microsoft.VisualStudio.TestImpact.Analysis.dll'.
[1a64:0017][2019-09-25T22:13:26] Queueing C:\Program Files (x86)\Microsoft Visual Studio\2019\BuildTools\Common7\IDE\PrivateAssemblies\Microsoft.VisualStudio.TestImpact.Analysis.dll for X86 ngen
[1a64:0017][2019-09-25T22:13:26] Successfully queued file '/Contents/Common7/IDE/PrivateAssemblies/Microsoft.VisualStudio.TestImpact.Analysis.dll' for ngen
[1a64:0017][2019-09-25T22:13:26] Processing file /Contents/Common7/IDE/PrivateAssemblies/Microsoft.VisualStudio.TestImpact.Common.dll
[1a64:0017][2019-09-25T22:13:26] Started: Copying file /Contents/Common7/IDE/PrivateAssemblies/Microsoft.VisualStudio.TestImpact.Common.dll to C:\Program Files (x86)\Microsoft Visual Studio\2019\BuildTools\Common7\IDE\PrivateAssemblies\Microsoft.VisualStudio.TestImpact.Common.dll
[1a64:0017][2019-09-25T22:13:26] Completed: Copying file /Contents/Common7/IDE/PrivateAssemblies/Microsoft.VisualStudio.TestImpact.Common.dll to C:\Program Files (x86)\Microsoft Visual Studio\2019\BuildTools\Common7\IDE\PrivateAssemblies\Microsoft.VisualStudio.TestImpact.Common.dll
[1a64:0017][2019-09-25T22:13:26] Timestamp updated for file 'C:\Program Files (x86)\Microsoft Visual Studio\2019\BuildTools\Common7\IDE\PrivateAssemblies\Microsoft.VisualStudio.TestImpact.Common.dll'.
[1a64:0017][2019-09-25T22:13:26] Queueing C:\Program Files (x86)\Microsoft Visual Studio\2019\BuildTools\Common7\IDE\PrivateAssemblies\Microsoft.VisualStudio.TestImpact.Common.dll for X86 ngen
[1a64:0017][2019-09-25T22:13:26] Successfully queued file '/Contents/Common7/IDE/PrivateAssemblies/Microsoft.VisualStudio.TestImpact.Common.dll' for ngen
[1a64:0017][2019-09-25T22:13:26] Processing file /Contents/Common7/IDE/PrivateAssemblies/System.Spatial.dll
[1a64:0017][2019-09-25T22:13:26] Started: Copying file /Contents/Common7/IDE/PrivateAssemblies/System.Spatial.dll to C:\Program Files (x86)\Microsoft Visual Studio\2019\BuildTools\Common7\IDE\PrivateAssemblies\System.Spatial.dll
[1a64:0017][2019-09-25T22:13:26] Completed: Copying file /Contents/Common7/IDE/PrivateAssemblies/System.Spatial.dll to C:\Program Files (x86)\Microsoft Visual Studio\2019\BuildTools\Common7\IDE\PrivateAssemblies\System.Spatial.dll
[1a64:0017][2019-09-25T22:13:26] Timestamp updated for file 'C:\Program Files (x86)\Microsoft Visual Studio\2019\BuildTools\Common7\IDE\PrivateAssemblies\System.Spatial.dll'.
[1a64:0017][2019-09-25T22:13:26] Processing file /Contents/Common7/IDE/PrivateAssemblies/WMPLib.dll
[1a64:0017][2019-09-25T22:13:26] Started: Copying file /Contents/Common7/IDE/PrivateAssemblies/WMPLib.dll to C:\Program Files (x86)\Microsoft Visual Studio\2019\BuildTools\Common7\IDE\PrivateAssemblies\WMPLib.dll
[1a64:0017][2019-09-25T22:13:26] Completed: Copying file /Contents/Common7/IDE/PrivateAssemblies/WMPLib.dll to C:\Program Files (x86)\Microsoft Visual Studio\2019\BuildTools\Common7\IDE\PrivateAssemblies\WMPLib.dll
[1a64:0017][2019-09-25T22:13:26] Timestamp updated for file 'C:\Program Files (x86)\Microsoft Visual Studio\2019\BuildTools\Common7\IDE\PrivateAssemblies\WMPLib.dll'.
[1a64:0017][2019-09-25T22:13:26] Processing file /Contents/Common7/IDE/PrivateAssemblies/x86/KernelTraceControl.dll
[1a64:0017][2019-09-25T22:13:26] Started: Copying file /Contents/Common7/IDE/PrivateAssemblies/x86/KernelTraceControl.dll to C:\Program Files (x86)\Microsoft Visual Studio\2019\BuildTools\Common7\IDE\PrivateAssemblies\x86\KernelTraceControl.dll
[1a64:0017][2019-09-25T22:13:26] Completed: Copying file /Contents/Common7/IDE/PrivateAssemblies/x86/KernelTraceControl.dll to C:\Program Files (x86)\Microsoft Visual Studio\2019\BuildTools\Common7\IDE\PrivateAssemblies\x86\KernelTraceControl.dll
[1a64:0017][2019-09-25T22:13:26] Timestamp updated for file 'C:\Program Files (x86)\Microsoft Visual Studio\2019\BuildTools\Common7\IDE\PrivateAssemblies\x86\KernelTraceControl.dll'.
[1a64:0017][2019-09-25T22:13:26] Processing file /Contents/Common7/IDE/PublicAssemblies/Nerdbank.Streams.2.x/Nerdbank.Streams.dll
[1a64:0017][2019-09-25T22:13:26] Started: Copying file /Contents/Common7/IDE/PublicAssemblies/Nerdbank.Streams.2.x/Nerdbank.Streams.dll to C:\Program Files (x86)\Microsoft Visual Studio\2019\BuildTools\Common7\IDE\PublicAssemblies\Nerdbank.Streams.2.x\Nerdbank.Streams.dll
[1a64:0017][2019-09-25T22:13:26] Completed: Copying file /Contents/Common7/IDE/PublicAssemblies/Nerdbank.Streams.2.x/Nerdbank.Streams.dll to C:\Program Files (x86)\Microsoft Visual Studio\2019\BuildTools\Common7\IDE\PublicAssemblies\Nerdbank.Streams.2.x\Nerdbank.Streams.dll
[1a64:0017][2019-09-25T22:13:26] Timestamp updated for file 'C:\Program Files (x86)\Microsoft Visual Studio\2019\BuildTools\Common7\IDE\PublicAssemblies\Nerdbank.Streams.2.x\Nerdbank.Streams.dll'.
[1a64:0017][2019-09-25T22:13:26] Queueing C:\Program Files (x86)\Microsoft Visual Studio\2019\BuildTools\Common7\IDE\PublicAssemblies\Nerdbank.Streams.2.x\Nerdbank.Streams.dll for X86 ngen
[1a64:0017][2019-09-25T22:13:26] Successfully queued file '/Contents/Common7/IDE/PublicAssemblies/Nerdbank.Streams.2.x/Nerdbank.Streams.dll' for ngen
[1a64:0017][2019-09-25T22:13:26] Processing file /Contents/Common7/IDE/PublicAssemblies/StreamJsonRpc.1.x/StreamJsonRpc.dll
[1a64:0017][2019-09-25T22:13:26] Started: Copying file /Contents/Common7/IDE/PublicAssemblies/StreamJsonRpc.1.x/StreamJsonRpc.dll to C:\Program Files (x86)\Microsoft Visual Studio\2019\BuildTools\Common7\IDE\PublicAssemblies\StreamJsonRpc.1.x\StreamJsonRpc.dll
[1a64:0017][2019-09-25T22:13:26] Completed: Copying file /Contents/Common7/IDE/PublicAssemblies/StreamJsonRpc.1.x/StreamJsonRpc.dll to C:\Program Files (x86)\Microsoft Visual Studio\2019\BuildTools\Common7\IDE\PublicAssemblies\StreamJsonRpc.1.x\StreamJsonRpc.dll
[1a64:0017][2019-09-25T22:13:26] Timestamp updated for file 'C:\Program Files (x86)\Microsoft Visual Studio\2019\BuildTools\Common7\IDE\PublicAssemblies\StreamJsonRpc.1.x\StreamJsonRpc.dll'.
[1a64:0017][2019-09-25T22:13:26] Queueing C:\Program Files (x86)\Microsoft Visual Studio\2019\BuildTools\Common7\IDE\PublicAssemblies\StreamJsonRpc.1.x\StreamJsonRpc.dll for X86 ngen
[1a64:0017][2019-09-25T22:13:26] Successfully queued file '/Contents/Common7/IDE/PublicAssemblies/StreamJsonRpc.1.x/StreamJsonRpc.dll' for ngen
[1a64:0017][2019-09-25T22:13:26] Processing file /Contents/Common7/IDE/PublicAssemblies/StreamJsonRpc.2.x/StreamJsonRpc.dll
[1a64:0017][2019-09-25T22:13:26] Started: Copying file /Contents/Common7/IDE/PublicAssemblies/StreamJsonRpc.2.x/StreamJsonRpc.dll to C:\Program Files (x86)\Microsoft Visual Studio\2019\BuildTools\Common7\IDE\PublicAssemblies\StreamJsonRpc.2.x\StreamJsonRpc.dll
[1a64:0017][2019-09-25T22:13:26] Completed: Copying file /Contents/Common7/IDE/PublicAssemblies/StreamJsonRpc.2.x/StreamJsonRpc.dll to C:\Program Files (x86)\Microsoft Visual Studio\2019\BuildTools\Common7\IDE\PublicAssemblies\StreamJsonRpc.2.x\StreamJsonRpc.dll
[1a64:0017][2019-09-25T22:13:26] Timestamp updated for file 'C:\Program Files (x86)\Microsoft Visual Studio\2019\BuildTools\Common7\IDE\PublicAssemblies\StreamJsonRpc.2.x\StreamJsonRpc.dll'.
[1a64:0017][2019-09-25T22:13:26] Queueing C:\Program Files (x86)\Microsoft Visual Studio\2019\BuildTools\Common7\IDE\PublicAssemblies\StreamJsonRpc.2.x\StreamJsonRpc.dll for X86 ngen
[1a64:0017][2019-09-25T22:13:26] Successfully queued file '/Contents/Common7/IDE/PublicAssemblies/StreamJsonRpc.2.x/StreamJsonRpc.dll' for ngen
[1a64:0017][2019-09-25T22:13:26] Processing file /Contents/Common7/ServiceHub/Services/Microsoft.Developer.AccountManagement/Microsoft.Developer.AccountManagement.dll
[1a64:0017][2019-09-25T22:13:26] Started: Copying file /Contents/Common7/ServiceHub/Services/Microsoft.Developer.AccountManagement/Microsoft.Developer.AccountManagement.dll to C:\Program Files (x86)\Microsoft Visual Studio\2019\BuildTools\Common7\ServiceHub\Services\Microsoft.Developer.AccountManagement\Microsoft.Developer.AccountManagement.dll
[1a64:0017][2019-09-25T22:13:26] Completed: Copying file /Contents/Common7/ServiceHub/Services/Microsoft.Developer.AccountManagement/Microsoft.Developer.AccountManagement.dll to C:\Program Files (x86)\Microsoft Visual Studio\2019\BuildTools\Common7\ServiceHub\Services\Microsoft.Developer.AccountManagement\Microsoft.Developer.AccountManagement.dll
[1a64:0017][2019-09-25T22:13:26] Timestamp updated for file 'C:\Program Files (x86)\Microsoft Visual Studio\2019\BuildTools\Common7\ServiceHub\Services\Microsoft.Developer.AccountManagement\Microsoft.Developer.AccountManagement.dll'.
[1a64:0017][2019-09-25T22:13:26] Processing file /Contents/Common7/ServiceHub/Services/Microsoft.Developer.AccountManagement/Microsoft.Developer.AccountManagement.servicehub.service.json
[1a64:0017][2019-09-25T22:13:26] Started: Copying file /Contents/Common7/ServiceHub/Services/Microsoft.Developer.AccountManagement/Microsoft.Developer.AccountManagement.servicehub.service.json to C:\Program Files (x86)\Microsoft Visual Studio\2019\BuildTools\Common7\ServiceHub\Services\Microsoft.Developer.AccountManagement\Microsoft.Developer.AccountManagement.servicehub.service.json
[1a64:0017][2019-09-25T22:13:26] Completed: Copying file /Contents/Common7/ServiceHub/Services/Microsoft.Developer.AccountManagement/Microsoft.Developer.AccountManagement.servicehub.service.json to C:\Program Files (x86)\Microsoft Visual Studio\2019\BuildTools\Common7\ServiceHub\Services\Microsoft.Developer.AccountManagement\Microsoft.Developer.AccountManagement.servicehub.service.json
[1a64:0017][2019-09-25T22:13:26] Timestamp updated for file 'C:\Program Files (x86)\Microsoft Visual Studio\2019\BuildTools\Common7\ServiceHub\Services\Microsoft.Developer.AccountManagement\Microsoft.Developer.AccountManagement.servicehub.service.json'.
[1a64:0017][2019-09-25T22:13:26] Processing file /Contents/Common7/ServiceHub/Services/Microsoft.Developer.IdentityService/AadAccountProviderService.servicehub.service.json
[1a64:0017][2019-09-25T22:13:26] Started: Copying file /Contents/Common7/ServiceHub/Services/Microsoft.Developer.IdentityService/AadAccountProviderService.servicehub.service.json to C:\Program Files (x86)\Microsoft Visual Studio\2019\BuildTools\Common7\ServiceHub\Services\Microsoft.Developer.IdentityService\AadAccountProviderService.servicehub.service.json
[1a64:0017][2019-09-25T22:13:26] Completed: Copying file /Contents/Common7/ServiceHub/Services/Microsoft.Developer.IdentityService/AadAccountProviderService.servicehub.service.json to C:\Program Files (x86)\Microsoft Visual Studio\2019\BuildTools\Common7\ServiceHub\Services\Microsoft.Developer.IdentityService\AadAccountProviderService.servicehub.service.json
[1a64:0017][2019-09-25T22:13:26] Timestamp updated for file 'C:\Program Files (x86)\Microsoft Visual Studio\2019\BuildTools\Common7\ServiceHub\Services\Microsoft.Developer.IdentityService\AadAccountProviderService.servicehub.service.json'.
[1a64:0017][2019-09-25T22:13:26] Processing file /Contents/Common7/ServiceHub/Services/Microsoft.Developer.IdentityService/AdalV3/Microsoft.IdentityModel.Clients.ActiveDirectory.dll
[1a64:0017][2019-09-25T22:13:26] Started: Copying file /Contents/Common7/ServiceHub/Services/Microsoft.Developer.IdentityService/AdalV3/Microsoft.IdentityModel.Clients.ActiveDirectory.dll to C:\Program Files (x86)\Microsoft Visual Studio\2019\BuildTools\Common7\ServiceHub\Services\Microsoft.Developer.IdentityService\AdalV3\Microsoft.IdentityModel.Clients.ActiveDirectory.dll
[1a64:0017][2019-09-25T22:13:26] Completed: Copying file /Contents/Common7/ServiceHub/Services/Microsoft.Developer.IdentityService/AdalV3/Microsoft.IdentityModel.Clients.ActiveDirectory.dll to C:\Program Files (x86)\Microsoft Visual Studio\2019\BuildTools\Common7\ServiceHub\Services\Microsoft.Developer.IdentityService\AdalV3\Microsoft.IdentityModel.Clients.ActiveDirectory.dll
[1a64:0017][2019-09-25T22:13:26] Timestamp updated for file 'C:\Program Files (x86)\Microsoft Visual Studio\2019\BuildTools\Common7\ServiceHub\Services\Microsoft.Developer.IdentityService\AdalV3\Microsoft.IdentityModel.Clients.ActiveDirectory.dll'.
[1a64:0017][2019-09-25T22:13:26] Processing file /Contents/Common7/ServiceHub/Services/Microsoft.Developer.IdentityService/AdalV3/Microsoft.IdentityModel.Clients.ActiveDirectory.Platform.dll
[1a64:0017][2019-09-25T22:13:26] Started: Copying file /Contents/Common7/ServiceHub/Services/Microsoft.Developer.IdentityService/AdalV3/Microsoft.IdentityModel.Clients.ActiveDirectory.Platform.dll to C:\Program Files (x86)\Microsoft Visual Studio\2019\BuildTools\Common7\ServiceHub\Services\Microsoft.Developer.IdentityService\AdalV3\Microsoft.IdentityModel.Clients.ActiveDirectory.Platform.dll
[1a64:0017][2019-09-25T22:13:26] Completed: Copying file /Contents/Common7/ServiceHub/Services/Microsoft.Developer.IdentityService/AdalV3/Microsoft.IdentityModel.Clients.ActiveDirectory.Platform.dll to C:\Program Files (x86)\Microsoft Visual Studio\2019\BuildTools\Common7\ServiceHub\Services\Microsoft.Developer.IdentityService\AdalV3\Microsoft.IdentityModel.Clients.ActiveDirectory.Platform.dll
[1a64:0017][2019-09-25T22:13:26] Timestamp updated for file 'C:\Program Files (x86)\Microsoft Visual Studio\2019\BuildTools\Common7\ServiceHub\Services\Microsoft.Developer.IdentityService\AdalV3\Microsoft.IdentityModel.Clients.ActiveDirectory.Platform.dll'.
[1a64:0017][2019-09-25T22:13:26] Processing file /Contents/Common7/ServiceHub/Services/Microsoft.Developer.IdentityService/IdentityStorageService.servicehub.service.json
[1a64:0017][2019-09-25T22:13:26] Started: Copying file /Contents/Common7/ServiceHub/Services/Microsoft.Developer.IdentityService/IdentityStorageService.servicehub.service.json to C:\Program Files (x86)\Microsoft Visual Studio\2019\BuildTools\Common7\ServiceHub\Services\Microsoft.Developer.IdentityService\IdentityStorageService.servicehub.service.json
[1a64:0017][2019-09-25T22:13:26] Completed: Copying file /Contents/Common7/ServiceHub/Services/Microsoft.Developer.IdentityService/IdentityStorageService.servicehub.service.json to C:\Program Files (x86)\Microsoft Visual Studio\2019\BuildTools\Common7\ServiceHub\Services\Microsoft.Developer.IdentityService\IdentityStorageService.servicehub.service.json
[1a64:0017][2019-09-25T22:13:26] Timestamp updated for file 'C:\Program Files (x86)\Microsoft Visual Studio\2019\BuildTools\Common7\ServiceHub\Services\Microsoft.Developer.IdentityService\IdentityStorageService.servicehub.service.json'.
[1a64:0017][2019-09-25T22:13:26] Processing file /Contents/Common7/ServiceHub/Services/Microsoft.Developer.IdentityService/Microsoft.Azure.Management.ResourceManager.dll
[1a64:0017][2019-09-25T22:13:26] Started: Copying file /Contents/Common7/ServiceHub/Services/Microsoft.Developer.IdentityService/Microsoft.Azure.Management.ResourceManager.dll to C:\Program Files (x86)\Microsoft Visual Studio\2019\BuildTools\Common7\ServiceHub\Services\Microsoft.Developer.IdentityService\Microsoft.Azure.Management.ResourceManager.dll
[1a64:0017][2019-09-25T22:13:26] Completed: Copying file /Contents/Common7/ServiceHub/Services/Microsoft.Developer.IdentityService/Microsoft.Azure.Management.ResourceManager.dll to C:\Program Files (x86)\Microsoft Visual Studio\2019\BuildTools\Common7\ServiceHub\Services\Microsoft.Developer.IdentityService\Microsoft.Azure.Management.ResourceManager.dll
[1a64:0017][2019-09-25T22:13:26] Timestamp updated for file 'C:\Program Files (x86)\Microsoft Visual Studio\2019\BuildTools\Common7\ServiceHub\Services\Microsoft.Developer.IdentityService\Microsoft.Azure.Management.ResourceManager.dll'.
[1a64:0017][2019-09-25T22:13:26] Processing file /Contents/Common7/ServiceHub/Services/Microsoft.Developer.IdentityService/Microsoft.Data.Edm.dll
[1a64:0017][2019-09-25T22:13:26] Started: Copying file /Contents/Common7/ServiceHub/Services/Microsoft.Developer.IdentityService/Microsoft.Data.Edm.dll to C:\Program Files (x86)\Microsoft Visual Studio\2019\BuildTools\Common7\ServiceHub\Services\Microsoft.Developer.IdentityService\Microsoft.Data.Edm.dll
[1a64:0017][2019-09-25T22:13:26] Completed: Copying file /Contents/Common7/ServiceHub/Services/Microsoft.Developer.IdentityService/Microsoft.Data.Edm.dll to C:\Program Files (x86)\Microsoft Visual Studio\2019\BuildTools\Common7\ServiceHub\Services\Microsoft.Developer.IdentityService\Microsoft.Data.Edm.dll
[1a64:0017][2019-09-25T22:13:26] Timestamp updated for file 'C:\Program Files (x86)\Microsoft Visual Studio\2019\BuildTools\Common7\ServiceHub\Services\Microsoft.Developer.IdentityService\Microsoft.Data.Edm.dll'.
[1a64:0017][2019-09-25T22:13:26] Processing file /Contents/Common7/ServiceHub/Services/Microsoft.Developer.IdentityService/Microsoft.Data.OData.dll
[1a64:0017][2019-09-25T22:13:26] Started: Copying file /Contents/Common7/ServiceHub/Services/Microsoft.Developer.IdentityService/Microsoft.Data.OData.dll to C:\Program Files (x86)\Microsoft Visual Studio\2019\BuildTools\Common7\ServiceHub\Services\Microsoft.Developer.IdentityService\Microsoft.Data.OData.dll
[1a64:0017][2019-09-25T22:13:26] Completed: Copying file /Contents/Common7/ServiceHub/Services/Microsoft.Developer.IdentityService/Microsoft.Data.OData.dll to C:\Program Files (x86)\Microsoft Visual Studio\2019\BuildTools\Common7\ServiceHub\Services\Microsoft.Developer.IdentityService\Microsoft.Data.OData.dll
[1a64:0017][2019-09-25T22:13:26] Timestamp updated for file 'C:\Program Files (x86)\Microsoft Visual Studio\2019\BuildTools\Common7\ServiceHub\Services\Microsoft.Developer.IdentityService\Microsoft.Data.OData.dll'.
[1a64:0017][2019-09-25T22:13:26] Processing file /Contents/Common7/ServiceHub/Services/Microsoft.Developer.IdentityService/Microsoft.Developer.IdentityService.dll
[1a64:0017][2019-09-25T22:13:26] Started: Copying file /Contents/Common7/ServiceHub/Services/Microsoft.Developer.IdentityService/Microsoft.Developer.IdentityService.dll to C:\Program Files (x86)\Microsoft Visual Studio\2019\BuildTools\Common7\ServiceHub\Services\Microsoft.Developer.IdentityService\Microsoft.Developer.IdentityService.dll
[1a64:0017][2019-09-25T22:13:26] Completed: Copying file /Contents/Common7/ServiceHub/Services/Microsoft.Developer.IdentityService/Microsoft.Developer.IdentityService.dll to C:\Program Files (x86)\Microsoft Visual Studio\2019\BuildTools\Common7\ServiceHub\Services\Microsoft.Developer.IdentityService\Microsoft.Developer.IdentityService.dll
[1a64:0017][2019-09-25T22:13:26] Timestamp updated for file 'C:\Program Files (x86)\Microsoft Visual Studio\2019\BuildTools\Common7\ServiceHub\Services\Microsoft.Developer.IdentityService\Microsoft.Developer.IdentityService.dll'.
[1a64:0017][2019-09-25T22:13:26] Processing file /Contents/Common7/ServiceHub/Services/Microsoft.Developer.IdentityService/Microsoft.Developer.IdentityService.dll.config
[1a64:0017][2019-09-25T22:13:26] Started: Copying file /Contents/Common7/ServiceHub/Services/Microsoft.Developer.IdentityService/Microsoft.Developer.IdentityService.dll.config to C:\Program Files (x86)\Microsoft Visual Studio\2019\BuildTools\Common7\ServiceHub\Services\Microsoft.Developer.IdentityService\Microsoft.Developer.IdentityService.dll.config
[1a64:0017][2019-09-25T22:13:26] Completed: Copying file /Contents/Common7/ServiceHub/Services/Microsoft.Developer.IdentityService/Microsoft.Developer.IdentityService.dll.config to C:\Program Files (x86)\Microsoft Visual Studio\2019\BuildTools\Common7\ServiceHub\Services\Microsoft.Developer.IdentityService\Microsoft.Developer.IdentityService.dll.config
[1a64:0017][2019-09-25T22:13:26] Timestamp updated for file 'C:\Program Files (x86)\Microsoft Visual Studio\2019\BuildTools\Common7\ServiceHub\Services\Microsoft.Developer.IdentityService\Microsoft.Developer.IdentityService.dll.config'.
[1a64:0017][2019-09-25T22:13:26] Processing file /Contents/Common7/ServiceHub/Services/Microsoft.Developer.IdentityService/Microsoft.Identity.Client.dll
[1a64:0017][2019-09-25T22:13:26] Started: Copying file /Contents/Common7/ServiceHub/Services/Microsoft.Developer.IdentityService/Microsoft.Identity.Client.dll to C:\Program Files (x86)\Microsoft Visual Studio\2019\BuildTools\Common7\ServiceHub\Services\Microsoft.Developer.IdentityService\Microsoft.Identity.Client.dll
[1a64:0017][2019-09-25T22:13:26] Completed: Copying file /Contents/Common7/ServiceHub/Services/Microsoft.Developer.IdentityService/Microsoft.Identity.Client.dll to C:\Program Files (x86)\Microsoft Visual Studio\2019\BuildTools\Common7\ServiceHub\Services\Microsoft.Developer.IdentityService\Microsoft.Identity.Client.dll
[1a64:0017][2019-09-25T22:13:26] Timestamp updated for file 'C:\Program Files (x86)\Microsoft Visual Studio\2019\BuildTools\Common7\ServiceHub\Services\Microsoft.Developer.IdentityService\Microsoft.Identity.Client.dll'.
[1a64:0017][2019-09-25T22:13:26] Processing file /Contents/Common7/ServiceHub/Services/Microsoft.Developer.IdentityService/Microsoft.Identity.Client.Extensions.Adal.dll
[1a64:0017][2019-09-25T22:13:26] Started: Copying file /Contents/Common7/ServiceHub/Services/Microsoft.Developer.IdentityService/Microsoft.Identity.Client.Extensions.Adal.dll to C:\Program Files (x86)\Microsoft Visual Studio\2019\BuildTools\Common7\ServiceHub\Services\Microsoft.Developer.IdentityService\Microsoft.Identity.Client.Extensions.Adal.dll
[1a64:0017][2019-09-25T22:13:26] Completed: Copying file /Contents/Common7/ServiceHub/Services/Microsoft.Developer.IdentityService/Microsoft.Identity.Client.Extensions.Adal.dll to C:\Program Files (x86)\Microsoft Visual Studio\2019\BuildTools\Common7\ServiceHub\Services\Microsoft.Developer.IdentityService\Microsoft.Identity.Client.Extensions.Adal.dll
[1a64:0017][2019-09-25T22:13:26] Timestamp updated for file 'C:\Program Files (x86)\Microsoft Visual Studio\2019\BuildTools\Common7\ServiceHub\Services\Microsoft.Developer.IdentityService\Microsoft.Identity.Client.Extensions.Adal.dll'.
[1a64:0017][2019-09-25T22:13:26] Processing file /Contents/Common7/ServiceHub/Services/Microsoft.Developer.IdentityService/Microsoft.Identity.Client.Extensions.Msal.dll
[1a64:0017][2019-09-25T22:13:26] Started: Copying file /Contents/Common7/ServiceHub/Services/Microsoft.Developer.IdentityService/Microsoft.Identity.Client.Extensions.Msal.dll to C:\Program Files (x86)\Microsoft Visual Studio\2019\BuildTools\Common7\ServiceHub\Services\Microsoft.Developer.IdentityService\Microsoft.Identity.Client.Extensions.Msal.dll
[1a64:0017][2019-09-25T22:13:26] Completed: Copying file /Contents/Common7/ServiceHub/Services/Microsoft.Developer.IdentityService/Microsoft.Identity.Client.Extensions.Msal.dll to C:\Program Files (x86)\Microsoft Visual Studio\2019\BuildTools\Common7\ServiceHub\Services\Microsoft.Developer.IdentityService\Microsoft.Identity.Client.Extensions.Msal.dll
[1a64:0017][2019-09-25T22:13:26] Timestamp updated for file 'C:\Program Files (x86)\Microsoft Visual Studio\2019\BuildTools\Common7\ServiceHub\Services\Microsoft.Developer.IdentityService\Microsoft.Identity.Client.Extensions.Msal.dll'.
[1a64:0017][2019-09-25T22:13:26] Processing file /Contents/Common7/ServiceHub/Services/Microsoft.Developer.IdentityService/Microsoft.IdentityModel.Clients.ActiveDirectory.dll
[1a64:0017][2019-09-25T22:13:26] Started: Copying file /Contents/Common7/ServiceHub/Services/Microsoft.Developer.IdentityService/Microsoft.IdentityModel.Clients.ActiveDirectory.dll to C:\Program Files (x86)\Microsoft Visual Studio\2019\BuildTools\Common7\ServiceHub\Services\Microsoft.Developer.IdentityService\Microsoft.IdentityModel.Clients.ActiveDirectory.dll
[1a64:0017][2019-09-25T22:13:26] Completed: Copying file /Contents/Common7/ServiceHub/Services/Microsoft.Developer.IdentityService/Microsoft.IdentityModel.Clients.ActiveDirectory.dll to C:\Program Files (x86)\Microsoft Visual Studio\2019\BuildTools\Common7\ServiceHub\Services\Microsoft.Developer.IdentityService\Microsoft.IdentityModel.Clients.ActiveDirectory.dll
[1a64:0017][2019-09-25T22:13:26] Timestamp updated for file 'C:\Program Files (x86)\Microsoft Visual Studio\2019\BuildTools\Common7\ServiceHub\Services\Microsoft.Developer.IdentityService\Microsoft.IdentityModel.Clients.ActiveDirectory.dll'.
[1a64:0017][2019-09-25T22:13:26] Processing file /Contents/Common7/ServiceHub/Services/Microsoft.Developer.IdentityService/Microsoft.IdentityModel.Logging.dll
[1a64:0017][2019-09-25T22:13:26] Started: Copying file /Contents/Common7/ServiceHub/Services/Microsoft.Developer.IdentityService/Microsoft.IdentityModel.Logging.dll to C:\Program Files (x86)\Microsoft Visual Studio\2019\BuildTools\Common7\ServiceHub\Services\Microsoft.Developer.IdentityService\Microsoft.IdentityModel.Logging.dll
[1a64:0017][2019-09-25T22:13:26] Completed: Copying file /Contents/Common7/ServiceHub/Services/Microsoft.Developer.IdentityService/Microsoft.IdentityModel.Logging.dll to C:\Program Files (x86)\Microsoft Visual Studio\2019\BuildTools\Common7\ServiceHub\Services\Microsoft.Developer.IdentityService\Microsoft.IdentityModel.Logging.dll
[1a64:0017][2019-09-25T22:13:26] Timestamp updated for file 'C:\Program Files (x86)\Microsoft Visual Studio\2019\BuildTools\Common7\ServiceHub\Services\Microsoft.Developer.IdentityService\Microsoft.IdentityModel.Logging.dll'.
[1a64:0017][2019-09-25T22:13:26] Processing file /Contents/Common7/ServiceHub/Services/Microsoft.Developer.IdentityService/Microsoft.IdentityModel.Tokens.dll
[1a64:0017][2019-09-25T22:13:26] Started: Copying file /Contents/Common7/ServiceHub/Services/Microsoft.Developer.IdentityService/Microsoft.IdentityModel.Tokens.dll to C:\Program Files (x86)\Microsoft Visual Studio\2019\BuildTools\Common7\ServiceHub\Services\Microsoft.Developer.IdentityService\Microsoft.IdentityModel.Tokens.dll
[1a64:0017][2019-09-25T22:13:26] Completed: Copying file /Contents/Common7/ServiceHub/Services/Microsoft.Developer.IdentityService/Microsoft.IdentityModel.Tokens.dll to C:\Program Files (x86)\Microsoft Visual Studio\2019\BuildTools\Common7\ServiceHub\Services\Microsoft.Developer.IdentityService\Microsoft.IdentityModel.Tokens.dll
[1a64:0017][2019-09-25T22:13:26] Timestamp updated for file 'C:\Program Files (x86)\Microsoft Visual Studio\2019\BuildTools\Common7\ServiceHub\Services\Microsoft.Developer.IdentityService\Microsoft.IdentityModel.Tokens.dll'.
[1a64:0017][2019-09-25T22:13:26] Processing file /Contents/Common7/ServiceHub/Services/Microsoft.Developer.IdentityService/Microsoft.IdentityService.Clients.ActiveDirectory.dll
[1a64:0017][2019-09-25T22:13:26] Started: Copying file /Contents/Common7/ServiceHub/Services/Microsoft.Developer.IdentityService/Microsoft.IdentityService.Clients.ActiveDirectory.dll to C:\Program Files (x86)\Microsoft Visual Studio\2019\BuildTools\Common7\ServiceHub\Services\Microsoft.Developer.IdentityService\Microsoft.IdentityService.Clients.ActiveDirectory.dll
[1a64:0017][2019-09-25T22:13:26] Completed: Copying file /Contents/Common7/ServiceHub/Services/Microsoft.Developer.IdentityService/Microsoft.IdentityService.Clients.ActiveDirectory.dll to C:\Program Files (x86)\Microsoft Visual Studio\2019\BuildTools\Common7\ServiceHub\Services\Microsoft.Developer.IdentityService\Microsoft.IdentityService.Clients.ActiveDirectory.dll
[1a64:0017][2019-09-25T22:13:26] Timestamp updated for file 'C:\Program Files (x86)\Microsoft Visual Studio\2019\BuildTools\Common7\ServiceHub\Services\Microsoft.Developer.IdentityService\Microsoft.IdentityService.Clients.ActiveDirectory.dll'.
[1a64:0017][2019-09-25T22:13:26] Processing file /Contents/Common7/ServiceHub/Services/Microsoft.Developer.IdentityService/Microsoft.Rest.ClientRuntime.Azure.dll
[1a64:0017][2019-09-25T22:13:26] Started: Copying file /Contents/Common7/ServiceHub/Services/Microsoft.Developer.IdentityService/Microsoft.Rest.ClientRuntime.Azure.dll to C:\Program Files (x86)\Microsoft Visual Studio\2019\BuildTools\Common7\ServiceHub\Services\Microsoft.Developer.IdentityService\Microsoft.Rest.ClientRuntime.Azure.dll
[1a64:0017][2019-09-25T22:13:26] Completed: Copying file /Contents/Common7/ServiceHub/Services/Microsoft.Developer.IdentityService/Microsoft.Rest.ClientRuntime.Azure.dll to C:\Program Files (x86)\Microsoft Visual Studio\2019\BuildTools\Common7\ServiceHub\Services\Microsoft.Developer.IdentityService\Microsoft.Rest.ClientRuntime.Azure.dll
[1a64:0017][2019-09-25T22:13:26] Timestamp updated for file 'C:\Program Files (x86)\Microsoft Visual Studio\2019\BuildTools\Common7\ServiceHub\Services\Microsoft.Developer.IdentityService\Microsoft.Rest.ClientRuntime.Azure.dll'.
[1a64:0017][2019-09-25T22:13:26] Processing file /Contents/Common7/ServiceHub/Services/Microsoft.Developer.IdentityService/Microsoft.Rest.ClientRuntime.dll
[1a64:0017][2019-09-25T22:13:26] Started: Copying file /Contents/Common7/ServiceHub/Services/Microsoft.Developer.IdentityService/Microsoft.Rest.ClientRuntime.dll to C:\Program Files (x86)\Microsoft Visual Studio\2019\BuildTools\Common7\ServiceHub\Services\Microsoft.Developer.IdentityService\Microsoft.Rest.ClientRuntime.dll
[1a64:0017][2019-09-25T22:13:26] Completed: Copying file /Contents/Common7/ServiceHub/Services/Microsoft.Developer.IdentityService/Microsoft.Rest.ClientRuntime.dll to C:\Program Files (x86)\Microsoft Visual Studio\2019\BuildTools\Common7\ServiceHub\Services\Microsoft.Developer.IdentityService\Microsoft.Rest.ClientRuntime.dll
[1a64:0017][2019-09-25T22:13:26] Timestamp updated for file 'C:\Program Files (x86)\Microsoft Visual Studio\2019\BuildTools\Common7\ServiceHub\Services\Microsoft.Developer.IdentityService\Microsoft.Rest.ClientRuntime.dll'.
[1a64:0017][2019-09-25T22:13:26] Processing file /Contents/Common7/ServiceHub/Services/Microsoft.Developer.IdentityService/Microsoft.ServiceBus.dll
[1a64:0017][2019-09-25T22:13:26] Started: Copying file /Contents/Common7/ServiceHub/Services/Microsoft.Developer.IdentityService/Microsoft.ServiceBus.dll to C:\Program Files (x86)\Microsoft Visual Studio\2019\BuildTools\Common7\ServiceHub\Services\Microsoft.Developer.IdentityService\Microsoft.ServiceBus.dll
[1a64:0017][2019-09-25T22:13:26] Completed: Copying file /Contents/Common7/ServiceHub/Services/Microsoft.Developer.IdentityService/Microsoft.ServiceBus.dll to C:\Program Files (x86)\Microsoft Visual Studio\2019\BuildTools\Common7\ServiceHub\Services\Microsoft.Developer.IdentityService\Microsoft.ServiceBus.dll
[1a64:0017][2019-09-25T22:13:26] Timestamp updated for file 'C:\Program Files (x86)\Microsoft Visual Studio\2019\BuildTools\Common7\ServiceHub\Services\Microsoft.Developer.IdentityService\Microsoft.ServiceBus.dll'.
[1a64:0017][2019-09-25T22:13:26] Processing file /Contents/Common7/ServiceHub/Services/Microsoft.Developer.IdentityService/Microsoft.ServiceHub.Client.dll
[1a64:0017][2019-09-25T22:13:26] Started: Copying file /Contents/Common7/ServiceHub/Services/Microsoft.Developer.IdentityService/Microsoft.ServiceHub.Client.dll to C:\Program Files (x86)\Microsoft Visual Studio\2019\BuildTools\Common7\ServiceHub\Services\Microsoft.Developer.IdentityService\Microsoft.ServiceHub.Client.dll
[1a64:0017][2019-09-25T22:13:26] Completed: Copying file /Contents/Common7/ServiceHub/Services/Microsoft.Developer.IdentityService/Microsoft.ServiceHub.Client.dll to C:\Program Files (x86)\Microsoft Visual Studio\2019\BuildTools\Common7\ServiceHub\Services\Microsoft.Developer.IdentityService\Microsoft.ServiceHub.Client.dll
[1a64:0017][2019-09-25T22:13:26] Timestamp updated for file 'C:\Program Files (x86)\Microsoft Visual Studio\2019\BuildTools\Common7\ServiceHub\Services\Microsoft.Developer.IdentityService\Microsoft.ServiceHub.Client.dll'.
[1a64:0017][2019-09-25T22:13:26] Processing file /Contents/Common7/ServiceHub/Services/Microsoft.Developer.IdentityService/Microsoft.ServiceHub.Resources.dll
[1a64:0017][2019-09-25T22:13:26] Started: Copying file /Contents/Common7/ServiceHub/Services/Microsoft.Developer.IdentityService/Microsoft.ServiceHub.Resources.dll to C:\Program Files (x86)\Microsoft Visual Studio\2019\BuildTools\Common7\ServiceHub\Services\Microsoft.Developer.IdentityService\Microsoft.ServiceHub.Resources.dll
[1a64:0017][2019-09-25T22:13:26] Completed: Copying file /Contents/Common7/ServiceHub/Services/Microsoft.Developer.IdentityService/Microsoft.ServiceHub.Resources.dll to C:\Program Files (x86)\Microsoft Visual Studio\2019\BuildTools\Common7\ServiceHub\Services\Microsoft.Developer.IdentityService\Microsoft.ServiceHub.Resources.dll
[1a64:0017][2019-09-25T22:13:26] Timestamp updated for file 'C:\Program Files (x86)\Microsoft Visual Studio\2019\BuildTools\Common7\ServiceHub\Services\Microsoft.Developer.IdentityService\Microsoft.ServiceHub.Resources.dll'.
[1a64:0017][2019-09-25T22:13:26] Processing file /Contents/Common7/ServiceHub/Services/Microsoft.Developer.IdentityService/Microsoft.TeamFoundation.Common.dll
[1a64:0017][2019-09-25T22:13:26] Started: Copying file /Contents/Common7/ServiceHub/Services/Microsoft.Developer.IdentityService/Microsoft.TeamFoundation.Common.dll to C:\Program Files (x86)\Microsoft Visual Studio\2019\BuildTools\Common7\ServiceHub\Services\Microsoft.Developer.IdentityService\Microsoft.TeamFoundation.Common.dll
[1a64:0017][2019-09-25T22:13:26] Completed: Copying file /Contents/Common7/ServiceHub/Services/Microsoft.Developer.IdentityService/Microsoft.TeamFoundation.Common.dll to C:\Program Files (x86)\Microsoft Visual Studio\2019\BuildTools\Common7\ServiceHub\Services\Microsoft.Developer.IdentityService\Microsoft.TeamFoundation.Common.dll
[1a64:0017][2019-09-25T22:13:26] Timestamp updated for file 'C:\Program Files (x86)\Microsoft Visual Studio\2019\BuildTools\Common7\ServiceHub\Services\Microsoft.Developer.IdentityService\Microsoft.TeamFoundation.Common.dll'.
[1a64:0017][2019-09-25T22:13:26] Processing file /Contents/Common7/ServiceHub/Services/Microsoft.Developer.IdentityService/Microsoft.VisualStudio.Services.Client.Interactive.dll
[1a64:0017][2019-09-25T22:13:26] Started: Copying file /Contents/Common7/ServiceHub/Services/Microsoft.Developer.IdentityService/Microsoft.VisualStudio.Services.Client.Interactive.dll to C:\Program Files (x86)\Microsoft Visual Studio\2019\BuildTools\Common7\ServiceHub\Services\Microsoft.Developer.IdentityService\Microsoft.VisualStudio.Services.Client.Interactive.dll
[1a64:0017][2019-09-25T22:13:26] Completed: Copying file /Contents/Common7/ServiceHub/Services/Microsoft.Developer.IdentityService/Microsoft.VisualStudio.Services.Client.Interactive.dll to C:\Program Files (x86)\Microsoft Visual Studio\2019\BuildTools\Common7\ServiceHub\Services\Microsoft.Developer.IdentityService\Microsoft.VisualStudio.Services.Client.Interactive.dll
[1a64:0017][2019-09-25T22:13:26] Timestamp updated for file 'C:\Program Files (x86)\Microsoft Visual Studio\2019\BuildTools\Common7\ServiceHub\Services\Microsoft.Developer.IdentityService\Microsoft.VisualStudio.Services.Client.Interactive.dll'.
[1a64:0017][2019-09-25T22:13:26] Processing file /Contents/Common7/ServiceHub/Services/Microsoft.Developer.IdentityService/Microsoft.VisualStudio.Services.Common.dll
[1a64:0017][2019-09-25T22:13:26] Started: Copying file /Contents/Common7/ServiceHub/Services/Microsoft.Developer.IdentityService/Microsoft.VisualStudio.Services.Common.dll to C:\Program Files (x86)\Microsoft Visual Studio\2019\BuildTools\Common7\ServiceHub\Services\Microsoft.Developer.IdentityService\Microsoft.VisualStudio.Services.Common.dll
[1a64:0017][2019-09-25T22:13:26] Completed: Copying file /Contents/Common7/ServiceHub/Services/Microsoft.Developer.IdentityService/Microsoft.VisualStudio.Services.Common.dll to C:\Program Files (x86)\Microsoft Visual Studio\2019\BuildTools\Common7\ServiceHub\Services\Microsoft.Developer.IdentityService\Microsoft.VisualStudio.Services.Common.dll
[1a64:0017][2019-09-25T22:13:26] Timestamp updated for file 'C:\Program Files (x86)\Microsoft Visual Studio\2019\BuildTools\Common7\ServiceHub\Services\Microsoft.Developer.IdentityService\Microsoft.VisualStudio.Services.Common.dll'.
[1a64:0017][2019-09-25T22:13:26] Processing file /Contents/Common7/ServiceHub/Services/Microsoft.Developer.IdentityService/Microsoft.VisualStudio.Services.WebApi.dll
[1a64:0017][2019-09-25T22:13:26] Started: Copying file /Contents/Common7/ServiceHub/Services/Microsoft.Developer.IdentityService/Microsoft.VisualStudio.Services.WebApi.dll to C:\Program Files (x86)\Microsoft Visual Studio\2019\BuildTools\Common7\ServiceHub\Services\Microsoft.Developer.IdentityService\Microsoft.VisualStudio.Services.WebApi.dll
[1a64:0017][2019-09-25T22:13:26] Completed: Copying file /Contents/Common7/ServiceHub/Services/Microsoft.Developer.IdentityService/Microsoft.VisualStudio.Services.WebApi.dll to C:\Program Files (x86)\Microsoft Visual Studio\2019\BuildTools\Common7\ServiceHub\Services\Microsoft.Developer.IdentityService\Microsoft.VisualStudio.Services.WebApi.dll
[1a64:0017][2019-09-25T22:13:26] Timestamp updated for file 'C:\Program Files (x86)\Microsoft Visual Studio\2019\BuildTools\Common7\ServiceHub\Services\Microsoft.Developer.IdentityService\Microsoft.VisualStudio.Services.WebApi.dll'.
[1a64:0017][2019-09-25T22:13:26] Processing file /Contents/Common7/ServiceHub/Services/Microsoft.Developer.IdentityService/Microsoft.VisualStudio.Threading.dll
[1a64:0017][2019-09-25T22:13:26] Started: Copying file /Contents/Common7/ServiceHub/Services/Microsoft.Developer.IdentityService/Microsoft.VisualStudio.Threading.dll to C:\Program Files (x86)\Microsoft Visual Studio\2019\BuildTools\Common7\ServiceHub\Services\Microsoft.Developer.IdentityService\Microsoft.VisualStudio.Threading.dll
[1a64:0017][2019-09-25T22:13:26] Completed: Copying file /Contents/Common7/ServiceHub/Services/Microsoft.Developer.IdentityService/Microsoft.VisualStudio.Threading.dll to C:\Program Files (x86)\Microsoft Visual Studio\2019\BuildTools\Common7\ServiceHub\Services\Microsoft.Developer.IdentityService\Microsoft.VisualStudio.Threading.dll
[1a64:0017][2019-09-25T22:13:26] Timestamp updated for file 'C:\Program Files (x86)\Microsoft Visual Studio\2019\BuildTools\Common7\ServiceHub\Services\Microsoft.Developer.IdentityService\Microsoft.VisualStudio.Threading.dll'.
[1a64:0017][2019-09-25T22:13:26] Processing file /Contents/Common7/ServiceHub/Services/Microsoft.Developer.IdentityService/Microsoft.VisualStudio.Validation.dll
[1a64:0017][2019-09-25T22:13:26] Started: Copying file /Contents/Common7/ServiceHub/Services/Microsoft.Developer.IdentityService/Microsoft.VisualStudio.Validation.dll to C:\Program Files (x86)\Microsoft Visual Studio\2019\BuildTools\Common7\ServiceHub\Services\Microsoft.Developer.IdentityService\Microsoft.VisualStudio.Validation.dll
[1a64:0017][2019-09-25T22:13:26] Completed: Copying file /Contents/Common7/ServiceHub/Services/Microsoft.Developer.IdentityService/Microsoft.VisualStudio.Validation.dll to C:\Program Files (x86)\Microsoft Visual Studio\2019\BuildTools\Common7\ServiceHub\Services\Microsoft.Developer.IdentityService\Microsoft.VisualStudio.Validation.dll
[1a64:0017][2019-09-25T22:13:26] Timestamp updated for file 'C:\Program Files (x86)\Microsoft Visual Studio\2019\BuildTools\Common7\ServiceHub\Services\Microsoft.Developer.IdentityService\Microsoft.VisualStudio.Validation.dll'.
[1a64:0017][2019-09-25T22:13:26] Processing file /Contents/Common7/ServiceHub/Services/Microsoft.Developer.IdentityService/Mono.Posix.dll
[1a64:0017][2019-09-25T22:13:26] Started: Copying file /Contents/Common7/ServiceHub/Services/Microsoft.Developer.IdentityService/Mono.Posix.dll to C:\Program Files (x86)\Microsoft Visual Studio\2019\BuildTools\Common7\ServiceHub\Services\Microsoft.Developer.IdentityService\Mono.Posix.dll
[1a64:0017][2019-09-25T22:13:26] Completed: Copying file /Contents/Common7/ServiceHub/Services/Microsoft.Developer.IdentityService/Mono.Posix.dll to C:\Program Files (x86)\Microsoft Visual Studio\2019\BuildTools\Common7\ServiceHub\Services\Microsoft.Developer.IdentityService\Mono.Posix.dll
[1a64:0017][2019-09-25T22:13:26] Timestamp updated for file 'C:\Program Files (x86)\Microsoft Visual Studio\2019\BuildTools\Common7\ServiceHub\Services\Microsoft.Developer.IdentityService\Mono.Posix.dll'.
[1a64:0017][2019-09-25T22:13:26] Processing file /Contents/Common7/ServiceHub/Services/Microsoft.Developer.IdentityService/Newtonsoft.Json.dll
[1a64:0017][2019-09-25T22:13:26] Started: Copying file /Contents/Common7/ServiceHub/Services/Microsoft.Developer.IdentityService/Newtonsoft.Json.dll to C:\Program Files (x86)\Microsoft Visual Studio\2019\BuildTools\Common7\ServiceHub\Services\Microsoft.Developer.IdentityService\Newtonsoft.Json.dll
[1a64:0017][2019-09-25T22:13:26] Completed: Copying file /Contents/Common7/ServiceHub/Services/Microsoft.Developer.IdentityService/Newtonsoft.Json.dll to C:\Program Files (x86)\Microsoft Visual Studio\2019\BuildTools\Common7\ServiceHub\Services\Microsoft.Developer.IdentityService\Newtonsoft.Json.dll
[1a64:0017][2019-09-25T22:13:26] Timestamp updated for file 'C:\Program Files (x86)\Microsoft Visual Studio\2019\BuildTools\Common7\ServiceHub\Services\Microsoft.Developer.IdentityService\Newtonsoft.Json.dll'.
[1a64:0017][2019-09-25T22:13:26] Processing file /Contents/Common7/ServiceHub/Services/Microsoft.Developer.IdentityService/StreamJsonRpc.dll
[1a64:0017][2019-09-25T22:13:26] Started: Copying file /Contents/Common7/ServiceHub/Services/Microsoft.Developer.IdentityService/StreamJsonRpc.dll to C:\Program Files (x86)\Microsoft Visual Studio\2019\BuildTools\Common7\ServiceHub\Services\Microsoft.Developer.IdentityService\StreamJsonRpc.dll
[1a64:0017][2019-09-25T22:13:26] Completed: Copying file /Contents/Common7/ServiceHub/Services/Microsoft.Developer.IdentityService/StreamJsonRpc.dll to C:\Program Files (x86)\Microsoft Visual Studio\2019\BuildTools\Common7\ServiceHub\Services\Microsoft.Developer.IdentityService\StreamJsonRpc.dll
[1a64:0017][2019-09-25T22:13:26] Timestamp updated for file 'C:\Program Files (x86)\Microsoft Visual Studio\2019\BuildTools\Common7\ServiceHub\Services\Microsoft.Developer.IdentityService\StreamJsonRpc.dll'.
[1a64:0017][2019-09-25T22:13:26] Processing file /Contents/Common7/ServiceHub/Services/Microsoft.Developer.IdentityService/System.Collections.Immutable.dll
[1a64:0017][2019-09-25T22:13:26] Started: Copying file /Contents/Common7/ServiceHub/Services/Microsoft.Developer.IdentityService/System.Collections.Immutable.dll to C:\Program Files (x86)\Microsoft Visual Studio\2019\BuildTools\Common7\ServiceHub\Services\Microsoft.Developer.IdentityService\System.Collections.Immutable.dll
[1a64:0017][2019-09-25T22:13:26] Completed: Copying file /Contents/Common7/ServiceHub/Services/Microsoft.Developer.IdentityService/System.Collections.Immutable.dll to C:\Program Files (x86)\Microsoft Visual Studio\2019\BuildTools\Common7\ServiceHub\Services\Microsoft.Developer.IdentityService\System.Collections.Immutable.dll
[1a64:0017][2019-09-25T22:13:26] Timestamp updated for file 'C:\Program Files (x86)\Microsoft Visual Studio\2019\BuildTools\Common7\ServiceHub\Services\Microsoft.Developer.IdentityService\System.Collections.Immutable.dll'.
[1a64:0017][2019-09-25T22:13:26] Processing file /Contents/Common7/ServiceHub/Services/Microsoft.Developer.IdentityService/System.IdentityModel.Tokens.Jwt.dll
[1a64:0017][2019-09-25T22:13:26] Started: Copying file /Contents/Common7/ServiceHub/Services/Microsoft.Developer.IdentityService/System.IdentityModel.Tokens.Jwt.dll to C:\Program Files (x86)\Microsoft Visual Studio\2019\BuildTools\Common7\ServiceHub\Services\Microsoft.Developer.IdentityService\System.IdentityModel.Tokens.Jwt.dll
[1a64:0017][2019-09-25T22:13:26] Completed: Copying file /Contents/Common7/ServiceHub/Services/Microsoft.Developer.IdentityService/System.IdentityModel.Tokens.Jwt.dll to C:\Program Files (x86)\Microsoft Visual Studio\2019\BuildTools\Common7\ServiceHub\Services\Microsoft.Developer.IdentityService\System.IdentityModel.Tokens.Jwt.dll
[1a64:0017][2019-09-25T22:13:26] Timestamp updated for file 'C:\Program Files (x86)\Microsoft Visual Studio\2019\BuildTools\Common7\ServiceHub\Services\Microsoft.Developer.IdentityService\System.IdentityModel.Tokens.Jwt.dll'.
[1a64:0017][2019-09-25T22:13:26] Processing file /Contents/Common7/ServiceHub/Services/Microsoft.Developer.IdentityService/System.Net.Http.Formatting.dll
[1a64:0017][2019-09-25T22:13:26] Started: Copying file /Contents/Common7/ServiceHub/Services/Microsoft.Developer.IdentityService/System.Net.Http.Formatting.dll to C:\Program Files (x86)\Microsoft Visual Studio\2019\BuildTools\Common7\ServiceHub\Services\Microsoft.Developer.IdentityService\System.Net.Http.Formatting.dll
[1a64:0017][2019-09-25T22:13:26] Completed: Copying file /Contents/Common7/ServiceHub/Services/Microsoft.Developer.IdentityService/System.Net.Http.Formatting.dll to C:\Program Files (x86)\Microsoft Visual Studio\2019\BuildTools\Common7\ServiceHub\Services\Microsoft.Developer.IdentityService\System.Net.Http.Formatting.dll
[1a64:0017][2019-09-25T22:13:26] Timestamp updated for file 'C:\Program Files (x86)\Microsoft Visual Studio\2019\BuildTools\Common7\ServiceHub\Services\Microsoft.Developer.IdentityService\System.Net.Http.Formatting.dll'.
[1a64:0017][2019-09-25T22:13:26] Processing file /Contents/Common7/ServiceHub/Services/Microsoft.Developer.IdentityService/System.Spatial.dll
[1a64:0017][2019-09-25T22:13:26] Started: Copying file /Contents/Common7/ServiceHub/Services/Microsoft.Developer.IdentityService/System.Spatial.dll to C:\Program Files (x86)\Microsoft Visual Studio\2019\BuildTools\Common7\ServiceHub\Services\Microsoft.Developer.IdentityService\System.Spatial.dll
[1a64:0017][2019-09-25T22:13:26] Completed: Copying file /Contents/Common7/ServiceHub/Services/Microsoft.Developer.IdentityService/System.Spatial.dll to C:\Program Files (x86)\Microsoft Visual Studio\2019\BuildTools\Common7\ServiceHub\Services\Microsoft.Developer.IdentityService\System.Spatial.dll
[1a64:0017][2019-09-25T22:13:26] Timestamp updated for file 'C:\Program Files (x86)\Microsoft Visual Studio\2019\BuildTools\Common7\ServiceHub\Services\Microsoft.Developer.IdentityService\System.Spatial.dll'.
[1a64:0017][2019-09-25T22:13:26] Processing file /Contents/Common7/ServiceHub/Services/Microsoft.Developer.Settings/e_sqlite3.dll
[1a64:0017][2019-09-25T22:13:26] Started: Copying file /Contents/Common7/ServiceHub/Services/Microsoft.Developer.Settings/e_sqlite3.dll to C:\Program Files (x86)\Microsoft Visual Studio\2019\BuildTools\Common7\ServiceHub\Services\Microsoft.Developer.Settings\e_sqlite3.dll
[1a64:0017][2019-09-25T22:13:26] Completed: Copying file /Contents/Common7/ServiceHub/Services/Microsoft.Developer.Settings/e_sqlite3.dll to C:\Program Files (x86)\Microsoft Visual Studio\2019\BuildTools\Common7\ServiceHub\Services\Microsoft.Developer.Settings\e_sqlite3.dll
[1a64:0017][2019-09-25T22:13:26] Timestamp updated for file 'C:\Program Files (x86)\Microsoft Visual Studio\2019\BuildTools\Common7\ServiceHub\Services\Microsoft.Developer.Settings\e_sqlite3.dll'.
[1a64:0017][2019-09-25T22:13:26] Processing file /Contents/Common7/ServiceHub/Services/Microsoft.Developer.Settings/Microsoft.Developer.Settings.dll
[1a64:0017][2019-09-25T22:13:26] Started: Copying file /Contents/Common7/ServiceHub/Services/Microsoft.Developer.Settings/Microsoft.Developer.Settings.dll to C:\Program Files (x86)\Microsoft Visual Studio\2019\BuildTools\Common7\ServiceHub\Services\Microsoft.Developer.Settings\Microsoft.Developer.Settings.dll
[1a64:0017][2019-09-25T22:13:26] Completed: Copying file /Contents/Common7/ServiceHub/Services/Microsoft.Developer.Settings/Microsoft.Developer.Settings.dll to C:\Program Files (x86)\Microsoft Visual Studio\2019\BuildTools\Common7\ServiceHub\Services\Microsoft.Developer.Settings\Microsoft.Developer.Settings.dll
[1a64:0017][2019-09-25T22:13:26] Timestamp updated for file 'C:\Program Files (x86)\Microsoft Visual Studio\2019\BuildTools\Common7\ServiceHub\Services\Microsoft.Developer.Settings\Microsoft.Developer.Settings.dll'.
[1a64:0017][2019-09-25T22:13:26] Queueing C:\Program Files (x86)\Microsoft Visual Studio\2019\BuildTools\Common7\ServiceHub\Services\Microsoft.Developer.Settings\Microsoft.Developer.Settings.dll for X86 ngen
[1a64:0017][2019-09-25T22:13:26] Successfully queued file '/Contents/Common7/ServiceHub/Services/Microsoft.Developer.Settings/Microsoft.Developer.Settings.dll' for ngen
[1a64:0017][2019-09-25T22:13:26] Processing file /Contents/Common7/ServiceHub/Services/Microsoft.Developer.Settings/Microsoft.Developer.Settings.servicehub.service.json
[1a64:0017][2019-09-25T22:13:26] Started: Copying file /Contents/Common7/ServiceHub/Services/Microsoft.Developer.Settings/Microsoft.Developer.Settings.servicehub.service.json to C:\Program Files (x86)\Microsoft Visual Studio\2019\BuildTools\Common7\ServiceHub\Services\Microsoft.Developer.Settings\Microsoft.Developer.Settings.servicehub.service.json
[1a64:0017][2019-09-25T22:13:26] Completed: Copying file /Contents/Common7/ServiceHub/Services/Microsoft.Developer.Settings/Microsoft.Developer.Settings.servicehub.service.json to C:\Program Files (x86)\Microsoft Visual Studio\2019\BuildTools\Common7\ServiceHub\Services\Microsoft.Developer.Settings\Microsoft.Developer.Settings.servicehub.service.json
[1a64:0017][2019-09-25T22:13:26] Timestamp updated for file 'C:\Program Files (x86)\Microsoft Visual Studio\2019\BuildTools\Common7\ServiceHub\Services\Microsoft.Developer.Settings\Microsoft.Developer.Settings.servicehub.service.json'.
[1a64:0017][2019-09-25T22:13:26] Processing file /Contents/Common7/ServiceHub/Services/Microsoft.Developer.Settings/msvcr110.dll
[1a64:0017][2019-09-25T22:13:26] Started: Copying file /Contents/Common7/ServiceHub/Services/Microsoft.Developer.Settings/msvcr110.dll to C:\Program Files (x86)\Microsoft Visual Studio\2019\BuildTools\Common7\ServiceHub\Services\Microsoft.Developer.Settings\msvcr110.dll
[1a64:0017][2019-09-25T22:13:26] Completed: Copying file /Contents/Common7/ServiceHub/Services/Microsoft.Developer.Settings/msvcr110.dll to C:\Program Files (x86)\Microsoft Visual Studio\2019\BuildTools\Common7\ServiceHub\Services\Microsoft.Developer.Settings\msvcr110.dll
[1a64:0017][2019-09-25T22:13:26] Timestamp updated for file 'C:\Program Files (x86)\Microsoft Visual Studio\2019\BuildTools\Common7\ServiceHub\Services\Microsoft.Developer.Settings\msvcr110.dll'.
[1a64:0017][2019-09-25T22:13:26] Processing file /Contents/Common7/ServiceHub/Services/Microsoft.Developer.Settings/SQLite-net.dll
[1a64:0017][2019-09-25T22:13:26] Started: Copying file /Contents/Common7/ServiceHub/Services/Microsoft.Developer.Settings/SQLite-net.dll to C:\Program Files (x86)\Microsoft Visual Studio\2019\BuildTools\Common7\ServiceHub\Services\Microsoft.Developer.Settings\SQLite-net.dll
[1a64:0017][2019-09-25T22:13:26] Completed: Copying file /Contents/Common7/ServiceHub/Services/Microsoft.Developer.Settings/SQLite-net.dll to C:\Program Files (x86)\Microsoft Visual Studio\2019\BuildTools\Common7\ServiceHub\Services\Microsoft.Developer.Settings\SQLite-net.dll
[1a64:0017][2019-09-25T22:13:26] Timestamp updated for file 'C:\Program Files (x86)\Microsoft Visual Studio\2019\BuildTools\Common7\ServiceHub\Services\Microsoft.Developer.Settings\SQLite-net.dll'.
[1a64:0017][2019-09-25T22:13:26] Processing file /Contents/Common7/ServiceHub/Services/Microsoft.Developer.Settings/SQLitePCLRaw.batteries_v2.dll
[1a64:0017][2019-09-25T22:13:26] Started: Copying file /Contents/Common7/ServiceHub/Services/Microsoft.Developer.Settings/SQLitePCLRaw.batteries_v2.dll to C:\Program Files (x86)\Microsoft Visual Studio\2019\BuildTools\Common7\ServiceHub\Services\Microsoft.Developer.Settings\SQLitePCLRaw.batteries_v2.dll
[1a64:0017][2019-09-25T22:13:26] Completed: Copying file /Contents/Common7/ServiceHub/Services/Microsoft.Developer.Settings/SQLitePCLRaw.batteries_v2.dll to C:\Program Files (x86)\Microsoft Visual Studio\2019\BuildTools\Common7\ServiceHub\Services\Microsoft.Developer.Settings\SQLitePCLRaw.batteries_v2.dll
[1a64:0017][2019-09-25T22:13:26] Timestamp updated for file 'C:\Program Files (x86)\Microsoft Visual Studio\2019\BuildTools\Common7\ServiceHub\Services\Microsoft.Developer.Settings\SQLitePCLRaw.batteries_v2.dll'.
[1a64:0017][2019-09-25T22:13:26] Processing file /Contents/Common7/ServiceHub/Services/Microsoft.Developer.Settings/SQLitePCLRaw.core.dll
[1a64:0017][2019-09-25T22:13:26] Started: Copying file /Contents/Common7/ServiceHub/Services/Microsoft.Developer.Settings/SQLitePCLRaw.core.dll to C:\Program Files (x86)\Microsoft Visual Studio\2019\BuildTools\Common7\ServiceHub\Services\Microsoft.Developer.Settings\SQLitePCLRaw.core.dll
[1a64:0017][2019-09-25T22:13:26] Completed: Copying file /Contents/Common7/ServiceHub/Services/Microsoft.Developer.Settings/SQLitePCLRaw.core.dll to C:\Program Files (x86)\Microsoft Visual Studio\2019\BuildTools\Common7\ServiceHub\Services\Microsoft.Developer.Settings\SQLitePCLRaw.core.dll
[1a64:0017][2019-09-25T22:13:26] Timestamp updated for file 'C:\Program Files (x86)\Microsoft Visual Studio\2019\BuildTools\Common7\ServiceHub\Services\Microsoft.Developer.Settings\SQLitePCLRaw.core.dll'.
[1a64:0017][2019-09-25T22:13:26] Processing file /Contents/Common7/ServiceHub/Services/Microsoft.Developer.Settings/SQLitePCLRaw.provider.e_sqlite3.dll
[1a64:0017][2019-09-25T22:13:26] Started: Copying file /Contents/Common7/ServiceHub/Services/Microsoft.Developer.Settings/SQLitePCLRaw.provider.e_sqlite3.dll to C:\Program Files (x86)\Microsoft Visual Studio\2019\BuildTools\Common7\ServiceHub\Services\Microsoft.Developer.Settings\SQLitePCLRaw.provider.e_sqlite3.dll
[1a64:0017][2019-09-25T22:13:26] Completed: Copying file /Contents/Common7/ServiceHub/Services/Microsoft.Developer.Settings/SQLitePCLRaw.provider.e_sqlite3.dll to C:\Program Files (x86)\Microsoft Visual Studio\2019\BuildTools\Common7\ServiceHub\Services\Microsoft.Developer.Settings\SQLitePCLRaw.provider.e_sqlite3.dll
[1a64:0017][2019-09-25T22:13:26] Timestamp updated for file 'C:\Program Files (x86)\Microsoft Visual Studio\2019\BuildTools\Common7\ServiceHub\Services\Microsoft.Developer.Settings\SQLitePCLRaw.provider.e_sqlite3.dll'.
[1a64:0017][2019-09-25T22:13:26] Package executed successfully. Return code: 0
