[1a64:0017][2019-09-25T22:11:36] Opening the package for processing
[1a64:0017][2019-09-25T22:11:36] Using package payload to get the embedded manifest
[1a64:0017][2019-09-25T22:11:36] Getting list of files within the package
[1a64:0017][2019-09-25T22:11:36] Processing file /Contents/VC/Tools/MSVC/14.23.28105/lib/onecore/x86/diaguids.lib
[1a64:0017][2019-09-25T22:11:36] Started: Copying file /Contents/VC/Tools/MSVC/14.23.28105/lib/onecore/x86/diaguids.lib to C:\Program Files (x86)\Microsoft Visual Studio\2019\BuildTools\VC\Tools\MSVC\14.23.28105\lib\onecore\x86\diaguids.lib
[1a64:0017][2019-09-25T22:11:36] Completed: Copying file /Contents/VC/Tools/MSVC/14.23.28105/lib/onecore/x86/diaguids.lib to C:\Program Files (x86)\Microsoft Visual Studio\2019\BuildTools\VC\Tools\MSVC\14.23.28105\lib\onecore\x86\diaguids.lib
[1a64:0017][2019-09-25T22:11:36] Timestamp updated for file 'C:\Program Files (x86)\Microsoft Visual Studio\2019\BuildTools\VC\Tools\MSVC\14.23.28105\lib\onecore\x86\diaguids.lib'.
[1a64:0017][2019-09-25T22:11:36] Processing file /Contents/VC/Tools/MSVC/14.23.28105/lib/onecore/x86/exe_initialize_mta.lib
[1a64:0017][2019-09-25T22:11:36] Started: Copying file /Contents/VC/Tools/MSVC/14.23.28105/lib/onecore/x86/exe_initialize_mta.lib to C:\Program Files (x86)\Microsoft Visual Studio\2019\BuildTools\VC\Tools\MSVC\14.23.28105\lib\onecore\x86\exe_initialize_mta.lib
[1a64:0017][2019-09-25T22:11:36] Completed: Copying file /Contents/VC/Tools/MSVC/14.23.28105/lib/onecore/x86/exe_initialize_mta.lib to C:\Program Files (x86)\Microsoft Visual Studio\2019\BuildTools\VC\Tools\MSVC\14.23.28105\lib\onecore\x86\exe_initialize_mta.lib
[1a64:0017][2019-09-25T22:11:36] Timestamp updated for file 'C:\Program Files (x86)\Microsoft Visual Studio\2019\BuildTools\VC\Tools\MSVC\14.23.28105\lib\onecore\x86\exe_initialize_mta.lib'.
[1a64:0017][2019-09-25T22:11:36] Processing file /Contents/VC/Tools/MSVC/14.23.28105/lib/onecore/x86/iso_stdio_wide_specifiers.lib
[1a64:0017][2019-09-25T22:11:36] Started: Copying file /Contents/VC/Tools/MSVC/14.23.28105/lib/onecore/x86/iso_stdio_wide_specifiers.lib to C:\Program Files (x86)\Microsoft Visual Studio\2019\BuildTools\VC\Tools\MSVC\14.23.28105\lib\onecore\x86\iso_stdio_wide_specifiers.lib
[1a64:0017][2019-09-25T22:11:36] Completed: Copying file /Contents/VC/Tools/MSVC/14.23.28105/lib/onecore/x86/iso_stdio_wide_specifiers.lib to C:\Program Files (x86)\Microsoft Visual Studio\2019\BuildTools\VC\Tools\MSVC\14.23.28105\lib\onecore\x86\iso_stdio_wide_specifiers.lib
[1a64:0017][2019-09-25T22:11:36] Timestamp updated for file 'C:\Program Files (x86)\Microsoft Visual Studio\2019\BuildTools\VC\Tools\MSVC\14.23.28105\lib\onecore\x86\iso_stdio_wide_specifiers.lib'.
[1a64:0017][2019-09-25T22:11:36] Processing file /Contents/VC/Tools/MSVC/14.23.28105/lib/onecore/x86/legacy_stdio_definitions.lib
[1a64:0017][2019-09-25T22:11:36] Started: Copying file /Contents/VC/Tools/MSVC/14.23.28105/lib/onecore/x86/legacy_stdio_definitions.lib to C:\Program Files (x86)\Microsoft Visual Studio\2019\BuildTools\VC\Tools\MSVC\14.23.28105\lib\onecore\x86\legacy_stdio_definitions.lib
[1a64:0017][2019-09-25T22:11:36] Completed: Copying file /Contents/VC/Tools/MSVC/14.23.28105/lib/onecore/x86/legacy_stdio_definitions.lib to C:\Program Files (x86)\Microsoft Visual Studio\2019\BuildTools\VC\Tools\MSVC\14.23.28105\lib\onecore\x86\legacy_stdio_definitions.lib
[1a64:0017][2019-09-25T22:11:36] Timestamp updated for file 'C:\Program Files (x86)\Microsoft Visual Studio\2019\BuildTools\VC\Tools\MSVC\14.23.28105\lib\onecore\x86\legacy_stdio_definitions.lib'.
[1a64:0017][2019-09-25T22:11:36] Processing file /Contents/VC/Tools/MSVC/14.23.28105/lib/onecore/x86/legacy_stdio_wide_specifiers.lib
[1a64:0017][2019-09-25T22:11:36] Started: Copying file /Contents/VC/Tools/MSVC/14.23.28105/lib/onecore/x86/legacy_stdio_wide_specifiers.lib to C:\Program Files (x86)\Microsoft Visual Studio\2019\BuildTools\VC\Tools\MSVC\14.23.28105\lib\onecore\x86\legacy_stdio_wide_specifiers.lib
[1a64:0017][2019-09-25T22:11:36] Completed: Copying file /Contents/VC/Tools/MSVC/14.23.28105/lib/onecore/x86/legacy_stdio_wide_specifiers.lib to C:\Program Files (x86)\Microsoft Visual Studio\2019\BuildTools\VC\Tools\MSVC\14.23.28105\lib\onecore\x86\legacy_stdio_wide_specifiers.lib
[1a64:0017][2019-09-25T22:11:36] Timestamp updated for file 'C:\Program Files (x86)\Microsoft Visual Studio\2019\BuildTools\VC\Tools\MSVC\14.23.28105\lib\onecore\x86\legacy_stdio_wide_specifiers.lib'.
[1a64:0017][2019-09-25T22:11:36] Processing file /Contents/VC/Tools/MSVC/14.23.28105/lib/onecore/x86/legacy_x86_flt_exceptions.lib
[1a64:0017][2019-09-25T22:11:36] Started: Copying file /Contents/VC/Tools/MSVC/14.23.28105/lib/onecore/x86/legacy_x86_flt_exceptions.lib to C:\Program Files (x86)\Microsoft Visual Studio\2019\BuildTools\VC\Tools\MSVC\14.23.28105\lib\onecore\x86\legacy_x86_flt_exceptions.lib
[1a64:0017][2019-09-25T22:11:36] Completed: Copying file /Contents/VC/Tools/MSVC/14.23.28105/lib/onecore/x86/legacy_x86_flt_exceptions.lib to C:\Program Files (x86)\Microsoft Visual Studio\2019\BuildTools\VC\Tools\MSVC\14.23.28105\lib\onecore\x86\legacy_x86_flt_exceptions.lib
[1a64:0017][2019-09-25T22:11:36] Timestamp updated for file 'C:\Program Files (x86)\Microsoft Visual Studio\2019\BuildTools\VC\Tools\MSVC\14.23.28105\lib\onecore\x86\legacy_x86_flt_exceptions.lib'.
[1a64:0017][2019-09-25T22:11:36] Processing file /Contents/VC/Tools/MSVC/14.23.28105/lib/onecore/x86/libcmt.i386.onecore.pdb
[1a64:0017][2019-09-25T22:11:36] Started: Copying file /Contents/VC/Tools/MSVC/14.23.28105/lib/onecore/x86/libcmt.i386.onecore.pdb to C:\Program Files (x86)\Microsoft Visual Studio\2019\BuildTools\VC\Tools\MSVC\14.23.28105\lib\onecore\x86\libcmt.i386.onecore.pdb
[1a64:0017][2019-09-25T22:11:36] Completed: Copying file /Contents/VC/Tools/MSVC/14.23.28105/lib/onecore/x86/libcmt.i386.onecore.pdb to C:\Program Files (x86)\Microsoft Visual Studio\2019\BuildTools\VC\Tools\MSVC\14.23.28105\lib\onecore\x86\libcmt.i386.onecore.pdb
[1a64:0017][2019-09-25T22:11:36] Timestamp updated for file 'C:\Program Files (x86)\Microsoft Visual Studio\2019\BuildTools\VC\Tools\MSVC\14.23.28105\lib\onecore\x86\libcmt.i386.onecore.pdb'.
[1a64:0017][2019-09-25T22:11:36] Processing file /Contents/VC/Tools/MSVC/14.23.28105/lib/onecore/x86/libcmt.lib
[1a64:0017][2019-09-25T22:11:36] Started: Copying file /Contents/VC/Tools/MSVC/14.23.28105/lib/onecore/x86/libcmt.lib to C:\Program Files (x86)\Microsoft Visual Studio\2019\BuildTools\VC\Tools\MSVC\14.23.28105\lib\onecore\x86\libcmt.lib
[1a64:0017][2019-09-25T22:11:36] Completed: Copying file /Contents/VC/Tools/MSVC/14.23.28105/lib/onecore/x86/libcmt.lib to C:\Program Files (x86)\Microsoft Visual Studio\2019\BuildTools\VC\Tools\MSVC\14.23.28105\lib\onecore\x86\libcmt.lib
[1a64:0017][2019-09-25T22:11:36] Timestamp updated for file 'C:\Program Files (x86)\Microsoft Visual Studio\2019\BuildTools\VC\Tools\MSVC\14.23.28105\lib\onecore\x86\libcmt.lib'.
[1a64:0017][2019-09-25T22:11:36] Processing file /Contents/VC/Tools/MSVC/14.23.28105/lib/onecore/x86/libcmtd.i386.onecore.pdb
[1a64:0017][2019-09-25T22:11:36] Started: Copying file /Contents/VC/Tools/MSVC/14.23.28105/lib/onecore/x86/libcmtd.i386.onecore.pdb to C:\Program Files (x86)\Microsoft Visual Studio\2019\BuildTools\VC\Tools\MSVC\14.23.28105\lib\onecore\x86\libcmtd.i386.onecore.pdb
[1a64:0017][2019-09-25T22:11:36] Completed: Copying file /Contents/VC/Tools/MSVC/14.23.28105/lib/onecore/x86/libcmtd.i386.onecore.pdb to C:\Program Files (x86)\Microsoft Visual Studio\2019\BuildTools\VC\Tools\MSVC\14.23.28105\lib\onecore\x86\libcmtd.i386.onecore.pdb
[1a64:0017][2019-09-25T22:11:36] Timestamp updated for file 'C:\Program Files (x86)\Microsoft Visual Studio\2019\BuildTools\VC\Tools\MSVC\14.23.28105\lib\onecore\x86\libcmtd.i386.onecore.pdb'.
[1a64:0017][2019-09-25T22:11:36] Processing file /Contents/VC/Tools/MSVC/14.23.28105/lib/onecore/x86/libcmtd.lib
[1a64:0017][2019-09-25T22:11:36] Started: Copying file /Contents/VC/Tools/MSVC/14.23.28105/lib/onecore/x86/libcmtd.lib to C:\Program Files (x86)\Microsoft Visual Studio\2019\BuildTools\VC\Tools\MSVC\14.23.28105\lib\onecore\x86\libcmtd.lib
[1a64:0017][2019-09-25T22:11:36] Completed: Copying file /Contents/VC/Tools/MSVC/14.23.28105/lib/onecore/x86/libcmtd.lib to C:\Program Files (x86)\Microsoft Visual Studio\2019\BuildTools\VC\Tools\MSVC\14.23.28105\lib\onecore\x86\libcmtd.lib
[1a64:0017][2019-09-25T22:11:36] Timestamp updated for file 'C:\Program Files (x86)\Microsoft Visual Studio\2019\BuildTools\VC\Tools\MSVC\14.23.28105\lib\onecore\x86\libcmtd.lib'.
[1a64:0017][2019-09-25T22:11:36] Processing file /Contents/VC/Tools/MSVC/14.23.28105/lib/onecore/x86/libconcrt.i386.onecore.pdb
[1a64:0017][2019-09-25T22:11:36] Started: Copying file /Contents/VC/Tools/MSVC/14.23.28105/lib/onecore/x86/libconcrt.i386.onecore.pdb to C:\Program Files (x86)\Microsoft Visual Studio\2019\BuildTools\VC\Tools\MSVC\14.23.28105\lib\onecore\x86\libconcrt.i386.onecore.pdb
[1a64:0017][2019-09-25T22:11:36] Completed: Copying file /Contents/VC/Tools/MSVC/14.23.28105/lib/onecore/x86/libconcrt.i386.onecore.pdb to C:\Program Files (x86)\Microsoft Visual Studio\2019\BuildTools\VC\Tools\MSVC\14.23.28105\lib\onecore\x86\libconcrt.i386.onecore.pdb
[1a64:0017][2019-09-25T22:11:36] Timestamp updated for file 'C:\Program Files (x86)\Microsoft Visual Studio\2019\BuildTools\VC\Tools\MSVC\14.23.28105\lib\onecore\x86\libconcrt.i386.onecore.pdb'.
[1a64:0017][2019-09-25T22:11:36] Processing file /Contents/VC/Tools/MSVC/14.23.28105/lib/onecore/x86/libconcrt.lib
[1a64:0017][2019-09-25T22:11:36] Started: Copying file /Contents/VC/Tools/MSVC/14.23.28105/lib/onecore/x86/libconcrt.lib to C:\Program Files (x86)\Microsoft Visual Studio\2019\BuildTools\VC\Tools\MSVC\14.23.28105\lib\onecore\x86\libconcrt.lib
[1a64:0017][2019-09-25T22:11:36] Completed: Copying file /Contents/VC/Tools/MSVC/14.23.28105/lib/onecore/x86/libconcrt.lib to C:\Program Files (x86)\Microsoft Visual Studio\2019\BuildTools\VC\Tools\MSVC\14.23.28105\lib\onecore\x86\libconcrt.lib
[1a64:0017][2019-09-25T22:11:36] Timestamp updated for file 'C:\Program Files (x86)\Microsoft Visual Studio\2019\BuildTools\VC\Tools\MSVC\14.23.28105\lib\onecore\x86\libconcrt.lib'.
[1a64:0017][2019-09-25T22:11:36] Processing file /Contents/VC/Tools/MSVC/14.23.28105/lib/onecore/x86/libconcrt1.i386.onecore.pdb
[1a64:0017][2019-09-25T22:11:36] Started: Copying file /Contents/VC/Tools/MSVC/14.23.28105/lib/onecore/x86/libconcrt1.i386.onecore.pdb to C:\Program Files (x86)\Microsoft Visual Studio\2019\BuildTools\VC\Tools\MSVC\14.23.28105\lib\onecore\x86\libconcrt1.i386.onecore.pdb
[1a64:0017][2019-09-25T22:11:36] Completed: Copying file /Contents/VC/Tools/MSVC/14.23.28105/lib/onecore/x86/libconcrt1.i386.onecore.pdb to C:\Program Files (x86)\Microsoft Visual Studio\2019\BuildTools\VC\Tools\MSVC\14.23.28105\lib\onecore\x86\libconcrt1.i386.onecore.pdb
[1a64:0017][2019-09-25T22:11:36] Timestamp updated for file 'C:\Program Files (x86)\Microsoft Visual Studio\2019\BuildTools\VC\Tools\MSVC\14.23.28105\lib\onecore\x86\libconcrt1.i386.onecore.pdb'.
[1a64:0017][2019-09-25T22:11:36] Processing file /Contents/VC/Tools/MSVC/14.23.28105/lib/onecore/x86/libconcrt1.lib
[1a64:0017][2019-09-25T22:11:36] Started: Copying file /Contents/VC/Tools/MSVC/14.23.28105/lib/onecore/x86/libconcrt1.lib to C:\Program Files (x86)\Microsoft Visual Studio\2019\BuildTools\VC\Tools\MSVC\14.23.28105\lib\onecore\x86\libconcrt1.lib
[1a64:0017][2019-09-25T22:11:36] Completed: Copying file /Contents/VC/Tools/MSVC/14.23.28105/lib/onecore/x86/libconcrt1.lib to C:\Program Files (x86)\Microsoft Visual Studio\2019\BuildTools\VC\Tools\MSVC\14.23.28105\lib\onecore\x86\libconcrt1.lib
[1a64:0017][2019-09-25T22:11:36] Timestamp updated for file 'C:\Program Files (x86)\Microsoft Visual Studio\2019\BuildTools\VC\Tools\MSVC\14.23.28105\lib\onecore\x86\libconcrt1.lib'.
[1a64:0017][2019-09-25T22:11:36] Processing file /Contents/VC/Tools/MSVC/14.23.28105/lib/onecore/x86/libconcrtd.i386.onecore.pdb
[1a64:0017][2019-09-25T22:11:36] Started: Copying file /Contents/VC/Tools/MSVC/14.23.28105/lib/onecore/x86/libconcrtd.i386.onecore.pdb to C:\Program Files (x86)\Microsoft Visual Studio\2019\BuildTools\VC\Tools\MSVC\14.23.28105\lib\onecore\x86\libconcrtd.i386.onecore.pdb
[1a64:0017][2019-09-25T22:11:36] Completed: Copying file /Contents/VC/Tools/MSVC/14.23.28105/lib/onecore/x86/libconcrtd.i386.onecore.pdb to C:\Program Files (x86)\Microsoft Visual Studio\2019\BuildTools\VC\Tools\MSVC\14.23.28105\lib\onecore\x86\libconcrtd.i386.onecore.pdb
[1a64:0017][2019-09-25T22:11:36] Timestamp updated for file 'C:\Program Files (x86)\Microsoft Visual Studio\2019\BuildTools\VC\Tools\MSVC\14.23.28105\lib\onecore\x86\libconcrtd.i386.onecore.pdb'.
[1a64:0017][2019-09-25T22:11:36] Processing file /Contents/VC/Tools/MSVC/14.23.28105/lib/onecore/x86/libconcrtd.lib
[1a64:0017][2019-09-25T22:11:36] Started: Copying file /Contents/VC/Tools/MSVC/14.23.28105/lib/onecore/x86/libconcrtd.lib to C:\Program Files (x86)\Microsoft Visual Studio\2019\BuildTools\VC\Tools\MSVC\14.23.28105\lib\onecore\x86\libconcrtd.lib
[1a64:0017][2019-09-25T22:11:37] Completed: Copying file /Contents/VC/Tools/MSVC/14.23.28105/lib/onecore/x86/libconcrtd.lib to C:\Program Files (x86)\Microsoft Visual Studio\2019\BuildTools\VC\Tools\MSVC\14.23.28105\lib\onecore\x86\libconcrtd.lib
[1a64:0017][2019-09-25T22:11:37] Timestamp updated for file 'C:\Program Files (x86)\Microsoft Visual Studio\2019\BuildTools\VC\Tools\MSVC\14.23.28105\lib\onecore\x86\libconcrtd.lib'.
[1a64:0017][2019-09-25T22:11:37] Processing file /Contents/VC/Tools/MSVC/14.23.28105/lib/onecore/x86/libconcrtd0.i386.onecore.pdb
[1a64:0017][2019-09-25T22:11:37] Started: Copying file /Contents/VC/Tools/MSVC/14.23.28105/lib/onecore/x86/libconcrtd0.i386.onecore.pdb to C:\Program Files (x86)\Microsoft Visual Studio\2019\BuildTools\VC\Tools\MSVC\14.23.28105\lib\onecore\x86\libconcrtd0.i386.onecore.pdb
[1a64:0017][2019-09-25T22:11:37] Completed: Copying file /Contents/VC/Tools/MSVC/14.23.28105/lib/onecore/x86/libconcrtd0.i386.onecore.pdb to C:\Program Files (x86)\Microsoft Visual Studio\2019\BuildTools\VC\Tools\MSVC\14.23.28105\lib\onecore\x86\libconcrtd0.i386.onecore.pdb
[1a64:0017][2019-09-25T22:11:37] Timestamp updated for file 'C:\Program Files (x86)\Microsoft Visual Studio\2019\BuildTools\VC\Tools\MSVC\14.23.28105\lib\onecore\x86\libconcrtd0.i386.onecore.pdb'.
[1a64:0017][2019-09-25T22:11:37] Processing file /Contents/VC/Tools/MSVC/14.23.28105/lib/onecore/x86/libconcrtd0.lib
[1a64:0017][2019-09-25T22:11:37] Started: Copying file /Contents/VC/Tools/MSVC/14.23.28105/lib/onecore/x86/libconcrtd0.lib to C:\Program Files (x86)\Microsoft Visual Studio\2019\BuildTools\VC\Tools\MSVC\14.23.28105\lib\onecore\x86\libconcrtd0.lib
[1a64:0017][2019-09-25T22:11:37] Completed: Copying file /Contents/VC/Tools/MSVC/14.23.28105/lib/onecore/x86/libconcrtd0.lib to C:\Program Files (x86)\Microsoft Visual Studio\2019\BuildTools\VC\Tools\MSVC\14.23.28105\lib\onecore\x86\libconcrtd0.lib
[1a64:0017][2019-09-25T22:11:37] Timestamp updated for file 'C:\Program Files (x86)\Microsoft Visual Studio\2019\BuildTools\VC\Tools\MSVC\14.23.28105\lib\onecore\x86\libconcrtd0.lib'.
[1a64:0017][2019-09-25T22:11:37] Processing file /Contents/VC/Tools/MSVC/14.23.28105/lib/onecore/x86/libconcrtd1.i386.onecore.pdb
[1a64:0017][2019-09-25T22:11:37] Started: Copying file /Contents/VC/Tools/MSVC/14.23.28105/lib/onecore/x86/libconcrtd1.i386.onecore.pdb to C:\Program Files (x86)\Microsoft Visual Studio\2019\BuildTools\VC\Tools\MSVC\14.23.28105\lib\onecore\x86\libconcrtd1.i386.onecore.pdb
[1a64:0017][2019-09-25T22:11:37] Completed: Copying file /Contents/VC/Tools/MSVC/14.23.28105/lib/onecore/x86/libconcrtd1.i386.onecore.pdb to C:\Program Files (x86)\Microsoft Visual Studio\2019\BuildTools\VC\Tools\MSVC\14.23.28105\lib\onecore\x86\libconcrtd1.i386.onecore.pdb
[1a64:0017][2019-09-25T22:11:37] Timestamp updated for file 'C:\Program Files (x86)\Microsoft Visual Studio\2019\BuildTools\VC\Tools\MSVC\14.23.28105\lib\onecore\x86\libconcrtd1.i386.onecore.pdb'.
[1a64:0017][2019-09-25T22:11:37] Processing file /Contents/VC/Tools/MSVC/14.23.28105/lib/onecore/x86/libconcrtd1.lib
[1a64:0017][2019-09-25T22:11:37] Started: Copying file /Contents/VC/Tools/MSVC/14.23.28105/lib/onecore/x86/libconcrtd1.lib to C:\Program Files (x86)\Microsoft Visual Studio\2019\BuildTools\VC\Tools\MSVC\14.23.28105\lib\onecore\x86\libconcrtd1.lib
[1a64:0017][2019-09-25T22:11:37] Completed: Copying file /Contents/VC/Tools/MSVC/14.23.28105/lib/onecore/x86/libconcrtd1.lib to C:\Program Files (x86)\Microsoft Visual Studio\2019\BuildTools\VC\Tools\MSVC\14.23.28105\lib\onecore\x86\libconcrtd1.lib
[1a64:0017][2019-09-25T22:11:37] Timestamp updated for file 'C:\Program Files (x86)\Microsoft Visual Studio\2019\BuildTools\VC\Tools\MSVC\14.23.28105\lib\onecore\x86\libconcrtd1.lib'.
[1a64:0017][2019-09-25T22:11:37] Processing file /Contents/VC/Tools/MSVC/14.23.28105/lib/onecore/x86/libcpmt.i386.onecore.pdb
[1a64:0017][2019-09-25T22:11:37] Started: Copying file /Contents/VC/Tools/MSVC/14.23.28105/lib/onecore/x86/libcpmt.i386.onecore.pdb to C:\Program Files (x86)\Microsoft Visual Studio\2019\BuildTools\VC\Tools\MSVC\14.23.28105\lib\onecore\x86\libcpmt.i386.onecore.pdb
[1a64:0017][2019-09-25T22:11:37] Completed: Copying file /Contents/VC/Tools/MSVC/14.23.28105/lib/onecore/x86/libcpmt.i386.onecore.pdb to C:\Program Files (x86)\Microsoft Visual Studio\2019\BuildTools\VC\Tools\MSVC\14.23.28105\lib\onecore\x86\libcpmt.i386.onecore.pdb
[1a64:0017][2019-09-25T22:11:37] Timestamp updated for file 'C:\Program Files (x86)\Microsoft Visual Studio\2019\BuildTools\VC\Tools\MSVC\14.23.28105\lib\onecore\x86\libcpmt.i386.onecore.pdb'.
[1a64:0017][2019-09-25T22:11:37] Processing file /Contents/VC/Tools/MSVC/14.23.28105/lib/onecore/x86/libcpmt.lib
[1a64:0017][2019-09-25T22:11:37] Started: Copying file /Contents/VC/Tools/MSVC/14.23.28105/lib/onecore/x86/libcpmt.lib to C:\Program Files (x86)\Microsoft Visual Studio\2019\BuildTools\VC\Tools\MSVC\14.23.28105\lib\onecore\x86\libcpmt.lib
[1a64:0017][2019-09-25T22:11:37] Completed: Copying file /Contents/VC/Tools/MSVC/14.23.28105/lib/onecore/x86/libcpmt.lib to C:\Program Files (x86)\Microsoft Visual Studio\2019\BuildTools\VC\Tools\MSVC\14.23.28105\lib\onecore\x86\libcpmt.lib
[1a64:0017][2019-09-25T22:11:37] Timestamp updated for file 'C:\Program Files (x86)\Microsoft Visual Studio\2019\BuildTools\VC\Tools\MSVC\14.23.28105\lib\onecore\x86\libcpmt.lib'.
[1a64:0017][2019-09-25T22:11:37] Processing file /Contents/VC/Tools/MSVC/14.23.28105/lib/onecore/x86/libcpmt1.i386.onecore.pdb
[1a64:0017][2019-09-25T22:11:37] Started: Copying file /Contents/VC/Tools/MSVC/14.23.28105/lib/onecore/x86/libcpmt1.i386.onecore.pdb to C:\Program Files (x86)\Microsoft Visual Studio\2019\BuildTools\VC\Tools\MSVC\14.23.28105\lib\onecore\x86\libcpmt1.i386.onecore.pdb
[1a64:0017][2019-09-25T22:11:37] Completed: Copying file /Contents/VC/Tools/MSVC/14.23.28105/lib/onecore/x86/libcpmt1.i386.onecore.pdb to C:\Program Files (x86)\Microsoft Visual Studio\2019\BuildTools\VC\Tools\MSVC\14.23.28105\lib\onecore\x86\libcpmt1.i386.onecore.pdb
[1a64:0017][2019-09-25T22:11:37] Timestamp updated for file 'C:\Program Files (x86)\Microsoft Visual Studio\2019\BuildTools\VC\Tools\MSVC\14.23.28105\lib\onecore\x86\libcpmt1.i386.onecore.pdb'.
[1a64:0017][2019-09-25T22:11:37] Processing file /Contents/VC/Tools/MSVC/14.23.28105/lib/onecore/x86/libcpmt1.lib
[1a64:0017][2019-09-25T22:11:37] Started: Copying file /Contents/VC/Tools/MSVC/14.23.28105/lib/onecore/x86/libcpmt1.lib to C:\Program Files (x86)\Microsoft Visual Studio\2019\BuildTools\VC\Tools\MSVC\14.23.28105\lib\onecore\x86\libcpmt1.lib
[1a64:0017][2019-09-25T22:11:37] Completed: Copying file /Contents/VC/Tools/MSVC/14.23.28105/lib/onecore/x86/libcpmt1.lib to C:\Program Files (x86)\Microsoft Visual Studio\2019\BuildTools\VC\Tools\MSVC\14.23.28105\lib\onecore\x86\libcpmt1.lib
[1a64:0017][2019-09-25T22:11:37] Timestamp updated for file 'C:\Program Files (x86)\Microsoft Visual Studio\2019\BuildTools\VC\Tools\MSVC\14.23.28105\lib\onecore\x86\libcpmt1.lib'.
[1a64:0017][2019-09-25T22:11:37] Processing file /Contents/VC/Tools/MSVC/14.23.28105/lib/onecore/x86/libcpmtd.i386.onecore.pdb
[1a64:0017][2019-09-25T22:11:37] Started: Copying file /Contents/VC/Tools/MSVC/14.23.28105/lib/onecore/x86/libcpmtd.i386.onecore.pdb to C:\Program Files (x86)\Microsoft Visual Studio\2019\BuildTools\VC\Tools\MSVC\14.23.28105\lib\onecore\x86\libcpmtd.i386.onecore.pdb
[1a64:0017][2019-09-25T22:11:37] Completed: Copying file /Contents/VC/Tools/MSVC/14.23.28105/lib/onecore/x86/libcpmtd.i386.onecore.pdb to C:\Program Files (x86)\Microsoft Visual Studio\2019\BuildTools\VC\Tools\MSVC\14.23.28105\lib\onecore\x86\libcpmtd.i386.onecore.pdb
[1a64:0017][2019-09-25T22:11:37] Timestamp updated for file 'C:\Program Files (x86)\Microsoft Visual Studio\2019\BuildTools\VC\Tools\MSVC\14.23.28105\lib\onecore\x86\libcpmtd.i386.onecore.pdb'.
[1a64:0017][2019-09-25T22:11:37] Processing file /Contents/VC/Tools/MSVC/14.23.28105/lib/onecore/x86/libcpmtd.lib
[1a64:0017][2019-09-25T22:11:37] Started: Copying file /Contents/VC/Tools/MSVC/14.23.28105/lib/onecore/x86/libcpmtd.lib to C:\Program Files (x86)\Microsoft Visual Studio\2019\BuildTools\VC\Tools\MSVC\14.23.28105\lib\onecore\x86\libcpmtd.lib
[1a64:0017][2019-09-25T22:11:37] Completed: Copying file /Contents/VC/Tools/MSVC/14.23.28105/lib/onecore/x86/libcpmtd.lib to C:\Program Files (x86)\Microsoft Visual Studio\2019\BuildTools\VC\Tools\MSVC\14.23.28105\lib\onecore\x86\libcpmtd.lib
[1a64:0017][2019-09-25T22:11:37] Timestamp updated for file 'C:\Program Files (x86)\Microsoft Visual Studio\2019\BuildTools\VC\Tools\MSVC\14.23.28105\lib\onecore\x86\libcpmtd.lib'.
[1a64:0017][2019-09-25T22:11:37] Processing file /Contents/VC/Tools/MSVC/14.23.28105/lib/onecore/x86/libcpmtd0.i386.onecore.pdb
[1a64:0017][2019-09-25T22:11:37] Started: Copying file /Contents/VC/Tools/MSVC/14.23.28105/lib/onecore/x86/libcpmtd0.i386.onecore.pdb to C:\Program Files (x86)\Microsoft Visual Studio\2019\BuildTools\VC\Tools\MSVC\14.23.28105\lib\onecore\x86\libcpmtd0.i386.onecore.pdb
[1a64:0017][2019-09-25T22:11:37] Completed: Copying file /Contents/VC/Tools/MSVC/14.23.28105/lib/onecore/x86/libcpmtd0.i386.onecore.pdb to C:\Program Files (x86)\Microsoft Visual Studio\2019\BuildTools\VC\Tools\MSVC\14.23.28105\lib\onecore\x86\libcpmtd0.i386.onecore.pdb
[1a64:0017][2019-09-25T22:11:37] Timestamp updated for file 'C:\Program Files (x86)\Microsoft Visual Studio\2019\BuildTools\VC\Tools\MSVC\14.23.28105\lib\onecore\x86\libcpmtd0.i386.onecore.pdb'.
[1a64:0017][2019-09-25T22:11:37] Processing file /Contents/VC/Tools/MSVC/14.23.28105/lib/onecore/x86/libcpmtd0.lib
[1a64:0017][2019-09-25T22:11:37] Started: Copying file /Contents/VC/Tools/MSVC/14.23.28105/lib/onecore/x86/libcpmtd0.lib to C:\Program Files (x86)\Microsoft Visual Studio\2019\BuildTools\VC\Tools\MSVC\14.23.28105\lib\onecore\x86\libcpmtd0.lib
[1a64:0017][2019-09-25T22:11:37] Completed: Copying file /Contents/VC/Tools/MSVC/14.23.28105/lib/onecore/x86/libcpmtd0.lib to C:\Program Files (x86)\Microsoft Visual Studio\2019\BuildTools\VC\Tools\MSVC\14.23.28105\lib\onecore\x86\libcpmtd0.lib
[1a64:0017][2019-09-25T22:11:37] Timestamp updated for file 'C:\Program Files (x86)\Microsoft Visual Studio\2019\BuildTools\VC\Tools\MSVC\14.23.28105\lib\onecore\x86\libcpmtd0.lib'.
[1a64:0017][2019-09-25T22:11:37] Processing file /Contents/VC/Tools/MSVC/14.23.28105/lib/onecore/x86/libcpmtd1.i386.onecore.pdb
[1a64:0017][2019-09-25T22:11:37] Started: Copying file /Contents/VC/Tools/MSVC/14.23.28105/lib/onecore/x86/libcpmtd1.i386.onecore.pdb to C:\Program Files (x86)\Microsoft Visual Studio\2019\BuildTools\VC\Tools\MSVC\14.23.28105\lib\onecore\x86\libcpmtd1.i386.onecore.pdb
[1a64:0017][2019-09-25T22:11:37] Completed: Copying file /Contents/VC/Tools/MSVC/14.23.28105/lib/onecore/x86/libcpmtd1.i386.onecore.pdb to C:\Program Files (x86)\Microsoft Visual Studio\2019\BuildTools\VC\Tools\MSVC\14.23.28105\lib\onecore\x86\libcpmtd1.i386.onecore.pdb
[1a64:0017][2019-09-25T22:11:37] Timestamp updated for file 'C:\Program Files (x86)\Microsoft Visual Studio\2019\BuildTools\VC\Tools\MSVC\14.23.28105\lib\onecore\x86\libcpmtd1.i386.onecore.pdb'.
[1a64:0017][2019-09-25T22:11:37] Processing file /Contents/VC/Tools/MSVC/14.23.28105/lib/onecore/x86/libcpmtd1.lib
[1a64:0017][2019-09-25T22:11:37] Started: Copying file /Contents/VC/Tools/MSVC/14.23.28105/lib/onecore/x86/libcpmtd1.lib to C:\Program Files (x86)\Microsoft Visual Studio\2019\BuildTools\VC\Tools\MSVC\14.23.28105\lib\onecore\x86\libcpmtd1.lib
[1a64:0017][2019-09-25T22:11:38] Completed: Copying file /Contents/VC/Tools/MSVC/14.23.28105/lib/onecore/x86/libcpmtd1.lib to C:\Program Files (x86)\Microsoft Visual Studio\2019\BuildTools\VC\Tools\MSVC\14.23.28105\lib\onecore\x86\libcpmtd1.lib
[1a64:0017][2019-09-25T22:11:38] Timestamp updated for file 'C:\Program Files (x86)\Microsoft Visual Studio\2019\BuildTools\VC\Tools\MSVC\14.23.28105\lib\onecore\x86\libcpmtd1.lib'.
[1a64:0017][2019-09-25T22:11:38] Processing file /Contents/VC/Tools/MSVC/14.23.28105/lib/onecore/x86/libvcruntime.i386.onecore.pdb
[1a64:0017][2019-09-25T22:11:38] Started: Copying file /Contents/VC/Tools/MSVC/14.23.28105/lib/onecore/x86/libvcruntime.i386.onecore.pdb to C:\Program Files (x86)\Microsoft Visual Studio\2019\BuildTools\VC\Tools\MSVC\14.23.28105\lib\onecore\x86\libvcruntime.i386.onecore.pdb
[1a64:0017][2019-09-25T22:11:38] Completed: Copying file /Contents/VC/Tools/MSVC/14.23.28105/lib/onecore/x86/libvcruntime.i386.onecore.pdb to C:\Program Files (x86)\Microsoft Visual Studio\2019\BuildTools\VC\Tools\MSVC\14.23.28105\lib\onecore\x86\libvcruntime.i386.onecore.pdb
[1a64:0017][2019-09-25T22:11:38] Timestamp updated for file 'C:\Program Files (x86)\Microsoft Visual Studio\2019\BuildTools\VC\Tools\MSVC\14.23.28105\lib\onecore\x86\libvcruntime.i386.onecore.pdb'.
[1a64:0017][2019-09-25T22:11:38] Processing file /Contents/VC/Tools/MSVC/14.23.28105/lib/onecore/x86/libvcruntime.lib
[1a64:0017][2019-09-25T22:11:38] Started: Copying file /Contents/VC/Tools/MSVC/14.23.28105/lib/onecore/x86/libvcruntime.lib to C:\Program Files (x86)\Microsoft Visual Studio\2019\BuildTools\VC\Tools\MSVC\14.23.28105\lib\onecore\x86\libvcruntime.lib
[1a64:0017][2019-09-25T22:11:38] Completed: Copying file /Contents/VC/Tools/MSVC/14.23.28105/lib/onecore/x86/libvcruntime.lib to C:\Program Files (x86)\Microsoft Visual Studio\2019\BuildTools\VC\Tools\MSVC\14.23.28105\lib\onecore\x86\libvcruntime.lib
[1a64:0017][2019-09-25T22:11:38] Timestamp updated for file 'C:\Program Files (x86)\Microsoft Visual Studio\2019\BuildTools\VC\Tools\MSVC\14.23.28105\lib\onecore\x86\libvcruntime.lib'.
[1a64:0017][2019-09-25T22:11:38] Processing file /Contents/VC/Tools/MSVC/14.23.28105/lib/onecore/x86/libvcruntimed.i386.onecore.pdb
[1a64:0017][2019-09-25T22:11:38] Started: Copying file /Contents/VC/Tools/MSVC/14.23.28105/lib/onecore/x86/libvcruntimed.i386.onecore.pdb to C:\Program Files (x86)\Microsoft Visual Studio\2019\BuildTools\VC\Tools\MSVC\14.23.28105\lib\onecore\x86\libvcruntimed.i386.onecore.pdb
[1a64:0017][2019-09-25T22:11:38] Completed: Copying file /Contents/VC/Tools/MSVC/14.23.28105/lib/onecore/x86/libvcruntimed.i386.onecore.pdb to C:\Program Files (x86)\Microsoft Visual Studio\2019\BuildTools\VC\Tools\MSVC\14.23.28105\lib\onecore\x86\libvcruntimed.i386.onecore.pdb
[1a64:0017][2019-09-25T22:11:38] Timestamp updated for file 'C:\Program Files (x86)\Microsoft Visual Studio\2019\BuildTools\VC\Tools\MSVC\14.23.28105\lib\onecore\x86\libvcruntimed.i386.onecore.pdb'.
[1a64:0017][2019-09-25T22:11:38] Processing file /Contents/VC/Tools/MSVC/14.23.28105/lib/onecore/x86/libvcruntimed.lib
[1a64:0017][2019-09-25T22:11:38] Started: Copying file /Contents/VC/Tools/MSVC/14.23.28105/lib/onecore/x86/libvcruntimed.lib to C:\Program Files (x86)\Microsoft Visual Studio\2019\BuildTools\VC\Tools\MSVC\14.23.28105\lib\onecore\x86\libvcruntimed.lib
[1a64:0017][2019-09-25T22:11:38] Completed: Copying file /Contents/VC/Tools/MSVC/14.23.28105/lib/onecore/x86/libvcruntimed.lib to C:\Program Files (x86)\Microsoft Visual Studio\2019\BuildTools\VC\Tools\MSVC\14.23.28105\lib\onecore\x86\libvcruntimed.lib
[1a64:0017][2019-09-25T22:11:38] Timestamp updated for file 'C:\Program Files (x86)\Microsoft Visual Studio\2019\BuildTools\VC\Tools\MSVC\14.23.28105\lib\onecore\x86\libvcruntimed.lib'.
[1a64:0017][2019-09-25T22:11:38] Processing file /Contents/VC/Tools/MSVC/14.23.28105/lib/onecore/x86/msdia140.lib
[1a64:0017][2019-09-25T22:11:38] Started: Copying file /Contents/VC/Tools/MSVC/14.23.28105/lib/onecore/x86/msdia140.lib to C:\Program Files (x86)\Microsoft Visual Studio\2019\BuildTools\VC\Tools\MSVC\14.23.28105\lib\onecore\x86\msdia140.lib
[1a64:0017][2019-09-25T22:11:38] Completed: Copying file /Contents/VC/Tools/MSVC/14.23.28105/lib/onecore/x86/msdia140.lib to C:\Program Files (x86)\Microsoft Visual Studio\2019\BuildTools\VC\Tools\MSVC\14.23.28105\lib\onecore\x86\msdia140.lib
[1a64:0017][2019-09-25T22:11:38] Timestamp updated for file 'C:\Program Files (x86)\Microsoft Visual Studio\2019\BuildTools\VC\Tools\MSVC\14.23.28105\lib\onecore\x86\msdia140.lib'.
[1a64:0017][2019-09-25T22:11:38] Processing file /Contents/VC/Tools/MSVC/14.23.28105/lib/onecore/x86/msobj140-msvcrt.lib
[1a64:0017][2019-09-25T22:11:38] Started: Copying file /Contents/VC/Tools/MSVC/14.23.28105/lib/onecore/x86/msobj140-msvcrt.lib to C:\Program Files (x86)\Microsoft Visual Studio\2019\BuildTools\VC\Tools\MSVC\14.23.28105\lib\onecore\x86\msobj140-msvcrt.lib
[1a64:0017][2019-09-25T22:11:38] Completed: Copying file /Contents/VC/Tools/MSVC/14.23.28105/lib/onecore/x86/msobj140-msvcrt.lib to C:\Program Files (x86)\Microsoft Visual Studio\2019\BuildTools\VC\Tools\MSVC\14.23.28105\lib\onecore\x86\msobj140-msvcrt.lib
[1a64:0017][2019-09-25T22:11:38] Timestamp updated for file 'C:\Program Files (x86)\Microsoft Visual Studio\2019\BuildTools\VC\Tools\MSVC\14.23.28105\lib\onecore\x86\msobj140-msvcrt.lib'.
[1a64:0017][2019-09-25T22:11:38] Processing file /Contents/VC/Tools/MSVC/14.23.28105/lib/onecore/x86/mspdb140-msvcrt.lib
[1a64:0017][2019-09-25T22:11:38] Started: Copying file /Contents/VC/Tools/MSVC/14.23.28105/lib/onecore/x86/mspdb140-msvcrt.lib to C:\Program Files (x86)\Microsoft Visual Studio\2019\BuildTools\VC\Tools\MSVC\14.23.28105\lib\onecore\x86\mspdb140-msvcrt.lib
[1a64:0017][2019-09-25T22:11:38] Completed: Copying file /Contents/VC/Tools/MSVC/14.23.28105/lib/onecore/x86/mspdb140-msvcrt.lib to C:\Program Files (x86)\Microsoft Visual Studio\2019\BuildTools\VC\Tools\MSVC\14.23.28105\lib\onecore\x86\mspdb140-msvcrt.lib
[1a64:0017][2019-09-25T22:11:38] Timestamp updated for file 'C:\Program Files (x86)\Microsoft Visual Studio\2019\BuildTools\VC\Tools\MSVC\14.23.28105\lib\onecore\x86\mspdb140-msvcrt.lib'.
[1a64:0017][2019-09-25T22:11:38] Processing file /Contents/VC/Tools/MSVC/14.23.28105/lib/onecore/x86/msvcprt.lib
[1a64:0017][2019-09-25T22:11:38] Started: Copying file /Contents/VC/Tools/MSVC/14.23.28105/lib/onecore/x86/msvcprt.lib to C:\Program Files (x86)\Microsoft Visual Studio\2019\BuildTools\VC\Tools\MSVC\14.23.28105\lib\onecore\x86\msvcprt.lib
[1a64:0017][2019-09-25T22:11:38] Completed: Copying file /Contents/VC/Tools/MSVC/14.23.28105/lib/onecore/x86/msvcprt.lib to C:\Program Files (x86)\Microsoft Visual Studio\2019\BuildTools\VC\Tools\MSVC\14.23.28105\lib\onecore\x86\msvcprt.lib
[1a64:0017][2019-09-25T22:11:38] Timestamp updated for file 'C:\Program Files (x86)\Microsoft Visual Studio\2019\BuildTools\VC\Tools\MSVC\14.23.28105\lib\onecore\x86\msvcprt.lib'.
[1a64:0017][2019-09-25T22:11:38] Processing file /Contents/VC/Tools/MSVC/14.23.28105/lib/onecore/x86/msvcprtd.lib
[1a64:0017][2019-09-25T22:11:38] Started: Copying file /Contents/VC/Tools/MSVC/14.23.28105/lib/onecore/x86/msvcprtd.lib to C:\Program Files (x86)\Microsoft Visual Studio\2019\BuildTools\VC\Tools\MSVC\14.23.28105\lib\onecore\x86\msvcprtd.lib
[1a64:0017][2019-09-25T22:11:38] Completed: Copying file /Contents/VC/Tools/MSVC/14.23.28105/lib/onecore/x86/msvcprtd.lib to C:\Program Files (x86)\Microsoft Visual Studio\2019\BuildTools\VC\Tools\MSVC\14.23.28105\lib\onecore\x86\msvcprtd.lib
[1a64:0017][2019-09-25T22:11:38] Timestamp updated for file 'C:\Program Files (x86)\Microsoft Visual Studio\2019\BuildTools\VC\Tools\MSVC\14.23.28105\lib\onecore\x86\msvcprtd.lib'.
[1a64:0017][2019-09-25T22:11:38] Processing file /Contents/VC/Tools/MSVC/14.23.28105/lib/onecore/x86/msvcrt.lib
[1a64:0017][2019-09-25T22:11:38] Started: Copying file /Contents/VC/Tools/MSVC/14.23.28105/lib/onecore/x86/msvcrt.lib to C:\Program Files (x86)\Microsoft Visual Studio\2019\BuildTools\VC\Tools\MSVC\14.23.28105\lib\onecore\x86\msvcrt.lib
[1a64:0017][2019-09-25T22:11:38] Completed: Copying file /Contents/VC/Tools/MSVC/14.23.28105/lib/onecore/x86/msvcrt.lib to C:\Program Files (x86)\Microsoft Visual Studio\2019\BuildTools\VC\Tools\MSVC\14.23.28105\lib\onecore\x86\msvcrt.lib
[1a64:0017][2019-09-25T22:11:38] Timestamp updated for file 'C:\Program Files (x86)\Microsoft Visual Studio\2019\BuildTools\VC\Tools\MSVC\14.23.28105\lib\onecore\x86\msvcrt.lib'.
[1a64:0017][2019-09-25T22:11:38] Processing file /Contents/VC/Tools/MSVC/14.23.28105/lib/onecore/x86/msvcrtd.lib
[1a64:0017][2019-09-25T22:11:38] Started: Copying file /Contents/VC/Tools/MSVC/14.23.28105/lib/onecore/x86/msvcrtd.lib to C:\Program Files (x86)\Microsoft Visual Studio\2019\BuildTools\VC\Tools\MSVC\14.23.28105\lib\onecore\x86\msvcrtd.lib
[1a64:0017][2019-09-25T22:11:38] Completed: Copying file /Contents/VC/Tools/MSVC/14.23.28105/lib/onecore/x86/msvcrtd.lib to C:\Program Files (x86)\Microsoft Visual Studio\2019\BuildTools\VC\Tools\MSVC\14.23.28105\lib\onecore\x86\msvcrtd.lib
[1a64:0017][2019-09-25T22:11:38] Timestamp updated for file 'C:\Program Files (x86)\Microsoft Visual Studio\2019\BuildTools\VC\Tools\MSVC\14.23.28105\lib\onecore\x86\msvcrtd.lib'.
[1a64:0017][2019-09-25T22:11:38] Processing file /Contents/VC/Tools/MSVC/14.23.28105/lib/onecore/x86/oldnames.lib
[1a64:0017][2019-09-25T22:11:38] Started: Copying file /Contents/VC/Tools/MSVC/14.23.28105/lib/onecore/x86/oldnames.lib to C:\Program Files (x86)\Microsoft Visual Studio\2019\BuildTools\VC\Tools\MSVC\14.23.28105\lib\onecore\x86\oldnames.lib
[1a64:0017][2019-09-25T22:11:38] Completed: Copying file /Contents/VC/Tools/MSVC/14.23.28105/lib/onecore/x86/oldnames.lib to C:\Program Files (x86)\Microsoft Visual Studio\2019\BuildTools\VC\Tools\MSVC\14.23.28105\lib\onecore\x86\oldnames.lib
[1a64:0017][2019-09-25T22:11:38] Timestamp updated for file 'C:\Program Files (x86)\Microsoft Visual Studio\2019\BuildTools\VC\Tools\MSVC\14.23.28105\lib\onecore\x86\oldnames.lib'.
[1a64:0017][2019-09-25T22:11:38] Processing file /Contents/VC/Tools/MSVC/14.23.28105/lib/onecore/x86/pgocr.lib
[1a64:0017][2019-09-25T22:11:38] Started: Copying file /Contents/VC/Tools/MSVC/14.23.28105/lib/onecore/x86/pgocr.lib to C:\Program Files (x86)\Microsoft Visual Studio\2019\BuildTools\VC\Tools\MSVC\14.23.28105\lib\onecore\x86\pgocr.lib
[1a64:0017][2019-09-25T22:11:38] Completed: Copying file /Contents/VC/Tools/MSVC/14.23.28105/lib/onecore/x86/pgocr.lib to C:\Program Files (x86)\Microsoft Visual Studio\2019\BuildTools\VC\Tools\MSVC\14.23.28105\lib\onecore\x86\pgocr.lib
[1a64:0017][2019-09-25T22:11:38] Timestamp updated for file 'C:\Program Files (x86)\Microsoft Visual Studio\2019\BuildTools\VC\Tools\MSVC\14.23.28105\lib\onecore\x86\pgocr.lib'.
[1a64:0017][2019-09-25T22:11:38] Processing file /Contents/VC/Tools/MSVC/14.23.28105/lib/onecore/x86/pgocrk.lib
[1a64:0017][2019-09-25T22:11:38] Started: Copying file /Contents/VC/Tools/MSVC/14.23.28105/lib/onecore/x86/pgocrk.lib to C:\Program Files (x86)\Microsoft Visual Studio\2019\BuildTools\VC\Tools\MSVC\14.23.28105\lib\onecore\x86\pgocrk.lib
[1a64:0017][2019-09-25T22:11:38] Completed: Copying file /Contents/VC/Tools/MSVC/14.23.28105/lib/onecore/x86/pgocrk.lib to C:\Program Files (x86)\Microsoft Visual Studio\2019\BuildTools\VC\Tools\MSVC\14.23.28105\lib\onecore\x86\pgocrk.lib
[1a64:0017][2019-09-25T22:11:38] Timestamp updated for file 'C:\Program Files (x86)\Microsoft Visual Studio\2019\BuildTools\VC\Tools\MSVC\14.23.28105\lib\onecore\x86\pgocrk.lib'.
[1a64:0017][2019-09-25T22:11:38] Processing file /Contents/VC/Tools/MSVC/14.23.28105/lib/onecore/x86/pgort.lib
[1a64:0017][2019-09-25T22:11:38] Started: Copying file /Contents/VC/Tools/MSVC/14.23.28105/lib/onecore/x86/pgort.lib to C:\Program Files (x86)\Microsoft Visual Studio\2019\BuildTools\VC\Tools\MSVC\14.23.28105\lib\onecore\x86\pgort.lib
[1a64:0017][2019-09-25T22:11:38] Completed: Copying file /Contents/VC/Tools/MSVC/14.23.28105/lib/onecore/x86/pgort.lib to C:\Program Files (x86)\Microsoft Visual Studio\2019\BuildTools\VC\Tools\MSVC\14.23.28105\lib\onecore\x86\pgort.lib
[1a64:0017][2019-09-25T22:11:38] Timestamp updated for file 'C:\Program Files (x86)\Microsoft Visual Studio\2019\BuildTools\VC\Tools\MSVC\14.23.28105\lib\onecore\x86\pgort.lib'.
[1a64:0017][2019-09-25T22:11:38] Processing file /Contents/VC/Tools/MSVC/14.23.28105/lib/onecore/x86/pgortsys.lib
[1a64:0017][2019-09-25T22:11:38] Started: Copying file /Contents/VC/Tools/MSVC/14.23.28105/lib/onecore/x86/pgortsys.lib to C:\Program Files (x86)\Microsoft Visual Studio\2019\BuildTools\VC\Tools\MSVC\14.23.28105\lib\onecore\x86\pgortsys.lib
[1a64:0017][2019-09-25T22:11:38] Completed: Copying file /Contents/VC/Tools/MSVC/14.23.28105/lib/onecore/x86/pgortsys.lib to C:\Program Files (x86)\Microsoft Visual Studio\2019\BuildTools\VC\Tools\MSVC\14.23.28105\lib\onecore\x86\pgortsys.lib
[1a64:0017][2019-09-25T22:11:38] Timestamp updated for file 'C:\Program Files (x86)\Microsoft Visual Studio\2019\BuildTools\VC\Tools\MSVC\14.23.28105\lib\onecore\x86\pgortsys.lib'.
[1a64:0017][2019-09-25T22:11:38] Processing file /Contents/VC/Tools/MSVC/14.23.28105/lib/onecore/x86/pgosweepsysapi.lib
[1a64:0017][2019-09-25T22:11:38] Started: Copying file /Contents/VC/Tools/MSVC/14.23.28105/lib/onecore/x86/pgosweepsysapi.lib to C:\Program Files (x86)\Microsoft Visual Studio\2019\BuildTools\VC\Tools\MSVC\14.23.28105\lib\onecore\x86\pgosweepsysapi.lib
[1a64:0017][2019-09-25T22:11:38] Completed: Copying file /Contents/VC/Tools/MSVC/14.23.28105/lib/onecore/x86/pgosweepsysapi.lib to C:\Program Files (x86)\Microsoft Visual Studio\2019\BuildTools\VC\Tools\MSVC\14.23.28105\lib\onecore\x86\pgosweepsysapi.lib
[1a64:0017][2019-09-25T22:11:38] Timestamp updated for file 'C:\Program Files (x86)\Microsoft Visual Studio\2019\BuildTools\VC\Tools\MSVC\14.23.28105\lib\onecore\x86\pgosweepsysapi.lib'.
[1a64:0017][2019-09-25T22:11:38] Processing file /Contents/VC/Tools/MSVC/14.23.28105/lib/onecore/x86/vccorlib.lib
[1a64:0017][2019-09-25T22:11:38] Started: Copying file /Contents/VC/Tools/MSVC/14.23.28105/lib/onecore/x86/vccorlib.lib to C:\Program Files (x86)\Microsoft Visual Studio\2019\BuildTools\VC\Tools\MSVC\14.23.28105\lib\onecore\x86\vccorlib.lib
[1a64:0017][2019-09-25T22:11:38] Completed: Copying file /Contents/VC/Tools/MSVC/14.23.28105/lib/onecore/x86/vccorlib.lib to C:\Program Files (x86)\Microsoft Visual Studio\2019\BuildTools\VC\Tools\MSVC\14.23.28105\lib\onecore\x86\vccorlib.lib
[1a64:0017][2019-09-25T22:11:38] Timestamp updated for file 'C:\Program Files (x86)\Microsoft Visual Studio\2019\BuildTools\VC\Tools\MSVC\14.23.28105\lib\onecore\x86\vccorlib.lib'.
[1a64:0017][2019-09-25T22:11:38] Processing file /Contents/VC/Tools/MSVC/14.23.28105/lib/onecore/x86/vccorlibd.lib
[1a64:0017][2019-09-25T22:11:38] Started: Copying file /Contents/VC/Tools/MSVC/14.23.28105/lib/onecore/x86/vccorlibd.lib to C:\Program Files (x86)\Microsoft Visual Studio\2019\BuildTools\VC\Tools\MSVC\14.23.28105\lib\onecore\x86\vccorlibd.lib
[1a64:0017][2019-09-25T22:11:38] Completed: Copying file /Contents/VC/Tools/MSVC/14.23.28105/lib/onecore/x86/vccorlibd.lib to C:\Program Files (x86)\Microsoft Visual Studio\2019\BuildTools\VC\Tools\MSVC\14.23.28105\lib\onecore\x86\vccorlibd.lib
[1a64:0017][2019-09-25T22:11:38] Timestamp updated for file 'C:\Program Files (x86)\Microsoft Visual Studio\2019\BuildTools\VC\Tools\MSVC\14.23.28105\lib\onecore\x86\vccorlibd.lib'.
[1a64:0017][2019-09-25T22:11:38] Processing file /Contents/VC/Tools/MSVC/14.23.28105/lib/onecore/x86/vcomp.lib
[1a64:0017][2019-09-25T22:11:38] Started: Copying file /Contents/VC/Tools/MSVC/14.23.28105/lib/onecore/x86/vcomp.lib to C:\Program Files (x86)\Microsoft Visual Studio\2019\BuildTools\VC\Tools\MSVC\14.23.28105\lib\onecore\x86\vcomp.lib
[1a64:0017][2019-09-25T22:11:38] Completed: Copying file /Contents/VC/Tools/MSVC/14.23.28105/lib/onecore/x86/vcomp.lib to C:\Program Files (x86)\Microsoft Visual Studio\2019\BuildTools\VC\Tools\MSVC\14.23.28105\lib\onecore\x86\vcomp.lib
[1a64:0017][2019-09-25T22:11:38] Timestamp updated for file 'C:\Program Files (x86)\Microsoft Visual Studio\2019\BuildTools\VC\Tools\MSVC\14.23.28105\lib\onecore\x86\vcomp.lib'.
[1a64:0017][2019-09-25T22:11:38] Processing file /Contents/VC/Tools/MSVC/14.23.28105/lib/onecore/x86/vcompd.lib
[1a64:0017][2019-09-25T22:11:38] Started: Copying file /Contents/VC/Tools/MSVC/14.23.28105/lib/onecore/x86/vcompd.lib to C:\Program Files (x86)\Microsoft Visual Studio\2019\BuildTools\VC\Tools\MSVC\14.23.28105\lib\onecore\x86\vcompd.lib
[1a64:0017][2019-09-25T22:11:38] Completed: Copying file /Contents/VC/Tools/MSVC/14.23.28105/lib/onecore/x86/vcompd.lib to C:\Program Files (x86)\Microsoft Visual Studio\2019\BuildTools\VC\Tools\MSVC\14.23.28105\lib\onecore\x86\vcompd.lib
[1a64:0017][2019-09-25T22:11:38] Timestamp updated for file 'C:\Program Files (x86)\Microsoft Visual Studio\2019\BuildTools\VC\Tools\MSVC\14.23.28105\lib\onecore\x86\vcompd.lib'.
[1a64:0017][2019-09-25T22:11:38] Processing file /Contents/VC/Tools/MSVC/14.23.28105/lib/onecore/x86/vcruntime.lib
[1a64:0017][2019-09-25T22:11:38] Started: Copying file /Contents/VC/Tools/MSVC/14.23.28105/lib/onecore/x86/vcruntime.lib to C:\Program Files (x86)\Microsoft Visual Studio\2019\BuildTools\VC\Tools\MSVC\14.23.28105\lib\onecore\x86\vcruntime.lib
[1a64:0017][2019-09-25T22:11:38] Completed: Copying file /Contents/VC/Tools/MSVC/14.23.28105/lib/onecore/x86/vcruntime.lib to C:\Program Files (x86)\Microsoft Visual Studio\2019\BuildTools\VC\Tools\MSVC\14.23.28105\lib\onecore\x86\vcruntime.lib
[1a64:0017][2019-09-25T22:11:38] Timestamp updated for file 'C:\Program Files (x86)\Microsoft Visual Studio\2019\BuildTools\VC\Tools\MSVC\14.23.28105\lib\onecore\x86\vcruntime.lib'.
[1a64:0017][2019-09-25T22:11:38] Processing file /Contents/VC/Tools/MSVC/14.23.28105/lib/onecore/x86/vcruntimed.lib
[1a64:0017][2019-09-25T22:11:38] Started: Copying file /Contents/VC/Tools/MSVC/14.23.28105/lib/onecore/x86/vcruntimed.lib to C:\Program Files (x86)\Microsoft Visual Studio\2019\BuildTools\VC\Tools\MSVC\14.23.28105\lib\onecore\x86\vcruntimed.lib
[1a64:0017][2019-09-25T22:11:38] Completed: Copying file /Contents/VC/Tools/MSVC/14.23.28105/lib/onecore/x86/vcruntimed.lib to C:\Program Files (x86)\Microsoft Visual Studio\2019\BuildTools\VC\Tools\MSVC\14.23.28105\lib\onecore\x86\vcruntimed.lib
[1a64:0017][2019-09-25T22:11:38] Timestamp updated for file 'C:\Program Files (x86)\Microsoft Visual Studio\2019\BuildTools\VC\Tools\MSVC\14.23.28105\lib\onecore\x86\vcruntimed.lib'.
[1a64:0017][2019-09-25T22:11:38] Package executed successfully. Return code: 0
