[1a64:0017][2019-09-25T22:11:30] Opening the package for processing
[1a64:0017][2019-09-25T22:11:30] Using package payload to get the embedded manifest
[1a64:0017][2019-09-25T22:11:30] Getting list of files within the package
[1a64:0017][2019-09-25T22:11:30] Processing file /Contents/Common7/IDE/CommonExtensions/Microsoft/VC/vc.tools.hostx86.targetx86.pkgdef
[1a64:0017][2019-09-25T22:11:30] Started: Copying file /Contents/Common7/IDE/CommonExtensions/Microsoft/VC/vc.tools.hostx86.targetx86.pkgdef to C:\Program Files (x86)\Microsoft Visual Studio\2019\BuildTools\Common7\IDE\CommonExtensions\Microsoft\VC\vc.tools.hostx86.targetx86.pkgdef
[1a64:0017][2019-09-25T22:11:30] Completed: Copying file /Contents/Common7/IDE/CommonExtensions/Microsoft/VC/vc.tools.hostx86.targetx86.pkgdef to C:\Program Files (x86)\Microsoft Visual Studio\2019\BuildTools\Common7\IDE\CommonExtensions\Microsoft\VC\vc.tools.hostx86.targetx86.pkgdef
[1a64:0017][2019-09-25T22:11:30] Timestamp updated for file 'C:\Program Files (x86)\Microsoft Visual Studio\2019\BuildTools\Common7\IDE\CommonExtensions\Microsoft\VC\vc.tools.hostx86.targetx86.pkgdef'.
[1a64:0017][2019-09-25T22:11:30] Processing file /Contents/VC/Auxiliary/Build/vcvars32.bat
[1a64:0017][2019-09-25T22:11:30] Started: Copying file /Contents/VC/Auxiliary/Build/vcvars32.bat to C:\Program Files (x86)\Microsoft Visual Studio\2019\BuildTools\VC\Auxiliary\Build\vcvars32.bat
[1a64:0017][2019-09-25T22:11:30] Completed: Copying file /Contents/VC/Auxiliary/Build/vcvars32.bat to C:\Program Files (x86)\Microsoft Visual Studio\2019\BuildTools\VC\Auxiliary\Build\vcvars32.bat
[1a64:0017][2019-09-25T22:11:30] Timestamp updated for file 'C:\Program Files (x86)\Microsoft Visual Studio\2019\BuildTools\VC\Auxiliary\Build\vcvars32.bat'.
[1a64:0017][2019-09-25T22:11:30] Processing file /Contents/VC/Tools/MSVC/14.23.28105/bin/Hostx86/x86/atlprov.dll
[1a64:0017][2019-09-25T22:11:30] Started: Copying file /Contents/VC/Tools/MSVC/14.23.28105/bin/Hostx86/x86/atlprov.dll to C:\Program Files (x86)\Microsoft Visual Studio\2019\BuildTools\VC\Tools\MSVC\14.23.28105\bin\Hostx86\x86\atlprov.dll
[1a64:0017][2019-09-25T22:11:30] Completed: Copying file /Contents/VC/Tools/MSVC/14.23.28105/bin/Hostx86/x86/atlprov.dll to C:\Program Files (x86)\Microsoft Visual Studio\2019\BuildTools\VC\Tools\MSVC\14.23.28105\bin\Hostx86\x86\atlprov.dll
[1a64:0017][2019-09-25T22:11:30] Timestamp updated for file 'C:\Program Files (x86)\Microsoft Visual Studio\2019\BuildTools\VC\Tools\MSVC\14.23.28105\bin\Hostx86\x86\atlprov.dll'.
[1a64:0017][2019-09-25T22:11:30] Processing file /Contents/VC/Tools/MSVC/14.23.28105/bin/Hostx86/x86/bscmake.exe
[1a64:0017][2019-09-25T22:11:30] Started: Copying file /Contents/VC/Tools/MSVC/14.23.28105/bin/Hostx86/x86/bscmake.exe to C:\Program Files (x86)\Microsoft Visual Studio\2019\BuildTools\VC\Tools\MSVC\14.23.28105\bin\Hostx86\x86\bscmake.exe
[1a64:0017][2019-09-25T22:11:30] Completed: Copying file /Contents/VC/Tools/MSVC/14.23.28105/bin/Hostx86/x86/bscmake.exe to C:\Program Files (x86)\Microsoft Visual Studio\2019\BuildTools\VC\Tools\MSVC\14.23.28105\bin\Hostx86\x86\bscmake.exe
[1a64:0017][2019-09-25T22:11:30] Timestamp updated for file 'C:\Program Files (x86)\Microsoft Visual Studio\2019\BuildTools\VC\Tools\MSVC\14.23.28105\bin\Hostx86\x86\bscmake.exe'.
[1a64:0017][2019-09-25T22:11:30] Processing file /Contents/VC/Tools/MSVC/14.23.28105/bin/Hostx86/x86/c1.dll
[1a64:0017][2019-09-25T22:11:30] Started: Copying file /Contents/VC/Tools/MSVC/14.23.28105/bin/Hostx86/x86/c1.dll to C:\Program Files (x86)\Microsoft Visual Studio\2019\BuildTools\VC\Tools\MSVC\14.23.28105\bin\Hostx86\x86\c1.dll
[1a64:0017][2019-09-25T22:11:30] Completed: Copying file /Contents/VC/Tools/MSVC/14.23.28105/bin/Hostx86/x86/c1.dll to C:\Program Files (x86)\Microsoft Visual Studio\2019\BuildTools\VC\Tools\MSVC\14.23.28105\bin\Hostx86\x86\c1.dll
[1a64:0017][2019-09-25T22:11:30] Timestamp updated for file 'C:\Program Files (x86)\Microsoft Visual Studio\2019\BuildTools\VC\Tools\MSVC\14.23.28105\bin\Hostx86\x86\c1.dll'.
[1a64:0017][2019-09-25T22:11:30] Processing file /Contents/VC/Tools/MSVC/14.23.28105/bin/Hostx86/x86/c1xx.dll
[1a64:0017][2019-09-25T22:11:30] Started: Copying file /Contents/VC/Tools/MSVC/14.23.28105/bin/Hostx86/x86/c1xx.dll to C:\Program Files (x86)\Microsoft Visual Studio\2019\BuildTools\VC\Tools\MSVC\14.23.28105\bin\Hostx86\x86\c1xx.dll
[1a64:0017][2019-09-25T22:11:30] Completed: Copying file /Contents/VC/Tools/MSVC/14.23.28105/bin/Hostx86/x86/c1xx.dll to C:\Program Files (x86)\Microsoft Visual Studio\2019\BuildTools\VC\Tools\MSVC\14.23.28105\bin\Hostx86\x86\c1xx.dll
[1a64:0017][2019-09-25T22:11:30] Timestamp updated for file 'C:\Program Files (x86)\Microsoft Visual Studio\2019\BuildTools\VC\Tools\MSVC\14.23.28105\bin\Hostx86\x86\c1xx.dll'.
[1a64:0017][2019-09-25T22:11:30] Processing file /Contents/VC/Tools/MSVC/14.23.28105/bin/Hostx86/x86/c2.dll
[1a64:0017][2019-09-25T22:11:30] Started: Copying file /Contents/VC/Tools/MSVC/14.23.28105/bin/Hostx86/x86/c2.dll to C:\Program Files (x86)\Microsoft Visual Studio\2019\BuildTools\VC\Tools\MSVC\14.23.28105\bin\Hostx86\x86\c2.dll
[1a64:0017][2019-09-25T22:11:30] Completed: Copying file /Contents/VC/Tools/MSVC/14.23.28105/bin/Hostx86/x86/c2.dll to C:\Program Files (x86)\Microsoft Visual Studio\2019\BuildTools\VC\Tools\MSVC\14.23.28105\bin\Hostx86\x86\c2.dll
[1a64:0017][2019-09-25T22:11:30] Timestamp updated for file 'C:\Program Files (x86)\Microsoft Visual Studio\2019\BuildTools\VC\Tools\MSVC\14.23.28105\bin\Hostx86\x86\c2.dll'.
[1a64:0017][2019-09-25T22:11:30] Processing file /Contents/VC/Tools/MSVC/14.23.28105/bin/Hostx86/x86/cl.exe
[1a64:0017][2019-09-25T22:11:30] Started: Copying file /Contents/VC/Tools/MSVC/14.23.28105/bin/Hostx86/x86/cl.exe to C:\Program Files (x86)\Microsoft Visual Studio\2019\BuildTools\VC\Tools\MSVC\14.23.28105\bin\Hostx86\x86\cl.exe
[1a64:0017][2019-09-25T22:11:30] Completed: Copying file /Contents/VC/Tools/MSVC/14.23.28105/bin/Hostx86/x86/cl.exe to C:\Program Files (x86)\Microsoft Visual Studio\2019\BuildTools\VC\Tools\MSVC\14.23.28105\bin\Hostx86\x86\cl.exe
[1a64:0017][2019-09-25T22:11:30] Timestamp updated for file 'C:\Program Files (x86)\Microsoft Visual Studio\2019\BuildTools\VC\Tools\MSVC\14.23.28105\bin\Hostx86\x86\cl.exe'.
[1a64:0017][2019-09-25T22:11:30] Processing file /Contents/VC/Tools/MSVC/14.23.28105/bin/Hostx86/x86/cl.exe.config
[1a64:0017][2019-09-25T22:11:30] Started: Copying file /Contents/VC/Tools/MSVC/14.23.28105/bin/Hostx86/x86/cl.exe.config to C:\Program Files (x86)\Microsoft Visual Studio\2019\BuildTools\VC\Tools\MSVC\14.23.28105\bin\Hostx86\x86\cl.exe.config
[1a64:0017][2019-09-25T22:11:30] Completed: Copying file /Contents/VC/Tools/MSVC/14.23.28105/bin/Hostx86/x86/cl.exe.config to C:\Program Files (x86)\Microsoft Visual Studio\2019\BuildTools\VC\Tools\MSVC\14.23.28105\bin\Hostx86\x86\cl.exe.config
[1a64:0017][2019-09-25T22:11:30] Timestamp updated for file 'C:\Program Files (x86)\Microsoft Visual Studio\2019\BuildTools\VC\Tools\MSVC\14.23.28105\bin\Hostx86\x86\cl.exe.config'.
[1a64:0017][2019-09-25T22:11:30] Processing file /Contents/VC/Tools/MSVC/14.23.28105/bin/Hostx86/x86/cvtres.exe
[1a64:0017][2019-09-25T22:11:30] Started: Copying file /Contents/VC/Tools/MSVC/14.23.28105/bin/Hostx86/x86/cvtres.exe to C:\Program Files (x86)\Microsoft Visual Studio\2019\BuildTools\VC\Tools\MSVC\14.23.28105\bin\Hostx86\x86\cvtres.exe
[1a64:0017][2019-09-25T22:11:30] Completed: Copying file /Contents/VC/Tools/MSVC/14.23.28105/bin/Hostx86/x86/cvtres.exe to C:\Program Files (x86)\Microsoft Visual Studio\2019\BuildTools\VC\Tools\MSVC\14.23.28105\bin\Hostx86\x86\cvtres.exe
[1a64:0017][2019-09-25T22:11:30] Timestamp updated for file 'C:\Program Files (x86)\Microsoft Visual Studio\2019\BuildTools\VC\Tools\MSVC\14.23.28105\bin\Hostx86\x86\cvtres.exe'.
[1a64:0017][2019-09-25T22:11:30] Processing file /Contents/VC/Tools/MSVC/14.23.28105/bin/Hostx86/x86/d3dcompiler_47.dll
[1a64:0017][2019-09-25T22:11:30] Started: Copying file /Contents/VC/Tools/MSVC/14.23.28105/bin/Hostx86/x86/d3dcompiler_47.dll to C:\Program Files (x86)\Microsoft Visual Studio\2019\BuildTools\VC\Tools\MSVC\14.23.28105\bin\Hostx86\x86\d3dcompiler_47.dll
[1a64:0017][2019-09-25T22:11:30] Completed: Copying file /Contents/VC/Tools/MSVC/14.23.28105/bin/Hostx86/x86/d3dcompiler_47.dll to C:\Program Files (x86)\Microsoft Visual Studio\2019\BuildTools\VC\Tools\MSVC\14.23.28105\bin\Hostx86\x86\d3dcompiler_47.dll
[1a64:0017][2019-09-25T22:11:30] Timestamp updated for file 'C:\Program Files (x86)\Microsoft Visual Studio\2019\BuildTools\VC\Tools\MSVC\14.23.28105\bin\Hostx86\x86\d3dcompiler_47.dll'.
[1a64:0017][2019-09-25T22:11:30] Processing file /Contents/VC/Tools/MSVC/14.23.28105/bin/Hostx86/x86/dpcmi.dll
[1a64:0017][2019-09-25T22:11:30] Started: Copying file /Contents/VC/Tools/MSVC/14.23.28105/bin/Hostx86/x86/dpcmi.dll to C:\Program Files (x86)\Microsoft Visual Studio\2019\BuildTools\VC\Tools\MSVC\14.23.28105\bin\Hostx86\x86\dpcmi.dll
[1a64:0017][2019-09-25T22:11:30] Completed: Copying file /Contents/VC/Tools/MSVC/14.23.28105/bin/Hostx86/x86/dpcmi.dll to C:\Program Files (x86)\Microsoft Visual Studio\2019\BuildTools\VC\Tools\MSVC\14.23.28105\bin\Hostx86\x86\dpcmi.dll
[1a64:0017][2019-09-25T22:11:30] Timestamp updated for file 'C:\Program Files (x86)\Microsoft Visual Studio\2019\BuildTools\VC\Tools\MSVC\14.23.28105\bin\Hostx86\x86\dpcmi.dll'.
[1a64:0017][2019-09-25T22:11:30] Processing file /Contents/VC/Tools/MSVC/14.23.28105/bin/Hostx86/x86/dumpbin.exe
[1a64:0017][2019-09-25T22:11:30] Started: Copying file /Contents/VC/Tools/MSVC/14.23.28105/bin/Hostx86/x86/dumpbin.exe to C:\Program Files (x86)\Microsoft Visual Studio\2019\BuildTools\VC\Tools\MSVC\14.23.28105\bin\Hostx86\x86\dumpbin.exe
[1a64:0017][2019-09-25T22:11:30] Completed: Copying file /Contents/VC/Tools/MSVC/14.23.28105/bin/Hostx86/x86/dumpbin.exe to C:\Program Files (x86)\Microsoft Visual Studio\2019\BuildTools\VC\Tools\MSVC\14.23.28105\bin\Hostx86\x86\dumpbin.exe
[1a64:0017][2019-09-25T22:11:30] Timestamp updated for file 'C:\Program Files (x86)\Microsoft Visual Studio\2019\BuildTools\VC\Tools\MSVC\14.23.28105\bin\Hostx86\x86\dumpbin.exe'.
[1a64:0017][2019-09-25T22:11:30] Processing file /Contents/VC/Tools/MSVC/14.23.28105/bin/Hostx86/x86/editbin.exe
[1a64:0017][2019-09-25T22:11:30] Started: Copying file /Contents/VC/Tools/MSVC/14.23.28105/bin/Hostx86/x86/editbin.exe to C:\Program Files (x86)\Microsoft Visual Studio\2019\BuildTools\VC\Tools\MSVC\14.23.28105\bin\Hostx86\x86\editbin.exe
[1a64:0017][2019-09-25T22:11:30] Completed: Copying file /Contents/VC/Tools/MSVC/14.23.28105/bin/Hostx86/x86/editbin.exe to C:\Program Files (x86)\Microsoft Visual Studio\2019\BuildTools\VC\Tools\MSVC\14.23.28105\bin\Hostx86\x86\editbin.exe
[1a64:0017][2019-09-25T22:11:30] Timestamp updated for file 'C:\Program Files (x86)\Microsoft Visual Studio\2019\BuildTools\VC\Tools\MSVC\14.23.28105\bin\Hostx86\x86\editbin.exe'.
[1a64:0017][2019-09-25T22:11:30] Processing file /Contents/VC/Tools/MSVC/14.23.28105/bin/Hostx86/x86/ifc.exe
[1a64:0017][2019-09-25T22:11:30] Started: Copying file /Contents/VC/Tools/MSVC/14.23.28105/bin/Hostx86/x86/ifc.exe to C:\Program Files (x86)\Microsoft Visual Studio\2019\BuildTools\VC\Tools\MSVC\14.23.28105\bin\Hostx86\x86\ifc.exe
[1a64:0017][2019-09-25T22:11:30] Completed: Copying file /Contents/VC/Tools/MSVC/14.23.28105/bin/Hostx86/x86/ifc.exe to C:\Program Files (x86)\Microsoft Visual Studio\2019\BuildTools\VC\Tools\MSVC\14.23.28105\bin\Hostx86\x86\ifc.exe
[1a64:0017][2019-09-25T22:11:30] Timestamp updated for file 'C:\Program Files (x86)\Microsoft Visual Studio\2019\BuildTools\VC\Tools\MSVC\14.23.28105\bin\Hostx86\x86\ifc.exe'.
[1a64:0017][2019-09-25T22:11:30] Processing file /Contents/VC/Tools/MSVC/14.23.28105/bin/Hostx86/x86/KernelTraceControl.dll
[1a64:0017][2019-09-25T22:11:30] Started: Copying file /Contents/VC/Tools/MSVC/14.23.28105/bin/Hostx86/x86/KernelTraceControl.dll to C:\Program Files (x86)\Microsoft Visual Studio\2019\BuildTools\VC\Tools\MSVC\14.23.28105\bin\Hostx86\x86\KernelTraceControl.dll
[1a64:0017][2019-09-25T22:11:30] Completed: Copying file /Contents/VC/Tools/MSVC/14.23.28105/bin/Hostx86/x86/KernelTraceControl.dll to C:\Program Files (x86)\Microsoft Visual Studio\2019\BuildTools\VC\Tools\MSVC\14.23.28105\bin\Hostx86\x86\KernelTraceControl.dll
[1a64:0017][2019-09-25T22:11:30] Timestamp updated for file 'C:\Program Files (x86)\Microsoft Visual Studio\2019\BuildTools\VC\Tools\MSVC\14.23.28105\bin\Hostx86\x86\KernelTraceControl.dll'.
[1a64:0017][2019-09-25T22:11:30] Processing file /Contents/VC/Tools/MSVC/14.23.28105/bin/Hostx86/x86/lib.exe
[1a64:0017][2019-09-25T22:11:30] Started: Copying file /Contents/VC/Tools/MSVC/14.23.28105/bin/Hostx86/x86/lib.exe to C:\Program Files (x86)\Microsoft Visual Studio\2019\BuildTools\VC\Tools\MSVC\14.23.28105\bin\Hostx86\x86\lib.exe
[1a64:0017][2019-09-25T22:11:30] Completed: Copying file /Contents/VC/Tools/MSVC/14.23.28105/bin/Hostx86/x86/lib.exe to C:\Program Files (x86)\Microsoft Visual Studio\2019\BuildTools\VC\Tools\MSVC\14.23.28105\bin\Hostx86\x86\lib.exe
[1a64:0017][2019-09-25T22:11:30] Timestamp updated for file 'C:\Program Files (x86)\Microsoft Visual Studio\2019\BuildTools\VC\Tools\MSVC\14.23.28105\bin\Hostx86\x86\lib.exe'.
[1a64:0017][2019-09-25T22:11:30] Processing file /Contents/VC/Tools/MSVC/14.23.28105/bin/Hostx86/x86/link.exe
[1a64:0017][2019-09-25T22:11:30] Started: Copying file /Contents/VC/Tools/MSVC/14.23.28105/bin/Hostx86/x86/link.exe to C:\Program Files (x86)\Microsoft Visual Studio\2019\BuildTools\VC\Tools\MSVC\14.23.28105\bin\Hostx86\x86\link.exe
[1a64:0017][2019-09-25T22:11:30] Completed: Copying file /Contents/VC/Tools/MSVC/14.23.28105/bin/Hostx86/x86/link.exe to C:\Program Files (x86)\Microsoft Visual Studio\2019\BuildTools\VC\Tools\MSVC\14.23.28105\bin\Hostx86\x86\link.exe
[1a64:0017][2019-09-25T22:11:30] Timestamp updated for file 'C:\Program Files (x86)\Microsoft Visual Studio\2019\BuildTools\VC\Tools\MSVC\14.23.28105\bin\Hostx86\x86\link.exe'.
[1a64:0017][2019-09-25T22:11:30] Processing file /Contents/VC/Tools/MSVC/14.23.28105/bin/Hostx86/x86/link.exe.config
[1a64:0017][2019-09-25T22:11:30] Started: Copying file /Contents/VC/Tools/MSVC/14.23.28105/bin/Hostx86/x86/link.exe.config to C:\Program Files (x86)\Microsoft Visual Studio\2019\BuildTools\VC\Tools\MSVC\14.23.28105\bin\Hostx86\x86\link.exe.config
[1a64:0017][2019-09-25T22:11:30] Completed: Copying file /Contents/VC/Tools/MSVC/14.23.28105/bin/Hostx86/x86/link.exe.config to C:\Program Files (x86)\Microsoft Visual Studio\2019\BuildTools\VC\Tools\MSVC\14.23.28105\bin\Hostx86\x86\link.exe.config
[1a64:0017][2019-09-25T22:11:30] Timestamp updated for file 'C:\Program Files (x86)\Microsoft Visual Studio\2019\BuildTools\VC\Tools\MSVC\14.23.28105\bin\Hostx86\x86\link.exe.config'.
[1a64:0017][2019-09-25T22:11:30] Processing file /Contents/VC/Tools/MSVC/14.23.28105/bin/Hostx86/x86/Microsoft.Diagnostics.Tracing.EventSource.dll
[1a64:0017][2019-09-25T22:11:30] Started: Copying file /Contents/VC/Tools/MSVC/14.23.28105/bin/Hostx86/x86/Microsoft.Diagnostics.Tracing.EventSource.dll to C:\Program Files (x86)\Microsoft Visual Studio\2019\BuildTools\VC\Tools\MSVC\14.23.28105\bin\Hostx86\x86\Microsoft.Diagnostics.Tracing.EventSource.dll
[1a64:0017][2019-09-25T22:11:30] Completed: Copying file /Contents/VC/Tools/MSVC/14.23.28105/bin/Hostx86/x86/Microsoft.Diagnostics.Tracing.EventSource.dll to C:\Program Files (x86)\Microsoft Visual Studio\2019\BuildTools\VC\Tools\MSVC\14.23.28105\bin\Hostx86\x86\Microsoft.Diagnostics.Tracing.EventSource.dll
[1a64:0017][2019-09-25T22:11:30] Timestamp updated for file 'C:\Program Files (x86)\Microsoft Visual Studio\2019\BuildTools\VC\Tools\MSVC\14.23.28105\bin\Hostx86\x86\Microsoft.Diagnostics.Tracing.EventSource.dll'.
[1a64:0017][2019-09-25T22:11:30] Processing file /Contents/VC/Tools/MSVC/14.23.28105/bin/Hostx86/x86/Microsoft.VisualStudio.RemoteControl.dll
[1a64:0017][2019-09-25T22:11:30] Started: Copying file /Contents/VC/Tools/MSVC/14.23.28105/bin/Hostx86/x86/Microsoft.VisualStudio.RemoteControl.dll to C:\Program Files (x86)\Microsoft Visual Studio\2019\BuildTools\VC\Tools\MSVC\14.23.28105\bin\Hostx86\x86\Microsoft.VisualStudio.RemoteControl.dll
[1a64:0017][2019-09-25T22:11:30] Completed: Copying file /Contents/VC/Tools/MSVC/14.23.28105/bin/Hostx86/x86/Microsoft.VisualStudio.RemoteControl.dll to C:\Program Files (x86)\Microsoft Visual Studio\2019\BuildTools\VC\Tools\MSVC\14.23.28105\bin\Hostx86\x86\Microsoft.VisualStudio.RemoteControl.dll
[1a64:0017][2019-09-25T22:11:30] Timestamp updated for file 'C:\Program Files (x86)\Microsoft Visual Studio\2019\BuildTools\VC\Tools\MSVC\14.23.28105\bin\Hostx86\x86\Microsoft.VisualStudio.RemoteControl.dll'.
[1a64:0017][2019-09-25T22:11:30] Processing file /Contents/VC/Tools/MSVC/14.23.28105/bin/Hostx86/x86/Microsoft.VisualStudio.Telemetry.dll
[1a64:0017][2019-09-25T22:11:30] Started: Copying file /Contents/VC/Tools/MSVC/14.23.28105/bin/Hostx86/x86/Microsoft.VisualStudio.Telemetry.dll to C:\Program Files (x86)\Microsoft Visual Studio\2019\BuildTools\VC\Tools\MSVC\14.23.28105\bin\Hostx86\x86\Microsoft.VisualStudio.Telemetry.dll
[1a64:0017][2019-09-25T22:11:30] Completed: Copying file /Contents/VC/Tools/MSVC/14.23.28105/bin/Hostx86/x86/Microsoft.VisualStudio.Telemetry.dll to C:\Program Files (x86)\Microsoft Visual Studio\2019\BuildTools\VC\Tools\MSVC\14.23.28105\bin\Hostx86\x86\Microsoft.VisualStudio.Telemetry.dll
[1a64:0017][2019-09-25T22:11:30] Timestamp updated for file 'C:\Program Files (x86)\Microsoft Visual Studio\2019\BuildTools\VC\Tools\MSVC\14.23.28105\bin\Hostx86\x86\Microsoft.VisualStudio.Telemetry.dll'.
[1a64:0017][2019-09-25T22:11:30] Processing file /Contents/VC/Tools/MSVC/14.23.28105/bin/Hostx86/x86/Microsoft.VisualStudio.Utilities.Internal.dll
[1a64:0017][2019-09-25T22:11:30] Started: Copying file /Contents/VC/Tools/MSVC/14.23.28105/bin/Hostx86/x86/Microsoft.VisualStudio.Utilities.Internal.dll to C:\Program Files (x86)\Microsoft Visual Studio\2019\BuildTools\VC\Tools\MSVC\14.23.28105\bin\Hostx86\x86\Microsoft.VisualStudio.Utilities.Internal.dll
[1a64:0017][2019-09-25T22:11:30] Completed: Copying file /Contents/VC/Tools/MSVC/14.23.28105/bin/Hostx86/x86/Microsoft.VisualStudio.Utilities.Internal.dll to C:\Program Files (x86)\Microsoft Visual Studio\2019\BuildTools\VC\Tools\MSVC\14.23.28105\bin\Hostx86\x86\Microsoft.VisualStudio.Utilities.Internal.dll
[1a64:0017][2019-09-25T22:11:30] Timestamp updated for file 'C:\Program Files (x86)\Microsoft Visual Studio\2019\BuildTools\VC\Tools\MSVC\14.23.28105\bin\Hostx86\x86\Microsoft.VisualStudio.Utilities.Internal.dll'.
[1a64:0017][2019-09-25T22:11:30] Processing file /Contents/VC/Tools/MSVC/14.23.28105/bin/Hostx86/x86/ml.exe
[1a64:0017][2019-09-25T22:11:30] Started: Copying file /Contents/VC/Tools/MSVC/14.23.28105/bin/Hostx86/x86/ml.exe to C:\Program Files (x86)\Microsoft Visual Studio\2019\BuildTools\VC\Tools\MSVC\14.23.28105\bin\Hostx86\x86\ml.exe
[1a64:0017][2019-09-25T22:11:30] Completed: Copying file /Contents/VC/Tools/MSVC/14.23.28105/bin/Hostx86/x86/ml.exe to C:\Program Files (x86)\Microsoft Visual Studio\2019\BuildTools\VC\Tools\MSVC\14.23.28105\bin\Hostx86\x86\ml.exe
[1a64:0017][2019-09-25T22:11:30] Timestamp updated for file 'C:\Program Files (x86)\Microsoft Visual Studio\2019\BuildTools\VC\Tools\MSVC\14.23.28105\bin\Hostx86\x86\ml.exe'.
[1a64:0017][2019-09-25T22:11:30] Processing file /Contents/VC/Tools/MSVC/14.23.28105/bin/Hostx86/x86/msobj140.dll
[1a64:0017][2019-09-25T22:11:30] Started: Copying file /Contents/VC/Tools/MSVC/14.23.28105/bin/Hostx86/x86/msobj140.dll to C:\Program Files (x86)\Microsoft Visual Studio\2019\BuildTools\VC\Tools\MSVC\14.23.28105\bin\Hostx86\x86\msobj140.dll
[1a64:0017][2019-09-25T22:11:30] Completed: Copying file /Contents/VC/Tools/MSVC/14.23.28105/bin/Hostx86/x86/msobj140.dll to C:\Program Files (x86)\Microsoft Visual Studio\2019\BuildTools\VC\Tools\MSVC\14.23.28105\bin\Hostx86\x86\msobj140.dll
[1a64:0017][2019-09-25T22:11:30] Timestamp updated for file 'C:\Program Files (x86)\Microsoft Visual Studio\2019\BuildTools\VC\Tools\MSVC\14.23.28105\bin\Hostx86\x86\msobj140.dll'.
[1a64:0017][2019-09-25T22:11:30] Processing file /Contents/VC/Tools/MSVC/14.23.28105/bin/Hostx86/x86/mspdb140.dll
[1a64:0017][2019-09-25T22:11:30] Started: Copying file /Contents/VC/Tools/MSVC/14.23.28105/bin/Hostx86/x86/mspdb140.dll to C:\Program Files (x86)\Microsoft Visual Studio\2019\BuildTools\VC\Tools\MSVC\14.23.28105\bin\Hostx86\x86\mspdb140.dll
[1a64:0017][2019-09-25T22:11:30] Completed: Copying file /Contents/VC/Tools/MSVC/14.23.28105/bin/Hostx86/x86/mspdb140.dll to C:\Program Files (x86)\Microsoft Visual Studio\2019\BuildTools\VC\Tools\MSVC\14.23.28105\bin\Hostx86\x86\mspdb140.dll
[1a64:0017][2019-09-25T22:11:30] Timestamp updated for file 'C:\Program Files (x86)\Microsoft Visual Studio\2019\BuildTools\VC\Tools\MSVC\14.23.28105\bin\Hostx86\x86\mspdb140.dll'.
[1a64:0017][2019-09-25T22:11:30] Processing file /Contents/VC/Tools/MSVC/14.23.28105/bin/Hostx86/x86/mspdbcmf.exe
[1a64:0017][2019-09-25T22:11:30] Started: Copying file /Contents/VC/Tools/MSVC/14.23.28105/bin/Hostx86/x86/mspdbcmf.exe to C:\Program Files (x86)\Microsoft Visual Studio\2019\BuildTools\VC\Tools\MSVC\14.23.28105\bin\Hostx86\x86\mspdbcmf.exe
[1a64:0017][2019-09-25T22:11:30] Completed: Copying file /Contents/VC/Tools/MSVC/14.23.28105/bin/Hostx86/x86/mspdbcmf.exe to C:\Program Files (x86)\Microsoft Visual Studio\2019\BuildTools\VC\Tools\MSVC\14.23.28105\bin\Hostx86\x86\mspdbcmf.exe
[1a64:0017][2019-09-25T22:11:30] Timestamp updated for file 'C:\Program Files (x86)\Microsoft Visual Studio\2019\BuildTools\VC\Tools\MSVC\14.23.28105\bin\Hostx86\x86\mspdbcmf.exe'.
[1a64:0017][2019-09-25T22:11:30] Processing file /Contents/VC/Tools/MSVC/14.23.28105/bin/Hostx86/x86/mspdbcore.dll
[1a64:0017][2019-09-25T22:11:30] Started: Copying file /Contents/VC/Tools/MSVC/14.23.28105/bin/Hostx86/x86/mspdbcore.dll to C:\Program Files (x86)\Microsoft Visual Studio\2019\BuildTools\VC\Tools\MSVC\14.23.28105\bin\Hostx86\x86\mspdbcore.dll
[1a64:0017][2019-09-25T22:11:30] Completed: Copying file /Contents/VC/Tools/MSVC/14.23.28105/bin/Hostx86/x86/mspdbcore.dll to C:\Program Files (x86)\Microsoft Visual Studio\2019\BuildTools\VC\Tools\MSVC\14.23.28105\bin\Hostx86\x86\mspdbcore.dll
[1a64:0017][2019-09-25T22:11:30] Timestamp updated for file 'C:\Program Files (x86)\Microsoft Visual Studio\2019\BuildTools\VC\Tools\MSVC\14.23.28105\bin\Hostx86\x86\mspdbcore.dll'.
[1a64:0017][2019-09-25T22:11:30] Processing file /Contents/VC/Tools/MSVC/14.23.28105/bin/Hostx86/x86/mspdbsrv.exe
[1a64:0017][2019-09-25T22:11:30] Started: Copying file /Contents/VC/Tools/MSVC/14.23.28105/bin/Hostx86/x86/mspdbsrv.exe to C:\Program Files (x86)\Microsoft Visual Studio\2019\BuildTools\VC\Tools\MSVC\14.23.28105\bin\Hostx86\x86\mspdbsrv.exe
[1a64:0017][2019-09-25T22:11:30] Completed: Copying file /Contents/VC/Tools/MSVC/14.23.28105/bin/Hostx86/x86/mspdbsrv.exe to C:\Program Files (x86)\Microsoft Visual Studio\2019\BuildTools\VC\Tools\MSVC\14.23.28105\bin\Hostx86\x86\mspdbsrv.exe
[1a64:0017][2019-09-25T22:11:30] Timestamp updated for file 'C:\Program Files (x86)\Microsoft Visual Studio\2019\BuildTools\VC\Tools\MSVC\14.23.28105\bin\Hostx86\x86\mspdbsrv.exe'.
[1a64:0017][2019-09-25T22:11:30] Processing file /Contents/VC/Tools/MSVC/14.23.28105/bin/Hostx86/x86/mspdbst.dll
[1a64:0017][2019-09-25T22:11:30] Started: Copying file /Contents/VC/Tools/MSVC/14.23.28105/bin/Hostx86/x86/mspdbst.dll to C:\Program Files (x86)\Microsoft Visual Studio\2019\BuildTools\VC\Tools\MSVC\14.23.28105\bin\Hostx86\x86\mspdbst.dll
[1a64:0017][2019-09-25T22:11:30] Completed: Copying file /Contents/VC/Tools/MSVC/14.23.28105/bin/Hostx86/x86/mspdbst.dll to C:\Program Files (x86)\Microsoft Visual Studio\2019\BuildTools\VC\Tools\MSVC\14.23.28105\bin\Hostx86\x86\mspdbst.dll
[1a64:0017][2019-09-25T22:11:30] Timestamp updated for file 'C:\Program Files (x86)\Microsoft Visual Studio\2019\BuildTools\VC\Tools\MSVC\14.23.28105\bin\Hostx86\x86\mspdbst.dll'.
[1a64:0017][2019-09-25T22:11:30] Processing file /Contents/VC/Tools/MSVC/14.23.28105/bin/Hostx86/x86/mspft140.dll
[1a64:0017][2019-09-25T22:11:30] Started: Copying file /Contents/VC/Tools/MSVC/14.23.28105/bin/Hostx86/x86/mspft140.dll to C:\Program Files (x86)\Microsoft Visual Studio\2019\BuildTools\VC\Tools\MSVC\14.23.28105\bin\Hostx86\x86\mspft140.dll
[1a64:0017][2019-09-25T22:11:30] Completed: Copying file /Contents/VC/Tools/MSVC/14.23.28105/bin/Hostx86/x86/mspft140.dll to C:\Program Files (x86)\Microsoft Visual Studio\2019\BuildTools\VC\Tools\MSVC\14.23.28105\bin\Hostx86\x86\mspft140.dll
[1a64:0017][2019-09-25T22:11:30] Timestamp updated for file 'C:\Program Files (x86)\Microsoft Visual Studio\2019\BuildTools\VC\Tools\MSVC\14.23.28105\bin\Hostx86\x86\mspft140.dll'.
[1a64:0017][2019-09-25T22:11:30] Processing file /Contents/VC/Tools/MSVC/14.23.28105/bin/Hostx86/x86/MSVC-BuildInsights.dll
[1a64:0017][2019-09-25T22:11:30] Started: Copying file /Contents/VC/Tools/MSVC/14.23.28105/bin/Hostx86/x86/MSVC-BuildInsights.dll to C:\Program Files (x86)\Microsoft Visual Studio\2019\BuildTools\VC\Tools\MSVC\14.23.28105\bin\Hostx86\x86\MSVC-BuildInsights.dll
[1a64:0017][2019-09-25T22:11:30] Completed: Copying file /Contents/VC/Tools/MSVC/14.23.28105/bin/Hostx86/x86/MSVC-BuildInsights.dll to C:\Program Files (x86)\Microsoft Visual Studio\2019\BuildTools\VC\Tools\MSVC\14.23.28105\bin\Hostx86\x86\MSVC-BuildInsights.dll
[1a64:0017][2019-09-25T22:11:30] Timestamp updated for file 'C:\Program Files (x86)\Microsoft Visual Studio\2019\BuildTools\VC\Tools\MSVC\14.23.28105\bin\Hostx86\x86\MSVC-BuildInsights.dll'.
[1a64:0017][2019-09-25T22:11:30] Processing file /Contents/VC/Tools/MSVC/14.23.28105/bin/Hostx86/x86/MSVCBuildInsightsEtw.xml
[1a64:0017][2019-09-25T22:11:30] Started: Copying file /Contents/VC/Tools/MSVC/14.23.28105/bin/Hostx86/x86/MSVCBuildInsightsEtw.xml to C:\Program Files (x86)\Microsoft Visual Studio\2019\BuildTools\VC\Tools\MSVC\14.23.28105\bin\Hostx86\x86\MSVCBuildInsightsEtw.xml
[1a64:0017][2019-09-25T22:11:30] Completed: Copying file /Contents/VC/Tools/MSVC/14.23.28105/bin/Hostx86/x86/MSVCBuildInsightsEtw.xml to C:\Program Files (x86)\Microsoft Visual Studio\2019\BuildTools\VC\Tools\MSVC\14.23.28105\bin\Hostx86\x86\MSVCBuildInsightsEtw.xml
[1a64:0017][2019-09-25T22:11:30] Timestamp updated for file 'C:\Program Files (x86)\Microsoft Visual Studio\2019\BuildTools\VC\Tools\MSVC\14.23.28105\bin\Hostx86\x86\MSVCBuildInsightsEtw.xml'.
[1a64:0017][2019-09-25T22:11:30] Processing file /Contents/VC/Tools/MSVC/14.23.28105/bin/Hostx86/x86/msvcdis140.dll
[1a64:0017][2019-09-25T22:11:30] Started: Copying file /Contents/VC/Tools/MSVC/14.23.28105/bin/Hostx86/x86/msvcdis140.dll to C:\Program Files (x86)\Microsoft Visual Studio\2019\BuildTools\VC\Tools\MSVC\14.23.28105\bin\Hostx86\x86\msvcdis140.dll
[1a64:0017][2019-09-25T22:11:30] Completed: Copying file /Contents/VC/Tools/MSVC/14.23.28105/bin/Hostx86/x86/msvcdis140.dll to C:\Program Files (x86)\Microsoft Visual Studio\2019\BuildTools\VC\Tools\MSVC\14.23.28105\bin\Hostx86\x86\msvcdis140.dll
[1a64:0017][2019-09-25T22:11:30] Timestamp updated for file 'C:\Program Files (x86)\Microsoft Visual Studio\2019\BuildTools\VC\Tools\MSVC\14.23.28105\bin\Hostx86\x86\msvcdis140.dll'.
[1a64:0017][2019-09-25T22:11:30] Processing file /Contents/VC/Tools/MSVC/14.23.28105/bin/Hostx86/x86/msvcp140.dll
[1a64:0017][2019-09-25T22:11:30] Started: Copying file /Contents/VC/Tools/MSVC/14.23.28105/bin/Hostx86/x86/msvcp140.dll to C:\Program Files (x86)\Microsoft Visual Studio\2019\BuildTools\VC\Tools\MSVC\14.23.28105\bin\Hostx86\x86\msvcp140.dll
[1a64:0017][2019-09-25T22:11:30] Completed: Copying file /Contents/VC/Tools/MSVC/14.23.28105/bin/Hostx86/x86/msvcp140.dll to C:\Program Files (x86)\Microsoft Visual Studio\2019\BuildTools\VC\Tools\MSVC\14.23.28105\bin\Hostx86\x86\msvcp140.dll
[1a64:0017][2019-09-25T22:11:30] Timestamp updated for file 'C:\Program Files (x86)\Microsoft Visual Studio\2019\BuildTools\VC\Tools\MSVC\14.23.28105\bin\Hostx86\x86\msvcp140.dll'.
[1a64:0017][2019-09-25T22:11:30] Processing file /Contents/VC/Tools/MSVC/14.23.28105/bin/Hostx86/x86/msvcp140_1.dll
[1a64:0017][2019-09-25T22:11:30] Started: Copying file /Contents/VC/Tools/MSVC/14.23.28105/bin/Hostx86/x86/msvcp140_1.dll to C:\Program Files (x86)\Microsoft Visual Studio\2019\BuildTools\VC\Tools\MSVC\14.23.28105\bin\Hostx86\x86\msvcp140_1.dll
[1a64:0017][2019-09-25T22:11:30] Completed: Copying file /Contents/VC/Tools/MSVC/14.23.28105/bin/Hostx86/x86/msvcp140_1.dll to C:\Program Files (x86)\Microsoft Visual Studio\2019\BuildTools\VC\Tools\MSVC\14.23.28105\bin\Hostx86\x86\msvcp140_1.dll
[1a64:0017][2019-09-25T22:11:30] Timestamp updated for file 'C:\Program Files (x86)\Microsoft Visual Studio\2019\BuildTools\VC\Tools\MSVC\14.23.28105\bin\Hostx86\x86\msvcp140_1.dll'.
[1a64:0017][2019-09-25T22:11:30] Processing file /Contents/VC/Tools/MSVC/14.23.28105/bin/Hostx86/x86/msvcp140_2.dll
[1a64:0017][2019-09-25T22:11:30] Started: Copying file /Contents/VC/Tools/MSVC/14.23.28105/bin/Hostx86/x86/msvcp140_2.dll to C:\Program Files (x86)\Microsoft Visual Studio\2019\BuildTools\VC\Tools\MSVC\14.23.28105\bin\Hostx86\x86\msvcp140_2.dll
[1a64:0017][2019-09-25T22:11:30] Completed: Copying file /Contents/VC/Tools/MSVC/14.23.28105/bin/Hostx86/x86/msvcp140_2.dll to C:\Program Files (x86)\Microsoft Visual Studio\2019\BuildTools\VC\Tools\MSVC\14.23.28105\bin\Hostx86\x86\msvcp140_2.dll
[1a64:0017][2019-09-25T22:11:30] Timestamp updated for file 'C:\Program Files (x86)\Microsoft Visual Studio\2019\BuildTools\VC\Tools\MSVC\14.23.28105\bin\Hostx86\x86\msvcp140_2.dll'.
[1a64:0017][2019-09-25T22:11:30] Processing file /Contents/VC/Tools/MSVC/14.23.28105/bin/Hostx86/x86/msvcp140_codecvt_ids.dll
[1a64:0017][2019-09-25T22:11:30] Started: Copying file /Contents/VC/Tools/MSVC/14.23.28105/bin/Hostx86/x86/msvcp140_codecvt_ids.dll to C:\Program Files (x86)\Microsoft Visual Studio\2019\BuildTools\VC\Tools\MSVC\14.23.28105\bin\Hostx86\x86\msvcp140_codecvt_ids.dll
[1a64:0017][2019-09-25T22:11:30] Completed: Copying file /Contents/VC/Tools/MSVC/14.23.28105/bin/Hostx86/x86/msvcp140_codecvt_ids.dll to C:\Program Files (x86)\Microsoft Visual Studio\2019\BuildTools\VC\Tools\MSVC\14.23.28105\bin\Hostx86\x86\msvcp140_codecvt_ids.dll
[1a64:0017][2019-09-25T22:11:30] Timestamp updated for file 'C:\Program Files (x86)\Microsoft Visual Studio\2019\BuildTools\VC\Tools\MSVC\14.23.28105\bin\Hostx86\x86\msvcp140_codecvt_ids.dll'.
[1a64:0017][2019-09-25T22:11:30] Processing file /Contents/VC/Tools/MSVC/14.23.28105/bin/Hostx86/x86/Newtonsoft.Json.dll
[1a64:0017][2019-09-25T22:11:30] Started: Copying file /Contents/VC/Tools/MSVC/14.23.28105/bin/Hostx86/x86/Newtonsoft.Json.dll to C:\Program Files (x86)\Microsoft Visual Studio\2019\BuildTools\VC\Tools\MSVC\14.23.28105\bin\Hostx86\x86\Newtonsoft.Json.dll
[1a64:0017][2019-09-25T22:11:30] Completed: Copying file /Contents/VC/Tools/MSVC/14.23.28105/bin/Hostx86/x86/Newtonsoft.Json.dll to C:\Program Files (x86)\Microsoft Visual Studio\2019\BuildTools\VC\Tools\MSVC\14.23.28105\bin\Hostx86\x86\Newtonsoft.Json.dll
[1a64:0017][2019-09-25T22:11:30] Timestamp updated for file 'C:\Program Files (x86)\Microsoft Visual Studio\2019\BuildTools\VC\Tools\MSVC\14.23.28105\bin\Hostx86\x86\Newtonsoft.Json.dll'.
[1a64:0017][2019-09-25T22:11:30] Processing file /Contents/VC/Tools/MSVC/14.23.28105/bin/Hostx86/x86/nmake.exe
[1a64:0017][2019-09-25T22:11:30] Started: Copying file /Contents/VC/Tools/MSVC/14.23.28105/bin/Hostx86/x86/nmake.exe to C:\Program Files (x86)\Microsoft Visual Studio\2019\BuildTools\VC\Tools\MSVC\14.23.28105\bin\Hostx86\x86\nmake.exe
[1a64:0017][2019-09-25T22:11:30] Completed: Copying file /Contents/VC/Tools/MSVC/14.23.28105/bin/Hostx86/x86/nmake.exe to C:\Program Files (x86)\Microsoft Visual Studio\2019\BuildTools\VC\Tools\MSVC\14.23.28105\bin\Hostx86\x86\nmake.exe
[1a64:0017][2019-09-25T22:11:30] Timestamp updated for file 'C:\Program Files (x86)\Microsoft Visual Studio\2019\BuildTools\VC\Tools\MSVC\14.23.28105\bin\Hostx86\x86\nmake.exe'.
[1a64:0017][2019-09-25T22:11:30] Processing file /Contents/VC/Tools/MSVC/14.23.28105/bin/Hostx86/x86/tbbmalloc.dll
[1a64:0017][2019-09-25T22:11:30] Started: Copying file /Contents/VC/Tools/MSVC/14.23.28105/bin/Hostx86/x86/tbbmalloc.dll to C:\Program Files (x86)\Microsoft Visual Studio\2019\BuildTools\VC\Tools\MSVC\14.23.28105\bin\Hostx86\x86\tbbmalloc.dll
[1a64:0017][2019-09-25T22:11:30] Completed: Copying file /Contents/VC/Tools/MSVC/14.23.28105/bin/Hostx86/x86/tbbmalloc.dll to C:\Program Files (x86)\Microsoft Visual Studio\2019\BuildTools\VC\Tools\MSVC\14.23.28105\bin\Hostx86\x86\tbbmalloc.dll
[1a64:0017][2019-09-25T22:11:30] Timestamp updated for file 'C:\Program Files (x86)\Microsoft Visual Studio\2019\BuildTools\VC\Tools\MSVC\14.23.28105\bin\Hostx86\x86\tbbmalloc.dll'.
[1a64:0017][2019-09-25T22:11:30] Processing file /Contents/VC/Tools/MSVC/14.23.28105/bin/Hostx86/x86/undname.exe
[1a64:0017][2019-09-25T22:11:30] Started: Copying file /Contents/VC/Tools/MSVC/14.23.28105/bin/Hostx86/x86/undname.exe to C:\Program Files (x86)\Microsoft Visual Studio\2019\BuildTools\VC\Tools\MSVC\14.23.28105\bin\Hostx86\x86\undname.exe
[1a64:0017][2019-09-25T22:11:30] Completed: Copying file /Contents/VC/Tools/MSVC/14.23.28105/bin/Hostx86/x86/undname.exe to C:\Program Files (x86)\Microsoft Visual Studio\2019\BuildTools\VC\Tools\MSVC\14.23.28105\bin\Hostx86\x86\undname.exe
[1a64:0017][2019-09-25T22:11:30] Timestamp updated for file 'C:\Program Files (x86)\Microsoft Visual Studio\2019\BuildTools\VC\Tools\MSVC\14.23.28105\bin\Hostx86\x86\undname.exe'.
[1a64:0017][2019-09-25T22:11:30] Processing file /Contents/VC/Tools/MSVC/14.23.28105/bin/Hostx86/x86/vcmeta.dll
[1a64:0017][2019-09-25T22:11:30] Started: Copying file /Contents/VC/Tools/MSVC/14.23.28105/bin/Hostx86/x86/vcmeta.dll to C:\Program Files (x86)\Microsoft Visual Studio\2019\BuildTools\VC\Tools\MSVC\14.23.28105\bin\Hostx86\x86\vcmeta.dll
[1a64:0017][2019-09-25T22:11:30] Completed: Copying file /Contents/VC/Tools/MSVC/14.23.28105/bin/Hostx86/x86/vcmeta.dll to C:\Program Files (x86)\Microsoft Visual Studio\2019\BuildTools\VC\Tools\MSVC\14.23.28105\bin\Hostx86\x86\vcmeta.dll
[1a64:0017][2019-09-25T22:11:30] Timestamp updated for file 'C:\Program Files (x86)\Microsoft Visual Studio\2019\BuildTools\VC\Tools\MSVC\14.23.28105\bin\Hostx86\x86\vcmeta.dll'.
[1a64:0017][2019-09-25T22:11:30] Processing file /Contents/VC/Tools/MSVC/14.23.28105/bin/Hostx86/x86/vcperf.exe
[1a64:0017][2019-09-25T22:11:30] Started: Copying file /Contents/VC/Tools/MSVC/14.23.28105/bin/Hostx86/x86/vcperf.exe to C:\Program Files (x86)\Microsoft Visual Studio\2019\BuildTools\VC\Tools\MSVC\14.23.28105\bin\Hostx86\x86\vcperf.exe
[1a64:0017][2019-09-25T22:11:30] Completed: Copying file /Contents/VC/Tools/MSVC/14.23.28105/bin/Hostx86/x86/vcperf.exe to C:\Program Files (x86)\Microsoft Visual Studio\2019\BuildTools\VC\Tools\MSVC\14.23.28105\bin\Hostx86\x86\vcperf.exe
[1a64:0017][2019-09-25T22:11:30] Timestamp updated for file 'C:\Program Files (x86)\Microsoft Visual Studio\2019\BuildTools\VC\Tools\MSVC\14.23.28105\bin\Hostx86\x86\vcperf.exe'.
[1a64:0017][2019-09-25T22:11:30] Processing file /Contents/VC/Tools/MSVC/14.23.28105/bin/Hostx86/x86/vcruntime140.dll
[1a64:0017][2019-09-25T22:11:30] Started: Copying file /Contents/VC/Tools/MSVC/14.23.28105/bin/Hostx86/x86/vcruntime140.dll to C:\Program Files (x86)\Microsoft Visual Studio\2019\BuildTools\VC\Tools\MSVC\14.23.28105\bin\Hostx86\x86\vcruntime140.dll
[1a64:0017][2019-09-25T22:11:30] Completed: Copying file /Contents/VC/Tools/MSVC/14.23.28105/bin/Hostx86/x86/vcruntime140.dll to C:\Program Files (x86)\Microsoft Visual Studio\2019\BuildTools\VC\Tools\MSVC\14.23.28105\bin\Hostx86\x86\vcruntime140.dll
[1a64:0017][2019-09-25T22:11:30] Timestamp updated for file 'C:\Program Files (x86)\Microsoft Visual Studio\2019\BuildTools\VC\Tools\MSVC\14.23.28105\bin\Hostx86\x86\vcruntime140.dll'.
[1a64:0017][2019-09-25T22:11:30] Processing file /Contents/VC/Tools/MSVC/14.23.28105/bin/Hostx86/x86/vctip.exe
[1a64:0017][2019-09-25T22:11:30] Started: Copying file /Contents/VC/Tools/MSVC/14.23.28105/bin/Hostx86/x86/vctip.exe to C:\Program Files (x86)\Microsoft Visual Studio\2019\BuildTools\VC\Tools\MSVC\14.23.28105\bin\Hostx86\x86\vctip.exe
[1a64:0017][2019-09-25T22:11:30] Completed: Copying file /Contents/VC/Tools/MSVC/14.23.28105/bin/Hostx86/x86/vctip.exe to C:\Program Files (x86)\Microsoft Visual Studio\2019\BuildTools\VC\Tools\MSVC\14.23.28105\bin\Hostx86\x86\vctip.exe
[1a64:0017][2019-09-25T22:11:30] Timestamp updated for file 'C:\Program Files (x86)\Microsoft Visual Studio\2019\BuildTools\VC\Tools\MSVC\14.23.28105\bin\Hostx86\x86\vctip.exe'.
[1a64:0017][2019-09-25T22:11:30] Processing file /Contents/VC/Tools/MSVC/14.23.28105/bin/Hostx86/x86/xdcmake.exe
[1a64:0017][2019-09-25T22:11:30] Started: Copying file /Contents/VC/Tools/MSVC/14.23.28105/bin/Hostx86/x86/xdcmake.exe to C:\Program Files (x86)\Microsoft Visual Studio\2019\BuildTools\VC\Tools\MSVC\14.23.28105\bin\Hostx86\x86\xdcmake.exe
[1a64:0017][2019-09-25T22:11:30] Completed: Copying file /Contents/VC/Tools/MSVC/14.23.28105/bin/Hostx86/x86/xdcmake.exe to C:\Program Files (x86)\Microsoft Visual Studio\2019\BuildTools\VC\Tools\MSVC\14.23.28105\bin\Hostx86\x86\xdcmake.exe
[1a64:0017][2019-09-25T22:11:30] Timestamp updated for file 'C:\Program Files (x86)\Microsoft Visual Studio\2019\BuildTools\VC\Tools\MSVC\14.23.28105\bin\Hostx86\x86\xdcmake.exe'.
[1a64:0017][2019-09-25T22:11:30] Processing file /Contents/VC/Tools/MSVC/14.23.28105/bin/Hostx86/x86/xdcmake.exe.config
[1a64:0017][2019-09-25T22:11:30] Started: Copying file /Contents/VC/Tools/MSVC/14.23.28105/bin/Hostx86/x86/xdcmake.exe.config to C:\Program Files (x86)\Microsoft Visual Studio\2019\BuildTools\VC\Tools\MSVC\14.23.28105\bin\Hostx86\x86\xdcmake.exe.config
[1a64:0017][2019-09-25T22:11:30] Completed: Copying file /Contents/VC/Tools/MSVC/14.23.28105/bin/Hostx86/x86/xdcmake.exe.config to C:\Program Files (x86)\Microsoft Visual Studio\2019\BuildTools\VC\Tools\MSVC\14.23.28105\bin\Hostx86\x86\xdcmake.exe.config
[1a64:0017][2019-09-25T22:11:30] Timestamp updated for file 'C:\Program Files (x86)\Microsoft Visual Studio\2019\BuildTools\VC\Tools\MSVC\14.23.28105\bin\Hostx86\x86\xdcmake.exe.config'.
[1a64:0017][2019-09-25T22:11:30] Package executed successfully. Return code: 0
