[1a64:0017][2019-09-25T22:13:27] Opening the package for processing
[1a64:0017][2019-09-25T22:13:27] Using package payload to get the embedded manifest
[1a64:0017][2019-09-25T22:13:27] Getting list of files within the package
[1a64:0017][2019-09-25T22:13:27] Processing file /Contents/Common7/IDE/CommonExtensions/Platform/Microsoft.VisualStudio.MinShell.Interop.pkgdef
[1a64:0017][2019-09-25T22:13:27] Started: Copying file /Contents/Common7/IDE/CommonExtensions/Platform/Microsoft.VisualStudio.MinShell.Interop.pkgdef to C:\Program Files (x86)\Microsoft Visual Studio\2019\BuildTools\Common7\IDE\CommonExtensions\Platform\Microsoft.VisualStudio.MinShell.Interop.pkgdef
[1a64:0017][2019-09-25T22:13:27] Completed: Copying file /Contents/Common7/IDE/CommonExtensions/Platform/Microsoft.VisualStudio.MinShell.Interop.pkgdef to C:\Program Files (x86)\Microsoft Visual Studio\2019\BuildTools\Common7\IDE\CommonExtensions\Platform\Microsoft.VisualStudio.MinShell.Interop.pkgdef
[1a64:0017][2019-09-25T22:13:27] Timestamp updated for file 'C:\Program Files (x86)\Microsoft Visual Studio\2019\BuildTools\Common7\IDE\CommonExtensions\Platform\Microsoft.VisualStudio.MinShell.Interop.pkgdef'.
[1a64:0017][2019-09-25T22:13:27] Processing file /Contents/Common7/IDE/PrivateAssemblies/Interop/Microsoft.VisualStudio.Shell.Interop.8.0.dll
[1a64:0017][2019-09-25T22:13:27] Started: Copying file /Contents/Common7/IDE/PrivateAssemblies/Interop/Microsoft.VisualStudio.Shell.Interop.8.0.dll to C:\Program Files (x86)\Microsoft Visual Studio\2019\BuildTools\Common7\IDE\PrivateAssemblies\Interop\Microsoft.VisualStudio.Shell.Interop.8.0.dll
[1a64:0017][2019-09-25T22:13:27] Completed: Copying file /Contents/Common7/IDE/PrivateAssemblies/Interop/Microsoft.VisualStudio.Shell.Interop.8.0.dll to C:\Program Files (x86)\Microsoft Visual Studio\2019\BuildTools\Common7\IDE\PrivateAssemblies\Interop\Microsoft.VisualStudio.Shell.Interop.8.0.dll
[1a64:0017][2019-09-25T22:13:27] Timestamp updated for file 'C:\Program Files (x86)\Microsoft Visual Studio\2019\BuildTools\Common7\IDE\PrivateAssemblies\Interop\Microsoft.VisualStudio.Shell.Interop.8.0.dll'.
[1a64:0017][2019-09-25T22:13:27] Processing file /Contents/Common7/IDE/PrivateAssemblies/System.Web.DynamicData.VisualStudio.15.0.dll
[1a64:0017][2019-09-25T22:13:27] Started: Copying file /Contents/Common7/IDE/PrivateAssemblies/System.Web.DynamicData.VisualStudio.15.0.dll to C:\Program Files (x86)\Microsoft Visual Studio\2019\BuildTools\Common7\IDE\PrivateAssemblies\System.Web.DynamicData.VisualStudio.15.0.dll
[1a64:0017][2019-09-25T22:13:27] Completed: Copying file /Contents/Common7/IDE/PrivateAssemblies/System.Web.DynamicData.VisualStudio.15.0.dll to C:\Program Files (x86)\Microsoft Visual Studio\2019\BuildTools\Common7\IDE\PrivateAssemblies\System.Web.DynamicData.VisualStudio.15.0.dll
[1a64:0017][2019-09-25T22:13:27] Timestamp updated for file 'C:\Program Files (x86)\Microsoft Visual Studio\2019\BuildTools\Common7\IDE\PrivateAssemblies\System.Web.DynamicData.VisualStudio.15.0.dll'.
[1a64:0017][2019-09-25T22:13:27] Processing file /Contents/Common7/IDE/PrivateAssemblies/System.Web.Extensions.Design.VisualStudio.15.0.dll
[1a64:0017][2019-09-25T22:13:27] Started: Copying file /Contents/Common7/IDE/PrivateAssemblies/System.Web.Extensions.Design.VisualStudio.15.0.dll to C:\Program Files (x86)\Microsoft Visual Studio\2019\BuildTools\Common7\IDE\PrivateAssemblies\System.Web.Extensions.Design.VisualStudio.15.0.dll
[1a64:0017][2019-09-25T22:13:27] Completed: Copying file /Contents/Common7/IDE/PrivateAssemblies/System.Web.Extensions.Design.VisualStudio.15.0.dll to C:\Program Files (x86)\Microsoft Visual Studio\2019\BuildTools\Common7\IDE\PrivateAssemblies\System.Web.Extensions.Design.VisualStudio.15.0.dll
[1a64:0017][2019-09-25T22:13:27] Timestamp updated for file 'C:\Program Files (x86)\Microsoft Visual Studio\2019\BuildTools\Common7\IDE\PrivateAssemblies\System.Web.Extensions.Design.VisualStudio.15.0.dll'.
[1a64:0017][2019-09-25T22:13:27] Processing file /Contents/Common7/IDE/PrivateAssemblies/System.Web.Extensions.VisualStudio.15.0.dll
[1a64:0017][2019-09-25T22:13:27] Started: Copying file /Contents/Common7/IDE/PrivateAssemblies/System.Web.Extensions.VisualStudio.15.0.dll to C:\Program Files (x86)\Microsoft Visual Studio\2019\BuildTools\Common7\IDE\PrivateAssemblies\System.Web.Extensions.VisualStudio.15.0.dll
[1a64:0017][2019-09-25T22:13:27] Completed: Copying file /Contents/Common7/IDE/PrivateAssemblies/System.Web.Extensions.VisualStudio.15.0.dll to C:\Program Files (x86)\Microsoft Visual Studio\2019\BuildTools\Common7\IDE\PrivateAssemblies\System.Web.Extensions.VisualStudio.15.0.dll
[1a64:0017][2019-09-25T22:13:27] Timestamp updated for file 'C:\Program Files (x86)\Microsoft Visual Studio\2019\BuildTools\Common7\IDE\PrivateAssemblies\System.Web.Extensions.VisualStudio.15.0.dll'.
[1a64:0017][2019-09-25T22:13:27] Processing file /Contents/Common7/IDE/PrivateAssemblies/System.Web.VisualStudio.15.0.dll
[1a64:0017][2019-09-25T22:13:27] Started: Copying file /Contents/Common7/IDE/PrivateAssemblies/System.Web.VisualStudio.15.0.dll to C:\Program Files (x86)\Microsoft Visual Studio\2019\BuildTools\Common7\IDE\PrivateAssemblies\System.Web.VisualStudio.15.0.dll
[1a64:0017][2019-09-25T22:13:27] Completed: Copying file /Contents/Common7/IDE/PrivateAssemblies/System.Web.VisualStudio.15.0.dll to C:\Program Files (x86)\Microsoft Visual Studio\2019\BuildTools\Common7\IDE\PrivateAssemblies\System.Web.VisualStudio.15.0.dll
[1a64:0017][2019-09-25T22:13:27] Timestamp updated for file 'C:\Program Files (x86)\Microsoft Visual Studio\2019\BuildTools\Common7\IDE\PrivateAssemblies\System.Web.VisualStudio.15.0.dll'.
[1a64:0017][2019-09-25T22:13:27] Processing file /Contents/Common7/IDE/PublicAssemblies/envdte.dll
[1a64:0017][2019-09-25T22:13:27] Started: Copying file /Contents/Common7/IDE/PublicAssemblies/envdte.dll to C:\Program Files (x86)\Microsoft Visual Studio\2019\BuildTools\Common7\IDE\PublicAssemblies\envdte.dll
[1a64:0017][2019-09-25T22:13:27] Completed: Copying file /Contents/Common7/IDE/PublicAssemblies/envdte.dll to C:\Program Files (x86)\Microsoft Visual Studio\2019\BuildTools\Common7\IDE\PublicAssemblies\envdte.dll
[1a64:0017][2019-09-25T22:13:27] Timestamp updated for file 'C:\Program Files (x86)\Microsoft Visual Studio\2019\BuildTools\Common7\IDE\PublicAssemblies\envdte.dll'.
[1a64:0017][2019-09-25T22:13:27] Processing file /Contents/Common7/IDE/PublicAssemblies/envdte100.dll
[1a64:0017][2019-09-25T22:13:27] Started: Copying file /Contents/Common7/IDE/PublicAssemblies/envdte100.dll to C:\Program Files (x86)\Microsoft Visual Studio\2019\BuildTools\Common7\IDE\PublicAssemblies\envdte100.dll
[1a64:0017][2019-09-25T22:13:27] Completed: Copying file /Contents/Common7/IDE/PublicAssemblies/envdte100.dll to C:\Program Files (x86)\Microsoft Visual Studio\2019\BuildTools\Common7\IDE\PublicAssemblies\envdte100.dll
[1a64:0017][2019-09-25T22:13:27] Timestamp updated for file 'C:\Program Files (x86)\Microsoft Visual Studio\2019\BuildTools\Common7\IDE\PublicAssemblies\envdte100.dll'.
[1a64:0017][2019-09-25T22:13:27] Processing file /Contents/Common7/IDE/PublicAssemblies/envdte80.dll
[1a64:0017][2019-09-25T22:13:27] Started: Copying file /Contents/Common7/IDE/PublicAssemblies/envdte80.dll to C:\Program Files (x86)\Microsoft Visual Studio\2019\BuildTools\Common7\IDE\PublicAssemblies\envdte80.dll
[1a64:0017][2019-09-25T22:13:27] Completed: Copying file /Contents/Common7/IDE/PublicAssemblies/envdte80.dll to C:\Program Files (x86)\Microsoft Visual Studio\2019\BuildTools\Common7\IDE\PublicAssemblies\envdte80.dll
[1a64:0017][2019-09-25T22:13:27] Timestamp updated for file 'C:\Program Files (x86)\Microsoft Visual Studio\2019\BuildTools\Common7\IDE\PublicAssemblies\envdte80.dll'.
[1a64:0017][2019-09-25T22:13:27] Processing file /Contents/Common7/IDE/PublicAssemblies/envdte90.dll
[1a64:0017][2019-09-25T22:13:27] Started: Copying file /Contents/Common7/IDE/PublicAssemblies/envdte90.dll to C:\Program Files (x86)\Microsoft Visual Studio\2019\BuildTools\Common7\IDE\PublicAssemblies\envdte90.dll
[1a64:0017][2019-09-25T22:13:27] Completed: Copying file /Contents/Common7/IDE/PublicAssemblies/envdte90.dll to C:\Program Files (x86)\Microsoft Visual Studio\2019\BuildTools\Common7\IDE\PublicAssemblies\envdte90.dll
[1a64:0017][2019-09-25T22:13:27] Timestamp updated for file 'C:\Program Files (x86)\Microsoft Visual Studio\2019\BuildTools\Common7\IDE\PublicAssemblies\envdte90.dll'.
[1a64:0017][2019-09-25T22:13:27] Processing file /Contents/Common7/IDE/PublicAssemblies/envdte90a.dll
[1a64:0017][2019-09-25T22:13:27] Started: Copying file /Contents/Common7/IDE/PublicAssemblies/envdte90a.dll to C:\Program Files (x86)\Microsoft Visual Studio\2019\BuildTools\Common7\IDE\PublicAssemblies\envdte90a.dll
[1a64:0017][2019-09-25T22:13:27] Completed: Copying file /Contents/Common7/IDE/PublicAssemblies/envdte90a.dll to C:\Program Files (x86)\Microsoft Visual Studio\2019\BuildTools\Common7\IDE\PublicAssemblies\envdte90a.dll
[1a64:0017][2019-09-25T22:13:27] Timestamp updated for file 'C:\Program Files (x86)\Microsoft Visual Studio\2019\BuildTools\Common7\IDE\PublicAssemblies\envdte90a.dll'.
[1a64:0017][2019-09-25T22:13:27] Processing file /Contents/Common7/IDE/PublicAssemblies/Microsoft.MSXML.dll
[1a64:0017][2019-09-25T22:13:27] Started: Copying file /Contents/Common7/IDE/PublicAssemblies/Microsoft.MSXML.dll to C:\Program Files (x86)\Microsoft Visual Studio\2019\BuildTools\Common7\IDE\PublicAssemblies\Microsoft.MSXML.dll
[1a64:0017][2019-09-25T22:13:27] Completed: Copying file /Contents/Common7/IDE/PublicAssemblies/Microsoft.MSXML.dll to C:\Program Files (x86)\Microsoft Visual Studio\2019\BuildTools\Common7\IDE\PublicAssemblies\Microsoft.MSXML.dll
[1a64:0017][2019-09-25T22:13:27] Timestamp updated for file 'C:\Program Files (x86)\Microsoft Visual Studio\2019\BuildTools\Common7\IDE\PublicAssemblies\Microsoft.MSXML.dll'.
[1a64:0017][2019-09-25T22:13:27] Processing file /Contents/Common7/IDE/PublicAssemblies/Microsoft.VisualStudio.CommandBars.dll
[1a64:0017][2019-09-25T22:13:27] Started: Copying file /Contents/Common7/IDE/PublicAssemblies/Microsoft.VisualStudio.CommandBars.dll to C:\Program Files (x86)\Microsoft Visual Studio\2019\BuildTools\Common7\IDE\PublicAssemblies\Microsoft.VisualStudio.CommandBars.dll
[1a64:0017][2019-09-25T22:13:27] Completed: Copying file /Contents/Common7/IDE/PublicAssemblies/Microsoft.VisualStudio.CommandBars.dll to C:\Program Files (x86)\Microsoft Visual Studio\2019\BuildTools\Common7\IDE\PublicAssemblies\Microsoft.VisualStudio.CommandBars.dll
[1a64:0017][2019-09-25T22:13:27] Timestamp updated for file 'C:\Program Files (x86)\Microsoft Visual Studio\2019\BuildTools\Common7\IDE\PublicAssemblies\Microsoft.VisualStudio.CommandBars.dll'.
[1a64:0017][2019-09-25T22:13:27] Processing file /Contents/Common7/IDE/PublicAssemblies/Microsoft.VisualStudio.OLE.Interop.dll
[1a64:0017][2019-09-25T22:13:27] Started: Copying file /Contents/Common7/IDE/PublicAssemblies/Microsoft.VisualStudio.OLE.Interop.dll to C:\Program Files (x86)\Microsoft Visual Studio\2019\BuildTools\Common7\IDE\PublicAssemblies\Microsoft.VisualStudio.OLE.Interop.dll
[1a64:0017][2019-09-25T22:13:27] Completed: Copying file /Contents/Common7/IDE/PublicAssemblies/Microsoft.VisualStudio.OLE.Interop.dll to C:\Program Files (x86)\Microsoft Visual Studio\2019\BuildTools\Common7\IDE\PublicAssemblies\Microsoft.VisualStudio.OLE.Interop.dll
[1a64:0017][2019-09-25T22:13:27] Timestamp updated for file 'C:\Program Files (x86)\Microsoft Visual Studio\2019\BuildTools\Common7\IDE\PublicAssemblies\Microsoft.VisualStudio.OLE.Interop.dll'.
[1a64:0017][2019-09-25T22:13:27] Processing file /Contents/Common7/IDE/PublicAssemblies/Microsoft.VisualStudio.ProjectAggregator.dll
[1a64:0017][2019-09-25T22:13:27] Started: Copying file /Contents/Common7/IDE/PublicAssemblies/Microsoft.VisualStudio.ProjectAggregator.dll to C:\Program Files (x86)\Microsoft Visual Studio\2019\BuildTools\Common7\IDE\PublicAssemblies\Microsoft.VisualStudio.ProjectAggregator.dll
[1a64:0017][2019-09-25T22:13:27] Completed: Copying file /Contents/Common7/IDE/PublicAssemblies/Microsoft.VisualStudio.ProjectAggregator.dll to C:\Program Files (x86)\Microsoft Visual Studio\2019\BuildTools\Common7\IDE\PublicAssemblies\Microsoft.VisualStudio.ProjectAggregator.dll
[1a64:0017][2019-09-25T22:13:27] Timestamp updated for file 'C:\Program Files (x86)\Microsoft Visual Studio\2019\BuildTools\Common7\IDE\PublicAssemblies\Microsoft.VisualStudio.ProjectAggregator.dll'.
[1a64:0017][2019-09-25T22:13:27] Processing file /Contents/Common7/IDE/PublicAssemblies/Microsoft.VisualStudio.Shell.Interop.10.0.dll
[1a64:0017][2019-09-25T22:13:27] Started: Copying file /Contents/Common7/IDE/PublicAssemblies/Microsoft.VisualStudio.Shell.Interop.10.0.dll to C:\Program Files (x86)\Microsoft Visual Studio\2019\BuildTools\Common7\IDE\PublicAssemblies\Microsoft.VisualStudio.Shell.Interop.10.0.dll
[1a64:0017][2019-09-25T22:13:27] Completed: Copying file /Contents/Common7/IDE/PublicAssemblies/Microsoft.VisualStudio.Shell.Interop.10.0.dll to C:\Program Files (x86)\Microsoft Visual Studio\2019\BuildTools\Common7\IDE\PublicAssemblies\Microsoft.VisualStudio.Shell.Interop.10.0.dll
[1a64:0017][2019-09-25T22:13:27] Timestamp updated for file 'C:\Program Files (x86)\Microsoft Visual Studio\2019\BuildTools\Common7\IDE\PublicAssemblies\Microsoft.VisualStudio.Shell.Interop.10.0.dll'.
[1a64:0017][2019-09-25T22:13:27] Processing file /Contents/Common7/IDE/PublicAssemblies/Microsoft.VisualStudio.Shell.Interop.11.0.dll
[1a64:0017][2019-09-25T22:13:27] Started: Copying file /Contents/Common7/IDE/PublicAssemblies/Microsoft.VisualStudio.Shell.Interop.11.0.dll to C:\Program Files (x86)\Microsoft Visual Studio\2019\BuildTools\Common7\IDE\PublicAssemblies\Microsoft.VisualStudio.Shell.Interop.11.0.dll
[1a64:0017][2019-09-25T22:13:27] Completed: Copying file /Contents/Common7/IDE/PublicAssemblies/Microsoft.VisualStudio.Shell.Interop.11.0.dll to C:\Program Files (x86)\Microsoft Visual Studio\2019\BuildTools\Common7\IDE\PublicAssemblies\Microsoft.VisualStudio.Shell.Interop.11.0.dll
[1a64:0017][2019-09-25T22:13:27] Timestamp updated for file 'C:\Program Files (x86)\Microsoft Visual Studio\2019\BuildTools\Common7\IDE\PublicAssemblies\Microsoft.VisualStudio.Shell.Interop.11.0.dll'.
[1a64:0017][2019-09-25T22:13:27] Processing file /Contents/Common7/IDE/PublicAssemblies/Microsoft.VisualStudio.Shell.Interop.12.0.dll
[1a64:0017][2019-09-25T22:13:27] Started: Copying file /Contents/Common7/IDE/PublicAssemblies/Microsoft.VisualStudio.Shell.Interop.12.0.dll to C:\Program Files (x86)\Microsoft Visual Studio\2019\BuildTools\Common7\IDE\PublicAssemblies\Microsoft.VisualStudio.Shell.Interop.12.0.dll
[1a64:0017][2019-09-25T22:13:27] Completed: Copying file /Contents/Common7/IDE/PublicAssemblies/Microsoft.VisualStudio.Shell.Interop.12.0.dll to C:\Program Files (x86)\Microsoft Visual Studio\2019\BuildTools\Common7\IDE\PublicAssemblies\Microsoft.VisualStudio.Shell.Interop.12.0.dll
[1a64:0017][2019-09-25T22:13:27] Timestamp updated for file 'C:\Program Files (x86)\Microsoft Visual Studio\2019\BuildTools\Common7\IDE\PublicAssemblies\Microsoft.VisualStudio.Shell.Interop.12.0.dll'.
[1a64:0017][2019-09-25T22:13:27] Processing file /Contents/Common7/IDE/PublicAssemblies/Microsoft.VisualStudio.Shell.Interop.8.0.dll
[1a64:0017][2019-09-25T22:13:27] Started: Copying file /Contents/Common7/IDE/PublicAssemblies/Microsoft.VisualStudio.Shell.Interop.8.0.dll to C:\Program Files (x86)\Microsoft Visual Studio\2019\BuildTools\Common7\IDE\PublicAssemblies\Microsoft.VisualStudio.Shell.Interop.8.0.dll
[1a64:0017][2019-09-25T22:13:27] Completed: Copying file /Contents/Common7/IDE/PublicAssemblies/Microsoft.VisualStudio.Shell.Interop.8.0.dll to C:\Program Files (x86)\Microsoft Visual Studio\2019\BuildTools\Common7\IDE\PublicAssemblies\Microsoft.VisualStudio.Shell.Interop.8.0.dll
[1a64:0017][2019-09-25T22:13:27] Timestamp updated for file 'C:\Program Files (x86)\Microsoft Visual Studio\2019\BuildTools\Common7\IDE\PublicAssemblies\Microsoft.VisualStudio.Shell.Interop.8.0.dll'.
[1a64:0017][2019-09-25T22:13:27] Processing file /Contents/Common7/IDE/PublicAssemblies/Microsoft.VisualStudio.Shell.Interop.9.0.dll
[1a64:0017][2019-09-25T22:13:28] Started: Copying file /Contents/Common7/IDE/PublicAssemblies/Microsoft.VisualStudio.Shell.Interop.9.0.dll to C:\Program Files (x86)\Microsoft Visual Studio\2019\BuildTools\Common7\IDE\PublicAssemblies\Microsoft.VisualStudio.Shell.Interop.9.0.dll
[1a64:0017][2019-09-25T22:13:28] Completed: Copying file /Contents/Common7/IDE/PublicAssemblies/Microsoft.VisualStudio.Shell.Interop.9.0.dll to C:\Program Files (x86)\Microsoft Visual Studio\2019\BuildTools\Common7\IDE\PublicAssemblies\Microsoft.VisualStudio.Shell.Interop.9.0.dll
[1a64:0017][2019-09-25T22:13:28] Timestamp updated for file 'C:\Program Files (x86)\Microsoft Visual Studio\2019\BuildTools\Common7\IDE\PublicAssemblies\Microsoft.VisualStudio.Shell.Interop.9.0.dll'.
[1a64:0017][2019-09-25T22:13:28] Processing file /Contents/Common7/IDE/PublicAssemblies/Microsoft.VisualStudio.Shell.Interop.dll
[1a64:0017][2019-09-25T22:13:28] Started: Copying file /Contents/Common7/IDE/PublicAssemblies/Microsoft.VisualStudio.Shell.Interop.dll to C:\Program Files (x86)\Microsoft Visual Studio\2019\BuildTools\Common7\IDE\PublicAssemblies\Microsoft.VisualStudio.Shell.Interop.dll
[1a64:0017][2019-09-25T22:13:28] Completed: Copying file /Contents/Common7/IDE/PublicAssemblies/Microsoft.VisualStudio.Shell.Interop.dll to C:\Program Files (x86)\Microsoft Visual Studio\2019\BuildTools\Common7\IDE\PublicAssemblies\Microsoft.VisualStudio.Shell.Interop.dll
[1a64:0017][2019-09-25T22:13:28] Timestamp updated for file 'C:\Program Files (x86)\Microsoft Visual Studio\2019\BuildTools\Common7\IDE\PublicAssemblies\Microsoft.VisualStudio.Shell.Interop.dll'.
[1a64:0017][2019-09-25T22:13:28] Processing file /Contents/Common7/IDE/PublicAssemblies/Microsoft.VisualStudio.TextManager.Interop.10.0.dll
[1a64:0017][2019-09-25T22:13:28] Started: Copying file /Contents/Common7/IDE/PublicAssemblies/Microsoft.VisualStudio.TextManager.Interop.10.0.dll to C:\Program Files (x86)\Microsoft Visual Studio\2019\BuildTools\Common7\IDE\PublicAssemblies\Microsoft.VisualStudio.TextManager.Interop.10.0.dll
[1a64:0017][2019-09-25T22:13:28] Completed: Copying file /Contents/Common7/IDE/PublicAssemblies/Microsoft.VisualStudio.TextManager.Interop.10.0.dll to C:\Program Files (x86)\Microsoft Visual Studio\2019\BuildTools\Common7\IDE\PublicAssemblies\Microsoft.VisualStudio.TextManager.Interop.10.0.dll
[1a64:0017][2019-09-25T22:13:28] Timestamp updated for file 'C:\Program Files (x86)\Microsoft Visual Studio\2019\BuildTools\Common7\IDE\PublicAssemblies\Microsoft.VisualStudio.TextManager.Interop.10.0.dll'.
[1a64:0017][2019-09-25T22:13:28] Processing file /Contents/Common7/IDE/PublicAssemblies/Microsoft.VisualStudio.TextManager.Interop.11.0.dll
[1a64:0017][2019-09-25T22:13:28] Started: Copying file /Contents/Common7/IDE/PublicAssemblies/Microsoft.VisualStudio.TextManager.Interop.11.0.dll to C:\Program Files (x86)\Microsoft Visual Studio\2019\BuildTools\Common7\IDE\PublicAssemblies\Microsoft.VisualStudio.TextManager.Interop.11.0.dll
[1a64:0017][2019-09-25T22:13:28] Completed: Copying file /Contents/Common7/IDE/PublicAssemblies/Microsoft.VisualStudio.TextManager.Interop.11.0.dll to C:\Program Files (x86)\Microsoft Visual Studio\2019\BuildTools\Common7\IDE\PublicAssemblies\Microsoft.VisualStudio.TextManager.Interop.11.0.dll
[1a64:0017][2019-09-25T22:13:28] Timestamp updated for file 'C:\Program Files (x86)\Microsoft Visual Studio\2019\BuildTools\Common7\IDE\PublicAssemblies\Microsoft.VisualStudio.TextManager.Interop.11.0.dll'.
[1a64:0017][2019-09-25T22:13:28] Processing file /Contents/Common7/IDE/PublicAssemblies/Microsoft.VisualStudio.TextManager.Interop.12.0.dll
[1a64:0017][2019-09-25T22:13:28] Started: Copying file /Contents/Common7/IDE/PublicAssemblies/Microsoft.VisualStudio.TextManager.Interop.12.0.dll to C:\Program Files (x86)\Microsoft Visual Studio\2019\BuildTools\Common7\IDE\PublicAssemblies\Microsoft.VisualStudio.TextManager.Interop.12.0.dll
[1a64:0017][2019-09-25T22:13:28] Completed: Copying file /Contents/Common7/IDE/PublicAssemblies/Microsoft.VisualStudio.TextManager.Interop.12.0.dll to C:\Program Files (x86)\Microsoft Visual Studio\2019\BuildTools\Common7\IDE\PublicAssemblies\Microsoft.VisualStudio.TextManager.Interop.12.0.dll
[1a64:0017][2019-09-25T22:13:28] Timestamp updated for file 'C:\Program Files (x86)\Microsoft Visual Studio\2019\BuildTools\Common7\IDE\PublicAssemblies\Microsoft.VisualStudio.TextManager.Interop.12.0.dll'.
[1a64:0017][2019-09-25T22:13:28] Processing file /Contents/Common7/IDE/PublicAssemblies/Microsoft.VisualStudio.TextManager.Interop.8.0.dll
[1a64:0017][2019-09-25T22:13:28] Started: Copying file /Contents/Common7/IDE/PublicAssemblies/Microsoft.VisualStudio.TextManager.Interop.8.0.dll to C:\Program Files (x86)\Microsoft Visual Studio\2019\BuildTools\Common7\IDE\PublicAssemblies\Microsoft.VisualStudio.TextManager.Interop.8.0.dll
[1a64:0017][2019-09-25T22:13:28] Completed: Copying file /Contents/Common7/IDE/PublicAssemblies/Microsoft.VisualStudio.TextManager.Interop.8.0.dll to C:\Program Files (x86)\Microsoft Visual Studio\2019\BuildTools\Common7\IDE\PublicAssemblies\Microsoft.VisualStudio.TextManager.Interop.8.0.dll
[1a64:0017][2019-09-25T22:13:28] Timestamp updated for file 'C:\Program Files (x86)\Microsoft Visual Studio\2019\BuildTools\Common7\IDE\PublicAssemblies\Microsoft.VisualStudio.TextManager.Interop.8.0.dll'.
[1a64:0017][2019-09-25T22:13:28] Processing file /Contents/Common7/IDE/PublicAssemblies/Microsoft.VisualStudio.TextManager.Interop.9.0.dll
[1a64:0017][2019-09-25T22:13:28] Started: Copying file /Contents/Common7/IDE/PublicAssemblies/Microsoft.VisualStudio.TextManager.Interop.9.0.dll to C:\Program Files (x86)\Microsoft Visual Studio\2019\BuildTools\Common7\IDE\PublicAssemblies\Microsoft.VisualStudio.TextManager.Interop.9.0.dll
[1a64:0017][2019-09-25T22:13:28] Completed: Copying file /Contents/Common7/IDE/PublicAssemblies/Microsoft.VisualStudio.TextManager.Interop.9.0.dll to C:\Program Files (x86)\Microsoft Visual Studio\2019\BuildTools\Common7\IDE\PublicAssemblies\Microsoft.VisualStudio.TextManager.Interop.9.0.dll
[1a64:0017][2019-09-25T22:13:28] Timestamp updated for file 'C:\Program Files (x86)\Microsoft Visual Studio\2019\BuildTools\Common7\IDE\PublicAssemblies\Microsoft.VisualStudio.TextManager.Interop.9.0.dll'.
[1a64:0017][2019-09-25T22:13:28] Processing file /Contents/Common7/IDE/PublicAssemblies/Microsoft.VisualStudio.TextManager.Interop.dll
[1a64:0017][2019-09-25T22:13:28] Started: Copying file /Contents/Common7/IDE/PublicAssemblies/Microsoft.VisualStudio.TextManager.Interop.dll to C:\Program Files (x86)\Microsoft Visual Studio\2019\BuildTools\Common7\IDE\PublicAssemblies\Microsoft.VisualStudio.TextManager.Interop.dll
[1a64:0017][2019-09-25T22:13:28] Completed: Copying file /Contents/Common7/IDE/PublicAssemblies/Microsoft.VisualStudio.TextManager.Interop.dll to C:\Program Files (x86)\Microsoft Visual Studio\2019\BuildTools\Common7\IDE\PublicAssemblies\Microsoft.VisualStudio.TextManager.Interop.dll
[1a64:0017][2019-09-25T22:13:28] Timestamp updated for file 'C:\Program Files (x86)\Microsoft Visual Studio\2019\BuildTools\Common7\IDE\PublicAssemblies\Microsoft.VisualStudio.TextManager.Interop.dll'.
[1a64:0017][2019-09-25T22:13:28] Processing file /Contents/Common7/IDE/PublicAssemblies/Microsoft.VisualStudio.VSHelp.dll
[1a64:0017][2019-09-25T22:13:28] Started: Copying file /Contents/Common7/IDE/PublicAssemblies/Microsoft.VisualStudio.VSHelp.dll to C:\Program Files (x86)\Microsoft Visual Studio\2019\BuildTools\Common7\IDE\PublicAssemblies\Microsoft.VisualStudio.VSHelp.dll
[1a64:0017][2019-09-25T22:13:28] Completed: Copying file /Contents/Common7/IDE/PublicAssemblies/Microsoft.VisualStudio.VSHelp.dll to C:\Program Files (x86)\Microsoft Visual Studio\2019\BuildTools\Common7\IDE\PublicAssemblies\Microsoft.VisualStudio.VSHelp.dll
[1a64:0017][2019-09-25T22:13:28] Timestamp updated for file 'C:\Program Files (x86)\Microsoft Visual Studio\2019\BuildTools\Common7\IDE\PublicAssemblies\Microsoft.VisualStudio.VSHelp.dll'.
[1a64:0017][2019-09-25T22:13:28] Processing file /Contents/Common7/IDE/PublicAssemblies/Microsoft.VisualStudio.VSHelp80.dll
[1a64:0017][2019-09-25T22:13:28] Started: Copying file /Contents/Common7/IDE/PublicAssemblies/Microsoft.VisualStudio.VSHelp80.dll to C:\Program Files (x86)\Microsoft Visual Studio\2019\BuildTools\Common7\IDE\PublicAssemblies\Microsoft.VisualStudio.VSHelp80.dll
[1a64:0017][2019-09-25T22:13:28] Completed: Copying file /Contents/Common7/IDE/PublicAssemblies/Microsoft.VisualStudio.VSHelp80.dll to C:\Program Files (x86)\Microsoft Visual Studio\2019\BuildTools\Common7\IDE\PublicAssemblies\Microsoft.VisualStudio.VSHelp80.dll
[1a64:0017][2019-09-25T22:13:28] Timestamp updated for file 'C:\Program Files (x86)\Microsoft Visual Studio\2019\BuildTools\Common7\IDE\PublicAssemblies\Microsoft.VisualStudio.VSHelp80.dll'.
[1a64:0017][2019-09-25T22:13:28] Processing file /Contents/Common7/IDE/PublicAssemblies/stdole.dll
[1a64:0017][2019-09-25T22:13:28] Started: Copying file /Contents/Common7/IDE/PublicAssemblies/stdole.dll to C:\Program Files (x86)\Microsoft Visual Studio\2019\BuildTools\Common7\IDE\PublicAssemblies\stdole.dll
[1a64:0017][2019-09-25T22:13:28] Completed: Copying file /Contents/Common7/IDE/PublicAssemblies/stdole.dll to C:\Program Files (x86)\Microsoft Visual Studio\2019\BuildTools\Common7\IDE\PublicAssemblies\stdole.dll
[1a64:0017][2019-09-25T22:13:28] Timestamp updated for file 'C:\Program Files (x86)\Microsoft Visual Studio\2019\BuildTools\Common7\IDE\PublicAssemblies\stdole.dll'.
[1a64:0017][2019-09-25T22:13:28] Processing file /Contents/Common7/IDE/PublicAssemblies/VSLangProj.dll
[1a64:0017][2019-09-25T22:13:28] Started: Copying file /Contents/Common7/IDE/PublicAssemblies/VSLangProj.dll to C:\Program Files (x86)\Microsoft Visual Studio\2019\BuildTools\Common7\IDE\PublicAssemblies\VSLangProj.dll
[1a64:0017][2019-09-25T22:13:28] Completed: Copying file /Contents/Common7/IDE/PublicAssemblies/VSLangProj.dll to C:\Program Files (x86)\Microsoft Visual Studio\2019\BuildTools\Common7\IDE\PublicAssemblies\VSLangProj.dll
[1a64:0017][2019-09-25T22:13:28] Timestamp updated for file 'C:\Program Files (x86)\Microsoft Visual Studio\2019\BuildTools\Common7\IDE\PublicAssemblies\VSLangProj.dll'.
[1a64:0017][2019-09-25T22:13:28] Processing file /Contents/Common7/IDE/PublicAssemblies/VSLangProj100.dll
[1a64:0017][2019-09-25T22:13:28] Started: Copying file /Contents/Common7/IDE/PublicAssemblies/VSLangProj100.dll to C:\Program Files (x86)\Microsoft Visual Studio\2019\BuildTools\Common7\IDE\PublicAssemblies\VSLangProj100.dll
[1a64:0017][2019-09-25T22:13:28] Completed: Copying file /Contents/Common7/IDE/PublicAssemblies/VSLangProj100.dll to C:\Program Files (x86)\Microsoft Visual Studio\2019\BuildTools\Common7\IDE\PublicAssemblies\VSLangProj100.dll
[1a64:0017][2019-09-25T22:13:28] Timestamp updated for file 'C:\Program Files (x86)\Microsoft Visual Studio\2019\BuildTools\Common7\IDE\PublicAssemblies\VSLangProj100.dll'.
[1a64:0017][2019-09-25T22:13:28] Processing file /Contents/Common7/IDE/PublicAssemblies/VSLangProj110.dll
[1a64:0017][2019-09-25T22:13:28] Started: Copying file /Contents/Common7/IDE/PublicAssemblies/VSLangProj110.dll to C:\Program Files (x86)\Microsoft Visual Studio\2019\BuildTools\Common7\IDE\PublicAssemblies\VSLangProj110.dll
[1a64:0017][2019-09-25T22:13:28] Completed: Copying file /Contents/Common7/IDE/PublicAssemblies/VSLangProj110.dll to C:\Program Files (x86)\Microsoft Visual Studio\2019\BuildTools\Common7\IDE\PublicAssemblies\VSLangProj110.dll
[1a64:0017][2019-09-25T22:13:28] Timestamp updated for file 'C:\Program Files (x86)\Microsoft Visual Studio\2019\BuildTools\Common7\IDE\PublicAssemblies\VSLangProj110.dll'.
[1a64:0017][2019-09-25T22:13:28] Processing file /Contents/Common7/IDE/PublicAssemblies/VSLangProj140.dll
[1a64:0017][2019-09-25T22:13:28] Started: Copying file /Contents/Common7/IDE/PublicAssemblies/VSLangProj140.dll to C:\Program Files (x86)\Microsoft Visual Studio\2019\BuildTools\Common7\IDE\PublicAssemblies\VSLangProj140.dll
[1a64:0017][2019-09-25T22:13:28] Completed: Copying file /Contents/Common7/IDE/PublicAssemblies/VSLangProj140.dll to C:\Program Files (x86)\Microsoft Visual Studio\2019\BuildTools\Common7\IDE\PublicAssemblies\VSLangProj140.dll
[1a64:0017][2019-09-25T22:13:28] Timestamp updated for file 'C:\Program Files (x86)\Microsoft Visual Studio\2019\BuildTools\Common7\IDE\PublicAssemblies\VSLangProj140.dll'.
[1a64:0017][2019-09-25T22:13:28] Processing file /Contents/Common7/IDE/PublicAssemblies/VSLangProj150.dll
[1a64:0017][2019-09-25T22:13:28] Started: Copying file /Contents/Common7/IDE/PublicAssemblies/VSLangProj150.dll to C:\Program Files (x86)\Microsoft Visual Studio\2019\BuildTools\Common7\IDE\PublicAssemblies\VSLangProj150.dll
[1a64:0017][2019-09-25T22:13:28] Completed: Copying file /Contents/Common7/IDE/PublicAssemblies/VSLangProj150.dll to C:\Program Files (x86)\Microsoft Visual Studio\2019\BuildTools\Common7\IDE\PublicAssemblies\VSLangProj150.dll
[1a64:0017][2019-09-25T22:13:28] Timestamp updated for file 'C:\Program Files (x86)\Microsoft Visual Studio\2019\BuildTools\Common7\IDE\PublicAssemblies\VSLangProj150.dll'.
[1a64:0017][2019-09-25T22:13:28] Processing file /Contents/Common7/IDE/PublicAssemblies/VSLangProj157.dll
[1a64:0017][2019-09-25T22:13:28] Started: Copying file /Contents/Common7/IDE/PublicAssemblies/VSLangProj157.dll to C:\Program Files (x86)\Microsoft Visual Studio\2019\BuildTools\Common7\IDE\PublicAssemblies\VSLangProj157.dll
[1a64:0017][2019-09-25T22:13:28] Completed: Copying file /Contents/Common7/IDE/PublicAssemblies/VSLangProj157.dll to C:\Program Files (x86)\Microsoft Visual Studio\2019\BuildTools\Common7\IDE\PublicAssemblies\VSLangProj157.dll
[1a64:0017][2019-09-25T22:13:28] Timestamp updated for file 'C:\Program Files (x86)\Microsoft Visual Studio\2019\BuildTools\Common7\IDE\PublicAssemblies\VSLangProj157.dll'.
[1a64:0017][2019-09-25T22:13:28] Processing file /Contents/Common7/IDE/PublicAssemblies/VSLangProj158.dll
[1a64:0017][2019-09-25T22:13:28] Started: Copying file /Contents/Common7/IDE/PublicAssemblies/VSLangProj158.dll to C:\Program Files (x86)\Microsoft Visual Studio\2019\BuildTools\Common7\IDE\PublicAssemblies\VSLangProj158.dll
[1a64:0017][2019-09-25T22:13:28] Completed: Copying file /Contents/Common7/IDE/PublicAssemblies/VSLangProj158.dll to C:\Program Files (x86)\Microsoft Visual Studio\2019\BuildTools\Common7\IDE\PublicAssemblies\VSLangProj158.dll
[1a64:0017][2019-09-25T22:13:28] Timestamp updated for file 'C:\Program Files (x86)\Microsoft Visual Studio\2019\BuildTools\Common7\IDE\PublicAssemblies\VSLangProj158.dll'.
[1a64:0017][2019-09-25T22:13:28] Processing file /Contents/Common7/IDE/PublicAssemblies/VSLangProj2.dll
[1a64:0017][2019-09-25T22:13:28] Started: Copying file /Contents/Common7/IDE/PublicAssemblies/VSLangProj2.dll to C:\Program Files (x86)\Microsoft Visual Studio\2019\BuildTools\Common7\IDE\PublicAssemblies\VSLangProj2.dll
[1a64:0017][2019-09-25T22:13:28] Completed: Copying file /Contents/Common7/IDE/PublicAssemblies/VSLangProj2.dll to C:\Program Files (x86)\Microsoft Visual Studio\2019\BuildTools\Common7\IDE\PublicAssemblies\VSLangProj2.dll
[1a64:0017][2019-09-25T22:13:28] Timestamp updated for file 'C:\Program Files (x86)\Microsoft Visual Studio\2019\BuildTools\Common7\IDE\PublicAssemblies\VSLangProj2.dll'.
[1a64:0017][2019-09-25T22:13:28] Processing file /Contents/Common7/IDE/PublicAssemblies/VSLangProj80.dll
[1a64:0017][2019-09-25T22:13:28] Started: Copying file /Contents/Common7/IDE/PublicAssemblies/VSLangProj80.dll to C:\Program Files (x86)\Microsoft Visual Studio\2019\BuildTools\Common7\IDE\PublicAssemblies\VSLangProj80.dll
[1a64:0017][2019-09-25T22:13:28] Completed: Copying file /Contents/Common7/IDE/PublicAssemblies/VSLangProj80.dll to C:\Program Files (x86)\Microsoft Visual Studio\2019\BuildTools\Common7\IDE\PublicAssemblies\VSLangProj80.dll
[1a64:0017][2019-09-25T22:13:28] Timestamp updated for file 'C:\Program Files (x86)\Microsoft Visual Studio\2019\BuildTools\Common7\IDE\PublicAssemblies\VSLangProj80.dll'.
[1a64:0017][2019-09-25T22:13:28] Processing file /Contents/Common7/IDE/PublicAssemblies/VSLangProj90.dll
[1a64:0017][2019-09-25T22:13:28] Started: Copying file /Contents/Common7/IDE/PublicAssemblies/VSLangProj90.dll to C:\Program Files (x86)\Microsoft Visual Studio\2019\BuildTools\Common7\IDE\PublicAssemblies\VSLangProj90.dll
[1a64:0017][2019-09-25T22:13:28] Completed: Copying file /Contents/Common7/IDE/PublicAssemblies/VSLangProj90.dll to C:\Program Files (x86)\Microsoft Visual Studio\2019\BuildTools\Common7\IDE\PublicAssemblies\VSLangProj90.dll
[1a64:0017][2019-09-25T22:13:28] Timestamp updated for file 'C:\Program Files (x86)\Microsoft Visual Studio\2019\BuildTools\Common7\IDE\PublicAssemblies\VSLangProj90.dll'.
[1a64:0017][2019-09-25T22:13:28] Package executed successfully. Return code: 0
