[1a64:0017][2019-09-25T22:13:27] Opening the package for processing
[1a64:0017][2019-09-25T22:13:27] Using package payload to get the embedded manifest
[1a64:0017][2019-09-25T22:13:27] Getting list of files within the package
[1a64:0017][2019-09-25T22:13:27] Processing file /Contents/Common7/IDE/CodeMarkersEtw.man
[1a64:0017][2019-09-25T22:13:27] Started: Copying file /Contents/Common7/IDE/CodeMarkersEtw.man to C:\Program Files (x86)\Microsoft Visual Studio\2019\BuildTools\Common7\IDE\CodeMarkersEtw.man
[1a64:0017][2019-09-25T22:13:27] Completed: Copying file /Contents/Common7/IDE/CodeMarkersEtw.man to C:\Program Files (x86)\Microsoft Visual Studio\2019\BuildTools\Common7\IDE\CodeMarkersEtw.man
[1a64:0017][2019-09-25T22:13:27] Timestamp updated for file 'C:\Program Files (x86)\Microsoft Visual Studio\2019\BuildTools\Common7\IDE\CodeMarkersEtw.man'.
[1a64:0017][2019-09-25T22:13:27] Processing file /Contents/Common7/IDE/CodeMarkersEtwRc.dll
[1a64:0017][2019-09-25T22:13:27] Started: Copying file /Contents/Common7/IDE/CodeMarkersEtwRc.dll to C:\Program Files (x86)\Microsoft Visual Studio\2019\BuildTools\Common7\IDE\CodeMarkersEtwRc.dll
[1a64:0017][2019-09-25T22:13:27] Completed: Copying file /Contents/Common7/IDE/CodeMarkersEtwRc.dll to C:\Program Files (x86)\Microsoft Visual Studio\2019\BuildTools\Common7\IDE\CodeMarkersEtwRc.dll
[1a64:0017][2019-09-25T22:13:27] Timestamp updated for file 'C:\Program Files (x86)\Microsoft Visual Studio\2019\BuildTools\Common7\IDE\CodeMarkersEtwRc.dll'.
[1a64:0017][2019-09-25T22:13:27] Processing file /Contents/Common7/IDE/CommonExtensions/Microsoft/VSLog/Microsoft.VisualStudio.PerfWatson.Provider.pkgdef
[1a64:0017][2019-09-25T22:13:27] Started: Copying file /Contents/Common7/IDE/CommonExtensions/Microsoft/VSLog/Microsoft.VisualStudio.PerfWatson.Provider.pkgdef to C:\Program Files (x86)\Microsoft Visual Studio\2019\BuildTools\Common7\IDE\CommonExtensions\Microsoft\VSLog\Microsoft.VisualStudio.PerfWatson.Provider.pkgdef
[1a64:0017][2019-09-25T22:13:27] Completed: Copying file /Contents/Common7/IDE/CommonExtensions/Microsoft/VSLog/Microsoft.VisualStudio.PerfWatson.Provider.pkgdef to C:\Program Files (x86)\Microsoft Visual Studio\2019\BuildTools\Common7\IDE\CommonExtensions\Microsoft\VSLog\Microsoft.VisualStudio.PerfWatson.Provider.pkgdef
[1a64:0017][2019-09-25T22:13:27] Timestamp updated for file 'C:\Program Files (x86)\Microsoft Visual Studio\2019\BuildTools\Common7\IDE\CommonExtensions\Microsoft\VSLog\Microsoft.VisualStudio.PerfWatson.Provider.pkgdef'.
[1a64:0017][2019-09-25T22:13:27] Processing file /Contents/Common7/IDE/CommonExtensions/Microsoft/VSLog/VSLog.pkgdef
[1a64:0017][2019-09-25T22:13:27] Started: Copying file /Contents/Common7/IDE/CommonExtensions/Microsoft/VSLog/VSLog.pkgdef to C:\Program Files (x86)\Microsoft Visual Studio\2019\BuildTools\Common7\IDE\CommonExtensions\Microsoft\VSLog\VSLog.pkgdef
[1a64:0017][2019-09-25T22:13:27] Completed: Copying file /Contents/Common7/IDE/CommonExtensions/Microsoft/VSLog/VSLog.pkgdef to C:\Program Files (x86)\Microsoft Visual Studio\2019\BuildTools\Common7\IDE\CommonExtensions\Microsoft\VSLog\VSLog.pkgdef
[1a64:0017][2019-09-25T22:13:27] Timestamp updated for file 'C:\Program Files (x86)\Microsoft Visual Studio\2019\BuildTools\Common7\IDE\CommonExtensions\Microsoft\VSLog\VSLog.pkgdef'.
[1a64:0017][2019-09-25T22:13:27] Processing file /Contents/Common7/IDE/Microsoft.VisualStudio.CodeMarkers.dll
[1a64:0017][2019-09-25T22:13:27] Started: Copying file /Contents/Common7/IDE/Microsoft.VisualStudio.CodeMarkers.dll to C:\Program Files (x86)\Microsoft Visual Studio\2019\BuildTools\Common7\IDE\Microsoft.VisualStudio.CodeMarkers.dll
[1a64:0017][2019-09-25T22:13:27] Completed: Copying file /Contents/Common7/IDE/Microsoft.VisualStudio.CodeMarkers.dll to C:\Program Files (x86)\Microsoft Visual Studio\2019\BuildTools\Common7\IDE\Microsoft.VisualStudio.CodeMarkers.dll
[1a64:0017][2019-09-25T22:13:27] Timestamp updated for file 'C:\Program Files (x86)\Microsoft Visual Studio\2019\BuildTools\Common7\IDE\Microsoft.VisualStudio.CodeMarkers.dll'.
[1a64:0017][2019-09-25T22:13:27] Processing file /Contents/Common7/IDE/Microsoft.VisualStudio.PerfWatson.dll
[1a64:0017][2019-09-25T22:13:27] Started: Copying file /Contents/Common7/IDE/Microsoft.VisualStudio.PerfWatson.dll to C:\Program Files (x86)\Microsoft Visual Studio\2019\BuildTools\Common7\IDE\Microsoft.VisualStudio.PerfWatson.dll
[1a64:0017][2019-09-25T22:13:27] Completed: Copying file /Contents/Common7/IDE/Microsoft.VisualStudio.PerfWatson.dll to C:\Program Files (x86)\Microsoft Visual Studio\2019\BuildTools\Common7\IDE\Microsoft.VisualStudio.PerfWatson.dll
[1a64:0017][2019-09-25T22:13:27] Timestamp updated for file 'C:\Program Files (x86)\Microsoft Visual Studio\2019\BuildTools\Common7\IDE\Microsoft.VisualStudio.PerfWatson.dll'.
[1a64:0017][2019-09-25T22:13:27] Processing file /Contents/Common7/IDE/MinimalResponsivenessTrackingManifest.xml
[1a64:0017][2019-09-25T22:13:27] Started: Copying file /Contents/Common7/IDE/MinimalResponsivenessTrackingManifest.xml to C:\Program Files (x86)\Microsoft Visual Studio\2019\BuildTools\Common7\IDE\MinimalResponsivenessTrackingManifest.xml
[1a64:0017][2019-09-25T22:13:27] Completed: Copying file /Contents/Common7/IDE/MinimalResponsivenessTrackingManifest.xml to C:\Program Files (x86)\Microsoft Visual Studio\2019\BuildTools\Common7\IDE\MinimalResponsivenessTrackingManifest.xml
[1a64:0017][2019-09-25T22:13:27] Timestamp updated for file 'C:\Program Files (x86)\Microsoft Visual Studio\2019\BuildTools\Common7\IDE\MinimalResponsivenessTrackingManifest.xml'.
[1a64:0017][2019-09-25T22:13:27] Processing file /Contents/Common7/IDE/msdia120.dll
[1a64:0017][2019-09-25T22:13:27] Started: Copying file /Contents/Common7/IDE/msdia120.dll to C:\Program Files (x86)\Microsoft Visual Studio\2019\BuildTools\Common7\IDE\msdia120.dll
[1a64:0017][2019-09-25T22:13:27] Completed: Copying file /Contents/Common7/IDE/msdia120.dll to C:\Program Files (x86)\Microsoft Visual Studio\2019\BuildTools\Common7\IDE\msdia120.dll
[1a64:0017][2019-09-25T22:13:27] Timestamp updated for file 'C:\Program Files (x86)\Microsoft Visual Studio\2019\BuildTools\Common7\IDE\msdia120.dll'.
[1a64:0017][2019-09-25T22:13:27] Processing file /Contents/Common7/IDE/msdia140.dll
[1a64:0017][2019-09-25T22:13:27] Started: Copying file /Contents/Common7/IDE/msdia140.dll to C:\Program Files (x86)\Microsoft Visual Studio\2019\BuildTools\Common7\IDE\msdia140.dll
[1a64:0017][2019-09-25T22:13:27] Completed: Copying file /Contents/Common7/IDE/msdia140.dll to C:\Program Files (x86)\Microsoft Visual Studio\2019\BuildTools\Common7\IDE\msdia140.dll
[1a64:0017][2019-09-25T22:13:27] Timestamp updated for file 'C:\Program Files (x86)\Microsoft Visual Studio\2019\BuildTools\Common7\IDE\msdia140.dll'.
[1a64:0017][2019-09-25T22:13:27] Processing file /Contents/Common7/IDE/PerfWatson2.exe
[1a64:0017][2019-09-25T22:13:27] Started: Copying file /Contents/Common7/IDE/PerfWatson2.exe to C:\Program Files (x86)\Microsoft Visual Studio\2019\BuildTools\Common7\IDE\PerfWatson2.exe
[1a64:0017][2019-09-25T22:13:27] Completed: Copying file /Contents/Common7/IDE/PerfWatson2.exe to C:\Program Files (x86)\Microsoft Visual Studio\2019\BuildTools\Common7\IDE\PerfWatson2.exe
[1a64:0017][2019-09-25T22:13:27] Timestamp updated for file 'C:\Program Files (x86)\Microsoft Visual Studio\2019\BuildTools\Common7\IDE\PerfWatson2.exe'.
[1a64:0017][2019-09-25T22:13:27] Processing file /Contents/Common7/IDE/PerfWatson2.exe.config
[1a64:0017][2019-09-25T22:13:27] Started: Copying file /Contents/Common7/IDE/PerfWatson2.exe.config to C:\Program Files (x86)\Microsoft Visual Studio\2019\BuildTools\Common7\IDE\PerfWatson2.exe.config
[1a64:0017][2019-09-25T22:13:27] Completed: Copying file /Contents/Common7/IDE/PerfWatson2.exe.config to C:\Program Files (x86)\Microsoft Visual Studio\2019\BuildTools\Common7\IDE\PerfWatson2.exe.config
[1a64:0017][2019-09-25T22:13:27] Timestamp updated for file 'C:\Program Files (x86)\Microsoft Visual Studio\2019\BuildTools\Common7\IDE\PerfWatson2.exe.config'.
[1a64:0017][2019-09-25T22:13:27] Processing file /Contents/Common7/IDE/PrivateAssemblies/Microsoft.VisualStudio.PerfWatson.Provider.dll
[1a64:0017][2019-09-25T22:13:27] Started: Copying file /Contents/Common7/IDE/PrivateAssemblies/Microsoft.VisualStudio.PerfWatson.Provider.dll to C:\Program Files (x86)\Microsoft Visual Studio\2019\BuildTools\Common7\IDE\PrivateAssemblies\Microsoft.VisualStudio.PerfWatson.Provider.dll
[1a64:0017][2019-09-25T22:13:27] Completed: Copying file /Contents/Common7/IDE/PrivateAssemblies/Microsoft.VisualStudio.PerfWatson.Provider.dll to C:\Program Files (x86)\Microsoft Visual Studio\2019\BuildTools\Common7\IDE\PrivateAssemblies\Microsoft.VisualStudio.PerfWatson.Provider.dll
[1a64:0017][2019-09-25T22:13:27] Timestamp updated for file 'C:\Program Files (x86)\Microsoft Visual Studio\2019\BuildTools\Common7\IDE\PrivateAssemblies\Microsoft.VisualStudio.PerfWatson.Provider.dll'.
[1a64:0017][2019-09-25T22:13:27] Processing file /Contents/Common7/IDE/ResponsivenessTrackingManifest.xml
[1a64:0017][2019-09-25T22:13:27] Started: Copying file /Contents/Common7/IDE/ResponsivenessTrackingManifest.xml to C:\Program Files (x86)\Microsoft Visual Studio\2019\BuildTools\Common7\IDE\ResponsivenessTrackingManifest.xml
[1a64:0017][2019-09-25T22:13:27] Completed: Copying file /Contents/Common7/IDE/ResponsivenessTrackingManifest.xml to C:\Program Files (x86)\Microsoft Visual Studio\2019\BuildTools\Common7\IDE\ResponsivenessTrackingManifest.xml
[1a64:0017][2019-09-25T22:13:27] Timestamp updated for file 'C:\Program Files (x86)\Microsoft Visual Studio\2019\BuildTools\Common7\IDE\ResponsivenessTrackingManifest.xml'.
[1a64:0017][2019-09-25T22:13:27] Processing file /Contents/Common7/IDE/VsLog.dll
[1a64:0017][2019-09-25T22:13:27] Started: Copying file /Contents/Common7/IDE/VsLog.dll to C:\Program Files (x86)\Microsoft Visual Studio\2019\BuildTools\Common7\IDE\VsLog.dll
[1a64:0017][2019-09-25T22:13:27] Completed: Copying file /Contents/Common7/IDE/VsLog.dll to C:\Program Files (x86)\Microsoft Visual Studio\2019\BuildTools\Common7\IDE\VsLog.dll
[1a64:0017][2019-09-25T22:13:27] Timestamp updated for file 'C:\Program Files (x86)\Microsoft Visual Studio\2019\BuildTools\Common7\IDE\VsLog.dll'.
[1a64:0017][2019-09-25T22:13:27] Package executed successfully. Return code: 0
