[1a64:0017][2019-09-25T22:11:41] Opening the package for processing
[1a64:0017][2019-09-25T22:11:41] Using package payload to get the embedded manifest
[1a64:0017][2019-09-25T22:11:41] Getting list of files within the package
[1a64:0017][2019-09-25T22:11:41] Processing file /Contents/VC/Tools/MSVC/14.23.28105/bin/Hostx86/x86/pgocvt.exe
[1a64:0017][2019-09-25T22:11:41] Started: Copying file /Contents/VC/Tools/MSVC/14.23.28105/bin/Hostx86/x86/pgocvt.exe to C:\Program Files (x86)\Microsoft Visual Studio\2019\BuildTools\VC\Tools\MSVC\14.23.28105\bin\Hostx86\x86\pgocvt.exe
[1a64:0017][2019-09-25T22:11:41] Completed: Copying file /Contents/VC/Tools/MSVC/14.23.28105/bin/Hostx86/x86/pgocvt.exe to C:\Program Files (x86)\Microsoft Visual Studio\2019\BuildTools\VC\Tools\MSVC\14.23.28105\bin\Hostx86\x86\pgocvt.exe
[1a64:0017][2019-09-25T22:11:41] Timestamp updated for file 'C:\Program Files (x86)\Microsoft Visual Studio\2019\BuildTools\VC\Tools\MSVC\14.23.28105\bin\Hostx86\x86\pgocvt.exe'.
[1a64:0017][2019-09-25T22:11:41] Processing file /Contents/VC/Tools/MSVC/14.23.28105/bin/Hostx86/x86/pgodb140.dll
[1a64:0017][2019-09-25T22:11:41] Started: Copying file /Contents/VC/Tools/MSVC/14.23.28105/bin/Hostx86/x86/pgodb140.dll to C:\Program Files (x86)\Microsoft Visual Studio\2019\BuildTools\VC\Tools\MSVC\14.23.28105\bin\Hostx86\x86\pgodb140.dll
[1a64:0017][2019-09-25T22:11:41] Completed: Copying file /Contents/VC/Tools/MSVC/14.23.28105/bin/Hostx86/x86/pgodb140.dll to C:\Program Files (x86)\Microsoft Visual Studio\2019\BuildTools\VC\Tools\MSVC\14.23.28105\bin\Hostx86\x86\pgodb140.dll
[1a64:0017][2019-09-25T22:11:41] Timestamp updated for file 'C:\Program Files (x86)\Microsoft Visual Studio\2019\BuildTools\VC\Tools\MSVC\14.23.28105\bin\Hostx86\x86\pgodb140.dll'.
[1a64:0017][2019-09-25T22:11:41] Processing file /Contents/VC/Tools/MSVC/14.23.28105/bin/Hostx86/x86/pgomgr.exe
[1a64:0017][2019-09-25T22:11:41] Started: Copying file /Contents/VC/Tools/MSVC/14.23.28105/bin/Hostx86/x86/pgomgr.exe to C:\Program Files (x86)\Microsoft Visual Studio\2019\BuildTools\VC\Tools\MSVC\14.23.28105\bin\Hostx86\x86\pgomgr.exe
[1a64:0017][2019-09-25T22:11:41] Completed: Copying file /Contents/VC/Tools/MSVC/14.23.28105/bin/Hostx86/x86/pgomgr.exe to C:\Program Files (x86)\Microsoft Visual Studio\2019\BuildTools\VC\Tools\MSVC\14.23.28105\bin\Hostx86\x86\pgomgr.exe
[1a64:0017][2019-09-25T22:11:41] Timestamp updated for file 'C:\Program Files (x86)\Microsoft Visual Studio\2019\BuildTools\VC\Tools\MSVC\14.23.28105\bin\Hostx86\x86\pgomgr.exe'.
[1a64:0017][2019-09-25T22:11:41] Processing file /Contents/VC/Tools/MSVC/14.23.28105/bin/Hostx86/x86/pgort140.dll
[1a64:0017][2019-09-25T22:11:41] Started: Copying file /Contents/VC/Tools/MSVC/14.23.28105/bin/Hostx86/x86/pgort140.dll to C:\Program Files (x86)\Microsoft Visual Studio\2019\BuildTools\VC\Tools\MSVC\14.23.28105\bin\Hostx86\x86\pgort140.dll
[1a64:0017][2019-09-25T22:11:41] Completed: Copying file /Contents/VC/Tools/MSVC/14.23.28105/bin/Hostx86/x86/pgort140.dll to C:\Program Files (x86)\Microsoft Visual Studio\2019\BuildTools\VC\Tools\MSVC\14.23.28105\bin\Hostx86\x86\pgort140.dll
[1a64:0017][2019-09-25T22:11:41] Timestamp updated for file 'C:\Program Files (x86)\Microsoft Visual Studio\2019\BuildTools\VC\Tools\MSVC\14.23.28105\bin\Hostx86\x86\pgort140.dll'.
[1a64:0017][2019-09-25T22:11:41] Processing file /Contents/VC/Tools/MSVC/14.23.28105/bin/Hostx86/x86/pgosweep.exe
[1a64:0017][2019-09-25T22:11:41] Started: Copying file /Contents/VC/Tools/MSVC/14.23.28105/bin/Hostx86/x86/pgosweep.exe to C:\Program Files (x86)\Microsoft Visual Studio\2019\BuildTools\VC\Tools\MSVC\14.23.28105\bin\Hostx86\x86\pgosweep.exe
[1a64:0017][2019-09-25T22:11:41] Completed: Copying file /Contents/VC/Tools/MSVC/14.23.28105/bin/Hostx86/x86/pgosweep.exe to C:\Program Files (x86)\Microsoft Visual Studio\2019\BuildTools\VC\Tools\MSVC\14.23.28105\bin\Hostx86\x86\pgosweep.exe
[1a64:0017][2019-09-25T22:11:41] Timestamp updated for file 'C:\Program Files (x86)\Microsoft Visual Studio\2019\BuildTools\VC\Tools\MSVC\14.23.28105\bin\Hostx86\x86\pgosweep.exe'.
[1a64:0017][2019-09-25T22:11:41] Package executed successfully. Return code: 0
