[1a64:0017][2019-09-25T22:13:23] Opening the package for processing
[1a64:0017][2019-09-25T22:13:23] Using package payload to get the embedded manifest
[1a64:0017][2019-09-25T22:13:23] Getting list of files within the package
[1a64:0017][2019-09-25T22:13:23] Processing file /Contents/Team%20Tools/DiagnosticsHub/Collector/Agents/TTD/TTD.exe
[1a64:0017][2019-09-25T22:13:23] Started: Copying file /Contents/Team%20Tools/DiagnosticsHub/Collector/Agents/TTD/TTD.exe to C:\Program Files (x86)\Microsoft Visual Studio\2019\BuildTools\Team Tools\DiagnosticsHub\Collector\Agents\TTD\TTD.exe
[1a64:0017][2019-09-25T22:13:23] Completed: Copying file /Contents/Team%20Tools/DiagnosticsHub/Collector/Agents/TTD/TTD.exe to C:\Program Files (x86)\Microsoft Visual Studio\2019\BuildTools\Team Tools\DiagnosticsHub\Collector\Agents\TTD\TTD.exe
[1a64:0017][2019-09-25T22:13:23] Timestamp updated for file 'C:\Program Files (x86)\Microsoft Visual Studio\2019\BuildTools\Team Tools\DiagnosticsHub\Collector\Agents\TTD\TTD.exe'.
[1a64:0017][2019-09-25T22:13:23] Processing file /Contents/Team%20Tools/DiagnosticsHub/Collector/Agents/TTD/TTDInject.exe
[1a64:0017][2019-09-25T22:13:23] Started: Copying file /Contents/Team%20Tools/DiagnosticsHub/Collector/Agents/TTD/TTDInject.exe to C:\Program Files (x86)\Microsoft Visual Studio\2019\BuildTools\Team Tools\DiagnosticsHub\Collector\Agents\TTD\TTDInject.exe
[1a64:0017][2019-09-25T22:13:23] Completed: Copying file /Contents/Team%20Tools/DiagnosticsHub/Collector/Agents/TTD/TTDInject.exe to C:\Program Files (x86)\Microsoft Visual Studio\2019\BuildTools\Team Tools\DiagnosticsHub\Collector\Agents\TTD\TTDInject.exe
[1a64:0017][2019-09-25T22:13:23] Timestamp updated for file 'C:\Program Files (x86)\Microsoft Visual Studio\2019\BuildTools\Team Tools\DiagnosticsHub\Collector\Agents\TTD\TTDInject.exe'.
[1a64:0017][2019-09-25T22:13:23] Processing file /Contents/Team%20Tools/DiagnosticsHub/Collector/Agents/TTD/TTDLoader.dll
[1a64:0017][2019-09-25T22:13:23] Started: Copying file /Contents/Team%20Tools/DiagnosticsHub/Collector/Agents/TTD/TTDLoader.dll to C:\Program Files (x86)\Microsoft Visual Studio\2019\BuildTools\Team Tools\DiagnosticsHub\Collector\Agents\TTD\TTDLoader.dll
[1a64:0017][2019-09-25T22:13:23] Completed: Copying file /Contents/Team%20Tools/DiagnosticsHub/Collector/Agents/TTD/TTDLoader.dll to C:\Program Files (x86)\Microsoft Visual Studio\2019\BuildTools\Team Tools\DiagnosticsHub\Collector\Agents\TTD\TTDLoader.dll
[1a64:0017][2019-09-25T22:13:23] Timestamp updated for file 'C:\Program Files (x86)\Microsoft Visual Studio\2019\BuildTools\Team Tools\DiagnosticsHub\Collector\Agents\TTD\TTDLoader.dll'.
[1a64:0017][2019-09-25T22:13:23] Processing file /Contents/Team%20Tools/DiagnosticsHub/Collector/Agents/TTD/TTDRecord.dll
[1a64:0017][2019-09-25T22:13:23] Started: Copying file /Contents/Team%20Tools/DiagnosticsHub/Collector/Agents/TTD/TTDRecord.dll to C:\Program Files (x86)\Microsoft Visual Studio\2019\BuildTools\Team Tools\DiagnosticsHub\Collector\Agents\TTD\TTDRecord.dll
[1a64:0017][2019-09-25T22:13:23] Completed: Copying file /Contents/Team%20Tools/DiagnosticsHub/Collector/Agents/TTD/TTDRecord.dll to C:\Program Files (x86)\Microsoft Visual Studio\2019\BuildTools\Team Tools\DiagnosticsHub\Collector\Agents\TTD\TTDRecord.dll
[1a64:0017][2019-09-25T22:13:23] Timestamp updated for file 'C:\Program Files (x86)\Microsoft Visual Studio\2019\BuildTools\Team Tools\DiagnosticsHub\Collector\Agents\TTD\TTDRecord.dll'.
[1a64:0017][2019-09-25T22:13:23] Processing file /Contents/Team%20Tools/DiagnosticsHub/Collector/Agents/TTD/TTDRecordCPU.dll
[1a64:0017][2019-09-25T22:13:23] Started: Copying file /Contents/Team%20Tools/DiagnosticsHub/Collector/Agents/TTD/TTDRecordCPU.dll to C:\Program Files (x86)\Microsoft Visual Studio\2019\BuildTools\Team Tools\DiagnosticsHub\Collector\Agents\TTD\TTDRecordCPU.dll
[1a64:0017][2019-09-25T22:13:23] Completed: Copying file /Contents/Team%20Tools/DiagnosticsHub/Collector/Agents/TTD/TTDRecordCPU.dll to C:\Program Files (x86)\Microsoft Visual Studio\2019\BuildTools\Team Tools\DiagnosticsHub\Collector\Agents\TTD\TTDRecordCPU.dll
[1a64:0017][2019-09-25T22:13:23] Timestamp updated for file 'C:\Program Files (x86)\Microsoft Visual Studio\2019\BuildTools\Team Tools\DiagnosticsHub\Collector\Agents\TTD\TTDRecordCPU.dll'.
[1a64:0017][2019-09-25T22:13:23] Processing file /Contents/Team%20Tools/DiagnosticsHub/Collector/Agents/TTD/wow64/TTD.exe
[1a64:0017][2019-09-25T22:13:23] Started: Copying file /Contents/Team%20Tools/DiagnosticsHub/Collector/Agents/TTD/wow64/TTD.exe to C:\Program Files (x86)\Microsoft Visual Studio\2019\BuildTools\Team Tools\DiagnosticsHub\Collector\Agents\TTD\wow64\TTD.exe
[1a64:0017][2019-09-25T22:13:23] Completed: Copying file /Contents/Team%20Tools/DiagnosticsHub/Collector/Agents/TTD/wow64/TTD.exe to C:\Program Files (x86)\Microsoft Visual Studio\2019\BuildTools\Team Tools\DiagnosticsHub\Collector\Agents\TTD\wow64\TTD.exe
[1a64:0017][2019-09-25T22:13:23] Timestamp updated for file 'C:\Program Files (x86)\Microsoft Visual Studio\2019\BuildTools\Team Tools\DiagnosticsHub\Collector\Agents\TTD\wow64\TTD.exe'.
[1a64:0017][2019-09-25T22:13:23] Processing file /Contents/Team%20Tools/DiagnosticsHub/Collector/Agents/TTD/wow64/TTDInject.exe
[1a64:0017][2019-09-25T22:13:23] Started: Copying file /Contents/Team%20Tools/DiagnosticsHub/Collector/Agents/TTD/wow64/TTDInject.exe to C:\Program Files (x86)\Microsoft Visual Studio\2019\BuildTools\Team Tools\DiagnosticsHub\Collector\Agents\TTD\wow64\TTDInject.exe
[1a64:0017][2019-09-25T22:13:23] Completed: Copying file /Contents/Team%20Tools/DiagnosticsHub/Collector/Agents/TTD/wow64/TTDInject.exe to C:\Program Files (x86)\Microsoft Visual Studio\2019\BuildTools\Team Tools\DiagnosticsHub\Collector\Agents\TTD\wow64\TTDInject.exe
[1a64:0017][2019-09-25T22:13:23] Timestamp updated for file 'C:\Program Files (x86)\Microsoft Visual Studio\2019\BuildTools\Team Tools\DiagnosticsHub\Collector\Agents\TTD\wow64\TTDInject.exe'.
[1a64:0017][2019-09-25T22:13:23] Processing file /Contents/Team%20Tools/DiagnosticsHub/Collector/Agents/TTD/wow64/TTDLoader.dll
[1a64:0017][2019-09-25T22:13:23] Started: Copying file /Contents/Team%20Tools/DiagnosticsHub/Collector/Agents/TTD/wow64/TTDLoader.dll to C:\Program Files (x86)\Microsoft Visual Studio\2019\BuildTools\Team Tools\DiagnosticsHub\Collector\Agents\TTD\wow64\TTDLoader.dll
[1a64:0017][2019-09-25T22:13:23] Completed: Copying file /Contents/Team%20Tools/DiagnosticsHub/Collector/Agents/TTD/wow64/TTDLoader.dll to C:\Program Files (x86)\Microsoft Visual Studio\2019\BuildTools\Team Tools\DiagnosticsHub\Collector\Agents\TTD\wow64\TTDLoader.dll
[1a64:0017][2019-09-25T22:13:23] Timestamp updated for file 'C:\Program Files (x86)\Microsoft Visual Studio\2019\BuildTools\Team Tools\DiagnosticsHub\Collector\Agents\TTD\wow64\TTDLoader.dll'.
[1a64:0017][2019-09-25T22:13:23] Processing file /Contents/Team%20Tools/DiagnosticsHub/Collector/Agents/TTD/wow64/TTDRecord.dll
[1a64:0017][2019-09-25T22:13:23] Started: Copying file /Contents/Team%20Tools/DiagnosticsHub/Collector/Agents/TTD/wow64/TTDRecord.dll to C:\Program Files (x86)\Microsoft Visual Studio\2019\BuildTools\Team Tools\DiagnosticsHub\Collector\Agents\TTD\wow64\TTDRecord.dll
[1a64:0017][2019-09-25T22:13:23] Completed: Copying file /Contents/Team%20Tools/DiagnosticsHub/Collector/Agents/TTD/wow64/TTDRecord.dll to C:\Program Files (x86)\Microsoft Visual Studio\2019\BuildTools\Team Tools\DiagnosticsHub\Collector\Agents\TTD\wow64\TTDRecord.dll
[1a64:0017][2019-09-25T22:13:23] Timestamp updated for file 'C:\Program Files (x86)\Microsoft Visual Studio\2019\BuildTools\Team Tools\DiagnosticsHub\Collector\Agents\TTD\wow64\TTDRecord.dll'.
[1a64:0017][2019-09-25T22:13:23] Processing file /Contents/Team%20Tools/DiagnosticsHub/Collector/Agents/TTD/wow64/TTDRecordCPU.dll
[1a64:0017][2019-09-25T22:13:23] Started: Copying file /Contents/Team%20Tools/DiagnosticsHub/Collector/Agents/TTD/wow64/TTDRecordCPU.dll to C:\Program Files (x86)\Microsoft Visual Studio\2019\BuildTools\Team Tools\DiagnosticsHub\Collector\Agents\TTD\wow64\TTDRecordCPU.dll
[1a64:0017][2019-09-25T22:13:23] Completed: Copying file /Contents/Team%20Tools/DiagnosticsHub/Collector/Agents/TTD/wow64/TTDRecordCPU.dll to C:\Program Files (x86)\Microsoft Visual Studio\2019\BuildTools\Team Tools\DiagnosticsHub\Collector\Agents\TTD\wow64\TTDRecordCPU.dll
[1a64:0017][2019-09-25T22:13:23] Timestamp updated for file 'C:\Program Files (x86)\Microsoft Visual Studio\2019\BuildTools\Team Tools\DiagnosticsHub\Collector\Agents\TTD\wow64\TTDRecordCPU.dll'.
[1a64:0017][2019-09-25T22:13:23] Package executed successfully. Return code: 0
