[1a64:0017][2019-09-25T22:11:27] Opening the package for processing
[1a64:0017][2019-09-25T22:11:27] Using package payload to get the embedded manifest
[1a64:0017][2019-09-25T22:11:27] Getting list of files within the package
[1a64:0017][2019-09-25T22:11:27] Processing file /Contents/VC/Tools/MSVC/14.23.28105/lib/x86/libcmt.i386.pdb
[1a64:0017][2019-09-25T22:11:27] Started: Copying file /Contents/VC/Tools/MSVC/14.23.28105/lib/x86/libcmt.i386.pdb to C:\Program Files (x86)\Microsoft Visual Studio\2019\BuildTools\VC\Tools\MSVC\14.23.28105\lib\x86\libcmt.i386.pdb
[1a64:0017][2019-09-25T22:11:27] Completed: Copying file /Contents/VC/Tools/MSVC/14.23.28105/lib/x86/libcmt.i386.pdb to C:\Program Files (x86)\Microsoft Visual Studio\2019\BuildTools\VC\Tools\MSVC\14.23.28105\lib\x86\libcmt.i386.pdb
[1a64:0017][2019-09-25T22:11:27] Timestamp updated for file 'C:\Program Files (x86)\Microsoft Visual Studio\2019\BuildTools\VC\Tools\MSVC\14.23.28105\lib\x86\libcmt.i386.pdb'.
[1a64:0017][2019-09-25T22:11:27] Processing file /Contents/VC/Tools/MSVC/14.23.28105/lib/x86/libcmt.lib
[1a64:0017][2019-09-25T22:11:27] Started: Copying file /Contents/VC/Tools/MSVC/14.23.28105/lib/x86/libcmt.lib to C:\Program Files (x86)\Microsoft Visual Studio\2019\BuildTools\VC\Tools\MSVC\14.23.28105\lib\x86\libcmt.lib
[1a64:0017][2019-09-25T22:11:27] Completed: Copying file /Contents/VC/Tools/MSVC/14.23.28105/lib/x86/libcmt.lib to C:\Program Files (x86)\Microsoft Visual Studio\2019\BuildTools\VC\Tools\MSVC\14.23.28105\lib\x86\libcmt.lib
[1a64:0017][2019-09-25T22:11:27] Timestamp updated for file 'C:\Program Files (x86)\Microsoft Visual Studio\2019\BuildTools\VC\Tools\MSVC\14.23.28105\lib\x86\libcmt.lib'.
[1a64:0017][2019-09-25T22:11:27] Processing file /Contents/VC/Tools/MSVC/14.23.28105/lib/x86/libcmtd.i386.pdb
[1a64:0017][2019-09-25T22:11:27] Started: Copying file /Contents/VC/Tools/MSVC/14.23.28105/lib/x86/libcmtd.i386.pdb to C:\Program Files (x86)\Microsoft Visual Studio\2019\BuildTools\VC\Tools\MSVC\14.23.28105\lib\x86\libcmtd.i386.pdb
[1a64:0017][2019-09-25T22:11:27] Completed: Copying file /Contents/VC/Tools/MSVC/14.23.28105/lib/x86/libcmtd.i386.pdb to C:\Program Files (x86)\Microsoft Visual Studio\2019\BuildTools\VC\Tools\MSVC\14.23.28105\lib\x86\libcmtd.i386.pdb
[1a64:0017][2019-09-25T22:11:27] Timestamp updated for file 'C:\Program Files (x86)\Microsoft Visual Studio\2019\BuildTools\VC\Tools\MSVC\14.23.28105\lib\x86\libcmtd.i386.pdb'.
[1a64:0017][2019-09-25T22:11:27] Processing file /Contents/VC/Tools/MSVC/14.23.28105/lib/x86/libcmtd.lib
[1a64:0017][2019-09-25T22:11:27] Started: Copying file /Contents/VC/Tools/MSVC/14.23.28105/lib/x86/libcmtd.lib to C:\Program Files (x86)\Microsoft Visual Studio\2019\BuildTools\VC\Tools\MSVC\14.23.28105\lib\x86\libcmtd.lib
[1a64:0017][2019-09-25T22:11:27] Completed: Copying file /Contents/VC/Tools/MSVC/14.23.28105/lib/x86/libcmtd.lib to C:\Program Files (x86)\Microsoft Visual Studio\2019\BuildTools\VC\Tools\MSVC\14.23.28105\lib\x86\libcmtd.lib
[1a64:0017][2019-09-25T22:11:27] Timestamp updated for file 'C:\Program Files (x86)\Microsoft Visual Studio\2019\BuildTools\VC\Tools\MSVC\14.23.28105\lib\x86\libcmtd.lib'.
[1a64:0017][2019-09-25T22:11:27] Processing file /Contents/VC/Tools/MSVC/14.23.28105/lib/x86/libconcrt.i386.pdb
[1a64:0017][2019-09-25T22:11:27] Started: Copying file /Contents/VC/Tools/MSVC/14.23.28105/lib/x86/libconcrt.i386.pdb to C:\Program Files (x86)\Microsoft Visual Studio\2019\BuildTools\VC\Tools\MSVC\14.23.28105\lib\x86\libconcrt.i386.pdb
[1a64:0017][2019-09-25T22:11:27] Completed: Copying file /Contents/VC/Tools/MSVC/14.23.28105/lib/x86/libconcrt.i386.pdb to C:\Program Files (x86)\Microsoft Visual Studio\2019\BuildTools\VC\Tools\MSVC\14.23.28105\lib\x86\libconcrt.i386.pdb
[1a64:0017][2019-09-25T22:11:27] Timestamp updated for file 'C:\Program Files (x86)\Microsoft Visual Studio\2019\BuildTools\VC\Tools\MSVC\14.23.28105\lib\x86\libconcrt.i386.pdb'.
[1a64:0017][2019-09-25T22:11:27] Processing file /Contents/VC/Tools/MSVC/14.23.28105/lib/x86/libconcrt.lib
[1a64:0017][2019-09-25T22:11:27] Started: Copying file /Contents/VC/Tools/MSVC/14.23.28105/lib/x86/libconcrt.lib to C:\Program Files (x86)\Microsoft Visual Studio\2019\BuildTools\VC\Tools\MSVC\14.23.28105\lib\x86\libconcrt.lib
[1a64:0017][2019-09-25T22:11:27] Completed: Copying file /Contents/VC/Tools/MSVC/14.23.28105/lib/x86/libconcrt.lib to C:\Program Files (x86)\Microsoft Visual Studio\2019\BuildTools\VC\Tools\MSVC\14.23.28105\lib\x86\libconcrt.lib
[1a64:0017][2019-09-25T22:11:27] Timestamp updated for file 'C:\Program Files (x86)\Microsoft Visual Studio\2019\BuildTools\VC\Tools\MSVC\14.23.28105\lib\x86\libconcrt.lib'.
[1a64:0017][2019-09-25T22:11:27] Processing file /Contents/VC/Tools/MSVC/14.23.28105/lib/x86/libconcrt1.i386.pdb
[1a64:0017][2019-09-25T22:11:27] Started: Copying file /Contents/VC/Tools/MSVC/14.23.28105/lib/x86/libconcrt1.i386.pdb to C:\Program Files (x86)\Microsoft Visual Studio\2019\BuildTools\VC\Tools\MSVC\14.23.28105\lib\x86\libconcrt1.i386.pdb
[1a64:0017][2019-09-25T22:11:27] Completed: Copying file /Contents/VC/Tools/MSVC/14.23.28105/lib/x86/libconcrt1.i386.pdb to C:\Program Files (x86)\Microsoft Visual Studio\2019\BuildTools\VC\Tools\MSVC\14.23.28105\lib\x86\libconcrt1.i386.pdb
[1a64:0017][2019-09-25T22:11:27] Timestamp updated for file 'C:\Program Files (x86)\Microsoft Visual Studio\2019\BuildTools\VC\Tools\MSVC\14.23.28105\lib\x86\libconcrt1.i386.pdb'.
[1a64:0017][2019-09-25T22:11:27] Processing file /Contents/VC/Tools/MSVC/14.23.28105/lib/x86/libconcrt1.lib
[1a64:0017][2019-09-25T22:11:27] Started: Copying file /Contents/VC/Tools/MSVC/14.23.28105/lib/x86/libconcrt1.lib to C:\Program Files (x86)\Microsoft Visual Studio\2019\BuildTools\VC\Tools\MSVC\14.23.28105\lib\x86\libconcrt1.lib
[1a64:0017][2019-09-25T22:11:27] Completed: Copying file /Contents/VC/Tools/MSVC/14.23.28105/lib/x86/libconcrt1.lib to C:\Program Files (x86)\Microsoft Visual Studio\2019\BuildTools\VC\Tools\MSVC\14.23.28105\lib\x86\libconcrt1.lib
[1a64:0017][2019-09-25T22:11:27] Timestamp updated for file 'C:\Program Files (x86)\Microsoft Visual Studio\2019\BuildTools\VC\Tools\MSVC\14.23.28105\lib\x86\libconcrt1.lib'.
[1a64:0017][2019-09-25T22:11:27] Processing file /Contents/VC/Tools/MSVC/14.23.28105/lib/x86/libconcrtd.i386.pdb
[1a64:0017][2019-09-25T22:11:27] Started: Copying file /Contents/VC/Tools/MSVC/14.23.28105/lib/x86/libconcrtd.i386.pdb to C:\Program Files (x86)\Microsoft Visual Studio\2019\BuildTools\VC\Tools\MSVC\14.23.28105\lib\x86\libconcrtd.i386.pdb
[1a64:0017][2019-09-25T22:11:27] Completed: Copying file /Contents/VC/Tools/MSVC/14.23.28105/lib/x86/libconcrtd.i386.pdb to C:\Program Files (x86)\Microsoft Visual Studio\2019\BuildTools\VC\Tools\MSVC\14.23.28105\lib\x86\libconcrtd.i386.pdb
[1a64:0017][2019-09-25T22:11:27] Timestamp updated for file 'C:\Program Files (x86)\Microsoft Visual Studio\2019\BuildTools\VC\Tools\MSVC\14.23.28105\lib\x86\libconcrtd.i386.pdb'.
[1a64:0017][2019-09-25T22:11:27] Processing file /Contents/VC/Tools/MSVC/14.23.28105/lib/x86/libconcrtd.lib
[1a64:0017][2019-09-25T22:11:27] Started: Copying file /Contents/VC/Tools/MSVC/14.23.28105/lib/x86/libconcrtd.lib to C:\Program Files (x86)\Microsoft Visual Studio\2019\BuildTools\VC\Tools\MSVC\14.23.28105\lib\x86\libconcrtd.lib
[1a64:0017][2019-09-25T22:11:28] Completed: Copying file /Contents/VC/Tools/MSVC/14.23.28105/lib/x86/libconcrtd.lib to C:\Program Files (x86)\Microsoft Visual Studio\2019\BuildTools\VC\Tools\MSVC\14.23.28105\lib\x86\libconcrtd.lib
[1a64:0017][2019-09-25T22:11:28] Timestamp updated for file 'C:\Program Files (x86)\Microsoft Visual Studio\2019\BuildTools\VC\Tools\MSVC\14.23.28105\lib\x86\libconcrtd.lib'.
[1a64:0017][2019-09-25T22:11:28] Processing file /Contents/VC/Tools/MSVC/14.23.28105/lib/x86/libconcrtd0.i386.pdb
[1a64:0017][2019-09-25T22:11:28] Started: Copying file /Contents/VC/Tools/MSVC/14.23.28105/lib/x86/libconcrtd0.i386.pdb to C:\Program Files (x86)\Microsoft Visual Studio\2019\BuildTools\VC\Tools\MSVC\14.23.28105\lib\x86\libconcrtd0.i386.pdb
[1a64:0017][2019-09-25T22:11:28] Completed: Copying file /Contents/VC/Tools/MSVC/14.23.28105/lib/x86/libconcrtd0.i386.pdb to C:\Program Files (x86)\Microsoft Visual Studio\2019\BuildTools\VC\Tools\MSVC\14.23.28105\lib\x86\libconcrtd0.i386.pdb
[1a64:0017][2019-09-25T22:11:28] Timestamp updated for file 'C:\Program Files (x86)\Microsoft Visual Studio\2019\BuildTools\VC\Tools\MSVC\14.23.28105\lib\x86\libconcrtd0.i386.pdb'.
[1a64:0017][2019-09-25T22:11:28] Processing file /Contents/VC/Tools/MSVC/14.23.28105/lib/x86/libconcrtd0.lib
[1a64:0017][2019-09-25T22:11:28] Started: Copying file /Contents/VC/Tools/MSVC/14.23.28105/lib/x86/libconcrtd0.lib to C:\Program Files (x86)\Microsoft Visual Studio\2019\BuildTools\VC\Tools\MSVC\14.23.28105\lib\x86\libconcrtd0.lib
[1a64:0017][2019-09-25T22:11:28] Completed: Copying file /Contents/VC/Tools/MSVC/14.23.28105/lib/x86/libconcrtd0.lib to C:\Program Files (x86)\Microsoft Visual Studio\2019\BuildTools\VC\Tools\MSVC\14.23.28105\lib\x86\libconcrtd0.lib
[1a64:0017][2019-09-25T22:11:28] Timestamp updated for file 'C:\Program Files (x86)\Microsoft Visual Studio\2019\BuildTools\VC\Tools\MSVC\14.23.28105\lib\x86\libconcrtd0.lib'.
[1a64:0017][2019-09-25T22:11:28] Processing file /Contents/VC/Tools/MSVC/14.23.28105/lib/x86/libconcrtd1.i386.pdb
[1a64:0017][2019-09-25T22:11:28] Started: Copying file /Contents/VC/Tools/MSVC/14.23.28105/lib/x86/libconcrtd1.i386.pdb to C:\Program Files (x86)\Microsoft Visual Studio\2019\BuildTools\VC\Tools\MSVC\14.23.28105\lib\x86\libconcrtd1.i386.pdb
[1a64:0017][2019-09-25T22:11:28] Completed: Copying file /Contents/VC/Tools/MSVC/14.23.28105/lib/x86/libconcrtd1.i386.pdb to C:\Program Files (x86)\Microsoft Visual Studio\2019\BuildTools\VC\Tools\MSVC\14.23.28105\lib\x86\libconcrtd1.i386.pdb
[1a64:0017][2019-09-25T22:11:28] Timestamp updated for file 'C:\Program Files (x86)\Microsoft Visual Studio\2019\BuildTools\VC\Tools\MSVC\14.23.28105\lib\x86\libconcrtd1.i386.pdb'.
[1a64:0017][2019-09-25T22:11:28] Processing file /Contents/VC/Tools/MSVC/14.23.28105/lib/x86/libconcrtd1.lib
[1a64:0017][2019-09-25T22:11:28] Started: Copying file /Contents/VC/Tools/MSVC/14.23.28105/lib/x86/libconcrtd1.lib to C:\Program Files (x86)\Microsoft Visual Studio\2019\BuildTools\VC\Tools\MSVC\14.23.28105\lib\x86\libconcrtd1.lib
[1a64:0017][2019-09-25T22:11:28] Completed: Copying file /Contents/VC/Tools/MSVC/14.23.28105/lib/x86/libconcrtd1.lib to C:\Program Files (x86)\Microsoft Visual Studio\2019\BuildTools\VC\Tools\MSVC\14.23.28105\lib\x86\libconcrtd1.lib
[1a64:0017][2019-09-25T22:11:28] Timestamp updated for file 'C:\Program Files (x86)\Microsoft Visual Studio\2019\BuildTools\VC\Tools\MSVC\14.23.28105\lib\x86\libconcrtd1.lib'.
[1a64:0017][2019-09-25T22:11:28] Processing file /Contents/VC/Tools/MSVC/14.23.28105/lib/x86/libcpmt.i386.pdb
[1a64:0017][2019-09-25T22:11:28] Started: Copying file /Contents/VC/Tools/MSVC/14.23.28105/lib/x86/libcpmt.i386.pdb to C:\Program Files (x86)\Microsoft Visual Studio\2019\BuildTools\VC\Tools\MSVC\14.23.28105\lib\x86\libcpmt.i386.pdb
[1a64:0017][2019-09-25T22:11:28] Completed: Copying file /Contents/VC/Tools/MSVC/14.23.28105/lib/x86/libcpmt.i386.pdb to C:\Program Files (x86)\Microsoft Visual Studio\2019\BuildTools\VC\Tools\MSVC\14.23.28105\lib\x86\libcpmt.i386.pdb
[1a64:0017][2019-09-25T22:11:28] Timestamp updated for file 'C:\Program Files (x86)\Microsoft Visual Studio\2019\BuildTools\VC\Tools\MSVC\14.23.28105\lib\x86\libcpmt.i386.pdb'.
[1a64:0017][2019-09-25T22:11:28] Processing file /Contents/VC/Tools/MSVC/14.23.28105/lib/x86/libcpmt.lib
[1a64:0017][2019-09-25T22:11:28] Started: Copying file /Contents/VC/Tools/MSVC/14.23.28105/lib/x86/libcpmt.lib to C:\Program Files (x86)\Microsoft Visual Studio\2019\BuildTools\VC\Tools\MSVC\14.23.28105\lib\x86\libcpmt.lib
[1a64:0017][2019-09-25T22:11:28] Completed: Copying file /Contents/VC/Tools/MSVC/14.23.28105/lib/x86/libcpmt.lib to C:\Program Files (x86)\Microsoft Visual Studio\2019\BuildTools\VC\Tools\MSVC\14.23.28105\lib\x86\libcpmt.lib
[1a64:0017][2019-09-25T22:11:28] Timestamp updated for file 'C:\Program Files (x86)\Microsoft Visual Studio\2019\BuildTools\VC\Tools\MSVC\14.23.28105\lib\x86\libcpmt.lib'.
[1a64:0017][2019-09-25T22:11:28] Processing file /Contents/VC/Tools/MSVC/14.23.28105/lib/x86/libcpmt1.i386.pdb
[1a64:0017][2019-09-25T22:11:28] Started: Copying file /Contents/VC/Tools/MSVC/14.23.28105/lib/x86/libcpmt1.i386.pdb to C:\Program Files (x86)\Microsoft Visual Studio\2019\BuildTools\VC\Tools\MSVC\14.23.28105\lib\x86\libcpmt1.i386.pdb
[1a64:0017][2019-09-25T22:11:28] Completed: Copying file /Contents/VC/Tools/MSVC/14.23.28105/lib/x86/libcpmt1.i386.pdb to C:\Program Files (x86)\Microsoft Visual Studio\2019\BuildTools\VC\Tools\MSVC\14.23.28105\lib\x86\libcpmt1.i386.pdb
[1a64:0017][2019-09-25T22:11:28] Timestamp updated for file 'C:\Program Files (x86)\Microsoft Visual Studio\2019\BuildTools\VC\Tools\MSVC\14.23.28105\lib\x86\libcpmt1.i386.pdb'.
[1a64:0017][2019-09-25T22:11:28] Processing file /Contents/VC/Tools/MSVC/14.23.28105/lib/x86/libcpmt1.lib
[1a64:0017][2019-09-25T22:11:28] Started: Copying file /Contents/VC/Tools/MSVC/14.23.28105/lib/x86/libcpmt1.lib to C:\Program Files (x86)\Microsoft Visual Studio\2019\BuildTools\VC\Tools\MSVC\14.23.28105\lib\x86\libcpmt1.lib
[1a64:0017][2019-09-25T22:11:28] Completed: Copying file /Contents/VC/Tools/MSVC/14.23.28105/lib/x86/libcpmt1.lib to C:\Program Files (x86)\Microsoft Visual Studio\2019\BuildTools\VC\Tools\MSVC\14.23.28105\lib\x86\libcpmt1.lib
[1a64:0017][2019-09-25T22:11:28] Timestamp updated for file 'C:\Program Files (x86)\Microsoft Visual Studio\2019\BuildTools\VC\Tools\MSVC\14.23.28105\lib\x86\libcpmt1.lib'.
[1a64:0017][2019-09-25T22:11:28] Processing file /Contents/VC/Tools/MSVC/14.23.28105/lib/x86/libcpmtd.i386.pdb
[1a64:0017][2019-09-25T22:11:28] Started: Copying file /Contents/VC/Tools/MSVC/14.23.28105/lib/x86/libcpmtd.i386.pdb to C:\Program Files (x86)\Microsoft Visual Studio\2019\BuildTools\VC\Tools\MSVC\14.23.28105\lib\x86\libcpmtd.i386.pdb
[1a64:0017][2019-09-25T22:11:28] Completed: Copying file /Contents/VC/Tools/MSVC/14.23.28105/lib/x86/libcpmtd.i386.pdb to C:\Program Files (x86)\Microsoft Visual Studio\2019\BuildTools\VC\Tools\MSVC\14.23.28105\lib\x86\libcpmtd.i386.pdb
[1a64:0017][2019-09-25T22:11:28] Timestamp updated for file 'C:\Program Files (x86)\Microsoft Visual Studio\2019\BuildTools\VC\Tools\MSVC\14.23.28105\lib\x86\libcpmtd.i386.pdb'.
[1a64:0017][2019-09-25T22:11:28] Processing file /Contents/VC/Tools/MSVC/14.23.28105/lib/x86/libcpmtd.lib
[1a64:0017][2019-09-25T22:11:28] Started: Copying file /Contents/VC/Tools/MSVC/14.23.28105/lib/x86/libcpmtd.lib to C:\Program Files (x86)\Microsoft Visual Studio\2019\BuildTools\VC\Tools\MSVC\14.23.28105\lib\x86\libcpmtd.lib
[1a64:0017][2019-09-25T22:11:28] Completed: Copying file /Contents/VC/Tools/MSVC/14.23.28105/lib/x86/libcpmtd.lib to C:\Program Files (x86)\Microsoft Visual Studio\2019\BuildTools\VC\Tools\MSVC\14.23.28105\lib\x86\libcpmtd.lib
[1a64:0017][2019-09-25T22:11:28] Timestamp updated for file 'C:\Program Files (x86)\Microsoft Visual Studio\2019\BuildTools\VC\Tools\MSVC\14.23.28105\lib\x86\libcpmtd.lib'.
[1a64:0017][2019-09-25T22:11:28] Processing file /Contents/VC/Tools/MSVC/14.23.28105/lib/x86/libcpmtd0.i386.pdb
[1a64:0017][2019-09-25T22:11:28] Started: Copying file /Contents/VC/Tools/MSVC/14.23.28105/lib/x86/libcpmtd0.i386.pdb to C:\Program Files (x86)\Microsoft Visual Studio\2019\BuildTools\VC\Tools\MSVC\14.23.28105\lib\x86\libcpmtd0.i386.pdb
[1a64:0017][2019-09-25T22:11:28] Completed: Copying file /Contents/VC/Tools/MSVC/14.23.28105/lib/x86/libcpmtd0.i386.pdb to C:\Program Files (x86)\Microsoft Visual Studio\2019\BuildTools\VC\Tools\MSVC\14.23.28105\lib\x86\libcpmtd0.i386.pdb
[1a64:0017][2019-09-25T22:11:28] Timestamp updated for file 'C:\Program Files (x86)\Microsoft Visual Studio\2019\BuildTools\VC\Tools\MSVC\14.23.28105\lib\x86\libcpmtd0.i386.pdb'.
[1a64:0017][2019-09-25T22:11:28] Processing file /Contents/VC/Tools/MSVC/14.23.28105/lib/x86/libcpmtd0.lib
[1a64:0017][2019-09-25T22:11:28] Started: Copying file /Contents/VC/Tools/MSVC/14.23.28105/lib/x86/libcpmtd0.lib to C:\Program Files (x86)\Microsoft Visual Studio\2019\BuildTools\VC\Tools\MSVC\14.23.28105\lib\x86\libcpmtd0.lib
[1a64:0017][2019-09-25T22:11:29] Completed: Copying file /Contents/VC/Tools/MSVC/14.23.28105/lib/x86/libcpmtd0.lib to C:\Program Files (x86)\Microsoft Visual Studio\2019\BuildTools\VC\Tools\MSVC\14.23.28105\lib\x86\libcpmtd0.lib
[1a64:0017][2019-09-25T22:11:29] Timestamp updated for file 'C:\Program Files (x86)\Microsoft Visual Studio\2019\BuildTools\VC\Tools\MSVC\14.23.28105\lib\x86\libcpmtd0.lib'.
[1a64:0017][2019-09-25T22:11:29] Processing file /Contents/VC/Tools/MSVC/14.23.28105/lib/x86/libcpmtd1.i386.pdb
[1a64:0017][2019-09-25T22:11:29] Started: Copying file /Contents/VC/Tools/MSVC/14.23.28105/lib/x86/libcpmtd1.i386.pdb to C:\Program Files (x86)\Microsoft Visual Studio\2019\BuildTools\VC\Tools\MSVC\14.23.28105\lib\x86\libcpmtd1.i386.pdb
[1a64:0017][2019-09-25T22:11:29] Completed: Copying file /Contents/VC/Tools/MSVC/14.23.28105/lib/x86/libcpmtd1.i386.pdb to C:\Program Files (x86)\Microsoft Visual Studio\2019\BuildTools\VC\Tools\MSVC\14.23.28105\lib\x86\libcpmtd1.i386.pdb
[1a64:0017][2019-09-25T22:11:29] Timestamp updated for file 'C:\Program Files (x86)\Microsoft Visual Studio\2019\BuildTools\VC\Tools\MSVC\14.23.28105\lib\x86\libcpmtd1.i386.pdb'.
[1a64:0017][2019-09-25T22:11:29] Processing file /Contents/VC/Tools/MSVC/14.23.28105/lib/x86/libcpmtd1.lib
[1a64:0017][2019-09-25T22:11:29] Started: Copying file /Contents/VC/Tools/MSVC/14.23.28105/lib/x86/libcpmtd1.lib to C:\Program Files (x86)\Microsoft Visual Studio\2019\BuildTools\VC\Tools\MSVC\14.23.28105\lib\x86\libcpmtd1.lib
[1a64:0017][2019-09-25T22:11:29] Completed: Copying file /Contents/VC/Tools/MSVC/14.23.28105/lib/x86/libcpmtd1.lib to C:\Program Files (x86)\Microsoft Visual Studio\2019\BuildTools\VC\Tools\MSVC\14.23.28105\lib\x86\libcpmtd1.lib
[1a64:0017][2019-09-25T22:11:29] Timestamp updated for file 'C:\Program Files (x86)\Microsoft Visual Studio\2019\BuildTools\VC\Tools\MSVC\14.23.28105\lib\x86\libcpmtd1.lib'.
[1a64:0017][2019-09-25T22:11:29] Processing file /Contents/VC/Tools/MSVC/14.23.28105/lib/x86/libvcruntime.i386.pdb
[1a64:0017][2019-09-25T22:11:29] Started: Copying file /Contents/VC/Tools/MSVC/14.23.28105/lib/x86/libvcruntime.i386.pdb to C:\Program Files (x86)\Microsoft Visual Studio\2019\BuildTools\VC\Tools\MSVC\14.23.28105\lib\x86\libvcruntime.i386.pdb
[1a64:0017][2019-09-25T22:11:29] Completed: Copying file /Contents/VC/Tools/MSVC/14.23.28105/lib/x86/libvcruntime.i386.pdb to C:\Program Files (x86)\Microsoft Visual Studio\2019\BuildTools\VC\Tools\MSVC\14.23.28105\lib\x86\libvcruntime.i386.pdb
[1a64:0017][2019-09-25T22:11:29] Timestamp updated for file 'C:\Program Files (x86)\Microsoft Visual Studio\2019\BuildTools\VC\Tools\MSVC\14.23.28105\lib\x86\libvcruntime.i386.pdb'.
[1a64:0017][2019-09-25T22:11:29] Processing file /Contents/VC/Tools/MSVC/14.23.28105/lib/x86/libvcruntime.lib
[1a64:0017][2019-09-25T22:11:29] Started: Copying file /Contents/VC/Tools/MSVC/14.23.28105/lib/x86/libvcruntime.lib to C:\Program Files (x86)\Microsoft Visual Studio\2019\BuildTools\VC\Tools\MSVC\14.23.28105\lib\x86\libvcruntime.lib
[1a64:0017][2019-09-25T22:11:29] Completed: Copying file /Contents/VC/Tools/MSVC/14.23.28105/lib/x86/libvcruntime.lib to C:\Program Files (x86)\Microsoft Visual Studio\2019\BuildTools\VC\Tools\MSVC\14.23.28105\lib\x86\libvcruntime.lib
[1a64:0017][2019-09-25T22:11:29] Timestamp updated for file 'C:\Program Files (x86)\Microsoft Visual Studio\2019\BuildTools\VC\Tools\MSVC\14.23.28105\lib\x86\libvcruntime.lib'.
[1a64:0017][2019-09-25T22:11:29] Processing file /Contents/VC/Tools/MSVC/14.23.28105/lib/x86/libvcruntimed.i386.pdb
[1a64:0017][2019-09-25T22:11:29] Started: Copying file /Contents/VC/Tools/MSVC/14.23.28105/lib/x86/libvcruntimed.i386.pdb to C:\Program Files (x86)\Microsoft Visual Studio\2019\BuildTools\VC\Tools\MSVC\14.23.28105\lib\x86\libvcruntimed.i386.pdb
[1a64:0017][2019-09-25T22:11:29] Completed: Copying file /Contents/VC/Tools/MSVC/14.23.28105/lib/x86/libvcruntimed.i386.pdb to C:\Program Files (x86)\Microsoft Visual Studio\2019\BuildTools\VC\Tools\MSVC\14.23.28105\lib\x86\libvcruntimed.i386.pdb
[1a64:0017][2019-09-25T22:11:29] Timestamp updated for file 'C:\Program Files (x86)\Microsoft Visual Studio\2019\BuildTools\VC\Tools\MSVC\14.23.28105\lib\x86\libvcruntimed.i386.pdb'.
[1a64:0017][2019-09-25T22:11:29] Processing file /Contents/VC/Tools/MSVC/14.23.28105/lib/x86/libvcruntimed.lib
[1a64:0017][2019-09-25T22:11:29] Started: Copying file /Contents/VC/Tools/MSVC/14.23.28105/lib/x86/libvcruntimed.lib to C:\Program Files (x86)\Microsoft Visual Studio\2019\BuildTools\VC\Tools\MSVC\14.23.28105\lib\x86\libvcruntimed.lib
[1a64:0017][2019-09-25T22:11:29] Completed: Copying file /Contents/VC/Tools/MSVC/14.23.28105/lib/x86/libvcruntimed.lib to C:\Program Files (x86)\Microsoft Visual Studio\2019\BuildTools\VC\Tools\MSVC\14.23.28105\lib\x86\libvcruntimed.lib
[1a64:0017][2019-09-25T22:11:29] Timestamp updated for file 'C:\Program Files (x86)\Microsoft Visual Studio\2019\BuildTools\VC\Tools\MSVC\14.23.28105\lib\x86\libvcruntimed.lib'.
[1a64:0017][2019-09-25T22:11:29] Processing file /Contents/VC/Tools/MSVC/14.23.28105/lib/x86/msvcmrt.lib
[1a64:0017][2019-09-25T22:11:29] Started: Copying file /Contents/VC/Tools/MSVC/14.23.28105/lib/x86/msvcmrt.lib to C:\Program Files (x86)\Microsoft Visual Studio\2019\BuildTools\VC\Tools\MSVC\14.23.28105\lib\x86\msvcmrt.lib
[1a64:0017][2019-09-25T22:11:29] Completed: Copying file /Contents/VC/Tools/MSVC/14.23.28105/lib/x86/msvcmrt.lib to C:\Program Files (x86)\Microsoft Visual Studio\2019\BuildTools\VC\Tools\MSVC\14.23.28105\lib\x86\msvcmrt.lib
[1a64:0017][2019-09-25T22:11:29] Timestamp updated for file 'C:\Program Files (x86)\Microsoft Visual Studio\2019\BuildTools\VC\Tools\MSVC\14.23.28105\lib\x86\msvcmrt.lib'.
[1a64:0017][2019-09-25T22:11:29] Processing file /Contents/VC/Tools/MSVC/14.23.28105/lib/x86/msvcmrtd.lib
[1a64:0017][2019-09-25T22:11:29] Started: Copying file /Contents/VC/Tools/MSVC/14.23.28105/lib/x86/msvcmrtd.lib to C:\Program Files (x86)\Microsoft Visual Studio\2019\BuildTools\VC\Tools\MSVC\14.23.28105\lib\x86\msvcmrtd.lib
[1a64:0017][2019-09-25T22:11:29] Completed: Copying file /Contents/VC/Tools/MSVC/14.23.28105/lib/x86/msvcmrtd.lib to C:\Program Files (x86)\Microsoft Visual Studio\2019\BuildTools\VC\Tools\MSVC\14.23.28105\lib\x86\msvcmrtd.lib
[1a64:0017][2019-09-25T22:11:29] Timestamp updated for file 'C:\Program Files (x86)\Microsoft Visual Studio\2019\BuildTools\VC\Tools\MSVC\14.23.28105\lib\x86\msvcmrtd.lib'.
[1a64:0017][2019-09-25T22:11:29] Processing file /Contents/VC/Tools/MSVC/14.23.28105/lib/x86/msvcmrtd_netcore.lib
[1a64:0017][2019-09-25T22:11:29] Started: Copying file /Contents/VC/Tools/MSVC/14.23.28105/lib/x86/msvcmrtd_netcore.lib to C:\Program Files (x86)\Microsoft Visual Studio\2019\BuildTools\VC\Tools\MSVC\14.23.28105\lib\x86\msvcmrtd_netcore.lib
[1a64:0017][2019-09-25T22:11:29] Completed: Copying file /Contents/VC/Tools/MSVC/14.23.28105/lib/x86/msvcmrtd_netcore.lib to C:\Program Files (x86)\Microsoft Visual Studio\2019\BuildTools\VC\Tools\MSVC\14.23.28105\lib\x86\msvcmrtd_netcore.lib
[1a64:0017][2019-09-25T22:11:29] Timestamp updated for file 'C:\Program Files (x86)\Microsoft Visual Studio\2019\BuildTools\VC\Tools\MSVC\14.23.28105\lib\x86\msvcmrtd_netcore.lib'.
[1a64:0017][2019-09-25T22:11:29] Processing file /Contents/VC/Tools/MSVC/14.23.28105/lib/x86/msvcmrt_netcore.lib
[1a64:0017][2019-09-25T22:11:29] Started: Copying file /Contents/VC/Tools/MSVC/14.23.28105/lib/x86/msvcmrt_netcore.lib to C:\Program Files (x86)\Microsoft Visual Studio\2019\BuildTools\VC\Tools\MSVC\14.23.28105\lib\x86\msvcmrt_netcore.lib
[1a64:0017][2019-09-25T22:11:29] Completed: Copying file /Contents/VC/Tools/MSVC/14.23.28105/lib/x86/msvcmrt_netcore.lib to C:\Program Files (x86)\Microsoft Visual Studio\2019\BuildTools\VC\Tools\MSVC\14.23.28105\lib\x86\msvcmrt_netcore.lib
[1a64:0017][2019-09-25T22:11:29] Timestamp updated for file 'C:\Program Files (x86)\Microsoft Visual Studio\2019\BuildTools\VC\Tools\MSVC\14.23.28105\lib\x86\msvcmrt_netcore.lib'.
[1a64:0017][2019-09-25T22:11:29] Package executed successfully. Return code: 0
