[1a64:0017][2019-09-25T22:13:01] Opening the package for processing
[1a64:0017][2019-09-25T22:13:01] Using package payload to get the embedded manifest
[1a64:0017][2019-09-25T22:13:01] Getting list of files within the package
[1a64:0017][2019-09-25T22:13:01] Processing file /Contents/Common7/IDE/CommonExtensions/Microsoft/EBF/Microsoft.VisualStudio.Workspace.ExternalBuildFramework.dll
[1a64:0017][2019-09-25T22:13:01] Started: Copying file /Contents/Common7/IDE/CommonExtensions/Microsoft/EBF/Microsoft.VisualStudio.Workspace.ExternalBuildFramework.dll to C:\Program Files (x86)\Microsoft Visual Studio\2019\BuildTools\Common7\IDE\CommonExtensions\Microsoft\EBF\Microsoft.VisualStudio.Workspace.ExternalBuildFramework.dll
[1a64:0017][2019-09-25T22:13:01] Completed: Copying file /Contents/Common7/IDE/CommonExtensions/Microsoft/EBF/Microsoft.VisualStudio.Workspace.ExternalBuildFramework.dll to C:\Program Files (x86)\Microsoft Visual Studio\2019\BuildTools\Common7\IDE\CommonExtensions\Microsoft\EBF\Microsoft.VisualStudio.Workspace.ExternalBuildFramework.dll
[1a64:0017][2019-09-25T22:13:01] Timestamp updated for file 'C:\Program Files (x86)\Microsoft Visual Studio\2019\BuildTools\Common7\IDE\CommonExtensions\Microsoft\EBF\Microsoft.VisualStudio.Workspace.ExternalBuildFramework.dll'.
[1a64:0017][2019-09-25T22:13:01] Processing file /Contents/Common7/IDE/CommonExtensions/Microsoft/EBF/Microsoft.VisualStudio.Workspace.ExternalBuildFramework.Impl.dll
[1a64:0017][2019-09-25T22:13:01] Started: Copying file /Contents/Common7/IDE/CommonExtensions/Microsoft/EBF/Microsoft.VisualStudio.Workspace.ExternalBuildFramework.Impl.dll to C:\Program Files (x86)\Microsoft Visual Studio\2019\BuildTools\Common7\IDE\CommonExtensions\Microsoft\EBF\Microsoft.VisualStudio.Workspace.ExternalBuildFramework.Impl.dll
[1a64:0017][2019-09-25T22:13:01] Completed: Copying file /Contents/Common7/IDE/CommonExtensions/Microsoft/EBF/Microsoft.VisualStudio.Workspace.ExternalBuildFramework.Impl.dll to C:\Program Files (x86)\Microsoft Visual Studio\2019\BuildTools\Common7\IDE\CommonExtensions\Microsoft\EBF\Microsoft.VisualStudio.Workspace.ExternalBuildFramework.Impl.dll
[1a64:0017][2019-09-25T22:13:01] Timestamp updated for file 'C:\Program Files (x86)\Microsoft Visual Studio\2019\BuildTools\Common7\IDE\CommonExtensions\Microsoft\EBF\Microsoft.VisualStudio.Workspace.ExternalBuildFramework.Impl.dll'.
[1a64:0017][2019-09-25T22:13:01] Processing file /Contents/Common7/IDE/CommonExtensions/Microsoft/EBF/Microsoft.VisualStudio.Workspace.ExternalBuildFramework.TestContracts.dll
[1a64:0017][2019-09-25T22:13:01] Started: Copying file /Contents/Common7/IDE/CommonExtensions/Microsoft/EBF/Microsoft.VisualStudio.Workspace.ExternalBuildFramework.TestContracts.dll to C:\Program Files (x86)\Microsoft Visual Studio\2019\BuildTools\Common7\IDE\CommonExtensions\Microsoft\EBF\Microsoft.VisualStudio.Workspace.ExternalBuildFramework.TestContracts.dll
[1a64:0017][2019-09-25T22:13:01] Completed: Copying file /Contents/Common7/IDE/CommonExtensions/Microsoft/EBF/Microsoft.VisualStudio.Workspace.ExternalBuildFramework.TestContracts.dll to C:\Program Files (x86)\Microsoft Visual Studio\2019\BuildTools\Common7\IDE\CommonExtensions\Microsoft\EBF\Microsoft.VisualStudio.Workspace.ExternalBuildFramework.TestContracts.dll
[1a64:0017][2019-09-25T22:13:01] Timestamp updated for file 'C:\Program Files (x86)\Microsoft Visual Studio\2019\BuildTools\Common7\IDE\CommonExtensions\Microsoft\EBF\Microsoft.VisualStudio.Workspace.ExternalBuildFramework.TestContracts.dll'.
[1a64:0017][2019-09-25T22:13:01] Processing file /Contents/Common7/IDE/CommonExtensions/Microsoft/EBF/Microsoft.VisualStudio.Workspace.ExternalBuildFramework.VS.dll
[1a64:0017][2019-09-25T22:13:01] Started: Copying file /Contents/Common7/IDE/CommonExtensions/Microsoft/EBF/Microsoft.VisualStudio.Workspace.ExternalBuildFramework.VS.dll to C:\Program Files (x86)\Microsoft Visual Studio\2019\BuildTools\Common7\IDE\CommonExtensions\Microsoft\EBF\Microsoft.VisualStudio.Workspace.ExternalBuildFramework.VS.dll
[1a64:0017][2019-09-25T22:13:01] Completed: Copying file /Contents/Common7/IDE/CommonExtensions/Microsoft/EBF/Microsoft.VisualStudio.Workspace.ExternalBuildFramework.VS.dll to C:\Program Files (x86)\Microsoft Visual Studio\2019\BuildTools\Common7\IDE\CommonExtensions\Microsoft\EBF\Microsoft.VisualStudio.Workspace.ExternalBuildFramework.VS.dll
[1a64:0017][2019-09-25T22:13:01] Timestamp updated for file 'C:\Program Files (x86)\Microsoft Visual Studio\2019\BuildTools\Common7\IDE\CommonExtensions\Microsoft\EBF\Microsoft.VisualStudio.Workspace.ExternalBuildFramework.VS.dll'.
[1a64:0017][2019-09-25T22:13:01] Processing file /Contents/Common7/IDE/CommonExtensions/Microsoft/EBF/Microsoft.VisualStudio.Workspace.ExternalBuildFramework.VS.pkgdef
[1a64:0017][2019-09-25T22:13:01] Started: Copying file /Contents/Common7/IDE/CommonExtensions/Microsoft/EBF/Microsoft.VisualStudio.Workspace.ExternalBuildFramework.VS.pkgdef to C:\Program Files (x86)\Microsoft Visual Studio\2019\BuildTools\Common7\IDE\CommonExtensions\Microsoft\EBF\Microsoft.VisualStudio.Workspace.ExternalBuildFramework.VS.pkgdef
[1a64:0017][2019-09-25T22:13:01] Completed: Copying file /Contents/Common7/IDE/CommonExtensions/Microsoft/EBF/Microsoft.VisualStudio.Workspace.ExternalBuildFramework.VS.pkgdef to C:\Program Files (x86)\Microsoft Visual Studio\2019\BuildTools\Common7\IDE\CommonExtensions\Microsoft\EBF\Microsoft.VisualStudio.Workspace.ExternalBuildFramework.VS.pkgdef
[1a64:0017][2019-09-25T22:13:01] Timestamp updated for file 'C:\Program Files (x86)\Microsoft Visual Studio\2019\BuildTools\Common7\IDE\CommonExtensions\Microsoft\EBF\Microsoft.VisualStudio.Workspace.ExternalBuildFramework.VS.pkgdef'.
[1a64:0017][2019-09-25T22:13:01] Processing file /Contents/Common7/IDE/CommonExtensions/Microsoft/EBF/TestExplorer/Microsoft.VisualStudio.Workspace.ExternalBuildFramework.dll
[1a64:0017][2019-09-25T22:13:01] Started: Copying file /Contents/Common7/IDE/CommonExtensions/Microsoft/EBF/TestExplorer/Microsoft.VisualStudio.Workspace.ExternalBuildFramework.dll to C:\Program Files (x86)\Microsoft Visual Studio\2019\BuildTools\Common7\IDE\CommonExtensions\Microsoft\EBF\TestExplorer\Microsoft.VisualStudio.Workspace.ExternalBuildFramework.dll
[1a64:0017][2019-09-25T22:13:01] Completed: Copying file /Contents/Common7/IDE/CommonExtensions/Microsoft/EBF/TestExplorer/Microsoft.VisualStudio.Workspace.ExternalBuildFramework.dll to C:\Program Files (x86)\Microsoft Visual Studio\2019\BuildTools\Common7\IDE\CommonExtensions\Microsoft\EBF\TestExplorer\Microsoft.VisualStudio.Workspace.ExternalBuildFramework.dll
[1a64:0017][2019-09-25T22:13:01] Timestamp updated for file 'C:\Program Files (x86)\Microsoft Visual Studio\2019\BuildTools\Common7\IDE\CommonExtensions\Microsoft\EBF\TestExplorer\Microsoft.VisualStudio.Workspace.ExternalBuildFramework.dll'.
[1a64:0017][2019-09-25T22:13:01] Processing file /Contents/Common7/IDE/CommonExtensions/Microsoft/EBF/TestExplorer/Microsoft.VisualStudio.Workspace.ExternalBuildFramework.TestProvider.dll
[1a64:0017][2019-09-25T22:13:01] Started: Copying file /Contents/Common7/IDE/CommonExtensions/Microsoft/EBF/TestExplorer/Microsoft.VisualStudio.Workspace.ExternalBuildFramework.TestProvider.dll to C:\Program Files (x86)\Microsoft Visual Studio\2019\BuildTools\Common7\IDE\CommonExtensions\Microsoft\EBF\TestExplorer\Microsoft.VisualStudio.Workspace.ExternalBuildFramework.TestProvider.dll
[1a64:0017][2019-09-25T22:13:01] Completed: Copying file /Contents/Common7/IDE/CommonExtensions/Microsoft/EBF/TestExplorer/Microsoft.VisualStudio.Workspace.ExternalBuildFramework.TestProvider.dll to C:\Program Files (x86)\Microsoft Visual Studio\2019\BuildTools\Common7\IDE\CommonExtensions\Microsoft\EBF\TestExplorer\Microsoft.VisualStudio.Workspace.ExternalBuildFramework.TestProvider.dll
[1a64:0017][2019-09-25T22:13:01] Timestamp updated for file 'C:\Program Files (x86)\Microsoft Visual Studio\2019\BuildTools\Common7\IDE\CommonExtensions\Microsoft\EBF\TestExplorer\Microsoft.VisualStudio.Workspace.ExternalBuildFramework.TestProvider.dll'.
[1a64:0017][2019-09-25T22:13:01] Processing file /Contents/Common7/IDE/CommonExtensions/Microsoft/EBF/TestExplorer/Newtonsoft.Json.dll
[1a64:0017][2019-09-25T22:13:01] Started: Copying file /Contents/Common7/IDE/CommonExtensions/Microsoft/EBF/TestExplorer/Newtonsoft.Json.dll to C:\Program Files (x86)\Microsoft Visual Studio\2019\BuildTools\Common7\IDE\CommonExtensions\Microsoft\EBF\TestExplorer\Newtonsoft.Json.dll
[1a64:0017][2019-09-25T22:13:01] Completed: Copying file /Contents/Common7/IDE/CommonExtensions/Microsoft/EBF/TestExplorer/Newtonsoft.Json.dll to C:\Program Files (x86)\Microsoft Visual Studio\2019\BuildTools\Common7\IDE\CommonExtensions\Microsoft\EBF\TestExplorer\Newtonsoft.Json.dll
[1a64:0017][2019-09-25T22:13:01] Timestamp updated for file 'C:\Program Files (x86)\Microsoft Visual Studio\2019\BuildTools\Common7\IDE\CommonExtensions\Microsoft\EBF\TestExplorer\Newtonsoft.Json.dll'.
[1a64:0017][2019-09-25T22:13:01] Processing file /Contents/Common7/IDE/CommonExtensions/Microsoft/TestWindow/Extensions/Microsoft.VisualStudio.Workspace.ExternalBuildFramework.TestProvider.dll
[1a64:0017][2019-09-25T22:13:01] Started: Copying file /Contents/Common7/IDE/CommonExtensions/Microsoft/TestWindow/Extensions/Microsoft.VisualStudio.Workspace.ExternalBuildFramework.TestProvider.dll to C:\Program Files (x86)\Microsoft Visual Studio\2019\BuildTools\Common7\IDE\CommonExtensions\Microsoft\TestWindow\Extensions\Microsoft.VisualStudio.Workspace.ExternalBuildFramework.TestProvider.dll
[1a64:0017][2019-09-25T22:13:01] Completed: Copying file /Contents/Common7/IDE/CommonExtensions/Microsoft/TestWindow/Extensions/Microsoft.VisualStudio.Workspace.ExternalBuildFramework.TestProvider.dll to C:\Program Files (x86)\Microsoft Visual Studio\2019\BuildTools\Common7\IDE\CommonExtensions\Microsoft\TestWindow\Extensions\Microsoft.VisualStudio.Workspace.ExternalBuildFramework.TestProvider.dll
[1a64:0017][2019-09-25T22:13:01] Timestamp updated for file 'C:\Program Files (x86)\Microsoft Visual Studio\2019\BuildTools\Common7\IDE\CommonExtensions\Microsoft\TestWindow\Extensions\Microsoft.VisualStudio.Workspace.ExternalBuildFramework.TestProvider.dll'.
[1a64:0017][2019-09-25T22:13:01] Processing file /Contents/Common7/IDE/CommonExtensions/Microsoft/EBF/extension.vsixmanifest
[1a64:0017][2019-09-25T22:13:01] Started: Copying file /Contents/Common7/IDE/CommonExtensions/Microsoft/EBF/extension.vsixmanifest to C:\Program Files (x86)\Microsoft Visual Studio\2019\BuildTools\Common7\IDE\CommonExtensions\Microsoft\EBF\extension.vsixmanifest
[1a64:0017][2019-09-25T22:13:01] Completed: Copying file /Contents/Common7/IDE/CommonExtensions/Microsoft/EBF/extension.vsixmanifest to C:\Program Files (x86)\Microsoft Visual Studio\2019\BuildTools\Common7\IDE\CommonExtensions\Microsoft\EBF\extension.vsixmanifest
[1a64:0017][2019-09-25T22:13:01] Timestamp updated for file 'C:\Program Files (x86)\Microsoft Visual Studio\2019\BuildTools\Common7\IDE\CommonExtensions\Microsoft\EBF\extension.vsixmanifest'.
[1a64:0017][2019-09-25T22:13:01] Processing file /Contents/Common7/IDE/CommonExtensions/Microsoft/EBF/TestExplorer/extension.vsixmanifest
[1a64:0017][2019-09-25T22:13:01] Started: Copying file /Contents/Common7/IDE/CommonExtensions/Microsoft/EBF/TestExplorer/extension.vsixmanifest to C:\Program Files (x86)\Microsoft Visual Studio\2019\BuildTools\Common7\IDE\CommonExtensions\Microsoft\EBF\TestExplorer\extension.vsixmanifest
[1a64:0017][2019-09-25T22:13:01] Completed: Copying file /Contents/Common7/IDE/CommonExtensions/Microsoft/EBF/TestExplorer/extension.vsixmanifest to C:\Program Files (x86)\Microsoft Visual Studio\2019\BuildTools\Common7\IDE\CommonExtensions\Microsoft\EBF\TestExplorer\extension.vsixmanifest
[1a64:0017][2019-09-25T22:13:02] Timestamp updated for file 'C:\Program Files (x86)\Microsoft Visual Studio\2019\BuildTools\Common7\IDE\CommonExtensions\Microsoft\EBF\TestExplorer\extension.vsixmanifest'.
[1a64:0017][2019-09-25T22:13:02] Package executed successfully. Return code: 0
