[1a64:0017][2019-09-25T22:10:40] Opening the package for processing
[1a64:0017][2019-09-25T22:10:40] Using package payload to get the embedded manifest
[1a64:0017][2019-09-25T22:10:40] Getting list of files within the package
[1a64:0017][2019-09-25T22:10:40] Processing file /Contents/MSBuild/Microsoft/VisualStudio/v16.0/Python%20Tools/Microsoft.PythonTools.BuildTasks.Core.dll
[1a64:0017][2019-09-25T22:10:40] Started: Copying file /Contents/MSBuild/Microsoft/VisualStudio/v16.0/Python%20Tools/Microsoft.PythonTools.BuildTasks.Core.dll to C:\Program Files (x86)\Microsoft Visual Studio\2019\BuildTools\MSBuild\Microsoft\VisualStudio\v16.0\Python Tools\Microsoft.PythonTools.BuildTasks.Core.dll
[1a64:0017][2019-09-25T22:10:40] Completed: Copying file /Contents/MSBuild/Microsoft/VisualStudio/v16.0/Python%20Tools/Microsoft.PythonTools.BuildTasks.Core.dll to C:\Program Files (x86)\Microsoft Visual Studio\2019\BuildTools\MSBuild\Microsoft\VisualStudio\v16.0\Python Tools\Microsoft.PythonTools.BuildTasks.Core.dll
[1a64:0017][2019-09-25T22:10:40] Timestamp updated for file 'C:\Program Files (x86)\Microsoft Visual Studio\2019\BuildTools\MSBuild\Microsoft\VisualStudio\v16.0\Python Tools\Microsoft.PythonTools.BuildTasks.Core.dll'.
[1a64:0017][2019-09-25T22:10:40] Processing file /Contents/MSBuild/Microsoft/VisualStudio/v16.0/Python%20Tools/Microsoft.PythonTools.Common.dll
[1a64:0017][2019-09-25T22:10:40] Started: Copying file /Contents/MSBuild/Microsoft/VisualStudio/v16.0/Python%20Tools/Microsoft.PythonTools.Common.dll to C:\Program Files (x86)\Microsoft Visual Studio\2019\BuildTools\MSBuild\Microsoft\VisualStudio\v16.0\Python Tools\Microsoft.PythonTools.Common.dll
[1a64:0017][2019-09-25T22:10:40] Completed: Copying file /Contents/MSBuild/Microsoft/VisualStudio/v16.0/Python%20Tools/Microsoft.PythonTools.Common.dll to C:\Program Files (x86)\Microsoft Visual Studio\2019\BuildTools\MSBuild\Microsoft\VisualStudio\v16.0\Python Tools\Microsoft.PythonTools.Common.dll
[1a64:0017][2019-09-25T22:10:40] Timestamp updated for file 'C:\Program Files (x86)\Microsoft Visual Studio\2019\BuildTools\MSBuild\Microsoft\VisualStudio\v16.0\Python Tools\Microsoft.PythonTools.Common.dll'.
[1a64:0017][2019-09-25T22:10:40] Processing file /Contents/MSBuild/Microsoft/VisualStudio/v16.0/Python%20Tools/Microsoft.PythonTools.Django.targets
[1a64:0017][2019-09-25T22:10:40] Started: Copying file /Contents/MSBuild/Microsoft/VisualStudio/v16.0/Python%20Tools/Microsoft.PythonTools.Django.targets to C:\Program Files (x86)\Microsoft Visual Studio\2019\BuildTools\MSBuild\Microsoft\VisualStudio\v16.0\Python Tools\Microsoft.PythonTools.Django.targets
[1a64:0017][2019-09-25T22:10:40] Completed: Copying file /Contents/MSBuild/Microsoft/VisualStudio/v16.0/Python%20Tools/Microsoft.PythonTools.Django.targets to C:\Program Files (x86)\Microsoft Visual Studio\2019\BuildTools\MSBuild\Microsoft\VisualStudio\v16.0\Python Tools\Microsoft.PythonTools.Django.targets
[1a64:0017][2019-09-25T22:10:40] Timestamp updated for file 'C:\Program Files (x86)\Microsoft Visual Studio\2019\BuildTools\MSBuild\Microsoft\VisualStudio\v16.0\Python Tools\Microsoft.PythonTools.Django.targets'.
[1a64:0017][2019-09-25T22:10:40] Processing file /Contents/MSBuild/Microsoft/VisualStudio/v16.0/Python%20Tools/Microsoft.PythonTools.targets
[1a64:0017][2019-09-25T22:10:40] Started: Copying file /Contents/MSBuild/Microsoft/VisualStudio/v16.0/Python%20Tools/Microsoft.PythonTools.targets to C:\Program Files (x86)\Microsoft Visual Studio\2019\BuildTools\MSBuild\Microsoft\VisualStudio\v16.0\Python Tools\Microsoft.PythonTools.targets
[1a64:0017][2019-09-25T22:10:40] Completed: Copying file /Contents/MSBuild/Microsoft/VisualStudio/v16.0/Python%20Tools/Microsoft.PythonTools.targets to C:\Program Files (x86)\Microsoft Visual Studio\2019\BuildTools\MSBuild\Microsoft\VisualStudio\v16.0\Python Tools\Microsoft.PythonTools.targets
[1a64:0017][2019-09-25T22:10:40] Timestamp updated for file 'C:\Program Files (x86)\Microsoft Visual Studio\2019\BuildTools\MSBuild\Microsoft\VisualStudio\v16.0\Python Tools\Microsoft.PythonTools.targets'.
[1a64:0017][2019-09-25T22:10:40] Processing file /Contents/MSBuild/Microsoft/VisualStudio/v16.0/Python%20Tools/Microsoft.PythonTools.Web.targets
[1a64:0017][2019-09-25T22:10:40] Started: Copying file /Contents/MSBuild/Microsoft/VisualStudio/v16.0/Python%20Tools/Microsoft.PythonTools.Web.targets to C:\Program Files (x86)\Microsoft Visual Studio\2019\BuildTools\MSBuild\Microsoft\VisualStudio\v16.0\Python Tools\Microsoft.PythonTools.Web.targets
[1a64:0017][2019-09-25T22:10:40] Completed: Copying file /Contents/MSBuild/Microsoft/VisualStudio/v16.0/Python%20Tools/Microsoft.PythonTools.Web.targets to C:\Program Files (x86)\Microsoft Visual Studio\2019\BuildTools\MSBuild\Microsoft\VisualStudio\v16.0\Python Tools\Microsoft.PythonTools.Web.targets
[1a64:0017][2019-09-25T22:10:40] Timestamp updated for file 'C:\Program Files (x86)\Microsoft Visual Studio\2019\BuildTools\MSBuild\Microsoft\VisualStudio\v16.0\Python Tools\Microsoft.PythonTools.Web.targets'.
[1a64:0017][2019-09-25T22:10:40] Processing file /Contents/MSBuild/Microsoft/VisualStudio/v16.0/Python%20Tools/Microsoft.PythonTools.WebRole.dll
[1a64:0017][2019-09-25T22:10:40] Started: Copying file /Contents/MSBuild/Microsoft/VisualStudio/v16.0/Python%20Tools/Microsoft.PythonTools.WebRole.dll to C:\Program Files (x86)\Microsoft Visual Studio\2019\BuildTools\MSBuild\Microsoft\VisualStudio\v16.0\Python Tools\Microsoft.PythonTools.WebRole.dll
[1a64:0017][2019-09-25T22:10:40] Completed: Copying file /Contents/MSBuild/Microsoft/VisualStudio/v16.0/Python%20Tools/Microsoft.PythonTools.WebRole.dll to C:\Program Files (x86)\Microsoft Visual Studio\2019\BuildTools\MSBuild\Microsoft\VisualStudio\v16.0\Python Tools\Microsoft.PythonTools.WebRole.dll
[1a64:0017][2019-09-25T22:10:40] Timestamp updated for file 'C:\Program Files (x86)\Microsoft Visual Studio\2019\BuildTools\MSBuild\Microsoft\VisualStudio\v16.0\Python Tools\Microsoft.PythonTools.WebRole.dll'.
[1a64:0017][2019-09-25T22:10:40] Processing file /Contents/MSBuild/Microsoft/VisualStudio/v16.0/Python%20Tools/Microsoft.PythonTools.Worker.targets
[1a64:0017][2019-09-25T22:10:40] Started: Copying file /Contents/MSBuild/Microsoft/VisualStudio/v16.0/Python%20Tools/Microsoft.PythonTools.Worker.targets to C:\Program Files (x86)\Microsoft Visual Studio\2019\BuildTools\MSBuild\Microsoft\VisualStudio\v16.0\Python Tools\Microsoft.PythonTools.Worker.targets
[1a64:0017][2019-09-25T22:10:40] Completed: Copying file /Contents/MSBuild/Microsoft/VisualStudio/v16.0/Python%20Tools/Microsoft.PythonTools.Worker.targets to C:\Program Files (x86)\Microsoft Visual Studio\2019\BuildTools\MSBuild\Microsoft\VisualStudio\v16.0\Python Tools\Microsoft.PythonTools.Worker.targets
[1a64:0017][2019-09-25T22:10:40] Timestamp updated for file 'C:\Program Files (x86)\Microsoft Visual Studio\2019\BuildTools\MSBuild\Microsoft\VisualStudio\v16.0\Python Tools\Microsoft.PythonTools.Worker.targets'.
[1a64:0017][2019-09-25T22:10:40] Processing file /Contents/MSBuild/Microsoft/VisualStudio/v16.0/Python%20Tools/wfastcgi.py
[1a64:0017][2019-09-25T22:10:40] Started: Copying file /Contents/MSBuild/Microsoft/VisualStudio/v16.0/Python%20Tools/wfastcgi.py to C:\Program Files (x86)\Microsoft Visual Studio\2019\BuildTools\MSBuild\Microsoft\VisualStudio\v16.0\Python Tools\wfastcgi.py
[1a64:0017][2019-09-25T22:10:40] Completed: Copying file /Contents/MSBuild/Microsoft/VisualStudio/v16.0/Python%20Tools/wfastcgi.py to C:\Program Files (x86)\Microsoft Visual Studio\2019\BuildTools\MSBuild\Microsoft\VisualStudio\v16.0\Python Tools\wfastcgi.py
[1a64:0017][2019-09-25T22:10:40] Timestamp updated for file 'C:\Program Files (x86)\Microsoft Visual Studio\2019\BuildTools\MSBuild\Microsoft\VisualStudio\v16.0\Python Tools\wfastcgi.py'.
[1a64:0017][2019-09-25T22:10:40] Package executed successfully. Return code: 0
