[1a64:0017][2019-09-25T22:14:34] Opening the package for processing
[1a64:0017][2019-09-25T22:14:34] Using package payload to get the embedded manifest
[1a64:0017][2019-09-25T22:14:34] Getting list of files within the package
[1a64:0017][2019-09-25T22:14:34] Processing file /Contents/MSBuild/Microsoft/VisualStudio/v16.0/VSSDK/Empty.resx
[1a64:0017][2019-09-25T22:14:34] Started: Copying file /Contents/MSBuild/Microsoft/VisualStudio/v16.0/VSSDK/Empty.resx to C:\Program Files (x86)\Microsoft Visual Studio\2019\BuildTools\MSBuild\Microsoft\VisualStudio\v16.0\VSSDK\Empty.resx
[1a64:0017][2019-09-25T22:14:34] Completed: Copying file /Contents/MSBuild/Microsoft/VisualStudio/v16.0/VSSDK/Empty.resx to C:\Program Files (x86)\Microsoft Visual Studio\2019\BuildTools\MSBuild\Microsoft\VisualStudio\v16.0\VSSDK\Empty.resx
[1a64:0017][2019-09-25T22:14:34] Timestamp updated for file 'C:\Program Files (x86)\Microsoft Visual Studio\2019\BuildTools\MSBuild\Microsoft\VisualStudio\v16.0\VSSDK\Empty.resx'.
[1a64:0017][2019-09-25T22:14:34] Processing file /Contents/MSBuild/Microsoft/VisualStudio/v16.0/VSSDK/Microsoft.VisualStudio.ExtensionEngine.dll
[1a64:0017][2019-09-25T22:14:34] Started: Copying file /Contents/MSBuild/Microsoft/VisualStudio/v16.0/VSSDK/Microsoft.VisualStudio.ExtensionEngine.dll to C:\Program Files (x86)\Microsoft Visual Studio\2019\BuildTools\MSBuild\Microsoft\VisualStudio\v16.0\VSSDK\Microsoft.VisualStudio.ExtensionEngine.dll
[1a64:0017][2019-09-25T22:14:34] Completed: Copying file /Contents/MSBuild/Microsoft/VisualStudio/v16.0/VSSDK/Microsoft.VisualStudio.ExtensionEngine.dll to C:\Program Files (x86)\Microsoft Visual Studio\2019\BuildTools\MSBuild\Microsoft\VisualStudio\v16.0\VSSDK\Microsoft.VisualStudio.ExtensionEngine.dll
[1a64:0017][2019-09-25T22:14:34] Timestamp updated for file 'C:\Program Files (x86)\Microsoft Visual Studio\2019\BuildTools\MSBuild\Microsoft\VisualStudio\v16.0\VSSDK\Microsoft.VisualStudio.ExtensionEngine.dll'.
[1a64:0017][2019-09-25T22:14:34] Processing file /Contents/MSBuild/Microsoft/VisualStudio/v16.0/VSSDK/Microsoft.VisualStudio.Sdk.BuildTasks.16.0.dll
[1a64:0017][2019-09-25T22:14:34] Started: Copying file /Contents/MSBuild/Microsoft/VisualStudio/v16.0/VSSDK/Microsoft.VisualStudio.Sdk.BuildTasks.16.0.dll to C:\Program Files (x86)\Microsoft Visual Studio\2019\BuildTools\MSBuild\Microsoft\VisualStudio\v16.0\VSSDK\Microsoft.VisualStudio.Sdk.BuildTasks.16.0.dll
[1a64:0017][2019-09-25T22:14:34] Completed: Copying file /Contents/MSBuild/Microsoft/VisualStudio/v16.0/VSSDK/Microsoft.VisualStudio.Sdk.BuildTasks.16.0.dll to C:\Program Files (x86)\Microsoft Visual Studio\2019\BuildTools\MSBuild\Microsoft\VisualStudio\v16.0\VSSDK\Microsoft.VisualStudio.Sdk.BuildTasks.16.0.dll
[1a64:0017][2019-09-25T22:14:34] Timestamp updated for file 'C:\Program Files (x86)\Microsoft Visual Studio\2019\BuildTools\MSBuild\Microsoft\VisualStudio\v16.0\VSSDK\Microsoft.VisualStudio.Sdk.BuildTasks.16.0.dll'.
[1a64:0017][2019-09-25T22:14:34] Processing file /Contents/MSBuild/Microsoft/VisualStudio/v16.0/VSSDK/Microsoft.VisualStudio.Sdk.BuildTasks.dll
[1a64:0017][2019-09-25T22:14:34] Started: Copying file /Contents/MSBuild/Microsoft/VisualStudio/v16.0/VSSDK/Microsoft.VisualStudio.Sdk.BuildTasks.dll to C:\Program Files (x86)\Microsoft Visual Studio\2019\BuildTools\MSBuild\Microsoft\VisualStudio\v16.0\VSSDK\Microsoft.VisualStudio.Sdk.BuildTasks.dll
[1a64:0017][2019-09-25T22:14:34] Completed: Copying file /Contents/MSBuild/Microsoft/VisualStudio/v16.0/VSSDK/Microsoft.VisualStudio.Sdk.BuildTasks.dll to C:\Program Files (x86)\Microsoft Visual Studio\2019\BuildTools\MSBuild\Microsoft\VisualStudio\v16.0\VSSDK\Microsoft.VisualStudio.Sdk.BuildTasks.dll
[1a64:0017][2019-09-25T22:14:34] Timestamp updated for file 'C:\Program Files (x86)\Microsoft Visual Studio\2019\BuildTools\MSBuild\Microsoft\VisualStudio\v16.0\VSSDK\Microsoft.VisualStudio.Sdk.BuildTasks.dll'.
[1a64:0017][2019-09-25T22:14:34] Processing file /Contents/MSBuild/Microsoft/VisualStudio/v16.0/VSSDK/Microsoft.VisualStudio.Sdk.Common.targets
[1a64:0017][2019-09-25T22:14:34] Started: Copying file /Contents/MSBuild/Microsoft/VisualStudio/v16.0/VSSDK/Microsoft.VisualStudio.Sdk.Common.targets to C:\Program Files (x86)\Microsoft Visual Studio\2019\BuildTools\MSBuild\Microsoft\VisualStudio\v16.0\VSSDK\Microsoft.VisualStudio.Sdk.Common.targets
[1a64:0017][2019-09-25T22:14:34] Completed: Copying file /Contents/MSBuild/Microsoft/VisualStudio/v16.0/VSSDK/Microsoft.VisualStudio.Sdk.Common.targets to C:\Program Files (x86)\Microsoft Visual Studio\2019\BuildTools\MSBuild\Microsoft\VisualStudio\v16.0\VSSDK\Microsoft.VisualStudio.Sdk.Common.targets
[1a64:0017][2019-09-25T22:14:34] Timestamp updated for file 'C:\Program Files (x86)\Microsoft Visual Studio\2019\BuildTools\MSBuild\Microsoft\VisualStudio\v16.0\VSSDK\Microsoft.VisualStudio.Sdk.Common.targets'.
[1a64:0017][2019-09-25T22:14:34] Processing file /Contents/MSBuild/Microsoft/VisualStudio/v16.0/VSSDK/Microsoft.VisualStudio.Setup.Common.dll
[1a64:0017][2019-09-25T22:14:34] Started: Copying file /Contents/MSBuild/Microsoft/VisualStudio/v16.0/VSSDK/Microsoft.VisualStudio.Setup.Common.dll to C:\Program Files (x86)\Microsoft Visual Studio\2019\BuildTools\MSBuild\Microsoft\VisualStudio\v16.0\VSSDK\Microsoft.VisualStudio.Setup.Common.dll
[1a64:0017][2019-09-25T22:14:34] Completed: Copying file /Contents/MSBuild/Microsoft/VisualStudio/v16.0/VSSDK/Microsoft.VisualStudio.Setup.Common.dll to C:\Program Files (x86)\Microsoft Visual Studio\2019\BuildTools\MSBuild\Microsoft\VisualStudio\v16.0\VSSDK\Microsoft.VisualStudio.Setup.Common.dll
[1a64:0017][2019-09-25T22:14:34] Timestamp updated for file 'C:\Program Files (x86)\Microsoft Visual Studio\2019\BuildTools\MSBuild\Microsoft\VisualStudio\v16.0\VSSDK\Microsoft.VisualStudio.Setup.Common.dll'.
[1a64:0017][2019-09-25T22:14:34] Processing file /Contents/MSBuild/Microsoft/VisualStudio/v16.0/VSSDK/Microsoft.VisualStudio.Threading.dll
[1a64:0017][2019-09-25T22:14:34] Started: Copying file /Contents/MSBuild/Microsoft/VisualStudio/v16.0/VSSDK/Microsoft.VisualStudio.Threading.dll to C:\Program Files (x86)\Microsoft Visual Studio\2019\BuildTools\MSBuild\Microsoft\VisualStudio\v16.0\VSSDK\Microsoft.VisualStudio.Threading.dll
[1a64:0017][2019-09-25T22:14:34] Completed: Copying file /Contents/MSBuild/Microsoft/VisualStudio/v16.0/VSSDK/Microsoft.VisualStudio.Threading.dll to C:\Program Files (x86)\Microsoft Visual Studio\2019\BuildTools\MSBuild\Microsoft\VisualStudio\v16.0\VSSDK\Microsoft.VisualStudio.Threading.dll
[1a64:0017][2019-09-25T22:14:34] Timestamp updated for file 'C:\Program Files (x86)\Microsoft Visual Studio\2019\BuildTools\MSBuild\Microsoft\VisualStudio\v16.0\VSSDK\Microsoft.VisualStudio.Threading.dll'.
[1a64:0017][2019-09-25T22:14:34] Processing file /Contents/MSBuild/Microsoft/VisualStudio/v16.0/VSSDK/Microsoft.VisualStudio.Validation.dll
[1a64:0017][2019-09-25T22:14:34] Started: Copying file /Contents/MSBuild/Microsoft/VisualStudio/v16.0/VSSDK/Microsoft.VisualStudio.Validation.dll to C:\Program Files (x86)\Microsoft Visual Studio\2019\BuildTools\MSBuild\Microsoft\VisualStudio\v16.0\VSSDK\Microsoft.VisualStudio.Validation.dll
[1a64:0017][2019-09-25T22:14:34] Completed: Copying file /Contents/MSBuild/Microsoft/VisualStudio/v16.0/VSSDK/Microsoft.VisualStudio.Validation.dll to C:\Program Files (x86)\Microsoft Visual Studio\2019\BuildTools\MSBuild\Microsoft\VisualStudio\v16.0\VSSDK\Microsoft.VisualStudio.Validation.dll
[1a64:0017][2019-09-25T22:14:34] Timestamp updated for file 'C:\Program Files (x86)\Microsoft Visual Studio\2019\BuildTools\MSBuild\Microsoft\VisualStudio\v16.0\VSSDK\Microsoft.VisualStudio.Validation.dll'.
[1a64:0017][2019-09-25T22:14:34] Processing file /Contents/MSBuild/Microsoft/VisualStudio/v16.0/VSSDK/Microsoft.VsSDK.Cpp.Overrides.targets
[1a64:0017][2019-09-25T22:14:34] Started: Copying file /Contents/MSBuild/Microsoft/VisualStudio/v16.0/VSSDK/Microsoft.VsSDK.Cpp.Overrides.targets to C:\Program Files (x86)\Microsoft Visual Studio\2019\BuildTools\MSBuild\Microsoft\VisualStudio\v16.0\VSSDK\Microsoft.VsSDK.Cpp.Overrides.targets
[1a64:0017][2019-09-25T22:14:34] Completed: Copying file /Contents/MSBuild/Microsoft/VisualStudio/v16.0/VSSDK/Microsoft.VsSDK.Cpp.Overrides.targets to C:\Program Files (x86)\Microsoft Visual Studio\2019\BuildTools\MSBuild\Microsoft\VisualStudio\v16.0\VSSDK\Microsoft.VsSDK.Cpp.Overrides.targets
[1a64:0017][2019-09-25T22:14:34] Timestamp updated for file 'C:\Program Files (x86)\Microsoft Visual Studio\2019\BuildTools\MSBuild\Microsoft\VisualStudio\v16.0\VSSDK\Microsoft.VsSDK.Cpp.Overrides.targets'.
[1a64:0017][2019-09-25T22:14:34] Processing file /Contents/MSBuild/Microsoft/VisualStudio/v16.0/VSSDK/Microsoft.VsSDK.Cpp.targets
[1a64:0017][2019-09-25T22:14:34] Started: Copying file /Contents/MSBuild/Microsoft/VisualStudio/v16.0/VSSDK/Microsoft.VsSDK.Cpp.targets to C:\Program Files (x86)\Microsoft Visual Studio\2019\BuildTools\MSBuild\Microsoft\VisualStudio\v16.0\VSSDK\Microsoft.VsSDK.Cpp.targets
[1a64:0017][2019-09-25T22:14:34] Completed: Copying file /Contents/MSBuild/Microsoft/VisualStudio/v16.0/VSSDK/Microsoft.VsSDK.Cpp.targets to C:\Program Files (x86)\Microsoft Visual Studio\2019\BuildTools\MSBuild\Microsoft\VisualStudio\v16.0\VSSDK\Microsoft.VsSDK.Cpp.targets
[1a64:0017][2019-09-25T22:14:34] Timestamp updated for file 'C:\Program Files (x86)\Microsoft Visual Studio\2019\BuildTools\MSBuild\Microsoft\VisualStudio\v16.0\VSSDK\Microsoft.VsSDK.Cpp.targets'.
[1a64:0017][2019-09-25T22:14:34] Processing file /Contents/MSBuild/Microsoft/VisualStudio/v16.0/VSSDK/Microsoft.VsSDK.targets
[1a64:0017][2019-09-25T22:14:34] Started: Copying file /Contents/MSBuild/Microsoft/VisualStudio/v16.0/VSSDK/Microsoft.VsSDK.targets to C:\Program Files (x86)\Microsoft Visual Studio\2019\BuildTools\MSBuild\Microsoft\VisualStudio\v16.0\VSSDK\Microsoft.VsSDK.targets
[1a64:0017][2019-09-25T22:14:34] Completed: Copying file /Contents/MSBuild/Microsoft/VisualStudio/v16.0/VSSDK/Microsoft.VsSDK.targets to C:\Program Files (x86)\Microsoft Visual Studio\2019\BuildTools\MSBuild\Microsoft\VisualStudio\v16.0\VSSDK\Microsoft.VsSDK.targets
[1a64:0017][2019-09-25T22:14:34] Timestamp updated for file 'C:\Program Files (x86)\Microsoft Visual Studio\2019\BuildTools\MSBuild\Microsoft\VisualStudio\v16.0\VSSDK\Microsoft.VsSDK.targets'.
[1a64:0017][2019-09-25T22:14:34] Processing file /Contents/MSBuild/Microsoft/VisualStudio/v16.0/VSSDK/Newtonsoft.Json.dll
[1a64:0017][2019-09-25T22:14:34] Started: Copying file /Contents/MSBuild/Microsoft/VisualStudio/v16.0/VSSDK/Newtonsoft.Json.dll to C:\Program Files (x86)\Microsoft Visual Studio\2019\BuildTools\MSBuild\Microsoft\VisualStudio\v16.0\VSSDK\Newtonsoft.Json.dll
[1a64:0017][2019-09-25T22:14:34] Completed: Copying file /Contents/MSBuild/Microsoft/VisualStudio/v16.0/VSSDK/Newtonsoft.Json.dll to C:\Program Files (x86)\Microsoft Visual Studio\2019\BuildTools\MSBuild\Microsoft\VisualStudio\v16.0\VSSDK\Newtonsoft.Json.dll
[1a64:0017][2019-09-25T22:14:34] Timestamp updated for file 'C:\Program Files (x86)\Microsoft Visual Studio\2019\BuildTools\MSBuild\Microsoft\VisualStudio\v16.0\VSSDK\Newtonsoft.Json.dll'.
[1a64:0017][2019-09-25T22:14:34] Processing file /Contents/MSBuild/Microsoft/VisualStudio/v16.0/VSSDK/offreg.dll
[1a64:0017][2019-09-25T22:14:34] Started: Copying file /Contents/MSBuild/Microsoft/VisualStudio/v16.0/VSSDK/offreg.dll to C:\Program Files (x86)\Microsoft Visual Studio\2019\BuildTools\MSBuild\Microsoft\VisualStudio\v16.0\VSSDK\offreg.dll
[1a64:0017][2019-09-25T22:14:34] Completed: Copying file /Contents/MSBuild/Microsoft/VisualStudio/v16.0/VSSDK/offreg.dll to C:\Program Files (x86)\Microsoft Visual Studio\2019\BuildTools\MSBuild\Microsoft\VisualStudio\v16.0\VSSDK\offreg.dll
[1a64:0017][2019-09-25T22:14:34] Timestamp updated for file 'C:\Program Files (x86)\Microsoft Visual Studio\2019\BuildTools\MSBuild\Microsoft\VisualStudio\v16.0\VSSDK\offreg.dll'.
[1a64:0017][2019-09-25T22:14:34] Processing file /Contents/MSBuild/Microsoft/VisualStudio/v16.0/VSSDK/PkgdefMgmt.dll
[1a64:0017][2019-09-25T22:14:34] Started: Copying file /Contents/MSBuild/Microsoft/VisualStudio/v16.0/VSSDK/PkgdefMgmt.dll to C:\Program Files (x86)\Microsoft Visual Studio\2019\BuildTools\MSBuild\Microsoft\VisualStudio\v16.0\VSSDK\PkgdefMgmt.dll
[1a64:0017][2019-09-25T22:14:34] Completed: Copying file /Contents/MSBuild/Microsoft/VisualStudio/v16.0/VSSDK/PkgdefMgmt.dll to C:\Program Files (x86)\Microsoft Visual Studio\2019\BuildTools\MSBuild\Microsoft\VisualStudio\v16.0\VSSDK\PkgdefMgmt.dll
[1a64:0017][2019-09-25T22:14:34] Timestamp updated for file 'C:\Program Files (x86)\Microsoft Visual Studio\2019\BuildTools\MSBuild\Microsoft\VisualStudio\v16.0\VSSDK\PkgdefMgmt.dll'.
[1a64:0017][2019-09-25T22:14:34] Processing file /Contents/MSBuild/Microsoft/VisualStudio/v16.0/VSSDK/ProjectItemsSchema.xml
[1a64:0017][2019-09-25T22:14:34] Started: Copying file /Contents/MSBuild/Microsoft/VisualStudio/v16.0/VSSDK/ProjectItemsSchema.xml to C:\Program Files (x86)\Microsoft Visual Studio\2019\BuildTools\MSBuild\Microsoft\VisualStudio\v16.0\VSSDK\ProjectItemsSchema.xml
[1a64:0017][2019-09-25T22:14:34] Completed: Copying file /Contents/MSBuild/Microsoft/VisualStudio/v16.0/VSSDK/ProjectItemsSchema.xml to C:\Program Files (x86)\Microsoft Visual Studio\2019\BuildTools\MSBuild\Microsoft\VisualStudio\v16.0\VSSDK\ProjectItemsSchema.xml
[1a64:0017][2019-09-25T22:14:34] Timestamp updated for file 'C:\Program Files (x86)\Microsoft Visual Studio\2019\BuildTools\MSBuild\Microsoft\VisualStudio\v16.0\VSSDK\ProjectItemsSchema.xml'.
[1a64:0017][2019-09-25T22:14:34] Package executed successfully. Return code: 0
