[1a64:0017][2019-09-25T22:13:29] Opening the package for processing
[1a64:0017][2019-09-25T22:13:29] Using package payload to get the embedded manifest
[1a64:0017][2019-09-25T22:13:29] Getting list of files within the package
[1a64:0017][2019-09-25T22:13:29] Processing file /catalog.json
[1a64:0017][2019-09-25T22:13:29] Started: Copying file /catalog.json to C:\Program Files (x86)\Microsoft Visual Studio\2019\BuildTools\Common7\IDE\CommonExtensions\Microsoft\ProjectServices\catalog.json
[1a64:0017][2019-09-25T22:13:29] Completed: Copying file /catalog.json to C:\Program Files (x86)\Microsoft Visual Studio\2019\BuildTools\Common7\IDE\CommonExtensions\Microsoft\ProjectServices\catalog.json
[1a64:0017][2019-09-25T22:13:29] Timestamp updated for file 'C:\Program Files (x86)\Microsoft Visual Studio\2019\BuildTools\Common7\IDE\CommonExtensions\Microsoft\ProjectServices\catalog.json'.
[1a64:0017][2019-09-25T22:13:29] Processing file /manifest.json
[1a64:0017][2019-09-25T22:13:29] Started: Copying file /manifest.json to C:\Program Files (x86)\Microsoft Visual Studio\2019\BuildTools\Common7\IDE\CommonExtensions\Microsoft\ProjectServices\manifest.json
[1a64:0017][2019-09-25T22:13:29] Completed: Copying file /manifest.json to C:\Program Files (x86)\Microsoft Visual Studio\2019\BuildTools\Common7\IDE\CommonExtensions\Microsoft\ProjectServices\manifest.json
[1a64:0017][2019-09-25T22:13:29] Timestamp updated for file 'C:\Program Files (x86)\Microsoft Visual Studio\2019\BuildTools\Common7\IDE\CommonExtensions\Microsoft\ProjectServices\manifest.json'.
[1a64:0017][2019-09-25T22:13:29] Processing file /Microsoft.VisualStudio.ProjectServices.dll
[1a64:0017][2019-09-25T22:13:29] Started: Copying file /Microsoft.VisualStudio.ProjectServices.dll to C:\Program Files (x86)\Microsoft Visual Studio\2019\BuildTools\Common7\IDE\CommonExtensions\Microsoft\ProjectServices\Microsoft.VisualStudio.ProjectServices.dll
[1a64:0017][2019-09-25T22:13:29] Completed: Copying file /Microsoft.VisualStudio.ProjectServices.dll to C:\Program Files (x86)\Microsoft Visual Studio\2019\BuildTools\Common7\IDE\CommonExtensions\Microsoft\ProjectServices\Microsoft.VisualStudio.ProjectServices.dll
[1a64:0017][2019-09-25T22:13:29] Timestamp updated for file 'C:\Program Files (x86)\Microsoft Visual Studio\2019\BuildTools\Common7\IDE\CommonExtensions\Microsoft\ProjectServices\Microsoft.VisualStudio.ProjectServices.dll'.
[1a64:0017][2019-09-25T22:13:29] Queueing C:\Program Files (x86)\Microsoft Visual Studio\2019\BuildTools\Common7\IDE\CommonExtensions\Microsoft\ProjectServices\Microsoft.VisualStudio.ProjectServices.dll for X86 ngen
[1a64:0017][2019-09-25T22:13:29] Successfully queued file '/Microsoft.VisualStudio.ProjectServices.dll' for ngen
[1a64:0017][2019-09-25T22:13:29] Processing file /Microsoft.VisualStudio.ProjectServices.pkgdef
[1a64:0017][2019-09-25T22:13:29] Started: Copying file /Microsoft.VisualStudio.ProjectServices.pkgdef to C:\Program Files (x86)\Microsoft Visual Studio\2019\BuildTools\Common7\IDE\CommonExtensions\Microsoft\ProjectServices\Microsoft.VisualStudio.ProjectServices.pkgdef
[1a64:0017][2019-09-25T22:13:29] Completed: Copying file /Microsoft.VisualStudio.ProjectServices.pkgdef to C:\Program Files (x86)\Microsoft Visual Studio\2019\BuildTools\Common7\IDE\CommonExtensions\Microsoft\ProjectServices\Microsoft.VisualStudio.ProjectServices.pkgdef
[1a64:0017][2019-09-25T22:13:29] Timestamp updated for file 'C:\Program Files (x86)\Microsoft Visual Studio\2019\BuildTools\Common7\IDE\CommonExtensions\Microsoft\ProjectServices\Microsoft.VisualStudio.ProjectServices.pkgdef'.
[1a64:0017][2019-09-25T22:13:29] Processing file /PSHOST.exe
[1a64:0017][2019-09-25T22:13:29] Started: Copying file /PSHOST.exe to C:\Program Files (x86)\Microsoft Visual Studio\2019\BuildTools\Common7\IDE\CommonExtensions\Microsoft\ProjectServices\PSHOST.exe
[1a64:0017][2019-09-25T22:13:29] Completed: Copying file /PSHOST.exe to C:\Program Files (x86)\Microsoft Visual Studio\2019\BuildTools\Common7\IDE\CommonExtensions\Microsoft\ProjectServices\PSHOST.exe
[1a64:0017][2019-09-25T22:13:29] Timestamp updated for file 'C:\Program Files (x86)\Microsoft Visual Studio\2019\BuildTools\Common7\IDE\CommonExtensions\Microsoft\ProjectServices\PSHOST.exe'.
[1a64:0017][2019-09-25T22:13:29] Queueing C:\Program Files (x86)\Microsoft Visual Studio\2019\BuildTools\Common7\IDE\CommonExtensions\Microsoft\ProjectServices\PSHOST.exe for X86 ngen
[1a64:0017][2019-09-25T22:13:29] Successfully queued file '/PSHOST.exe' for ngen
[1a64:0017][2019-09-25T22:13:29] Processing file /PSHOST.exe.config
[1a64:0017][2019-09-25T22:13:29] Started: Copying file /PSHOST.exe.config to C:\Program Files (x86)\Microsoft Visual Studio\2019\BuildTools\Common7\IDE\CommonExtensions\Microsoft\ProjectServices\PSHOST.exe.config
[1a64:0017][2019-09-25T22:13:29] Completed: Copying file /PSHOST.exe.config to C:\Program Files (x86)\Microsoft Visual Studio\2019\BuildTools\Common7\IDE\CommonExtensions\Microsoft\ProjectServices\PSHOST.exe.config
[1a64:0017][2019-09-25T22:13:29] Timestamp updated for file 'C:\Program Files (x86)\Microsoft Visual Studio\2019\BuildTools\Common7\IDE\CommonExtensions\Microsoft\ProjectServices\PSHOST.exe.config'.
[1a64:0017][2019-09-25T22:13:29] Processing file /extension.vsixmanifest
[1a64:0017][2019-09-25T22:13:29] Started: Copying file /extension.vsixmanifest to C:\Program Files (x86)\Microsoft Visual Studio\2019\BuildTools\Common7\IDE\CommonExtensions\Microsoft\ProjectServices\extension.vsixmanifest
[1a64:0017][2019-09-25T22:13:29] Completed: Copying file /extension.vsixmanifest to C:\Program Files (x86)\Microsoft Visual Studio\2019\BuildTools\Common7\IDE\CommonExtensions\Microsoft\ProjectServices\extension.vsixmanifest
[1a64:0017][2019-09-25T22:13:29] Timestamp updated for file 'C:\Program Files (x86)\Microsoft Visual Studio\2019\BuildTools\Common7\IDE\CommonExtensions\Microsoft\ProjectServices\extension.vsixmanifest'.
[1a64:0017][2019-09-25T22:13:29] Package executed successfully. Return code: 0
