[1a64:0017][2019-09-25T22:10:55] Opening the package for processing
[1a64:0017][2019-09-25T22:10:55] Using package payload to get the embedded manifest
[1a64:0017][2019-09-25T22:10:55] Getting list of files within the package
[1a64:0017][2019-09-25T22:10:55] Processing file /Contents/Common7/Tools/LaunchDevCmd.bat
[1a64:0017][2019-09-25T22:10:55] Started: Copying file /Contents/Common7/Tools/LaunchDevCmd.bat to C:\Program Files (x86)\Microsoft Visual Studio\2019\BuildTools\Common7\Tools\LaunchDevCmd.bat
[1a64:0017][2019-09-25T22:10:55] Completed: Copying file /Contents/Common7/Tools/LaunchDevCmd.bat to C:\Program Files (x86)\Microsoft Visual Studio\2019\BuildTools\Common7\Tools\LaunchDevCmd.bat
[1a64:0017][2019-09-25T22:10:55] Timestamp updated for file 'C:\Program Files (x86)\Microsoft Visual Studio\2019\BuildTools\Common7\Tools\LaunchDevCmd.bat'.
[1a64:0017][2019-09-25T22:10:55] Processing file /Contents/Common7/Tools/Microsoft.VisualStudio.DevShell.dll
[1a64:0017][2019-09-25T22:10:55] Started: Copying file /Contents/Common7/Tools/Microsoft.VisualStudio.DevShell.dll to C:\Program Files (x86)\Microsoft Visual Studio\2019\BuildTools\Common7\Tools\Microsoft.VisualStudio.DevShell.dll
[1a64:0017][2019-09-25T22:10:55] Completed: Copying file /Contents/Common7/Tools/Microsoft.VisualStudio.DevShell.dll to C:\Program Files (x86)\Microsoft Visual Studio\2019\BuildTools\Common7\Tools\Microsoft.VisualStudio.DevShell.dll
[1a64:0017][2019-09-25T22:10:55] Timestamp updated for file 'C:\Program Files (x86)\Microsoft Visual Studio\2019\BuildTools\Common7\Tools\Microsoft.VisualStudio.DevShell.dll'.
[1a64:0017][2019-09-25T22:10:55] Processing file /Contents/Common7/Tools/VsDevCmd.bat
[1a64:0017][2019-09-25T22:10:55] Started: Copying file /Contents/Common7/Tools/VsDevCmd.bat to C:\Program Files (x86)\Microsoft Visual Studio\2019\BuildTools\Common7\Tools\VsDevCmd.bat
[1a64:0017][2019-09-25T22:10:55] Completed: Copying file /Contents/Common7/Tools/VsDevCmd.bat to C:\Program Files (x86)\Microsoft Visual Studio\2019\BuildTools\Common7\Tools\VsDevCmd.bat
[1a64:0017][2019-09-25T22:10:55] Timestamp updated for file 'C:\Program Files (x86)\Microsoft Visual Studio\2019\BuildTools\Common7\Tools\VsDevCmd.bat'.
[1a64:0017][2019-09-25T22:10:55] Processing file /Contents/Common7/Tools/vsdevcmd/core/parse_cmd.bat
[1a64:0017][2019-09-25T22:10:55] Started: Copying file /Contents/Common7/Tools/vsdevcmd/core/parse_cmd.bat to C:\Program Files (x86)\Microsoft Visual Studio\2019\BuildTools\Common7\Tools\vsdevcmd\core\parse_cmd.bat
[1a64:0017][2019-09-25T22:10:55] Completed: Copying file /Contents/Common7/Tools/vsdevcmd/core/parse_cmd.bat to C:\Program Files (x86)\Microsoft Visual Studio\2019\BuildTools\Common7\Tools\vsdevcmd\core\parse_cmd.bat
[1a64:0017][2019-09-25T22:10:55] Timestamp updated for file 'C:\Program Files (x86)\Microsoft Visual Studio\2019\BuildTools\Common7\Tools\vsdevcmd\core\parse_cmd.bat'.
[1a64:0017][2019-09-25T22:10:55] Processing file /Contents/Common7/Tools/vsdevcmd/core/vsdevcmd_end.bat
[1a64:0017][2019-09-25T22:10:55] Started: Copying file /Contents/Common7/Tools/vsdevcmd/core/vsdevcmd_end.bat to C:\Program Files (x86)\Microsoft Visual Studio\2019\BuildTools\Common7\Tools\vsdevcmd\core\vsdevcmd_end.bat
[1a64:0017][2019-09-25T22:10:55] Completed: Copying file /Contents/Common7/Tools/vsdevcmd/core/vsdevcmd_end.bat to C:\Program Files (x86)\Microsoft Visual Studio\2019\BuildTools\Common7\Tools\vsdevcmd\core\vsdevcmd_end.bat
[1a64:0017][2019-09-25T22:10:55] Timestamp updated for file 'C:\Program Files (x86)\Microsoft Visual Studio\2019\BuildTools\Common7\Tools\vsdevcmd\core\vsdevcmd_end.bat'.
[1a64:0017][2019-09-25T22:10:55] Processing file /Contents/Common7/Tools/vsdevcmd/core/vsdevcmd_start.bat
[1a64:0017][2019-09-25T22:10:55] Started: Copying file /Contents/Common7/Tools/vsdevcmd/core/vsdevcmd_start.bat to C:\Program Files (x86)\Microsoft Visual Studio\2019\BuildTools\Common7\Tools\vsdevcmd\core\vsdevcmd_start.bat
[1a64:0017][2019-09-25T22:10:55] Completed: Copying file /Contents/Common7/Tools/vsdevcmd/core/vsdevcmd_start.bat to C:\Program Files (x86)\Microsoft Visual Studio\2019\BuildTools\Common7\Tools\vsdevcmd\core\vsdevcmd_start.bat
[1a64:0017][2019-09-25T22:10:55] Timestamp updated for file 'C:\Program Files (x86)\Microsoft Visual Studio\2019\BuildTools\Common7\Tools\vsdevcmd\core\vsdevcmd_start.bat'.
[1a64:0017][2019-09-25T22:10:55] Processing file /Contents/Common7/Tools/VsMSBuildCmd.bat
[1a64:0017][2019-09-25T22:10:55] Started: Copying file /Contents/Common7/Tools/VsMSBuildCmd.bat to C:\Program Files (x86)\Microsoft Visual Studio\2019\BuildTools\Common7\Tools\VsMSBuildCmd.bat
[1a64:0017][2019-09-25T22:10:55] Completed: Copying file /Contents/Common7/Tools/VsMSBuildCmd.bat to C:\Program Files (x86)\Microsoft Visual Studio\2019\BuildTools\Common7\Tools\VsMSBuildCmd.bat
[1a64:0017][2019-09-25T22:10:55] Timestamp updated for file 'C:\Program Files (x86)\Microsoft Visual Studio\2019\BuildTools\Common7\Tools\VsMSBuildCmd.bat'.
[1a64:0017][2019-09-25T22:10:55] Package executed successfully. Return code: 0
