[1a64:0017][2019-09-25T22:13:47] Opening the package for processing
[1a64:0017][2019-09-25T22:13:47] Using package payload to get the embedded manifest
[1a64:0017][2019-09-25T22:13:47] Getting list of files within the package
[1a64:0017][2019-09-25T22:13:47] Processing file /catalog.json
[1a64:0017][2019-09-25T22:13:47] Started: Copying file /catalog.json to C:\Program Files (x86)\Microsoft Visual Studio\2019\BuildTools\Common7\IDE\CommonExtensions\Microsoft\Project\catalog.json
[1a64:0017][2019-09-25T22:13:47] Completed: Copying file /catalog.json to C:\Program Files (x86)\Microsoft Visual Studio\2019\BuildTools\Common7\IDE\CommonExtensions\Microsoft\Project\catalog.json
[1a64:0017][2019-09-25T22:13:47] Timestamp updated for file 'C:\Program Files (x86)\Microsoft Visual Studio\2019\BuildTools\Common7\IDE\CommonExtensions\Microsoft\Project\catalog.json'.
[1a64:0017][2019-09-25T22:13:47] Processing file /codesharingproj.pkgdef
[1a64:0017][2019-09-25T22:13:47] Started: Copying file /codesharingproj.pkgdef to C:\Program Files (x86)\Microsoft Visual Studio\2019\BuildTools\Common7\IDE\CommonExtensions\Microsoft\Project\codesharingproj.pkgdef
[1a64:0017][2019-09-25T22:13:47] Completed: Copying file /codesharingproj.pkgdef to C:\Program Files (x86)\Microsoft Visual Studio\2019\BuildTools\Common7\IDE\CommonExtensions\Microsoft\Project\codesharingproj.pkgdef
[1a64:0017][2019-09-25T22:13:47] Timestamp updated for file 'C:\Program Files (x86)\Microsoft Visual Studio\2019\BuildTools\Common7\IDE\CommonExtensions\Microsoft\Project\codesharingproj.pkgdef'.
[1a64:0017][2019-09-25T22:13:47] Processing file /cs/Microsoft.VisualStudio.ProjectSystem.Implementation.resources.dll
[1a64:0017][2019-09-25T22:13:47] Started: Copying file /cs/Microsoft.VisualStudio.ProjectSystem.Implementation.resources.dll to C:\Program Files (x86)\Microsoft Visual Studio\2019\BuildTools\Common7\IDE\CommonExtensions\Microsoft\Project\cs\Microsoft.VisualStudio.ProjectSystem.Implementation.resources.dll
[1a64:0017][2019-09-25T22:13:47] Completed: Copying file /cs/Microsoft.VisualStudio.ProjectSystem.Implementation.resources.dll to C:\Program Files (x86)\Microsoft Visual Studio\2019\BuildTools\Common7\IDE\CommonExtensions\Microsoft\Project\cs\Microsoft.VisualStudio.ProjectSystem.Implementation.resources.dll
[1a64:0017][2019-09-25T22:13:47] Timestamp updated for file 'C:\Program Files (x86)\Microsoft Visual Studio\2019\BuildTools\Common7\IDE\CommonExtensions\Microsoft\Project\cs\Microsoft.VisualStudio.ProjectSystem.Implementation.resources.dll'.
[1a64:0017][2019-09-25T22:13:47] Queueing C:\Program Files (x86)\Microsoft Visual Studio\2019\BuildTools\Common7\IDE\CommonExtensions\Microsoft\Project\cs\Microsoft.VisualStudio.ProjectSystem.Implementation.resources.dll for X86 ngen
[1a64:0017][2019-09-25T22:13:47] Successfully queued file '/cs/Microsoft.VisualStudio.ProjectSystem.Implementation.resources.dll' for ngen
[1a64:0017][2019-09-25T22:13:47] Processing file /cs/Microsoft.VisualStudio.ProjectSystem.resources.dll
[1a64:0017][2019-09-25T22:13:47] Started: Copying file /cs/Microsoft.VisualStudio.ProjectSystem.resources.dll to C:\Program Files (x86)\Microsoft Visual Studio\2019\BuildTools\Common7\IDE\CommonExtensions\Microsoft\Project\cs\Microsoft.VisualStudio.ProjectSystem.resources.dll
[1a64:0017][2019-09-25T22:13:47] Completed: Copying file /cs/Microsoft.VisualStudio.ProjectSystem.resources.dll to C:\Program Files (x86)\Microsoft Visual Studio\2019\BuildTools\Common7\IDE\CommonExtensions\Microsoft\Project\cs\Microsoft.VisualStudio.ProjectSystem.resources.dll
[1a64:0017][2019-09-25T22:13:47] Timestamp updated for file 'C:\Program Files (x86)\Microsoft Visual Studio\2019\BuildTools\Common7\IDE\CommonExtensions\Microsoft\Project\cs\Microsoft.VisualStudio.ProjectSystem.resources.dll'.
[1a64:0017][2019-09-25T22:13:47] Queueing C:\Program Files (x86)\Microsoft Visual Studio\2019\BuildTools\Common7\IDE\CommonExtensions\Microsoft\Project\cs\Microsoft.VisualStudio.ProjectSystem.resources.dll for X86 ngen
[1a64:0017][2019-09-25T22:13:47] Successfully queued file '/cs/Microsoft.VisualStudio.ProjectSystem.resources.dll' for ngen
[1a64:0017][2019-09-25T22:13:47] Processing file /cs/Microsoft.VisualStudio.ProjectSystem.VS.Implementation.resources.dll
[1a64:0017][2019-09-25T22:13:47] Started: Copying file /cs/Microsoft.VisualStudio.ProjectSystem.VS.Implementation.resources.dll to C:\Program Files (x86)\Microsoft Visual Studio\2019\BuildTools\Common7\IDE\CommonExtensions\Microsoft\Project\cs\Microsoft.VisualStudio.ProjectSystem.VS.Implementation.resources.dll
[1a64:0017][2019-09-25T22:13:47] Completed: Copying file /cs/Microsoft.VisualStudio.ProjectSystem.VS.Implementation.resources.dll to C:\Program Files (x86)\Microsoft Visual Studio\2019\BuildTools\Common7\IDE\CommonExtensions\Microsoft\Project\cs\Microsoft.VisualStudio.ProjectSystem.VS.Implementation.resources.dll
[1a64:0017][2019-09-25T22:13:47] Timestamp updated for file 'C:\Program Files (x86)\Microsoft Visual Studio\2019\BuildTools\Common7\IDE\CommonExtensions\Microsoft\Project\cs\Microsoft.VisualStudio.ProjectSystem.VS.Implementation.resources.dll'.
[1a64:0017][2019-09-25T22:13:47] Queueing C:\Program Files (x86)\Microsoft Visual Studio\2019\BuildTools\Common7\IDE\CommonExtensions\Microsoft\Project\cs\Microsoft.VisualStudio.ProjectSystem.VS.Implementation.resources.dll for X86 ngen
[1a64:0017][2019-09-25T22:13:47] Successfully queued file '/cs/Microsoft.VisualStudio.ProjectSystem.VS.Implementation.resources.dll' for ngen
[1a64:0017][2019-09-25T22:13:47] Processing file /de/Microsoft.VisualStudio.ProjectSystem.Implementation.resources.dll
[1a64:0017][2019-09-25T22:13:47] Started: Copying file /de/Microsoft.VisualStudio.ProjectSystem.Implementation.resources.dll to C:\Program Files (x86)\Microsoft Visual Studio\2019\BuildTools\Common7\IDE\CommonExtensions\Microsoft\Project\de\Microsoft.VisualStudio.ProjectSystem.Implementation.resources.dll
[1a64:0017][2019-09-25T22:13:47] Completed: Copying file /de/Microsoft.VisualStudio.ProjectSystem.Implementation.resources.dll to C:\Program Files (x86)\Microsoft Visual Studio\2019\BuildTools\Common7\IDE\CommonExtensions\Microsoft\Project\de\Microsoft.VisualStudio.ProjectSystem.Implementation.resources.dll
[1a64:0017][2019-09-25T22:13:47] Timestamp updated for file 'C:\Program Files (x86)\Microsoft Visual Studio\2019\BuildTools\Common7\IDE\CommonExtensions\Microsoft\Project\de\Microsoft.VisualStudio.ProjectSystem.Implementation.resources.dll'.
[1a64:0017][2019-09-25T22:13:47] Queueing C:\Program Files (x86)\Microsoft Visual Studio\2019\BuildTools\Common7\IDE\CommonExtensions\Microsoft\Project\de\Microsoft.VisualStudio.ProjectSystem.Implementation.resources.dll for X86 ngen
[1a64:0017][2019-09-25T22:13:47] Successfully queued file '/de/Microsoft.VisualStudio.ProjectSystem.Implementation.resources.dll' for ngen
[1a64:0017][2019-09-25T22:13:47] Processing file /de/Microsoft.VisualStudio.ProjectSystem.resources.dll
[1a64:0017][2019-09-25T22:13:47] Started: Copying file /de/Microsoft.VisualStudio.ProjectSystem.resources.dll to C:\Program Files (x86)\Microsoft Visual Studio\2019\BuildTools\Common7\IDE\CommonExtensions\Microsoft\Project\de\Microsoft.VisualStudio.ProjectSystem.resources.dll
[1a64:0017][2019-09-25T22:13:47] Completed: Copying file /de/Microsoft.VisualStudio.ProjectSystem.resources.dll to C:\Program Files (x86)\Microsoft Visual Studio\2019\BuildTools\Common7\IDE\CommonExtensions\Microsoft\Project\de\Microsoft.VisualStudio.ProjectSystem.resources.dll
[1a64:0017][2019-09-25T22:13:47] Timestamp updated for file 'C:\Program Files (x86)\Microsoft Visual Studio\2019\BuildTools\Common7\IDE\CommonExtensions\Microsoft\Project\de\Microsoft.VisualStudio.ProjectSystem.resources.dll'.
[1a64:0017][2019-09-25T22:13:47] Queueing C:\Program Files (x86)\Microsoft Visual Studio\2019\BuildTools\Common7\IDE\CommonExtensions\Microsoft\Project\de\Microsoft.VisualStudio.ProjectSystem.resources.dll for X86 ngen
[1a64:0017][2019-09-25T22:13:47] Successfully queued file '/de/Microsoft.VisualStudio.ProjectSystem.resources.dll' for ngen
[1a64:0017][2019-09-25T22:13:47] Processing file /de/Microsoft.VisualStudio.ProjectSystem.VS.Implementation.resources.dll
[1a64:0017][2019-09-25T22:13:47] Started: Copying file /de/Microsoft.VisualStudio.ProjectSystem.VS.Implementation.resources.dll to C:\Program Files (x86)\Microsoft Visual Studio\2019\BuildTools\Common7\IDE\CommonExtensions\Microsoft\Project\de\Microsoft.VisualStudio.ProjectSystem.VS.Implementation.resources.dll
[1a64:0017][2019-09-25T22:13:47] Completed: Copying file /de/Microsoft.VisualStudio.ProjectSystem.VS.Implementation.resources.dll to C:\Program Files (x86)\Microsoft Visual Studio\2019\BuildTools\Common7\IDE\CommonExtensions\Microsoft\Project\de\Microsoft.VisualStudio.ProjectSystem.VS.Implementation.resources.dll
[1a64:0017][2019-09-25T22:13:47] Timestamp updated for file 'C:\Program Files (x86)\Microsoft Visual Studio\2019\BuildTools\Common7\IDE\CommonExtensions\Microsoft\Project\de\Microsoft.VisualStudio.ProjectSystem.VS.Implementation.resources.dll'.
[1a64:0017][2019-09-25T22:13:47] Queueing C:\Program Files (x86)\Microsoft Visual Studio\2019\BuildTools\Common7\IDE\CommonExtensions\Microsoft\Project\de\Microsoft.VisualStudio.ProjectSystem.VS.Implementation.resources.dll for X86 ngen
[1a64:0017][2019-09-25T22:13:47] Successfully queued file '/de/Microsoft.VisualStudio.ProjectSystem.VS.Implementation.resources.dll' for ngen
[1a64:0017][2019-09-25T22:13:47] Processing file /es/Microsoft.VisualStudio.ProjectSystem.Implementation.resources.dll
[1a64:0017][2019-09-25T22:13:47] Started: Copying file /es/Microsoft.VisualStudio.ProjectSystem.Implementation.resources.dll to C:\Program Files (x86)\Microsoft Visual Studio\2019\BuildTools\Common7\IDE\CommonExtensions\Microsoft\Project\es\Microsoft.VisualStudio.ProjectSystem.Implementation.resources.dll
[1a64:0017][2019-09-25T22:13:47] Completed: Copying file /es/Microsoft.VisualStudio.ProjectSystem.Implementation.resources.dll to C:\Program Files (x86)\Microsoft Visual Studio\2019\BuildTools\Common7\IDE\CommonExtensions\Microsoft\Project\es\Microsoft.VisualStudio.ProjectSystem.Implementation.resources.dll
[1a64:0017][2019-09-25T22:13:47] Timestamp updated for file 'C:\Program Files (x86)\Microsoft Visual Studio\2019\BuildTools\Common7\IDE\CommonExtensions\Microsoft\Project\es\Microsoft.VisualStudio.ProjectSystem.Implementation.resources.dll'.
[1a64:0017][2019-09-25T22:13:47] Queueing C:\Program Files (x86)\Microsoft Visual Studio\2019\BuildTools\Common7\IDE\CommonExtensions\Microsoft\Project\es\Microsoft.VisualStudio.ProjectSystem.Implementation.resources.dll for X86 ngen
[1a64:0017][2019-09-25T22:13:47] Successfully queued file '/es/Microsoft.VisualStudio.ProjectSystem.Implementation.resources.dll' for ngen
[1a64:0017][2019-09-25T22:13:47] Processing file /es/Microsoft.VisualStudio.ProjectSystem.resources.dll
[1a64:0017][2019-09-25T22:13:47] Started: Copying file /es/Microsoft.VisualStudio.ProjectSystem.resources.dll to C:\Program Files (x86)\Microsoft Visual Studio\2019\BuildTools\Common7\IDE\CommonExtensions\Microsoft\Project\es\Microsoft.VisualStudio.ProjectSystem.resources.dll
[1a64:0017][2019-09-25T22:13:47] Completed: Copying file /es/Microsoft.VisualStudio.ProjectSystem.resources.dll to C:\Program Files (x86)\Microsoft Visual Studio\2019\BuildTools\Common7\IDE\CommonExtensions\Microsoft\Project\es\Microsoft.VisualStudio.ProjectSystem.resources.dll
[1a64:0017][2019-09-25T22:13:47] Timestamp updated for file 'C:\Program Files (x86)\Microsoft Visual Studio\2019\BuildTools\Common7\IDE\CommonExtensions\Microsoft\Project\es\Microsoft.VisualStudio.ProjectSystem.resources.dll'.
[1a64:0017][2019-09-25T22:13:47] Queueing C:\Program Files (x86)\Microsoft Visual Studio\2019\BuildTools\Common7\IDE\CommonExtensions\Microsoft\Project\es\Microsoft.VisualStudio.ProjectSystem.resources.dll for X86 ngen
[1a64:0017][2019-09-25T22:13:47] Successfully queued file '/es/Microsoft.VisualStudio.ProjectSystem.resources.dll' for ngen
[1a64:0017][2019-09-25T22:13:47] Processing file /es/Microsoft.VisualStudio.ProjectSystem.VS.Implementation.resources.dll
[1a64:0017][2019-09-25T22:13:47] Started: Copying file /es/Microsoft.VisualStudio.ProjectSystem.VS.Implementation.resources.dll to C:\Program Files (x86)\Microsoft Visual Studio\2019\BuildTools\Common7\IDE\CommonExtensions\Microsoft\Project\es\Microsoft.VisualStudio.ProjectSystem.VS.Implementation.resources.dll
[1a64:0017][2019-09-25T22:13:47] Completed: Copying file /es/Microsoft.VisualStudio.ProjectSystem.VS.Implementation.resources.dll to C:\Program Files (x86)\Microsoft Visual Studio\2019\BuildTools\Common7\IDE\CommonExtensions\Microsoft\Project\es\Microsoft.VisualStudio.ProjectSystem.VS.Implementation.resources.dll
[1a64:0017][2019-09-25T22:13:47] Timestamp updated for file 'C:\Program Files (x86)\Microsoft Visual Studio\2019\BuildTools\Common7\IDE\CommonExtensions\Microsoft\Project\es\Microsoft.VisualStudio.ProjectSystem.VS.Implementation.resources.dll'.
[1a64:0017][2019-09-25T22:13:47] Queueing C:\Program Files (x86)\Microsoft Visual Studio\2019\BuildTools\Common7\IDE\CommonExtensions\Microsoft\Project\es\Microsoft.VisualStudio.ProjectSystem.VS.Implementation.resources.dll for X86 ngen
[1a64:0017][2019-09-25T22:13:47] Successfully queued file '/es/Microsoft.VisualStudio.ProjectSystem.VS.Implementation.resources.dll' for ngen
[1a64:0017][2019-09-25T22:13:47] Processing file /fr/Microsoft.VisualStudio.ProjectSystem.Implementation.resources.dll
[1a64:0017][2019-09-25T22:13:47] Started: Copying file /fr/Microsoft.VisualStudio.ProjectSystem.Implementation.resources.dll to C:\Program Files (x86)\Microsoft Visual Studio\2019\BuildTools\Common7\IDE\CommonExtensions\Microsoft\Project\fr\Microsoft.VisualStudio.ProjectSystem.Implementation.resources.dll
[1a64:0017][2019-09-25T22:13:47] Completed: Copying file /fr/Microsoft.VisualStudio.ProjectSystem.Implementation.resources.dll to C:\Program Files (x86)\Microsoft Visual Studio\2019\BuildTools\Common7\IDE\CommonExtensions\Microsoft\Project\fr\Microsoft.VisualStudio.ProjectSystem.Implementation.resources.dll
[1a64:0017][2019-09-25T22:13:47] Timestamp updated for file 'C:\Program Files (x86)\Microsoft Visual Studio\2019\BuildTools\Common7\IDE\CommonExtensions\Microsoft\Project\fr\Microsoft.VisualStudio.ProjectSystem.Implementation.resources.dll'.
[1a64:0017][2019-09-25T22:13:47] Queueing C:\Program Files (x86)\Microsoft Visual Studio\2019\BuildTools\Common7\IDE\CommonExtensions\Microsoft\Project\fr\Microsoft.VisualStudio.ProjectSystem.Implementation.resources.dll for X86 ngen
[1a64:0017][2019-09-25T22:13:47] Successfully queued file '/fr/Microsoft.VisualStudio.ProjectSystem.Implementation.resources.dll' for ngen
[1a64:0017][2019-09-25T22:13:47] Processing file /fr/Microsoft.VisualStudio.ProjectSystem.resources.dll
[1a64:0017][2019-09-25T22:13:47] Started: Copying file /fr/Microsoft.VisualStudio.ProjectSystem.resources.dll to C:\Program Files (x86)\Microsoft Visual Studio\2019\BuildTools\Common7\IDE\CommonExtensions\Microsoft\Project\fr\Microsoft.VisualStudio.ProjectSystem.resources.dll
[1a64:0017][2019-09-25T22:13:47] Completed: Copying file /fr/Microsoft.VisualStudio.ProjectSystem.resources.dll to C:\Program Files (x86)\Microsoft Visual Studio\2019\BuildTools\Common7\IDE\CommonExtensions\Microsoft\Project\fr\Microsoft.VisualStudio.ProjectSystem.resources.dll
[1a64:0017][2019-09-25T22:13:47] Timestamp updated for file 'C:\Program Files (x86)\Microsoft Visual Studio\2019\BuildTools\Common7\IDE\CommonExtensions\Microsoft\Project\fr\Microsoft.VisualStudio.ProjectSystem.resources.dll'.
[1a64:0017][2019-09-25T22:13:47] Queueing C:\Program Files (x86)\Microsoft Visual Studio\2019\BuildTools\Common7\IDE\CommonExtensions\Microsoft\Project\fr\Microsoft.VisualStudio.ProjectSystem.resources.dll for X86 ngen
[1a64:0017][2019-09-25T22:13:47] Successfully queued file '/fr/Microsoft.VisualStudio.ProjectSystem.resources.dll' for ngen
[1a64:0017][2019-09-25T22:13:47] Processing file /fr/Microsoft.VisualStudio.ProjectSystem.VS.Implementation.resources.dll
[1a64:0017][2019-09-25T22:13:47] Started: Copying file /fr/Microsoft.VisualStudio.ProjectSystem.VS.Implementation.resources.dll to C:\Program Files (x86)\Microsoft Visual Studio\2019\BuildTools\Common7\IDE\CommonExtensions\Microsoft\Project\fr\Microsoft.VisualStudio.ProjectSystem.VS.Implementation.resources.dll
[1a64:0017][2019-09-25T22:13:47] Completed: Copying file /fr/Microsoft.VisualStudio.ProjectSystem.VS.Implementation.resources.dll to C:\Program Files (x86)\Microsoft Visual Studio\2019\BuildTools\Common7\IDE\CommonExtensions\Microsoft\Project\fr\Microsoft.VisualStudio.ProjectSystem.VS.Implementation.resources.dll
[1a64:0017][2019-09-25T22:13:47] Timestamp updated for file 'C:\Program Files (x86)\Microsoft Visual Studio\2019\BuildTools\Common7\IDE\CommonExtensions\Microsoft\Project\fr\Microsoft.VisualStudio.ProjectSystem.VS.Implementation.resources.dll'.
[1a64:0017][2019-09-25T22:13:47] Queueing C:\Program Files (x86)\Microsoft Visual Studio\2019\BuildTools\Common7\IDE\CommonExtensions\Microsoft\Project\fr\Microsoft.VisualStudio.ProjectSystem.VS.Implementation.resources.dll for X86 ngen
[1a64:0017][2019-09-25T22:13:47] Successfully queued file '/fr/Microsoft.VisualStudio.ProjectSystem.VS.Implementation.resources.dll' for ngen
[1a64:0017][2019-09-25T22:13:47] Processing file /it/Microsoft.VisualStudio.ProjectSystem.Implementation.resources.dll
[1a64:0017][2019-09-25T22:13:47] Started: Copying file /it/Microsoft.VisualStudio.ProjectSystem.Implementation.resources.dll to C:\Program Files (x86)\Microsoft Visual Studio\2019\BuildTools\Common7\IDE\CommonExtensions\Microsoft\Project\it\Microsoft.VisualStudio.ProjectSystem.Implementation.resources.dll
[1a64:0017][2019-09-25T22:13:47] Completed: Copying file /it/Microsoft.VisualStudio.ProjectSystem.Implementation.resources.dll to C:\Program Files (x86)\Microsoft Visual Studio\2019\BuildTools\Common7\IDE\CommonExtensions\Microsoft\Project\it\Microsoft.VisualStudio.ProjectSystem.Implementation.resources.dll
[1a64:0017][2019-09-25T22:13:47] Timestamp updated for file 'C:\Program Files (x86)\Microsoft Visual Studio\2019\BuildTools\Common7\IDE\CommonExtensions\Microsoft\Project\it\Microsoft.VisualStudio.ProjectSystem.Implementation.resources.dll'.
[1a64:0017][2019-09-25T22:13:47] Queueing C:\Program Files (x86)\Microsoft Visual Studio\2019\BuildTools\Common7\IDE\CommonExtensions\Microsoft\Project\it\Microsoft.VisualStudio.ProjectSystem.Implementation.resources.dll for X86 ngen
[1a64:0017][2019-09-25T22:13:47] Successfully queued file '/it/Microsoft.VisualStudio.ProjectSystem.Implementation.resources.dll' for ngen
[1a64:0017][2019-09-25T22:13:47] Processing file /it/Microsoft.VisualStudio.ProjectSystem.resources.dll
[1a64:0017][2019-09-25T22:13:47] Started: Copying file /it/Microsoft.VisualStudio.ProjectSystem.resources.dll to C:\Program Files (x86)\Microsoft Visual Studio\2019\BuildTools\Common7\IDE\CommonExtensions\Microsoft\Project\it\Microsoft.VisualStudio.ProjectSystem.resources.dll
[1a64:0017][2019-09-25T22:13:47] Completed: Copying file /it/Microsoft.VisualStudio.ProjectSystem.resources.dll to C:\Program Files (x86)\Microsoft Visual Studio\2019\BuildTools\Common7\IDE\CommonExtensions\Microsoft\Project\it\Microsoft.VisualStudio.ProjectSystem.resources.dll
[1a64:0017][2019-09-25T22:13:47] Timestamp updated for file 'C:\Program Files (x86)\Microsoft Visual Studio\2019\BuildTools\Common7\IDE\CommonExtensions\Microsoft\Project\it\Microsoft.VisualStudio.ProjectSystem.resources.dll'.
[1a64:0017][2019-09-25T22:13:47] Queueing C:\Program Files (x86)\Microsoft Visual Studio\2019\BuildTools\Common7\IDE\CommonExtensions\Microsoft\Project\it\Microsoft.VisualStudio.ProjectSystem.resources.dll for X86 ngen
[1a64:0017][2019-09-25T22:13:47] Successfully queued file '/it/Microsoft.VisualStudio.ProjectSystem.resources.dll' for ngen
[1a64:0017][2019-09-25T22:13:47] Processing file /it/Microsoft.VisualStudio.ProjectSystem.VS.Implementation.resources.dll
[1a64:0017][2019-09-25T22:13:47] Started: Copying file /it/Microsoft.VisualStudio.ProjectSystem.VS.Implementation.resources.dll to C:\Program Files (x86)\Microsoft Visual Studio\2019\BuildTools\Common7\IDE\CommonExtensions\Microsoft\Project\it\Microsoft.VisualStudio.ProjectSystem.VS.Implementation.resources.dll
[1a64:0017][2019-09-25T22:13:47] Completed: Copying file /it/Microsoft.VisualStudio.ProjectSystem.VS.Implementation.resources.dll to C:\Program Files (x86)\Microsoft Visual Studio\2019\BuildTools\Common7\IDE\CommonExtensions\Microsoft\Project\it\Microsoft.VisualStudio.ProjectSystem.VS.Implementation.resources.dll
[1a64:0017][2019-09-25T22:13:47] Timestamp updated for file 'C:\Program Files (x86)\Microsoft Visual Studio\2019\BuildTools\Common7\IDE\CommonExtensions\Microsoft\Project\it\Microsoft.VisualStudio.ProjectSystem.VS.Implementation.resources.dll'.
[1a64:0017][2019-09-25T22:13:47] Queueing C:\Program Files (x86)\Microsoft Visual Studio\2019\BuildTools\Common7\IDE\CommonExtensions\Microsoft\Project\it\Microsoft.VisualStudio.ProjectSystem.VS.Implementation.resources.dll for X86 ngen
[1a64:0017][2019-09-25T22:13:47] Successfully queued file '/it/Microsoft.VisualStudio.ProjectSystem.VS.Implementation.resources.dll' for ngen
[1a64:0017][2019-09-25T22:13:47] Processing file /ja/Microsoft.VisualStudio.ProjectSystem.Implementation.resources.dll
[1a64:0017][2019-09-25T22:13:47] Started: Copying file /ja/Microsoft.VisualStudio.ProjectSystem.Implementation.resources.dll to C:\Program Files (x86)\Microsoft Visual Studio\2019\BuildTools\Common7\IDE\CommonExtensions\Microsoft\Project\ja\Microsoft.VisualStudio.ProjectSystem.Implementation.resources.dll
[1a64:0017][2019-09-25T22:13:47] Completed: Copying file /ja/Microsoft.VisualStudio.ProjectSystem.Implementation.resources.dll to C:\Program Files (x86)\Microsoft Visual Studio\2019\BuildTools\Common7\IDE\CommonExtensions\Microsoft\Project\ja\Microsoft.VisualStudio.ProjectSystem.Implementation.resources.dll
[1a64:0017][2019-09-25T22:13:47] Timestamp updated for file 'C:\Program Files (x86)\Microsoft Visual Studio\2019\BuildTools\Common7\IDE\CommonExtensions\Microsoft\Project\ja\Microsoft.VisualStudio.ProjectSystem.Implementation.resources.dll'.
[1a64:0017][2019-09-25T22:13:47] Queueing C:\Program Files (x86)\Microsoft Visual Studio\2019\BuildTools\Common7\IDE\CommonExtensions\Microsoft\Project\ja\Microsoft.VisualStudio.ProjectSystem.Implementation.resources.dll for X86 ngen
[1a64:0017][2019-09-25T22:13:47] Successfully queued file '/ja/Microsoft.VisualStudio.ProjectSystem.Implementation.resources.dll' for ngen
[1a64:0017][2019-09-25T22:13:47] Processing file /ja/Microsoft.VisualStudio.ProjectSystem.resources.dll
[1a64:0017][2019-09-25T22:13:47] Started: Copying file /ja/Microsoft.VisualStudio.ProjectSystem.resources.dll to C:\Program Files (x86)\Microsoft Visual Studio\2019\BuildTools\Common7\IDE\CommonExtensions\Microsoft\Project\ja\Microsoft.VisualStudio.ProjectSystem.resources.dll
[1a64:0017][2019-09-25T22:13:47] Completed: Copying file /ja/Microsoft.VisualStudio.ProjectSystem.resources.dll to C:\Program Files (x86)\Microsoft Visual Studio\2019\BuildTools\Common7\IDE\CommonExtensions\Microsoft\Project\ja\Microsoft.VisualStudio.ProjectSystem.resources.dll
[1a64:0017][2019-09-25T22:13:47] Timestamp updated for file 'C:\Program Files (x86)\Microsoft Visual Studio\2019\BuildTools\Common7\IDE\CommonExtensions\Microsoft\Project\ja\Microsoft.VisualStudio.ProjectSystem.resources.dll'.
[1a64:0017][2019-09-25T22:13:47] Queueing C:\Program Files (x86)\Microsoft Visual Studio\2019\BuildTools\Common7\IDE\CommonExtensions\Microsoft\Project\ja\Microsoft.VisualStudio.ProjectSystem.resources.dll for X86 ngen
[1a64:0017][2019-09-25T22:13:47] Successfully queued file '/ja/Microsoft.VisualStudio.ProjectSystem.resources.dll' for ngen
[1a64:0017][2019-09-25T22:13:47] Processing file /ja/Microsoft.VisualStudio.ProjectSystem.VS.Implementation.resources.dll
[1a64:0017][2019-09-25T22:13:47] Started: Copying file /ja/Microsoft.VisualStudio.ProjectSystem.VS.Implementation.resources.dll to C:\Program Files (x86)\Microsoft Visual Studio\2019\BuildTools\Common7\IDE\CommonExtensions\Microsoft\Project\ja\Microsoft.VisualStudio.ProjectSystem.VS.Implementation.resources.dll
[1a64:0017][2019-09-25T22:13:47] Completed: Copying file /ja/Microsoft.VisualStudio.ProjectSystem.VS.Implementation.resources.dll to C:\Program Files (x86)\Microsoft Visual Studio\2019\BuildTools\Common7\IDE\CommonExtensions\Microsoft\Project\ja\Microsoft.VisualStudio.ProjectSystem.VS.Implementation.resources.dll
[1a64:0017][2019-09-25T22:13:47] Timestamp updated for file 'C:\Program Files (x86)\Microsoft Visual Studio\2019\BuildTools\Common7\IDE\CommonExtensions\Microsoft\Project\ja\Microsoft.VisualStudio.ProjectSystem.VS.Implementation.resources.dll'.
[1a64:0017][2019-09-25T22:13:47] Queueing C:\Program Files (x86)\Microsoft Visual Studio\2019\BuildTools\Common7\IDE\CommonExtensions\Microsoft\Project\ja\Microsoft.VisualStudio.ProjectSystem.VS.Implementation.resources.dll for X86 ngen
[1a64:0017][2019-09-25T22:13:47] Successfully queued file '/ja/Microsoft.VisualStudio.ProjectSystem.VS.Implementation.resources.dll' for ngen
[1a64:0017][2019-09-25T22:13:47] Processing file /ko/Microsoft.VisualStudio.ProjectSystem.Implementation.resources.dll
[1a64:0017][2019-09-25T22:13:47] Started: Copying file /ko/Microsoft.VisualStudio.ProjectSystem.Implementation.resources.dll to C:\Program Files (x86)\Microsoft Visual Studio\2019\BuildTools\Common7\IDE\CommonExtensions\Microsoft\Project\ko\Microsoft.VisualStudio.ProjectSystem.Implementation.resources.dll
[1a64:0017][2019-09-25T22:13:47] Completed: Copying file /ko/Microsoft.VisualStudio.ProjectSystem.Implementation.resources.dll to C:\Program Files (x86)\Microsoft Visual Studio\2019\BuildTools\Common7\IDE\CommonExtensions\Microsoft\Project\ko\Microsoft.VisualStudio.ProjectSystem.Implementation.resources.dll
[1a64:0017][2019-09-25T22:13:47] Timestamp updated for file 'C:\Program Files (x86)\Microsoft Visual Studio\2019\BuildTools\Common7\IDE\CommonExtensions\Microsoft\Project\ko\Microsoft.VisualStudio.ProjectSystem.Implementation.resources.dll'.
[1a64:0017][2019-09-25T22:13:47] Queueing C:\Program Files (x86)\Microsoft Visual Studio\2019\BuildTools\Common7\IDE\CommonExtensions\Microsoft\Project\ko\Microsoft.VisualStudio.ProjectSystem.Implementation.resources.dll for X86 ngen
[1a64:0017][2019-09-25T22:13:47] Successfully queued file '/ko/Microsoft.VisualStudio.ProjectSystem.Implementation.resources.dll' for ngen
[1a64:0017][2019-09-25T22:13:47] Processing file /ko/Microsoft.VisualStudio.ProjectSystem.resources.dll
[1a64:0017][2019-09-25T22:13:47] Started: Copying file /ko/Microsoft.VisualStudio.ProjectSystem.resources.dll to C:\Program Files (x86)\Microsoft Visual Studio\2019\BuildTools\Common7\IDE\CommonExtensions\Microsoft\Project\ko\Microsoft.VisualStudio.ProjectSystem.resources.dll
[1a64:0017][2019-09-25T22:13:47] Completed: Copying file /ko/Microsoft.VisualStudio.ProjectSystem.resources.dll to C:\Program Files (x86)\Microsoft Visual Studio\2019\BuildTools\Common7\IDE\CommonExtensions\Microsoft\Project\ko\Microsoft.VisualStudio.ProjectSystem.resources.dll
[1a64:0017][2019-09-25T22:13:47] Timestamp updated for file 'C:\Program Files (x86)\Microsoft Visual Studio\2019\BuildTools\Common7\IDE\CommonExtensions\Microsoft\Project\ko\Microsoft.VisualStudio.ProjectSystem.resources.dll'.
[1a64:0017][2019-09-25T22:13:47] Queueing C:\Program Files (x86)\Microsoft Visual Studio\2019\BuildTools\Common7\IDE\CommonExtensions\Microsoft\Project\ko\Microsoft.VisualStudio.ProjectSystem.resources.dll for X86 ngen
[1a64:0017][2019-09-25T22:13:47] Successfully queued file '/ko/Microsoft.VisualStudio.ProjectSystem.resources.dll' for ngen
[1a64:0017][2019-09-25T22:13:47] Processing file /ko/Microsoft.VisualStudio.ProjectSystem.VS.Implementation.resources.dll
[1a64:0017][2019-09-25T22:13:47] Started: Copying file /ko/Microsoft.VisualStudio.ProjectSystem.VS.Implementation.resources.dll to C:\Program Files (x86)\Microsoft Visual Studio\2019\BuildTools\Common7\IDE\CommonExtensions\Microsoft\Project\ko\Microsoft.VisualStudio.ProjectSystem.VS.Implementation.resources.dll
[1a64:0017][2019-09-25T22:13:47] Completed: Copying file /ko/Microsoft.VisualStudio.ProjectSystem.VS.Implementation.resources.dll to C:\Program Files (x86)\Microsoft Visual Studio\2019\BuildTools\Common7\IDE\CommonExtensions\Microsoft\Project\ko\Microsoft.VisualStudio.ProjectSystem.VS.Implementation.resources.dll
[1a64:0017][2019-09-25T22:13:47] Timestamp updated for file 'C:\Program Files (x86)\Microsoft Visual Studio\2019\BuildTools\Common7\IDE\CommonExtensions\Microsoft\Project\ko\Microsoft.VisualStudio.ProjectSystem.VS.Implementation.resources.dll'.
[1a64:0017][2019-09-25T22:13:47] Queueing C:\Program Files (x86)\Microsoft Visual Studio\2019\BuildTools\Common7\IDE\CommonExtensions\Microsoft\Project\ko\Microsoft.VisualStudio.ProjectSystem.VS.Implementation.resources.dll for X86 ngen
[1a64:0017][2019-09-25T22:13:47] Successfully queued file '/ko/Microsoft.VisualStudio.ProjectSystem.VS.Implementation.resources.dll' for ngen
[1a64:0017][2019-09-25T22:13:47] Processing file /manifest.json
[1a64:0017][2019-09-25T22:13:47] Started: Copying file /manifest.json to C:\Program Files (x86)\Microsoft Visual Studio\2019\BuildTools\Common7\IDE\CommonExtensions\Microsoft\Project\manifest.json
[1a64:0017][2019-09-25T22:13:47] Completed: Copying file /manifest.json to C:\Program Files (x86)\Microsoft Visual Studio\2019\BuildTools\Common7\IDE\CommonExtensions\Microsoft\Project\manifest.json
[1a64:0017][2019-09-25T22:13:47] Timestamp updated for file 'C:\Program Files (x86)\Microsoft Visual Studio\2019\BuildTools\Common7\IDE\CommonExtensions\Microsoft\Project\manifest.json'.
[1a64:0017][2019-09-25T22:13:47] Processing file /Microsoft.VisualStudio.Project.VS.Implementation.pkgdef
[1a64:0017][2019-09-25T22:13:47] Started: Copying file /Microsoft.VisualStudio.Project.VS.Implementation.pkgdef to C:\Program Files (x86)\Microsoft Visual Studio\2019\BuildTools\Common7\IDE\CommonExtensions\Microsoft\Project\Microsoft.VisualStudio.Project.VS.Implementation.pkgdef
[1a64:0017][2019-09-25T22:13:47] Completed: Copying file /Microsoft.VisualStudio.Project.VS.Implementation.pkgdef to C:\Program Files (x86)\Microsoft Visual Studio\2019\BuildTools\Common7\IDE\CommonExtensions\Microsoft\Project\Microsoft.VisualStudio.Project.VS.Implementation.pkgdef
[1a64:0017][2019-09-25T22:13:47] Timestamp updated for file 'C:\Program Files (x86)\Microsoft Visual Studio\2019\BuildTools\Common7\IDE\CommonExtensions\Microsoft\Project\Microsoft.VisualStudio.Project.VS.Implementation.pkgdef'.
[1a64:0017][2019-09-25T22:13:47] Processing file /Microsoft.VisualStudio.ProjectSystem.dll
[1a64:0017][2019-09-25T22:13:47] Started: Copying file /Microsoft.VisualStudio.ProjectSystem.dll to C:\Program Files (x86)\Microsoft Visual Studio\2019\BuildTools\Common7\IDE\CommonExtensions\Microsoft\Project\Microsoft.VisualStudio.ProjectSystem.dll
[1a64:0017][2019-09-25T22:13:47] Completed: Copying file /Microsoft.VisualStudio.ProjectSystem.dll to C:\Program Files (x86)\Microsoft Visual Studio\2019\BuildTools\Common7\IDE\CommonExtensions\Microsoft\Project\Microsoft.VisualStudio.ProjectSystem.dll
[1a64:0017][2019-09-25T22:13:47] Timestamp updated for file 'C:\Program Files (x86)\Microsoft Visual Studio\2019\BuildTools\Common7\IDE\CommonExtensions\Microsoft\Project\Microsoft.VisualStudio.ProjectSystem.dll'.
[1a64:0017][2019-09-25T22:13:47] Queueing C:\Program Files (x86)\Microsoft Visual Studio\2019\BuildTools\Common7\IDE\CommonExtensions\Microsoft\Project\Microsoft.VisualStudio.ProjectSystem.dll for X86 ngen
[1a64:0017][2019-09-25T22:13:47] Successfully queued file '/Microsoft.VisualStudio.ProjectSystem.dll' for ngen
[1a64:0017][2019-09-25T22:13:47] Processing file /Microsoft.VisualStudio.ProjectSystem.Implementation.dll
[1a64:0017][2019-09-25T22:13:47] Started: Copying file /Microsoft.VisualStudio.ProjectSystem.Implementation.dll to C:\Program Files (x86)\Microsoft Visual Studio\2019\BuildTools\Common7\IDE\CommonExtensions\Microsoft\Project\Microsoft.VisualStudio.ProjectSystem.Implementation.dll
[1a64:0017][2019-09-25T22:13:47] Completed: Copying file /Microsoft.VisualStudio.ProjectSystem.Implementation.dll to C:\Program Files (x86)\Microsoft Visual Studio\2019\BuildTools\Common7\IDE\CommonExtensions\Microsoft\Project\Microsoft.VisualStudio.ProjectSystem.Implementation.dll
[1a64:0017][2019-09-25T22:13:47] Timestamp updated for file 'C:\Program Files (x86)\Microsoft Visual Studio\2019\BuildTools\Common7\IDE\CommonExtensions\Microsoft\Project\Microsoft.VisualStudio.ProjectSystem.Implementation.dll'.
[1a64:0017][2019-09-25T22:13:47] Queueing C:\Program Files (x86)\Microsoft Visual Studio\2019\BuildTools\Common7\IDE\CommonExtensions\Microsoft\Project\Microsoft.VisualStudio.ProjectSystem.Implementation.dll for X86 ngen
[1a64:0017][2019-09-25T22:13:47] Successfully queued file '/Microsoft.VisualStudio.ProjectSystem.Implementation.dll' for ngen
[1a64:0017][2019-09-25T22:13:47] Processing file /Microsoft.VisualStudio.ProjectSystem.pkgdef
[1a64:0017][2019-09-25T22:13:47] Started: Copying file /Microsoft.VisualStudio.ProjectSystem.pkgdef to C:\Program Files (x86)\Microsoft Visual Studio\2019\BuildTools\Common7\IDE\CommonExtensions\Microsoft\Project\Microsoft.VisualStudio.ProjectSystem.pkgdef
[1a64:0017][2019-09-25T22:13:47] Completed: Copying file /Microsoft.VisualStudio.ProjectSystem.pkgdef to C:\Program Files (x86)\Microsoft Visual Studio\2019\BuildTools\Common7\IDE\CommonExtensions\Microsoft\Project\Microsoft.VisualStudio.ProjectSystem.pkgdef
[1a64:0017][2019-09-25T22:13:47] Timestamp updated for file 'C:\Program Files (x86)\Microsoft Visual Studio\2019\BuildTools\Common7\IDE\CommonExtensions\Microsoft\Project\Microsoft.VisualStudio.ProjectSystem.pkgdef'.
[1a64:0017][2019-09-25T22:13:47] Processing file /Microsoft.VisualStudio.ProjectSystem.VS.dll
[1a64:0017][2019-09-25T22:13:47] Started: Copying file /Microsoft.VisualStudio.ProjectSystem.VS.dll to C:\Program Files (x86)\Microsoft Visual Studio\2019\BuildTools\Common7\IDE\CommonExtensions\Microsoft\Project\Microsoft.VisualStudio.ProjectSystem.VS.dll
[1a64:0017][2019-09-25T22:13:47] Completed: Copying file /Microsoft.VisualStudio.ProjectSystem.VS.dll to C:\Program Files (x86)\Microsoft Visual Studio\2019\BuildTools\Common7\IDE\CommonExtensions\Microsoft\Project\Microsoft.VisualStudio.ProjectSystem.VS.dll
[1a64:0017][2019-09-25T22:13:47] Timestamp updated for file 'C:\Program Files (x86)\Microsoft Visual Studio\2019\BuildTools\Common7\IDE\CommonExtensions\Microsoft\Project\Microsoft.VisualStudio.ProjectSystem.VS.dll'.
[1a64:0017][2019-09-25T22:13:47] Queueing C:\Program Files (x86)\Microsoft Visual Studio\2019\BuildTools\Common7\IDE\CommonExtensions\Microsoft\Project\Microsoft.VisualStudio.ProjectSystem.VS.dll for X86 ngen
[1a64:0017][2019-09-25T22:13:47] Successfully queued file '/Microsoft.VisualStudio.ProjectSystem.VS.dll' for ngen
[1a64:0017][2019-09-25T22:13:47] Processing file /Microsoft.VisualStudio.ProjectSystem.VS.Implementation.dll
[1a64:0017][2019-09-25T22:13:47] Started: Copying file /Microsoft.VisualStudio.ProjectSystem.VS.Implementation.dll to C:\Program Files (x86)\Microsoft Visual Studio\2019\BuildTools\Common7\IDE\CommonExtensions\Microsoft\Project\Microsoft.VisualStudio.ProjectSystem.VS.Implementation.dll
[1a64:0017][2019-09-25T22:13:47] Completed: Copying file /Microsoft.VisualStudio.ProjectSystem.VS.Implementation.dll to C:\Program Files (x86)\Microsoft Visual Studio\2019\BuildTools\Common7\IDE\CommonExtensions\Microsoft\Project\Microsoft.VisualStudio.ProjectSystem.VS.Implementation.dll
[1a64:0017][2019-09-25T22:13:47] Timestamp updated for file 'C:\Program Files (x86)\Microsoft Visual Studio\2019\BuildTools\Common7\IDE\CommonExtensions\Microsoft\Project\Microsoft.VisualStudio.ProjectSystem.VS.Implementation.dll'.
[1a64:0017][2019-09-25T22:13:47] Queueing C:\Program Files (x86)\Microsoft Visual Studio\2019\BuildTools\Common7\IDE\CommonExtensions\Microsoft\Project\Microsoft.VisualStudio.ProjectSystem.VS.Implementation.dll for X86 ngen
[1a64:0017][2019-09-25T22:13:47] Successfully queued file '/Microsoft.VisualStudio.ProjectSystem.VS.Implementation.dll' for ngen
[1a64:0017][2019-09-25T22:13:47] Processing file /msbuildproj.pkgdef
[1a64:0017][2019-09-25T22:13:47] Started: Copying file /msbuildproj.pkgdef to C:\Program Files (x86)\Microsoft Visual Studio\2019\BuildTools\Common7\IDE\CommonExtensions\Microsoft\Project\msbuildproj.pkgdef
[1a64:0017][2019-09-25T22:13:47] Completed: Copying file /msbuildproj.pkgdef to C:\Program Files (x86)\Microsoft Visual Studio\2019\BuildTools\Common7\IDE\CommonExtensions\Microsoft\Project\msbuildproj.pkgdef
[1a64:0017][2019-09-25T22:13:47] Timestamp updated for file 'C:\Program Files (x86)\Microsoft Visual Studio\2019\BuildTools\Common7\IDE\CommonExtensions\Microsoft\Project\msbuildproj.pkgdef'.
[1a64:0017][2019-09-25T22:13:47] Processing file /pl/Microsoft.VisualStudio.ProjectSystem.Implementation.resources.dll
[1a64:0017][2019-09-25T22:13:47] Started: Copying file /pl/Microsoft.VisualStudio.ProjectSystem.Implementation.resources.dll to C:\Program Files (x86)\Microsoft Visual Studio\2019\BuildTools\Common7\IDE\CommonExtensions\Microsoft\Project\pl\Microsoft.VisualStudio.ProjectSystem.Implementation.resources.dll
[1a64:0017][2019-09-25T22:13:47] Completed: Copying file /pl/Microsoft.VisualStudio.ProjectSystem.Implementation.resources.dll to C:\Program Files (x86)\Microsoft Visual Studio\2019\BuildTools\Common7\IDE\CommonExtensions\Microsoft\Project\pl\Microsoft.VisualStudio.ProjectSystem.Implementation.resources.dll
[1a64:0017][2019-09-25T22:13:47] Timestamp updated for file 'C:\Program Files (x86)\Microsoft Visual Studio\2019\BuildTools\Common7\IDE\CommonExtensions\Microsoft\Project\pl\Microsoft.VisualStudio.ProjectSystem.Implementation.resources.dll'.
[1a64:0017][2019-09-25T22:13:47] Queueing C:\Program Files (x86)\Microsoft Visual Studio\2019\BuildTools\Common7\IDE\CommonExtensions\Microsoft\Project\pl\Microsoft.VisualStudio.ProjectSystem.Implementation.resources.dll for X86 ngen
[1a64:0017][2019-09-25T22:13:47] Successfully queued file '/pl/Microsoft.VisualStudio.ProjectSystem.Implementation.resources.dll' for ngen
[1a64:0017][2019-09-25T22:13:47] Processing file /pl/Microsoft.VisualStudio.ProjectSystem.resources.dll
[1a64:0017][2019-09-25T22:13:47] Started: Copying file /pl/Microsoft.VisualStudio.ProjectSystem.resources.dll to C:\Program Files (x86)\Microsoft Visual Studio\2019\BuildTools\Common7\IDE\CommonExtensions\Microsoft\Project\pl\Microsoft.VisualStudio.ProjectSystem.resources.dll
[1a64:0017][2019-09-25T22:13:47] Completed: Copying file /pl/Microsoft.VisualStudio.ProjectSystem.resources.dll to C:\Program Files (x86)\Microsoft Visual Studio\2019\BuildTools\Common7\IDE\CommonExtensions\Microsoft\Project\pl\Microsoft.VisualStudio.ProjectSystem.resources.dll
[1a64:0017][2019-09-25T22:13:47] Timestamp updated for file 'C:\Program Files (x86)\Microsoft Visual Studio\2019\BuildTools\Common7\IDE\CommonExtensions\Microsoft\Project\pl\Microsoft.VisualStudio.ProjectSystem.resources.dll'.
[1a64:0017][2019-09-25T22:13:47] Queueing C:\Program Files (x86)\Microsoft Visual Studio\2019\BuildTools\Common7\IDE\CommonExtensions\Microsoft\Project\pl\Microsoft.VisualStudio.ProjectSystem.resources.dll for X86 ngen
[1a64:0017][2019-09-25T22:13:47] Successfully queued file '/pl/Microsoft.VisualStudio.ProjectSystem.resources.dll' for ngen
[1a64:0017][2019-09-25T22:13:47] Processing file /pl/Microsoft.VisualStudio.ProjectSystem.VS.Implementation.resources.dll
[1a64:0017][2019-09-25T22:13:47] Started: Copying file /pl/Microsoft.VisualStudio.ProjectSystem.VS.Implementation.resources.dll to C:\Program Files (x86)\Microsoft Visual Studio\2019\BuildTools\Common7\IDE\CommonExtensions\Microsoft\Project\pl\Microsoft.VisualStudio.ProjectSystem.VS.Implementation.resources.dll
[1a64:0017][2019-09-25T22:13:47] Completed: Copying file /pl/Microsoft.VisualStudio.ProjectSystem.VS.Implementation.resources.dll to C:\Program Files (x86)\Microsoft Visual Studio\2019\BuildTools\Common7\IDE\CommonExtensions\Microsoft\Project\pl\Microsoft.VisualStudio.ProjectSystem.VS.Implementation.resources.dll
[1a64:0017][2019-09-25T22:13:47] Timestamp updated for file 'C:\Program Files (x86)\Microsoft Visual Studio\2019\BuildTools\Common7\IDE\CommonExtensions\Microsoft\Project\pl\Microsoft.VisualStudio.ProjectSystem.VS.Implementation.resources.dll'.
[1a64:0017][2019-09-25T22:13:47] Queueing C:\Program Files (x86)\Microsoft Visual Studio\2019\BuildTools\Common7\IDE\CommonExtensions\Microsoft\Project\pl\Microsoft.VisualStudio.ProjectSystem.VS.Implementation.resources.dll for X86 ngen
[1a64:0017][2019-09-25T22:13:47] Successfully queued file '/pl/Microsoft.VisualStudio.ProjectSystem.VS.Implementation.resources.dll' for ngen
[1a64:0017][2019-09-25T22:13:47] Processing file /pt-BR/Microsoft.VisualStudio.ProjectSystem.Implementation.resources.dll
[1a64:0017][2019-09-25T22:13:47] Started: Copying file /pt-BR/Microsoft.VisualStudio.ProjectSystem.Implementation.resources.dll to C:\Program Files (x86)\Microsoft Visual Studio\2019\BuildTools\Common7\IDE\CommonExtensions\Microsoft\Project\pt-BR\Microsoft.VisualStudio.ProjectSystem.Implementation.resources.dll
[1a64:0017][2019-09-25T22:13:47] Completed: Copying file /pt-BR/Microsoft.VisualStudio.ProjectSystem.Implementation.resources.dll to C:\Program Files (x86)\Microsoft Visual Studio\2019\BuildTools\Common7\IDE\CommonExtensions\Microsoft\Project\pt-BR\Microsoft.VisualStudio.ProjectSystem.Implementation.resources.dll
[1a64:0017][2019-09-25T22:13:47] Timestamp updated for file 'C:\Program Files (x86)\Microsoft Visual Studio\2019\BuildTools\Common7\IDE\CommonExtensions\Microsoft\Project\pt-BR\Microsoft.VisualStudio.ProjectSystem.Implementation.resources.dll'.
[1a64:0017][2019-09-25T22:13:47] Queueing C:\Program Files (x86)\Microsoft Visual Studio\2019\BuildTools\Common7\IDE\CommonExtensions\Microsoft\Project\pt-BR\Microsoft.VisualStudio.ProjectSystem.Implementation.resources.dll for X86 ngen
[1a64:0017][2019-09-25T22:13:47] Successfully queued file '/pt-BR/Microsoft.VisualStudio.ProjectSystem.Implementation.resources.dll' for ngen
[1a64:0017][2019-09-25T22:13:47] Processing file /pt-BR/Microsoft.VisualStudio.ProjectSystem.resources.dll
[1a64:0017][2019-09-25T22:13:47] Started: Copying file /pt-BR/Microsoft.VisualStudio.ProjectSystem.resources.dll to C:\Program Files (x86)\Microsoft Visual Studio\2019\BuildTools\Common7\IDE\CommonExtensions\Microsoft\Project\pt-BR\Microsoft.VisualStudio.ProjectSystem.resources.dll
[1a64:0017][2019-09-25T22:13:47] Completed: Copying file /pt-BR/Microsoft.VisualStudio.ProjectSystem.resources.dll to C:\Program Files (x86)\Microsoft Visual Studio\2019\BuildTools\Common7\IDE\CommonExtensions\Microsoft\Project\pt-BR\Microsoft.VisualStudio.ProjectSystem.resources.dll
[1a64:0017][2019-09-25T22:13:47] Timestamp updated for file 'C:\Program Files (x86)\Microsoft Visual Studio\2019\BuildTools\Common7\IDE\CommonExtensions\Microsoft\Project\pt-BR\Microsoft.VisualStudio.ProjectSystem.resources.dll'.
[1a64:0017][2019-09-25T22:13:47] Queueing C:\Program Files (x86)\Microsoft Visual Studio\2019\BuildTools\Common7\IDE\CommonExtensions\Microsoft\Project\pt-BR\Microsoft.VisualStudio.ProjectSystem.resources.dll for X86 ngen
[1a64:0017][2019-09-25T22:13:47] Successfully queued file '/pt-BR/Microsoft.VisualStudio.ProjectSystem.resources.dll' for ngen
[1a64:0017][2019-09-25T22:13:47] Processing file /pt-BR/Microsoft.VisualStudio.ProjectSystem.VS.Implementation.resources.dll
[1a64:0017][2019-09-25T22:13:47] Started: Copying file /pt-BR/Microsoft.VisualStudio.ProjectSystem.VS.Implementation.resources.dll to C:\Program Files (x86)\Microsoft Visual Studio\2019\BuildTools\Common7\IDE\CommonExtensions\Microsoft\Project\pt-BR\Microsoft.VisualStudio.ProjectSystem.VS.Implementation.resources.dll
[1a64:0017][2019-09-25T22:13:47] Completed: Copying file /pt-BR/Microsoft.VisualStudio.ProjectSystem.VS.Implementation.resources.dll to C:\Program Files (x86)\Microsoft Visual Studio\2019\BuildTools\Common7\IDE\CommonExtensions\Microsoft\Project\pt-BR\Microsoft.VisualStudio.ProjectSystem.VS.Implementation.resources.dll
[1a64:0017][2019-09-25T22:13:47] Timestamp updated for file 'C:\Program Files (x86)\Microsoft Visual Studio\2019\BuildTools\Common7\IDE\CommonExtensions\Microsoft\Project\pt-BR\Microsoft.VisualStudio.ProjectSystem.VS.Implementation.resources.dll'.
[1a64:0017][2019-09-25T22:13:47] Queueing C:\Program Files (x86)\Microsoft Visual Studio\2019\BuildTools\Common7\IDE\CommonExtensions\Microsoft\Project\pt-BR\Microsoft.VisualStudio.ProjectSystem.VS.Implementation.resources.dll for X86 ngen
[1a64:0017][2019-09-25T22:13:47] Successfully queued file '/pt-BR/Microsoft.VisualStudio.ProjectSystem.VS.Implementation.resources.dll' for ngen
[1a64:0017][2019-09-25T22:13:47] Processing file /ru/Microsoft.VisualStudio.ProjectSystem.Implementation.resources.dll
[1a64:0017][2019-09-25T22:13:47] Started: Copying file /ru/Microsoft.VisualStudio.ProjectSystem.Implementation.resources.dll to C:\Program Files (x86)\Microsoft Visual Studio\2019\BuildTools\Common7\IDE\CommonExtensions\Microsoft\Project\ru\Microsoft.VisualStudio.ProjectSystem.Implementation.resources.dll
[1a64:0017][2019-09-25T22:13:47] Completed: Copying file /ru/Microsoft.VisualStudio.ProjectSystem.Implementation.resources.dll to C:\Program Files (x86)\Microsoft Visual Studio\2019\BuildTools\Common7\IDE\CommonExtensions\Microsoft\Project\ru\Microsoft.VisualStudio.ProjectSystem.Implementation.resources.dll
[1a64:0017][2019-09-25T22:13:47] Timestamp updated for file 'C:\Program Files (x86)\Microsoft Visual Studio\2019\BuildTools\Common7\IDE\CommonExtensions\Microsoft\Project\ru\Microsoft.VisualStudio.ProjectSystem.Implementation.resources.dll'.
[1a64:0017][2019-09-25T22:13:47] Queueing C:\Program Files (x86)\Microsoft Visual Studio\2019\BuildTools\Common7\IDE\CommonExtensions\Microsoft\Project\ru\Microsoft.VisualStudio.ProjectSystem.Implementation.resources.dll for X86 ngen
[1a64:0017][2019-09-25T22:13:47] Successfully queued file '/ru/Microsoft.VisualStudio.ProjectSystem.Implementation.resources.dll' for ngen
[1a64:0017][2019-09-25T22:13:47] Processing file /ru/Microsoft.VisualStudio.ProjectSystem.resources.dll
[1a64:0017][2019-09-25T22:13:47] Started: Copying file /ru/Microsoft.VisualStudio.ProjectSystem.resources.dll to C:\Program Files (x86)\Microsoft Visual Studio\2019\BuildTools\Common7\IDE\CommonExtensions\Microsoft\Project\ru\Microsoft.VisualStudio.ProjectSystem.resources.dll
[1a64:0017][2019-09-25T22:13:47] Completed: Copying file /ru/Microsoft.VisualStudio.ProjectSystem.resources.dll to C:\Program Files (x86)\Microsoft Visual Studio\2019\BuildTools\Common7\IDE\CommonExtensions\Microsoft\Project\ru\Microsoft.VisualStudio.ProjectSystem.resources.dll
[1a64:0017][2019-09-25T22:13:47] Timestamp updated for file 'C:\Program Files (x86)\Microsoft Visual Studio\2019\BuildTools\Common7\IDE\CommonExtensions\Microsoft\Project\ru\Microsoft.VisualStudio.ProjectSystem.resources.dll'.
[1a64:0017][2019-09-25T22:13:47] Queueing C:\Program Files (x86)\Microsoft Visual Studio\2019\BuildTools\Common7\IDE\CommonExtensions\Microsoft\Project\ru\Microsoft.VisualStudio.ProjectSystem.resources.dll for X86 ngen
[1a64:0017][2019-09-25T22:13:47] Successfully queued file '/ru/Microsoft.VisualStudio.ProjectSystem.resources.dll' for ngen
[1a64:0017][2019-09-25T22:13:47] Processing file /ru/Microsoft.VisualStudio.ProjectSystem.VS.Implementation.resources.dll
[1a64:0017][2019-09-25T22:13:47] Started: Copying file /ru/Microsoft.VisualStudio.ProjectSystem.VS.Implementation.resources.dll to C:\Program Files (x86)\Microsoft Visual Studio\2019\BuildTools\Common7\IDE\CommonExtensions\Microsoft\Project\ru\Microsoft.VisualStudio.ProjectSystem.VS.Implementation.resources.dll
[1a64:0017][2019-09-25T22:13:47] Completed: Copying file /ru/Microsoft.VisualStudio.ProjectSystem.VS.Implementation.resources.dll to C:\Program Files (x86)\Microsoft Visual Studio\2019\BuildTools\Common7\IDE\CommonExtensions\Microsoft\Project\ru\Microsoft.VisualStudio.ProjectSystem.VS.Implementation.resources.dll
[1a64:0017][2019-09-25T22:13:47] Timestamp updated for file 'C:\Program Files (x86)\Microsoft Visual Studio\2019\BuildTools\Common7\IDE\CommonExtensions\Microsoft\Project\ru\Microsoft.VisualStudio.ProjectSystem.VS.Implementation.resources.dll'.
[1a64:0017][2019-09-25T22:13:47] Queueing C:\Program Files (x86)\Microsoft Visual Studio\2019\BuildTools\Common7\IDE\CommonExtensions\Microsoft\Project\ru\Microsoft.VisualStudio.ProjectSystem.VS.Implementation.resources.dll for X86 ngen
[1a64:0017][2019-09-25T22:13:47] Successfully queued file '/ru/Microsoft.VisualStudio.ProjectSystem.VS.Implementation.resources.dll' for ngen
[1a64:0017][2019-09-25T22:13:47] Processing file /SharedProjectFilesPackage.pkgdef
[1a64:0017][2019-09-25T22:13:47] Started: Copying file /SharedProjectFilesPackage.pkgdef to C:\Program Files (x86)\Microsoft Visual Studio\2019\BuildTools\Common7\IDE\CommonExtensions\Microsoft\Project\SharedProjectFilesPackage.pkgdef
[1a64:0017][2019-09-25T22:13:47] Completed: Copying file /SharedProjectFilesPackage.pkgdef to C:\Program Files (x86)\Microsoft Visual Studio\2019\BuildTools\Common7\IDE\CommonExtensions\Microsoft\Project\SharedProjectFilesPackage.pkgdef
[1a64:0017][2019-09-25T22:13:47] Timestamp updated for file 'C:\Program Files (x86)\Microsoft Visual Studio\2019\BuildTools\Common7\IDE\CommonExtensions\Microsoft\Project\SharedProjectFilesPackage.pkgdef'.
[1a64:0017][2019-09-25T22:13:47] Processing file /shareproj.ico
[1a64:0017][2019-09-25T22:13:47] Started: Copying file /shareproj.ico to C:\Program Files (x86)\Microsoft Visual Studio\2019\BuildTools\Common7\IDE\CommonExtensions\Microsoft\Project\shareproj.ico
[1a64:0017][2019-09-25T22:13:47] Completed: Copying file /shareproj.ico to C:\Program Files (x86)\Microsoft Visual Studio\2019\BuildTools\Common7\IDE\CommonExtensions\Microsoft\Project\shareproj.ico
[1a64:0017][2019-09-25T22:13:47] Timestamp updated for file 'C:\Program Files (x86)\Microsoft Visual Studio\2019\BuildTools\Common7\IDE\CommonExtensions\Microsoft\Project\shareproj.ico'.
[1a64:0017][2019-09-25T22:13:47] Processing file /tr/Microsoft.VisualStudio.ProjectSystem.Implementation.resources.dll
[1a64:0017][2019-09-25T22:13:47] Started: Copying file /tr/Microsoft.VisualStudio.ProjectSystem.Implementation.resources.dll to C:\Program Files (x86)\Microsoft Visual Studio\2019\BuildTools\Common7\IDE\CommonExtensions\Microsoft\Project\tr\Microsoft.VisualStudio.ProjectSystem.Implementation.resources.dll
[1a64:0017][2019-09-25T22:13:47] Completed: Copying file /tr/Microsoft.VisualStudio.ProjectSystem.Implementation.resources.dll to C:\Program Files (x86)\Microsoft Visual Studio\2019\BuildTools\Common7\IDE\CommonExtensions\Microsoft\Project\tr\Microsoft.VisualStudio.ProjectSystem.Implementation.resources.dll
[1a64:0017][2019-09-25T22:13:47] Timestamp updated for file 'C:\Program Files (x86)\Microsoft Visual Studio\2019\BuildTools\Common7\IDE\CommonExtensions\Microsoft\Project\tr\Microsoft.VisualStudio.ProjectSystem.Implementation.resources.dll'.
[1a64:0017][2019-09-25T22:13:47] Queueing C:\Program Files (x86)\Microsoft Visual Studio\2019\BuildTools\Common7\IDE\CommonExtensions\Microsoft\Project\tr\Microsoft.VisualStudio.ProjectSystem.Implementation.resources.dll for X86 ngen
[1a64:0017][2019-09-25T22:13:47] Successfully queued file '/tr/Microsoft.VisualStudio.ProjectSystem.Implementation.resources.dll' for ngen
[1a64:0017][2019-09-25T22:13:47] Processing file /tr/Microsoft.VisualStudio.ProjectSystem.resources.dll
[1a64:0017][2019-09-25T22:13:47] Started: Copying file /tr/Microsoft.VisualStudio.ProjectSystem.resources.dll to C:\Program Files (x86)\Microsoft Visual Studio\2019\BuildTools\Common7\IDE\CommonExtensions\Microsoft\Project\tr\Microsoft.VisualStudio.ProjectSystem.resources.dll
[1a64:0017][2019-09-25T22:13:47] Completed: Copying file /tr/Microsoft.VisualStudio.ProjectSystem.resources.dll to C:\Program Files (x86)\Microsoft Visual Studio\2019\BuildTools\Common7\IDE\CommonExtensions\Microsoft\Project\tr\Microsoft.VisualStudio.ProjectSystem.resources.dll
[1a64:0017][2019-09-25T22:13:47] Timestamp updated for file 'C:\Program Files (x86)\Microsoft Visual Studio\2019\BuildTools\Common7\IDE\CommonExtensions\Microsoft\Project\tr\Microsoft.VisualStudio.ProjectSystem.resources.dll'.
[1a64:0017][2019-09-25T22:13:47] Queueing C:\Program Files (x86)\Microsoft Visual Studio\2019\BuildTools\Common7\IDE\CommonExtensions\Microsoft\Project\tr\Microsoft.VisualStudio.ProjectSystem.resources.dll for X86 ngen
[1a64:0017][2019-09-25T22:13:47] Successfully queued file '/tr/Microsoft.VisualStudio.ProjectSystem.resources.dll' for ngen
[1a64:0017][2019-09-25T22:13:47] Processing file /tr/Microsoft.VisualStudio.ProjectSystem.VS.Implementation.resources.dll
[1a64:0017][2019-09-25T22:13:47] Started: Copying file /tr/Microsoft.VisualStudio.ProjectSystem.VS.Implementation.resources.dll to C:\Program Files (x86)\Microsoft Visual Studio\2019\BuildTools\Common7\IDE\CommonExtensions\Microsoft\Project\tr\Microsoft.VisualStudio.ProjectSystem.VS.Implementation.resources.dll
[1a64:0017][2019-09-25T22:13:47] Completed: Copying file /tr/Microsoft.VisualStudio.ProjectSystem.VS.Implementation.resources.dll to C:\Program Files (x86)\Microsoft Visual Studio\2019\BuildTools\Common7\IDE\CommonExtensions\Microsoft\Project\tr\Microsoft.VisualStudio.ProjectSystem.VS.Implementation.resources.dll
[1a64:0017][2019-09-25T22:13:47] Timestamp updated for file 'C:\Program Files (x86)\Microsoft Visual Studio\2019\BuildTools\Common7\IDE\CommonExtensions\Microsoft\Project\tr\Microsoft.VisualStudio.ProjectSystem.VS.Implementation.resources.dll'.
[1a64:0017][2019-09-25T22:13:47] Queueing C:\Program Files (x86)\Microsoft Visual Studio\2019\BuildTools\Common7\IDE\CommonExtensions\Microsoft\Project\tr\Microsoft.VisualStudio.ProjectSystem.VS.Implementation.resources.dll for X86 ngen
[1a64:0017][2019-09-25T22:13:47] Successfully queued file '/tr/Microsoft.VisualStudio.ProjectSystem.VS.Implementation.resources.dll' for ngen
[1a64:0017][2019-09-25T22:13:47] Processing file /zh-Hans/Microsoft.VisualStudio.ProjectSystem.Implementation.resources.dll
[1a64:0017][2019-09-25T22:13:47] Started: Copying file /zh-Hans/Microsoft.VisualStudio.ProjectSystem.Implementation.resources.dll to C:\Program Files (x86)\Microsoft Visual Studio\2019\BuildTools\Common7\IDE\CommonExtensions\Microsoft\Project\zh-Hans\Microsoft.VisualStudio.ProjectSystem.Implementation.resources.dll
[1a64:0017][2019-09-25T22:13:47] Completed: Copying file /zh-Hans/Microsoft.VisualStudio.ProjectSystem.Implementation.resources.dll to C:\Program Files (x86)\Microsoft Visual Studio\2019\BuildTools\Common7\IDE\CommonExtensions\Microsoft\Project\zh-Hans\Microsoft.VisualStudio.ProjectSystem.Implementation.resources.dll
[1a64:0017][2019-09-25T22:13:47] Timestamp updated for file 'C:\Program Files (x86)\Microsoft Visual Studio\2019\BuildTools\Common7\IDE\CommonExtensions\Microsoft\Project\zh-Hans\Microsoft.VisualStudio.ProjectSystem.Implementation.resources.dll'.
[1a64:0017][2019-09-25T22:13:47] Queueing C:\Program Files (x86)\Microsoft Visual Studio\2019\BuildTools\Common7\IDE\CommonExtensions\Microsoft\Project\zh-Hans\Microsoft.VisualStudio.ProjectSystem.Implementation.resources.dll for X86 ngen
[1a64:0017][2019-09-25T22:13:47] Successfully queued file '/zh-Hans/Microsoft.VisualStudio.ProjectSystem.Implementation.resources.dll' for ngen
[1a64:0017][2019-09-25T22:13:47] Processing file /zh-Hans/Microsoft.VisualStudio.ProjectSystem.resources.dll
[1a64:0017][2019-09-25T22:13:47] Started: Copying file /zh-Hans/Microsoft.VisualStudio.ProjectSystem.resources.dll to C:\Program Files (x86)\Microsoft Visual Studio\2019\BuildTools\Common7\IDE\CommonExtensions\Microsoft\Project\zh-Hans\Microsoft.VisualStudio.ProjectSystem.resources.dll
[1a64:0017][2019-09-25T22:13:47] Completed: Copying file /zh-Hans/Microsoft.VisualStudio.ProjectSystem.resources.dll to C:\Program Files (x86)\Microsoft Visual Studio\2019\BuildTools\Common7\IDE\CommonExtensions\Microsoft\Project\zh-Hans\Microsoft.VisualStudio.ProjectSystem.resources.dll
[1a64:0017][2019-09-25T22:13:47] Timestamp updated for file 'C:\Program Files (x86)\Microsoft Visual Studio\2019\BuildTools\Common7\IDE\CommonExtensions\Microsoft\Project\zh-Hans\Microsoft.VisualStudio.ProjectSystem.resources.dll'.
[1a64:0017][2019-09-25T22:13:47] Queueing C:\Program Files (x86)\Microsoft Visual Studio\2019\BuildTools\Common7\IDE\CommonExtensions\Microsoft\Project\zh-Hans\Microsoft.VisualStudio.ProjectSystem.resources.dll for X86 ngen
[1a64:0017][2019-09-25T22:13:47] Successfully queued file '/zh-Hans/Microsoft.VisualStudio.ProjectSystem.resources.dll' for ngen
[1a64:0017][2019-09-25T22:13:47] Processing file /zh-Hans/Microsoft.VisualStudio.ProjectSystem.VS.Implementation.resources.dll
[1a64:0017][2019-09-25T22:13:47] Started: Copying file /zh-Hans/Microsoft.VisualStudio.ProjectSystem.VS.Implementation.resources.dll to C:\Program Files (x86)\Microsoft Visual Studio\2019\BuildTools\Common7\IDE\CommonExtensions\Microsoft\Project\zh-Hans\Microsoft.VisualStudio.ProjectSystem.VS.Implementation.resources.dll
[1a64:0017][2019-09-25T22:13:47] Completed: Copying file /zh-Hans/Microsoft.VisualStudio.ProjectSystem.VS.Implementation.resources.dll to C:\Program Files (x86)\Microsoft Visual Studio\2019\BuildTools\Common7\IDE\CommonExtensions\Microsoft\Project\zh-Hans\Microsoft.VisualStudio.ProjectSystem.VS.Implementation.resources.dll
[1a64:0017][2019-09-25T22:13:47] Timestamp updated for file 'C:\Program Files (x86)\Microsoft Visual Studio\2019\BuildTools\Common7\IDE\CommonExtensions\Microsoft\Project\zh-Hans\Microsoft.VisualStudio.ProjectSystem.VS.Implementation.resources.dll'.
[1a64:0017][2019-09-25T22:13:47] Queueing C:\Program Files (x86)\Microsoft Visual Studio\2019\BuildTools\Common7\IDE\CommonExtensions\Microsoft\Project\zh-Hans\Microsoft.VisualStudio.ProjectSystem.VS.Implementation.resources.dll for X86 ngen
[1a64:0017][2019-09-25T22:13:47] Successfully queued file '/zh-Hans/Microsoft.VisualStudio.ProjectSystem.VS.Implementation.resources.dll' for ngen
[1a64:0017][2019-09-25T22:13:47] Processing file /zh-Hant/Microsoft.VisualStudio.ProjectSystem.Implementation.resources.dll
[1a64:0017][2019-09-25T22:13:47] Started: Copying file /zh-Hant/Microsoft.VisualStudio.ProjectSystem.Implementation.resources.dll to C:\Program Files (x86)\Microsoft Visual Studio\2019\BuildTools\Common7\IDE\CommonExtensions\Microsoft\Project\zh-Hant\Microsoft.VisualStudio.ProjectSystem.Implementation.resources.dll
[1a64:0017][2019-09-25T22:13:47] Completed: Copying file /zh-Hant/Microsoft.VisualStudio.ProjectSystem.Implementation.resources.dll to C:\Program Files (x86)\Microsoft Visual Studio\2019\BuildTools\Common7\IDE\CommonExtensions\Microsoft\Project\zh-Hant\Microsoft.VisualStudio.ProjectSystem.Implementation.resources.dll
[1a64:0017][2019-09-25T22:13:47] Timestamp updated for file 'C:\Program Files (x86)\Microsoft Visual Studio\2019\BuildTools\Common7\IDE\CommonExtensions\Microsoft\Project\zh-Hant\Microsoft.VisualStudio.ProjectSystem.Implementation.resources.dll'.
[1a64:0017][2019-09-25T22:13:47] Queueing C:\Program Files (x86)\Microsoft Visual Studio\2019\BuildTools\Common7\IDE\CommonExtensions\Microsoft\Project\zh-Hant\Microsoft.VisualStudio.ProjectSystem.Implementation.resources.dll for X86 ngen
[1a64:0017][2019-09-25T22:13:47] Successfully queued file '/zh-Hant/Microsoft.VisualStudio.ProjectSystem.Implementation.resources.dll' for ngen
[1a64:0017][2019-09-25T22:13:47] Processing file /zh-Hant/Microsoft.VisualStudio.ProjectSystem.resources.dll
[1a64:0017][2019-09-25T22:13:47] Started: Copying file /zh-Hant/Microsoft.VisualStudio.ProjectSystem.resources.dll to C:\Program Files (x86)\Microsoft Visual Studio\2019\BuildTools\Common7\IDE\CommonExtensions\Microsoft\Project\zh-Hant\Microsoft.VisualStudio.ProjectSystem.resources.dll
[1a64:0017][2019-09-25T22:13:47] Completed: Copying file /zh-Hant/Microsoft.VisualStudio.ProjectSystem.resources.dll to C:\Program Files (x86)\Microsoft Visual Studio\2019\BuildTools\Common7\IDE\CommonExtensions\Microsoft\Project\zh-Hant\Microsoft.VisualStudio.ProjectSystem.resources.dll
[1a64:0017][2019-09-25T22:13:47] Timestamp updated for file 'C:\Program Files (x86)\Microsoft Visual Studio\2019\BuildTools\Common7\IDE\CommonExtensions\Microsoft\Project\zh-Hant\Microsoft.VisualStudio.ProjectSystem.resources.dll'.
[1a64:0017][2019-09-25T22:13:47] Queueing C:\Program Files (x86)\Microsoft Visual Studio\2019\BuildTools\Common7\IDE\CommonExtensions\Microsoft\Project\zh-Hant\Microsoft.VisualStudio.ProjectSystem.resources.dll for X86 ngen
[1a64:0017][2019-09-25T22:13:47] Successfully queued file '/zh-Hant/Microsoft.VisualStudio.ProjectSystem.resources.dll' for ngen
[1a64:0017][2019-09-25T22:13:47] Processing file /zh-Hant/Microsoft.VisualStudio.ProjectSystem.VS.Implementation.resources.dll
[1a64:0017][2019-09-25T22:13:47] Started: Copying file /zh-Hant/Microsoft.VisualStudio.ProjectSystem.VS.Implementation.resources.dll to C:\Program Files (x86)\Microsoft Visual Studio\2019\BuildTools\Common7\IDE\CommonExtensions\Microsoft\Project\zh-Hant\Microsoft.VisualStudio.ProjectSystem.VS.Implementation.resources.dll
[1a64:0017][2019-09-25T22:13:47] Completed: Copying file /zh-Hant/Microsoft.VisualStudio.ProjectSystem.VS.Implementation.resources.dll to C:\Program Files (x86)\Microsoft Visual Studio\2019\BuildTools\Common7\IDE\CommonExtensions\Microsoft\Project\zh-Hant\Microsoft.VisualStudio.ProjectSystem.VS.Implementation.resources.dll
[1a64:0017][2019-09-25T22:13:47] Timestamp updated for file 'C:\Program Files (x86)\Microsoft Visual Studio\2019\BuildTools\Common7\IDE\CommonExtensions\Microsoft\Project\zh-Hant\Microsoft.VisualStudio.ProjectSystem.VS.Implementation.resources.dll'.
[1a64:0017][2019-09-25T22:13:47] Queueing C:\Program Files (x86)\Microsoft Visual Studio\2019\BuildTools\Common7\IDE\CommonExtensions\Microsoft\Project\zh-Hant\Microsoft.VisualStudio.ProjectSystem.VS.Implementation.resources.dll for X86 ngen
[1a64:0017][2019-09-25T22:13:47] Successfully queued file '/zh-Hant/Microsoft.VisualStudio.ProjectSystem.VS.Implementation.resources.dll' for ngen
[1a64:0017][2019-09-25T22:13:47] Processing file /extension.vsixmanifest
[1a64:0017][2019-09-25T22:13:47] Started: Copying file /extension.vsixmanifest to C:\Program Files (x86)\Microsoft Visual Studio\2019\BuildTools\Common7\IDE\CommonExtensions\Microsoft\Project\extension.vsixmanifest
[1a64:0017][2019-09-25T22:13:47] Completed: Copying file /extension.vsixmanifest to C:\Program Files (x86)\Microsoft Visual Studio\2019\BuildTools\Common7\IDE\CommonExtensions\Microsoft\Project\extension.vsixmanifest
[1a64:0017][2019-09-25T22:13:47] Timestamp updated for file 'C:\Program Files (x86)\Microsoft Visual Studio\2019\BuildTools\Common7\IDE\CommonExtensions\Microsoft\Project\extension.vsixmanifest'.
[1a64:0017][2019-09-25T22:13:47] Package executed successfully. Return code: 0
