[1a64:0017][2019-09-25T22:13:15] Opening the package for processing
[1a64:0017][2019-09-25T22:13:15] Using package payload to get the embedded manifest
[1a64:0017][2019-09-25T22:13:15] Getting list of files within the package
[1a64:0017][2019-09-25T22:13:15] Processing file /Contents/Common7/IDE/CommonExtensions/Microsoft/ExtensionManager/ServiceModule/extensionManager.serviceHub.service.json
[1a64:0017][2019-09-25T22:13:15] Started: Copying file /Contents/Common7/IDE/CommonExtensions/Microsoft/ExtensionManager/ServiceModule/extensionManager.serviceHub.service.json to C:\Program Files (x86)\Microsoft Visual Studio\2019\BuildTools\Common7\IDE\CommonExtensions\Microsoft\ExtensionManager\ServiceModule\extensionManager.serviceHub.service.json
[1a64:0017][2019-09-25T22:13:15] Completed: Copying file /Contents/Common7/IDE/CommonExtensions/Microsoft/ExtensionManager/ServiceModule/extensionManager.serviceHub.service.json to C:\Program Files (x86)\Microsoft Visual Studio\2019\BuildTools\Common7\IDE\CommonExtensions\Microsoft\ExtensionManager\ServiceModule\extensionManager.serviceHub.service.json
[1a64:0017][2019-09-25T22:13:15] Timestamp updated for file 'C:\Program Files (x86)\Microsoft Visual Studio\2019\BuildTools\Common7\IDE\CommonExtensions\Microsoft\ExtensionManager\ServiceModule\extensionManager.serviceHub.service.json'.
[1a64:0017][2019-09-25T22:13:15] Processing file /Contents/Common7/IDE/CommonExtensions/Microsoft/ExtensionManager/ServiceModule/Microsoft.VisualStudio.ExtensionManager.ServiceModule.dll
[1a64:0017][2019-09-25T22:13:15] Started: Copying file /Contents/Common7/IDE/CommonExtensions/Microsoft/ExtensionManager/ServiceModule/Microsoft.VisualStudio.ExtensionManager.ServiceModule.dll to C:\Program Files (x86)\Microsoft Visual Studio\2019\BuildTools\Common7\IDE\CommonExtensions\Microsoft\ExtensionManager\ServiceModule\Microsoft.VisualStudio.ExtensionManager.ServiceModule.dll
[1a64:0017][2019-09-25T22:13:15] Completed: Copying file /Contents/Common7/IDE/CommonExtensions/Microsoft/ExtensionManager/ServiceModule/Microsoft.VisualStudio.ExtensionManager.ServiceModule.dll to C:\Program Files (x86)\Microsoft Visual Studio\2019\BuildTools\Common7\IDE\CommonExtensions\Microsoft\ExtensionManager\ServiceModule\Microsoft.VisualStudio.ExtensionManager.ServiceModule.dll
[1a64:0017][2019-09-25T22:13:15] Timestamp updated for file 'C:\Program Files (x86)\Microsoft Visual Studio\2019\BuildTools\Common7\IDE\CommonExtensions\Microsoft\ExtensionManager\ServiceModule\Microsoft.VisualStudio.ExtensionManager.ServiceModule.dll'.
[1a64:0017][2019-09-25T22:13:15] Processing file /Contents/Common7/IDE/CommonExtensions/Microsoft/ExtensionManager/ServiceModule/Microsoft.VisualStudio.ExtensionManager.ServiceModule.pkgdef
[1a64:0017][2019-09-25T22:13:15] Started: Copying file /Contents/Common7/IDE/CommonExtensions/Microsoft/ExtensionManager/ServiceModule/Microsoft.VisualStudio.ExtensionManager.ServiceModule.pkgdef to C:\Program Files (x86)\Microsoft Visual Studio\2019\BuildTools\Common7\IDE\CommonExtensions\Microsoft\ExtensionManager\ServiceModule\Microsoft.VisualStudio.ExtensionManager.ServiceModule.pkgdef
[1a64:0017][2019-09-25T22:13:15] Completed: Copying file /Contents/Common7/IDE/CommonExtensions/Microsoft/ExtensionManager/ServiceModule/Microsoft.VisualStudio.ExtensionManager.ServiceModule.pkgdef to C:\Program Files (x86)\Microsoft Visual Studio\2019\BuildTools\Common7\IDE\CommonExtensions\Microsoft\ExtensionManager\ServiceModule\Microsoft.VisualStudio.ExtensionManager.ServiceModule.pkgdef
[1a64:0017][2019-09-25T22:13:15] Timestamp updated for file 'C:\Program Files (x86)\Microsoft Visual Studio\2019\BuildTools\Common7\IDE\CommonExtensions\Microsoft\ExtensionManager\ServiceModule\Microsoft.VisualStudio.ExtensionManager.ServiceModule.pkgdef'.
[1a64:0017][2019-09-25T22:13:15] Processing file /Contents/Common7/IDE/CommonExtensions/Microsoft/ExtensionManager/ServiceModule/offreg.dll
[1a64:0017][2019-09-25T22:13:15] Started: Copying file /Contents/Common7/IDE/CommonExtensions/Microsoft/ExtensionManager/ServiceModule/offreg.dll to C:\Program Files (x86)\Microsoft Visual Studio\2019\BuildTools\Common7\IDE\CommonExtensions\Microsoft\ExtensionManager\ServiceModule\offreg.dll
[1a64:0017][2019-09-25T22:13:15] Completed: Copying file /Contents/Common7/IDE/CommonExtensions/Microsoft/ExtensionManager/ServiceModule/offreg.dll to C:\Program Files (x86)\Microsoft Visual Studio\2019\BuildTools\Common7\IDE\CommonExtensions\Microsoft\ExtensionManager\ServiceModule\offreg.dll
[1a64:0017][2019-09-25T22:13:15] Timestamp updated for file 'C:\Program Files (x86)\Microsoft Visual Studio\2019\BuildTools\Common7\IDE\CommonExtensions\Microsoft\ExtensionManager\ServiceModule\offreg.dll'.
[1a64:0017][2019-09-25T22:13:15] Processing file /Contents/Common7/IDE/CommonExtensions/Microsoft/ExtensionManager/ServiceModule/PkgdefMgmt.dll
[1a64:0017][2019-09-25T22:13:15] Started: Copying file /Contents/Common7/IDE/CommonExtensions/Microsoft/ExtensionManager/ServiceModule/PkgdefMgmt.dll to C:\Program Files (x86)\Microsoft Visual Studio\2019\BuildTools\Common7\IDE\CommonExtensions\Microsoft\ExtensionManager\ServiceModule\PkgdefMgmt.dll
[1a64:0017][2019-09-25T22:13:15] Completed: Copying file /Contents/Common7/IDE/CommonExtensions/Microsoft/ExtensionManager/ServiceModule/PkgdefMgmt.dll to C:\Program Files (x86)\Microsoft Visual Studio\2019\BuildTools\Common7\IDE\CommonExtensions\Microsoft\ExtensionManager\ServiceModule\PkgdefMgmt.dll
[1a64:0017][2019-09-25T22:13:15] Timestamp updated for file 'C:\Program Files (x86)\Microsoft Visual Studio\2019\BuildTools\Common7\IDE\CommonExtensions\Microsoft\ExtensionManager\ServiceModule\PkgdefMgmt.dll'.
[1a64:0017][2019-09-25T22:13:15] Processing file /Contents/Common7/IDE/CommonExtensions/Platform/Shell/CompatibilityList.xml
[1a64:0017][2019-09-25T22:13:15] Started: Copying file /Contents/Common7/IDE/CommonExtensions/Platform/Shell/CompatibilityList.xml to C:\Program Files (x86)\Microsoft Visual Studio\2019\BuildTools\Common7\IDE\CommonExtensions\Platform\Shell\CompatibilityList.xml
[1a64:0017][2019-09-25T22:13:15] Completed: Copying file /Contents/Common7/IDE/CommonExtensions/Platform/Shell/CompatibilityList.xml to C:\Program Files (x86)\Microsoft Visual Studio\2019\BuildTools\Common7\IDE\CommonExtensions\Platform\Shell\CompatibilityList.xml
[1a64:0017][2019-09-25T22:13:15] Timestamp updated for file 'C:\Program Files (x86)\Microsoft Visual Studio\2019\BuildTools\Common7\IDE\CommonExtensions\Platform\Shell\CompatibilityList.xml'.
[1a64:0017][2019-09-25T22:13:15] Processing file /Contents/Common7/IDE/CommonExtensions/Platform/Shell/Microsoft.VisualStudio.ExtensionManager.Implementation.pkgdef
[1a64:0017][2019-09-25T22:13:15] Started: Copying file /Contents/Common7/IDE/CommonExtensions/Platform/Shell/Microsoft.VisualStudio.ExtensionManager.Implementation.pkgdef to C:\Program Files (x86)\Microsoft Visual Studio\2019\BuildTools\Common7\IDE\CommonExtensions\Platform\Shell\Microsoft.VisualStudio.ExtensionManager.Implementation.pkgdef
[1a64:0017][2019-09-25T22:13:15] Completed: Copying file /Contents/Common7/IDE/CommonExtensions/Platform/Shell/Microsoft.VisualStudio.ExtensionManager.Implementation.pkgdef to C:\Program Files (x86)\Microsoft Visual Studio\2019\BuildTools\Common7\IDE\CommonExtensions\Platform\Shell\Microsoft.VisualStudio.ExtensionManager.Implementation.pkgdef
[1a64:0017][2019-09-25T22:13:15] Timestamp updated for file 'C:\Program Files (x86)\Microsoft Visual Studio\2019\BuildTools\Common7\IDE\CommonExtensions\Platform\Shell\Microsoft.VisualStudio.ExtensionManager.Implementation.pkgdef'.
[1a64:0017][2019-09-25T22:13:15] Processing file /Contents/Common7/IDE/Microsoft.VisualStudio.ExtensionEngine.dll
[1a64:0017][2019-09-25T22:13:15] Started: Copying file /Contents/Common7/IDE/Microsoft.VisualStudio.ExtensionEngine.dll to C:\Program Files (x86)\Microsoft Visual Studio\2019\BuildTools\Common7\IDE\Microsoft.VisualStudio.ExtensionEngine.dll
[1a64:0017][2019-09-25T22:13:15] Completed: Copying file /Contents/Common7/IDE/Microsoft.VisualStudio.ExtensionEngine.dll to C:\Program Files (x86)\Microsoft Visual Studio\2019\BuildTools\Common7\IDE\Microsoft.VisualStudio.ExtensionEngine.dll
[1a64:0017][2019-09-25T22:13:15] Timestamp updated for file 'C:\Program Files (x86)\Microsoft Visual Studio\2019\BuildTools\Common7\IDE\Microsoft.VisualStudio.ExtensionEngine.dll'.
[1a64:0017][2019-09-25T22:13:15] Queueing C:\Program Files (x86)\Microsoft Visual Studio\2019\BuildTools\Common7\IDE\Microsoft.VisualStudio.ExtensionEngine.dll for X86 ngen
[1a64:0017][2019-09-25T22:13:15] Successfully queued file '/Contents/Common7/IDE/Microsoft.VisualStudio.ExtensionEngine.dll' for ngen
[1a64:0017][2019-09-25T22:13:15] Processing file /Contents/Common7/IDE/PrivateAssemblies/Microsoft.VisualStudio.ExtensionManager.dll
[1a64:0017][2019-09-25T22:13:15] Started: Copying file /Contents/Common7/IDE/PrivateAssemblies/Microsoft.VisualStudio.ExtensionManager.dll to C:\Program Files (x86)\Microsoft Visual Studio\2019\BuildTools\Common7\IDE\PrivateAssemblies\Microsoft.VisualStudio.ExtensionManager.dll
[1a64:0017][2019-09-25T22:13:15] Completed: Copying file /Contents/Common7/IDE/PrivateAssemblies/Microsoft.VisualStudio.ExtensionManager.dll to C:\Program Files (x86)\Microsoft Visual Studio\2019\BuildTools\Common7\IDE\PrivateAssemblies\Microsoft.VisualStudio.ExtensionManager.dll
[1a64:0017][2019-09-25T22:13:15] Timestamp updated for file 'C:\Program Files (x86)\Microsoft Visual Studio\2019\BuildTools\Common7\IDE\PrivateAssemblies\Microsoft.VisualStudio.ExtensionManager.dll'.
[1a64:0017][2019-09-25T22:13:15] Queueing C:\Program Files (x86)\Microsoft Visual Studio\2019\BuildTools\Common7\IDE\PrivateAssemblies\Microsoft.VisualStudio.ExtensionManager.dll for X86 ngen
[1a64:0017][2019-09-25T22:13:15] Successfully queued file '/Contents/Common7/IDE/PrivateAssemblies/Microsoft.VisualStudio.ExtensionManager.dll' for ngen
[1a64:0017][2019-09-25T22:13:15] Processing file /Contents/Common7/IDE/PrivateAssemblies/Microsoft.VisualStudio.ExtensionManager.Implementation.dll
[1a64:0017][2019-09-25T22:13:15] Started: Copying file /Contents/Common7/IDE/PrivateAssemblies/Microsoft.VisualStudio.ExtensionManager.Implementation.dll to C:\Program Files (x86)\Microsoft Visual Studio\2019\BuildTools\Common7\IDE\PrivateAssemblies\Microsoft.VisualStudio.ExtensionManager.Implementation.dll
[1a64:0017][2019-09-25T22:13:15] Completed: Copying file /Contents/Common7/IDE/PrivateAssemblies/Microsoft.VisualStudio.ExtensionManager.Implementation.dll to C:\Program Files (x86)\Microsoft Visual Studio\2019\BuildTools\Common7\IDE\PrivateAssemblies\Microsoft.VisualStudio.ExtensionManager.Implementation.dll
[1a64:0017][2019-09-25T22:13:15] Timestamp updated for file 'C:\Program Files (x86)\Microsoft Visual Studio\2019\BuildTools\Common7\IDE\PrivateAssemblies\Microsoft.VisualStudio.ExtensionManager.Implementation.dll'.
[1a64:0017][2019-09-25T22:13:15] Queueing C:\Program Files (x86)\Microsoft Visual Studio\2019\BuildTools\Common7\IDE\PrivateAssemblies\Microsoft.VisualStudio.ExtensionManager.Implementation.dll for X86 ngen
[1a64:0017][2019-09-25T22:13:15] Successfully queued file '/Contents/Common7/IDE/PrivateAssemblies/Microsoft.VisualStudio.ExtensionManager.Implementation.dll' for ngen
[1a64:0017][2019-09-25T22:13:15] Processing file /Contents/Common7/IDE/VSHiveStub.exe
[1a64:0017][2019-09-25T22:13:15] Started: Copying file /Contents/Common7/IDE/VSHiveStub.exe to C:\Program Files (x86)\Microsoft Visual Studio\2019\BuildTools\Common7\IDE\VSHiveStub.exe
[1a64:0017][2019-09-25T22:13:15] Completed: Copying file /Contents/Common7/IDE/VSHiveStub.exe to C:\Program Files (x86)\Microsoft Visual Studio\2019\BuildTools\Common7\IDE\VSHiveStub.exe
[1a64:0017][2019-09-25T22:13:15] Timestamp updated for file 'C:\Program Files (x86)\Microsoft Visual Studio\2019\BuildTools\Common7\IDE\VSHiveStub.exe'.
[1a64:0017][2019-09-25T22:13:15] Processing file /Contents/Common7/IDE/VSIXInstaller.exe
[1a64:0017][2019-09-25T22:13:15] Started: Copying file /Contents/Common7/IDE/VSIXInstaller.exe to C:\Program Files (x86)\Microsoft Visual Studio\2019\BuildTools\Common7\IDE\VSIXInstaller.exe
[1a64:0017][2019-09-25T22:13:15] Completed: Copying file /Contents/Common7/IDE/VSIXInstaller.exe to C:\Program Files (x86)\Microsoft Visual Studio\2019\BuildTools\Common7\IDE\VSIXInstaller.exe
[1a64:0017][2019-09-25T22:13:15] Timestamp updated for file 'C:\Program Files (x86)\Microsoft Visual Studio\2019\BuildTools\Common7\IDE\VSIXInstaller.exe'.
[1a64:0017][2019-09-25T22:13:15] Processing file /Contents/Common7/IDE/VSIXInstaller.exe.config
[1a64:0017][2019-09-25T22:13:15] Started: Copying file /Contents/Common7/IDE/VSIXInstaller.exe.config to C:\Program Files (x86)\Microsoft Visual Studio\2019\BuildTools\Common7\IDE\VSIXInstaller.exe.config
[1a64:0017][2019-09-25T22:13:15] Completed: Copying file /Contents/Common7/IDE/VSIXInstaller.exe.config to C:\Program Files (x86)\Microsoft Visual Studio\2019\BuildTools\Common7\IDE\VSIXInstaller.exe.config
[1a64:0017][2019-09-25T22:13:15] Timestamp updated for file 'C:\Program Files (x86)\Microsoft Visual Studio\2019\BuildTools\Common7\IDE\VSIXInstaller.exe.config'.
[1a64:0017][2019-09-25T22:13:15] Processing file /Contents/Xml/Schemas/PackageLanguagePackManifestSchema.xsd
[1a64:0017][2019-09-25T22:13:15] Started: Copying file /Contents/Xml/Schemas/PackageLanguagePackManifestSchema.xsd to C:\Program Files (x86)\Microsoft Visual Studio\2019\BuildTools\Xml\Schemas\PackageLanguagePackManifestSchema.xsd
[1a64:0017][2019-09-25T22:13:15] Completed: Copying file /Contents/Xml/Schemas/PackageLanguagePackManifestSchema.xsd to C:\Program Files (x86)\Microsoft Visual Studio\2019\BuildTools\Xml\Schemas\PackageLanguagePackManifestSchema.xsd
[1a64:0017][2019-09-25T22:13:15] Timestamp updated for file 'C:\Program Files (x86)\Microsoft Visual Studio\2019\BuildTools\Xml\Schemas\PackageLanguagePackManifestSchema.xsd'.
[1a64:0017][2019-09-25T22:13:15] Processing file /Contents/Xml/Schemas/PackageManifestSchema.Assets.xsd
[1a64:0017][2019-09-25T22:13:15] Started: Copying file /Contents/Xml/Schemas/PackageManifestSchema.Assets.xsd to C:\Program Files (x86)\Microsoft Visual Studio\2019\BuildTools\Xml\Schemas\PackageManifestSchema.Assets.xsd
[1a64:0017][2019-09-25T22:13:15] Completed: Copying file /Contents/Xml/Schemas/PackageManifestSchema.Assets.xsd to C:\Program Files (x86)\Microsoft Visual Studio\2019\BuildTools\Xml\Schemas\PackageManifestSchema.Assets.xsd
[1a64:0017][2019-09-25T22:13:15] Timestamp updated for file 'C:\Program Files (x86)\Microsoft Visual Studio\2019\BuildTools\Xml\Schemas\PackageManifestSchema.Assets.xsd'.
[1a64:0017][2019-09-25T22:13:15] Processing file /Contents/Xml/Schemas/PackageManifestSchema.Dependencies.xsd
[1a64:0017][2019-09-25T22:13:15] Started: Copying file /Contents/Xml/Schemas/PackageManifestSchema.Dependencies.xsd to C:\Program Files (x86)\Microsoft Visual Studio\2019\BuildTools\Xml\Schemas\PackageManifestSchema.Dependencies.xsd
[1a64:0017][2019-09-25T22:13:15] Completed: Copying file /Contents/Xml/Schemas/PackageManifestSchema.Dependencies.xsd to C:\Program Files (x86)\Microsoft Visual Studio\2019\BuildTools\Xml\Schemas\PackageManifestSchema.Dependencies.xsd
[1a64:0017][2019-09-25T22:13:15] Timestamp updated for file 'C:\Program Files (x86)\Microsoft Visual Studio\2019\BuildTools\Xml\Schemas\PackageManifestSchema.Dependencies.xsd'.
[1a64:0017][2019-09-25T22:13:15] Processing file /Contents/Xml/Schemas/PackageManifestSchema.DesignNamespace.xsd
[1a64:0017][2019-09-25T22:13:15] Started: Copying file /Contents/Xml/Schemas/PackageManifestSchema.DesignNamespace.xsd to C:\Program Files (x86)\Microsoft Visual Studio\2019\BuildTools\Xml\Schemas\PackageManifestSchema.DesignNamespace.xsd
[1a64:0017][2019-09-25T22:13:15] Completed: Copying file /Contents/Xml/Schemas/PackageManifestSchema.DesignNamespace.xsd to C:\Program Files (x86)\Microsoft Visual Studio\2019\BuildTools\Xml\Schemas\PackageManifestSchema.DesignNamespace.xsd
[1a64:0017][2019-09-25T22:13:15] Timestamp updated for file 'C:\Program Files (x86)\Microsoft Visual Studio\2019\BuildTools\Xml\Schemas\PackageManifestSchema.DesignNamespace.xsd'.
[1a64:0017][2019-09-25T22:13:15] Processing file /Contents/Xml/Schemas/PackageManifestSchema.Installation.xsd
[1a64:0017][2019-09-25T22:13:15] Started: Copying file /Contents/Xml/Schemas/PackageManifestSchema.Installation.xsd to C:\Program Files (x86)\Microsoft Visual Studio\2019\BuildTools\Xml\Schemas\PackageManifestSchema.Installation.xsd
[1a64:0017][2019-09-25T22:13:15] Completed: Copying file /Contents/Xml/Schemas/PackageManifestSchema.Installation.xsd to C:\Program Files (x86)\Microsoft Visual Studio\2019\BuildTools\Xml\Schemas\PackageManifestSchema.Installation.xsd
[1a64:0017][2019-09-25T22:13:15] Timestamp updated for file 'C:\Program Files (x86)\Microsoft Visual Studio\2019\BuildTools\Xml\Schemas\PackageManifestSchema.Installation.xsd'.
[1a64:0017][2019-09-25T22:13:15] Processing file /Contents/Xml/Schemas/PackageManifestSchema.Installer.xsd
[1a64:0017][2019-09-25T22:13:15] Started: Copying file /Contents/Xml/Schemas/PackageManifestSchema.Installer.xsd to C:\Program Files (x86)\Microsoft Visual Studio\2019\BuildTools\Xml\Schemas\PackageManifestSchema.Installer.xsd
[1a64:0017][2019-09-25T22:13:15] Completed: Copying file /Contents/Xml/Schemas/PackageManifestSchema.Installer.xsd to C:\Program Files (x86)\Microsoft Visual Studio\2019\BuildTools\Xml\Schemas\PackageManifestSchema.Installer.xsd
[1a64:0017][2019-09-25T22:13:15] Timestamp updated for file 'C:\Program Files (x86)\Microsoft Visual Studio\2019\BuildTools\Xml\Schemas\PackageManifestSchema.Installer.xsd'.
[1a64:0017][2019-09-25T22:13:15] Processing file /Contents/Xml/Schemas/PackageManifestSchema.Metadata.xsd
[1a64:0017][2019-09-25T22:13:15] Started: Copying file /Contents/Xml/Schemas/PackageManifestSchema.Metadata.xsd to C:\Program Files (x86)\Microsoft Visual Studio\2019\BuildTools\Xml\Schemas\PackageManifestSchema.Metadata.xsd
[1a64:0017][2019-09-25T22:13:15] Completed: Copying file /Contents/Xml/Schemas/PackageManifestSchema.Metadata.xsd to C:\Program Files (x86)\Microsoft Visual Studio\2019\BuildTools\Xml\Schemas\PackageManifestSchema.Metadata.xsd
[1a64:0017][2019-09-25T22:13:15] Timestamp updated for file 'C:\Program Files (x86)\Microsoft Visual Studio\2019\BuildTools\Xml\Schemas\PackageManifestSchema.Metadata.xsd'.
[1a64:0017][2019-09-25T22:13:15] Processing file /Contents/Xml/Schemas/PackageManifestSchema.Prerequisites.xsd
[1a64:0017][2019-09-25T22:13:15] Started: Copying file /Contents/Xml/Schemas/PackageManifestSchema.Prerequisites.xsd to C:\Program Files (x86)\Microsoft Visual Studio\2019\BuildTools\Xml\Schemas\PackageManifestSchema.Prerequisites.xsd
[1a64:0017][2019-09-25T22:13:15] Completed: Copying file /Contents/Xml/Schemas/PackageManifestSchema.Prerequisites.xsd to C:\Program Files (x86)\Microsoft Visual Studio\2019\BuildTools\Xml\Schemas\PackageManifestSchema.Prerequisites.xsd
[1a64:0017][2019-09-25T22:13:15] Timestamp updated for file 'C:\Program Files (x86)\Microsoft Visual Studio\2019\BuildTools\Xml\Schemas\PackageManifestSchema.Prerequisites.xsd'.
[1a64:0017][2019-09-25T22:13:15] Processing file /Contents/Xml/Schemas/PackageManifestSchema.xsd
[1a64:0017][2019-09-25T22:13:15] Started: Copying file /Contents/Xml/Schemas/PackageManifestSchema.xsd to C:\Program Files (x86)\Microsoft Visual Studio\2019\BuildTools\Xml\Schemas\PackageManifestSchema.xsd
[1a64:0017][2019-09-25T22:13:15] Completed: Copying file /Contents/Xml/Schemas/PackageManifestSchema.xsd to C:\Program Files (x86)\Microsoft Visual Studio\2019\BuildTools\Xml\Schemas\PackageManifestSchema.xsd
[1a64:0017][2019-09-25T22:13:15] Timestamp updated for file 'C:\Program Files (x86)\Microsoft Visual Studio\2019\BuildTools\Xml\Schemas\PackageManifestSchema.xsd'.
[1a64:0017][2019-09-25T22:13:15] Processing file /Contents/Xml/Schemas/VSIXLanguagePackSchema.xsd
[1a64:0017][2019-09-25T22:13:15] Started: Copying file /Contents/Xml/Schemas/VSIXLanguagePackSchema.xsd to C:\Program Files (x86)\Microsoft Visual Studio\2019\BuildTools\Xml\Schemas\VSIXLanguagePackSchema.xsd
[1a64:0017][2019-09-25T22:13:15] Completed: Copying file /Contents/Xml/Schemas/VSIXLanguagePackSchema.xsd to C:\Program Files (x86)\Microsoft Visual Studio\2019\BuildTools\Xml\Schemas\VSIXLanguagePackSchema.xsd
[1a64:0017][2019-09-25T22:13:15] Timestamp updated for file 'C:\Program Files (x86)\Microsoft Visual Studio\2019\BuildTools\Xml\Schemas\VSIXLanguagePackSchema.xsd'.
[1a64:0017][2019-09-25T22:13:15] Processing file /Contents/Xml/Schemas/VSIXManifestSchema.xsd
[1a64:0017][2019-09-25T22:13:15] Started: Copying file /Contents/Xml/Schemas/VSIXManifestSchema.xsd to C:\Program Files (x86)\Microsoft Visual Studio\2019\BuildTools\Xml\Schemas\VSIXManifestSchema.xsd
[1a64:0017][2019-09-25T22:13:15] Completed: Copying file /Contents/Xml/Schemas/VSIXManifestSchema.xsd to C:\Program Files (x86)\Microsoft Visual Studio\2019\BuildTools\Xml\Schemas\VSIXManifestSchema.xsd
[1a64:0017][2019-09-25T22:13:15] Timestamp updated for file 'C:\Program Files (x86)\Microsoft Visual Studio\2019\BuildTools\Xml\Schemas\VSIXManifestSchema.xsd'.
[1a64:0017][2019-09-25T22:13:15] Processing file /Contents/Common7/IDE/CommonExtensions/Microsoft/ExtensionManager/ServiceModule/extension.vsixmanifest
[1a64:0017][2019-09-25T22:13:15] Started: Copying file /Contents/Common7/IDE/CommonExtensions/Microsoft/ExtensionManager/ServiceModule/extension.vsixmanifest to C:\Program Files (x86)\Microsoft Visual Studio\2019\BuildTools\Common7\IDE\CommonExtensions\Microsoft\ExtensionManager\ServiceModule\extension.vsixmanifest
[1a64:0017][2019-09-25T22:13:15] Completed: Copying file /Contents/Common7/IDE/CommonExtensions/Microsoft/ExtensionManager/ServiceModule/extension.vsixmanifest to C:\Program Files (x86)\Microsoft Visual Studio\2019\BuildTools\Common7\IDE\CommonExtensions\Microsoft\ExtensionManager\ServiceModule\extension.vsixmanifest
[1a64:0017][2019-09-25T22:13:15] Timestamp updated for file 'C:\Program Files (x86)\Microsoft Visual Studio\2019\BuildTools\Common7\IDE\CommonExtensions\Microsoft\ExtensionManager\ServiceModule\extension.vsixmanifest'.
[1a64:0017][2019-09-25T22:13:15] Processing file /Contents/Common7/IDE/CommonExtensions/Platform/Visual%20Studio%20MPF/16.0/extension.vsixmanifest
[1a64:0017][2019-09-25T22:13:15] Started: Copying file /Contents/Common7/IDE/CommonExtensions/Platform/Visual%20Studio%20MPF/16.0/extension.vsixmanifest to C:\Program Files (x86)\Microsoft Visual Studio\2019\BuildTools\Common7\IDE\CommonExtensions\Platform\Visual Studio MPF\16.0\extension.vsixmanifest
[1a64:0017][2019-09-25T22:13:15] Completed: Copying file /Contents/Common7/IDE/CommonExtensions/Platform/Visual%20Studio%20MPF/16.0/extension.vsixmanifest to C:\Program Files (x86)\Microsoft Visual Studio\2019\BuildTools\Common7\IDE\CommonExtensions\Platform\Visual Studio MPF\16.0\extension.vsixmanifest
[1a64:0017][2019-09-25T22:13:15] Timestamp updated for file 'C:\Program Files (x86)\Microsoft Visual Studio\2019\BuildTools\Common7\IDE\CommonExtensions\Platform\Visual Studio MPF\16.0\extension.vsixmanifest'.
[1a64:0017][2019-09-25T22:13:15] Processing file /Contents/Common7/IDE/Extensions/Microsoft/Visual%20Studio%20MPF/10.0/extension.vsixmanifest
[1a64:0017][2019-09-25T22:13:15] Started: Copying file /Contents/Common7/IDE/Extensions/Microsoft/Visual%20Studio%20MPF/10.0/extension.vsixmanifest to C:\Program Files (x86)\Microsoft Visual Studio\2019\BuildTools\Common7\IDE\Extensions\Microsoft\Visual Studio MPF\10.0\extension.vsixmanifest
[1a64:0017][2019-09-25T22:13:15] Completed: Copying file /Contents/Common7/IDE/Extensions/Microsoft/Visual%20Studio%20MPF/10.0/extension.vsixmanifest to C:\Program Files (x86)\Microsoft Visual Studio\2019\BuildTools\Common7\IDE\Extensions\Microsoft\Visual Studio MPF\10.0\extension.vsixmanifest
[1a64:0017][2019-09-25T22:13:15] Timestamp updated for file 'C:\Program Files (x86)\Microsoft Visual Studio\2019\BuildTools\Common7\IDE\Extensions\Microsoft\Visual Studio MPF\10.0\extension.vsixmanifest'.
[1a64:0017][2019-09-25T22:13:15] Processing file /Contents/Common7/IDE/Extensions/Microsoft/Visual%20Studio%20MPF/11.0/extension.vsixmanifest
[1a64:0017][2019-09-25T22:13:15] Started: Copying file /Contents/Common7/IDE/Extensions/Microsoft/Visual%20Studio%20MPF/11.0/extension.vsixmanifest to C:\Program Files (x86)\Microsoft Visual Studio\2019\BuildTools\Common7\IDE\Extensions\Microsoft\Visual Studio MPF\11.0\extension.vsixmanifest
[1a64:0017][2019-09-25T22:13:15] Completed: Copying file /Contents/Common7/IDE/Extensions/Microsoft/Visual%20Studio%20MPF/11.0/extension.vsixmanifest to C:\Program Files (x86)\Microsoft Visual Studio\2019\BuildTools\Common7\IDE\Extensions\Microsoft\Visual Studio MPF\11.0\extension.vsixmanifest
[1a64:0017][2019-09-25T22:13:15] Timestamp updated for file 'C:\Program Files (x86)\Microsoft Visual Studio\2019\BuildTools\Common7\IDE\Extensions\Microsoft\Visual Studio MPF\11.0\extension.vsixmanifest'.
[1a64:0017][2019-09-25T22:13:15] Processing file /Contents/Common7/IDE/Extensions/Microsoft/Visual%20Studio%20MPF/12.0/extension.vsixmanifest
[1a64:0017][2019-09-25T22:13:15] Started: Copying file /Contents/Common7/IDE/Extensions/Microsoft/Visual%20Studio%20MPF/12.0/extension.vsixmanifest to C:\Program Files (x86)\Microsoft Visual Studio\2019\BuildTools\Common7\IDE\Extensions\Microsoft\Visual Studio MPF\12.0\extension.vsixmanifest
[1a64:0017][2019-09-25T22:13:15] Completed: Copying file /Contents/Common7/IDE/Extensions/Microsoft/Visual%20Studio%20MPF/12.0/extension.vsixmanifest to C:\Program Files (x86)\Microsoft Visual Studio\2019\BuildTools\Common7\IDE\Extensions\Microsoft\Visual Studio MPF\12.0\extension.vsixmanifest
[1a64:0017][2019-09-25T22:13:15] Timestamp updated for file 'C:\Program Files (x86)\Microsoft Visual Studio\2019\BuildTools\Common7\IDE\Extensions\Microsoft\Visual Studio MPF\12.0\extension.vsixmanifest'.
[1a64:0017][2019-09-25T22:13:15] Processing file /Contents/Common7/IDE/Extensions/Microsoft/Visual%20Studio%20MPF/14.0/extension.vsixmanifest
[1a64:0017][2019-09-25T22:13:15] Started: Copying file /Contents/Common7/IDE/Extensions/Microsoft/Visual%20Studio%20MPF/14.0/extension.vsixmanifest to C:\Program Files (x86)\Microsoft Visual Studio\2019\BuildTools\Common7\IDE\Extensions\Microsoft\Visual Studio MPF\14.0\extension.vsixmanifest
[1a64:0017][2019-09-25T22:13:15] Completed: Copying file /Contents/Common7/IDE/Extensions/Microsoft/Visual%20Studio%20MPF/14.0/extension.vsixmanifest to C:\Program Files (x86)\Microsoft Visual Studio\2019\BuildTools\Common7\IDE\Extensions\Microsoft\Visual Studio MPF\14.0\extension.vsixmanifest
[1a64:0017][2019-09-25T22:13:15] Timestamp updated for file 'C:\Program Files (x86)\Microsoft Visual Studio\2019\BuildTools\Common7\IDE\Extensions\Microsoft\Visual Studio MPF\14.0\extension.vsixmanifest'.
[1a64:0017][2019-09-25T22:13:15] Package executed successfully. Return code: 0
