[1a64:0017][2019-09-25T22:11:03] Opening the package for processing
[1a64:0017][2019-09-25T22:11:03] Using package payload to get the embedded manifest
[1a64:0017][2019-09-25T22:11:03] Getting list of files within the package
[1a64:0017][2019-09-25T22:11:03] Processing file /Contents/Common7/Tools/vsdevcmd/ext/vcvars.bat
[1a64:0017][2019-09-25T22:11:03] Started: Copying file /Contents/Common7/Tools/vsdevcmd/ext/vcvars.bat to C:\Program Files (x86)\Microsoft Visual Studio\2019\BuildTools\Common7\Tools\vsdevcmd\ext\vcvars.bat
[1a64:0017][2019-09-25T22:11:03] Completed: Copying file /Contents/Common7/Tools/vsdevcmd/ext/vcvars.bat to C:\Program Files (x86)\Microsoft Visual Studio\2019\BuildTools\Common7\Tools\vsdevcmd\ext\vcvars.bat
[1a64:0017][2019-09-25T22:11:03] Timestamp updated for file 'C:\Program Files (x86)\Microsoft Visual Studio\2019\BuildTools\Common7\Tools\vsdevcmd\ext\vcvars.bat'.
[1a64:0017][2019-09-25T22:11:03] Processing file /Contents/Common7/Tools/vsdevcmd/ext/vcvars/vcvars140.bat
[1a64:0017][2019-09-25T22:11:03] Started: Copying file /Contents/Common7/Tools/vsdevcmd/ext/vcvars/vcvars140.bat to C:\Program Files (x86)\Microsoft Visual Studio\2019\BuildTools\Common7\Tools\vsdevcmd\ext\vcvars\vcvars140.bat
[1a64:0017][2019-09-25T22:11:03] Completed: Copying file /Contents/Common7/Tools/vsdevcmd/ext/vcvars/vcvars140.bat to C:\Program Files (x86)\Microsoft Visual Studio\2019\BuildTools\Common7\Tools\vsdevcmd\ext\vcvars\vcvars140.bat
[1a64:0017][2019-09-25T22:11:03] Timestamp updated for file 'C:\Program Files (x86)\Microsoft Visual Studio\2019\BuildTools\Common7\Tools\vsdevcmd\ext\vcvars\vcvars140.bat'.
[1a64:0017][2019-09-25T22:11:03] Processing file /Contents/Msbuild/Microsoft/VC/v160/BuildCustomizations/ImageContentTask.props
[1a64:0017][2019-09-25T22:11:03] Started: Copying file /Contents/Msbuild/Microsoft/VC/v160/BuildCustomizations/ImageContentTask.props to C:\Program Files (x86)\Microsoft Visual Studio\2019\BuildTools\Msbuild\Microsoft\VC\v160\BuildCustomizations\ImageContentTask.props
[1a64:0017][2019-09-25T22:11:03] Completed: Copying file /Contents/Msbuild/Microsoft/VC/v160/BuildCustomizations/ImageContentTask.props to C:\Program Files (x86)\Microsoft Visual Studio\2019\BuildTools\Msbuild\Microsoft\VC\v160\BuildCustomizations\ImageContentTask.props
[1a64:0017][2019-09-25T22:11:03] Timestamp updated for file 'C:\Program Files (x86)\Microsoft Visual Studio\2019\BuildTools\Msbuild\Microsoft\VC\v160\BuildCustomizations\ImageContentTask.props'.
[1a64:0017][2019-09-25T22:11:03] Processing file /Contents/Msbuild/Microsoft/VC/v160/BuildCustomizations/ImageContentTask.targets
[1a64:0017][2019-09-25T22:11:03] Started: Copying file /Contents/Msbuild/Microsoft/VC/v160/BuildCustomizations/ImageContentTask.targets to C:\Program Files (x86)\Microsoft Visual Studio\2019\BuildTools\Msbuild\Microsoft\VC\v160\BuildCustomizations\ImageContentTask.targets
[1a64:0017][2019-09-25T22:11:03] Completed: Copying file /Contents/Msbuild/Microsoft/VC/v160/BuildCustomizations/ImageContentTask.targets to C:\Program Files (x86)\Microsoft Visual Studio\2019\BuildTools\Msbuild\Microsoft\VC\v160\BuildCustomizations\ImageContentTask.targets
[1a64:0017][2019-09-25T22:11:03] Timestamp updated for file 'C:\Program Files (x86)\Microsoft Visual Studio\2019\BuildTools\Msbuild\Microsoft\VC\v160\BuildCustomizations\ImageContentTask.targets'.
[1a64:0017][2019-09-25T22:11:03] Processing file /Contents/Msbuild/Microsoft/VC/v160/BuildCustomizations/ImageContentTask.xml
[1a64:0017][2019-09-25T22:11:03] Started: Copying file /Contents/Msbuild/Microsoft/VC/v160/BuildCustomizations/ImageContentTask.xml to C:\Program Files (x86)\Microsoft Visual Studio\2019\BuildTools\Msbuild\Microsoft\VC\v160\BuildCustomizations\ImageContentTask.xml
[1a64:0017][2019-09-25T22:11:03] Completed: Copying file /Contents/Msbuild/Microsoft/VC/v160/BuildCustomizations/ImageContentTask.xml to C:\Program Files (x86)\Microsoft Visual Studio\2019\BuildTools\Msbuild\Microsoft\VC\v160\BuildCustomizations\ImageContentTask.xml
[1a64:0017][2019-09-25T22:11:03] Timestamp updated for file 'C:\Program Files (x86)\Microsoft Visual Studio\2019\BuildTools\Msbuild\Microsoft\VC\v160\BuildCustomizations\ImageContentTask.xml'.
[1a64:0017][2019-09-25T22:11:03] Processing file /Contents/Msbuild/Microsoft/VC/v160/BuildCustomizations/lc.props
[1a64:0017][2019-09-25T22:11:03] Started: Copying file /Contents/Msbuild/Microsoft/VC/v160/BuildCustomizations/lc.props to C:\Program Files (x86)\Microsoft Visual Studio\2019\BuildTools\Msbuild\Microsoft\VC\v160\BuildCustomizations\lc.props
[1a64:0017][2019-09-25T22:11:03] Completed: Copying file /Contents/Msbuild/Microsoft/VC/v160/BuildCustomizations/lc.props to C:\Program Files (x86)\Microsoft Visual Studio\2019\BuildTools\Msbuild\Microsoft\VC\v160\BuildCustomizations\lc.props
[1a64:0017][2019-09-25T22:11:03] Timestamp updated for file 'C:\Program Files (x86)\Microsoft Visual Studio\2019\BuildTools\Msbuild\Microsoft\VC\v160\BuildCustomizations\lc.props'.
[1a64:0017][2019-09-25T22:11:03] Processing file /Contents/Msbuild/Microsoft/VC/v160/BuildCustomizations/lc.targets
[1a64:0017][2019-09-25T22:11:03] Started: Copying file /Contents/Msbuild/Microsoft/VC/v160/BuildCustomizations/lc.targets to C:\Program Files (x86)\Microsoft Visual Studio\2019\BuildTools\Msbuild\Microsoft\VC\v160\BuildCustomizations\lc.targets
[1a64:0017][2019-09-25T22:11:03] Completed: Copying file /Contents/Msbuild/Microsoft/VC/v160/BuildCustomizations/lc.targets to C:\Program Files (x86)\Microsoft Visual Studio\2019\BuildTools\Msbuild\Microsoft\VC\v160\BuildCustomizations\lc.targets
[1a64:0017][2019-09-25T22:11:03] Timestamp updated for file 'C:\Program Files (x86)\Microsoft Visual Studio\2019\BuildTools\Msbuild\Microsoft\VC\v160\BuildCustomizations\lc.targets'.
[1a64:0017][2019-09-25T22:11:03] Processing file /Contents/Msbuild/Microsoft/VC/v160/BuildCustomizations/lc.xml
[1a64:0017][2019-09-25T22:11:03] Started: Copying file /Contents/Msbuild/Microsoft/VC/v160/BuildCustomizations/lc.xml to C:\Program Files (x86)\Microsoft Visual Studio\2019\BuildTools\Msbuild\Microsoft\VC\v160\BuildCustomizations\lc.xml
[1a64:0017][2019-09-25T22:11:03] Completed: Copying file /Contents/Msbuild/Microsoft/VC/v160/BuildCustomizations/lc.xml to C:\Program Files (x86)\Microsoft Visual Studio\2019\BuildTools\Msbuild\Microsoft\VC\v160\BuildCustomizations\lc.xml
[1a64:0017][2019-09-25T22:11:03] Timestamp updated for file 'C:\Program Files (x86)\Microsoft Visual Studio\2019\BuildTools\Msbuild\Microsoft\VC\v160\BuildCustomizations\lc.xml'.
[1a64:0017][2019-09-25T22:11:03] Processing file /Contents/Msbuild/Microsoft/VC/v160/BuildCustomizations/marmasm.props
[1a64:0017][2019-09-25T22:11:03] Started: Copying file /Contents/Msbuild/Microsoft/VC/v160/BuildCustomizations/marmasm.props to C:\Program Files (x86)\Microsoft Visual Studio\2019\BuildTools\Msbuild\Microsoft\VC\v160\BuildCustomizations\marmasm.props
[1a64:0017][2019-09-25T22:11:03] Completed: Copying file /Contents/Msbuild/Microsoft/VC/v160/BuildCustomizations/marmasm.props to C:\Program Files (x86)\Microsoft Visual Studio\2019\BuildTools\Msbuild\Microsoft\VC\v160\BuildCustomizations\marmasm.props
[1a64:0017][2019-09-25T22:11:03] Timestamp updated for file 'C:\Program Files (x86)\Microsoft Visual Studio\2019\BuildTools\Msbuild\Microsoft\VC\v160\BuildCustomizations\marmasm.props'.
[1a64:0017][2019-09-25T22:11:03] Processing file /Contents/Msbuild/Microsoft/VC/v160/BuildCustomizations/marmasm.targets
[1a64:0017][2019-09-25T22:11:03] Started: Copying file /Contents/Msbuild/Microsoft/VC/v160/BuildCustomizations/marmasm.targets to C:\Program Files (x86)\Microsoft Visual Studio\2019\BuildTools\Msbuild\Microsoft\VC\v160\BuildCustomizations\marmasm.targets
[1a64:0017][2019-09-25T22:11:03] Completed: Copying file /Contents/Msbuild/Microsoft/VC/v160/BuildCustomizations/marmasm.targets to C:\Program Files (x86)\Microsoft Visual Studio\2019\BuildTools\Msbuild\Microsoft\VC\v160\BuildCustomizations\marmasm.targets
[1a64:0017][2019-09-25T22:11:03] Timestamp updated for file 'C:\Program Files (x86)\Microsoft Visual Studio\2019\BuildTools\Msbuild\Microsoft\VC\v160\BuildCustomizations\marmasm.targets'.
[1a64:0017][2019-09-25T22:11:03] Processing file /Contents/Msbuild/Microsoft/VC/v160/BuildCustomizations/marmasm.xml
[1a64:0017][2019-09-25T22:11:03] Started: Copying file /Contents/Msbuild/Microsoft/VC/v160/BuildCustomizations/marmasm.xml to C:\Program Files (x86)\Microsoft Visual Studio\2019\BuildTools\Msbuild\Microsoft\VC\v160\BuildCustomizations\marmasm.xml
[1a64:0017][2019-09-25T22:11:03] Completed: Copying file /Contents/Msbuild/Microsoft/VC/v160/BuildCustomizations/marmasm.xml to C:\Program Files (x86)\Microsoft Visual Studio\2019\BuildTools\Msbuild\Microsoft\VC\v160\BuildCustomizations\marmasm.xml
[1a64:0017][2019-09-25T22:11:03] Timestamp updated for file 'C:\Program Files (x86)\Microsoft Visual Studio\2019\BuildTools\Msbuild\Microsoft\VC\v160\BuildCustomizations\marmasm.xml'.
[1a64:0017][2019-09-25T22:11:03] Processing file /Contents/Msbuild/Microsoft/VC/v160/BuildCustomizations/masm.props
[1a64:0017][2019-09-25T22:11:03] Started: Copying file /Contents/Msbuild/Microsoft/VC/v160/BuildCustomizations/masm.props to C:\Program Files (x86)\Microsoft Visual Studio\2019\BuildTools\Msbuild\Microsoft\VC\v160\BuildCustomizations\masm.props
[1a64:0017][2019-09-25T22:11:03] Completed: Copying file /Contents/Msbuild/Microsoft/VC/v160/BuildCustomizations/masm.props to C:\Program Files (x86)\Microsoft Visual Studio\2019\BuildTools\Msbuild\Microsoft\VC\v160\BuildCustomizations\masm.props
[1a64:0017][2019-09-25T22:11:03] Timestamp updated for file 'C:\Program Files (x86)\Microsoft Visual Studio\2019\BuildTools\Msbuild\Microsoft\VC\v160\BuildCustomizations\masm.props'.
[1a64:0017][2019-09-25T22:11:03] Processing file /Contents/Msbuild/Microsoft/VC/v160/BuildCustomizations/masm.targets
[1a64:0017][2019-09-25T22:11:03] Started: Copying file /Contents/Msbuild/Microsoft/VC/v160/BuildCustomizations/masm.targets to C:\Program Files (x86)\Microsoft Visual Studio\2019\BuildTools\Msbuild\Microsoft\VC\v160\BuildCustomizations\masm.targets
[1a64:0017][2019-09-25T22:11:03] Completed: Copying file /Contents/Msbuild/Microsoft/VC/v160/BuildCustomizations/masm.targets to C:\Program Files (x86)\Microsoft Visual Studio\2019\BuildTools\Msbuild\Microsoft\VC\v160\BuildCustomizations\masm.targets
[1a64:0017][2019-09-25T22:11:03] Timestamp updated for file 'C:\Program Files (x86)\Microsoft Visual Studio\2019\BuildTools\Msbuild\Microsoft\VC\v160\BuildCustomizations\masm.targets'.
[1a64:0017][2019-09-25T22:11:03] Processing file /Contents/Msbuild/Microsoft/VC/v160/BuildCustomizations/masm.xml
[1a64:0017][2019-09-25T22:11:03] Started: Copying file /Contents/Msbuild/Microsoft/VC/v160/BuildCustomizations/masm.xml to C:\Program Files (x86)\Microsoft Visual Studio\2019\BuildTools\Msbuild\Microsoft\VC\v160\BuildCustomizations\masm.xml
[1a64:0017][2019-09-25T22:11:03] Completed: Copying file /Contents/Msbuild/Microsoft/VC/v160/BuildCustomizations/masm.xml to C:\Program Files (x86)\Microsoft Visual Studio\2019\BuildTools\Msbuild\Microsoft\VC\v160\BuildCustomizations\masm.xml
[1a64:0017][2019-09-25T22:11:03] Timestamp updated for file 'C:\Program Files (x86)\Microsoft Visual Studio\2019\BuildTools\Msbuild\Microsoft\VC\v160\BuildCustomizations\masm.xml'.
[1a64:0017][2019-09-25T22:11:03] Processing file /Contents/Msbuild/Microsoft/VC/v160/BuildCustomizations/MeshContentTask.props
[1a64:0017][2019-09-25T22:11:03] Started: Copying file /Contents/Msbuild/Microsoft/VC/v160/BuildCustomizations/MeshContentTask.props to C:\Program Files (x86)\Microsoft Visual Studio\2019\BuildTools\Msbuild\Microsoft\VC\v160\BuildCustomizations\MeshContentTask.props
[1a64:0017][2019-09-25T22:11:03] Completed: Copying file /Contents/Msbuild/Microsoft/VC/v160/BuildCustomizations/MeshContentTask.props to C:\Program Files (x86)\Microsoft Visual Studio\2019\BuildTools\Msbuild\Microsoft\VC\v160\BuildCustomizations\MeshContentTask.props
[1a64:0017][2019-09-25T22:11:03] Timestamp updated for file 'C:\Program Files (x86)\Microsoft Visual Studio\2019\BuildTools\Msbuild\Microsoft\VC\v160\BuildCustomizations\MeshContentTask.props'.
[1a64:0017][2019-09-25T22:11:03] Processing file /Contents/Msbuild/Microsoft/VC/v160/BuildCustomizations/MeshContentTask.targets
[1a64:0017][2019-09-25T22:11:03] Started: Copying file /Contents/Msbuild/Microsoft/VC/v160/BuildCustomizations/MeshContentTask.targets to C:\Program Files (x86)\Microsoft Visual Studio\2019\BuildTools\Msbuild\Microsoft\VC\v160\BuildCustomizations\MeshContentTask.targets
[1a64:0017][2019-09-25T22:11:03] Completed: Copying file /Contents/Msbuild/Microsoft/VC/v160/BuildCustomizations/MeshContentTask.targets to C:\Program Files (x86)\Microsoft Visual Studio\2019\BuildTools\Msbuild\Microsoft\VC\v160\BuildCustomizations\MeshContentTask.targets
[1a64:0017][2019-09-25T22:11:03] Timestamp updated for file 'C:\Program Files (x86)\Microsoft Visual Studio\2019\BuildTools\Msbuild\Microsoft\VC\v160\BuildCustomizations\MeshContentTask.targets'.
[1a64:0017][2019-09-25T22:11:03] Processing file /Contents/Msbuild/Microsoft/VC/v160/BuildCustomizations/MeshContentTask.xml
[1a64:0017][2019-09-25T22:11:03] Started: Copying file /Contents/Msbuild/Microsoft/VC/v160/BuildCustomizations/MeshContentTask.xml to C:\Program Files (x86)\Microsoft Visual Studio\2019\BuildTools\Msbuild\Microsoft\VC\v160\BuildCustomizations\MeshContentTask.xml
[1a64:0017][2019-09-25T22:11:03] Completed: Copying file /Contents/Msbuild/Microsoft/VC/v160/BuildCustomizations/MeshContentTask.xml to C:\Program Files (x86)\Microsoft Visual Studio\2019\BuildTools\Msbuild\Microsoft\VC\v160\BuildCustomizations\MeshContentTask.xml
[1a64:0017][2019-09-25T22:11:03] Timestamp updated for file 'C:\Program Files (x86)\Microsoft Visual Studio\2019\BuildTools\Msbuild\Microsoft\VC\v160\BuildCustomizations\MeshContentTask.xml'.
[1a64:0017][2019-09-25T22:11:03] Processing file /Contents/Msbuild/Microsoft/VC/v160/BuildCustomizations/ShaderGraphContentTask.props
[1a64:0017][2019-09-25T22:11:03] Started: Copying file /Contents/Msbuild/Microsoft/VC/v160/BuildCustomizations/ShaderGraphContentTask.props to C:\Program Files (x86)\Microsoft Visual Studio\2019\BuildTools\Msbuild\Microsoft\VC\v160\BuildCustomizations\ShaderGraphContentTask.props
[1a64:0017][2019-09-25T22:11:03] Completed: Copying file /Contents/Msbuild/Microsoft/VC/v160/BuildCustomizations/ShaderGraphContentTask.props to C:\Program Files (x86)\Microsoft Visual Studio\2019\BuildTools\Msbuild\Microsoft\VC\v160\BuildCustomizations\ShaderGraphContentTask.props
[1a64:0017][2019-09-25T22:11:03] Timestamp updated for file 'C:\Program Files (x86)\Microsoft Visual Studio\2019\BuildTools\Msbuild\Microsoft\VC\v160\BuildCustomizations\ShaderGraphContentTask.props'.
[1a64:0017][2019-09-25T22:11:03] Processing file /Contents/Msbuild/Microsoft/VC/v160/BuildCustomizations/ShaderGraphContentTask.targets
[1a64:0017][2019-09-25T22:11:03] Started: Copying file /Contents/Msbuild/Microsoft/VC/v160/BuildCustomizations/ShaderGraphContentTask.targets to C:\Program Files (x86)\Microsoft Visual Studio\2019\BuildTools\Msbuild\Microsoft\VC\v160\BuildCustomizations\ShaderGraphContentTask.targets
[1a64:0017][2019-09-25T22:11:03] Completed: Copying file /Contents/Msbuild/Microsoft/VC/v160/BuildCustomizations/ShaderGraphContentTask.targets to C:\Program Files (x86)\Microsoft Visual Studio\2019\BuildTools\Msbuild\Microsoft\VC\v160\BuildCustomizations\ShaderGraphContentTask.targets
[1a64:0017][2019-09-25T22:11:03] Timestamp updated for file 'C:\Program Files (x86)\Microsoft Visual Studio\2019\BuildTools\Msbuild\Microsoft\VC\v160\BuildCustomizations\ShaderGraphContentTask.targets'.
[1a64:0017][2019-09-25T22:11:03] Processing file /Contents/Msbuild/Microsoft/VC/v160/BuildCustomizations/ShaderGraphContentTask.xml
[1a64:0017][2019-09-25T22:11:03] Started: Copying file /Contents/Msbuild/Microsoft/VC/v160/BuildCustomizations/ShaderGraphContentTask.xml to C:\Program Files (x86)\Microsoft Visual Studio\2019\BuildTools\Msbuild\Microsoft\VC\v160\BuildCustomizations\ShaderGraphContentTask.xml
[1a64:0017][2019-09-25T22:11:03] Completed: Copying file /Contents/Msbuild/Microsoft/VC/v160/BuildCustomizations/ShaderGraphContentTask.xml to C:\Program Files (x86)\Microsoft Visual Studio\2019\BuildTools\Msbuild\Microsoft\VC\v160\BuildCustomizations\ShaderGraphContentTask.xml
[1a64:0017][2019-09-25T22:11:03] Timestamp updated for file 'C:\Program Files (x86)\Microsoft Visual Studio\2019\BuildTools\Msbuild\Microsoft\VC\v160\BuildCustomizations\ShaderGraphContentTask.xml'.
[1a64:0017][2019-09-25T22:11:03] Processing file /Contents/Msbuild/Microsoft/VC/v160/Microsoft.Build.CPPTasks.Common.dll
[1a64:0017][2019-09-25T22:11:03] Started: Copying file /Contents/Msbuild/Microsoft/VC/v160/Microsoft.Build.CPPTasks.Common.dll to C:\Program Files (x86)\Microsoft Visual Studio\2019\BuildTools\Msbuild\Microsoft\VC\v160\Microsoft.Build.CPPTasks.Common.dll
[1a64:0017][2019-09-25T22:11:03] Completed: Copying file /Contents/Msbuild/Microsoft/VC/v160/Microsoft.Build.CPPTasks.Common.dll to C:\Program Files (x86)\Microsoft Visual Studio\2019\BuildTools\Msbuild\Microsoft\VC\v160\Microsoft.Build.CPPTasks.Common.dll
[1a64:0017][2019-09-25T22:11:04] Timestamp updated for file 'C:\Program Files (x86)\Microsoft Visual Studio\2019\BuildTools\Msbuild\Microsoft\VC\v160\Microsoft.Build.CPPTasks.Common.dll'.
[1a64:0017][2019-09-25T22:11:04] Processing file /Contents/Msbuild/Microsoft/VC/v160/Microsoft.BuildSteps.targets
[1a64:0017][2019-09-25T22:11:04] Started: Copying file /Contents/Msbuild/Microsoft/VC/v160/Microsoft.BuildSteps.targets to C:\Program Files (x86)\Microsoft Visual Studio\2019\BuildTools\Msbuild\Microsoft\VC\v160\Microsoft.BuildSteps.targets
[1a64:0017][2019-09-25T22:11:04] Completed: Copying file /Contents/Msbuild/Microsoft/VC/v160/Microsoft.BuildSteps.targets to C:\Program Files (x86)\Microsoft Visual Studio\2019\BuildTools\Msbuild\Microsoft\VC\v160\Microsoft.BuildSteps.targets
[1a64:0017][2019-09-25T22:11:04] Timestamp updated for file 'C:\Program Files (x86)\Microsoft Visual Studio\2019\BuildTools\Msbuild\Microsoft\VC\v160\Microsoft.BuildSteps.targets'.
[1a64:0017][2019-09-25T22:11:04] Processing file /Contents/Msbuild/Microsoft/VC/v160/Microsoft.Cl.Common.props
[1a64:0017][2019-09-25T22:11:04] Started: Copying file /Contents/Msbuild/Microsoft/VC/v160/Microsoft.Cl.Common.props to C:\Program Files (x86)\Microsoft Visual Studio\2019\BuildTools\Msbuild\Microsoft\VC\v160\Microsoft.Cl.Common.props
[1a64:0017][2019-09-25T22:11:04] Completed: Copying file /Contents/Msbuild/Microsoft/VC/v160/Microsoft.Cl.Common.props to C:\Program Files (x86)\Microsoft Visual Studio\2019\BuildTools\Msbuild\Microsoft\VC\v160\Microsoft.Cl.Common.props
[1a64:0017][2019-09-25T22:11:04] Timestamp updated for file 'C:\Program Files (x86)\Microsoft Visual Studio\2019\BuildTools\Msbuild\Microsoft\VC\v160\Microsoft.Cl.Common.props'.
[1a64:0017][2019-09-25T22:11:04] Processing file /Contents/Msbuild/Microsoft/VC/v160/Microsoft.Cpp.AppContainerApplication.props
[1a64:0017][2019-09-25T22:11:04] Started: Copying file /Contents/Msbuild/Microsoft/VC/v160/Microsoft.Cpp.AppContainerApplication.props to C:\Program Files (x86)\Microsoft Visual Studio\2019\BuildTools\Msbuild\Microsoft\VC\v160\Microsoft.Cpp.AppContainerApplication.props
[1a64:0017][2019-09-25T22:11:04] Completed: Copying file /Contents/Msbuild/Microsoft/VC/v160/Microsoft.Cpp.AppContainerApplication.props to C:\Program Files (x86)\Microsoft Visual Studio\2019\BuildTools\Msbuild\Microsoft\VC\v160\Microsoft.Cpp.AppContainerApplication.props
[1a64:0017][2019-09-25T22:11:04] Timestamp updated for file 'C:\Program Files (x86)\Microsoft Visual Studio\2019\BuildTools\Msbuild\Microsoft\VC\v160\Microsoft.Cpp.AppContainerApplication.props'.
[1a64:0017][2019-09-25T22:11:04] Processing file /Contents/Msbuild/Microsoft/VC/v160/Microsoft.Cpp.Application.props
[1a64:0017][2019-09-25T22:11:04] Started: Copying file /Contents/Msbuild/Microsoft/VC/v160/Microsoft.Cpp.Application.props to C:\Program Files (x86)\Microsoft Visual Studio\2019\BuildTools\Msbuild\Microsoft\VC\v160\Microsoft.Cpp.Application.props
[1a64:0017][2019-09-25T22:11:04] Completed: Copying file /Contents/Msbuild/Microsoft/VC/v160/Microsoft.Cpp.Application.props to C:\Program Files (x86)\Microsoft Visual Studio\2019\BuildTools\Msbuild\Microsoft\VC\v160\Microsoft.Cpp.Application.props
[1a64:0017][2019-09-25T22:11:04] Timestamp updated for file 'C:\Program Files (x86)\Microsoft Visual Studio\2019\BuildTools\Msbuild\Microsoft\VC\v160\Microsoft.Cpp.Application.props'.
[1a64:0017][2019-09-25T22:11:04] Processing file /Contents/Msbuild/Microsoft/VC/v160/Microsoft.Cpp.BuildBsc.props
[1a64:0017][2019-09-25T22:11:04] Started: Copying file /Contents/Msbuild/Microsoft/VC/v160/Microsoft.Cpp.BuildBsc.props to C:\Program Files (x86)\Microsoft Visual Studio\2019\BuildTools\Msbuild\Microsoft\VC\v160\Microsoft.Cpp.BuildBsc.props
[1a64:0017][2019-09-25T22:11:04] Completed: Copying file /Contents/Msbuild/Microsoft/VC/v160/Microsoft.Cpp.BuildBsc.props to C:\Program Files (x86)\Microsoft Visual Studio\2019\BuildTools\Msbuild\Microsoft\VC\v160\Microsoft.Cpp.BuildBsc.props
[1a64:0017][2019-09-25T22:11:04] Timestamp updated for file 'C:\Program Files (x86)\Microsoft Visual Studio\2019\BuildTools\Msbuild\Microsoft\VC\v160\Microsoft.Cpp.BuildBsc.props'.
[1a64:0017][2019-09-25T22:11:04] Processing file /Contents/Msbuild/Microsoft/VC/v160/Microsoft.Cpp.Clang.props
[1a64:0017][2019-09-25T22:11:04] Started: Copying file /Contents/Msbuild/Microsoft/VC/v160/Microsoft.Cpp.Clang.props to C:\Program Files (x86)\Microsoft Visual Studio\2019\BuildTools\Msbuild\Microsoft\VC\v160\Microsoft.Cpp.Clang.props
[1a64:0017][2019-09-25T22:11:04] Completed: Copying file /Contents/Msbuild/Microsoft/VC/v160/Microsoft.Cpp.Clang.props to C:\Program Files (x86)\Microsoft Visual Studio\2019\BuildTools\Msbuild\Microsoft\VC\v160\Microsoft.Cpp.Clang.props
[1a64:0017][2019-09-25T22:11:04] Timestamp updated for file 'C:\Program Files (x86)\Microsoft Visual Studio\2019\BuildTools\Msbuild\Microsoft\VC\v160\Microsoft.Cpp.Clang.props'.
[1a64:0017][2019-09-25T22:11:04] Processing file /Contents/Msbuild/Microsoft/VC/v160/Microsoft.Cpp.Clang.targets
[1a64:0017][2019-09-25T22:11:04] Started: Copying file /Contents/Msbuild/Microsoft/VC/v160/Microsoft.Cpp.Clang.targets to C:\Program Files (x86)\Microsoft Visual Studio\2019\BuildTools\Msbuild\Microsoft\VC\v160\Microsoft.Cpp.Clang.targets
[1a64:0017][2019-09-25T22:11:04] Completed: Copying file /Contents/Msbuild/Microsoft/VC/v160/Microsoft.Cpp.Clang.targets to C:\Program Files (x86)\Microsoft Visual Studio\2019\BuildTools\Msbuild\Microsoft\VC\v160\Microsoft.Cpp.Clang.targets
[1a64:0017][2019-09-25T22:11:04] Timestamp updated for file 'C:\Program Files (x86)\Microsoft Visual Studio\2019\BuildTools\Msbuild\Microsoft\VC\v160\Microsoft.Cpp.Clang.targets'.
[1a64:0017][2019-09-25T22:11:04] Processing file /Contents/Msbuild/Microsoft/VC/v160/Microsoft.Cpp.Common.props
[1a64:0017][2019-09-25T22:11:04] Started: Copying file /Contents/Msbuild/Microsoft/VC/v160/Microsoft.Cpp.Common.props to C:\Program Files (x86)\Microsoft Visual Studio\2019\BuildTools\Msbuild\Microsoft\VC\v160\Microsoft.Cpp.Common.props
[1a64:0017][2019-09-25T22:11:04] Completed: Copying file /Contents/Msbuild/Microsoft/VC/v160/Microsoft.Cpp.Common.props to C:\Program Files (x86)\Microsoft Visual Studio\2019\BuildTools\Msbuild\Microsoft\VC\v160\Microsoft.Cpp.Common.props
[1a64:0017][2019-09-25T22:11:04] Timestamp updated for file 'C:\Program Files (x86)\Microsoft Visual Studio\2019\BuildTools\Msbuild\Microsoft\VC\v160\Microsoft.Cpp.Common.props'.
[1a64:0017][2019-09-25T22:11:04] Processing file /Contents/Msbuild/Microsoft/VC/v160/Microsoft.Cpp.CoreWin.props
[1a64:0017][2019-09-25T22:11:04] Started: Copying file /Contents/Msbuild/Microsoft/VC/v160/Microsoft.Cpp.CoreWin.props to C:\Program Files (x86)\Microsoft Visual Studio\2019\BuildTools\Msbuild\Microsoft\VC\v160\Microsoft.Cpp.CoreWin.props
[1a64:0017][2019-09-25T22:11:04] Completed: Copying file /Contents/Msbuild/Microsoft/VC/v160/Microsoft.Cpp.CoreWin.props to C:\Program Files (x86)\Microsoft Visual Studio\2019\BuildTools\Msbuild\Microsoft\VC\v160\Microsoft.Cpp.CoreWin.props
[1a64:0017][2019-09-25T22:11:04] Timestamp updated for file 'C:\Program Files (x86)\Microsoft Visual Studio\2019\BuildTools\Msbuild\Microsoft\VC\v160\Microsoft.Cpp.CoreWin.props'.
[1a64:0017][2019-09-25T22:11:04] Processing file /Contents/Msbuild/Microsoft/VC/v160/Microsoft.Cpp.Current.targets
[1a64:0017][2019-09-25T22:11:04] Started: Copying file /Contents/Msbuild/Microsoft/VC/v160/Microsoft.Cpp.Current.targets to C:\Program Files (x86)\Microsoft Visual Studio\2019\BuildTools\Msbuild\Microsoft\VC\v160\Microsoft.Cpp.Current.targets
[1a64:0017][2019-09-25T22:11:04] Completed: Copying file /Contents/Msbuild/Microsoft/VC/v160/Microsoft.Cpp.Current.targets to C:\Program Files (x86)\Microsoft Visual Studio\2019\BuildTools\Msbuild\Microsoft\VC\v160\Microsoft.Cpp.Current.targets
[1a64:0017][2019-09-25T22:11:04] Timestamp updated for file 'C:\Program Files (x86)\Microsoft Visual Studio\2019\BuildTools\Msbuild\Microsoft\VC\v160\Microsoft.Cpp.Current.targets'.
[1a64:0017][2019-09-25T22:11:04] Processing file /Contents/Msbuild/Microsoft/VC/v160/Microsoft.Cpp.Default.props
[1a64:0017][2019-09-25T22:11:04] Started: Copying file /Contents/Msbuild/Microsoft/VC/v160/Microsoft.Cpp.Default.props to C:\Program Files (x86)\Microsoft Visual Studio\2019\BuildTools\Msbuild\Microsoft\VC\v160\Microsoft.Cpp.Default.props
[1a64:0017][2019-09-25T22:11:04] Completed: Copying file /Contents/Msbuild/Microsoft/VC/v160/Microsoft.Cpp.Default.props to C:\Program Files (x86)\Microsoft Visual Studio\2019\BuildTools\Msbuild\Microsoft\VC\v160\Microsoft.Cpp.Default.props
[1a64:0017][2019-09-25T22:11:04] Timestamp updated for file 'C:\Program Files (x86)\Microsoft Visual Studio\2019\BuildTools\Msbuild\Microsoft\VC\v160\Microsoft.Cpp.Default.props'.
[1a64:0017][2019-09-25T22:11:04] Processing file /Contents/Msbuild/Microsoft/VC/v160/Microsoft.Cpp.DesignTime.targets
[1a64:0017][2019-09-25T22:11:04] Started: Copying file /Contents/Msbuild/Microsoft/VC/v160/Microsoft.Cpp.DesignTime.targets to C:\Program Files (x86)\Microsoft Visual Studio\2019\BuildTools\Msbuild\Microsoft\VC\v160\Microsoft.Cpp.DesignTime.targets
[1a64:0017][2019-09-25T22:11:04] Completed: Copying file /Contents/Msbuild/Microsoft/VC/v160/Microsoft.Cpp.DesignTime.targets to C:\Program Files (x86)\Microsoft Visual Studio\2019\BuildTools\Msbuild\Microsoft\VC\v160\Microsoft.Cpp.DesignTime.targets
[1a64:0017][2019-09-25T22:11:04] Timestamp updated for file 'C:\Program Files (x86)\Microsoft Visual Studio\2019\BuildTools\Msbuild\Microsoft\VC\v160\Microsoft.Cpp.DesignTime.targets'.
[1a64:0017][2019-09-25T22:11:04] Processing file /Contents/Msbuild/Microsoft/VC/v160/Microsoft.Cpp.InvalidPlatform.targets
[1a64:0017][2019-09-25T22:11:04] Started: Copying file /Contents/Msbuild/Microsoft/VC/v160/Microsoft.Cpp.InvalidPlatform.targets to C:\Program Files (x86)\Microsoft Visual Studio\2019\BuildTools\Msbuild\Microsoft\VC\v160\Microsoft.Cpp.InvalidPlatform.targets
[1a64:0017][2019-09-25T22:11:04] Completed: Copying file /Contents/Msbuild/Microsoft/VC/v160/Microsoft.Cpp.InvalidPlatform.targets to C:\Program Files (x86)\Microsoft Visual Studio\2019\BuildTools\Msbuild\Microsoft\VC\v160\Microsoft.Cpp.InvalidPlatform.targets
[1a64:0017][2019-09-25T22:11:04] Timestamp updated for file 'C:\Program Files (x86)\Microsoft Visual Studio\2019\BuildTools\Msbuild\Microsoft\VC\v160\Microsoft.Cpp.InvalidPlatform.targets'.
[1a64:0017][2019-09-25T22:11:04] Processing file /Contents/Msbuild/Microsoft/VC/v160/Microsoft.Cpp.ManagedExtensions.props
[1a64:0017][2019-09-25T22:11:04] Started: Copying file /Contents/Msbuild/Microsoft/VC/v160/Microsoft.Cpp.ManagedExtensions.props to C:\Program Files (x86)\Microsoft Visual Studio\2019\BuildTools\Msbuild\Microsoft\VC\v160\Microsoft.Cpp.ManagedExtensions.props
[1a64:0017][2019-09-25T22:11:04] Completed: Copying file /Contents/Msbuild/Microsoft/VC/v160/Microsoft.Cpp.ManagedExtensions.props to C:\Program Files (x86)\Microsoft Visual Studio\2019\BuildTools\Msbuild\Microsoft\VC\v160\Microsoft.Cpp.ManagedExtensions.props
[1a64:0017][2019-09-25T22:11:04] Timestamp updated for file 'C:\Program Files (x86)\Microsoft Visual Studio\2019\BuildTools\Msbuild\Microsoft\VC\v160\Microsoft.Cpp.ManagedExtensions.props'.
[1a64:0017][2019-09-25T22:11:04] Processing file /Contents/Msbuild/Microsoft/VC/v160/Microsoft.Cpp.ManagedExtensionsNetCore.props
[1a64:0017][2019-09-25T22:11:04] Started: Copying file /Contents/Msbuild/Microsoft/VC/v160/Microsoft.Cpp.ManagedExtensionsNetCore.props to C:\Program Files (x86)\Microsoft Visual Studio\2019\BuildTools\Msbuild\Microsoft\VC\v160\Microsoft.Cpp.ManagedExtensionsNetCore.props
[1a64:0017][2019-09-25T22:11:04] Completed: Copying file /Contents/Msbuild/Microsoft/VC/v160/Microsoft.Cpp.ManagedExtensionsNetCore.props to C:\Program Files (x86)\Microsoft Visual Studio\2019\BuildTools\Msbuild\Microsoft\VC\v160\Microsoft.Cpp.ManagedExtensionsNetCore.props
[1a64:0017][2019-09-25T22:11:04] Timestamp updated for file 'C:\Program Files (x86)\Microsoft Visual Studio\2019\BuildTools\Msbuild\Microsoft\VC\v160\Microsoft.Cpp.ManagedExtensionsNetCore.props'.
[1a64:0017][2019-09-25T22:11:04] Processing file /Contents/Msbuild/Microsoft/VC/v160/Microsoft.Cpp.managedExtensionsOldSyntax.props
[1a64:0017][2019-09-25T22:11:04] Started: Copying file /Contents/Msbuild/Microsoft/VC/v160/Microsoft.Cpp.managedExtensionsOldSyntax.props to C:\Program Files (x86)\Microsoft Visual Studio\2019\BuildTools\Msbuild\Microsoft\VC\v160\Microsoft.Cpp.managedExtensionsOldSyntax.props
[1a64:0017][2019-09-25T22:11:04] Completed: Copying file /Contents/Msbuild/Microsoft/VC/v160/Microsoft.Cpp.managedExtensionsOldSyntax.props to C:\Program Files (x86)\Microsoft Visual Studio\2019\BuildTools\Msbuild\Microsoft\VC\v160\Microsoft.Cpp.managedExtensionsOldSyntax.props
[1a64:0017][2019-09-25T22:11:04] Timestamp updated for file 'C:\Program Files (x86)\Microsoft Visual Studio\2019\BuildTools\Msbuild\Microsoft\VC\v160\Microsoft.Cpp.managedExtensionsOldSyntax.props'.
[1a64:0017][2019-09-25T22:11:04] Processing file /Contents/Msbuild/Microsoft/VC/v160/Microsoft.Cpp.ManagedExtensionsPure.props
[1a64:0017][2019-09-25T22:11:04] Started: Copying file /Contents/Msbuild/Microsoft/VC/v160/Microsoft.Cpp.ManagedExtensionsPure.props to C:\Program Files (x86)\Microsoft Visual Studio\2019\BuildTools\Msbuild\Microsoft\VC\v160\Microsoft.Cpp.ManagedExtensionsPure.props
[1a64:0017][2019-09-25T22:11:04] Completed: Copying file /Contents/Msbuild/Microsoft/VC/v160/Microsoft.Cpp.ManagedExtensionsPure.props to C:\Program Files (x86)\Microsoft Visual Studio\2019\BuildTools\Msbuild\Microsoft\VC\v160\Microsoft.Cpp.ManagedExtensionsPure.props
[1a64:0017][2019-09-25T22:11:04] Timestamp updated for file 'C:\Program Files (x86)\Microsoft Visual Studio\2019\BuildTools\Msbuild\Microsoft\VC\v160\Microsoft.Cpp.ManagedExtensionsPure.props'.
[1a64:0017][2019-09-25T22:11:04] Processing file /Contents/Msbuild/Microsoft/VC/v160/Microsoft.Cpp.ManagedExtensionsSafe.props
[1a64:0017][2019-09-25T22:11:04] Started: Copying file /Contents/Msbuild/Microsoft/VC/v160/Microsoft.Cpp.ManagedExtensionsSafe.props to C:\Program Files (x86)\Microsoft Visual Studio\2019\BuildTools\Msbuild\Microsoft\VC\v160\Microsoft.Cpp.ManagedExtensionsSafe.props
[1a64:0017][2019-09-25T22:11:04] Completed: Copying file /Contents/Msbuild/Microsoft/VC/v160/Microsoft.Cpp.ManagedExtensionsSafe.props to C:\Program Files (x86)\Microsoft Visual Studio\2019\BuildTools\Msbuild\Microsoft\VC\v160\Microsoft.Cpp.ManagedExtensionsSafe.props
[1a64:0017][2019-09-25T22:11:04] Timestamp updated for file 'C:\Program Files (x86)\Microsoft Visual Studio\2019\BuildTools\Msbuild\Microsoft\VC\v160\Microsoft.Cpp.ManagedExtensionsSafe.props'.
[1a64:0017][2019-09-25T22:11:04] Processing file /Contents/Msbuild/Microsoft/VC/v160/Microsoft.Cpp.mfcDynamic.props
[1a64:0017][2019-09-25T22:11:04] Started: Copying file /Contents/Msbuild/Microsoft/VC/v160/Microsoft.Cpp.mfcDynamic.props to C:\Program Files (x86)\Microsoft Visual Studio\2019\BuildTools\Msbuild\Microsoft\VC\v160\Microsoft.Cpp.mfcDynamic.props
[1a64:0017][2019-09-25T22:11:04] Completed: Copying file /Contents/Msbuild/Microsoft/VC/v160/Microsoft.Cpp.mfcDynamic.props to C:\Program Files (x86)\Microsoft Visual Studio\2019\BuildTools\Msbuild\Microsoft\VC\v160\Microsoft.Cpp.mfcDynamic.props
[1a64:0017][2019-09-25T22:11:04] Timestamp updated for file 'C:\Program Files (x86)\Microsoft Visual Studio\2019\BuildTools\Msbuild\Microsoft\VC\v160\Microsoft.Cpp.mfcDynamic.props'.
[1a64:0017][2019-09-25T22:11:04] Processing file /Contents/Msbuild/Microsoft/VC/v160/Microsoft.Cpp.mfcStatic.props
[1a64:0017][2019-09-25T22:11:04] Started: Copying file /Contents/Msbuild/Microsoft/VC/v160/Microsoft.Cpp.mfcStatic.props to C:\Program Files (x86)\Microsoft Visual Studio\2019\BuildTools\Msbuild\Microsoft\VC\v160\Microsoft.Cpp.mfcStatic.props
[1a64:0017][2019-09-25T22:11:04] Completed: Copying file /Contents/Msbuild/Microsoft/VC/v160/Microsoft.Cpp.mfcStatic.props to C:\Program Files (x86)\Microsoft Visual Studio\2019\BuildTools\Msbuild\Microsoft\VC\v160\Microsoft.Cpp.mfcStatic.props
[1a64:0017][2019-09-25T22:11:04] Timestamp updated for file 'C:\Program Files (x86)\Microsoft Visual Studio\2019\BuildTools\Msbuild\Microsoft\VC\v160\Microsoft.Cpp.mfcStatic.props'.
[1a64:0017][2019-09-25T22:11:04] Processing file /Contents/Msbuild/Microsoft/VC/v160/Microsoft.Cpp.MissingToolset.targets
[1a64:0017][2019-09-25T22:11:04] Started: Copying file /Contents/Msbuild/Microsoft/VC/v160/Microsoft.Cpp.MissingToolset.targets to C:\Program Files (x86)\Microsoft Visual Studio\2019\BuildTools\Msbuild\Microsoft\VC\v160\Microsoft.Cpp.MissingToolset.targets
[1a64:0017][2019-09-25T22:11:04] Completed: Copying file /Contents/Msbuild/Microsoft/VC/v160/Microsoft.Cpp.MissingToolset.targets to C:\Program Files (x86)\Microsoft Visual Studio\2019\BuildTools\Msbuild\Microsoft\VC\v160\Microsoft.Cpp.MissingToolset.targets
[1a64:0017][2019-09-25T22:11:04] Timestamp updated for file 'C:\Program Files (x86)\Microsoft Visual Studio\2019\BuildTools\Msbuild\Microsoft\VC\v160\Microsoft.Cpp.MissingToolset.targets'.
[1a64:0017][2019-09-25T22:11:04] Processing file /Contents/Msbuild/Microsoft/VC/v160/Microsoft.Cpp.MSVC.Toolset.ARM.props
[1a64:0017][2019-09-25T22:11:04] Started: Copying file /Contents/Msbuild/Microsoft/VC/v160/Microsoft.Cpp.MSVC.Toolset.ARM.props to C:\Program Files (x86)\Microsoft Visual Studio\2019\BuildTools\Msbuild\Microsoft\VC\v160\Microsoft.Cpp.MSVC.Toolset.ARM.props
[1a64:0017][2019-09-25T22:11:04] Completed: Copying file /Contents/Msbuild/Microsoft/VC/v160/Microsoft.Cpp.MSVC.Toolset.ARM.props to C:\Program Files (x86)\Microsoft Visual Studio\2019\BuildTools\Msbuild\Microsoft\VC\v160\Microsoft.Cpp.MSVC.Toolset.ARM.props
[1a64:0017][2019-09-25T22:11:04] Timestamp updated for file 'C:\Program Files (x86)\Microsoft Visual Studio\2019\BuildTools\Msbuild\Microsoft\VC\v160\Microsoft.Cpp.MSVC.Toolset.ARM.props'.
[1a64:0017][2019-09-25T22:11:04] Processing file /Contents/Msbuild/Microsoft/VC/v160/Microsoft.Cpp.MSVC.Toolset.ARM64.props
[1a64:0017][2019-09-25T22:11:04] Started: Copying file /Contents/Msbuild/Microsoft/VC/v160/Microsoft.Cpp.MSVC.Toolset.ARM64.props to C:\Program Files (x86)\Microsoft Visual Studio\2019\BuildTools\Msbuild\Microsoft\VC\v160\Microsoft.Cpp.MSVC.Toolset.ARM64.props
[1a64:0017][2019-09-25T22:11:04] Completed: Copying file /Contents/Msbuild/Microsoft/VC/v160/Microsoft.Cpp.MSVC.Toolset.ARM64.props to C:\Program Files (x86)\Microsoft Visual Studio\2019\BuildTools\Msbuild\Microsoft\VC\v160\Microsoft.Cpp.MSVC.Toolset.ARM64.props
[1a64:0017][2019-09-25T22:11:04] Timestamp updated for file 'C:\Program Files (x86)\Microsoft Visual Studio\2019\BuildTools\Msbuild\Microsoft\VC\v160\Microsoft.Cpp.MSVC.Toolset.ARM64.props'.
[1a64:0017][2019-09-25T22:11:04] Processing file /Contents/Msbuild/Microsoft/VC/v160/Microsoft.Cpp.MSVC.Toolset.Common.props
[1a64:0017][2019-09-25T22:11:04] Started: Copying file /Contents/Msbuild/Microsoft/VC/v160/Microsoft.Cpp.MSVC.Toolset.Common.props to C:\Program Files (x86)\Microsoft Visual Studio\2019\BuildTools\Msbuild\Microsoft\VC\v160\Microsoft.Cpp.MSVC.Toolset.Common.props
[1a64:0017][2019-09-25T22:11:04] Completed: Copying file /Contents/Msbuild/Microsoft/VC/v160/Microsoft.Cpp.MSVC.Toolset.Common.props to C:\Program Files (x86)\Microsoft Visual Studio\2019\BuildTools\Msbuild\Microsoft\VC\v160\Microsoft.Cpp.MSVC.Toolset.Common.props
[1a64:0017][2019-09-25T22:11:04] Timestamp updated for file 'C:\Program Files (x86)\Microsoft Visual Studio\2019\BuildTools\Msbuild\Microsoft\VC\v160\Microsoft.Cpp.MSVC.Toolset.Common.props'.
[1a64:0017][2019-09-25T22:11:04] Processing file /Contents/Msbuild/Microsoft/VC/v160/Microsoft.Cpp.MSVC.Toolset.Win32.props
[1a64:0017][2019-09-25T22:11:04] Started: Copying file /Contents/Msbuild/Microsoft/VC/v160/Microsoft.Cpp.MSVC.Toolset.Win32.props to C:\Program Files (x86)\Microsoft Visual Studio\2019\BuildTools\Msbuild\Microsoft\VC\v160\Microsoft.Cpp.MSVC.Toolset.Win32.props
[1a64:0017][2019-09-25T22:11:04] Completed: Copying file /Contents/Msbuild/Microsoft/VC/v160/Microsoft.Cpp.MSVC.Toolset.Win32.props to C:\Program Files (x86)\Microsoft Visual Studio\2019\BuildTools\Msbuild\Microsoft\VC\v160\Microsoft.Cpp.MSVC.Toolset.Win32.props
[1a64:0017][2019-09-25T22:11:04] Timestamp updated for file 'C:\Program Files (x86)\Microsoft Visual Studio\2019\BuildTools\Msbuild\Microsoft\VC\v160\Microsoft.Cpp.MSVC.Toolset.Win32.props'.
[1a64:0017][2019-09-25T22:11:04] Processing file /Contents/Msbuild/Microsoft/VC/v160/Microsoft.Cpp.MSVC.Toolset.x64.props
[1a64:0017][2019-09-25T22:11:04] Started: Copying file /Contents/Msbuild/Microsoft/VC/v160/Microsoft.Cpp.MSVC.Toolset.x64.props to C:\Program Files (x86)\Microsoft Visual Studio\2019\BuildTools\Msbuild\Microsoft\VC\v160\Microsoft.Cpp.MSVC.Toolset.x64.props
[1a64:0017][2019-09-25T22:11:04] Completed: Copying file /Contents/Msbuild/Microsoft/VC/v160/Microsoft.Cpp.MSVC.Toolset.x64.props to C:\Program Files (x86)\Microsoft Visual Studio\2019\BuildTools\Msbuild\Microsoft\VC\v160\Microsoft.Cpp.MSVC.Toolset.x64.props
[1a64:0017][2019-09-25T22:11:04] Timestamp updated for file 'C:\Program Files (x86)\Microsoft Visual Studio\2019\BuildTools\Msbuild\Microsoft\VC\v160\Microsoft.Cpp.MSVC.Toolset.x64.props'.
[1a64:0017][2019-09-25T22:11:04] Processing file /Contents/Msbuild/Microsoft/VC/v160/Microsoft.Cpp.MultiByteCharSupport.props
[1a64:0017][2019-09-25T22:11:04] Started: Copying file /Contents/Msbuild/Microsoft/VC/v160/Microsoft.Cpp.MultiByteCharSupport.props to C:\Program Files (x86)\Microsoft Visual Studio\2019\BuildTools\Msbuild\Microsoft\VC\v160\Microsoft.Cpp.MultiByteCharSupport.props
[1a64:0017][2019-09-25T22:11:04] Completed: Copying file /Contents/Msbuild/Microsoft/VC/v160/Microsoft.Cpp.MultiByteCharSupport.props to C:\Program Files (x86)\Microsoft Visual Studio\2019\BuildTools\Msbuild\Microsoft\VC\v160\Microsoft.Cpp.MultiByteCharSupport.props
[1a64:0017][2019-09-25T22:11:04] Timestamp updated for file 'C:\Program Files (x86)\Microsoft Visual Studio\2019\BuildTools\Msbuild\Microsoft\VC\v160\Microsoft.Cpp.MultiByteCharSupport.props'.
[1a64:0017][2019-09-25T22:11:04] Processing file /Contents/Msbuild/Microsoft/VC/v160/Microsoft.Cpp.pginstrument.props
[1a64:0017][2019-09-25T22:11:04] Started: Copying file /Contents/Msbuild/Microsoft/VC/v160/Microsoft.Cpp.pginstrument.props to C:\Program Files (x86)\Microsoft Visual Studio\2019\BuildTools\Msbuild\Microsoft\VC\v160\Microsoft.Cpp.pginstrument.props
[1a64:0017][2019-09-25T22:11:04] Completed: Copying file /Contents/Msbuild/Microsoft/VC/v160/Microsoft.Cpp.pginstrument.props to C:\Program Files (x86)\Microsoft Visual Studio\2019\BuildTools\Msbuild\Microsoft\VC\v160\Microsoft.Cpp.pginstrument.props
[1a64:0017][2019-09-25T22:11:04] Timestamp updated for file 'C:\Program Files (x86)\Microsoft Visual Studio\2019\BuildTools\Msbuild\Microsoft\VC\v160\Microsoft.Cpp.pginstrument.props'.
[1a64:0017][2019-09-25T22:11:04] Processing file /Contents/Msbuild/Microsoft/VC/v160/Microsoft.Cpp.pgoptimize.props
[1a64:0017][2019-09-25T22:11:04] Started: Copying file /Contents/Msbuild/Microsoft/VC/v160/Microsoft.Cpp.pgoptimize.props to C:\Program Files (x86)\Microsoft Visual Studio\2019\BuildTools\Msbuild\Microsoft\VC\v160\Microsoft.Cpp.pgoptimize.props
[1a64:0017][2019-09-25T22:11:04] Completed: Copying file /Contents/Msbuild/Microsoft/VC/v160/Microsoft.Cpp.pgoptimize.props to C:\Program Files (x86)\Microsoft Visual Studio\2019\BuildTools\Msbuild\Microsoft\VC\v160\Microsoft.Cpp.pgoptimize.props
[1a64:0017][2019-09-25T22:11:04] Timestamp updated for file 'C:\Program Files (x86)\Microsoft Visual Studio\2019\BuildTools\Msbuild\Microsoft\VC\v160\Microsoft.Cpp.pgoptimize.props'.
[1a64:0017][2019-09-25T22:11:04] Processing file /Contents/Msbuild/Microsoft/VC/v160/Microsoft.Cpp.pgupdate.props
[1a64:0017][2019-09-25T22:11:04] Started: Copying file /Contents/Msbuild/Microsoft/VC/v160/Microsoft.Cpp.pgupdate.props to C:\Program Files (x86)\Microsoft Visual Studio\2019\BuildTools\Msbuild\Microsoft\VC\v160\Microsoft.Cpp.pgupdate.props
[1a64:0017][2019-09-25T22:11:04] Completed: Copying file /Contents/Msbuild/Microsoft/VC/v160/Microsoft.Cpp.pgupdate.props to C:\Program Files (x86)\Microsoft Visual Studio\2019\BuildTools\Msbuild\Microsoft\VC\v160\Microsoft.Cpp.pgupdate.props
[1a64:0017][2019-09-25T22:11:04] Timestamp updated for file 'C:\Program Files (x86)\Microsoft Visual Studio\2019\BuildTools\Msbuild\Microsoft\VC\v160\Microsoft.Cpp.pgupdate.props'.
[1a64:0017][2019-09-25T22:11:04] Processing file /Contents/Msbuild/Microsoft/VC/v160/Microsoft.Cpp.Platform.props
[1a64:0017][2019-09-25T22:11:04] Started: Copying file /Contents/Msbuild/Microsoft/VC/v160/Microsoft.Cpp.Platform.props to C:\Program Files (x86)\Microsoft Visual Studio\2019\BuildTools\Msbuild\Microsoft\VC\v160\Microsoft.Cpp.Platform.props
[1a64:0017][2019-09-25T22:11:04] Completed: Copying file /Contents/Msbuild/Microsoft/VC/v160/Microsoft.Cpp.Platform.props to C:\Program Files (x86)\Microsoft Visual Studio\2019\BuildTools\Msbuild\Microsoft\VC\v160\Microsoft.Cpp.Platform.props
[1a64:0017][2019-09-25T22:11:04] Timestamp updated for file 'C:\Program Files (x86)\Microsoft Visual Studio\2019\BuildTools\Msbuild\Microsoft\VC\v160\Microsoft.Cpp.Platform.props'.
[1a64:0017][2019-09-25T22:11:04] Processing file /Contents/Msbuild/Microsoft/VC/v160/Microsoft.Cpp.Platform.targets
[1a64:0017][2019-09-25T22:11:04] Started: Copying file /Contents/Msbuild/Microsoft/VC/v160/Microsoft.Cpp.Platform.targets to C:\Program Files (x86)\Microsoft Visual Studio\2019\BuildTools\Msbuild\Microsoft\VC\v160\Microsoft.Cpp.Platform.targets
[1a64:0017][2019-09-25T22:11:04] Completed: Copying file /Contents/Msbuild/Microsoft/VC/v160/Microsoft.Cpp.Platform.targets to C:\Program Files (x86)\Microsoft Visual Studio\2019\BuildTools\Msbuild\Microsoft\VC\v160\Microsoft.Cpp.Platform.targets
[1a64:0017][2019-09-25T22:11:04] Timestamp updated for file 'C:\Program Files (x86)\Microsoft Visual Studio\2019\BuildTools\Msbuild\Microsoft\VC\v160\Microsoft.Cpp.Platform.targets'.
[1a64:0017][2019-09-25T22:11:04] Processing file /Contents/Msbuild/Microsoft/VC/v160/Microsoft.Cpp.props
[1a64:0017][2019-09-25T22:11:04] Started: Copying file /Contents/Msbuild/Microsoft/VC/v160/Microsoft.Cpp.props to C:\Program Files (x86)\Microsoft Visual Studio\2019\BuildTools\Msbuild\Microsoft\VC\v160\Microsoft.Cpp.props
[1a64:0017][2019-09-25T22:11:04] Completed: Copying file /Contents/Msbuild/Microsoft/VC/v160/Microsoft.Cpp.props to C:\Program Files (x86)\Microsoft Visual Studio\2019\BuildTools\Msbuild\Microsoft\VC\v160\Microsoft.Cpp.props
[1a64:0017][2019-09-25T22:11:04] Timestamp updated for file 'C:\Program Files (x86)\Microsoft Visual Studio\2019\BuildTools\Msbuild\Microsoft\VC\v160\Microsoft.Cpp.props'.
[1a64:0017][2019-09-25T22:11:04] Processing file /Contents/Msbuild/Microsoft/VC/v160/Microsoft.Cpp.Redirect.10.props
[1a64:0017][2019-09-25T22:11:04] Started: Copying file /Contents/Msbuild/Microsoft/VC/v160/Microsoft.Cpp.Redirect.10.props to C:\Program Files (x86)\Microsoft Visual Studio\2019\BuildTools\Msbuild\Microsoft\VC\v160\Microsoft.Cpp.Redirect.10.props
[1a64:0017][2019-09-25T22:11:04] Completed: Copying file /Contents/Msbuild/Microsoft/VC/v160/Microsoft.Cpp.Redirect.10.props to C:\Program Files (x86)\Microsoft Visual Studio\2019\BuildTools\Msbuild\Microsoft\VC\v160\Microsoft.Cpp.Redirect.10.props
[1a64:0017][2019-09-25T22:11:04] Timestamp updated for file 'C:\Program Files (x86)\Microsoft Visual Studio\2019\BuildTools\Msbuild\Microsoft\VC\v160\Microsoft.Cpp.Redirect.10.props'.
[1a64:0017][2019-09-25T22:11:04] Processing file /Contents/Msbuild/Microsoft/VC/v160/Microsoft.Cpp.Redirect.10.targets
[1a64:0017][2019-09-25T22:11:04] Started: Copying file /Contents/Msbuild/Microsoft/VC/v160/Microsoft.Cpp.Redirect.10.targets to C:\Program Files (x86)\Microsoft Visual Studio\2019\BuildTools\Msbuild\Microsoft\VC\v160\Microsoft.Cpp.Redirect.10.targets
[1a64:0017][2019-09-25T22:11:04] Completed: Copying file /Contents/Msbuild/Microsoft/VC/v160/Microsoft.Cpp.Redirect.10.targets to C:\Program Files (x86)\Microsoft Visual Studio\2019\BuildTools\Msbuild\Microsoft\VC\v160\Microsoft.Cpp.Redirect.10.targets
[1a64:0017][2019-09-25T22:11:04] Timestamp updated for file 'C:\Program Files (x86)\Microsoft Visual Studio\2019\BuildTools\Msbuild\Microsoft\VC\v160\Microsoft.Cpp.Redirect.10.targets'.
[1a64:0017][2019-09-25T22:11:04] Processing file /Contents/Msbuild/Microsoft/VC/v160/Microsoft.Cpp.Redirect.11.props
[1a64:0017][2019-09-25T22:11:04] Started: Copying file /Contents/Msbuild/Microsoft/VC/v160/Microsoft.Cpp.Redirect.11.props to C:\Program Files (x86)\Microsoft Visual Studio\2019\BuildTools\Msbuild\Microsoft\VC\v160\Microsoft.Cpp.Redirect.11.props
[1a64:0017][2019-09-25T22:11:04] Completed: Copying file /Contents/Msbuild/Microsoft/VC/v160/Microsoft.Cpp.Redirect.11.props to C:\Program Files (x86)\Microsoft Visual Studio\2019\BuildTools\Msbuild\Microsoft\VC\v160\Microsoft.Cpp.Redirect.11.props
[1a64:0017][2019-09-25T22:11:04] Timestamp updated for file 'C:\Program Files (x86)\Microsoft Visual Studio\2019\BuildTools\Msbuild\Microsoft\VC\v160\Microsoft.Cpp.Redirect.11.props'.
[1a64:0017][2019-09-25T22:11:04] Processing file /Contents/Msbuild/Microsoft/VC/v160/Microsoft.Cpp.Redirect.11.targets
[1a64:0017][2019-09-25T22:11:04] Started: Copying file /Contents/Msbuild/Microsoft/VC/v160/Microsoft.Cpp.Redirect.11.targets to C:\Program Files (x86)\Microsoft Visual Studio\2019\BuildTools\Msbuild\Microsoft\VC\v160\Microsoft.Cpp.Redirect.11.targets
[1a64:0017][2019-09-25T22:11:04] Completed: Copying file /Contents/Msbuild/Microsoft/VC/v160/Microsoft.Cpp.Redirect.11.targets to C:\Program Files (x86)\Microsoft Visual Studio\2019\BuildTools\Msbuild\Microsoft\VC\v160\Microsoft.Cpp.Redirect.11.targets
[1a64:0017][2019-09-25T22:11:04] Timestamp updated for file 'C:\Program Files (x86)\Microsoft Visual Studio\2019\BuildTools\Msbuild\Microsoft\VC\v160\Microsoft.Cpp.Redirect.11.targets'.
[1a64:0017][2019-09-25T22:11:04] Processing file /Contents/Msbuild/Microsoft/VC/v160/Microsoft.Cpp.Redirect.12.props
[1a64:0017][2019-09-25T22:11:04] Started: Copying file /Contents/Msbuild/Microsoft/VC/v160/Microsoft.Cpp.Redirect.12.props to C:\Program Files (x86)\Microsoft Visual Studio\2019\BuildTools\Msbuild\Microsoft\VC\v160\Microsoft.Cpp.Redirect.12.props
[1a64:0017][2019-09-25T22:11:04] Completed: Copying file /Contents/Msbuild/Microsoft/VC/v160/Microsoft.Cpp.Redirect.12.props to C:\Program Files (x86)\Microsoft Visual Studio\2019\BuildTools\Msbuild\Microsoft\VC\v160\Microsoft.Cpp.Redirect.12.props
[1a64:0017][2019-09-25T22:11:04] Timestamp updated for file 'C:\Program Files (x86)\Microsoft Visual Studio\2019\BuildTools\Msbuild\Microsoft\VC\v160\Microsoft.Cpp.Redirect.12.props'.
[1a64:0017][2019-09-25T22:11:04] Processing file /Contents/Msbuild/Microsoft/VC/v160/Microsoft.Cpp.Redirect.12.targets
[1a64:0017][2019-09-25T22:11:04] Started: Copying file /Contents/Msbuild/Microsoft/VC/v160/Microsoft.Cpp.Redirect.12.targets to C:\Program Files (x86)\Microsoft Visual Studio\2019\BuildTools\Msbuild\Microsoft\VC\v160\Microsoft.Cpp.Redirect.12.targets
[1a64:0017][2019-09-25T22:11:04] Completed: Copying file /Contents/Msbuild/Microsoft/VC/v160/Microsoft.Cpp.Redirect.12.targets to C:\Program Files (x86)\Microsoft Visual Studio\2019\BuildTools\Msbuild\Microsoft\VC\v160\Microsoft.Cpp.Redirect.12.targets
[1a64:0017][2019-09-25T22:11:04] Timestamp updated for file 'C:\Program Files (x86)\Microsoft Visual Studio\2019\BuildTools\Msbuild\Microsoft\VC\v160\Microsoft.Cpp.Redirect.12.targets'.
[1a64:0017][2019-09-25T22:11:04] Processing file /Contents/Msbuild/Microsoft/VC/v160/Microsoft.Cpp.Redirect.14.props
[1a64:0017][2019-09-25T22:11:04] Started: Copying file /Contents/Msbuild/Microsoft/VC/v160/Microsoft.Cpp.Redirect.14.props to C:\Program Files (x86)\Microsoft Visual Studio\2019\BuildTools\Msbuild\Microsoft\VC\v160\Microsoft.Cpp.Redirect.14.props
[1a64:0017][2019-09-25T22:11:04] Completed: Copying file /Contents/Msbuild/Microsoft/VC/v160/Microsoft.Cpp.Redirect.14.props to C:\Program Files (x86)\Microsoft Visual Studio\2019\BuildTools\Msbuild\Microsoft\VC\v160\Microsoft.Cpp.Redirect.14.props
[1a64:0017][2019-09-25T22:11:04] Timestamp updated for file 'C:\Program Files (x86)\Microsoft Visual Studio\2019\BuildTools\Msbuild\Microsoft\VC\v160\Microsoft.Cpp.Redirect.14.props'.
[1a64:0017][2019-09-25T22:11:04] Processing file /Contents/Msbuild/Microsoft/VC/v160/Microsoft.Cpp.Redirect.14.targets
[1a64:0017][2019-09-25T22:11:04] Started: Copying file /Contents/Msbuild/Microsoft/VC/v160/Microsoft.Cpp.Redirect.14.targets to C:\Program Files (x86)\Microsoft Visual Studio\2019\BuildTools\Msbuild\Microsoft\VC\v160\Microsoft.Cpp.Redirect.14.targets
[1a64:0017][2019-09-25T22:11:04] Completed: Copying file /Contents/Msbuild/Microsoft/VC/v160/Microsoft.Cpp.Redirect.14.targets to C:\Program Files (x86)\Microsoft Visual Studio\2019\BuildTools\Msbuild\Microsoft\VC\v160\Microsoft.Cpp.Redirect.14.targets
[1a64:0017][2019-09-25T22:11:04] Timestamp updated for file 'C:\Program Files (x86)\Microsoft Visual Studio\2019\BuildTools\Msbuild\Microsoft\VC\v160\Microsoft.Cpp.Redirect.14.targets'.
[1a64:0017][2019-09-25T22:11:04] Processing file /Contents/Msbuild/Microsoft/VC/v160/Microsoft.Cpp.Redirect.15.props
[1a64:0017][2019-09-25T22:11:04] Started: Copying file /Contents/Msbuild/Microsoft/VC/v160/Microsoft.Cpp.Redirect.15.props to C:\Program Files (x86)\Microsoft Visual Studio\2019\BuildTools\Msbuild\Microsoft\VC\v160\Microsoft.Cpp.Redirect.15.props
[1a64:0017][2019-09-25T22:11:04] Completed: Copying file /Contents/Msbuild/Microsoft/VC/v160/Microsoft.Cpp.Redirect.15.props to C:\Program Files (x86)\Microsoft Visual Studio\2019\BuildTools\Msbuild\Microsoft\VC\v160\Microsoft.Cpp.Redirect.15.props
[1a64:0017][2019-09-25T22:11:04] Timestamp updated for file 'C:\Program Files (x86)\Microsoft Visual Studio\2019\BuildTools\Msbuild\Microsoft\VC\v160\Microsoft.Cpp.Redirect.15.props'.
[1a64:0017][2019-09-25T22:11:04] Processing file /Contents/Msbuild/Microsoft/VC/v160/Microsoft.Cpp.Redirect.15.targets
[1a64:0017][2019-09-25T22:11:04] Started: Copying file /Contents/Msbuild/Microsoft/VC/v160/Microsoft.Cpp.Redirect.15.targets to C:\Program Files (x86)\Microsoft Visual Studio\2019\BuildTools\Msbuild\Microsoft\VC\v160\Microsoft.Cpp.Redirect.15.targets
[1a64:0017][2019-09-25T22:11:04] Completed: Copying file /Contents/Msbuild/Microsoft/VC/v160/Microsoft.Cpp.Redirect.15.targets to C:\Program Files (x86)\Microsoft Visual Studio\2019\BuildTools\Msbuild\Microsoft\VC\v160\Microsoft.Cpp.Redirect.15.targets
[1a64:0017][2019-09-25T22:11:04] Timestamp updated for file 'C:\Program Files (x86)\Microsoft Visual Studio\2019\BuildTools\Msbuild\Microsoft\VC\v160\Microsoft.Cpp.Redirect.15.targets'.
[1a64:0017][2019-09-25T22:11:04] Processing file /Contents/Msbuild/Microsoft/VC/v160/Microsoft.Cpp.Redirect.props
[1a64:0017][2019-09-25T22:11:04] Started: Copying file /Contents/Msbuild/Microsoft/VC/v160/Microsoft.Cpp.Redirect.props to C:\Program Files (x86)\Microsoft Visual Studio\2019\BuildTools\Msbuild\Microsoft\VC\v160\Microsoft.Cpp.Redirect.props
[1a64:0017][2019-09-25T22:11:04] Completed: Copying file /Contents/Msbuild/Microsoft/VC/v160/Microsoft.Cpp.Redirect.props to C:\Program Files (x86)\Microsoft Visual Studio\2019\BuildTools\Msbuild\Microsoft\VC\v160\Microsoft.Cpp.Redirect.props
[1a64:0017][2019-09-25T22:11:04] Timestamp updated for file 'C:\Program Files (x86)\Microsoft Visual Studio\2019\BuildTools\Msbuild\Microsoft\VC\v160\Microsoft.Cpp.Redirect.props'.
[1a64:0017][2019-09-25T22:11:04] Processing file /Contents/Msbuild/Microsoft/VC/v160/Microsoft.Cpp.Redirect.targets
[1a64:0017][2019-09-25T22:11:04] Started: Copying file /Contents/Msbuild/Microsoft/VC/v160/Microsoft.Cpp.Redirect.targets to C:\Program Files (x86)\Microsoft Visual Studio\2019\BuildTools\Msbuild\Microsoft\VC\v160\Microsoft.Cpp.Redirect.targets
[1a64:0017][2019-09-25T22:11:04] Completed: Copying file /Contents/Msbuild/Microsoft/VC/v160/Microsoft.Cpp.Redirect.targets to C:\Program Files (x86)\Microsoft Visual Studio\2019\BuildTools\Msbuild\Microsoft\VC\v160\Microsoft.Cpp.Redirect.targets
[1a64:0017][2019-09-25T22:11:04] Timestamp updated for file 'C:\Program Files (x86)\Microsoft Visual Studio\2019\BuildTools\Msbuild\Microsoft\VC\v160\Microsoft.Cpp.Redirect.targets'.
[1a64:0017][2019-09-25T22:11:04] Processing file /Contents/Msbuild/Microsoft/VC/v160/Microsoft.Cpp.StaticAnalysis.props
[1a64:0017][2019-09-25T22:11:04] Started: Copying file /Contents/Msbuild/Microsoft/VC/v160/Microsoft.Cpp.StaticAnalysis.props to C:\Program Files (x86)\Microsoft Visual Studio\2019\BuildTools\Msbuild\Microsoft\VC\v160\Microsoft.Cpp.StaticAnalysis.props
[1a64:0017][2019-09-25T22:11:04] Completed: Copying file /Contents/Msbuild/Microsoft/VC/v160/Microsoft.Cpp.StaticAnalysis.props to C:\Program Files (x86)\Microsoft Visual Studio\2019\BuildTools\Msbuild\Microsoft\VC\v160\Microsoft.Cpp.StaticAnalysis.props
[1a64:0017][2019-09-25T22:11:04] Timestamp updated for file 'C:\Program Files (x86)\Microsoft Visual Studio\2019\BuildTools\Msbuild\Microsoft\VC\v160\Microsoft.Cpp.StaticAnalysis.props'.
[1a64:0017][2019-09-25T22:11:04] Processing file /Contents/Msbuild/Microsoft/VC/v160/Microsoft.Cpp.targets
[1a64:0017][2019-09-25T22:11:04] Started: Copying file /Contents/Msbuild/Microsoft/VC/v160/Microsoft.Cpp.targets to C:\Program Files (x86)\Microsoft Visual Studio\2019\BuildTools\Msbuild\Microsoft\VC\v160\Microsoft.Cpp.targets
[1a64:0017][2019-09-25T22:11:04] Completed: Copying file /Contents/Msbuild/Microsoft/VC/v160/Microsoft.Cpp.targets to C:\Program Files (x86)\Microsoft Visual Studio\2019\BuildTools\Msbuild\Microsoft\VC\v160\Microsoft.Cpp.targets
[1a64:0017][2019-09-25T22:11:04] Timestamp updated for file 'C:\Program Files (x86)\Microsoft Visual Studio\2019\BuildTools\Msbuild\Microsoft\VC\v160\Microsoft.Cpp.targets'.
[1a64:0017][2019-09-25T22:11:04] Processing file /Contents/Msbuild/Microsoft/VC/v160/Microsoft.Cpp.ToolsetLocation.props
[1a64:0017][2019-09-25T22:11:04] Started: Copying file /Contents/Msbuild/Microsoft/VC/v160/Microsoft.Cpp.ToolsetLocation.props to C:\Program Files (x86)\Microsoft Visual Studio\2019\BuildTools\Msbuild\Microsoft\VC\v160\Microsoft.Cpp.ToolsetLocation.props
[1a64:0017][2019-09-25T22:11:04] Completed: Copying file /Contents/Msbuild/Microsoft/VC/v160/Microsoft.Cpp.ToolsetLocation.props to C:\Program Files (x86)\Microsoft Visual Studio\2019\BuildTools\Msbuild\Microsoft\VC\v160\Microsoft.Cpp.ToolsetLocation.props
[1a64:0017][2019-09-25T22:11:04] Timestamp updated for file 'C:\Program Files (x86)\Microsoft Visual Studio\2019\BuildTools\Msbuild\Microsoft\VC\v160\Microsoft.Cpp.ToolsetLocation.props'.
[1a64:0017][2019-09-25T22:11:04] Processing file /Contents/Msbuild/Microsoft/VC/v160/Microsoft.Cpp.ToolsetLocation.targets
[1a64:0017][2019-09-25T22:11:04] Started: Copying file /Contents/Msbuild/Microsoft/VC/v160/Microsoft.Cpp.ToolsetLocation.targets to C:\Program Files (x86)\Microsoft Visual Studio\2019\BuildTools\Msbuild\Microsoft\VC\v160\Microsoft.Cpp.ToolsetLocation.targets
[1a64:0017][2019-09-25T22:11:04] Completed: Copying file /Contents/Msbuild/Microsoft/VC/v160/Microsoft.Cpp.ToolsetLocation.targets to C:\Program Files (x86)\Microsoft Visual Studio\2019\BuildTools\Msbuild\Microsoft\VC\v160\Microsoft.Cpp.ToolsetLocation.targets
[1a64:0017][2019-09-25T22:11:04] Timestamp updated for file 'C:\Program Files (x86)\Microsoft Visual Studio\2019\BuildTools\Msbuild\Microsoft\VC\v160\Microsoft.Cpp.ToolsetLocation.targets'.
[1a64:0017][2019-09-25T22:11:04] Processing file /Contents/Msbuild/Microsoft/VC/v160/Microsoft.Cpp.unicodesupport.props
[1a64:0017][2019-09-25T22:11:04] Started: Copying file /Contents/Msbuild/Microsoft/VC/v160/Microsoft.Cpp.unicodesupport.props to C:\Program Files (x86)\Microsoft Visual Studio\2019\BuildTools\Msbuild\Microsoft\VC\v160\Microsoft.Cpp.unicodesupport.props
[1a64:0017][2019-09-25T22:11:04] Completed: Copying file /Contents/Msbuild/Microsoft/VC/v160/Microsoft.Cpp.unicodesupport.props to C:\Program Files (x86)\Microsoft Visual Studio\2019\BuildTools\Msbuild\Microsoft\VC\v160\Microsoft.Cpp.unicodesupport.props
[1a64:0017][2019-09-25T22:11:04] Timestamp updated for file 'C:\Program Files (x86)\Microsoft Visual Studio\2019\BuildTools\Msbuild\Microsoft\VC\v160\Microsoft.Cpp.unicodesupport.props'.
[1a64:0017][2019-09-25T22:11:04] Processing file /Contents/Msbuild/Microsoft/VC/v160/Microsoft.Cpp.Unity.props
[1a64:0017][2019-09-25T22:11:04] Started: Copying file /Contents/Msbuild/Microsoft/VC/v160/Microsoft.Cpp.Unity.props to C:\Program Files (x86)\Microsoft Visual Studio\2019\BuildTools\Msbuild\Microsoft\VC\v160\Microsoft.Cpp.Unity.props
[1a64:0017][2019-09-25T22:11:04] Completed: Copying file /Contents/Msbuild/Microsoft/VC/v160/Microsoft.Cpp.Unity.props to C:\Program Files (x86)\Microsoft Visual Studio\2019\BuildTools\Msbuild\Microsoft\VC\v160\Microsoft.Cpp.Unity.props
[1a64:0017][2019-09-25T22:11:04] Timestamp updated for file 'C:\Program Files (x86)\Microsoft Visual Studio\2019\BuildTools\Msbuild\Microsoft\VC\v160\Microsoft.Cpp.Unity.props'.
[1a64:0017][2019-09-25T22:11:04] Processing file /Contents/Msbuild/Microsoft/VC/v160/Microsoft.Cpp.Unity.targets
[1a64:0017][2019-09-25T22:11:04] Started: Copying file /Contents/Msbuild/Microsoft/VC/v160/Microsoft.Cpp.Unity.targets to C:\Program Files (x86)\Microsoft Visual Studio\2019\BuildTools\Msbuild\Microsoft\VC\v160\Microsoft.Cpp.Unity.targets
[1a64:0017][2019-09-25T22:11:04] Completed: Copying file /Contents/Msbuild/Microsoft/VC/v160/Microsoft.Cpp.Unity.targets to C:\Program Files (x86)\Microsoft Visual Studio\2019\BuildTools\Msbuild\Microsoft\VC\v160\Microsoft.Cpp.Unity.targets
[1a64:0017][2019-09-25T22:11:04] Timestamp updated for file 'C:\Program Files (x86)\Microsoft Visual Studio\2019\BuildTools\Msbuild\Microsoft\VC\v160\Microsoft.Cpp.Unity.targets'.
[1a64:0017][2019-09-25T22:11:04] Processing file /Contents/Msbuild/Microsoft/VC/v160/Microsoft.Cpp.UpgradeFromVC60.props
[1a64:0017][2019-09-25T22:11:04] Started: Copying file /Contents/Msbuild/Microsoft/VC/v160/Microsoft.Cpp.UpgradeFromVC60.props to C:\Program Files (x86)\Microsoft Visual Studio\2019\BuildTools\Msbuild\Microsoft\VC\v160\Microsoft.Cpp.UpgradeFromVC60.props
[1a64:0017][2019-09-25T22:11:04] Completed: Copying file /Contents/Msbuild/Microsoft/VC/v160/Microsoft.Cpp.UpgradeFromVC60.props to C:\Program Files (x86)\Microsoft Visual Studio\2019\BuildTools\Msbuild\Microsoft\VC\v160\Microsoft.Cpp.UpgradeFromVC60.props
[1a64:0017][2019-09-25T22:11:04] Timestamp updated for file 'C:\Program Files (x86)\Microsoft Visual Studio\2019\BuildTools\Msbuild\Microsoft\VC\v160\Microsoft.Cpp.UpgradeFromVC60.props'.
[1a64:0017][2019-09-25T22:11:04] Processing file /Contents/Msbuild/Microsoft/VC/v160/Microsoft.Cpp.UpgradeFromVC70.props
[1a64:0017][2019-09-25T22:11:04] Started: Copying file /Contents/Msbuild/Microsoft/VC/v160/Microsoft.Cpp.UpgradeFromVC70.props to C:\Program Files (x86)\Microsoft Visual Studio\2019\BuildTools\Msbuild\Microsoft\VC\v160\Microsoft.Cpp.UpgradeFromVC70.props
[1a64:0017][2019-09-25T22:11:04] Completed: Copying file /Contents/Msbuild/Microsoft/VC/v160/Microsoft.Cpp.UpgradeFromVC70.props to C:\Program Files (x86)\Microsoft Visual Studio\2019\BuildTools\Msbuild\Microsoft\VC\v160\Microsoft.Cpp.UpgradeFromVC70.props
[1a64:0017][2019-09-25T22:11:04] Timestamp updated for file 'C:\Program Files (x86)\Microsoft Visual Studio\2019\BuildTools\Msbuild\Microsoft\VC\v160\Microsoft.Cpp.UpgradeFromVC70.props'.
[1a64:0017][2019-09-25T22:11:04] Processing file /Contents/Msbuild/Microsoft/VC/v160/Microsoft.Cpp.UpgradeFromVC71.props
[1a64:0017][2019-09-25T22:11:04] Started: Copying file /Contents/Msbuild/Microsoft/VC/v160/Microsoft.Cpp.UpgradeFromVC71.props to C:\Program Files (x86)\Microsoft Visual Studio\2019\BuildTools\Msbuild\Microsoft\VC\v160\Microsoft.Cpp.UpgradeFromVC71.props
[1a64:0017][2019-09-25T22:11:04] Completed: Copying file /Contents/Msbuild/Microsoft/VC/v160/Microsoft.Cpp.UpgradeFromVC71.props to C:\Program Files (x86)\Microsoft Visual Studio\2019\BuildTools\Msbuild\Microsoft\VC\v160\Microsoft.Cpp.UpgradeFromVC71.props
[1a64:0017][2019-09-25T22:11:04] Timestamp updated for file 'C:\Program Files (x86)\Microsoft Visual Studio\2019\BuildTools\Msbuild\Microsoft\VC\v160\Microsoft.Cpp.UpgradeFromVC71.props'.
[1a64:0017][2019-09-25T22:11:04] Processing file /Contents/Msbuild/Microsoft/VC/v160/Microsoft.Cpp.VCTools.Content.props
[1a64:0017][2019-09-25T22:11:04] Started: Copying file /Contents/Msbuild/Microsoft/VC/v160/Microsoft.Cpp.VCTools.Content.props to C:\Program Files (x86)\Microsoft Visual Studio\2019\BuildTools\Msbuild\Microsoft\VC\v160\Microsoft.Cpp.VCTools.Content.props
[1a64:0017][2019-09-25T22:11:04] Completed: Copying file /Contents/Msbuild/Microsoft/VC/v160/Microsoft.Cpp.VCTools.Content.props to C:\Program Files (x86)\Microsoft Visual Studio\2019\BuildTools\Msbuild\Microsoft\VC\v160\Microsoft.Cpp.VCTools.Content.props
[1a64:0017][2019-09-25T22:11:04] Timestamp updated for file 'C:\Program Files (x86)\Microsoft Visual Studio\2019\BuildTools\Msbuild\Microsoft\VC\v160\Microsoft.Cpp.VCTools.Content.props'.
[1a64:0017][2019-09-25T22:11:04] Processing file /Contents/Msbuild/Microsoft/VC/v160/Microsoft.Cpp.VCTools.props
[1a64:0017][2019-09-25T22:11:04] Started: Copying file /Contents/Msbuild/Microsoft/VC/v160/Microsoft.Cpp.VCTools.props to C:\Program Files (x86)\Microsoft Visual Studio\2019\BuildTools\Msbuild\Microsoft\VC\v160\Microsoft.Cpp.VCTools.props
[1a64:0017][2019-09-25T22:11:04] Completed: Copying file /Contents/Msbuild/Microsoft/VC/v160/Microsoft.Cpp.VCTools.props to C:\Program Files (x86)\Microsoft Visual Studio\2019\BuildTools\Msbuild\Microsoft\VC\v160\Microsoft.Cpp.VCTools.props
[1a64:0017][2019-09-25T22:11:04] Timestamp updated for file 'C:\Program Files (x86)\Microsoft Visual Studio\2019\BuildTools\Msbuild\Microsoft\VC\v160\Microsoft.Cpp.VCTools.props'.
[1a64:0017][2019-09-25T22:11:04] Processing file /Contents/Msbuild/Microsoft/VC/v160/Microsoft.Cpp.WholeProgramOptimization.props
[1a64:0017][2019-09-25T22:11:04] Started: Copying file /Contents/Msbuild/Microsoft/VC/v160/Microsoft.Cpp.WholeProgramOptimization.props to C:\Program Files (x86)\Microsoft Visual Studio\2019\BuildTools\Msbuild\Microsoft\VC\v160\Microsoft.Cpp.WholeProgramOptimization.props
[1a64:0017][2019-09-25T22:11:04] Completed: Copying file /Contents/Msbuild/Microsoft/VC/v160/Microsoft.Cpp.WholeProgramOptimization.props to C:\Program Files (x86)\Microsoft Visual Studio\2019\BuildTools\Msbuild\Microsoft\VC\v160\Microsoft.Cpp.WholeProgramOptimization.props
[1a64:0017][2019-09-25T22:11:04] Timestamp updated for file 'C:\Program Files (x86)\Microsoft Visual Studio\2019\BuildTools\Msbuild\Microsoft\VC\v160\Microsoft.Cpp.WholeProgramOptimization.props'.
[1a64:0017][2019-09-25T22:11:04] Processing file /Contents/Msbuild/Microsoft/VC/v160/Microsoft.Cpp.WinDLL.props
[1a64:0017][2019-09-25T22:11:04] Started: Copying file /Contents/Msbuild/Microsoft/VC/v160/Microsoft.Cpp.WinDLL.props to C:\Program Files (x86)\Microsoft Visual Studio\2019\BuildTools\Msbuild\Microsoft\VC\v160\Microsoft.Cpp.WinDLL.props
[1a64:0017][2019-09-25T22:11:04] Completed: Copying file /Contents/Msbuild/Microsoft/VC/v160/Microsoft.Cpp.WinDLL.props to C:\Program Files (x86)\Microsoft Visual Studio\2019\BuildTools\Msbuild\Microsoft\VC\v160\Microsoft.Cpp.WinDLL.props
[1a64:0017][2019-09-25T22:11:04] Timestamp updated for file 'C:\Program Files (x86)\Microsoft Visual Studio\2019\BuildTools\Msbuild\Microsoft\VC\v160\Microsoft.Cpp.WinDLL.props'.
[1a64:0017][2019-09-25T22:11:04] Processing file /Contents/Msbuild/Microsoft/VC/v160/Microsoft.Cpp.WindowsSDK.props
[1a64:0017][2019-09-25T22:11:04] Started: Copying file /Contents/Msbuild/Microsoft/VC/v160/Microsoft.Cpp.WindowsSDK.props to C:\Program Files (x86)\Microsoft Visual Studio\2019\BuildTools\Msbuild\Microsoft\VC\v160\Microsoft.Cpp.WindowsSDK.props
[1a64:0017][2019-09-25T22:11:04] Completed: Copying file /Contents/Msbuild/Microsoft/VC/v160/Microsoft.Cpp.WindowsSDK.props to C:\Program Files (x86)\Microsoft Visual Studio\2019\BuildTools\Msbuild\Microsoft\VC\v160\Microsoft.Cpp.WindowsSDK.props
[1a64:0017][2019-09-25T22:11:04] Timestamp updated for file 'C:\Program Files (x86)\Microsoft Visual Studio\2019\BuildTools\Msbuild\Microsoft\VC\v160\Microsoft.Cpp.WindowsSDK.props'.
[1a64:0017][2019-09-25T22:11:04] Processing file /Contents/Msbuild/Microsoft/VC/v160/Microsoft.Cpp.WindowsSDK.targets
[1a64:0017][2019-09-25T22:11:04] Started: Copying file /Contents/Msbuild/Microsoft/VC/v160/Microsoft.Cpp.WindowsSDK.targets to C:\Program Files (x86)\Microsoft Visual Studio\2019\BuildTools\Msbuild\Microsoft\VC\v160\Microsoft.Cpp.WindowsSDK.targets
[1a64:0017][2019-09-25T22:11:04] Completed: Copying file /Contents/Msbuild/Microsoft/VC/v160/Microsoft.Cpp.WindowsSDK.targets to C:\Program Files (x86)\Microsoft Visual Studio\2019\BuildTools\Msbuild\Microsoft\VC\v160\Microsoft.Cpp.WindowsSDK.targets
[1a64:0017][2019-09-25T22:11:04] Timestamp updated for file 'C:\Program Files (x86)\Microsoft Visual Studio\2019\BuildTools\Msbuild\Microsoft\VC\v160\Microsoft.Cpp.WindowsSDK.targets'.
[1a64:0017][2019-09-25T22:11:04] Processing file /Contents/Msbuild/Microsoft/VC/v160/Microsoft.CppBuild.targets
[1a64:0017][2019-09-25T22:11:04] Started: Copying file /Contents/Msbuild/Microsoft/VC/v160/Microsoft.CppBuild.targets to C:\Program Files (x86)\Microsoft Visual Studio\2019\BuildTools\Msbuild\Microsoft\VC\v160\Microsoft.CppBuild.targets
[1a64:0017][2019-09-25T22:11:04] Completed: Copying file /Contents/Msbuild/Microsoft/VC/v160/Microsoft.CppBuild.targets to C:\Program Files (x86)\Microsoft Visual Studio\2019\BuildTools\Msbuild\Microsoft\VC\v160\Microsoft.CppBuild.targets
[1a64:0017][2019-09-25T22:11:04] Timestamp updated for file 'C:\Program Files (x86)\Microsoft Visual Studio\2019\BuildTools\Msbuild\Microsoft\VC\v160\Microsoft.CppBuild.targets'.
[1a64:0017][2019-09-25T22:11:04] Processing file /Contents/Msbuild/Microsoft/VC/v160/Microsoft.CppClean.targets
[1a64:0017][2019-09-25T22:11:04] Started: Copying file /Contents/Msbuild/Microsoft/VC/v160/Microsoft.CppClean.targets to C:\Program Files (x86)\Microsoft Visual Studio\2019\BuildTools\Msbuild\Microsoft\VC\v160\Microsoft.CppClean.targets
[1a64:0017][2019-09-25T22:11:04] Completed: Copying file /Contents/Msbuild/Microsoft/VC/v160/Microsoft.CppClean.targets to C:\Program Files (x86)\Microsoft Visual Studio\2019\BuildTools\Msbuild\Microsoft\VC\v160\Microsoft.CppClean.targets
[1a64:0017][2019-09-25T22:11:04] Timestamp updated for file 'C:\Program Files (x86)\Microsoft Visual Studio\2019\BuildTools\Msbuild\Microsoft\VC\v160\Microsoft.CppClean.targets'.
[1a64:0017][2019-09-25T22:11:04] Processing file /Contents/Msbuild/Microsoft/VC/v160/Microsoft.CppCommon.targets
[1a64:0017][2019-09-25T22:11:04] Started: Copying file /Contents/Msbuild/Microsoft/VC/v160/Microsoft.CppCommon.targets to C:\Program Files (x86)\Microsoft Visual Studio\2019\BuildTools\Msbuild\Microsoft\VC\v160\Microsoft.CppCommon.targets
[1a64:0017][2019-09-25T22:11:04] Completed: Copying file /Contents/Msbuild/Microsoft/VC/v160/Microsoft.CppCommon.targets to C:\Program Files (x86)\Microsoft Visual Studio\2019\BuildTools\Msbuild\Microsoft\VC\v160\Microsoft.CppCommon.targets
[1a64:0017][2019-09-25T22:11:04] Timestamp updated for file 'C:\Program Files (x86)\Microsoft Visual Studio\2019\BuildTools\Msbuild\Microsoft\VC\v160\Microsoft.CppCommon.targets'.
[1a64:0017][2019-09-25T22:11:04] Processing file /Contents/Msbuild/Microsoft/VC/v160/Microsoft.Link.Common.props
[1a64:0017][2019-09-25T22:11:04] Started: Copying file /Contents/Msbuild/Microsoft/VC/v160/Microsoft.Link.Common.props to C:\Program Files (x86)\Microsoft Visual Studio\2019\BuildTools\Msbuild\Microsoft\VC\v160\Microsoft.Link.Common.props
[1a64:0017][2019-09-25T22:11:04] Completed: Copying file /Contents/Msbuild/Microsoft/VC/v160/Microsoft.Link.Common.props to C:\Program Files (x86)\Microsoft Visual Studio\2019\BuildTools\Msbuild\Microsoft\VC\v160\Microsoft.Link.Common.props
[1a64:0017][2019-09-25T22:11:04] Timestamp updated for file 'C:\Program Files (x86)\Microsoft Visual Studio\2019\BuildTools\Msbuild\Microsoft\VC\v160\Microsoft.Link.Common.props'.
[1a64:0017][2019-09-25T22:11:04] Processing file /Contents/Msbuild/Microsoft/VC/v160/Microsoft.Makefile.props
[1a64:0017][2019-09-25T22:11:04] Started: Copying file /Contents/Msbuild/Microsoft/VC/v160/Microsoft.Makefile.props to C:\Program Files (x86)\Microsoft Visual Studio\2019\BuildTools\Msbuild\Microsoft\VC\v160\Microsoft.Makefile.props
[1a64:0017][2019-09-25T22:11:04] Completed: Copying file /Contents/Msbuild/Microsoft/VC/v160/Microsoft.Makefile.props to C:\Program Files (x86)\Microsoft Visual Studio\2019\BuildTools\Msbuild\Microsoft\VC\v160\Microsoft.Makefile.props
[1a64:0017][2019-09-25T22:11:04] Timestamp updated for file 'C:\Program Files (x86)\Microsoft Visual Studio\2019\BuildTools\Msbuild\Microsoft\VC\v160\Microsoft.Makefile.props'.
[1a64:0017][2019-09-25T22:11:04] Processing file /Contents/Msbuild/Microsoft/VC/v160/Microsoft.MakeFile.targets
[1a64:0017][2019-09-25T22:11:04] Started: Copying file /Contents/Msbuild/Microsoft/VC/v160/Microsoft.MakeFile.targets to C:\Program Files (x86)\Microsoft Visual Studio\2019\BuildTools\Msbuild\Microsoft\VC\v160\Microsoft.MakeFile.targets
[1a64:0017][2019-09-25T22:11:04] Completed: Copying file /Contents/Msbuild/Microsoft/VC/v160/Microsoft.MakeFile.targets to C:\Program Files (x86)\Microsoft Visual Studio\2019\BuildTools\Msbuild\Microsoft\VC\v160\Microsoft.MakeFile.targets
[1a64:0017][2019-09-25T22:11:04] Timestamp updated for file 'C:\Program Files (x86)\Microsoft Visual Studio\2019\BuildTools\Msbuild\Microsoft\VC\v160\Microsoft.MakeFile.targets'.
[1a64:0017][2019-09-25T22:11:04] Processing file /Contents/Msbuild/Microsoft/VC/v160/Microsoft.Metagen.targets
[1a64:0017][2019-09-25T22:11:04] Started: Copying file /Contents/Msbuild/Microsoft/VC/v160/Microsoft.Metagen.targets to C:\Program Files (x86)\Microsoft Visual Studio\2019\BuildTools\Msbuild\Microsoft\VC\v160\Microsoft.Metagen.targets
[1a64:0017][2019-09-25T22:11:04] Completed: Copying file /Contents/Msbuild/Microsoft/VC/v160/Microsoft.Metagen.targets to C:\Program Files (x86)\Microsoft Visual Studio\2019\BuildTools\Msbuild\Microsoft\VC\v160\Microsoft.Metagen.targets
[1a64:0017][2019-09-25T22:11:04] Timestamp updated for file 'C:\Program Files (x86)\Microsoft Visual Studio\2019\BuildTools\Msbuild\Microsoft\VC\v160\Microsoft.Metagen.targets'.
[1a64:0017][2019-09-25T22:11:04] Package executed successfully. Return code: 0
