[1a64:0017][2019-09-25T22:11:41] Opening the package for processing
[1a64:0017][2019-09-25T22:11:41] Using package payload to get the embedded manifest
[1a64:0017][2019-09-25T22:11:41] Getting list of files within the package
[1a64:0017][2019-09-25T22:11:41] Processing file /Contents/VC/Tools/MSVC/14.23.28105/bin/Hostx64/x64/1033/atlprovui.dll
[1a64:0017][2019-09-25T22:11:41] Started: Copying file /Contents/VC/Tools/MSVC/14.23.28105/bin/Hostx64/x64/1033/atlprovui.dll to C:\Program Files (x86)\Microsoft Visual Studio\2019\BuildTools\VC\Tools\MSVC\14.23.28105\bin\Hostx64\x64\1033\atlprovui.dll
[1a64:0017][2019-09-25T22:11:41] Completed: Copying file /Contents/VC/Tools/MSVC/14.23.28105/bin/Hostx64/x64/1033/atlprovui.dll to C:\Program Files (x86)\Microsoft Visual Studio\2019\BuildTools\VC\Tools\MSVC\14.23.28105\bin\Hostx64\x64\1033\atlprovui.dll
[1a64:0017][2019-09-25T22:11:41] Timestamp updated for file 'C:\Program Files (x86)\Microsoft Visual Studio\2019\BuildTools\VC\Tools\MSVC\14.23.28105\bin\Hostx64\x64\1033\atlprovui.dll'.
[1a64:0017][2019-09-25T22:11:41] Processing file /Contents/VC/Tools/MSVC/14.23.28105/bin/Hostx64/x64/1033/bscmakeui.dll
[1a64:0017][2019-09-25T22:11:41] Started: Copying file /Contents/VC/Tools/MSVC/14.23.28105/bin/Hostx64/x64/1033/bscmakeui.dll to C:\Program Files (x86)\Microsoft Visual Studio\2019\BuildTools\VC\Tools\MSVC\14.23.28105\bin\Hostx64\x64\1033\bscmakeui.dll
[1a64:0017][2019-09-25T22:11:41] Completed: Copying file /Contents/VC/Tools/MSVC/14.23.28105/bin/Hostx64/x64/1033/bscmakeui.dll to C:\Program Files (x86)\Microsoft Visual Studio\2019\BuildTools\VC\Tools\MSVC\14.23.28105\bin\Hostx64\x64\1033\bscmakeui.dll
[1a64:0017][2019-09-25T22:11:41] Timestamp updated for file 'C:\Program Files (x86)\Microsoft Visual Studio\2019\BuildTools\VC\Tools\MSVC\14.23.28105\bin\Hostx64\x64\1033\bscmakeui.dll'.
[1a64:0017][2019-09-25T22:11:41] Processing file /Contents/VC/Tools/MSVC/14.23.28105/bin/Hostx64/x64/1033/clui.dll
[1a64:0017][2019-09-25T22:11:41] Started: Copying file /Contents/VC/Tools/MSVC/14.23.28105/bin/Hostx64/x64/1033/clui.dll to C:\Program Files (x86)\Microsoft Visual Studio\2019\BuildTools\VC\Tools\MSVC\14.23.28105\bin\Hostx64\x64\1033\clui.dll
[1a64:0017][2019-09-25T22:11:41] Completed: Copying file /Contents/VC/Tools/MSVC/14.23.28105/bin/Hostx64/x64/1033/clui.dll to C:\Program Files (x86)\Microsoft Visual Studio\2019\BuildTools\VC\Tools\MSVC\14.23.28105\bin\Hostx64\x64\1033\clui.dll
[1a64:0017][2019-09-25T22:11:41] Timestamp updated for file 'C:\Program Files (x86)\Microsoft Visual Studio\2019\BuildTools\VC\Tools\MSVC\14.23.28105\bin\Hostx64\x64\1033\clui.dll'.
[1a64:0017][2019-09-25T22:11:41] Processing file /Contents/VC/Tools/MSVC/14.23.28105/bin/Hostx64/x64/1033/cvtresui.dll
[1a64:0017][2019-09-25T22:11:41] Started: Copying file /Contents/VC/Tools/MSVC/14.23.28105/bin/Hostx64/x64/1033/cvtresui.dll to C:\Program Files (x86)\Microsoft Visual Studio\2019\BuildTools\VC\Tools\MSVC\14.23.28105\bin\Hostx64\x64\1033\cvtresui.dll
[1a64:0017][2019-09-25T22:11:41] Completed: Copying file /Contents/VC/Tools/MSVC/14.23.28105/bin/Hostx64/x64/1033/cvtresui.dll to C:\Program Files (x86)\Microsoft Visual Studio\2019\BuildTools\VC\Tools\MSVC\14.23.28105\bin\Hostx64\x64\1033\cvtresui.dll
[1a64:0017][2019-09-25T22:11:41] Timestamp updated for file 'C:\Program Files (x86)\Microsoft Visual Studio\2019\BuildTools\VC\Tools\MSVC\14.23.28105\bin\Hostx64\x64\1033\cvtresui.dll'.
[1a64:0017][2019-09-25T22:11:41] Processing file /Contents/VC/Tools/MSVC/14.23.28105/bin/Hostx64/x64/1033/linkui.dll
[1a64:0017][2019-09-25T22:11:41] Started: Copying file /Contents/VC/Tools/MSVC/14.23.28105/bin/Hostx64/x64/1033/linkui.dll to C:\Program Files (x86)\Microsoft Visual Studio\2019\BuildTools\VC\Tools\MSVC\14.23.28105\bin\Hostx64\x64\1033\linkui.dll
[1a64:0017][2019-09-25T22:11:41] Completed: Copying file /Contents/VC/Tools/MSVC/14.23.28105/bin/Hostx64/x64/1033/linkui.dll to C:\Program Files (x86)\Microsoft Visual Studio\2019\BuildTools\VC\Tools\MSVC\14.23.28105\bin\Hostx64\x64\1033\linkui.dll
[1a64:0017][2019-09-25T22:11:41] Timestamp updated for file 'C:\Program Files (x86)\Microsoft Visual Studio\2019\BuildTools\VC\Tools\MSVC\14.23.28105\bin\Hostx64\x64\1033\linkui.dll'.
[1a64:0017][2019-09-25T22:11:41] Processing file /Contents/VC/Tools/MSVC/14.23.28105/bin/Hostx64/x64/1033/mspdbcmfui.dll
[1a64:0017][2019-09-25T22:11:41] Started: Copying file /Contents/VC/Tools/MSVC/14.23.28105/bin/Hostx64/x64/1033/mspdbcmfui.dll to C:\Program Files (x86)\Microsoft Visual Studio\2019\BuildTools\VC\Tools\MSVC\14.23.28105\bin\Hostx64\x64\1033\mspdbcmfui.dll
[1a64:0017][2019-09-25T22:11:41] Completed: Copying file /Contents/VC/Tools/MSVC/14.23.28105/bin/Hostx64/x64/1033/mspdbcmfui.dll to C:\Program Files (x86)\Microsoft Visual Studio\2019\BuildTools\VC\Tools\MSVC\14.23.28105\bin\Hostx64\x64\1033\mspdbcmfui.dll
[1a64:0017][2019-09-25T22:11:41] Timestamp updated for file 'C:\Program Files (x86)\Microsoft Visual Studio\2019\BuildTools\VC\Tools\MSVC\14.23.28105\bin\Hostx64\x64\1033\mspdbcmfui.dll'.
[1a64:0017][2019-09-25T22:11:41] Processing file /Contents/VC/Tools/MSVC/14.23.28105/bin/Hostx64/x64/1033/mspft140ui.dll
[1a64:0017][2019-09-25T22:11:41] Started: Copying file /Contents/VC/Tools/MSVC/14.23.28105/bin/Hostx64/x64/1033/mspft140ui.dll to C:\Program Files (x86)\Microsoft Visual Studio\2019\BuildTools\VC\Tools\MSVC\14.23.28105\bin\Hostx64\x64\1033\mspft140ui.dll
[1a64:0017][2019-09-25T22:11:41] Completed: Copying file /Contents/VC/Tools/MSVC/14.23.28105/bin/Hostx64/x64/1033/mspft140ui.dll to C:\Program Files (x86)\Microsoft Visual Studio\2019\BuildTools\VC\Tools\MSVC\14.23.28105\bin\Hostx64\x64\1033\mspft140ui.dll
[1a64:0017][2019-09-25T22:11:41] Timestamp updated for file 'C:\Program Files (x86)\Microsoft Visual Studio\2019\BuildTools\VC\Tools\MSVC\14.23.28105\bin\Hostx64\x64\1033\mspft140ui.dll'.
[1a64:0017][2019-09-25T22:11:41] Processing file /Contents/VC/Tools/MSVC/14.23.28105/bin/Hostx64/x64/1033/nmakeui.dll
[1a64:0017][2019-09-25T22:11:41] Started: Copying file /Contents/VC/Tools/MSVC/14.23.28105/bin/Hostx64/x64/1033/nmakeui.dll to C:\Program Files (x86)\Microsoft Visual Studio\2019\BuildTools\VC\Tools\MSVC\14.23.28105\bin\Hostx64\x64\1033\nmakeui.dll
[1a64:0017][2019-09-25T22:11:41] Completed: Copying file /Contents/VC/Tools/MSVC/14.23.28105/bin/Hostx64/x64/1033/nmakeui.dll to C:\Program Files (x86)\Microsoft Visual Studio\2019\BuildTools\VC\Tools\MSVC\14.23.28105\bin\Hostx64\x64\1033\nmakeui.dll
[1a64:0017][2019-09-25T22:11:41] Timestamp updated for file 'C:\Program Files (x86)\Microsoft Visual Studio\2019\BuildTools\VC\Tools\MSVC\14.23.28105\bin\Hostx64\x64\1033\nmakeui.dll'.
[1a64:0017][2019-09-25T22:11:41] Package executed successfully. Return code: 0
