[1a64:0017][2019-09-25T22:13:21] Opening the package for processing
[1a64:0017][2019-09-25T22:13:21] Using package payload to get the embedded manifest
[1a64:0017][2019-09-25T22:13:21] Getting list of files within the package
[1a64:0017][2019-09-25T22:13:21] Processing file /catalog.json
[1a64:0017][2019-09-25T22:13:21] Started: Copying file /catalog.json to C:\Program Files (x86)\Microsoft Visual Studio\2019\BuildTools\Common7\IDE\CommonExtensions\Microsoft\ManagedLanguages\VBCSharp\ExpressionEvaluators\catalog.json
[1a64:0017][2019-09-25T22:13:21] Completed: Copying file /catalog.json to C:\Program Files (x86)\Microsoft Visual Studio\2019\BuildTools\Common7\IDE\CommonExtensions\Microsoft\ManagedLanguages\VBCSharp\ExpressionEvaluators\catalog.json
[1a64:0017][2019-09-25T22:13:21] Timestamp updated for file 'C:\Program Files (x86)\Microsoft Visual Studio\2019\BuildTools\Common7\IDE\CommonExtensions\Microsoft\ManagedLanguages\VBCSharp\ExpressionEvaluators\catalog.json'.
[1a64:0017][2019-09-25T22:13:21] Processing file /cs/Microsoft.CodeAnalysis.ExpressionEvaluator.ResultProvider.resources.dll
[1a64:0017][2019-09-25T22:13:21] Started: Copying file /cs/Microsoft.CodeAnalysis.ExpressionEvaluator.ResultProvider.resources.dll to C:\Program Files (x86)\Microsoft Visual Studio\2019\BuildTools\Common7\IDE\CommonExtensions\Microsoft\ManagedLanguages\VBCSharp\ExpressionEvaluators\cs\Microsoft.CodeAnalysis.ExpressionEvaluator.ResultProvider.resources.dll
[1a64:0017][2019-09-25T22:13:21] Completed: Copying file /cs/Microsoft.CodeAnalysis.ExpressionEvaluator.ResultProvider.resources.dll to C:\Program Files (x86)\Microsoft Visual Studio\2019\BuildTools\Common7\IDE\CommonExtensions\Microsoft\ManagedLanguages\VBCSharp\ExpressionEvaluators\cs\Microsoft.CodeAnalysis.ExpressionEvaluator.ResultProvider.resources.dll
[1a64:0017][2019-09-25T22:13:21] Timestamp updated for file 'C:\Program Files (x86)\Microsoft Visual Studio\2019\BuildTools\Common7\IDE\CommonExtensions\Microsoft\ManagedLanguages\VBCSharp\ExpressionEvaluators\cs\Microsoft.CodeAnalysis.ExpressionEvaluator.ResultProvider.resources.dll'.
[1a64:0017][2019-09-25T22:13:21] Queueing C:\Program Files (x86)\Microsoft Visual Studio\2019\BuildTools\Common7\IDE\CommonExtensions\Microsoft\ManagedLanguages\VBCSharp\ExpressionEvaluators\cs\Microsoft.CodeAnalysis.ExpressionEvaluator.ResultProvider.resources.dll for X86 ngen
[1a64:0017][2019-09-25T22:13:21] Queueing C:\Program Files (x86)\Microsoft Visual Studio\2019\BuildTools\Common7\IDE\CommonExtensions\Microsoft\ManagedLanguages\VBCSharp\ExpressionEvaluators\cs\Microsoft.CodeAnalysis.ExpressionEvaluator.ResultProvider.resources.dll for X64 ngen
[1a64:0017][2019-09-25T22:13:21] Successfully queued file '/cs/Microsoft.CodeAnalysis.ExpressionEvaluator.ResultProvider.resources.dll' for ngen
[1a64:0017][2019-09-25T22:13:21] Processing file /cs/Microsoft.CodeAnalysis.VisualBasic.ExpressionEvaluator.ExpressionCompiler.resources.dll
[1a64:0017][2019-09-25T22:13:21] Started: Copying file /cs/Microsoft.CodeAnalysis.VisualBasic.ExpressionEvaluator.ExpressionCompiler.resources.dll to C:\Program Files (x86)\Microsoft Visual Studio\2019\BuildTools\Common7\IDE\CommonExtensions\Microsoft\ManagedLanguages\VBCSharp\ExpressionEvaluators\cs\Microsoft.CodeAnalysis.VisualBasic.ExpressionEvaluator.ExpressionCompiler.resources.dll
[1a64:0017][2019-09-25T22:13:21] Completed: Copying file /cs/Microsoft.CodeAnalysis.VisualBasic.ExpressionEvaluator.ExpressionCompiler.resources.dll to C:\Program Files (x86)\Microsoft Visual Studio\2019\BuildTools\Common7\IDE\CommonExtensions\Microsoft\ManagedLanguages\VBCSharp\ExpressionEvaluators\cs\Microsoft.CodeAnalysis.VisualBasic.ExpressionEvaluator.ExpressionCompiler.resources.dll
[1a64:0017][2019-09-25T22:13:21] Timestamp updated for file 'C:\Program Files (x86)\Microsoft Visual Studio\2019\BuildTools\Common7\IDE\CommonExtensions\Microsoft\ManagedLanguages\VBCSharp\ExpressionEvaluators\cs\Microsoft.CodeAnalysis.VisualBasic.ExpressionEvaluator.ExpressionCompiler.resources.dll'.
[1a64:0017][2019-09-25T22:13:21] Queueing C:\Program Files (x86)\Microsoft Visual Studio\2019\BuildTools\Common7\IDE\CommonExtensions\Microsoft\ManagedLanguages\VBCSharp\ExpressionEvaluators\cs\Microsoft.CodeAnalysis.VisualBasic.ExpressionEvaluator.ExpressionCompiler.resources.dll for X86 ngen
[1a64:0017][2019-09-25T22:13:21] Queueing C:\Program Files (x86)\Microsoft Visual Studio\2019\BuildTools\Common7\IDE\CommonExtensions\Microsoft\ManagedLanguages\VBCSharp\ExpressionEvaluators\cs\Microsoft.CodeAnalysis.VisualBasic.ExpressionEvaluator.ExpressionCompiler.resources.dll for X64 ngen
[1a64:0017][2019-09-25T22:13:21] Successfully queued file '/cs/Microsoft.CodeAnalysis.VisualBasic.ExpressionEvaluator.ExpressionCompiler.resources.dll' for ngen
[1a64:0017][2019-09-25T22:13:21] Processing file /de/Microsoft.CodeAnalysis.ExpressionEvaluator.ResultProvider.resources.dll
[1a64:0017][2019-09-25T22:13:21] Started: Copying file /de/Microsoft.CodeAnalysis.ExpressionEvaluator.ResultProvider.resources.dll to C:\Program Files (x86)\Microsoft Visual Studio\2019\BuildTools\Common7\IDE\CommonExtensions\Microsoft\ManagedLanguages\VBCSharp\ExpressionEvaluators\de\Microsoft.CodeAnalysis.ExpressionEvaluator.ResultProvider.resources.dll
[1a64:0017][2019-09-25T22:13:21] Completed: Copying file /de/Microsoft.CodeAnalysis.ExpressionEvaluator.ResultProvider.resources.dll to C:\Program Files (x86)\Microsoft Visual Studio\2019\BuildTools\Common7\IDE\CommonExtensions\Microsoft\ManagedLanguages\VBCSharp\ExpressionEvaluators\de\Microsoft.CodeAnalysis.ExpressionEvaluator.ResultProvider.resources.dll
[1a64:0017][2019-09-25T22:13:21] Timestamp updated for file 'C:\Program Files (x86)\Microsoft Visual Studio\2019\BuildTools\Common7\IDE\CommonExtensions\Microsoft\ManagedLanguages\VBCSharp\ExpressionEvaluators\de\Microsoft.CodeAnalysis.ExpressionEvaluator.ResultProvider.resources.dll'.
[1a64:0017][2019-09-25T22:13:21] Queueing C:\Program Files (x86)\Microsoft Visual Studio\2019\BuildTools\Common7\IDE\CommonExtensions\Microsoft\ManagedLanguages\VBCSharp\ExpressionEvaluators\de\Microsoft.CodeAnalysis.ExpressionEvaluator.ResultProvider.resources.dll for X86 ngen
[1a64:0017][2019-09-25T22:13:21] Queueing C:\Program Files (x86)\Microsoft Visual Studio\2019\BuildTools\Common7\IDE\CommonExtensions\Microsoft\ManagedLanguages\VBCSharp\ExpressionEvaluators\de\Microsoft.CodeAnalysis.ExpressionEvaluator.ResultProvider.resources.dll for X64 ngen
[1a64:0017][2019-09-25T22:13:21] Successfully queued file '/de/Microsoft.CodeAnalysis.ExpressionEvaluator.ResultProvider.resources.dll' for ngen
[1a64:0017][2019-09-25T22:13:21] Processing file /de/Microsoft.CodeAnalysis.VisualBasic.ExpressionEvaluator.ExpressionCompiler.resources.dll
[1a64:0017][2019-09-25T22:13:21] Started: Copying file /de/Microsoft.CodeAnalysis.VisualBasic.ExpressionEvaluator.ExpressionCompiler.resources.dll to C:\Program Files (x86)\Microsoft Visual Studio\2019\BuildTools\Common7\IDE\CommonExtensions\Microsoft\ManagedLanguages\VBCSharp\ExpressionEvaluators\de\Microsoft.CodeAnalysis.VisualBasic.ExpressionEvaluator.ExpressionCompiler.resources.dll
[1a64:0017][2019-09-25T22:13:21] Completed: Copying file /de/Microsoft.CodeAnalysis.VisualBasic.ExpressionEvaluator.ExpressionCompiler.resources.dll to C:\Program Files (x86)\Microsoft Visual Studio\2019\BuildTools\Common7\IDE\CommonExtensions\Microsoft\ManagedLanguages\VBCSharp\ExpressionEvaluators\de\Microsoft.CodeAnalysis.VisualBasic.ExpressionEvaluator.ExpressionCompiler.resources.dll
[1a64:0017][2019-09-25T22:13:21] Timestamp updated for file 'C:\Program Files (x86)\Microsoft Visual Studio\2019\BuildTools\Common7\IDE\CommonExtensions\Microsoft\ManagedLanguages\VBCSharp\ExpressionEvaluators\de\Microsoft.CodeAnalysis.VisualBasic.ExpressionEvaluator.ExpressionCompiler.resources.dll'.
[1a64:0017][2019-09-25T22:13:21] Queueing C:\Program Files (x86)\Microsoft Visual Studio\2019\BuildTools\Common7\IDE\CommonExtensions\Microsoft\ManagedLanguages\VBCSharp\ExpressionEvaluators\de\Microsoft.CodeAnalysis.VisualBasic.ExpressionEvaluator.ExpressionCompiler.resources.dll for X86 ngen
[1a64:0017][2019-09-25T22:13:21] Queueing C:\Program Files (x86)\Microsoft Visual Studio\2019\BuildTools\Common7\IDE\CommonExtensions\Microsoft\ManagedLanguages\VBCSharp\ExpressionEvaluators\de\Microsoft.CodeAnalysis.VisualBasic.ExpressionEvaluator.ExpressionCompiler.resources.dll for X64 ngen
[1a64:0017][2019-09-25T22:13:21] Successfully queued file '/de/Microsoft.CodeAnalysis.VisualBasic.ExpressionEvaluator.ExpressionCompiler.resources.dll' for ngen
[1a64:0017][2019-09-25T22:13:21] Processing file /es/Microsoft.CodeAnalysis.ExpressionEvaluator.ResultProvider.resources.dll
[1a64:0017][2019-09-25T22:13:21] Started: Copying file /es/Microsoft.CodeAnalysis.ExpressionEvaluator.ResultProvider.resources.dll to C:\Program Files (x86)\Microsoft Visual Studio\2019\BuildTools\Common7\IDE\CommonExtensions\Microsoft\ManagedLanguages\VBCSharp\ExpressionEvaluators\es\Microsoft.CodeAnalysis.ExpressionEvaluator.ResultProvider.resources.dll
[1a64:0017][2019-09-25T22:13:21] Completed: Copying file /es/Microsoft.CodeAnalysis.ExpressionEvaluator.ResultProvider.resources.dll to C:\Program Files (x86)\Microsoft Visual Studio\2019\BuildTools\Common7\IDE\CommonExtensions\Microsoft\ManagedLanguages\VBCSharp\ExpressionEvaluators\es\Microsoft.CodeAnalysis.ExpressionEvaluator.ResultProvider.resources.dll
[1a64:0017][2019-09-25T22:13:21] Timestamp updated for file 'C:\Program Files (x86)\Microsoft Visual Studio\2019\BuildTools\Common7\IDE\CommonExtensions\Microsoft\ManagedLanguages\VBCSharp\ExpressionEvaluators\es\Microsoft.CodeAnalysis.ExpressionEvaluator.ResultProvider.resources.dll'.
[1a64:0017][2019-09-25T22:13:21] Queueing C:\Program Files (x86)\Microsoft Visual Studio\2019\BuildTools\Common7\IDE\CommonExtensions\Microsoft\ManagedLanguages\VBCSharp\ExpressionEvaluators\es\Microsoft.CodeAnalysis.ExpressionEvaluator.ResultProvider.resources.dll for X86 ngen
[1a64:0017][2019-09-25T22:13:21] Queueing C:\Program Files (x86)\Microsoft Visual Studio\2019\BuildTools\Common7\IDE\CommonExtensions\Microsoft\ManagedLanguages\VBCSharp\ExpressionEvaluators\es\Microsoft.CodeAnalysis.ExpressionEvaluator.ResultProvider.resources.dll for X64 ngen
[1a64:0017][2019-09-25T22:13:21] Successfully queued file '/es/Microsoft.CodeAnalysis.ExpressionEvaluator.ResultProvider.resources.dll' for ngen
[1a64:0017][2019-09-25T22:13:21] Processing file /es/Microsoft.CodeAnalysis.VisualBasic.ExpressionEvaluator.ExpressionCompiler.resources.dll
[1a64:0017][2019-09-25T22:13:21] Started: Copying file /es/Microsoft.CodeAnalysis.VisualBasic.ExpressionEvaluator.ExpressionCompiler.resources.dll to C:\Program Files (x86)\Microsoft Visual Studio\2019\BuildTools\Common7\IDE\CommonExtensions\Microsoft\ManagedLanguages\VBCSharp\ExpressionEvaluators\es\Microsoft.CodeAnalysis.VisualBasic.ExpressionEvaluator.ExpressionCompiler.resources.dll
[1a64:0017][2019-09-25T22:13:21] Completed: Copying file /es/Microsoft.CodeAnalysis.VisualBasic.ExpressionEvaluator.ExpressionCompiler.resources.dll to C:\Program Files (x86)\Microsoft Visual Studio\2019\BuildTools\Common7\IDE\CommonExtensions\Microsoft\ManagedLanguages\VBCSharp\ExpressionEvaluators\es\Microsoft.CodeAnalysis.VisualBasic.ExpressionEvaluator.ExpressionCompiler.resources.dll
[1a64:0017][2019-09-25T22:13:21] Timestamp updated for file 'C:\Program Files (x86)\Microsoft Visual Studio\2019\BuildTools\Common7\IDE\CommonExtensions\Microsoft\ManagedLanguages\VBCSharp\ExpressionEvaluators\es\Microsoft.CodeAnalysis.VisualBasic.ExpressionEvaluator.ExpressionCompiler.resources.dll'.
[1a64:0017][2019-09-25T22:13:21] Queueing C:\Program Files (x86)\Microsoft Visual Studio\2019\BuildTools\Common7\IDE\CommonExtensions\Microsoft\ManagedLanguages\VBCSharp\ExpressionEvaluators\es\Microsoft.CodeAnalysis.VisualBasic.ExpressionEvaluator.ExpressionCompiler.resources.dll for X86 ngen
[1a64:0017][2019-09-25T22:13:21] Queueing C:\Program Files (x86)\Microsoft Visual Studio\2019\BuildTools\Common7\IDE\CommonExtensions\Microsoft\ManagedLanguages\VBCSharp\ExpressionEvaluators\es\Microsoft.CodeAnalysis.VisualBasic.ExpressionEvaluator.ExpressionCompiler.resources.dll for X64 ngen
[1a64:0017][2019-09-25T22:13:21] Successfully queued file '/es/Microsoft.CodeAnalysis.VisualBasic.ExpressionEvaluator.ExpressionCompiler.resources.dll' for ngen
[1a64:0017][2019-09-25T22:13:21] Processing file /ExpressionEvaluatorPackage.pkgdef
[1a64:0017][2019-09-25T22:13:21] Started: Copying file /ExpressionEvaluatorPackage.pkgdef to C:\Program Files (x86)\Microsoft Visual Studio\2019\BuildTools\Common7\IDE\CommonExtensions\Microsoft\ManagedLanguages\VBCSharp\ExpressionEvaluators\ExpressionEvaluatorPackage.pkgdef
[1a64:0017][2019-09-25T22:13:21] Completed: Copying file /ExpressionEvaluatorPackage.pkgdef to C:\Program Files (x86)\Microsoft Visual Studio\2019\BuildTools\Common7\IDE\CommonExtensions\Microsoft\ManagedLanguages\VBCSharp\ExpressionEvaluators\ExpressionEvaluatorPackage.pkgdef
[1a64:0017][2019-09-25T22:13:21] Timestamp updated for file 'C:\Program Files (x86)\Microsoft Visual Studio\2019\BuildTools\Common7\IDE\CommonExtensions\Microsoft\ManagedLanguages\VBCSharp\ExpressionEvaluators\ExpressionEvaluatorPackage.pkgdef'.
[1a64:0017][2019-09-25T22:13:21] Processing file /fr/Microsoft.CodeAnalysis.ExpressionEvaluator.ResultProvider.resources.dll
[1a64:0017][2019-09-25T22:13:21] Started: Copying file /fr/Microsoft.CodeAnalysis.ExpressionEvaluator.ResultProvider.resources.dll to C:\Program Files (x86)\Microsoft Visual Studio\2019\BuildTools\Common7\IDE\CommonExtensions\Microsoft\ManagedLanguages\VBCSharp\ExpressionEvaluators\fr\Microsoft.CodeAnalysis.ExpressionEvaluator.ResultProvider.resources.dll
[1a64:0017][2019-09-25T22:13:21] Completed: Copying file /fr/Microsoft.CodeAnalysis.ExpressionEvaluator.ResultProvider.resources.dll to C:\Program Files (x86)\Microsoft Visual Studio\2019\BuildTools\Common7\IDE\CommonExtensions\Microsoft\ManagedLanguages\VBCSharp\ExpressionEvaluators\fr\Microsoft.CodeAnalysis.ExpressionEvaluator.ResultProvider.resources.dll
[1a64:0017][2019-09-25T22:13:21] Timestamp updated for file 'C:\Program Files (x86)\Microsoft Visual Studio\2019\BuildTools\Common7\IDE\CommonExtensions\Microsoft\ManagedLanguages\VBCSharp\ExpressionEvaluators\fr\Microsoft.CodeAnalysis.ExpressionEvaluator.ResultProvider.resources.dll'.
[1a64:0017][2019-09-25T22:13:21] Queueing C:\Program Files (x86)\Microsoft Visual Studio\2019\BuildTools\Common7\IDE\CommonExtensions\Microsoft\ManagedLanguages\VBCSharp\ExpressionEvaluators\fr\Microsoft.CodeAnalysis.ExpressionEvaluator.ResultProvider.resources.dll for X86 ngen
[1a64:0017][2019-09-25T22:13:21] Queueing C:\Program Files (x86)\Microsoft Visual Studio\2019\BuildTools\Common7\IDE\CommonExtensions\Microsoft\ManagedLanguages\VBCSharp\ExpressionEvaluators\fr\Microsoft.CodeAnalysis.ExpressionEvaluator.ResultProvider.resources.dll for X64 ngen
[1a64:0017][2019-09-25T22:13:21] Successfully queued file '/fr/Microsoft.CodeAnalysis.ExpressionEvaluator.ResultProvider.resources.dll' for ngen
[1a64:0017][2019-09-25T22:13:21] Processing file /fr/Microsoft.CodeAnalysis.VisualBasic.ExpressionEvaluator.ExpressionCompiler.resources.dll
[1a64:0017][2019-09-25T22:13:21] Started: Copying file /fr/Microsoft.CodeAnalysis.VisualBasic.ExpressionEvaluator.ExpressionCompiler.resources.dll to C:\Program Files (x86)\Microsoft Visual Studio\2019\BuildTools\Common7\IDE\CommonExtensions\Microsoft\ManagedLanguages\VBCSharp\ExpressionEvaluators\fr\Microsoft.CodeAnalysis.VisualBasic.ExpressionEvaluator.ExpressionCompiler.resources.dll
[1a64:0017][2019-09-25T22:13:21] Completed: Copying file /fr/Microsoft.CodeAnalysis.VisualBasic.ExpressionEvaluator.ExpressionCompiler.resources.dll to C:\Program Files (x86)\Microsoft Visual Studio\2019\BuildTools\Common7\IDE\CommonExtensions\Microsoft\ManagedLanguages\VBCSharp\ExpressionEvaluators\fr\Microsoft.CodeAnalysis.VisualBasic.ExpressionEvaluator.ExpressionCompiler.resources.dll
[1a64:0017][2019-09-25T22:13:21] Timestamp updated for file 'C:\Program Files (x86)\Microsoft Visual Studio\2019\BuildTools\Common7\IDE\CommonExtensions\Microsoft\ManagedLanguages\VBCSharp\ExpressionEvaluators\fr\Microsoft.CodeAnalysis.VisualBasic.ExpressionEvaluator.ExpressionCompiler.resources.dll'.
[1a64:0017][2019-09-25T22:13:21] Queueing C:\Program Files (x86)\Microsoft Visual Studio\2019\BuildTools\Common7\IDE\CommonExtensions\Microsoft\ManagedLanguages\VBCSharp\ExpressionEvaluators\fr\Microsoft.CodeAnalysis.VisualBasic.ExpressionEvaluator.ExpressionCompiler.resources.dll for X86 ngen
[1a64:0017][2019-09-25T22:13:21] Queueing C:\Program Files (x86)\Microsoft Visual Studio\2019\BuildTools\Common7\IDE\CommonExtensions\Microsoft\ManagedLanguages\VBCSharp\ExpressionEvaluators\fr\Microsoft.CodeAnalysis.VisualBasic.ExpressionEvaluator.ExpressionCompiler.resources.dll for X64 ngen
[1a64:0017][2019-09-25T22:13:21] Successfully queued file '/fr/Microsoft.CodeAnalysis.VisualBasic.ExpressionEvaluator.ExpressionCompiler.resources.dll' for ngen
[1a64:0017][2019-09-25T22:13:21] Processing file /it/Microsoft.CodeAnalysis.ExpressionEvaluator.ResultProvider.resources.dll
[1a64:0017][2019-09-25T22:13:21] Started: Copying file /it/Microsoft.CodeAnalysis.ExpressionEvaluator.ResultProvider.resources.dll to C:\Program Files (x86)\Microsoft Visual Studio\2019\BuildTools\Common7\IDE\CommonExtensions\Microsoft\ManagedLanguages\VBCSharp\ExpressionEvaluators\it\Microsoft.CodeAnalysis.ExpressionEvaluator.ResultProvider.resources.dll
[1a64:0017][2019-09-25T22:13:21] Completed: Copying file /it/Microsoft.CodeAnalysis.ExpressionEvaluator.ResultProvider.resources.dll to C:\Program Files (x86)\Microsoft Visual Studio\2019\BuildTools\Common7\IDE\CommonExtensions\Microsoft\ManagedLanguages\VBCSharp\ExpressionEvaluators\it\Microsoft.CodeAnalysis.ExpressionEvaluator.ResultProvider.resources.dll
[1a64:0017][2019-09-25T22:13:21] Timestamp updated for file 'C:\Program Files (x86)\Microsoft Visual Studio\2019\BuildTools\Common7\IDE\CommonExtensions\Microsoft\ManagedLanguages\VBCSharp\ExpressionEvaluators\it\Microsoft.CodeAnalysis.ExpressionEvaluator.ResultProvider.resources.dll'.
[1a64:0017][2019-09-25T22:13:21] Queueing C:\Program Files (x86)\Microsoft Visual Studio\2019\BuildTools\Common7\IDE\CommonExtensions\Microsoft\ManagedLanguages\VBCSharp\ExpressionEvaluators\it\Microsoft.CodeAnalysis.ExpressionEvaluator.ResultProvider.resources.dll for X86 ngen
[1a64:0017][2019-09-25T22:13:21] Queueing C:\Program Files (x86)\Microsoft Visual Studio\2019\BuildTools\Common7\IDE\CommonExtensions\Microsoft\ManagedLanguages\VBCSharp\ExpressionEvaluators\it\Microsoft.CodeAnalysis.ExpressionEvaluator.ResultProvider.resources.dll for X64 ngen
[1a64:0017][2019-09-25T22:13:21] Successfully queued file '/it/Microsoft.CodeAnalysis.ExpressionEvaluator.ResultProvider.resources.dll' for ngen
[1a64:0017][2019-09-25T22:13:21] Processing file /it/Microsoft.CodeAnalysis.VisualBasic.ExpressionEvaluator.ExpressionCompiler.resources.dll
[1a64:0017][2019-09-25T22:13:21] Started: Copying file /it/Microsoft.CodeAnalysis.VisualBasic.ExpressionEvaluator.ExpressionCompiler.resources.dll to C:\Program Files (x86)\Microsoft Visual Studio\2019\BuildTools\Common7\IDE\CommonExtensions\Microsoft\ManagedLanguages\VBCSharp\ExpressionEvaluators\it\Microsoft.CodeAnalysis.VisualBasic.ExpressionEvaluator.ExpressionCompiler.resources.dll
[1a64:0017][2019-09-25T22:13:21] Completed: Copying file /it/Microsoft.CodeAnalysis.VisualBasic.ExpressionEvaluator.ExpressionCompiler.resources.dll to C:\Program Files (x86)\Microsoft Visual Studio\2019\BuildTools\Common7\IDE\CommonExtensions\Microsoft\ManagedLanguages\VBCSharp\ExpressionEvaluators\it\Microsoft.CodeAnalysis.VisualBasic.ExpressionEvaluator.ExpressionCompiler.resources.dll
[1a64:0017][2019-09-25T22:13:21] Timestamp updated for file 'C:\Program Files (x86)\Microsoft Visual Studio\2019\BuildTools\Common7\IDE\CommonExtensions\Microsoft\ManagedLanguages\VBCSharp\ExpressionEvaluators\it\Microsoft.CodeAnalysis.VisualBasic.ExpressionEvaluator.ExpressionCompiler.resources.dll'.
[1a64:0017][2019-09-25T22:13:21] Queueing C:\Program Files (x86)\Microsoft Visual Studio\2019\BuildTools\Common7\IDE\CommonExtensions\Microsoft\ManagedLanguages\VBCSharp\ExpressionEvaluators\it\Microsoft.CodeAnalysis.VisualBasic.ExpressionEvaluator.ExpressionCompiler.resources.dll for X86 ngen
[1a64:0017][2019-09-25T22:13:21] Queueing C:\Program Files (x86)\Microsoft Visual Studio\2019\BuildTools\Common7\IDE\CommonExtensions\Microsoft\ManagedLanguages\VBCSharp\ExpressionEvaluators\it\Microsoft.CodeAnalysis.VisualBasic.ExpressionEvaluator.ExpressionCompiler.resources.dll for X64 ngen
[1a64:0017][2019-09-25T22:13:21] Successfully queued file '/it/Microsoft.CodeAnalysis.VisualBasic.ExpressionEvaluator.ExpressionCompiler.resources.dll' for ngen
[1a64:0017][2019-09-25T22:13:21] Processing file /ja/Microsoft.CodeAnalysis.ExpressionEvaluator.ResultProvider.resources.dll
[1a64:0017][2019-09-25T22:13:21] Started: Copying file /ja/Microsoft.CodeAnalysis.ExpressionEvaluator.ResultProvider.resources.dll to C:\Program Files (x86)\Microsoft Visual Studio\2019\BuildTools\Common7\IDE\CommonExtensions\Microsoft\ManagedLanguages\VBCSharp\ExpressionEvaluators\ja\Microsoft.CodeAnalysis.ExpressionEvaluator.ResultProvider.resources.dll
[1a64:0017][2019-09-25T22:13:21] Completed: Copying file /ja/Microsoft.CodeAnalysis.ExpressionEvaluator.ResultProvider.resources.dll to C:\Program Files (x86)\Microsoft Visual Studio\2019\BuildTools\Common7\IDE\CommonExtensions\Microsoft\ManagedLanguages\VBCSharp\ExpressionEvaluators\ja\Microsoft.CodeAnalysis.ExpressionEvaluator.ResultProvider.resources.dll
[1a64:0017][2019-09-25T22:13:21] Timestamp updated for file 'C:\Program Files (x86)\Microsoft Visual Studio\2019\BuildTools\Common7\IDE\CommonExtensions\Microsoft\ManagedLanguages\VBCSharp\ExpressionEvaluators\ja\Microsoft.CodeAnalysis.ExpressionEvaluator.ResultProvider.resources.dll'.
[1a64:0017][2019-09-25T22:13:21] Queueing C:\Program Files (x86)\Microsoft Visual Studio\2019\BuildTools\Common7\IDE\CommonExtensions\Microsoft\ManagedLanguages\VBCSharp\ExpressionEvaluators\ja\Microsoft.CodeAnalysis.ExpressionEvaluator.ResultProvider.resources.dll for X86 ngen
[1a64:0017][2019-09-25T22:13:21] Queueing C:\Program Files (x86)\Microsoft Visual Studio\2019\BuildTools\Common7\IDE\CommonExtensions\Microsoft\ManagedLanguages\VBCSharp\ExpressionEvaluators\ja\Microsoft.CodeAnalysis.ExpressionEvaluator.ResultProvider.resources.dll for X64 ngen
[1a64:0017][2019-09-25T22:13:21] Successfully queued file '/ja/Microsoft.CodeAnalysis.ExpressionEvaluator.ResultProvider.resources.dll' for ngen
[1a64:0017][2019-09-25T22:13:21] Processing file /ja/Microsoft.CodeAnalysis.VisualBasic.ExpressionEvaluator.ExpressionCompiler.resources.dll
[1a64:0017][2019-09-25T22:13:21] Started: Copying file /ja/Microsoft.CodeAnalysis.VisualBasic.ExpressionEvaluator.ExpressionCompiler.resources.dll to C:\Program Files (x86)\Microsoft Visual Studio\2019\BuildTools\Common7\IDE\CommonExtensions\Microsoft\ManagedLanguages\VBCSharp\ExpressionEvaluators\ja\Microsoft.CodeAnalysis.VisualBasic.ExpressionEvaluator.ExpressionCompiler.resources.dll
[1a64:0017][2019-09-25T22:13:21] Completed: Copying file /ja/Microsoft.CodeAnalysis.VisualBasic.ExpressionEvaluator.ExpressionCompiler.resources.dll to C:\Program Files (x86)\Microsoft Visual Studio\2019\BuildTools\Common7\IDE\CommonExtensions\Microsoft\ManagedLanguages\VBCSharp\ExpressionEvaluators\ja\Microsoft.CodeAnalysis.VisualBasic.ExpressionEvaluator.ExpressionCompiler.resources.dll
[1a64:0017][2019-09-25T22:13:21] Timestamp updated for file 'C:\Program Files (x86)\Microsoft Visual Studio\2019\BuildTools\Common7\IDE\CommonExtensions\Microsoft\ManagedLanguages\VBCSharp\ExpressionEvaluators\ja\Microsoft.CodeAnalysis.VisualBasic.ExpressionEvaluator.ExpressionCompiler.resources.dll'.
[1a64:0017][2019-09-25T22:13:21] Queueing C:\Program Files (x86)\Microsoft Visual Studio\2019\BuildTools\Common7\IDE\CommonExtensions\Microsoft\ManagedLanguages\VBCSharp\ExpressionEvaluators\ja\Microsoft.CodeAnalysis.VisualBasic.ExpressionEvaluator.ExpressionCompiler.resources.dll for X86 ngen
[1a64:0017][2019-09-25T22:13:21] Queueing C:\Program Files (x86)\Microsoft Visual Studio\2019\BuildTools\Common7\IDE\CommonExtensions\Microsoft\ManagedLanguages\VBCSharp\ExpressionEvaluators\ja\Microsoft.CodeAnalysis.VisualBasic.ExpressionEvaluator.ExpressionCompiler.resources.dll for X64 ngen
[1a64:0017][2019-09-25T22:13:21] Successfully queued file '/ja/Microsoft.CodeAnalysis.VisualBasic.ExpressionEvaluator.ExpressionCompiler.resources.dll' for ngen
[1a64:0017][2019-09-25T22:13:21] Processing file /ko/Microsoft.CodeAnalysis.ExpressionEvaluator.ResultProvider.resources.dll
[1a64:0017][2019-09-25T22:13:21] Started: Copying file /ko/Microsoft.CodeAnalysis.ExpressionEvaluator.ResultProvider.resources.dll to C:\Program Files (x86)\Microsoft Visual Studio\2019\BuildTools\Common7\IDE\CommonExtensions\Microsoft\ManagedLanguages\VBCSharp\ExpressionEvaluators\ko\Microsoft.CodeAnalysis.ExpressionEvaluator.ResultProvider.resources.dll
[1a64:0017][2019-09-25T22:13:21] Completed: Copying file /ko/Microsoft.CodeAnalysis.ExpressionEvaluator.ResultProvider.resources.dll to C:\Program Files (x86)\Microsoft Visual Studio\2019\BuildTools\Common7\IDE\CommonExtensions\Microsoft\ManagedLanguages\VBCSharp\ExpressionEvaluators\ko\Microsoft.CodeAnalysis.ExpressionEvaluator.ResultProvider.resources.dll
[1a64:0017][2019-09-25T22:13:21] Timestamp updated for file 'C:\Program Files (x86)\Microsoft Visual Studio\2019\BuildTools\Common7\IDE\CommonExtensions\Microsoft\ManagedLanguages\VBCSharp\ExpressionEvaluators\ko\Microsoft.CodeAnalysis.ExpressionEvaluator.ResultProvider.resources.dll'.
[1a64:0017][2019-09-25T22:13:21] Queueing C:\Program Files (x86)\Microsoft Visual Studio\2019\BuildTools\Common7\IDE\CommonExtensions\Microsoft\ManagedLanguages\VBCSharp\ExpressionEvaluators\ko\Microsoft.CodeAnalysis.ExpressionEvaluator.ResultProvider.resources.dll for X86 ngen
[1a64:0017][2019-09-25T22:13:21] Queueing C:\Program Files (x86)\Microsoft Visual Studio\2019\BuildTools\Common7\IDE\CommonExtensions\Microsoft\ManagedLanguages\VBCSharp\ExpressionEvaluators\ko\Microsoft.CodeAnalysis.ExpressionEvaluator.ResultProvider.resources.dll for X64 ngen
[1a64:0017][2019-09-25T22:13:21] Successfully queued file '/ko/Microsoft.CodeAnalysis.ExpressionEvaluator.ResultProvider.resources.dll' for ngen
[1a64:0017][2019-09-25T22:13:21] Processing file /ko/Microsoft.CodeAnalysis.VisualBasic.ExpressionEvaluator.ExpressionCompiler.resources.dll
[1a64:0017][2019-09-25T22:13:21] Started: Copying file /ko/Microsoft.CodeAnalysis.VisualBasic.ExpressionEvaluator.ExpressionCompiler.resources.dll to C:\Program Files (x86)\Microsoft Visual Studio\2019\BuildTools\Common7\IDE\CommonExtensions\Microsoft\ManagedLanguages\VBCSharp\ExpressionEvaluators\ko\Microsoft.CodeAnalysis.VisualBasic.ExpressionEvaluator.ExpressionCompiler.resources.dll
[1a64:0017][2019-09-25T22:13:21] Completed: Copying file /ko/Microsoft.CodeAnalysis.VisualBasic.ExpressionEvaluator.ExpressionCompiler.resources.dll to C:\Program Files (x86)\Microsoft Visual Studio\2019\BuildTools\Common7\IDE\CommonExtensions\Microsoft\ManagedLanguages\VBCSharp\ExpressionEvaluators\ko\Microsoft.CodeAnalysis.VisualBasic.ExpressionEvaluator.ExpressionCompiler.resources.dll
[1a64:0017][2019-09-25T22:13:21] Timestamp updated for file 'C:\Program Files (x86)\Microsoft Visual Studio\2019\BuildTools\Common7\IDE\CommonExtensions\Microsoft\ManagedLanguages\VBCSharp\ExpressionEvaluators\ko\Microsoft.CodeAnalysis.VisualBasic.ExpressionEvaluator.ExpressionCompiler.resources.dll'.
[1a64:0017][2019-09-25T22:13:21] Queueing C:\Program Files (x86)\Microsoft Visual Studio\2019\BuildTools\Common7\IDE\CommonExtensions\Microsoft\ManagedLanguages\VBCSharp\ExpressionEvaluators\ko\Microsoft.CodeAnalysis.VisualBasic.ExpressionEvaluator.ExpressionCompiler.resources.dll for X86 ngen
[1a64:0017][2019-09-25T22:13:21] Queueing C:\Program Files (x86)\Microsoft Visual Studio\2019\BuildTools\Common7\IDE\CommonExtensions\Microsoft\ManagedLanguages\VBCSharp\ExpressionEvaluators\ko\Microsoft.CodeAnalysis.VisualBasic.ExpressionEvaluator.ExpressionCompiler.resources.dll for X64 ngen
[1a64:0017][2019-09-25T22:13:21] Successfully queued file '/ko/Microsoft.CodeAnalysis.VisualBasic.ExpressionEvaluator.ExpressionCompiler.resources.dll' for ngen
[1a64:0017][2019-09-25T22:13:21] Processing file /manifest.json
[1a64:0017][2019-09-25T22:13:21] Started: Copying file /manifest.json to C:\Program Files (x86)\Microsoft Visual Studio\2019\BuildTools\Common7\IDE\CommonExtensions\Microsoft\ManagedLanguages\VBCSharp\ExpressionEvaluators\manifest.json
[1a64:0017][2019-09-25T22:13:21] Completed: Copying file /manifest.json to C:\Program Files (x86)\Microsoft Visual Studio\2019\BuildTools\Common7\IDE\CommonExtensions\Microsoft\ManagedLanguages\VBCSharp\ExpressionEvaluators\manifest.json
[1a64:0017][2019-09-25T22:13:21] Timestamp updated for file 'C:\Program Files (x86)\Microsoft Visual Studio\2019\BuildTools\Common7\IDE\CommonExtensions\Microsoft\ManagedLanguages\VBCSharp\ExpressionEvaluators\manifest.json'.
[1a64:0017][2019-09-25T22:13:21] Processing file /Microsoft.CodeAnalysis.CSharp.ExpressionEvaluator.ExpressionCompiler.dll
[1a64:0017][2019-09-25T22:13:21] Started: Copying file /Microsoft.CodeAnalysis.CSharp.ExpressionEvaluator.ExpressionCompiler.dll to C:\Program Files (x86)\Microsoft Visual Studio\2019\BuildTools\Common7\IDE\CommonExtensions\Microsoft\ManagedLanguages\VBCSharp\ExpressionEvaluators\Microsoft.CodeAnalysis.CSharp.ExpressionEvaluator.ExpressionCompiler.dll
[1a64:0017][2019-09-25T22:13:21] Completed: Copying file /Microsoft.CodeAnalysis.CSharp.ExpressionEvaluator.ExpressionCompiler.dll to C:\Program Files (x86)\Microsoft Visual Studio\2019\BuildTools\Common7\IDE\CommonExtensions\Microsoft\ManagedLanguages\VBCSharp\ExpressionEvaluators\Microsoft.CodeAnalysis.CSharp.ExpressionEvaluator.ExpressionCompiler.dll
[1a64:0017][2019-09-25T22:13:21] Timestamp updated for file 'C:\Program Files (x86)\Microsoft Visual Studio\2019\BuildTools\Common7\IDE\CommonExtensions\Microsoft\ManagedLanguages\VBCSharp\ExpressionEvaluators\Microsoft.CodeAnalysis.CSharp.ExpressionEvaluator.ExpressionCompiler.dll'.
[1a64:0017][2019-09-25T22:13:21] Queueing C:\Program Files (x86)\Microsoft Visual Studio\2019\BuildTools\Common7\IDE\CommonExtensions\Microsoft\ManagedLanguages\VBCSharp\ExpressionEvaluators\Microsoft.CodeAnalysis.CSharp.ExpressionEvaluator.ExpressionCompiler.dll for X86 ngen
[1a64:0017][2019-09-25T22:13:21] Queueing C:\Program Files (x86)\Microsoft Visual Studio\2019\BuildTools\Common7\IDE\CommonExtensions\Microsoft\ManagedLanguages\VBCSharp\ExpressionEvaluators\Microsoft.CodeAnalysis.CSharp.ExpressionEvaluator.ExpressionCompiler.dll for X64 ngen
[1a64:0017][2019-09-25T22:13:21] Successfully queued file '/Microsoft.CodeAnalysis.CSharp.ExpressionEvaluator.ExpressionCompiler.dll' for ngen
[1a64:0017][2019-09-25T22:13:21] Processing file /Microsoft.CodeAnalysis.CSharp.ExpressionEvaluator.ExpressionCompiler.vsdconfig
[1a64:0017][2019-09-25T22:13:21] Started: Copying file /Microsoft.CodeAnalysis.CSharp.ExpressionEvaluator.ExpressionCompiler.vsdconfig to C:\Program Files (x86)\Microsoft Visual Studio\2019\BuildTools\Common7\IDE\CommonExtensions\Microsoft\ManagedLanguages\VBCSharp\ExpressionEvaluators\Microsoft.CodeAnalysis.CSharp.ExpressionEvaluator.ExpressionCompiler.vsdconfig
[1a64:0017][2019-09-25T22:13:21] Completed: Copying file /Microsoft.CodeAnalysis.CSharp.ExpressionEvaluator.ExpressionCompiler.vsdconfig to C:\Program Files (x86)\Microsoft Visual Studio\2019\BuildTools\Common7\IDE\CommonExtensions\Microsoft\ManagedLanguages\VBCSharp\ExpressionEvaluators\Microsoft.CodeAnalysis.CSharp.ExpressionEvaluator.ExpressionCompiler.vsdconfig
[1a64:0017][2019-09-25T22:13:21] Timestamp updated for file 'C:\Program Files (x86)\Microsoft Visual Studio\2019\BuildTools\Common7\IDE\CommonExtensions\Microsoft\ManagedLanguages\VBCSharp\ExpressionEvaluators\Microsoft.CodeAnalysis.CSharp.ExpressionEvaluator.ExpressionCompiler.vsdconfig'.
[1a64:0017][2019-09-25T22:13:21] Queueing C:\Program Files (x86)\Microsoft Visual Studio\2019\BuildTools\Common7\IDE\CommonExtensions\Microsoft\ManagedLanguages\VBCSharp\ExpressionEvaluators\Microsoft.CodeAnalysis.CSharp.ExpressionEvaluator.ExpressionCompiler.vsdconfig for X86 ngen
[1a64:0017][2019-09-25T22:13:21] Queueing C:\Program Files (x86)\Microsoft Visual Studio\2019\BuildTools\Common7\IDE\CommonExtensions\Microsoft\ManagedLanguages\VBCSharp\ExpressionEvaluators\Microsoft.CodeAnalysis.CSharp.ExpressionEvaluator.ExpressionCompiler.vsdconfig for X64 ngen
[1a64:0017][2019-09-25T22:13:21] Successfully queued file '/Microsoft.CodeAnalysis.CSharp.ExpressionEvaluator.ExpressionCompiler.vsdconfig' for ngen
[1a64:0017][2019-09-25T22:13:21] Processing file /Microsoft.CodeAnalysis.CSharp.ExpressionEvaluator.ResultProvider.dll
[1a64:0017][2019-09-25T22:13:21] Started: Copying file /Microsoft.CodeAnalysis.CSharp.ExpressionEvaluator.ResultProvider.dll to C:\Program Files (x86)\Microsoft Visual Studio\2019\BuildTools\Common7\IDE\CommonExtensions\Microsoft\ManagedLanguages\VBCSharp\ExpressionEvaluators\Microsoft.CodeAnalysis.CSharp.ExpressionEvaluator.ResultProvider.dll
[1a64:0017][2019-09-25T22:13:21] Completed: Copying file /Microsoft.CodeAnalysis.CSharp.ExpressionEvaluator.ResultProvider.dll to C:\Program Files (x86)\Microsoft Visual Studio\2019\BuildTools\Common7\IDE\CommonExtensions\Microsoft\ManagedLanguages\VBCSharp\ExpressionEvaluators\Microsoft.CodeAnalysis.CSharp.ExpressionEvaluator.ResultProvider.dll
[1a64:0017][2019-09-25T22:13:21] Timestamp updated for file 'C:\Program Files (x86)\Microsoft Visual Studio\2019\BuildTools\Common7\IDE\CommonExtensions\Microsoft\ManagedLanguages\VBCSharp\ExpressionEvaluators\Microsoft.CodeAnalysis.CSharp.ExpressionEvaluator.ResultProvider.dll'.
[1a64:0017][2019-09-25T22:13:21] Queueing C:\Program Files (x86)\Microsoft Visual Studio\2019\BuildTools\Common7\IDE\CommonExtensions\Microsoft\ManagedLanguages\VBCSharp\ExpressionEvaluators\Microsoft.CodeAnalysis.CSharp.ExpressionEvaluator.ResultProvider.dll for X86 ngen
[1a64:0017][2019-09-25T22:13:21] Queueing C:\Program Files (x86)\Microsoft Visual Studio\2019\BuildTools\Common7\IDE\CommonExtensions\Microsoft\ManagedLanguages\VBCSharp\ExpressionEvaluators\Microsoft.CodeAnalysis.CSharp.ExpressionEvaluator.ResultProvider.dll for X64 ngen
[1a64:0017][2019-09-25T22:13:21] Successfully queued file '/Microsoft.CodeAnalysis.CSharp.ExpressionEvaluator.ResultProvider.dll' for ngen
[1a64:0017][2019-09-25T22:13:21] Processing file /Microsoft.CodeAnalysis.CSharp.ExpressionEvaluator.ResultProvider.vsdconfig
[1a64:0017][2019-09-25T22:13:21] Started: Copying file /Microsoft.CodeAnalysis.CSharp.ExpressionEvaluator.ResultProvider.vsdconfig to C:\Program Files (x86)\Microsoft Visual Studio\2019\BuildTools\Common7\IDE\CommonExtensions\Microsoft\ManagedLanguages\VBCSharp\ExpressionEvaluators\Microsoft.CodeAnalysis.CSharp.ExpressionEvaluator.ResultProvider.vsdconfig
[1a64:0017][2019-09-25T22:13:21] Completed: Copying file /Microsoft.CodeAnalysis.CSharp.ExpressionEvaluator.ResultProvider.vsdconfig to C:\Program Files (x86)\Microsoft Visual Studio\2019\BuildTools\Common7\IDE\CommonExtensions\Microsoft\ManagedLanguages\VBCSharp\ExpressionEvaluators\Microsoft.CodeAnalysis.CSharp.ExpressionEvaluator.ResultProvider.vsdconfig
[1a64:0017][2019-09-25T22:13:21] Timestamp updated for file 'C:\Program Files (x86)\Microsoft Visual Studio\2019\BuildTools\Common7\IDE\CommonExtensions\Microsoft\ManagedLanguages\VBCSharp\ExpressionEvaluators\Microsoft.CodeAnalysis.CSharp.ExpressionEvaluator.ResultProvider.vsdconfig'.
[1a64:0017][2019-09-25T22:13:21] Queueing C:\Program Files (x86)\Microsoft Visual Studio\2019\BuildTools\Common7\IDE\CommonExtensions\Microsoft\ManagedLanguages\VBCSharp\ExpressionEvaluators\Microsoft.CodeAnalysis.CSharp.ExpressionEvaluator.ResultProvider.vsdconfig for X86 ngen
[1a64:0017][2019-09-25T22:13:21] Queueing C:\Program Files (x86)\Microsoft Visual Studio\2019\BuildTools\Common7\IDE\CommonExtensions\Microsoft\ManagedLanguages\VBCSharp\ExpressionEvaluators\Microsoft.CodeAnalysis.CSharp.ExpressionEvaluator.ResultProvider.vsdconfig for X64 ngen
[1a64:0017][2019-09-25T22:13:21] Successfully queued file '/Microsoft.CodeAnalysis.CSharp.ExpressionEvaluator.ResultProvider.vsdconfig' for ngen
[1a64:0017][2019-09-25T22:13:21] Processing file /Microsoft.CodeAnalysis.ExpressionEvaluator.ExpressionCompiler.dll
[1a64:0017][2019-09-25T22:13:21] Started: Copying file /Microsoft.CodeAnalysis.ExpressionEvaluator.ExpressionCompiler.dll to C:\Program Files (x86)\Microsoft Visual Studio\2019\BuildTools\Common7\IDE\CommonExtensions\Microsoft\ManagedLanguages\VBCSharp\ExpressionEvaluators\Microsoft.CodeAnalysis.ExpressionEvaluator.ExpressionCompiler.dll
[1a64:0017][2019-09-25T22:13:21] Completed: Copying file /Microsoft.CodeAnalysis.ExpressionEvaluator.ExpressionCompiler.dll to C:\Program Files (x86)\Microsoft Visual Studio\2019\BuildTools\Common7\IDE\CommonExtensions\Microsoft\ManagedLanguages\VBCSharp\ExpressionEvaluators\Microsoft.CodeAnalysis.ExpressionEvaluator.ExpressionCompiler.dll
[1a64:0017][2019-09-25T22:13:21] Timestamp updated for file 'C:\Program Files (x86)\Microsoft Visual Studio\2019\BuildTools\Common7\IDE\CommonExtensions\Microsoft\ManagedLanguages\VBCSharp\ExpressionEvaluators\Microsoft.CodeAnalysis.ExpressionEvaluator.ExpressionCompiler.dll'.
[1a64:0017][2019-09-25T22:13:21] Queueing C:\Program Files (x86)\Microsoft Visual Studio\2019\BuildTools\Common7\IDE\CommonExtensions\Microsoft\ManagedLanguages\VBCSharp\ExpressionEvaluators\Microsoft.CodeAnalysis.ExpressionEvaluator.ExpressionCompiler.dll for X86 ngen
[1a64:0017][2019-09-25T22:13:21] Queueing C:\Program Files (x86)\Microsoft Visual Studio\2019\BuildTools\Common7\IDE\CommonExtensions\Microsoft\ManagedLanguages\VBCSharp\ExpressionEvaluators\Microsoft.CodeAnalysis.ExpressionEvaluator.ExpressionCompiler.dll for X64 ngen
[1a64:0017][2019-09-25T22:13:21] Successfully queued file '/Microsoft.CodeAnalysis.ExpressionEvaluator.ExpressionCompiler.dll' for ngen
[1a64:0017][2019-09-25T22:13:21] Processing file /Microsoft.CodeAnalysis.ExpressionEvaluator.FunctionResolver.dll
[1a64:0017][2019-09-25T22:13:21] Started: Copying file /Microsoft.CodeAnalysis.ExpressionEvaluator.FunctionResolver.dll to C:\Program Files (x86)\Microsoft Visual Studio\2019\BuildTools\Common7\IDE\CommonExtensions\Microsoft\ManagedLanguages\VBCSharp\ExpressionEvaluators\Microsoft.CodeAnalysis.ExpressionEvaluator.FunctionResolver.dll
[1a64:0017][2019-09-25T22:13:21] Completed: Copying file /Microsoft.CodeAnalysis.ExpressionEvaluator.FunctionResolver.dll to C:\Program Files (x86)\Microsoft Visual Studio\2019\BuildTools\Common7\IDE\CommonExtensions\Microsoft\ManagedLanguages\VBCSharp\ExpressionEvaluators\Microsoft.CodeAnalysis.ExpressionEvaluator.FunctionResolver.dll
[1a64:0017][2019-09-25T22:13:21] Timestamp updated for file 'C:\Program Files (x86)\Microsoft Visual Studio\2019\BuildTools\Common7\IDE\CommonExtensions\Microsoft\ManagedLanguages\VBCSharp\ExpressionEvaluators\Microsoft.CodeAnalysis.ExpressionEvaluator.FunctionResolver.dll'.
[1a64:0017][2019-09-25T22:13:21] Queueing C:\Program Files (x86)\Microsoft Visual Studio\2019\BuildTools\Common7\IDE\CommonExtensions\Microsoft\ManagedLanguages\VBCSharp\ExpressionEvaluators\Microsoft.CodeAnalysis.ExpressionEvaluator.FunctionResolver.dll for X86 ngen
[1a64:0017][2019-09-25T22:13:21] Queueing C:\Program Files (x86)\Microsoft Visual Studio\2019\BuildTools\Common7\IDE\CommonExtensions\Microsoft\ManagedLanguages\VBCSharp\ExpressionEvaluators\Microsoft.CodeAnalysis.ExpressionEvaluator.FunctionResolver.dll for X64 ngen
[1a64:0017][2019-09-25T22:13:21] Successfully queued file '/Microsoft.CodeAnalysis.ExpressionEvaluator.FunctionResolver.dll' for ngen
[1a64:0017][2019-09-25T22:13:21] Processing file /Microsoft.CodeAnalysis.ExpressionEvaluator.FunctionResolver.vsdconfig
[1a64:0017][2019-09-25T22:13:21] Started: Copying file /Microsoft.CodeAnalysis.ExpressionEvaluator.FunctionResolver.vsdconfig to C:\Program Files (x86)\Microsoft Visual Studio\2019\BuildTools\Common7\IDE\CommonExtensions\Microsoft\ManagedLanguages\VBCSharp\ExpressionEvaluators\Microsoft.CodeAnalysis.ExpressionEvaluator.FunctionResolver.vsdconfig
[1a64:0017][2019-09-25T22:13:21] Completed: Copying file /Microsoft.CodeAnalysis.ExpressionEvaluator.FunctionResolver.vsdconfig to C:\Program Files (x86)\Microsoft Visual Studio\2019\BuildTools\Common7\IDE\CommonExtensions\Microsoft\ManagedLanguages\VBCSharp\ExpressionEvaluators\Microsoft.CodeAnalysis.ExpressionEvaluator.FunctionResolver.vsdconfig
[1a64:0017][2019-09-25T22:13:21] Timestamp updated for file 'C:\Program Files (x86)\Microsoft Visual Studio\2019\BuildTools\Common7\IDE\CommonExtensions\Microsoft\ManagedLanguages\VBCSharp\ExpressionEvaluators\Microsoft.CodeAnalysis.ExpressionEvaluator.FunctionResolver.vsdconfig'.
[1a64:0017][2019-09-25T22:13:21] Queueing C:\Program Files (x86)\Microsoft Visual Studio\2019\BuildTools\Common7\IDE\CommonExtensions\Microsoft\ManagedLanguages\VBCSharp\ExpressionEvaluators\Microsoft.CodeAnalysis.ExpressionEvaluator.FunctionResolver.vsdconfig for X86 ngen
[1a64:0017][2019-09-25T22:13:21] Queueing C:\Program Files (x86)\Microsoft Visual Studio\2019\BuildTools\Common7\IDE\CommonExtensions\Microsoft\ManagedLanguages\VBCSharp\ExpressionEvaluators\Microsoft.CodeAnalysis.ExpressionEvaluator.FunctionResolver.vsdconfig for X64 ngen
[1a64:0017][2019-09-25T22:13:21] Successfully queued file '/Microsoft.CodeAnalysis.ExpressionEvaluator.FunctionResolver.vsdconfig' for ngen
[1a64:0017][2019-09-25T22:13:21] Processing file /Microsoft.CodeAnalysis.ExpressionEvaluator.ResultProvider.dll
[1a64:0017][2019-09-25T22:13:21] Started: Copying file /Microsoft.CodeAnalysis.ExpressionEvaluator.ResultProvider.dll to C:\Program Files (x86)\Microsoft Visual Studio\2019\BuildTools\Common7\IDE\CommonExtensions\Microsoft\ManagedLanguages\VBCSharp\ExpressionEvaluators\Microsoft.CodeAnalysis.ExpressionEvaluator.ResultProvider.dll
[1a64:0017][2019-09-25T22:13:21] Completed: Copying file /Microsoft.CodeAnalysis.ExpressionEvaluator.ResultProvider.dll to C:\Program Files (x86)\Microsoft Visual Studio\2019\BuildTools\Common7\IDE\CommonExtensions\Microsoft\ManagedLanguages\VBCSharp\ExpressionEvaluators\Microsoft.CodeAnalysis.ExpressionEvaluator.ResultProvider.dll
[1a64:0017][2019-09-25T22:13:21] Timestamp updated for file 'C:\Program Files (x86)\Microsoft Visual Studio\2019\BuildTools\Common7\IDE\CommonExtensions\Microsoft\ManagedLanguages\VBCSharp\ExpressionEvaluators\Microsoft.CodeAnalysis.ExpressionEvaluator.ResultProvider.dll'.
[1a64:0017][2019-09-25T22:13:21] Queueing C:\Program Files (x86)\Microsoft Visual Studio\2019\BuildTools\Common7\IDE\CommonExtensions\Microsoft\ManagedLanguages\VBCSharp\ExpressionEvaluators\Microsoft.CodeAnalysis.ExpressionEvaluator.ResultProvider.dll for X86 ngen
[1a64:0017][2019-09-25T22:13:21] Queueing C:\Program Files (x86)\Microsoft Visual Studio\2019\BuildTools\Common7\IDE\CommonExtensions\Microsoft\ManagedLanguages\VBCSharp\ExpressionEvaluators\Microsoft.CodeAnalysis.ExpressionEvaluator.ResultProvider.dll for X64 ngen
[1a64:0017][2019-09-25T22:13:21] Successfully queued file '/Microsoft.CodeAnalysis.ExpressionEvaluator.ResultProvider.dll' for ngen
[1a64:0017][2019-09-25T22:13:21] Processing file /Microsoft.CodeAnalysis.VisualBasic.ExpressionEvaluator.ExpressionCompiler.dll
[1a64:0017][2019-09-25T22:13:21] Started: Copying file /Microsoft.CodeAnalysis.VisualBasic.ExpressionEvaluator.ExpressionCompiler.dll to C:\Program Files (x86)\Microsoft Visual Studio\2019\BuildTools\Common7\IDE\CommonExtensions\Microsoft\ManagedLanguages\VBCSharp\ExpressionEvaluators\Microsoft.CodeAnalysis.VisualBasic.ExpressionEvaluator.ExpressionCompiler.dll
[1a64:0017][2019-09-25T22:13:21] Completed: Copying file /Microsoft.CodeAnalysis.VisualBasic.ExpressionEvaluator.ExpressionCompiler.dll to C:\Program Files (x86)\Microsoft Visual Studio\2019\BuildTools\Common7\IDE\CommonExtensions\Microsoft\ManagedLanguages\VBCSharp\ExpressionEvaluators\Microsoft.CodeAnalysis.VisualBasic.ExpressionEvaluator.ExpressionCompiler.dll
[1a64:0017][2019-09-25T22:13:21] Timestamp updated for file 'C:\Program Files (x86)\Microsoft Visual Studio\2019\BuildTools\Common7\IDE\CommonExtensions\Microsoft\ManagedLanguages\VBCSharp\ExpressionEvaluators\Microsoft.CodeAnalysis.VisualBasic.ExpressionEvaluator.ExpressionCompiler.dll'.
[1a64:0017][2019-09-25T22:13:21] Queueing C:\Program Files (x86)\Microsoft Visual Studio\2019\BuildTools\Common7\IDE\CommonExtensions\Microsoft\ManagedLanguages\VBCSharp\ExpressionEvaluators\Microsoft.CodeAnalysis.VisualBasic.ExpressionEvaluator.ExpressionCompiler.dll for X86 ngen
[1a64:0017][2019-09-25T22:13:21] Queueing C:\Program Files (x86)\Microsoft Visual Studio\2019\BuildTools\Common7\IDE\CommonExtensions\Microsoft\ManagedLanguages\VBCSharp\ExpressionEvaluators\Microsoft.CodeAnalysis.VisualBasic.ExpressionEvaluator.ExpressionCompiler.dll for X64 ngen
[1a64:0017][2019-09-25T22:13:21] Successfully queued file '/Microsoft.CodeAnalysis.VisualBasic.ExpressionEvaluator.ExpressionCompiler.dll' for ngen
[1a64:0017][2019-09-25T22:13:21] Processing file /Microsoft.CodeAnalysis.VisualBasic.ExpressionEvaluator.ExpressionCompiler.vsdconfig
[1a64:0017][2019-09-25T22:13:21] Started: Copying file /Microsoft.CodeAnalysis.VisualBasic.ExpressionEvaluator.ExpressionCompiler.vsdconfig to C:\Program Files (x86)\Microsoft Visual Studio\2019\BuildTools\Common7\IDE\CommonExtensions\Microsoft\ManagedLanguages\VBCSharp\ExpressionEvaluators\Microsoft.CodeAnalysis.VisualBasic.ExpressionEvaluator.ExpressionCompiler.vsdconfig
[1a64:0017][2019-09-25T22:13:21] Completed: Copying file /Microsoft.CodeAnalysis.VisualBasic.ExpressionEvaluator.ExpressionCompiler.vsdconfig to C:\Program Files (x86)\Microsoft Visual Studio\2019\BuildTools\Common7\IDE\CommonExtensions\Microsoft\ManagedLanguages\VBCSharp\ExpressionEvaluators\Microsoft.CodeAnalysis.VisualBasic.ExpressionEvaluator.ExpressionCompiler.vsdconfig
[1a64:0017][2019-09-25T22:13:21] Timestamp updated for file 'C:\Program Files (x86)\Microsoft Visual Studio\2019\BuildTools\Common7\IDE\CommonExtensions\Microsoft\ManagedLanguages\VBCSharp\ExpressionEvaluators\Microsoft.CodeAnalysis.VisualBasic.ExpressionEvaluator.ExpressionCompiler.vsdconfig'.
[1a64:0017][2019-09-25T22:13:21] Queueing C:\Program Files (x86)\Microsoft Visual Studio\2019\BuildTools\Common7\IDE\CommonExtensions\Microsoft\ManagedLanguages\VBCSharp\ExpressionEvaluators\Microsoft.CodeAnalysis.VisualBasic.ExpressionEvaluator.ExpressionCompiler.vsdconfig for X86 ngen
[1a64:0017][2019-09-25T22:13:21] Queueing C:\Program Files (x86)\Microsoft Visual Studio\2019\BuildTools\Common7\IDE\CommonExtensions\Microsoft\ManagedLanguages\VBCSharp\ExpressionEvaluators\Microsoft.CodeAnalysis.VisualBasic.ExpressionEvaluator.ExpressionCompiler.vsdconfig for X64 ngen
[1a64:0017][2019-09-25T22:13:21] Successfully queued file '/Microsoft.CodeAnalysis.VisualBasic.ExpressionEvaluator.ExpressionCompiler.vsdconfig' for ngen
[1a64:0017][2019-09-25T22:13:21] Processing file /Microsoft.CodeAnalysis.VisualBasic.ExpressionEvaluator.ResultProvider.dll
[1a64:0017][2019-09-25T22:13:21] Started: Copying file /Microsoft.CodeAnalysis.VisualBasic.ExpressionEvaluator.ResultProvider.dll to C:\Program Files (x86)\Microsoft Visual Studio\2019\BuildTools\Common7\IDE\CommonExtensions\Microsoft\ManagedLanguages\VBCSharp\ExpressionEvaluators\Microsoft.CodeAnalysis.VisualBasic.ExpressionEvaluator.ResultProvider.dll
[1a64:0017][2019-09-25T22:13:21] Completed: Copying file /Microsoft.CodeAnalysis.VisualBasic.ExpressionEvaluator.ResultProvider.dll to C:\Program Files (x86)\Microsoft Visual Studio\2019\BuildTools\Common7\IDE\CommonExtensions\Microsoft\ManagedLanguages\VBCSharp\ExpressionEvaluators\Microsoft.CodeAnalysis.VisualBasic.ExpressionEvaluator.ResultProvider.dll
[1a64:0017][2019-09-25T22:13:21] Timestamp updated for file 'C:\Program Files (x86)\Microsoft Visual Studio\2019\BuildTools\Common7\IDE\CommonExtensions\Microsoft\ManagedLanguages\VBCSharp\ExpressionEvaluators\Microsoft.CodeAnalysis.VisualBasic.ExpressionEvaluator.ResultProvider.dll'.
[1a64:0017][2019-09-25T22:13:21] Queueing C:\Program Files (x86)\Microsoft Visual Studio\2019\BuildTools\Common7\IDE\CommonExtensions\Microsoft\ManagedLanguages\VBCSharp\ExpressionEvaluators\Microsoft.CodeAnalysis.VisualBasic.ExpressionEvaluator.ResultProvider.dll for X86 ngen
[1a64:0017][2019-09-25T22:13:21] Queueing C:\Program Files (x86)\Microsoft Visual Studio\2019\BuildTools\Common7\IDE\CommonExtensions\Microsoft\ManagedLanguages\VBCSharp\ExpressionEvaluators\Microsoft.CodeAnalysis.VisualBasic.ExpressionEvaluator.ResultProvider.dll for X64 ngen
[1a64:0017][2019-09-25T22:13:21] Successfully queued file '/Microsoft.CodeAnalysis.VisualBasic.ExpressionEvaluator.ResultProvider.dll' for ngen
[1a64:0017][2019-09-25T22:13:21] Processing file /Microsoft.CodeAnalysis.VisualBasic.ExpressionEvaluator.ResultProvider.vsdconfig
[1a64:0017][2019-09-25T22:13:21] Started: Copying file /Microsoft.CodeAnalysis.VisualBasic.ExpressionEvaluator.ResultProvider.vsdconfig to C:\Program Files (x86)\Microsoft Visual Studio\2019\BuildTools\Common7\IDE\CommonExtensions\Microsoft\ManagedLanguages\VBCSharp\ExpressionEvaluators\Microsoft.CodeAnalysis.VisualBasic.ExpressionEvaluator.ResultProvider.vsdconfig
[1a64:0017][2019-09-25T22:13:21] Completed: Copying file /Microsoft.CodeAnalysis.VisualBasic.ExpressionEvaluator.ResultProvider.vsdconfig to C:\Program Files (x86)\Microsoft Visual Studio\2019\BuildTools\Common7\IDE\CommonExtensions\Microsoft\ManagedLanguages\VBCSharp\ExpressionEvaluators\Microsoft.CodeAnalysis.VisualBasic.ExpressionEvaluator.ResultProvider.vsdconfig
[1a64:0017][2019-09-25T22:13:21] Timestamp updated for file 'C:\Program Files (x86)\Microsoft Visual Studio\2019\BuildTools\Common7\IDE\CommonExtensions\Microsoft\ManagedLanguages\VBCSharp\ExpressionEvaluators\Microsoft.CodeAnalysis.VisualBasic.ExpressionEvaluator.ResultProvider.vsdconfig'.
[1a64:0017][2019-09-25T22:13:21] Queueing C:\Program Files (x86)\Microsoft Visual Studio\2019\BuildTools\Common7\IDE\CommonExtensions\Microsoft\ManagedLanguages\VBCSharp\ExpressionEvaluators\Microsoft.CodeAnalysis.VisualBasic.ExpressionEvaluator.ResultProvider.vsdconfig for X86 ngen
[1a64:0017][2019-09-25T22:13:21] Queueing C:\Program Files (x86)\Microsoft Visual Studio\2019\BuildTools\Common7\IDE\CommonExtensions\Microsoft\ManagedLanguages\VBCSharp\ExpressionEvaluators\Microsoft.CodeAnalysis.VisualBasic.ExpressionEvaluator.ResultProvider.vsdconfig for X64 ngen
[1a64:0017][2019-09-25T22:13:21] Successfully queued file '/Microsoft.CodeAnalysis.VisualBasic.ExpressionEvaluator.ResultProvider.vsdconfig' for ngen
[1a64:0017][2019-09-25T22:13:21] Processing file /pl/Microsoft.CodeAnalysis.ExpressionEvaluator.ResultProvider.resources.dll
[1a64:0017][2019-09-25T22:13:21] Started: Copying file /pl/Microsoft.CodeAnalysis.ExpressionEvaluator.ResultProvider.resources.dll to C:\Program Files (x86)\Microsoft Visual Studio\2019\BuildTools\Common7\IDE\CommonExtensions\Microsoft\ManagedLanguages\VBCSharp\ExpressionEvaluators\pl\Microsoft.CodeAnalysis.ExpressionEvaluator.ResultProvider.resources.dll
[1a64:0017][2019-09-25T22:13:21] Completed: Copying file /pl/Microsoft.CodeAnalysis.ExpressionEvaluator.ResultProvider.resources.dll to C:\Program Files (x86)\Microsoft Visual Studio\2019\BuildTools\Common7\IDE\CommonExtensions\Microsoft\ManagedLanguages\VBCSharp\ExpressionEvaluators\pl\Microsoft.CodeAnalysis.ExpressionEvaluator.ResultProvider.resources.dll
[1a64:0017][2019-09-25T22:13:21] Timestamp updated for file 'C:\Program Files (x86)\Microsoft Visual Studio\2019\BuildTools\Common7\IDE\CommonExtensions\Microsoft\ManagedLanguages\VBCSharp\ExpressionEvaluators\pl\Microsoft.CodeAnalysis.ExpressionEvaluator.ResultProvider.resources.dll'.
[1a64:0017][2019-09-25T22:13:21] Queueing C:\Program Files (x86)\Microsoft Visual Studio\2019\BuildTools\Common7\IDE\CommonExtensions\Microsoft\ManagedLanguages\VBCSharp\ExpressionEvaluators\pl\Microsoft.CodeAnalysis.ExpressionEvaluator.ResultProvider.resources.dll for X86 ngen
[1a64:0017][2019-09-25T22:13:21] Queueing C:\Program Files (x86)\Microsoft Visual Studio\2019\BuildTools\Common7\IDE\CommonExtensions\Microsoft\ManagedLanguages\VBCSharp\ExpressionEvaluators\pl\Microsoft.CodeAnalysis.ExpressionEvaluator.ResultProvider.resources.dll for X64 ngen
[1a64:0017][2019-09-25T22:13:21] Successfully queued file '/pl/Microsoft.CodeAnalysis.ExpressionEvaluator.ResultProvider.resources.dll' for ngen
[1a64:0017][2019-09-25T22:13:21] Processing file /pl/Microsoft.CodeAnalysis.VisualBasic.ExpressionEvaluator.ExpressionCompiler.resources.dll
[1a64:0017][2019-09-25T22:13:21] Started: Copying file /pl/Microsoft.CodeAnalysis.VisualBasic.ExpressionEvaluator.ExpressionCompiler.resources.dll to C:\Program Files (x86)\Microsoft Visual Studio\2019\BuildTools\Common7\IDE\CommonExtensions\Microsoft\ManagedLanguages\VBCSharp\ExpressionEvaluators\pl\Microsoft.CodeAnalysis.VisualBasic.ExpressionEvaluator.ExpressionCompiler.resources.dll
[1a64:0017][2019-09-25T22:13:21] Completed: Copying file /pl/Microsoft.CodeAnalysis.VisualBasic.ExpressionEvaluator.ExpressionCompiler.resources.dll to C:\Program Files (x86)\Microsoft Visual Studio\2019\BuildTools\Common7\IDE\CommonExtensions\Microsoft\ManagedLanguages\VBCSharp\ExpressionEvaluators\pl\Microsoft.CodeAnalysis.VisualBasic.ExpressionEvaluator.ExpressionCompiler.resources.dll
[1a64:0017][2019-09-25T22:13:21] Timestamp updated for file 'C:\Program Files (x86)\Microsoft Visual Studio\2019\BuildTools\Common7\IDE\CommonExtensions\Microsoft\ManagedLanguages\VBCSharp\ExpressionEvaluators\pl\Microsoft.CodeAnalysis.VisualBasic.ExpressionEvaluator.ExpressionCompiler.resources.dll'.
[1a64:0017][2019-09-25T22:13:21] Queueing C:\Program Files (x86)\Microsoft Visual Studio\2019\BuildTools\Common7\IDE\CommonExtensions\Microsoft\ManagedLanguages\VBCSharp\ExpressionEvaluators\pl\Microsoft.CodeAnalysis.VisualBasic.ExpressionEvaluator.ExpressionCompiler.resources.dll for X86 ngen
[1a64:0017][2019-09-25T22:13:21] Queueing C:\Program Files (x86)\Microsoft Visual Studio\2019\BuildTools\Common7\IDE\CommonExtensions\Microsoft\ManagedLanguages\VBCSharp\ExpressionEvaluators\pl\Microsoft.CodeAnalysis.VisualBasic.ExpressionEvaluator.ExpressionCompiler.resources.dll for X64 ngen
[1a64:0017][2019-09-25T22:13:21] Successfully queued file '/pl/Microsoft.CodeAnalysis.VisualBasic.ExpressionEvaluator.ExpressionCompiler.resources.dll' for ngen
[1a64:0017][2019-09-25T22:13:21] Processing file /pt-BR/Microsoft.CodeAnalysis.ExpressionEvaluator.ResultProvider.resources.dll
[1a64:0017][2019-09-25T22:13:21] Started: Copying file /pt-BR/Microsoft.CodeAnalysis.ExpressionEvaluator.ResultProvider.resources.dll to C:\Program Files (x86)\Microsoft Visual Studio\2019\BuildTools\Common7\IDE\CommonExtensions\Microsoft\ManagedLanguages\VBCSharp\ExpressionEvaluators\pt-BR\Microsoft.CodeAnalysis.ExpressionEvaluator.ResultProvider.resources.dll
[1a64:0017][2019-09-25T22:13:21] Completed: Copying file /pt-BR/Microsoft.CodeAnalysis.ExpressionEvaluator.ResultProvider.resources.dll to C:\Program Files (x86)\Microsoft Visual Studio\2019\BuildTools\Common7\IDE\CommonExtensions\Microsoft\ManagedLanguages\VBCSharp\ExpressionEvaluators\pt-BR\Microsoft.CodeAnalysis.ExpressionEvaluator.ResultProvider.resources.dll
[1a64:0017][2019-09-25T22:13:21] Timestamp updated for file 'C:\Program Files (x86)\Microsoft Visual Studio\2019\BuildTools\Common7\IDE\CommonExtensions\Microsoft\ManagedLanguages\VBCSharp\ExpressionEvaluators\pt-BR\Microsoft.CodeAnalysis.ExpressionEvaluator.ResultProvider.resources.dll'.
[1a64:0017][2019-09-25T22:13:21] Queueing C:\Program Files (x86)\Microsoft Visual Studio\2019\BuildTools\Common7\IDE\CommonExtensions\Microsoft\ManagedLanguages\VBCSharp\ExpressionEvaluators\pt-BR\Microsoft.CodeAnalysis.ExpressionEvaluator.ResultProvider.resources.dll for X86 ngen
[1a64:0017][2019-09-25T22:13:21] Queueing C:\Program Files (x86)\Microsoft Visual Studio\2019\BuildTools\Common7\IDE\CommonExtensions\Microsoft\ManagedLanguages\VBCSharp\ExpressionEvaluators\pt-BR\Microsoft.CodeAnalysis.ExpressionEvaluator.ResultProvider.resources.dll for X64 ngen
[1a64:0017][2019-09-25T22:13:21] Successfully queued file '/pt-BR/Microsoft.CodeAnalysis.ExpressionEvaluator.ResultProvider.resources.dll' for ngen
[1a64:0017][2019-09-25T22:13:21] Processing file /pt-BR/Microsoft.CodeAnalysis.VisualBasic.ExpressionEvaluator.ExpressionCompiler.resources.dll
[1a64:0017][2019-09-25T22:13:21] Started: Copying file /pt-BR/Microsoft.CodeAnalysis.VisualBasic.ExpressionEvaluator.ExpressionCompiler.resources.dll to C:\Program Files (x86)\Microsoft Visual Studio\2019\BuildTools\Common7\IDE\CommonExtensions\Microsoft\ManagedLanguages\VBCSharp\ExpressionEvaluators\pt-BR\Microsoft.CodeAnalysis.VisualBasic.ExpressionEvaluator.ExpressionCompiler.resources.dll
[1a64:0017][2019-09-25T22:13:21] Completed: Copying file /pt-BR/Microsoft.CodeAnalysis.VisualBasic.ExpressionEvaluator.ExpressionCompiler.resources.dll to C:\Program Files (x86)\Microsoft Visual Studio\2019\BuildTools\Common7\IDE\CommonExtensions\Microsoft\ManagedLanguages\VBCSharp\ExpressionEvaluators\pt-BR\Microsoft.CodeAnalysis.VisualBasic.ExpressionEvaluator.ExpressionCompiler.resources.dll
[1a64:0017][2019-09-25T22:13:21] Timestamp updated for file 'C:\Program Files (x86)\Microsoft Visual Studio\2019\BuildTools\Common7\IDE\CommonExtensions\Microsoft\ManagedLanguages\VBCSharp\ExpressionEvaluators\pt-BR\Microsoft.CodeAnalysis.VisualBasic.ExpressionEvaluator.ExpressionCompiler.resources.dll'.
[1a64:0017][2019-09-25T22:13:21] Queueing C:\Program Files (x86)\Microsoft Visual Studio\2019\BuildTools\Common7\IDE\CommonExtensions\Microsoft\ManagedLanguages\VBCSharp\ExpressionEvaluators\pt-BR\Microsoft.CodeAnalysis.VisualBasic.ExpressionEvaluator.ExpressionCompiler.resources.dll for X86 ngen
[1a64:0017][2019-09-25T22:13:21] Queueing C:\Program Files (x86)\Microsoft Visual Studio\2019\BuildTools\Common7\IDE\CommonExtensions\Microsoft\ManagedLanguages\VBCSharp\ExpressionEvaluators\pt-BR\Microsoft.CodeAnalysis.VisualBasic.ExpressionEvaluator.ExpressionCompiler.resources.dll for X64 ngen
[1a64:0017][2019-09-25T22:13:21] Successfully queued file '/pt-BR/Microsoft.CodeAnalysis.VisualBasic.ExpressionEvaluator.ExpressionCompiler.resources.dll' for ngen
[1a64:0017][2019-09-25T22:13:21] Processing file /ru/Microsoft.CodeAnalysis.ExpressionEvaluator.ResultProvider.resources.dll
[1a64:0017][2019-09-25T22:13:21] Started: Copying file /ru/Microsoft.CodeAnalysis.ExpressionEvaluator.ResultProvider.resources.dll to C:\Program Files (x86)\Microsoft Visual Studio\2019\BuildTools\Common7\IDE\CommonExtensions\Microsoft\ManagedLanguages\VBCSharp\ExpressionEvaluators\ru\Microsoft.CodeAnalysis.ExpressionEvaluator.ResultProvider.resources.dll
[1a64:0017][2019-09-25T22:13:21] Completed: Copying file /ru/Microsoft.CodeAnalysis.ExpressionEvaluator.ResultProvider.resources.dll to C:\Program Files (x86)\Microsoft Visual Studio\2019\BuildTools\Common7\IDE\CommonExtensions\Microsoft\ManagedLanguages\VBCSharp\ExpressionEvaluators\ru\Microsoft.CodeAnalysis.ExpressionEvaluator.ResultProvider.resources.dll
[1a64:0017][2019-09-25T22:13:21] Timestamp updated for file 'C:\Program Files (x86)\Microsoft Visual Studio\2019\BuildTools\Common7\IDE\CommonExtensions\Microsoft\ManagedLanguages\VBCSharp\ExpressionEvaluators\ru\Microsoft.CodeAnalysis.ExpressionEvaluator.ResultProvider.resources.dll'.
[1a64:0017][2019-09-25T22:13:21] Queueing C:\Program Files (x86)\Microsoft Visual Studio\2019\BuildTools\Common7\IDE\CommonExtensions\Microsoft\ManagedLanguages\VBCSharp\ExpressionEvaluators\ru\Microsoft.CodeAnalysis.ExpressionEvaluator.ResultProvider.resources.dll for X86 ngen
[1a64:0017][2019-09-25T22:13:21] Queueing C:\Program Files (x86)\Microsoft Visual Studio\2019\BuildTools\Common7\IDE\CommonExtensions\Microsoft\ManagedLanguages\VBCSharp\ExpressionEvaluators\ru\Microsoft.CodeAnalysis.ExpressionEvaluator.ResultProvider.resources.dll for X64 ngen
[1a64:0017][2019-09-25T22:13:21] Successfully queued file '/ru/Microsoft.CodeAnalysis.ExpressionEvaluator.ResultProvider.resources.dll' for ngen
[1a64:0017][2019-09-25T22:13:21] Processing file /ru/Microsoft.CodeAnalysis.VisualBasic.ExpressionEvaluator.ExpressionCompiler.resources.dll
[1a64:0017][2019-09-25T22:13:21] Started: Copying file /ru/Microsoft.CodeAnalysis.VisualBasic.ExpressionEvaluator.ExpressionCompiler.resources.dll to C:\Program Files (x86)\Microsoft Visual Studio\2019\BuildTools\Common7\IDE\CommonExtensions\Microsoft\ManagedLanguages\VBCSharp\ExpressionEvaluators\ru\Microsoft.CodeAnalysis.VisualBasic.ExpressionEvaluator.ExpressionCompiler.resources.dll
[1a64:0017][2019-09-25T22:13:21] Completed: Copying file /ru/Microsoft.CodeAnalysis.VisualBasic.ExpressionEvaluator.ExpressionCompiler.resources.dll to C:\Program Files (x86)\Microsoft Visual Studio\2019\BuildTools\Common7\IDE\CommonExtensions\Microsoft\ManagedLanguages\VBCSharp\ExpressionEvaluators\ru\Microsoft.CodeAnalysis.VisualBasic.ExpressionEvaluator.ExpressionCompiler.resources.dll
[1a64:0017][2019-09-25T22:13:21] Timestamp updated for file 'C:\Program Files (x86)\Microsoft Visual Studio\2019\BuildTools\Common7\IDE\CommonExtensions\Microsoft\ManagedLanguages\VBCSharp\ExpressionEvaluators\ru\Microsoft.CodeAnalysis.VisualBasic.ExpressionEvaluator.ExpressionCompiler.resources.dll'.
[1a64:0017][2019-09-25T22:13:21] Queueing C:\Program Files (x86)\Microsoft Visual Studio\2019\BuildTools\Common7\IDE\CommonExtensions\Microsoft\ManagedLanguages\VBCSharp\ExpressionEvaluators\ru\Microsoft.CodeAnalysis.VisualBasic.ExpressionEvaluator.ExpressionCompiler.resources.dll for X86 ngen
[1a64:0017][2019-09-25T22:13:21] Queueing C:\Program Files (x86)\Microsoft Visual Studio\2019\BuildTools\Common7\IDE\CommonExtensions\Microsoft\ManagedLanguages\VBCSharp\ExpressionEvaluators\ru\Microsoft.CodeAnalysis.VisualBasic.ExpressionEvaluator.ExpressionCompiler.resources.dll for X64 ngen
[1a64:0017][2019-09-25T22:13:21] Successfully queued file '/ru/Microsoft.CodeAnalysis.VisualBasic.ExpressionEvaluator.ExpressionCompiler.resources.dll' for ngen
[1a64:0017][2019-09-25T22:13:21] Processing file /tr/Microsoft.CodeAnalysis.ExpressionEvaluator.ResultProvider.resources.dll
[1a64:0017][2019-09-25T22:13:21] Started: Copying file /tr/Microsoft.CodeAnalysis.ExpressionEvaluator.ResultProvider.resources.dll to C:\Program Files (x86)\Microsoft Visual Studio\2019\BuildTools\Common7\IDE\CommonExtensions\Microsoft\ManagedLanguages\VBCSharp\ExpressionEvaluators\tr\Microsoft.CodeAnalysis.ExpressionEvaluator.ResultProvider.resources.dll
[1a64:0017][2019-09-25T22:13:21] Completed: Copying file /tr/Microsoft.CodeAnalysis.ExpressionEvaluator.ResultProvider.resources.dll to C:\Program Files (x86)\Microsoft Visual Studio\2019\BuildTools\Common7\IDE\CommonExtensions\Microsoft\ManagedLanguages\VBCSharp\ExpressionEvaluators\tr\Microsoft.CodeAnalysis.ExpressionEvaluator.ResultProvider.resources.dll
[1a64:0017][2019-09-25T22:13:21] Timestamp updated for file 'C:\Program Files (x86)\Microsoft Visual Studio\2019\BuildTools\Common7\IDE\CommonExtensions\Microsoft\ManagedLanguages\VBCSharp\ExpressionEvaluators\tr\Microsoft.CodeAnalysis.ExpressionEvaluator.ResultProvider.resources.dll'.
[1a64:0017][2019-09-25T22:13:21] Queueing C:\Program Files (x86)\Microsoft Visual Studio\2019\BuildTools\Common7\IDE\CommonExtensions\Microsoft\ManagedLanguages\VBCSharp\ExpressionEvaluators\tr\Microsoft.CodeAnalysis.ExpressionEvaluator.ResultProvider.resources.dll for X86 ngen
[1a64:0017][2019-09-25T22:13:21] Queueing C:\Program Files (x86)\Microsoft Visual Studio\2019\BuildTools\Common7\IDE\CommonExtensions\Microsoft\ManagedLanguages\VBCSharp\ExpressionEvaluators\tr\Microsoft.CodeAnalysis.ExpressionEvaluator.ResultProvider.resources.dll for X64 ngen
[1a64:0017][2019-09-25T22:13:21] Successfully queued file '/tr/Microsoft.CodeAnalysis.ExpressionEvaluator.ResultProvider.resources.dll' for ngen
[1a64:0017][2019-09-25T22:13:21] Processing file /tr/Microsoft.CodeAnalysis.VisualBasic.ExpressionEvaluator.ExpressionCompiler.resources.dll
[1a64:0017][2019-09-25T22:13:21] Started: Copying file /tr/Microsoft.CodeAnalysis.VisualBasic.ExpressionEvaluator.ExpressionCompiler.resources.dll to C:\Program Files (x86)\Microsoft Visual Studio\2019\BuildTools\Common7\IDE\CommonExtensions\Microsoft\ManagedLanguages\VBCSharp\ExpressionEvaluators\tr\Microsoft.CodeAnalysis.VisualBasic.ExpressionEvaluator.ExpressionCompiler.resources.dll
[1a64:0017][2019-09-25T22:13:21] Completed: Copying file /tr/Microsoft.CodeAnalysis.VisualBasic.ExpressionEvaluator.ExpressionCompiler.resources.dll to C:\Program Files (x86)\Microsoft Visual Studio\2019\BuildTools\Common7\IDE\CommonExtensions\Microsoft\ManagedLanguages\VBCSharp\ExpressionEvaluators\tr\Microsoft.CodeAnalysis.VisualBasic.ExpressionEvaluator.ExpressionCompiler.resources.dll
[1a64:0017][2019-09-25T22:13:21] Timestamp updated for file 'C:\Program Files (x86)\Microsoft Visual Studio\2019\BuildTools\Common7\IDE\CommonExtensions\Microsoft\ManagedLanguages\VBCSharp\ExpressionEvaluators\tr\Microsoft.CodeAnalysis.VisualBasic.ExpressionEvaluator.ExpressionCompiler.resources.dll'.
[1a64:0017][2019-09-25T22:13:21] Queueing C:\Program Files (x86)\Microsoft Visual Studio\2019\BuildTools\Common7\IDE\CommonExtensions\Microsoft\ManagedLanguages\VBCSharp\ExpressionEvaluators\tr\Microsoft.CodeAnalysis.VisualBasic.ExpressionEvaluator.ExpressionCompiler.resources.dll for X86 ngen
[1a64:0017][2019-09-25T22:13:21] Queueing C:\Program Files (x86)\Microsoft Visual Studio\2019\BuildTools\Common7\IDE\CommonExtensions\Microsoft\ManagedLanguages\VBCSharp\ExpressionEvaluators\tr\Microsoft.CodeAnalysis.VisualBasic.ExpressionEvaluator.ExpressionCompiler.resources.dll for X64 ngen
[1a64:0017][2019-09-25T22:13:21] Successfully queued file '/tr/Microsoft.CodeAnalysis.VisualBasic.ExpressionEvaluator.ExpressionCompiler.resources.dll' for ngen
[1a64:0017][2019-09-25T22:13:21] Processing file /zh-Hans/Microsoft.CodeAnalysis.ExpressionEvaluator.ResultProvider.resources.dll
[1a64:0017][2019-09-25T22:13:21] Started: Copying file /zh-Hans/Microsoft.CodeAnalysis.ExpressionEvaluator.ResultProvider.resources.dll to C:\Program Files (x86)\Microsoft Visual Studio\2019\BuildTools\Common7\IDE\CommonExtensions\Microsoft\ManagedLanguages\VBCSharp\ExpressionEvaluators\zh-Hans\Microsoft.CodeAnalysis.ExpressionEvaluator.ResultProvider.resources.dll
[1a64:0017][2019-09-25T22:13:21] Completed: Copying file /zh-Hans/Microsoft.CodeAnalysis.ExpressionEvaluator.ResultProvider.resources.dll to C:\Program Files (x86)\Microsoft Visual Studio\2019\BuildTools\Common7\IDE\CommonExtensions\Microsoft\ManagedLanguages\VBCSharp\ExpressionEvaluators\zh-Hans\Microsoft.CodeAnalysis.ExpressionEvaluator.ResultProvider.resources.dll
[1a64:0017][2019-09-25T22:13:21] Timestamp updated for file 'C:\Program Files (x86)\Microsoft Visual Studio\2019\BuildTools\Common7\IDE\CommonExtensions\Microsoft\ManagedLanguages\VBCSharp\ExpressionEvaluators\zh-Hans\Microsoft.CodeAnalysis.ExpressionEvaluator.ResultProvider.resources.dll'.
[1a64:0017][2019-09-25T22:13:21] Queueing C:\Program Files (x86)\Microsoft Visual Studio\2019\BuildTools\Common7\IDE\CommonExtensions\Microsoft\ManagedLanguages\VBCSharp\ExpressionEvaluators\zh-Hans\Microsoft.CodeAnalysis.ExpressionEvaluator.ResultProvider.resources.dll for X86 ngen
[1a64:0017][2019-09-25T22:13:21] Queueing C:\Program Files (x86)\Microsoft Visual Studio\2019\BuildTools\Common7\IDE\CommonExtensions\Microsoft\ManagedLanguages\VBCSharp\ExpressionEvaluators\zh-Hans\Microsoft.CodeAnalysis.ExpressionEvaluator.ResultProvider.resources.dll for X64 ngen
[1a64:0017][2019-09-25T22:13:21] Successfully queued file '/zh-Hans/Microsoft.CodeAnalysis.ExpressionEvaluator.ResultProvider.resources.dll' for ngen
[1a64:0017][2019-09-25T22:13:21] Processing file /zh-Hans/Microsoft.CodeAnalysis.VisualBasic.ExpressionEvaluator.ExpressionCompiler.resources.dll
[1a64:0017][2019-09-25T22:13:21] Started: Copying file /zh-Hans/Microsoft.CodeAnalysis.VisualBasic.ExpressionEvaluator.ExpressionCompiler.resources.dll to C:\Program Files (x86)\Microsoft Visual Studio\2019\BuildTools\Common7\IDE\CommonExtensions\Microsoft\ManagedLanguages\VBCSharp\ExpressionEvaluators\zh-Hans\Microsoft.CodeAnalysis.VisualBasic.ExpressionEvaluator.ExpressionCompiler.resources.dll
[1a64:0017][2019-09-25T22:13:21] Completed: Copying file /zh-Hans/Microsoft.CodeAnalysis.VisualBasic.ExpressionEvaluator.ExpressionCompiler.resources.dll to C:\Program Files (x86)\Microsoft Visual Studio\2019\BuildTools\Common7\IDE\CommonExtensions\Microsoft\ManagedLanguages\VBCSharp\ExpressionEvaluators\zh-Hans\Microsoft.CodeAnalysis.VisualBasic.ExpressionEvaluator.ExpressionCompiler.resources.dll
[1a64:0017][2019-09-25T22:13:21] Timestamp updated for file 'C:\Program Files (x86)\Microsoft Visual Studio\2019\BuildTools\Common7\IDE\CommonExtensions\Microsoft\ManagedLanguages\VBCSharp\ExpressionEvaluators\zh-Hans\Microsoft.CodeAnalysis.VisualBasic.ExpressionEvaluator.ExpressionCompiler.resources.dll'.
[1a64:0017][2019-09-25T22:13:21] Queueing C:\Program Files (x86)\Microsoft Visual Studio\2019\BuildTools\Common7\IDE\CommonExtensions\Microsoft\ManagedLanguages\VBCSharp\ExpressionEvaluators\zh-Hans\Microsoft.CodeAnalysis.VisualBasic.ExpressionEvaluator.ExpressionCompiler.resources.dll for X86 ngen
[1a64:0017][2019-09-25T22:13:21] Queueing C:\Program Files (x86)\Microsoft Visual Studio\2019\BuildTools\Common7\IDE\CommonExtensions\Microsoft\ManagedLanguages\VBCSharp\ExpressionEvaluators\zh-Hans\Microsoft.CodeAnalysis.VisualBasic.ExpressionEvaluator.ExpressionCompiler.resources.dll for X64 ngen
[1a64:0017][2019-09-25T22:13:21] Successfully queued file '/zh-Hans/Microsoft.CodeAnalysis.VisualBasic.ExpressionEvaluator.ExpressionCompiler.resources.dll' for ngen
[1a64:0017][2019-09-25T22:13:21] Processing file /zh-Hant/Microsoft.CodeAnalysis.ExpressionEvaluator.ResultProvider.resources.dll
[1a64:0017][2019-09-25T22:13:21] Started: Copying file /zh-Hant/Microsoft.CodeAnalysis.ExpressionEvaluator.ResultProvider.resources.dll to C:\Program Files (x86)\Microsoft Visual Studio\2019\BuildTools\Common7\IDE\CommonExtensions\Microsoft\ManagedLanguages\VBCSharp\ExpressionEvaluators\zh-Hant\Microsoft.CodeAnalysis.ExpressionEvaluator.ResultProvider.resources.dll
[1a64:0017][2019-09-25T22:13:21] Completed: Copying file /zh-Hant/Microsoft.CodeAnalysis.ExpressionEvaluator.ResultProvider.resources.dll to C:\Program Files (x86)\Microsoft Visual Studio\2019\BuildTools\Common7\IDE\CommonExtensions\Microsoft\ManagedLanguages\VBCSharp\ExpressionEvaluators\zh-Hant\Microsoft.CodeAnalysis.ExpressionEvaluator.ResultProvider.resources.dll
[1a64:0017][2019-09-25T22:13:21] Timestamp updated for file 'C:\Program Files (x86)\Microsoft Visual Studio\2019\BuildTools\Common7\IDE\CommonExtensions\Microsoft\ManagedLanguages\VBCSharp\ExpressionEvaluators\zh-Hant\Microsoft.CodeAnalysis.ExpressionEvaluator.ResultProvider.resources.dll'.
[1a64:0017][2019-09-25T22:13:21] Queueing C:\Program Files (x86)\Microsoft Visual Studio\2019\BuildTools\Common7\IDE\CommonExtensions\Microsoft\ManagedLanguages\VBCSharp\ExpressionEvaluators\zh-Hant\Microsoft.CodeAnalysis.ExpressionEvaluator.ResultProvider.resources.dll for X86 ngen
[1a64:0017][2019-09-25T22:13:21] Queueing C:\Program Files (x86)\Microsoft Visual Studio\2019\BuildTools\Common7\IDE\CommonExtensions\Microsoft\ManagedLanguages\VBCSharp\ExpressionEvaluators\zh-Hant\Microsoft.CodeAnalysis.ExpressionEvaluator.ResultProvider.resources.dll for X64 ngen
[1a64:0017][2019-09-25T22:13:21] Successfully queued file '/zh-Hant/Microsoft.CodeAnalysis.ExpressionEvaluator.ResultProvider.resources.dll' for ngen
[1a64:0017][2019-09-25T22:13:21] Processing file /zh-Hant/Microsoft.CodeAnalysis.VisualBasic.ExpressionEvaluator.ExpressionCompiler.resources.dll
[1a64:0017][2019-09-25T22:13:21] Started: Copying file /zh-Hant/Microsoft.CodeAnalysis.VisualBasic.ExpressionEvaluator.ExpressionCompiler.resources.dll to C:\Program Files (x86)\Microsoft Visual Studio\2019\BuildTools\Common7\IDE\CommonExtensions\Microsoft\ManagedLanguages\VBCSharp\ExpressionEvaluators\zh-Hant\Microsoft.CodeAnalysis.VisualBasic.ExpressionEvaluator.ExpressionCompiler.resources.dll
[1a64:0017][2019-09-25T22:13:21] Completed: Copying file /zh-Hant/Microsoft.CodeAnalysis.VisualBasic.ExpressionEvaluator.ExpressionCompiler.resources.dll to C:\Program Files (x86)\Microsoft Visual Studio\2019\BuildTools\Common7\IDE\CommonExtensions\Microsoft\ManagedLanguages\VBCSharp\ExpressionEvaluators\zh-Hant\Microsoft.CodeAnalysis.VisualBasic.ExpressionEvaluator.ExpressionCompiler.resources.dll
[1a64:0017][2019-09-25T22:13:21] Timestamp updated for file 'C:\Program Files (x86)\Microsoft Visual Studio\2019\BuildTools\Common7\IDE\CommonExtensions\Microsoft\ManagedLanguages\VBCSharp\ExpressionEvaluators\zh-Hant\Microsoft.CodeAnalysis.VisualBasic.ExpressionEvaluator.ExpressionCompiler.resources.dll'.
[1a64:0017][2019-09-25T22:13:21] Queueing C:\Program Files (x86)\Microsoft Visual Studio\2019\BuildTools\Common7\IDE\CommonExtensions\Microsoft\ManagedLanguages\VBCSharp\ExpressionEvaluators\zh-Hant\Microsoft.CodeAnalysis.VisualBasic.ExpressionEvaluator.ExpressionCompiler.resources.dll for X86 ngen
[1a64:0017][2019-09-25T22:13:21] Queueing C:\Program Files (x86)\Microsoft Visual Studio\2019\BuildTools\Common7\IDE\CommonExtensions\Microsoft\ManagedLanguages\VBCSharp\ExpressionEvaluators\zh-Hant\Microsoft.CodeAnalysis.VisualBasic.ExpressionEvaluator.ExpressionCompiler.resources.dll for X64 ngen
[1a64:0017][2019-09-25T22:13:21] Successfully queued file '/zh-Hant/Microsoft.CodeAnalysis.VisualBasic.ExpressionEvaluator.ExpressionCompiler.resources.dll' for ngen
[1a64:0017][2019-09-25T22:13:21] Processing file /extension.vsixmanifest
[1a64:0017][2019-09-25T22:13:21] Started: Copying file /extension.vsixmanifest to C:\Program Files (x86)\Microsoft Visual Studio\2019\BuildTools\Common7\IDE\CommonExtensions\Microsoft\ManagedLanguages\VBCSharp\ExpressionEvaluators\extension.vsixmanifest
[1a64:0017][2019-09-25T22:13:21] Completed: Copying file /extension.vsixmanifest to C:\Program Files (x86)\Microsoft Visual Studio\2019\BuildTools\Common7\IDE\CommonExtensions\Microsoft\ManagedLanguages\VBCSharp\ExpressionEvaluators\extension.vsixmanifest
[1a64:0017][2019-09-25T22:13:21] Timestamp updated for file 'C:\Program Files (x86)\Microsoft Visual Studio\2019\BuildTools\Common7\IDE\CommonExtensions\Microsoft\ManagedLanguages\VBCSharp\ExpressionEvaluators\extension.vsixmanifest'.
[1a64:0017][2019-09-25T22:13:21] Package executed successfully. Return code: 0
