[1a64:0017][2019-09-25T22:11:40] Opening the package for processing
[1a64:0017][2019-09-25T22:11:40] Using package payload to get the embedded manifest
[1a64:0017][2019-09-25T22:11:40] Getting list of files within the package
[1a64:0017][2019-09-25T22:11:40] Processing file /Contents/VC/Tools/MSVC/14.23.28105/bin/Hostx64/x64/pgocvt.exe
[1a64:0017][2019-09-25T22:11:40] Started: Copying file /Contents/VC/Tools/MSVC/14.23.28105/bin/Hostx64/x64/pgocvt.exe to C:\Program Files (x86)\Microsoft Visual Studio\2019\BuildTools\VC\Tools\MSVC\14.23.28105\bin\Hostx64\x64\pgocvt.exe
[1a64:0017][2019-09-25T22:11:40] Completed: Copying file /Contents/VC/Tools/MSVC/14.23.28105/bin/Hostx64/x64/pgocvt.exe to C:\Program Files (x86)\Microsoft Visual Studio\2019\BuildTools\VC\Tools\MSVC\14.23.28105\bin\Hostx64\x64\pgocvt.exe
[1a64:0017][2019-09-25T22:11:40] Timestamp updated for file 'C:\Program Files (x86)\Microsoft Visual Studio\2019\BuildTools\VC\Tools\MSVC\14.23.28105\bin\Hostx64\x64\pgocvt.exe'.
[1a64:0017][2019-09-25T22:11:40] Processing file /Contents/VC/Tools/MSVC/14.23.28105/bin/Hostx64/x64/pgodb140.dll
[1a64:0017][2019-09-25T22:11:40] Started: Copying file /Contents/VC/Tools/MSVC/14.23.28105/bin/Hostx64/x64/pgodb140.dll to C:\Program Files (x86)\Microsoft Visual Studio\2019\BuildTools\VC\Tools\MSVC\14.23.28105\bin\Hostx64\x64\pgodb140.dll
[1a64:0017][2019-09-25T22:11:40] Completed: Copying file /Contents/VC/Tools/MSVC/14.23.28105/bin/Hostx64/x64/pgodb140.dll to C:\Program Files (x86)\Microsoft Visual Studio\2019\BuildTools\VC\Tools\MSVC\14.23.28105\bin\Hostx64\x64\pgodb140.dll
[1a64:0017][2019-09-25T22:11:40] Timestamp updated for file 'C:\Program Files (x86)\Microsoft Visual Studio\2019\BuildTools\VC\Tools\MSVC\14.23.28105\bin\Hostx64\x64\pgodb140.dll'.
[1a64:0017][2019-09-25T22:11:40] Processing file /Contents/VC/Tools/MSVC/14.23.28105/bin/Hostx64/x64/pgomgr.exe
[1a64:0017][2019-09-25T22:11:40] Started: Copying file /Contents/VC/Tools/MSVC/14.23.28105/bin/Hostx64/x64/pgomgr.exe to C:\Program Files (x86)\Microsoft Visual Studio\2019\BuildTools\VC\Tools\MSVC\14.23.28105\bin\Hostx64\x64\pgomgr.exe
[1a64:0017][2019-09-25T22:11:40] Completed: Copying file /Contents/VC/Tools/MSVC/14.23.28105/bin/Hostx64/x64/pgomgr.exe to C:\Program Files (x86)\Microsoft Visual Studio\2019\BuildTools\VC\Tools\MSVC\14.23.28105\bin\Hostx64\x64\pgomgr.exe
[1a64:0017][2019-09-25T22:11:40] Timestamp updated for file 'C:\Program Files (x86)\Microsoft Visual Studio\2019\BuildTools\VC\Tools\MSVC\14.23.28105\bin\Hostx64\x64\pgomgr.exe'.
[1a64:0017][2019-09-25T22:11:40] Processing file /Contents/VC/Tools/MSVC/14.23.28105/bin/Hostx64/x64/pgort140.dll
[1a64:0017][2019-09-25T22:11:40] Started: Copying file /Contents/VC/Tools/MSVC/14.23.28105/bin/Hostx64/x64/pgort140.dll to C:\Program Files (x86)\Microsoft Visual Studio\2019\BuildTools\VC\Tools\MSVC\14.23.28105\bin\Hostx64\x64\pgort140.dll
[1a64:0017][2019-09-25T22:11:40] Completed: Copying file /Contents/VC/Tools/MSVC/14.23.28105/bin/Hostx64/x64/pgort140.dll to C:\Program Files (x86)\Microsoft Visual Studio\2019\BuildTools\VC\Tools\MSVC\14.23.28105\bin\Hostx64\x64\pgort140.dll
[1a64:0017][2019-09-25T22:11:40] Timestamp updated for file 'C:\Program Files (x86)\Microsoft Visual Studio\2019\BuildTools\VC\Tools\MSVC\14.23.28105\bin\Hostx64\x64\pgort140.dll'.
[1a64:0017][2019-09-25T22:11:40] Processing file /Contents/VC/Tools/MSVC/14.23.28105/bin/Hostx64/x64/pgosweep.exe
[1a64:0017][2019-09-25T22:11:40] Started: Copying file /Contents/VC/Tools/MSVC/14.23.28105/bin/Hostx64/x64/pgosweep.exe to C:\Program Files (x86)\Microsoft Visual Studio\2019\BuildTools\VC\Tools\MSVC\14.23.28105\bin\Hostx64\x64\pgosweep.exe
[1a64:0017][2019-09-25T22:11:40] Completed: Copying file /Contents/VC/Tools/MSVC/14.23.28105/bin/Hostx64/x64/pgosweep.exe to C:\Program Files (x86)\Microsoft Visual Studio\2019\BuildTools\VC\Tools\MSVC\14.23.28105\bin\Hostx64\x64\pgosweep.exe
[1a64:0017][2019-09-25T22:11:40] Timestamp updated for file 'C:\Program Files (x86)\Microsoft Visual Studio\2019\BuildTools\VC\Tools\MSVC\14.23.28105\bin\Hostx64\x64\pgosweep.exe'.
[1a64:0017][2019-09-25T22:11:40] Package executed successfully. Return code: 0
