[1a64:0017][2019-09-25T22:13:19] Opening the package for processing
[1a64:0017][2019-09-25T22:13:19] Using package payload to get the embedded manifest
[1a64:0017][2019-09-25T22:13:19] Getting list of files within the package
[1a64:0017][2019-09-25T22:13:19] Processing file /Contents/Common7/IDE/Remote%20Debugger/x86/Microsoft.VisualStudio.Debugger.Engine.dll
[1a64:0017][2019-09-25T22:13:19] Started: Copying file /Contents/Common7/IDE/Remote%20Debugger/x86/Microsoft.VisualStudio.Debugger.Engine.dll to C:\Program Files (x86)\Microsoft Visual Studio\2019\BuildTools\Common7\IDE\Remote Debugger\x86\Microsoft.VisualStudio.Debugger.Engine.dll
[1a64:0017][2019-09-25T22:13:19] Completed: Copying file /Contents/Common7/IDE/Remote%20Debugger/x86/Microsoft.VisualStudio.Debugger.Engine.dll to C:\Program Files (x86)\Microsoft Visual Studio\2019\BuildTools\Common7\IDE\Remote Debugger\x86\Microsoft.VisualStudio.Debugger.Engine.dll
[1a64:0017][2019-09-25T22:13:19] Timestamp updated for file 'C:\Program Files (x86)\Microsoft Visual Studio\2019\BuildTools\Common7\IDE\Remote Debugger\x86\Microsoft.VisualStudio.Debugger.Engine.dll'.
[1a64:0017][2019-09-25T22:13:19] Processing file /Contents/Common7/IDE/Remote%20Debugger/x86/Microsoft.VisualStudio.Debugger.Metadata.dll
[1a64:0017][2019-09-25T22:13:19] Started: Copying file /Contents/Common7/IDE/Remote%20Debugger/x86/Microsoft.VisualStudio.Debugger.Metadata.dll to C:\Program Files (x86)\Microsoft Visual Studio\2019\BuildTools\Common7\IDE\Remote Debugger\x86\Microsoft.VisualStudio.Debugger.Metadata.dll
[1a64:0017][2019-09-25T22:13:19] Completed: Copying file /Contents/Common7/IDE/Remote%20Debugger/x86/Microsoft.VisualStudio.Debugger.Metadata.dll to C:\Program Files (x86)\Microsoft Visual Studio\2019\BuildTools\Common7\IDE\Remote Debugger\x86\Microsoft.VisualStudio.Debugger.Metadata.dll
[1a64:0017][2019-09-25T22:13:19] Timestamp updated for file 'C:\Program Files (x86)\Microsoft Visual Studio\2019\BuildTools\Common7\IDE\Remote Debugger\x86\Microsoft.VisualStudio.Debugger.Metadata.dll'.
[1a64:0017][2019-09-25T22:13:19] Processing file /Contents/Common7/IDE/Remote%20Debugger/x86/Microsoft.VisualStudio.vil.dll
[1a64:0017][2019-09-25T22:13:19] Started: Copying file /Contents/Common7/IDE/Remote%20Debugger/x86/Microsoft.VisualStudio.vil.dll to C:\Program Files (x86)\Microsoft Visual Studio\2019\BuildTools\Common7\IDE\Remote Debugger\x86\Microsoft.VisualStudio.vil.dll
[1a64:0017][2019-09-25T22:13:19] Completed: Copying file /Contents/Common7/IDE/Remote%20Debugger/x86/Microsoft.VisualStudio.vil.dll to C:\Program Files (x86)\Microsoft Visual Studio\2019\BuildTools\Common7\IDE\Remote Debugger\x86\Microsoft.VisualStudio.vil.dll
[1a64:0017][2019-09-25T22:13:19] Timestamp updated for file 'C:\Program Files (x86)\Microsoft Visual Studio\2019\BuildTools\Common7\IDE\Remote Debugger\x86\Microsoft.VisualStudio.vil.dll'.
[1a64:0017][2019-09-25T22:13:19] Processing file /Contents/Common7/IDE/Remote%20Debugger/x86/Microsoft.VisualStudio.vil.host.dll
[1a64:0017][2019-09-25T22:13:19] Started: Copying file /Contents/Common7/IDE/Remote%20Debugger/x86/Microsoft.VisualStudio.vil.host.dll to C:\Program Files (x86)\Microsoft Visual Studio\2019\BuildTools\Common7\IDE\Remote Debugger\x86\Microsoft.VisualStudio.vil.host.dll
[1a64:0017][2019-09-25T22:13:19] Completed: Copying file /Contents/Common7/IDE/Remote%20Debugger/x86/Microsoft.VisualStudio.vil.host.dll to C:\Program Files (x86)\Microsoft Visual Studio\2019\BuildTools\Common7\IDE\Remote Debugger\x86\Microsoft.VisualStudio.vil.host.dll
[1a64:0017][2019-09-25T22:13:19] Timestamp updated for file 'C:\Program Files (x86)\Microsoft Visual Studio\2019\BuildTools\Common7\IDE\Remote Debugger\x86\Microsoft.VisualStudio.vil.host.dll'.
[1a64:0017][2019-09-25T22:13:19] Processing file /Contents/Common7/IDE/Remote%20Debugger/x86/vsdebugeng.dll
[1a64:0017][2019-09-25T22:13:19] Started: Copying file /Contents/Common7/IDE/Remote%20Debugger/x86/vsdebugeng.dll to C:\Program Files (x86)\Microsoft Visual Studio\2019\BuildTools\Common7\IDE\Remote Debugger\x86\vsdebugeng.dll
[1a64:0017][2019-09-25T22:13:19] Completed: Copying file /Contents/Common7/IDE/Remote%20Debugger/x86/vsdebugeng.dll to C:\Program Files (x86)\Microsoft Visual Studio\2019\BuildTools\Common7\IDE\Remote Debugger\x86\vsdebugeng.dll
[1a64:0017][2019-09-25T22:13:19] Timestamp updated for file 'C:\Program Files (x86)\Microsoft Visual Studio\2019\BuildTools\Common7\IDE\Remote Debugger\x86\vsdebugeng.dll'.
[1a64:0017][2019-09-25T22:13:19] Processing file /Contents/Common7/IDE/Remote%20Debugger/x86/vsdebugeng.impl.dll
[1a64:0017][2019-09-25T22:13:19] Started: Copying file /Contents/Common7/IDE/Remote%20Debugger/x86/vsdebugeng.impl.dll to C:\Program Files (x86)\Microsoft Visual Studio\2019\BuildTools\Common7\IDE\Remote Debugger\x86\vsdebugeng.impl.dll
[1a64:0017][2019-09-25T22:13:19] Completed: Copying file /Contents/Common7/IDE/Remote%20Debugger/x86/vsdebugeng.impl.dll to C:\Program Files (x86)\Microsoft Visual Studio\2019\BuildTools\Common7\IDE\Remote Debugger\x86\vsdebugeng.impl.dll
[1a64:0017][2019-09-25T22:13:19] Timestamp updated for file 'C:\Program Files (x86)\Microsoft Visual Studio\2019\BuildTools\Common7\IDE\Remote Debugger\x86\vsdebugeng.impl.dll'.
[1a64:0017][2019-09-25T22:13:19] Processing file /Contents/Common7/IDE/Remote%20Debugger/x86/vsdebugeng.manimpl.45.dll
[1a64:0017][2019-09-25T22:13:19] Started: Copying file /Contents/Common7/IDE/Remote%20Debugger/x86/vsdebugeng.manimpl.45.dll to C:\Program Files (x86)\Microsoft Visual Studio\2019\BuildTools\Common7\IDE\Remote Debugger\x86\vsdebugeng.manimpl.45.dll
[1a64:0017][2019-09-25T22:13:19] Completed: Copying file /Contents/Common7/IDE/Remote%20Debugger/x86/vsdebugeng.manimpl.45.dll to C:\Program Files (x86)\Microsoft Visual Studio\2019\BuildTools\Common7\IDE\Remote Debugger\x86\vsdebugeng.manimpl.45.dll
[1a64:0017][2019-09-25T22:13:19] Timestamp updated for file 'C:\Program Files (x86)\Microsoft Visual Studio\2019\BuildTools\Common7\IDE\Remote Debugger\x86\vsdebugeng.manimpl.45.dll'.
[1a64:0017][2019-09-25T22:13:19] Processing file /Contents/Common7/IDE/Remote%20Debugger/x86/vsdebugeng.manimpl.dll
[1a64:0017][2019-09-25T22:13:19] Started: Copying file /Contents/Common7/IDE/Remote%20Debugger/x86/vsdebugeng.manimpl.dll to C:\Program Files (x86)\Microsoft Visual Studio\2019\BuildTools\Common7\IDE\Remote Debugger\x86\vsdebugeng.manimpl.dll
[1a64:0017][2019-09-25T22:13:19] Completed: Copying file /Contents/Common7/IDE/Remote%20Debugger/x86/vsdebugeng.manimpl.dll to C:\Program Files (x86)\Microsoft Visual Studio\2019\BuildTools\Common7\IDE\Remote Debugger\x86\vsdebugeng.manimpl.dll
[1a64:0017][2019-09-25T22:13:19] Timestamp updated for file 'C:\Program Files (x86)\Microsoft Visual Studio\2019\BuildTools\Common7\IDE\Remote Debugger\x86\vsdebugeng.manimpl.dll'.
[1a64:0017][2019-09-25T22:13:19] Processing file /Contents/Common7/IDE/Remote%20Debugger/x86/VsDebugLaunchNotify.exe
[1a64:0017][2019-09-25T22:13:19] Started: Copying file /Contents/Common7/IDE/Remote%20Debugger/x86/VsDebugLaunchNotify.exe to C:\Program Files (x86)\Microsoft Visual Studio\2019\BuildTools\Common7\IDE\Remote Debugger\x86\VsDebugLaunchNotify.exe
[1a64:0017][2019-09-25T22:13:19] Completed: Copying file /Contents/Common7/IDE/Remote%20Debugger/x86/VsDebugLaunchNotify.exe to C:\Program Files (x86)\Microsoft Visual Studio\2019\BuildTools\Common7\IDE\Remote Debugger\x86\VsDebugLaunchNotify.exe
[1a64:0017][2019-09-25T22:13:19] Timestamp updated for file 'C:\Program Files (x86)\Microsoft Visual Studio\2019\BuildTools\Common7\IDE\Remote Debugger\x86\VsDebugLaunchNotify.exe'.
[1a64:0017][2019-09-25T22:13:19] Processing file /Contents/Common7/IDE/Remote%20Debugger/x86/VsDebugWERHelper.exe
[1a64:0017][2019-09-25T22:13:19] Started: Copying file /Contents/Common7/IDE/Remote%20Debugger/x86/VsDebugWERHelper.exe to C:\Program Files (x86)\Microsoft Visual Studio\2019\BuildTools\Common7\IDE\Remote Debugger\x86\VsDebugWERHelper.exe
[1a64:0017][2019-09-25T22:13:19] Completed: Copying file /Contents/Common7/IDE/Remote%20Debugger/x86/VsDebugWERHelper.exe to C:\Program Files (x86)\Microsoft Visual Studio\2019\BuildTools\Common7\IDE\Remote Debugger\x86\VsDebugWERHelper.exe
[1a64:0017][2019-09-25T22:13:19] Timestamp updated for file 'C:\Program Files (x86)\Microsoft Visual Studio\2019\BuildTools\Common7\IDE\Remote Debugger\x86\VsDebugWERHelper.exe'.
[1a64:0017][2019-09-25T22:13:19] Package executed successfully. Return code: 0
