[1a64:0017][2019-09-25T22:13:18] Opening the package for processing
[1a64:0017][2019-09-25T22:13:18] Using package payload to get the embedded manifest
[1a64:0017][2019-09-25T22:13:18] Getting list of files within the package
[1a64:0017][2019-09-25T22:13:18] Processing file /Contents/Common7/IDE/PrivateAssemblies/Dia2Lib.dll
[1a64:0017][2019-09-25T22:13:18] Started: Copying file /Contents/Common7/IDE/PrivateAssemblies/Dia2Lib.dll to C:\Program Files (x86)\Microsoft Visual Studio\2019\BuildTools\Common7\IDE\PrivateAssemblies\Dia2Lib.dll
[1a64:0017][2019-09-25T22:13:18] Completed: Copying file /Contents/Common7/IDE/PrivateAssemblies/Dia2Lib.dll to C:\Program Files (x86)\Microsoft Visual Studio\2019\BuildTools\Common7\IDE\PrivateAssemblies\Dia2Lib.dll
[1a64:0017][2019-09-25T22:13:18] Timestamp updated for file 'C:\Program Files (x86)\Microsoft Visual Studio\2019\BuildTools\Common7\IDE\PrivateAssemblies\Dia2Lib.dll'.
[1a64:0017][2019-09-25T22:13:18] Processing file /Contents/Common7/IDE/PrivateAssemblies/Microsoft.Diagnostics.EtwHeapDump.dll
[1a64:0017][2019-09-25T22:13:18] Started: Copying file /Contents/Common7/IDE/PrivateAssemblies/Microsoft.Diagnostics.EtwHeapDump.dll to C:\Program Files (x86)\Microsoft Visual Studio\2019\BuildTools\Common7\IDE\PrivateAssemblies\Microsoft.Diagnostics.EtwHeapDump.dll
[1a64:0017][2019-09-25T22:13:18] Completed: Copying file /Contents/Common7/IDE/PrivateAssemblies/Microsoft.Diagnostics.EtwHeapDump.dll to C:\Program Files (x86)\Microsoft Visual Studio\2019\BuildTools\Common7\IDE\PrivateAssemblies\Microsoft.Diagnostics.EtwHeapDump.dll
[1a64:0017][2019-09-25T22:13:18] Timestamp updated for file 'C:\Program Files (x86)\Microsoft Visual Studio\2019\BuildTools\Common7\IDE\PrivateAssemblies\Microsoft.Diagnostics.EtwHeapDump.dll'.
[1a64:0017][2019-09-25T22:13:18] Processing file /Contents/Common7/IDE/PrivateAssemblies/Microsoft.Diagnostics.FastSerialization.dll
[1a64:0017][2019-09-25T22:13:18] Started: Copying file /Contents/Common7/IDE/PrivateAssemblies/Microsoft.Diagnostics.FastSerialization.dll to C:\Program Files (x86)\Microsoft Visual Studio\2019\BuildTools\Common7\IDE\PrivateAssemblies\Microsoft.Diagnostics.FastSerialization.dll
[1a64:0017][2019-09-25T22:13:18] Completed: Copying file /Contents/Common7/IDE/PrivateAssemblies/Microsoft.Diagnostics.FastSerialization.dll to C:\Program Files (x86)\Microsoft Visual Studio\2019\BuildTools\Common7\IDE\PrivateAssemblies\Microsoft.Diagnostics.FastSerialization.dll
[1a64:0017][2019-09-25T22:13:18] Timestamp updated for file 'C:\Program Files (x86)\Microsoft Visual Studio\2019\BuildTools\Common7\IDE\PrivateAssemblies\Microsoft.Diagnostics.FastSerialization.dll'.
[1a64:0017][2019-09-25T22:13:18] Processing file /Contents/Common7/IDE/PrivateAssemblies/Microsoft.Diagnostics.HeapDump.dll
[1a64:0017][2019-09-25T22:13:18] Started: Copying file /Contents/Common7/IDE/PrivateAssemblies/Microsoft.Diagnostics.HeapDump.dll to C:\Program Files (x86)\Microsoft Visual Studio\2019\BuildTools\Common7\IDE\PrivateAssemblies\Microsoft.Diagnostics.HeapDump.dll
[1a64:0017][2019-09-25T22:13:18] Completed: Copying file /Contents/Common7/IDE/PrivateAssemblies/Microsoft.Diagnostics.HeapDump.dll to C:\Program Files (x86)\Microsoft Visual Studio\2019\BuildTools\Common7\IDE\PrivateAssemblies\Microsoft.Diagnostics.HeapDump.dll
[1a64:0017][2019-09-25T22:13:18] Timestamp updated for file 'C:\Program Files (x86)\Microsoft Visual Studio\2019\BuildTools\Common7\IDE\PrivateAssemblies\Microsoft.Diagnostics.HeapDump.dll'.
[1a64:0017][2019-09-25T22:13:18] Processing file /Contents/Common7/IDE/PrivateAssemblies/Microsoft.Diagnostics.MemoryGraph.dll
[1a64:0017][2019-09-25T22:13:18] Started: Copying file /Contents/Common7/IDE/PrivateAssemblies/Microsoft.Diagnostics.MemoryGraph.dll to C:\Program Files (x86)\Microsoft Visual Studio\2019\BuildTools\Common7\IDE\PrivateAssemblies\Microsoft.Diagnostics.MemoryGraph.dll
[1a64:0017][2019-09-25T22:13:18] Completed: Copying file /Contents/Common7/IDE/PrivateAssemblies/Microsoft.Diagnostics.MemoryGraph.dll to C:\Program Files (x86)\Microsoft Visual Studio\2019\BuildTools\Common7\IDE\PrivateAssemblies\Microsoft.Diagnostics.MemoryGraph.dll
[1a64:0017][2019-09-25T22:13:18] Timestamp updated for file 'C:\Program Files (x86)\Microsoft Visual Studio\2019\BuildTools\Common7\IDE\PrivateAssemblies\Microsoft.Diagnostics.MemoryGraph.dll'.
[1a64:0017][2019-09-25T22:13:18] Processing file /Contents/Common7/IDE/PrivateAssemblies/Microsoft.Diagnostics.Tracing.TraceEvent.dll
[1a64:0017][2019-09-25T22:13:18] Started: Copying file /Contents/Common7/IDE/PrivateAssemblies/Microsoft.Diagnostics.Tracing.TraceEvent.dll to C:\Program Files (x86)\Microsoft Visual Studio\2019\BuildTools\Common7\IDE\PrivateAssemblies\Microsoft.Diagnostics.Tracing.TraceEvent.dll
[1a64:0017][2019-09-25T22:13:18] Completed: Copying file /Contents/Common7/IDE/PrivateAssemblies/Microsoft.Diagnostics.Tracing.TraceEvent.dll to C:\Program Files (x86)\Microsoft Visual Studio\2019\BuildTools\Common7\IDE\PrivateAssemblies\Microsoft.Diagnostics.Tracing.TraceEvent.dll
[1a64:0017][2019-09-25T22:13:18] Timestamp updated for file 'C:\Program Files (x86)\Microsoft Visual Studio\2019\BuildTools\Common7\IDE\PrivateAssemblies\Microsoft.Diagnostics.Tracing.TraceEvent.dll'.
[1a64:0017][2019-09-25T22:13:18] Processing file /Contents/Common7/IDE/PrivateAssemblies/Microsoft.Diagnostics.Utilities.dll
[1a64:0017][2019-09-25T22:13:18] Started: Copying file /Contents/Common7/IDE/PrivateAssemblies/Microsoft.Diagnostics.Utilities.dll to C:\Program Files (x86)\Microsoft Visual Studio\2019\BuildTools\Common7\IDE\PrivateAssemblies\Microsoft.Diagnostics.Utilities.dll
[1a64:0017][2019-09-25T22:13:18] Completed: Copying file /Contents/Common7/IDE/PrivateAssemblies/Microsoft.Diagnostics.Utilities.dll to C:\Program Files (x86)\Microsoft Visual Studio\2019\BuildTools\Common7\IDE\PrivateAssemblies\Microsoft.Diagnostics.Utilities.dll
[1a64:0017][2019-09-25T22:13:18] Timestamp updated for file 'C:\Program Files (x86)\Microsoft Visual Studio\2019\BuildTools\Common7\IDE\PrivateAssemblies\Microsoft.Diagnostics.Utilities.dll'.
[1a64:0017][2019-09-25T22:13:18] Processing file /Contents/Common7/IDE/PrivateAssemblies/msdia140.dll
[1a64:0017][2019-09-25T22:13:18] Started: Copying file /Contents/Common7/IDE/PrivateAssemblies/msdia140.dll to C:\Program Files (x86)\Microsoft Visual Studio\2019\BuildTools\Common7\IDE\PrivateAssemblies\msdia140.dll
[1a64:0017][2019-09-25T22:13:18] Completed: Copying file /Contents/Common7/IDE/PrivateAssemblies/msdia140.dll to C:\Program Files (x86)\Microsoft Visual Studio\2019\BuildTools\Common7\IDE\PrivateAssemblies\msdia140.dll
[1a64:0017][2019-09-25T22:13:18] Timestamp updated for file 'C:\Program Files (x86)\Microsoft Visual Studio\2019\BuildTools\Common7\IDE\PrivateAssemblies\msdia140.dll'.
[1a64:0017][2019-09-25T22:13:18] Processing file /Contents/Common7/IDE/PrivateAssemblies/OSExtensions.dll
[1a64:0017][2019-09-25T22:13:18] Started: Copying file /Contents/Common7/IDE/PrivateAssemblies/OSExtensions.dll to C:\Program Files (x86)\Microsoft Visual Studio\2019\BuildTools\Common7\IDE\PrivateAssemblies\OSExtensions.dll
[1a64:0017][2019-09-25T22:13:18] Completed: Copying file /Contents/Common7/IDE/PrivateAssemblies/OSExtensions.dll to C:\Program Files (x86)\Microsoft Visual Studio\2019\BuildTools\Common7\IDE\PrivateAssemblies\OSExtensions.dll
[1a64:0017][2019-09-25T22:13:18] Timestamp updated for file 'C:\Program Files (x86)\Microsoft Visual Studio\2019\BuildTools\Common7\IDE\PrivateAssemblies\OSExtensions.dll'.
[1a64:0017][2019-09-25T22:13:18] Processing file /Contents/Common7/IDE/PrivateAssemblies/TraceReloggerLib.dll
[1a64:0017][2019-09-25T22:13:18] Started: Copying file /Contents/Common7/IDE/PrivateAssemblies/TraceReloggerLib.dll to C:\Program Files (x86)\Microsoft Visual Studio\2019\BuildTools\Common7\IDE\PrivateAssemblies\TraceReloggerLib.dll
[1a64:0017][2019-09-25T22:13:18] Completed: Copying file /Contents/Common7/IDE/PrivateAssemblies/TraceReloggerLib.dll to C:\Program Files (x86)\Microsoft Visual Studio\2019\BuildTools\Common7\IDE\PrivateAssemblies\TraceReloggerLib.dll
[1a64:0017][2019-09-25T22:13:18] Timestamp updated for file 'C:\Program Files (x86)\Microsoft Visual Studio\2019\BuildTools\Common7\IDE\PrivateAssemblies\TraceReloggerLib.dll'.
[1a64:0017][2019-09-25T22:13:18] Package executed successfully. Return code: 0
