[1a64:0017][2019-09-25T22:13:15] Opening the package for processing
[1a64:0017][2019-09-25T22:13:15] Using package payload to get the embedded manifest
[1a64:0017][2019-09-25T22:13:15] Getting list of files within the package
[1a64:0017][2019-09-25T22:13:15] Processing file /catalog.json
[1a64:0017][2019-09-25T22:13:15] Started: Copying file /catalog.json to C:\Program Files (x86)\Microsoft Visual Studio\2019\BuildTools\Common7\IDE\CommonExtensions\Microsoft\Editor\catalog.json
[1a64:0017][2019-09-25T22:13:15] Completed: Copying file /catalog.json to C:\Program Files (x86)\Microsoft Visual Studio\2019\BuildTools\Common7\IDE\CommonExtensions\Microsoft\Editor\catalog.json
[1a64:0017][2019-09-25T22:13:15] Timestamp updated for file 'C:\Program Files (x86)\Microsoft Visual Studio\2019\BuildTools\Common7\IDE\CommonExtensions\Microsoft\Editor\catalog.json'.
[1a64:0017][2019-09-25T22:13:15] Processing file /cs/Microsoft.VisualStudio.Diff.resources.dll
[1a64:0017][2019-09-25T22:13:15] Started: Copying file /cs/Microsoft.VisualStudio.Diff.resources.dll to C:\Program Files (x86)\Microsoft Visual Studio\2019\BuildTools\Common7\IDE\CommonExtensions\Microsoft\Editor\cs\Microsoft.VisualStudio.Diff.resources.dll
[1a64:0017][2019-09-25T22:13:15] Completed: Copying file /cs/Microsoft.VisualStudio.Diff.resources.dll to C:\Program Files (x86)\Microsoft Visual Studio\2019\BuildTools\Common7\IDE\CommonExtensions\Microsoft\Editor\cs\Microsoft.VisualStudio.Diff.resources.dll
[1a64:0017][2019-09-25T22:13:15] Timestamp updated for file 'C:\Program Files (x86)\Microsoft Visual Studio\2019\BuildTools\Common7\IDE\CommonExtensions\Microsoft\Editor\cs\Microsoft.VisualStudio.Diff.resources.dll'.
[1a64:0017][2019-09-25T22:13:15] Queueing C:\Program Files (x86)\Microsoft Visual Studio\2019\BuildTools\Common7\IDE\CommonExtensions\Microsoft\Editor\cs\Microsoft.VisualStudio.Diff.resources.dll for X86 ngen
[1a64:0017][2019-09-25T22:13:15] Successfully queued file '/cs/Microsoft.VisualStudio.Diff.resources.dll' for ngen
[1a64:0017][2019-09-25T22:13:15] Processing file /cs/Microsoft.VisualStudio.Editor.Implementation.resources.dll
[1a64:0017][2019-09-25T22:13:15] Started: Copying file /cs/Microsoft.VisualStudio.Editor.Implementation.resources.dll to C:\Program Files (x86)\Microsoft Visual Studio\2019\BuildTools\Common7\IDE\CommonExtensions\Microsoft\Editor\cs\Microsoft.VisualStudio.Editor.Implementation.resources.dll
[1a64:0017][2019-09-25T22:13:15] Completed: Copying file /cs/Microsoft.VisualStudio.Editor.Implementation.resources.dll to C:\Program Files (x86)\Microsoft Visual Studio\2019\BuildTools\Common7\IDE\CommonExtensions\Microsoft\Editor\cs\Microsoft.VisualStudio.Editor.Implementation.resources.dll
[1a64:0017][2019-09-25T22:13:15] Timestamp updated for file 'C:\Program Files (x86)\Microsoft Visual Studio\2019\BuildTools\Common7\IDE\CommonExtensions\Microsoft\Editor\cs\Microsoft.VisualStudio.Editor.Implementation.resources.dll'.
[1a64:0017][2019-09-25T22:13:15] Queueing C:\Program Files (x86)\Microsoft Visual Studio\2019\BuildTools\Common7\IDE\CommonExtensions\Microsoft\Editor\cs\Microsoft.VisualStudio.Editor.Implementation.resources.dll for X86 ngen
[1a64:0017][2019-09-25T22:13:15] Successfully queued file '/cs/Microsoft.VisualStudio.Editor.Implementation.resources.dll' for ngen
[1a64:0017][2019-09-25T22:13:15] Processing file /cs/Microsoft.VisualStudio.Platform.VSEditor.resources.dll
[1a64:0017][2019-09-25T22:13:15] Started: Copying file /cs/Microsoft.VisualStudio.Platform.VSEditor.resources.dll to C:\Program Files (x86)\Microsoft Visual Studio\2019\BuildTools\Common7\IDE\CommonExtensions\Microsoft\Editor\cs\Microsoft.VisualStudio.Platform.VSEditor.resources.dll
[1a64:0017][2019-09-25T22:13:15] Completed: Copying file /cs/Microsoft.VisualStudio.Platform.VSEditor.resources.dll to C:\Program Files (x86)\Microsoft Visual Studio\2019\BuildTools\Common7\IDE\CommonExtensions\Microsoft\Editor\cs\Microsoft.VisualStudio.Platform.VSEditor.resources.dll
[1a64:0017][2019-09-25T22:13:15] Timestamp updated for file 'C:\Program Files (x86)\Microsoft Visual Studio\2019\BuildTools\Common7\IDE\CommonExtensions\Microsoft\Editor\cs\Microsoft.VisualStudio.Platform.VSEditor.resources.dll'.
[1a64:0017][2019-09-25T22:13:15] Queueing C:\Program Files (x86)\Microsoft Visual Studio\2019\BuildTools\Common7\IDE\CommonExtensions\Microsoft\Editor\cs\Microsoft.VisualStudio.Platform.VSEditor.resources.dll for X86 ngen
[1a64:0017][2019-09-25T22:13:15] Successfully queued file '/cs/Microsoft.VisualStudio.Platform.VSEditor.resources.dll' for ngen
[1a64:0017][2019-09-25T22:13:15] Processing file /de/Microsoft.VisualStudio.Diff.resources.dll
[1a64:0017][2019-09-25T22:13:15] Started: Copying file /de/Microsoft.VisualStudio.Diff.resources.dll to C:\Program Files (x86)\Microsoft Visual Studio\2019\BuildTools\Common7\IDE\CommonExtensions\Microsoft\Editor\de\Microsoft.VisualStudio.Diff.resources.dll
[1a64:0017][2019-09-25T22:13:15] Completed: Copying file /de/Microsoft.VisualStudio.Diff.resources.dll to C:\Program Files (x86)\Microsoft Visual Studio\2019\BuildTools\Common7\IDE\CommonExtensions\Microsoft\Editor\de\Microsoft.VisualStudio.Diff.resources.dll
[1a64:0017][2019-09-25T22:13:15] Timestamp updated for file 'C:\Program Files (x86)\Microsoft Visual Studio\2019\BuildTools\Common7\IDE\CommonExtensions\Microsoft\Editor\de\Microsoft.VisualStudio.Diff.resources.dll'.
[1a64:0017][2019-09-25T22:13:15] Queueing C:\Program Files (x86)\Microsoft Visual Studio\2019\BuildTools\Common7\IDE\CommonExtensions\Microsoft\Editor\de\Microsoft.VisualStudio.Diff.resources.dll for X86 ngen
[1a64:0017][2019-09-25T22:13:15] Successfully queued file '/de/Microsoft.VisualStudio.Diff.resources.dll' for ngen
[1a64:0017][2019-09-25T22:13:15] Processing file /de/Microsoft.VisualStudio.Editor.Implementation.resources.dll
[1a64:0017][2019-09-25T22:13:15] Started: Copying file /de/Microsoft.VisualStudio.Editor.Implementation.resources.dll to C:\Program Files (x86)\Microsoft Visual Studio\2019\BuildTools\Common7\IDE\CommonExtensions\Microsoft\Editor\de\Microsoft.VisualStudio.Editor.Implementation.resources.dll
[1a64:0017][2019-09-25T22:13:15] Completed: Copying file /de/Microsoft.VisualStudio.Editor.Implementation.resources.dll to C:\Program Files (x86)\Microsoft Visual Studio\2019\BuildTools\Common7\IDE\CommonExtensions\Microsoft\Editor\de\Microsoft.VisualStudio.Editor.Implementation.resources.dll
[1a64:0017][2019-09-25T22:13:15] Timestamp updated for file 'C:\Program Files (x86)\Microsoft Visual Studio\2019\BuildTools\Common7\IDE\CommonExtensions\Microsoft\Editor\de\Microsoft.VisualStudio.Editor.Implementation.resources.dll'.
[1a64:0017][2019-09-25T22:13:15] Queueing C:\Program Files (x86)\Microsoft Visual Studio\2019\BuildTools\Common7\IDE\CommonExtensions\Microsoft\Editor\de\Microsoft.VisualStudio.Editor.Implementation.resources.dll for X86 ngen
[1a64:0017][2019-09-25T22:13:15] Successfully queued file '/de/Microsoft.VisualStudio.Editor.Implementation.resources.dll' for ngen
[1a64:0017][2019-09-25T22:13:15] Processing file /de/Microsoft.VisualStudio.Platform.VSEditor.resources.dll
[1a64:0017][2019-09-25T22:13:15] Started: Copying file /de/Microsoft.VisualStudio.Platform.VSEditor.resources.dll to C:\Program Files (x86)\Microsoft Visual Studio\2019\BuildTools\Common7\IDE\CommonExtensions\Microsoft\Editor\de\Microsoft.VisualStudio.Platform.VSEditor.resources.dll
[1a64:0017][2019-09-25T22:13:15] Completed: Copying file /de/Microsoft.VisualStudio.Platform.VSEditor.resources.dll to C:\Program Files (x86)\Microsoft Visual Studio\2019\BuildTools\Common7\IDE\CommonExtensions\Microsoft\Editor\de\Microsoft.VisualStudio.Platform.VSEditor.resources.dll
[1a64:0017][2019-09-25T22:13:15] Timestamp updated for file 'C:\Program Files (x86)\Microsoft Visual Studio\2019\BuildTools\Common7\IDE\CommonExtensions\Microsoft\Editor\de\Microsoft.VisualStudio.Platform.VSEditor.resources.dll'.
[1a64:0017][2019-09-25T22:13:15] Queueing C:\Program Files (x86)\Microsoft Visual Studio\2019\BuildTools\Common7\IDE\CommonExtensions\Microsoft\Editor\de\Microsoft.VisualStudio.Platform.VSEditor.resources.dll for X86 ngen
[1a64:0017][2019-09-25T22:13:15] Successfully queued file '/de/Microsoft.VisualStudio.Platform.VSEditor.resources.dll' for ngen
[1a64:0017][2019-09-25T22:13:15] Processing file /es/Microsoft.VisualStudio.Diff.resources.dll
[1a64:0017][2019-09-25T22:13:15] Started: Copying file /es/Microsoft.VisualStudio.Diff.resources.dll to C:\Program Files (x86)\Microsoft Visual Studio\2019\BuildTools\Common7\IDE\CommonExtensions\Microsoft\Editor\es\Microsoft.VisualStudio.Diff.resources.dll
[1a64:0017][2019-09-25T22:13:15] Completed: Copying file /es/Microsoft.VisualStudio.Diff.resources.dll to C:\Program Files (x86)\Microsoft Visual Studio\2019\BuildTools\Common7\IDE\CommonExtensions\Microsoft\Editor\es\Microsoft.VisualStudio.Diff.resources.dll
[1a64:0017][2019-09-25T22:13:15] Timestamp updated for file 'C:\Program Files (x86)\Microsoft Visual Studio\2019\BuildTools\Common7\IDE\CommonExtensions\Microsoft\Editor\es\Microsoft.VisualStudio.Diff.resources.dll'.
[1a64:0017][2019-09-25T22:13:15] Queueing C:\Program Files (x86)\Microsoft Visual Studio\2019\BuildTools\Common7\IDE\CommonExtensions\Microsoft\Editor\es\Microsoft.VisualStudio.Diff.resources.dll for X86 ngen
[1a64:0017][2019-09-25T22:13:15] Successfully queued file '/es/Microsoft.VisualStudio.Diff.resources.dll' for ngen
[1a64:0017][2019-09-25T22:13:15] Processing file /es/Microsoft.VisualStudio.Editor.Implementation.resources.dll
[1a64:0017][2019-09-25T22:13:15] Started: Copying file /es/Microsoft.VisualStudio.Editor.Implementation.resources.dll to C:\Program Files (x86)\Microsoft Visual Studio\2019\BuildTools\Common7\IDE\CommonExtensions\Microsoft\Editor\es\Microsoft.VisualStudio.Editor.Implementation.resources.dll
[1a64:0017][2019-09-25T22:13:15] Completed: Copying file /es/Microsoft.VisualStudio.Editor.Implementation.resources.dll to C:\Program Files (x86)\Microsoft Visual Studio\2019\BuildTools\Common7\IDE\CommonExtensions\Microsoft\Editor\es\Microsoft.VisualStudio.Editor.Implementation.resources.dll
[1a64:0017][2019-09-25T22:13:15] Timestamp updated for file 'C:\Program Files (x86)\Microsoft Visual Studio\2019\BuildTools\Common7\IDE\CommonExtensions\Microsoft\Editor\es\Microsoft.VisualStudio.Editor.Implementation.resources.dll'.
[1a64:0017][2019-09-25T22:13:15] Queueing C:\Program Files (x86)\Microsoft Visual Studio\2019\BuildTools\Common7\IDE\CommonExtensions\Microsoft\Editor\es\Microsoft.VisualStudio.Editor.Implementation.resources.dll for X86 ngen
[1a64:0017][2019-09-25T22:13:15] Successfully queued file '/es/Microsoft.VisualStudio.Editor.Implementation.resources.dll' for ngen
[1a64:0017][2019-09-25T22:13:15] Processing file /es/Microsoft.VisualStudio.Platform.VSEditor.resources.dll
[1a64:0017][2019-09-25T22:13:15] Started: Copying file /es/Microsoft.VisualStudio.Platform.VSEditor.resources.dll to C:\Program Files (x86)\Microsoft Visual Studio\2019\BuildTools\Common7\IDE\CommonExtensions\Microsoft\Editor\es\Microsoft.VisualStudio.Platform.VSEditor.resources.dll
[1a64:0017][2019-09-25T22:13:15] Completed: Copying file /es/Microsoft.VisualStudio.Platform.VSEditor.resources.dll to C:\Program Files (x86)\Microsoft Visual Studio\2019\BuildTools\Common7\IDE\CommonExtensions\Microsoft\Editor\es\Microsoft.VisualStudio.Platform.VSEditor.resources.dll
[1a64:0017][2019-09-25T22:13:15] Timestamp updated for file 'C:\Program Files (x86)\Microsoft Visual Studio\2019\BuildTools\Common7\IDE\CommonExtensions\Microsoft\Editor\es\Microsoft.VisualStudio.Platform.VSEditor.resources.dll'.
[1a64:0017][2019-09-25T22:13:15] Queueing C:\Program Files (x86)\Microsoft Visual Studio\2019\BuildTools\Common7\IDE\CommonExtensions\Microsoft\Editor\es\Microsoft.VisualStudio.Platform.VSEditor.resources.dll for X86 ngen
[1a64:0017][2019-09-25T22:13:15] Successfully queued file '/es/Microsoft.VisualStudio.Platform.VSEditor.resources.dll' for ngen
[1a64:0017][2019-09-25T22:13:15] Processing file /fr/Microsoft.VisualStudio.Diff.resources.dll
[1a64:0017][2019-09-25T22:13:15] Started: Copying file /fr/Microsoft.VisualStudio.Diff.resources.dll to C:\Program Files (x86)\Microsoft Visual Studio\2019\BuildTools\Common7\IDE\CommonExtensions\Microsoft\Editor\fr\Microsoft.VisualStudio.Diff.resources.dll
[1a64:0017][2019-09-25T22:13:15] Completed: Copying file /fr/Microsoft.VisualStudio.Diff.resources.dll to C:\Program Files (x86)\Microsoft Visual Studio\2019\BuildTools\Common7\IDE\CommonExtensions\Microsoft\Editor\fr\Microsoft.VisualStudio.Diff.resources.dll
[1a64:0017][2019-09-25T22:13:15] Timestamp updated for file 'C:\Program Files (x86)\Microsoft Visual Studio\2019\BuildTools\Common7\IDE\CommonExtensions\Microsoft\Editor\fr\Microsoft.VisualStudio.Diff.resources.dll'.
[1a64:0017][2019-09-25T22:13:15] Queueing C:\Program Files (x86)\Microsoft Visual Studio\2019\BuildTools\Common7\IDE\CommonExtensions\Microsoft\Editor\fr\Microsoft.VisualStudio.Diff.resources.dll for X86 ngen
[1a64:0017][2019-09-25T22:13:15] Successfully queued file '/fr/Microsoft.VisualStudio.Diff.resources.dll' for ngen
[1a64:0017][2019-09-25T22:13:15] Processing file /fr/Microsoft.VisualStudio.Editor.Implementation.resources.dll
[1a64:0017][2019-09-25T22:13:15] Started: Copying file /fr/Microsoft.VisualStudio.Editor.Implementation.resources.dll to C:\Program Files (x86)\Microsoft Visual Studio\2019\BuildTools\Common7\IDE\CommonExtensions\Microsoft\Editor\fr\Microsoft.VisualStudio.Editor.Implementation.resources.dll
[1a64:0017][2019-09-25T22:13:15] Completed: Copying file /fr/Microsoft.VisualStudio.Editor.Implementation.resources.dll to C:\Program Files (x86)\Microsoft Visual Studio\2019\BuildTools\Common7\IDE\CommonExtensions\Microsoft\Editor\fr\Microsoft.VisualStudio.Editor.Implementation.resources.dll
[1a64:0017][2019-09-25T22:13:15] Timestamp updated for file 'C:\Program Files (x86)\Microsoft Visual Studio\2019\BuildTools\Common7\IDE\CommonExtensions\Microsoft\Editor\fr\Microsoft.VisualStudio.Editor.Implementation.resources.dll'.
[1a64:0017][2019-09-25T22:13:15] Queueing C:\Program Files (x86)\Microsoft Visual Studio\2019\BuildTools\Common7\IDE\CommonExtensions\Microsoft\Editor\fr\Microsoft.VisualStudio.Editor.Implementation.resources.dll for X86 ngen
[1a64:0017][2019-09-25T22:13:15] Successfully queued file '/fr/Microsoft.VisualStudio.Editor.Implementation.resources.dll' for ngen
[1a64:0017][2019-09-25T22:13:15] Processing file /fr/Microsoft.VisualStudio.Platform.VSEditor.resources.dll
[1a64:0017][2019-09-25T22:13:15] Started: Copying file /fr/Microsoft.VisualStudio.Platform.VSEditor.resources.dll to C:\Program Files (x86)\Microsoft Visual Studio\2019\BuildTools\Common7\IDE\CommonExtensions\Microsoft\Editor\fr\Microsoft.VisualStudio.Platform.VSEditor.resources.dll
[1a64:0017][2019-09-25T22:13:15] Completed: Copying file /fr/Microsoft.VisualStudio.Platform.VSEditor.resources.dll to C:\Program Files (x86)\Microsoft Visual Studio\2019\BuildTools\Common7\IDE\CommonExtensions\Microsoft\Editor\fr\Microsoft.VisualStudio.Platform.VSEditor.resources.dll
[1a64:0017][2019-09-25T22:13:15] Timestamp updated for file 'C:\Program Files (x86)\Microsoft Visual Studio\2019\BuildTools\Common7\IDE\CommonExtensions\Microsoft\Editor\fr\Microsoft.VisualStudio.Platform.VSEditor.resources.dll'.
[1a64:0017][2019-09-25T22:13:15] Queueing C:\Program Files (x86)\Microsoft Visual Studio\2019\BuildTools\Common7\IDE\CommonExtensions\Microsoft\Editor\fr\Microsoft.VisualStudio.Platform.VSEditor.resources.dll for X86 ngen
[1a64:0017][2019-09-25T22:13:15] Successfully queued file '/fr/Microsoft.VisualStudio.Platform.VSEditor.resources.dll' for ngen
[1a64:0017][2019-09-25T22:13:15] Processing file /it/Microsoft.VisualStudio.Diff.resources.dll
[1a64:0017][2019-09-25T22:13:15] Started: Copying file /it/Microsoft.VisualStudio.Diff.resources.dll to C:\Program Files (x86)\Microsoft Visual Studio\2019\BuildTools\Common7\IDE\CommonExtensions\Microsoft\Editor\it\Microsoft.VisualStudio.Diff.resources.dll
[1a64:0017][2019-09-25T22:13:15] Completed: Copying file /it/Microsoft.VisualStudio.Diff.resources.dll to C:\Program Files (x86)\Microsoft Visual Studio\2019\BuildTools\Common7\IDE\CommonExtensions\Microsoft\Editor\it\Microsoft.VisualStudio.Diff.resources.dll
[1a64:0017][2019-09-25T22:13:15] Timestamp updated for file 'C:\Program Files (x86)\Microsoft Visual Studio\2019\BuildTools\Common7\IDE\CommonExtensions\Microsoft\Editor\it\Microsoft.VisualStudio.Diff.resources.dll'.
[1a64:0017][2019-09-25T22:13:15] Queueing C:\Program Files (x86)\Microsoft Visual Studio\2019\BuildTools\Common7\IDE\CommonExtensions\Microsoft\Editor\it\Microsoft.VisualStudio.Diff.resources.dll for X86 ngen
[1a64:0017][2019-09-25T22:13:15] Successfully queued file '/it/Microsoft.VisualStudio.Diff.resources.dll' for ngen
[1a64:0017][2019-09-25T22:13:15] Processing file /it/Microsoft.VisualStudio.Editor.Implementation.resources.dll
[1a64:0017][2019-09-25T22:13:15] Started: Copying file /it/Microsoft.VisualStudio.Editor.Implementation.resources.dll to C:\Program Files (x86)\Microsoft Visual Studio\2019\BuildTools\Common7\IDE\CommonExtensions\Microsoft\Editor\it\Microsoft.VisualStudio.Editor.Implementation.resources.dll
[1a64:0017][2019-09-25T22:13:15] Completed: Copying file /it/Microsoft.VisualStudio.Editor.Implementation.resources.dll to C:\Program Files (x86)\Microsoft Visual Studio\2019\BuildTools\Common7\IDE\CommonExtensions\Microsoft\Editor\it\Microsoft.VisualStudio.Editor.Implementation.resources.dll
[1a64:0017][2019-09-25T22:13:15] Timestamp updated for file 'C:\Program Files (x86)\Microsoft Visual Studio\2019\BuildTools\Common7\IDE\CommonExtensions\Microsoft\Editor\it\Microsoft.VisualStudio.Editor.Implementation.resources.dll'.
[1a64:0017][2019-09-25T22:13:15] Queueing C:\Program Files (x86)\Microsoft Visual Studio\2019\BuildTools\Common7\IDE\CommonExtensions\Microsoft\Editor\it\Microsoft.VisualStudio.Editor.Implementation.resources.dll for X86 ngen
[1a64:0017][2019-09-25T22:13:15] Successfully queued file '/it/Microsoft.VisualStudio.Editor.Implementation.resources.dll' for ngen
[1a64:0017][2019-09-25T22:13:15] Processing file /it/Microsoft.VisualStudio.Platform.VSEditor.resources.dll
[1a64:0017][2019-09-25T22:13:15] Started: Copying file /it/Microsoft.VisualStudio.Platform.VSEditor.resources.dll to C:\Program Files (x86)\Microsoft Visual Studio\2019\BuildTools\Common7\IDE\CommonExtensions\Microsoft\Editor\it\Microsoft.VisualStudio.Platform.VSEditor.resources.dll
[1a64:0017][2019-09-25T22:13:15] Completed: Copying file /it/Microsoft.VisualStudio.Platform.VSEditor.resources.dll to C:\Program Files (x86)\Microsoft Visual Studio\2019\BuildTools\Common7\IDE\CommonExtensions\Microsoft\Editor\it\Microsoft.VisualStudio.Platform.VSEditor.resources.dll
[1a64:0017][2019-09-25T22:13:15] Timestamp updated for file 'C:\Program Files (x86)\Microsoft Visual Studio\2019\BuildTools\Common7\IDE\CommonExtensions\Microsoft\Editor\it\Microsoft.VisualStudio.Platform.VSEditor.resources.dll'.
[1a64:0017][2019-09-25T22:13:15] Queueing C:\Program Files (x86)\Microsoft Visual Studio\2019\BuildTools\Common7\IDE\CommonExtensions\Microsoft\Editor\it\Microsoft.VisualStudio.Platform.VSEditor.resources.dll for X86 ngen
[1a64:0017][2019-09-25T22:13:15] Successfully queued file '/it/Microsoft.VisualStudio.Platform.VSEditor.resources.dll' for ngen
[1a64:0017][2019-09-25T22:13:15] Processing file /ja/Microsoft.VisualStudio.Diff.resources.dll
[1a64:0017][2019-09-25T22:13:15] Started: Copying file /ja/Microsoft.VisualStudio.Diff.resources.dll to C:\Program Files (x86)\Microsoft Visual Studio\2019\BuildTools\Common7\IDE\CommonExtensions\Microsoft\Editor\ja\Microsoft.VisualStudio.Diff.resources.dll
[1a64:0017][2019-09-25T22:13:15] Completed: Copying file /ja/Microsoft.VisualStudio.Diff.resources.dll to C:\Program Files (x86)\Microsoft Visual Studio\2019\BuildTools\Common7\IDE\CommonExtensions\Microsoft\Editor\ja\Microsoft.VisualStudio.Diff.resources.dll
[1a64:0017][2019-09-25T22:13:15] Timestamp updated for file 'C:\Program Files (x86)\Microsoft Visual Studio\2019\BuildTools\Common7\IDE\CommonExtensions\Microsoft\Editor\ja\Microsoft.VisualStudio.Diff.resources.dll'.
[1a64:0017][2019-09-25T22:13:15] Queueing C:\Program Files (x86)\Microsoft Visual Studio\2019\BuildTools\Common7\IDE\CommonExtensions\Microsoft\Editor\ja\Microsoft.VisualStudio.Diff.resources.dll for X86 ngen
[1a64:0017][2019-09-25T22:13:15] Successfully queued file '/ja/Microsoft.VisualStudio.Diff.resources.dll' for ngen
[1a64:0017][2019-09-25T22:13:15] Processing file /ja/Microsoft.VisualStudio.Editor.Implementation.resources.dll
[1a64:0017][2019-09-25T22:13:15] Started: Copying file /ja/Microsoft.VisualStudio.Editor.Implementation.resources.dll to C:\Program Files (x86)\Microsoft Visual Studio\2019\BuildTools\Common7\IDE\CommonExtensions\Microsoft\Editor\ja\Microsoft.VisualStudio.Editor.Implementation.resources.dll
[1a64:0017][2019-09-25T22:13:15] Completed: Copying file /ja/Microsoft.VisualStudio.Editor.Implementation.resources.dll to C:\Program Files (x86)\Microsoft Visual Studio\2019\BuildTools\Common7\IDE\CommonExtensions\Microsoft\Editor\ja\Microsoft.VisualStudio.Editor.Implementation.resources.dll
[1a64:0017][2019-09-25T22:13:15] Timestamp updated for file 'C:\Program Files (x86)\Microsoft Visual Studio\2019\BuildTools\Common7\IDE\CommonExtensions\Microsoft\Editor\ja\Microsoft.VisualStudio.Editor.Implementation.resources.dll'.
[1a64:0017][2019-09-25T22:13:15] Queueing C:\Program Files (x86)\Microsoft Visual Studio\2019\BuildTools\Common7\IDE\CommonExtensions\Microsoft\Editor\ja\Microsoft.VisualStudio.Editor.Implementation.resources.dll for X86 ngen
[1a64:0017][2019-09-25T22:13:15] Successfully queued file '/ja/Microsoft.VisualStudio.Editor.Implementation.resources.dll' for ngen
[1a64:0017][2019-09-25T22:13:15] Processing file /ja/Microsoft.VisualStudio.Platform.VSEditor.resources.dll
[1a64:0017][2019-09-25T22:13:15] Started: Copying file /ja/Microsoft.VisualStudio.Platform.VSEditor.resources.dll to C:\Program Files (x86)\Microsoft Visual Studio\2019\BuildTools\Common7\IDE\CommonExtensions\Microsoft\Editor\ja\Microsoft.VisualStudio.Platform.VSEditor.resources.dll
[1a64:0017][2019-09-25T22:13:15] Completed: Copying file /ja/Microsoft.VisualStudio.Platform.VSEditor.resources.dll to C:\Program Files (x86)\Microsoft Visual Studio\2019\BuildTools\Common7\IDE\CommonExtensions\Microsoft\Editor\ja\Microsoft.VisualStudio.Platform.VSEditor.resources.dll
[1a64:0017][2019-09-25T22:13:15] Timestamp updated for file 'C:\Program Files (x86)\Microsoft Visual Studio\2019\BuildTools\Common7\IDE\CommonExtensions\Microsoft\Editor\ja\Microsoft.VisualStudio.Platform.VSEditor.resources.dll'.
[1a64:0017][2019-09-25T22:13:15] Queueing C:\Program Files (x86)\Microsoft Visual Studio\2019\BuildTools\Common7\IDE\CommonExtensions\Microsoft\Editor\ja\Microsoft.VisualStudio.Platform.VSEditor.resources.dll for X86 ngen
[1a64:0017][2019-09-25T22:13:15] Successfully queued file '/ja/Microsoft.VisualStudio.Platform.VSEditor.resources.dll' for ngen
[1a64:0017][2019-09-25T22:13:15] Processing file /ko/Microsoft.VisualStudio.Diff.resources.dll
[1a64:0017][2019-09-25T22:13:15] Started: Copying file /ko/Microsoft.VisualStudio.Diff.resources.dll to C:\Program Files (x86)\Microsoft Visual Studio\2019\BuildTools\Common7\IDE\CommonExtensions\Microsoft\Editor\ko\Microsoft.VisualStudio.Diff.resources.dll
[1a64:0017][2019-09-25T22:13:15] Completed: Copying file /ko/Microsoft.VisualStudio.Diff.resources.dll to C:\Program Files (x86)\Microsoft Visual Studio\2019\BuildTools\Common7\IDE\CommonExtensions\Microsoft\Editor\ko\Microsoft.VisualStudio.Diff.resources.dll
[1a64:0017][2019-09-25T22:13:15] Timestamp updated for file 'C:\Program Files (x86)\Microsoft Visual Studio\2019\BuildTools\Common7\IDE\CommonExtensions\Microsoft\Editor\ko\Microsoft.VisualStudio.Diff.resources.dll'.
[1a64:0017][2019-09-25T22:13:15] Queueing C:\Program Files (x86)\Microsoft Visual Studio\2019\BuildTools\Common7\IDE\CommonExtensions\Microsoft\Editor\ko\Microsoft.VisualStudio.Diff.resources.dll for X86 ngen
[1a64:0017][2019-09-25T22:13:15] Successfully queued file '/ko/Microsoft.VisualStudio.Diff.resources.dll' for ngen
[1a64:0017][2019-09-25T22:13:15] Processing file /ko/Microsoft.VisualStudio.Editor.Implementation.resources.dll
[1a64:0017][2019-09-25T22:13:15] Started: Copying file /ko/Microsoft.VisualStudio.Editor.Implementation.resources.dll to C:\Program Files (x86)\Microsoft Visual Studio\2019\BuildTools\Common7\IDE\CommonExtensions\Microsoft\Editor\ko\Microsoft.VisualStudio.Editor.Implementation.resources.dll
[1a64:0017][2019-09-25T22:13:15] Completed: Copying file /ko/Microsoft.VisualStudio.Editor.Implementation.resources.dll to C:\Program Files (x86)\Microsoft Visual Studio\2019\BuildTools\Common7\IDE\CommonExtensions\Microsoft\Editor\ko\Microsoft.VisualStudio.Editor.Implementation.resources.dll
[1a64:0017][2019-09-25T22:13:15] Timestamp updated for file 'C:\Program Files (x86)\Microsoft Visual Studio\2019\BuildTools\Common7\IDE\CommonExtensions\Microsoft\Editor\ko\Microsoft.VisualStudio.Editor.Implementation.resources.dll'.
[1a64:0017][2019-09-25T22:13:15] Queueing C:\Program Files (x86)\Microsoft Visual Studio\2019\BuildTools\Common7\IDE\CommonExtensions\Microsoft\Editor\ko\Microsoft.VisualStudio.Editor.Implementation.resources.dll for X86 ngen
[1a64:0017][2019-09-25T22:13:15] Successfully queued file '/ko/Microsoft.VisualStudio.Editor.Implementation.resources.dll' for ngen
[1a64:0017][2019-09-25T22:13:15] Processing file /ko/Microsoft.VisualStudio.Platform.VSEditor.resources.dll
[1a64:0017][2019-09-25T22:13:15] Started: Copying file /ko/Microsoft.VisualStudio.Platform.VSEditor.resources.dll to C:\Program Files (x86)\Microsoft Visual Studio\2019\BuildTools\Common7\IDE\CommonExtensions\Microsoft\Editor\ko\Microsoft.VisualStudio.Platform.VSEditor.resources.dll
[1a64:0017][2019-09-25T22:13:15] Completed: Copying file /ko/Microsoft.VisualStudio.Platform.VSEditor.resources.dll to C:\Program Files (x86)\Microsoft Visual Studio\2019\BuildTools\Common7\IDE\CommonExtensions\Microsoft\Editor\ko\Microsoft.VisualStudio.Platform.VSEditor.resources.dll
[1a64:0017][2019-09-25T22:13:15] Timestamp updated for file 'C:\Program Files (x86)\Microsoft Visual Studio\2019\BuildTools\Common7\IDE\CommonExtensions\Microsoft\Editor\ko\Microsoft.VisualStudio.Platform.VSEditor.resources.dll'.
[1a64:0017][2019-09-25T22:13:15] Queueing C:\Program Files (x86)\Microsoft Visual Studio\2019\BuildTools\Common7\IDE\CommonExtensions\Microsoft\Editor\ko\Microsoft.VisualStudio.Platform.VSEditor.resources.dll for X86 ngen
[1a64:0017][2019-09-25T22:13:15] Successfully queued file '/ko/Microsoft.VisualStudio.Platform.VSEditor.resources.dll' for ngen
[1a64:0017][2019-09-25T22:13:15] Processing file /manifest.json
[1a64:0017][2019-09-25T22:13:15] Started: Copying file /manifest.json to C:\Program Files (x86)\Microsoft Visual Studio\2019\BuildTools\Common7\IDE\CommonExtensions\Microsoft\Editor\manifest.json
[1a64:0017][2019-09-25T22:13:15] Completed: Copying file /manifest.json to C:\Program Files (x86)\Microsoft Visual Studio\2019\BuildTools\Common7\IDE\CommonExtensions\Microsoft\Editor\manifest.json
[1a64:0017][2019-09-25T22:13:15] Timestamp updated for file 'C:\Program Files (x86)\Microsoft Visual Studio\2019\BuildTools\Common7\IDE\CommonExtensions\Microsoft\Editor\manifest.json'.
[1a64:0017][2019-09-25T22:13:15] Processing file /Microsoft.VisualStudio.CoreUtility.dll
[1a64:0017][2019-09-25T22:13:15] Started: Copying file /Microsoft.VisualStudio.CoreUtility.dll to C:\Program Files (x86)\Microsoft Visual Studio\2019\BuildTools\Common7\IDE\CommonExtensions\Microsoft\Editor\Microsoft.VisualStudio.CoreUtility.dll
[1a64:0017][2019-09-25T22:13:15] Completed: Copying file /Microsoft.VisualStudio.CoreUtility.dll to C:\Program Files (x86)\Microsoft Visual Studio\2019\BuildTools\Common7\IDE\CommonExtensions\Microsoft\Editor\Microsoft.VisualStudio.CoreUtility.dll
[1a64:0017][2019-09-25T22:13:15] Timestamp updated for file 'C:\Program Files (x86)\Microsoft Visual Studio\2019\BuildTools\Common7\IDE\CommonExtensions\Microsoft\Editor\Microsoft.VisualStudio.CoreUtility.dll'.
[1a64:0017][2019-09-25T22:13:15] Queueing C:\Program Files (x86)\Microsoft Visual Studio\2019\BuildTools\Common7\IDE\CommonExtensions\Microsoft\Editor\Microsoft.VisualStudio.CoreUtility.dll for X86 ngen
[1a64:0017][2019-09-25T22:13:15] Successfully queued file '/Microsoft.VisualStudio.CoreUtility.dll' for ngen
[1a64:0017][2019-09-25T22:13:15] Processing file /Microsoft.VisualStudio.Diff.CommandLineSwitch.pkgdef
[1a64:0017][2019-09-25T22:13:15] Started: Copying file /Microsoft.VisualStudio.Diff.CommandLineSwitch.pkgdef to C:\Program Files (x86)\Microsoft Visual Studio\2019\BuildTools\Common7\IDE\CommonExtensions\Microsoft\Editor\Microsoft.VisualStudio.Diff.CommandLineSwitch.pkgdef
[1a64:0017][2019-09-25T22:13:15] Completed: Copying file /Microsoft.VisualStudio.Diff.CommandLineSwitch.pkgdef to C:\Program Files (x86)\Microsoft Visual Studio\2019\BuildTools\Common7\IDE\CommonExtensions\Microsoft\Editor\Microsoft.VisualStudio.Diff.CommandLineSwitch.pkgdef
[1a64:0017][2019-09-25T22:13:15] Timestamp updated for file 'C:\Program Files (x86)\Microsoft Visual Studio\2019\BuildTools\Common7\IDE\CommonExtensions\Microsoft\Editor\Microsoft.VisualStudio.Diff.CommandLineSwitch.pkgdef'.
[1a64:0017][2019-09-25T22:13:15] Processing file /Microsoft.VisualStudio.Diff.dll
[1a64:0017][2019-09-25T22:13:15] Started: Copying file /Microsoft.VisualStudio.Diff.dll to C:\Program Files (x86)\Microsoft Visual Studio\2019\BuildTools\Common7\IDE\CommonExtensions\Microsoft\Editor\Microsoft.VisualStudio.Diff.dll
[1a64:0017][2019-09-25T22:13:15] Completed: Copying file /Microsoft.VisualStudio.Diff.dll to C:\Program Files (x86)\Microsoft Visual Studio\2019\BuildTools\Common7\IDE\CommonExtensions\Microsoft\Editor\Microsoft.VisualStudio.Diff.dll
[1a64:0017][2019-09-25T22:13:15] Timestamp updated for file 'C:\Program Files (x86)\Microsoft Visual Studio\2019\BuildTools\Common7\IDE\CommonExtensions\Microsoft\Editor\Microsoft.VisualStudio.Diff.dll'.
[1a64:0017][2019-09-25T22:13:15] Queueing C:\Program Files (x86)\Microsoft Visual Studio\2019\BuildTools\Common7\IDE\CommonExtensions\Microsoft\Editor\Microsoft.VisualStudio.Diff.dll for X86 ngen
[1a64:0017][2019-09-25T22:13:15] Successfully queued file '/Microsoft.VisualStudio.Diff.dll' for ngen
[1a64:0017][2019-09-25T22:13:15] Processing file /Microsoft.VisualStudio.Diff.pkgdef
[1a64:0017][2019-09-25T22:13:15] Started: Copying file /Microsoft.VisualStudio.Diff.pkgdef to C:\Program Files (x86)\Microsoft Visual Studio\2019\BuildTools\Common7\IDE\CommonExtensions\Microsoft\Editor\Microsoft.VisualStudio.Diff.pkgdef
[1a64:0017][2019-09-25T22:13:15] Completed: Copying file /Microsoft.VisualStudio.Diff.pkgdef to C:\Program Files (x86)\Microsoft Visual Studio\2019\BuildTools\Common7\IDE\CommonExtensions\Microsoft\Editor\Microsoft.VisualStudio.Diff.pkgdef
[1a64:0017][2019-09-25T22:13:15] Timestamp updated for file 'C:\Program Files (x86)\Microsoft Visual Studio\2019\BuildTools\Common7\IDE\CommonExtensions\Microsoft\Editor\Microsoft.VisualStudio.Diff.pkgdef'.
[1a64:0017][2019-09-25T22:13:15] Processing file /Microsoft.VisualStudio.Editor.dll
[1a64:0017][2019-09-25T22:13:15] Started: Copying file /Microsoft.VisualStudio.Editor.dll to C:\Program Files (x86)\Microsoft Visual Studio\2019\BuildTools\Common7\IDE\CommonExtensions\Microsoft\Editor\Microsoft.VisualStudio.Editor.dll
[1a64:0017][2019-09-25T22:13:15] Completed: Copying file /Microsoft.VisualStudio.Editor.dll to C:\Program Files (x86)\Microsoft Visual Studio\2019\BuildTools\Common7\IDE\CommonExtensions\Microsoft\Editor\Microsoft.VisualStudio.Editor.dll
[1a64:0017][2019-09-25T22:13:15] Timestamp updated for file 'C:\Program Files (x86)\Microsoft Visual Studio\2019\BuildTools\Common7\IDE\CommonExtensions\Microsoft\Editor\Microsoft.VisualStudio.Editor.dll'.
[1a64:0017][2019-09-25T22:13:15] Queueing C:\Program Files (x86)\Microsoft Visual Studio\2019\BuildTools\Common7\IDE\CommonExtensions\Microsoft\Editor\Microsoft.VisualStudio.Editor.dll for X86 ngen
[1a64:0017][2019-09-25T22:13:15] Successfully queued file '/Microsoft.VisualStudio.Editor.dll' for ngen
[1a64:0017][2019-09-25T22:13:15] Processing file /Microsoft.VisualStudio.Editor.Implementation.dll
[1a64:0017][2019-09-25T22:13:15] Started: Copying file /Microsoft.VisualStudio.Editor.Implementation.dll to C:\Program Files (x86)\Microsoft Visual Studio\2019\BuildTools\Common7\IDE\CommonExtensions\Microsoft\Editor\Microsoft.VisualStudio.Editor.Implementation.dll
[1a64:0017][2019-09-25T22:13:15] Completed: Copying file /Microsoft.VisualStudio.Editor.Implementation.dll to C:\Program Files (x86)\Microsoft Visual Studio\2019\BuildTools\Common7\IDE\CommonExtensions\Microsoft\Editor\Microsoft.VisualStudio.Editor.Implementation.dll
[1a64:0017][2019-09-25T22:13:15] Timestamp updated for file 'C:\Program Files (x86)\Microsoft Visual Studio\2019\BuildTools\Common7\IDE\CommonExtensions\Microsoft\Editor\Microsoft.VisualStudio.Editor.Implementation.dll'.
[1a64:0017][2019-09-25T22:13:15] Queueing C:\Program Files (x86)\Microsoft Visual Studio\2019\BuildTools\Common7\IDE\CommonExtensions\Microsoft\Editor\Microsoft.VisualStudio.Editor.Implementation.dll for X86 ngen
[1a64:0017][2019-09-25T22:13:15] Successfully queued file '/Microsoft.VisualStudio.Editor.Implementation.dll' for ngen
[1a64:0017][2019-09-25T22:13:15] Processing file /Microsoft.VisualStudio.Editor.Implementation.pkgdef
[1a64:0017][2019-09-25T22:13:15] Started: Copying file /Microsoft.VisualStudio.Editor.Implementation.pkgdef to C:\Program Files (x86)\Microsoft Visual Studio\2019\BuildTools\Common7\IDE\CommonExtensions\Microsoft\Editor\Microsoft.VisualStudio.Editor.Implementation.pkgdef
[1a64:0017][2019-09-25T22:13:15] Completed: Copying file /Microsoft.VisualStudio.Editor.Implementation.pkgdef to C:\Program Files (x86)\Microsoft Visual Studio\2019\BuildTools\Common7\IDE\CommonExtensions\Microsoft\Editor\Microsoft.VisualStudio.Editor.Implementation.pkgdef
[1a64:0017][2019-09-25T22:13:15] Timestamp updated for file 'C:\Program Files (x86)\Microsoft Visual Studio\2019\BuildTools\Common7\IDE\CommonExtensions\Microsoft\Editor\Microsoft.VisualStudio.Editor.Implementation.pkgdef'.
[1a64:0017][2019-09-25T22:13:15] Processing file /Microsoft.VisualStudio.Editor.pkgdef
[1a64:0017][2019-09-25T22:13:15] Started: Copying file /Microsoft.VisualStudio.Editor.pkgdef to C:\Program Files (x86)\Microsoft Visual Studio\2019\BuildTools\Common7\IDE\CommonExtensions\Microsoft\Editor\Microsoft.VisualStudio.Editor.pkgdef
[1a64:0017][2019-09-25T22:13:15] Completed: Copying file /Microsoft.VisualStudio.Editor.pkgdef to C:\Program Files (x86)\Microsoft Visual Studio\2019\BuildTools\Common7\IDE\CommonExtensions\Microsoft\Editor\Microsoft.VisualStudio.Editor.pkgdef
[1a64:0017][2019-09-25T22:13:15] Timestamp updated for file 'C:\Program Files (x86)\Microsoft Visual Studio\2019\BuildTools\Common7\IDE\CommonExtensions\Microsoft\Editor\Microsoft.VisualStudio.Editor.pkgdef'.
[1a64:0017][2019-09-25T22:13:15] Processing file /Microsoft.VisualStudio.Language.dll
[1a64:0017][2019-09-25T22:13:15] Started: Copying file /Microsoft.VisualStudio.Language.dll to C:\Program Files (x86)\Microsoft Visual Studio\2019\BuildTools\Common7\IDE\CommonExtensions\Microsoft\Editor\Microsoft.VisualStudio.Language.dll
[1a64:0017][2019-09-25T22:13:15] Completed: Copying file /Microsoft.VisualStudio.Language.dll to C:\Program Files (x86)\Microsoft Visual Studio\2019\BuildTools\Common7\IDE\CommonExtensions\Microsoft\Editor\Microsoft.VisualStudio.Language.dll
[1a64:0017][2019-09-25T22:13:15] Timestamp updated for file 'C:\Program Files (x86)\Microsoft Visual Studio\2019\BuildTools\Common7\IDE\CommonExtensions\Microsoft\Editor\Microsoft.VisualStudio.Language.dll'.
[1a64:0017][2019-09-25T22:13:15] Queueing C:\Program Files (x86)\Microsoft Visual Studio\2019\BuildTools\Common7\IDE\CommonExtensions\Microsoft\Editor\Microsoft.VisualStudio.Language.dll for X86 ngen
[1a64:0017][2019-09-25T22:13:15] Successfully queued file '/Microsoft.VisualStudio.Language.dll' for ngen
[1a64:0017][2019-09-25T22:13:15] Processing file /Microsoft.VisualStudio.Language.Intellisense.dll
[1a64:0017][2019-09-25T22:13:15] Started: Copying file /Microsoft.VisualStudio.Language.Intellisense.dll to C:\Program Files (x86)\Microsoft Visual Studio\2019\BuildTools\Common7\IDE\CommonExtensions\Microsoft\Editor\Microsoft.VisualStudio.Language.Intellisense.dll
[1a64:0017][2019-09-25T22:13:15] Completed: Copying file /Microsoft.VisualStudio.Language.Intellisense.dll to C:\Program Files (x86)\Microsoft Visual Studio\2019\BuildTools\Common7\IDE\CommonExtensions\Microsoft\Editor\Microsoft.VisualStudio.Language.Intellisense.dll
[1a64:0017][2019-09-25T22:13:15] Timestamp updated for file 'C:\Program Files (x86)\Microsoft Visual Studio\2019\BuildTools\Common7\IDE\CommonExtensions\Microsoft\Editor\Microsoft.VisualStudio.Language.Intellisense.dll'.
[1a64:0017][2019-09-25T22:13:15] Queueing C:\Program Files (x86)\Microsoft Visual Studio\2019\BuildTools\Common7\IDE\CommonExtensions\Microsoft\Editor\Microsoft.VisualStudio.Language.Intellisense.dll for X86 ngen
[1a64:0017][2019-09-25T22:13:15] Successfully queued file '/Microsoft.VisualStudio.Language.Intellisense.dll' for ngen
[1a64:0017][2019-09-25T22:13:15] Processing file /Microsoft.VisualStudio.Language.StandardClassification.dll
[1a64:0017][2019-09-25T22:13:15] Started: Copying file /Microsoft.VisualStudio.Language.StandardClassification.dll to C:\Program Files (x86)\Microsoft Visual Studio\2019\BuildTools\Common7\IDE\CommonExtensions\Microsoft\Editor\Microsoft.VisualStudio.Language.StandardClassification.dll
[1a64:0017][2019-09-25T22:13:15] Completed: Copying file /Microsoft.VisualStudio.Language.StandardClassification.dll to C:\Program Files (x86)\Microsoft Visual Studio\2019\BuildTools\Common7\IDE\CommonExtensions\Microsoft\Editor\Microsoft.VisualStudio.Language.StandardClassification.dll
[1a64:0017][2019-09-25T22:13:15] Timestamp updated for file 'C:\Program Files (x86)\Microsoft Visual Studio\2019\BuildTools\Common7\IDE\CommonExtensions\Microsoft\Editor\Microsoft.VisualStudio.Language.StandardClassification.dll'.
[1a64:0017][2019-09-25T22:13:15] Queueing C:\Program Files (x86)\Microsoft Visual Studio\2019\BuildTools\Common7\IDE\CommonExtensions\Microsoft\Editor\Microsoft.VisualStudio.Language.StandardClassification.dll for X86 ngen
[1a64:0017][2019-09-25T22:13:15] Successfully queued file '/Microsoft.VisualStudio.Language.StandardClassification.dll' for ngen
[1a64:0017][2019-09-25T22:13:15] Processing file /Microsoft.VisualStudio.Platform.VSEditor.dll
[1a64:0017][2019-09-25T22:13:15] Started: Copying file /Microsoft.VisualStudio.Platform.VSEditor.dll to C:\Program Files (x86)\Microsoft Visual Studio\2019\BuildTools\Common7\IDE\CommonExtensions\Microsoft\Editor\Microsoft.VisualStudio.Platform.VSEditor.dll
[1a64:0017][2019-09-25T22:13:15] Completed: Copying file /Microsoft.VisualStudio.Platform.VSEditor.dll to C:\Program Files (x86)\Microsoft Visual Studio\2019\BuildTools\Common7\IDE\CommonExtensions\Microsoft\Editor\Microsoft.VisualStudio.Platform.VSEditor.dll
[1a64:0017][2019-09-25T22:13:15] Timestamp updated for file 'C:\Program Files (x86)\Microsoft Visual Studio\2019\BuildTools\Common7\IDE\CommonExtensions\Microsoft\Editor\Microsoft.VisualStudio.Platform.VSEditor.dll'.
[1a64:0017][2019-09-25T22:13:15] Queueing C:\Program Files (x86)\Microsoft Visual Studio\2019\BuildTools\Common7\IDE\CommonExtensions\Microsoft\Editor\Microsoft.VisualStudio.Platform.VSEditor.dll for X86 ngen
[1a64:0017][2019-09-25T22:13:15] Successfully queued file '/Microsoft.VisualStudio.Platform.VSEditor.dll' for ngen
[1a64:0017][2019-09-25T22:13:15] Processing file /Microsoft.VisualStudio.Text.Data.dll
[1a64:0017][2019-09-25T22:13:15] Started: Copying file /Microsoft.VisualStudio.Text.Data.dll to C:\Program Files (x86)\Microsoft Visual Studio\2019\BuildTools\Common7\IDE\CommonExtensions\Microsoft\Editor\Microsoft.VisualStudio.Text.Data.dll
[1a64:0017][2019-09-25T22:13:15] Completed: Copying file /Microsoft.VisualStudio.Text.Data.dll to C:\Program Files (x86)\Microsoft Visual Studio\2019\BuildTools\Common7\IDE\CommonExtensions\Microsoft\Editor\Microsoft.VisualStudio.Text.Data.dll
[1a64:0017][2019-09-25T22:13:15] Timestamp updated for file 'C:\Program Files (x86)\Microsoft Visual Studio\2019\BuildTools\Common7\IDE\CommonExtensions\Microsoft\Editor\Microsoft.VisualStudio.Text.Data.dll'.
[1a64:0017][2019-09-25T22:13:15] Queueing C:\Program Files (x86)\Microsoft Visual Studio\2019\BuildTools\Common7\IDE\CommonExtensions\Microsoft\Editor\Microsoft.VisualStudio.Text.Data.dll for X86 ngen
[1a64:0017][2019-09-25T22:13:15] Successfully queued file '/Microsoft.VisualStudio.Text.Data.dll' for ngen
[1a64:0017][2019-09-25T22:13:15] Processing file /Microsoft.VisualStudio.Text.Internal.dll
[1a64:0017][2019-09-25T22:13:15] Started: Copying file /Microsoft.VisualStudio.Text.Internal.dll to C:\Program Files (x86)\Microsoft Visual Studio\2019\BuildTools\Common7\IDE\CommonExtensions\Microsoft\Editor\Microsoft.VisualStudio.Text.Internal.dll
[1a64:0017][2019-09-25T22:13:15] Completed: Copying file /Microsoft.VisualStudio.Text.Internal.dll to C:\Program Files (x86)\Microsoft Visual Studio\2019\BuildTools\Common7\IDE\CommonExtensions\Microsoft\Editor\Microsoft.VisualStudio.Text.Internal.dll
[1a64:0017][2019-09-25T22:13:15] Timestamp updated for file 'C:\Program Files (x86)\Microsoft Visual Studio\2019\BuildTools\Common7\IDE\CommonExtensions\Microsoft\Editor\Microsoft.VisualStudio.Text.Internal.dll'.
[1a64:0017][2019-09-25T22:13:15] Queueing C:\Program Files (x86)\Microsoft Visual Studio\2019\BuildTools\Common7\IDE\CommonExtensions\Microsoft\Editor\Microsoft.VisualStudio.Text.Internal.dll for X86 ngen
[1a64:0017][2019-09-25T22:13:15] Successfully queued file '/Microsoft.VisualStudio.Text.Internal.dll' for ngen
[1a64:0017][2019-09-25T22:13:15] Processing file /Microsoft.VisualStudio.Text.Logic.dll
[1a64:0017][2019-09-25T22:13:15] Started: Copying file /Microsoft.VisualStudio.Text.Logic.dll to C:\Program Files (x86)\Microsoft Visual Studio\2019\BuildTools\Common7\IDE\CommonExtensions\Microsoft\Editor\Microsoft.VisualStudio.Text.Logic.dll
[1a64:0017][2019-09-25T22:13:15] Completed: Copying file /Microsoft.VisualStudio.Text.Logic.dll to C:\Program Files (x86)\Microsoft Visual Studio\2019\BuildTools\Common7\IDE\CommonExtensions\Microsoft\Editor\Microsoft.VisualStudio.Text.Logic.dll
[1a64:0017][2019-09-25T22:13:15] Timestamp updated for file 'C:\Program Files (x86)\Microsoft Visual Studio\2019\BuildTools\Common7\IDE\CommonExtensions\Microsoft\Editor\Microsoft.VisualStudio.Text.Logic.dll'.
[1a64:0017][2019-09-25T22:13:15] Queueing C:\Program Files (x86)\Microsoft Visual Studio\2019\BuildTools\Common7\IDE\CommonExtensions\Microsoft\Editor\Microsoft.VisualStudio.Text.Logic.dll for X86 ngen
[1a64:0017][2019-09-25T22:13:15] Successfully queued file '/Microsoft.VisualStudio.Text.Logic.dll' for ngen
[1a64:0017][2019-09-25T22:13:15] Processing file /Microsoft.VisualStudio.Text.UI.dll
[1a64:0017][2019-09-25T22:13:15] Started: Copying file /Microsoft.VisualStudio.Text.UI.dll to C:\Program Files (x86)\Microsoft Visual Studio\2019\BuildTools\Common7\IDE\CommonExtensions\Microsoft\Editor\Microsoft.VisualStudio.Text.UI.dll
[1a64:0017][2019-09-25T22:13:15] Completed: Copying file /Microsoft.VisualStudio.Text.UI.dll to C:\Program Files (x86)\Microsoft Visual Studio\2019\BuildTools\Common7\IDE\CommonExtensions\Microsoft\Editor\Microsoft.VisualStudio.Text.UI.dll
[1a64:0017][2019-09-25T22:13:15] Timestamp updated for file 'C:\Program Files (x86)\Microsoft Visual Studio\2019\BuildTools\Common7\IDE\CommonExtensions\Microsoft\Editor\Microsoft.VisualStudio.Text.UI.dll'.
[1a64:0017][2019-09-25T22:13:15] Queueing C:\Program Files (x86)\Microsoft Visual Studio\2019\BuildTools\Common7\IDE\CommonExtensions\Microsoft\Editor\Microsoft.VisualStudio.Text.UI.dll for X86 ngen
[1a64:0017][2019-09-25T22:13:15] Successfully queued file '/Microsoft.VisualStudio.Text.UI.dll' for ngen
[1a64:0017][2019-09-25T22:13:15] Processing file /Microsoft.VisualStudio.Text.UI.Wpf.dll
[1a64:0017][2019-09-25T22:13:15] Started: Copying file /Microsoft.VisualStudio.Text.UI.Wpf.dll to C:\Program Files (x86)\Microsoft Visual Studio\2019\BuildTools\Common7\IDE\CommonExtensions\Microsoft\Editor\Microsoft.VisualStudio.Text.UI.Wpf.dll
[1a64:0017][2019-09-25T22:13:15] Completed: Copying file /Microsoft.VisualStudio.Text.UI.Wpf.dll to C:\Program Files (x86)\Microsoft Visual Studio\2019\BuildTools\Common7\IDE\CommonExtensions\Microsoft\Editor\Microsoft.VisualStudio.Text.UI.Wpf.dll
[1a64:0017][2019-09-25T22:13:15] Timestamp updated for file 'C:\Program Files (x86)\Microsoft Visual Studio\2019\BuildTools\Common7\IDE\CommonExtensions\Microsoft\Editor\Microsoft.VisualStudio.Text.UI.Wpf.dll'.
[1a64:0017][2019-09-25T22:13:15] Queueing C:\Program Files (x86)\Microsoft Visual Studio\2019\BuildTools\Common7\IDE\CommonExtensions\Microsoft\Editor\Microsoft.VisualStudio.Text.UI.Wpf.dll for X86 ngen
[1a64:0017][2019-09-25T22:13:15] Successfully queued file '/Microsoft.VisualStudio.Text.UI.Wpf.dll' for ngen
[1a64:0017][2019-09-25T22:13:15] Processing file /pl/Microsoft.VisualStudio.Diff.resources.dll
[1a64:0017][2019-09-25T22:13:15] Started: Copying file /pl/Microsoft.VisualStudio.Diff.resources.dll to C:\Program Files (x86)\Microsoft Visual Studio\2019\BuildTools\Common7\IDE\CommonExtensions\Microsoft\Editor\pl\Microsoft.VisualStudio.Diff.resources.dll
[1a64:0017][2019-09-25T22:13:15] Completed: Copying file /pl/Microsoft.VisualStudio.Diff.resources.dll to C:\Program Files (x86)\Microsoft Visual Studio\2019\BuildTools\Common7\IDE\CommonExtensions\Microsoft\Editor\pl\Microsoft.VisualStudio.Diff.resources.dll
[1a64:0017][2019-09-25T22:13:15] Timestamp updated for file 'C:\Program Files (x86)\Microsoft Visual Studio\2019\BuildTools\Common7\IDE\CommonExtensions\Microsoft\Editor\pl\Microsoft.VisualStudio.Diff.resources.dll'.
[1a64:0017][2019-09-25T22:13:15] Queueing C:\Program Files (x86)\Microsoft Visual Studio\2019\BuildTools\Common7\IDE\CommonExtensions\Microsoft\Editor\pl\Microsoft.VisualStudio.Diff.resources.dll for X86 ngen
[1a64:0017][2019-09-25T22:13:15] Successfully queued file '/pl/Microsoft.VisualStudio.Diff.resources.dll' for ngen
[1a64:0017][2019-09-25T22:13:15] Processing file /pl/Microsoft.VisualStudio.Editor.Implementation.resources.dll
[1a64:0017][2019-09-25T22:13:15] Started: Copying file /pl/Microsoft.VisualStudio.Editor.Implementation.resources.dll to C:\Program Files (x86)\Microsoft Visual Studio\2019\BuildTools\Common7\IDE\CommonExtensions\Microsoft\Editor\pl\Microsoft.VisualStudio.Editor.Implementation.resources.dll
[1a64:0017][2019-09-25T22:13:15] Completed: Copying file /pl/Microsoft.VisualStudio.Editor.Implementation.resources.dll to C:\Program Files (x86)\Microsoft Visual Studio\2019\BuildTools\Common7\IDE\CommonExtensions\Microsoft\Editor\pl\Microsoft.VisualStudio.Editor.Implementation.resources.dll
[1a64:0017][2019-09-25T22:13:15] Timestamp updated for file 'C:\Program Files (x86)\Microsoft Visual Studio\2019\BuildTools\Common7\IDE\CommonExtensions\Microsoft\Editor\pl\Microsoft.VisualStudio.Editor.Implementation.resources.dll'.
[1a64:0017][2019-09-25T22:13:15] Queueing C:\Program Files (x86)\Microsoft Visual Studio\2019\BuildTools\Common7\IDE\CommonExtensions\Microsoft\Editor\pl\Microsoft.VisualStudio.Editor.Implementation.resources.dll for X86 ngen
[1a64:0017][2019-09-25T22:13:15] Successfully queued file '/pl/Microsoft.VisualStudio.Editor.Implementation.resources.dll' for ngen
[1a64:0017][2019-09-25T22:13:15] Processing file /pl/Microsoft.VisualStudio.Platform.VSEditor.resources.dll
[1a64:0017][2019-09-25T22:13:15] Started: Copying file /pl/Microsoft.VisualStudio.Platform.VSEditor.resources.dll to C:\Program Files (x86)\Microsoft Visual Studio\2019\BuildTools\Common7\IDE\CommonExtensions\Microsoft\Editor\pl\Microsoft.VisualStudio.Platform.VSEditor.resources.dll
[1a64:0017][2019-09-25T22:13:15] Completed: Copying file /pl/Microsoft.VisualStudio.Platform.VSEditor.resources.dll to C:\Program Files (x86)\Microsoft Visual Studio\2019\BuildTools\Common7\IDE\CommonExtensions\Microsoft\Editor\pl\Microsoft.VisualStudio.Platform.VSEditor.resources.dll
[1a64:0017][2019-09-25T22:13:15] Timestamp updated for file 'C:\Program Files (x86)\Microsoft Visual Studio\2019\BuildTools\Common7\IDE\CommonExtensions\Microsoft\Editor\pl\Microsoft.VisualStudio.Platform.VSEditor.resources.dll'.
[1a64:0017][2019-09-25T22:13:15] Queueing C:\Program Files (x86)\Microsoft Visual Studio\2019\BuildTools\Common7\IDE\CommonExtensions\Microsoft\Editor\pl\Microsoft.VisualStudio.Platform.VSEditor.resources.dll for X86 ngen
[1a64:0017][2019-09-25T22:13:15] Successfully queued file '/pl/Microsoft.VisualStudio.Platform.VSEditor.resources.dll' for ngen
[1a64:0017][2019-09-25T22:13:15] Processing file /pt-BR/Microsoft.VisualStudio.Diff.resources.dll
[1a64:0017][2019-09-25T22:13:15] Started: Copying file /pt-BR/Microsoft.VisualStudio.Diff.resources.dll to C:\Program Files (x86)\Microsoft Visual Studio\2019\BuildTools\Common7\IDE\CommonExtensions\Microsoft\Editor\pt-BR\Microsoft.VisualStudio.Diff.resources.dll
[1a64:0017][2019-09-25T22:13:15] Completed: Copying file /pt-BR/Microsoft.VisualStudio.Diff.resources.dll to C:\Program Files (x86)\Microsoft Visual Studio\2019\BuildTools\Common7\IDE\CommonExtensions\Microsoft\Editor\pt-BR\Microsoft.VisualStudio.Diff.resources.dll
[1a64:0017][2019-09-25T22:13:15] Timestamp updated for file 'C:\Program Files (x86)\Microsoft Visual Studio\2019\BuildTools\Common7\IDE\CommonExtensions\Microsoft\Editor\pt-BR\Microsoft.VisualStudio.Diff.resources.dll'.
[1a64:0017][2019-09-25T22:13:15] Queueing C:\Program Files (x86)\Microsoft Visual Studio\2019\BuildTools\Common7\IDE\CommonExtensions\Microsoft\Editor\pt-BR\Microsoft.VisualStudio.Diff.resources.dll for X86 ngen
[1a64:0017][2019-09-25T22:13:15] Successfully queued file '/pt-BR/Microsoft.VisualStudio.Diff.resources.dll' for ngen
[1a64:0017][2019-09-25T22:13:15] Processing file /pt-BR/Microsoft.VisualStudio.Editor.Implementation.resources.dll
[1a64:0017][2019-09-25T22:13:15] Started: Copying file /pt-BR/Microsoft.VisualStudio.Editor.Implementation.resources.dll to C:\Program Files (x86)\Microsoft Visual Studio\2019\BuildTools\Common7\IDE\CommonExtensions\Microsoft\Editor\pt-BR\Microsoft.VisualStudio.Editor.Implementation.resources.dll
[1a64:0017][2019-09-25T22:13:15] Completed: Copying file /pt-BR/Microsoft.VisualStudio.Editor.Implementation.resources.dll to C:\Program Files (x86)\Microsoft Visual Studio\2019\BuildTools\Common7\IDE\CommonExtensions\Microsoft\Editor\pt-BR\Microsoft.VisualStudio.Editor.Implementation.resources.dll
[1a64:0017][2019-09-25T22:13:15] Timestamp updated for file 'C:\Program Files (x86)\Microsoft Visual Studio\2019\BuildTools\Common7\IDE\CommonExtensions\Microsoft\Editor\pt-BR\Microsoft.VisualStudio.Editor.Implementation.resources.dll'.
[1a64:0017][2019-09-25T22:13:15] Queueing C:\Program Files (x86)\Microsoft Visual Studio\2019\BuildTools\Common7\IDE\CommonExtensions\Microsoft\Editor\pt-BR\Microsoft.VisualStudio.Editor.Implementation.resources.dll for X86 ngen
[1a64:0017][2019-09-25T22:13:15] Successfully queued file '/pt-BR/Microsoft.VisualStudio.Editor.Implementation.resources.dll' for ngen
[1a64:0017][2019-09-25T22:13:15] Processing file /pt-BR/Microsoft.VisualStudio.Platform.VSEditor.resources.dll
[1a64:0017][2019-09-25T22:13:15] Started: Copying file /pt-BR/Microsoft.VisualStudio.Platform.VSEditor.resources.dll to C:\Program Files (x86)\Microsoft Visual Studio\2019\BuildTools\Common7\IDE\CommonExtensions\Microsoft\Editor\pt-BR\Microsoft.VisualStudio.Platform.VSEditor.resources.dll
[1a64:0017][2019-09-25T22:13:15] Completed: Copying file /pt-BR/Microsoft.VisualStudio.Platform.VSEditor.resources.dll to C:\Program Files (x86)\Microsoft Visual Studio\2019\BuildTools\Common7\IDE\CommonExtensions\Microsoft\Editor\pt-BR\Microsoft.VisualStudio.Platform.VSEditor.resources.dll
[1a64:0017][2019-09-25T22:13:15] Timestamp updated for file 'C:\Program Files (x86)\Microsoft Visual Studio\2019\BuildTools\Common7\IDE\CommonExtensions\Microsoft\Editor\pt-BR\Microsoft.VisualStudio.Platform.VSEditor.resources.dll'.
[1a64:0017][2019-09-25T22:13:15] Queueing C:\Program Files (x86)\Microsoft Visual Studio\2019\BuildTools\Common7\IDE\CommonExtensions\Microsoft\Editor\pt-BR\Microsoft.VisualStudio.Platform.VSEditor.resources.dll for X86 ngen
[1a64:0017][2019-09-25T22:13:15] Successfully queued file '/pt-BR/Microsoft.VisualStudio.Platform.VSEditor.resources.dll' for ngen
[1a64:0017][2019-09-25T22:13:15] Processing file /ru/Microsoft.VisualStudio.Diff.resources.dll
[1a64:0017][2019-09-25T22:13:15] Started: Copying file /ru/Microsoft.VisualStudio.Diff.resources.dll to C:\Program Files (x86)\Microsoft Visual Studio\2019\BuildTools\Common7\IDE\CommonExtensions\Microsoft\Editor\ru\Microsoft.VisualStudio.Diff.resources.dll
[1a64:0017][2019-09-25T22:13:15] Completed: Copying file /ru/Microsoft.VisualStudio.Diff.resources.dll to C:\Program Files (x86)\Microsoft Visual Studio\2019\BuildTools\Common7\IDE\CommonExtensions\Microsoft\Editor\ru\Microsoft.VisualStudio.Diff.resources.dll
[1a64:0017][2019-09-25T22:13:15] Timestamp updated for file 'C:\Program Files (x86)\Microsoft Visual Studio\2019\BuildTools\Common7\IDE\CommonExtensions\Microsoft\Editor\ru\Microsoft.VisualStudio.Diff.resources.dll'.
[1a64:0017][2019-09-25T22:13:15] Queueing C:\Program Files (x86)\Microsoft Visual Studio\2019\BuildTools\Common7\IDE\CommonExtensions\Microsoft\Editor\ru\Microsoft.VisualStudio.Diff.resources.dll for X86 ngen
[1a64:0017][2019-09-25T22:13:15] Successfully queued file '/ru/Microsoft.VisualStudio.Diff.resources.dll' for ngen
[1a64:0017][2019-09-25T22:13:15] Processing file /ru/Microsoft.VisualStudio.Editor.Implementation.resources.dll
[1a64:0017][2019-09-25T22:13:15] Started: Copying file /ru/Microsoft.VisualStudio.Editor.Implementation.resources.dll to C:\Program Files (x86)\Microsoft Visual Studio\2019\BuildTools\Common7\IDE\CommonExtensions\Microsoft\Editor\ru\Microsoft.VisualStudio.Editor.Implementation.resources.dll
[1a64:0017][2019-09-25T22:13:15] Completed: Copying file /ru/Microsoft.VisualStudio.Editor.Implementation.resources.dll to C:\Program Files (x86)\Microsoft Visual Studio\2019\BuildTools\Common7\IDE\CommonExtensions\Microsoft\Editor\ru\Microsoft.VisualStudio.Editor.Implementation.resources.dll
[1a64:0017][2019-09-25T22:13:15] Timestamp updated for file 'C:\Program Files (x86)\Microsoft Visual Studio\2019\BuildTools\Common7\IDE\CommonExtensions\Microsoft\Editor\ru\Microsoft.VisualStudio.Editor.Implementation.resources.dll'.
[1a64:0017][2019-09-25T22:13:15] Queueing C:\Program Files (x86)\Microsoft Visual Studio\2019\BuildTools\Common7\IDE\CommonExtensions\Microsoft\Editor\ru\Microsoft.VisualStudio.Editor.Implementation.resources.dll for X86 ngen
[1a64:0017][2019-09-25T22:13:15] Successfully queued file '/ru/Microsoft.VisualStudio.Editor.Implementation.resources.dll' for ngen
[1a64:0017][2019-09-25T22:13:15] Processing file /ru/Microsoft.VisualStudio.Platform.VSEditor.resources.dll
[1a64:0017][2019-09-25T22:13:15] Started: Copying file /ru/Microsoft.VisualStudio.Platform.VSEditor.resources.dll to C:\Program Files (x86)\Microsoft Visual Studio\2019\BuildTools\Common7\IDE\CommonExtensions\Microsoft\Editor\ru\Microsoft.VisualStudio.Platform.VSEditor.resources.dll
[1a64:0017][2019-09-25T22:13:15] Completed: Copying file /ru/Microsoft.VisualStudio.Platform.VSEditor.resources.dll to C:\Program Files (x86)\Microsoft Visual Studio\2019\BuildTools\Common7\IDE\CommonExtensions\Microsoft\Editor\ru\Microsoft.VisualStudio.Platform.VSEditor.resources.dll
[1a64:0017][2019-09-25T22:13:15] Timestamp updated for file 'C:\Program Files (x86)\Microsoft Visual Studio\2019\BuildTools\Common7\IDE\CommonExtensions\Microsoft\Editor\ru\Microsoft.VisualStudio.Platform.VSEditor.resources.dll'.
[1a64:0017][2019-09-25T22:13:15] Queueing C:\Program Files (x86)\Microsoft Visual Studio\2019\BuildTools\Common7\IDE\CommonExtensions\Microsoft\Editor\ru\Microsoft.VisualStudio.Platform.VSEditor.resources.dll for X86 ngen
[1a64:0017][2019-09-25T22:13:15] Successfully queued file '/ru/Microsoft.VisualStudio.Platform.VSEditor.resources.dll' for ngen
[1a64:0017][2019-09-25T22:13:15] Processing file /ServiceHub/CodeLens.servicehub.service.json
[1a64:0017][2019-09-25T22:13:15] Started: Copying file /ServiceHub/CodeLens.servicehub.service.json to C:\Program Files (x86)\Microsoft Visual Studio\2019\BuildTools\Common7\IDE\CommonExtensions\Microsoft\Editor\ServiceHub\CodeLens.servicehub.service.json
[1a64:0017][2019-09-25T22:13:15] Completed: Copying file /ServiceHub/CodeLens.servicehub.service.json to C:\Program Files (x86)\Microsoft Visual Studio\2019\BuildTools\Common7\IDE\CommonExtensions\Microsoft\Editor\ServiceHub\CodeLens.servicehub.service.json
[1a64:0017][2019-09-25T22:13:15] Timestamp updated for file 'C:\Program Files (x86)\Microsoft Visual Studio\2019\BuildTools\Common7\IDE\CommonExtensions\Microsoft\Editor\ServiceHub\CodeLens.servicehub.service.json'.
[1a64:0017][2019-09-25T22:13:15] Processing file /ServiceHub/Microsoft.VisualStudio.CodeLens.Service.dll
[1a64:0017][2019-09-25T22:13:15] Started: Copying file /ServiceHub/Microsoft.VisualStudio.CodeLens.Service.dll to C:\Program Files (x86)\Microsoft Visual Studio\2019\BuildTools\Common7\IDE\CommonExtensions\Microsoft\Editor\ServiceHub\Microsoft.VisualStudio.CodeLens.Service.dll
[1a64:0017][2019-09-25T22:13:15] Completed: Copying file /ServiceHub/Microsoft.VisualStudio.CodeLens.Service.dll to C:\Program Files (x86)\Microsoft Visual Studio\2019\BuildTools\Common7\IDE\CommonExtensions\Microsoft\Editor\ServiceHub\Microsoft.VisualStudio.CodeLens.Service.dll
[1a64:0017][2019-09-25T22:13:15] Timestamp updated for file 'C:\Program Files (x86)\Microsoft Visual Studio\2019\BuildTools\Common7\IDE\CommonExtensions\Microsoft\Editor\ServiceHub\Microsoft.VisualStudio.CodeLens.Service.dll'.
[1a64:0017][2019-09-25T22:13:15] Queueing C:\Program Files (x86)\Microsoft Visual Studio\2019\BuildTools\Common7\IDE\CommonExtensions\Microsoft\Editor\ServiceHub\Microsoft.VisualStudio.CodeLens.Service.dll for X86 ngen
[1a64:0017][2019-09-25T22:13:15] Successfully queued file '/ServiceHub/Microsoft.VisualStudio.CodeLens.Service.dll' for ngen
[1a64:0017][2019-09-25T22:13:15] Processing file /tr/Microsoft.VisualStudio.Diff.resources.dll
[1a64:0017][2019-09-25T22:13:15] Started: Copying file /tr/Microsoft.VisualStudio.Diff.resources.dll to C:\Program Files (x86)\Microsoft Visual Studio\2019\BuildTools\Common7\IDE\CommonExtensions\Microsoft\Editor\tr\Microsoft.VisualStudio.Diff.resources.dll
[1a64:0017][2019-09-25T22:13:15] Completed: Copying file /tr/Microsoft.VisualStudio.Diff.resources.dll to C:\Program Files (x86)\Microsoft Visual Studio\2019\BuildTools\Common7\IDE\CommonExtensions\Microsoft\Editor\tr\Microsoft.VisualStudio.Diff.resources.dll
[1a64:0017][2019-09-25T22:13:15] Timestamp updated for file 'C:\Program Files (x86)\Microsoft Visual Studio\2019\BuildTools\Common7\IDE\CommonExtensions\Microsoft\Editor\tr\Microsoft.VisualStudio.Diff.resources.dll'.
[1a64:0017][2019-09-25T22:13:15] Queueing C:\Program Files (x86)\Microsoft Visual Studio\2019\BuildTools\Common7\IDE\CommonExtensions\Microsoft\Editor\tr\Microsoft.VisualStudio.Diff.resources.dll for X86 ngen
[1a64:0017][2019-09-25T22:13:15] Successfully queued file '/tr/Microsoft.VisualStudio.Diff.resources.dll' for ngen
[1a64:0017][2019-09-25T22:13:15] Processing file /tr/Microsoft.VisualStudio.Editor.Implementation.resources.dll
[1a64:0017][2019-09-25T22:13:15] Started: Copying file /tr/Microsoft.VisualStudio.Editor.Implementation.resources.dll to C:\Program Files (x86)\Microsoft Visual Studio\2019\BuildTools\Common7\IDE\CommonExtensions\Microsoft\Editor\tr\Microsoft.VisualStudio.Editor.Implementation.resources.dll
[1a64:0017][2019-09-25T22:13:15] Completed: Copying file /tr/Microsoft.VisualStudio.Editor.Implementation.resources.dll to C:\Program Files (x86)\Microsoft Visual Studio\2019\BuildTools\Common7\IDE\CommonExtensions\Microsoft\Editor\tr\Microsoft.VisualStudio.Editor.Implementation.resources.dll
[1a64:0017][2019-09-25T22:13:15] Timestamp updated for file 'C:\Program Files (x86)\Microsoft Visual Studio\2019\BuildTools\Common7\IDE\CommonExtensions\Microsoft\Editor\tr\Microsoft.VisualStudio.Editor.Implementation.resources.dll'.
[1a64:0017][2019-09-25T22:13:15] Queueing C:\Program Files (x86)\Microsoft Visual Studio\2019\BuildTools\Common7\IDE\CommonExtensions\Microsoft\Editor\tr\Microsoft.VisualStudio.Editor.Implementation.resources.dll for X86 ngen
[1a64:0017][2019-09-25T22:13:15] Successfully queued file '/tr/Microsoft.VisualStudio.Editor.Implementation.resources.dll' for ngen
[1a64:0017][2019-09-25T22:13:15] Processing file /tr/Microsoft.VisualStudio.Platform.VSEditor.resources.dll
[1a64:0017][2019-09-25T22:13:15] Started: Copying file /tr/Microsoft.VisualStudio.Platform.VSEditor.resources.dll to C:\Program Files (x86)\Microsoft Visual Studio\2019\BuildTools\Common7\IDE\CommonExtensions\Microsoft\Editor\tr\Microsoft.VisualStudio.Platform.VSEditor.resources.dll
[1a64:0017][2019-09-25T22:13:15] Completed: Copying file /tr/Microsoft.VisualStudio.Platform.VSEditor.resources.dll to C:\Program Files (x86)\Microsoft Visual Studio\2019\BuildTools\Common7\IDE\CommonExtensions\Microsoft\Editor\tr\Microsoft.VisualStudio.Platform.VSEditor.resources.dll
[1a64:0017][2019-09-25T22:13:15] Timestamp updated for file 'C:\Program Files (x86)\Microsoft Visual Studio\2019\BuildTools\Common7\IDE\CommonExtensions\Microsoft\Editor\tr\Microsoft.VisualStudio.Platform.VSEditor.resources.dll'.
[1a64:0017][2019-09-25T22:13:15] Queueing C:\Program Files (x86)\Microsoft Visual Studio\2019\BuildTools\Common7\IDE\CommonExtensions\Microsoft\Editor\tr\Microsoft.VisualStudio.Platform.VSEditor.resources.dll for X86 ngen
[1a64:0017][2019-09-25T22:13:15] Successfully queued file '/tr/Microsoft.VisualStudio.Platform.VSEditor.resources.dll' for ngen
[1a64:0017][2019-09-25T22:13:15] Processing file /zh-Hans/Microsoft.VisualStudio.Diff.resources.dll
[1a64:0017][2019-09-25T22:13:15] Started: Copying file /zh-Hans/Microsoft.VisualStudio.Diff.resources.dll to C:\Program Files (x86)\Microsoft Visual Studio\2019\BuildTools\Common7\IDE\CommonExtensions\Microsoft\Editor\zh-Hans\Microsoft.VisualStudio.Diff.resources.dll
[1a64:0017][2019-09-25T22:13:15] Completed: Copying file /zh-Hans/Microsoft.VisualStudio.Diff.resources.dll to C:\Program Files (x86)\Microsoft Visual Studio\2019\BuildTools\Common7\IDE\CommonExtensions\Microsoft\Editor\zh-Hans\Microsoft.VisualStudio.Diff.resources.dll
[1a64:0017][2019-09-25T22:13:15] Timestamp updated for file 'C:\Program Files (x86)\Microsoft Visual Studio\2019\BuildTools\Common7\IDE\CommonExtensions\Microsoft\Editor\zh-Hans\Microsoft.VisualStudio.Diff.resources.dll'.
[1a64:0017][2019-09-25T22:13:15] Queueing C:\Program Files (x86)\Microsoft Visual Studio\2019\BuildTools\Common7\IDE\CommonExtensions\Microsoft\Editor\zh-Hans\Microsoft.VisualStudio.Diff.resources.dll for X86 ngen
[1a64:0017][2019-09-25T22:13:15] Successfully queued file '/zh-Hans/Microsoft.VisualStudio.Diff.resources.dll' for ngen
[1a64:0017][2019-09-25T22:13:15] Processing file /zh-Hans/Microsoft.VisualStudio.Editor.Implementation.resources.dll
[1a64:0017][2019-09-25T22:13:15] Started: Copying file /zh-Hans/Microsoft.VisualStudio.Editor.Implementation.resources.dll to C:\Program Files (x86)\Microsoft Visual Studio\2019\BuildTools\Common7\IDE\CommonExtensions\Microsoft\Editor\zh-Hans\Microsoft.VisualStudio.Editor.Implementation.resources.dll
[1a64:0017][2019-09-25T22:13:15] Completed: Copying file /zh-Hans/Microsoft.VisualStudio.Editor.Implementation.resources.dll to C:\Program Files (x86)\Microsoft Visual Studio\2019\BuildTools\Common7\IDE\CommonExtensions\Microsoft\Editor\zh-Hans\Microsoft.VisualStudio.Editor.Implementation.resources.dll
[1a64:0017][2019-09-25T22:13:15] Timestamp updated for file 'C:\Program Files (x86)\Microsoft Visual Studio\2019\BuildTools\Common7\IDE\CommonExtensions\Microsoft\Editor\zh-Hans\Microsoft.VisualStudio.Editor.Implementation.resources.dll'.
[1a64:0017][2019-09-25T22:13:15] Queueing C:\Program Files (x86)\Microsoft Visual Studio\2019\BuildTools\Common7\IDE\CommonExtensions\Microsoft\Editor\zh-Hans\Microsoft.VisualStudio.Editor.Implementation.resources.dll for X86 ngen
[1a64:0017][2019-09-25T22:13:15] Successfully queued file '/zh-Hans/Microsoft.VisualStudio.Editor.Implementation.resources.dll' for ngen
[1a64:0017][2019-09-25T22:13:15] Processing file /zh-Hans/Microsoft.VisualStudio.Platform.VSEditor.resources.dll
[1a64:0017][2019-09-25T22:13:15] Started: Copying file /zh-Hans/Microsoft.VisualStudio.Platform.VSEditor.resources.dll to C:\Program Files (x86)\Microsoft Visual Studio\2019\BuildTools\Common7\IDE\CommonExtensions\Microsoft\Editor\zh-Hans\Microsoft.VisualStudio.Platform.VSEditor.resources.dll
[1a64:0017][2019-09-25T22:13:15] Completed: Copying file /zh-Hans/Microsoft.VisualStudio.Platform.VSEditor.resources.dll to C:\Program Files (x86)\Microsoft Visual Studio\2019\BuildTools\Common7\IDE\CommonExtensions\Microsoft\Editor\zh-Hans\Microsoft.VisualStudio.Platform.VSEditor.resources.dll
[1a64:0017][2019-09-25T22:13:15] Timestamp updated for file 'C:\Program Files (x86)\Microsoft Visual Studio\2019\BuildTools\Common7\IDE\CommonExtensions\Microsoft\Editor\zh-Hans\Microsoft.VisualStudio.Platform.VSEditor.resources.dll'.
[1a64:0017][2019-09-25T22:13:15] Queueing C:\Program Files (x86)\Microsoft Visual Studio\2019\BuildTools\Common7\IDE\CommonExtensions\Microsoft\Editor\zh-Hans\Microsoft.VisualStudio.Platform.VSEditor.resources.dll for X86 ngen
[1a64:0017][2019-09-25T22:13:15] Successfully queued file '/zh-Hans/Microsoft.VisualStudio.Platform.VSEditor.resources.dll' for ngen
[1a64:0017][2019-09-25T22:13:15] Processing file /zh-Hant/Microsoft.VisualStudio.Diff.resources.dll
[1a64:0017][2019-09-25T22:13:15] Started: Copying file /zh-Hant/Microsoft.VisualStudio.Diff.resources.dll to C:\Program Files (x86)\Microsoft Visual Studio\2019\BuildTools\Common7\IDE\CommonExtensions\Microsoft\Editor\zh-Hant\Microsoft.VisualStudio.Diff.resources.dll
[1a64:0017][2019-09-25T22:13:15] Completed: Copying file /zh-Hant/Microsoft.VisualStudio.Diff.resources.dll to C:\Program Files (x86)\Microsoft Visual Studio\2019\BuildTools\Common7\IDE\CommonExtensions\Microsoft\Editor\zh-Hant\Microsoft.VisualStudio.Diff.resources.dll
[1a64:0017][2019-09-25T22:13:15] Timestamp updated for file 'C:\Program Files (x86)\Microsoft Visual Studio\2019\BuildTools\Common7\IDE\CommonExtensions\Microsoft\Editor\zh-Hant\Microsoft.VisualStudio.Diff.resources.dll'.
[1a64:0017][2019-09-25T22:13:15] Queueing C:\Program Files (x86)\Microsoft Visual Studio\2019\BuildTools\Common7\IDE\CommonExtensions\Microsoft\Editor\zh-Hant\Microsoft.VisualStudio.Diff.resources.dll for X86 ngen
[1a64:0017][2019-09-25T22:13:15] Successfully queued file '/zh-Hant/Microsoft.VisualStudio.Diff.resources.dll' for ngen
[1a64:0017][2019-09-25T22:13:15] Processing file /zh-Hant/Microsoft.VisualStudio.Editor.Implementation.resources.dll
[1a64:0017][2019-09-25T22:13:15] Started: Copying file /zh-Hant/Microsoft.VisualStudio.Editor.Implementation.resources.dll to C:\Program Files (x86)\Microsoft Visual Studio\2019\BuildTools\Common7\IDE\CommonExtensions\Microsoft\Editor\zh-Hant\Microsoft.VisualStudio.Editor.Implementation.resources.dll
[1a64:0017][2019-09-25T22:13:15] Completed: Copying file /zh-Hant/Microsoft.VisualStudio.Editor.Implementation.resources.dll to C:\Program Files (x86)\Microsoft Visual Studio\2019\BuildTools\Common7\IDE\CommonExtensions\Microsoft\Editor\zh-Hant\Microsoft.VisualStudio.Editor.Implementation.resources.dll
[1a64:0017][2019-09-25T22:13:15] Timestamp updated for file 'C:\Program Files (x86)\Microsoft Visual Studio\2019\BuildTools\Common7\IDE\CommonExtensions\Microsoft\Editor\zh-Hant\Microsoft.VisualStudio.Editor.Implementation.resources.dll'.
[1a64:0017][2019-09-25T22:13:15] Queueing C:\Program Files (x86)\Microsoft Visual Studio\2019\BuildTools\Common7\IDE\CommonExtensions\Microsoft\Editor\zh-Hant\Microsoft.VisualStudio.Editor.Implementation.resources.dll for X86 ngen
[1a64:0017][2019-09-25T22:13:15] Successfully queued file '/zh-Hant/Microsoft.VisualStudio.Editor.Implementation.resources.dll' for ngen
[1a64:0017][2019-09-25T22:13:15] Processing file /zh-Hant/Microsoft.VisualStudio.Platform.VSEditor.resources.dll
[1a64:0017][2019-09-25T22:13:15] Started: Copying file /zh-Hant/Microsoft.VisualStudio.Platform.VSEditor.resources.dll to C:\Program Files (x86)\Microsoft Visual Studio\2019\BuildTools\Common7\IDE\CommonExtensions\Microsoft\Editor\zh-Hant\Microsoft.VisualStudio.Platform.VSEditor.resources.dll
[1a64:0017][2019-09-25T22:13:15] Completed: Copying file /zh-Hant/Microsoft.VisualStudio.Platform.VSEditor.resources.dll to C:\Program Files (x86)\Microsoft Visual Studio\2019\BuildTools\Common7\IDE\CommonExtensions\Microsoft\Editor\zh-Hant\Microsoft.VisualStudio.Platform.VSEditor.resources.dll
[1a64:0017][2019-09-25T22:13:15] Timestamp updated for file 'C:\Program Files (x86)\Microsoft Visual Studio\2019\BuildTools\Common7\IDE\CommonExtensions\Microsoft\Editor\zh-Hant\Microsoft.VisualStudio.Platform.VSEditor.resources.dll'.
[1a64:0017][2019-09-25T22:13:15] Queueing C:\Program Files (x86)\Microsoft Visual Studio\2019\BuildTools\Common7\IDE\CommonExtensions\Microsoft\Editor\zh-Hant\Microsoft.VisualStudio.Platform.VSEditor.resources.dll for X86 ngen
[1a64:0017][2019-09-25T22:13:15] Successfully queued file '/zh-Hant/Microsoft.VisualStudio.Platform.VSEditor.resources.dll' for ngen
[1a64:0017][2019-09-25T22:13:15] Processing file /extension.vsixmanifest
[1a64:0017][2019-09-25T22:13:15] Started: Copying file /extension.vsixmanifest to C:\Program Files (x86)\Microsoft Visual Studio\2019\BuildTools\Common7\IDE\CommonExtensions\Microsoft\Editor\extension.vsixmanifest
[1a64:0017][2019-09-25T22:13:15] Completed: Copying file /extension.vsixmanifest to C:\Program Files (x86)\Microsoft Visual Studio\2019\BuildTools\Common7\IDE\CommonExtensions\Microsoft\Editor\extension.vsixmanifest
[1a64:0017][2019-09-25T22:13:15] Timestamp updated for file 'C:\Program Files (x86)\Microsoft Visual Studio\2019\BuildTools\Common7\IDE\CommonExtensions\Microsoft\Editor\extension.vsixmanifest'.
[1a64:0017][2019-09-25T22:13:15] Package executed successfully. Return code: 0
