[1a64:0017][2019-09-25T22:13:27] Opening the package for processing
[1a64:0017][2019-09-25T22:13:27] Using package payload to get the embedded manifest
[1a64:0017][2019-09-25T22:13:27] Getting list of files within the package
[1a64:0017][2019-09-25T22:13:27] Processing file /catalog.json
[1a64:0017][2019-09-25T22:13:27] Started: Copying file /catalog.json to C:\Program Files (x86)\Microsoft Visual Studio\2019\BuildTools\Common7\IDE\CommonExtensions\Microsoft\NavigateTo\catalog.json
[1a64:0017][2019-09-25T22:13:27] Completed: Copying file /catalog.json to C:\Program Files (x86)\Microsoft Visual Studio\2019\BuildTools\Common7\IDE\CommonExtensions\Microsoft\NavigateTo\catalog.json
[1a64:0017][2019-09-25T22:13:27] Timestamp updated for file 'C:\Program Files (x86)\Microsoft Visual Studio\2019\BuildTools\Common7\IDE\CommonExtensions\Microsoft\NavigateTo\catalog.json'.
[1a64:0017][2019-09-25T22:13:27] Processing file /cs/Microsoft.VisualStudio.Language.NavigateTo.Implementation.resources.dll
[1a64:0017][2019-09-25T22:13:27] Started: Copying file /cs/Microsoft.VisualStudio.Language.NavigateTo.Implementation.resources.dll to C:\Program Files (x86)\Microsoft Visual Studio\2019\BuildTools\Common7\IDE\CommonExtensions\Microsoft\NavigateTo\cs\Microsoft.VisualStudio.Language.NavigateTo.Implementation.resources.dll
[1a64:0017][2019-09-25T22:13:27] Completed: Copying file /cs/Microsoft.VisualStudio.Language.NavigateTo.Implementation.resources.dll to C:\Program Files (x86)\Microsoft Visual Studio\2019\BuildTools\Common7\IDE\CommonExtensions\Microsoft\NavigateTo\cs\Microsoft.VisualStudio.Language.NavigateTo.Implementation.resources.dll
[1a64:0017][2019-09-25T22:13:27] Timestamp updated for file 'C:\Program Files (x86)\Microsoft Visual Studio\2019\BuildTools\Common7\IDE\CommonExtensions\Microsoft\NavigateTo\cs\Microsoft.VisualStudio.Language.NavigateTo.Implementation.resources.dll'.
[1a64:0017][2019-09-25T22:13:27] Processing file /de/Microsoft.VisualStudio.Language.NavigateTo.Implementation.resources.dll
[1a64:0017][2019-09-25T22:13:27] Started: Copying file /de/Microsoft.VisualStudio.Language.NavigateTo.Implementation.resources.dll to C:\Program Files (x86)\Microsoft Visual Studio\2019\BuildTools\Common7\IDE\CommonExtensions\Microsoft\NavigateTo\de\Microsoft.VisualStudio.Language.NavigateTo.Implementation.resources.dll
[1a64:0017][2019-09-25T22:13:27] Completed: Copying file /de/Microsoft.VisualStudio.Language.NavigateTo.Implementation.resources.dll to C:\Program Files (x86)\Microsoft Visual Studio\2019\BuildTools\Common7\IDE\CommonExtensions\Microsoft\NavigateTo\de\Microsoft.VisualStudio.Language.NavigateTo.Implementation.resources.dll
[1a64:0017][2019-09-25T22:13:27] Timestamp updated for file 'C:\Program Files (x86)\Microsoft Visual Studio\2019\BuildTools\Common7\IDE\CommonExtensions\Microsoft\NavigateTo\de\Microsoft.VisualStudio.Language.NavigateTo.Implementation.resources.dll'.
[1a64:0017][2019-09-25T22:13:27] Processing file /es/Microsoft.VisualStudio.Language.NavigateTo.Implementation.resources.dll
[1a64:0017][2019-09-25T22:13:27] Started: Copying file /es/Microsoft.VisualStudio.Language.NavigateTo.Implementation.resources.dll to C:\Program Files (x86)\Microsoft Visual Studio\2019\BuildTools\Common7\IDE\CommonExtensions\Microsoft\NavigateTo\es\Microsoft.VisualStudio.Language.NavigateTo.Implementation.resources.dll
[1a64:0017][2019-09-25T22:13:27] Completed: Copying file /es/Microsoft.VisualStudio.Language.NavigateTo.Implementation.resources.dll to C:\Program Files (x86)\Microsoft Visual Studio\2019\BuildTools\Common7\IDE\CommonExtensions\Microsoft\NavigateTo\es\Microsoft.VisualStudio.Language.NavigateTo.Implementation.resources.dll
[1a64:0017][2019-09-25T22:13:27] Timestamp updated for file 'C:\Program Files (x86)\Microsoft Visual Studio\2019\BuildTools\Common7\IDE\CommonExtensions\Microsoft\NavigateTo\es\Microsoft.VisualStudio.Language.NavigateTo.Implementation.resources.dll'.
[1a64:0017][2019-09-25T22:13:27] Processing file /fr/Microsoft.VisualStudio.Language.NavigateTo.Implementation.resources.dll
[1a64:0017][2019-09-25T22:13:27] Started: Copying file /fr/Microsoft.VisualStudio.Language.NavigateTo.Implementation.resources.dll to C:\Program Files (x86)\Microsoft Visual Studio\2019\BuildTools\Common7\IDE\CommonExtensions\Microsoft\NavigateTo\fr\Microsoft.VisualStudio.Language.NavigateTo.Implementation.resources.dll
[1a64:0017][2019-09-25T22:13:27] Completed: Copying file /fr/Microsoft.VisualStudio.Language.NavigateTo.Implementation.resources.dll to C:\Program Files (x86)\Microsoft Visual Studio\2019\BuildTools\Common7\IDE\CommonExtensions\Microsoft\NavigateTo\fr\Microsoft.VisualStudio.Language.NavigateTo.Implementation.resources.dll
[1a64:0017][2019-09-25T22:13:27] Timestamp updated for file 'C:\Program Files (x86)\Microsoft Visual Studio\2019\BuildTools\Common7\IDE\CommonExtensions\Microsoft\NavigateTo\fr\Microsoft.VisualStudio.Language.NavigateTo.Implementation.resources.dll'.
[1a64:0017][2019-09-25T22:13:27] Processing file /it/Microsoft.VisualStudio.Language.NavigateTo.Implementation.resources.dll
[1a64:0017][2019-09-25T22:13:27] Started: Copying file /it/Microsoft.VisualStudio.Language.NavigateTo.Implementation.resources.dll to C:\Program Files (x86)\Microsoft Visual Studio\2019\BuildTools\Common7\IDE\CommonExtensions\Microsoft\NavigateTo\it\Microsoft.VisualStudio.Language.NavigateTo.Implementation.resources.dll
[1a64:0017][2019-09-25T22:13:27] Completed: Copying file /it/Microsoft.VisualStudio.Language.NavigateTo.Implementation.resources.dll to C:\Program Files (x86)\Microsoft Visual Studio\2019\BuildTools\Common7\IDE\CommonExtensions\Microsoft\NavigateTo\it\Microsoft.VisualStudio.Language.NavigateTo.Implementation.resources.dll
[1a64:0017][2019-09-25T22:13:27] Timestamp updated for file 'C:\Program Files (x86)\Microsoft Visual Studio\2019\BuildTools\Common7\IDE\CommonExtensions\Microsoft\NavigateTo\it\Microsoft.VisualStudio.Language.NavigateTo.Implementation.resources.dll'.
[1a64:0017][2019-09-25T22:13:27] Processing file /ja/Microsoft.VisualStudio.Language.NavigateTo.Implementation.resources.dll
[1a64:0017][2019-09-25T22:13:27] Started: Copying file /ja/Microsoft.VisualStudio.Language.NavigateTo.Implementation.resources.dll to C:\Program Files (x86)\Microsoft Visual Studio\2019\BuildTools\Common7\IDE\CommonExtensions\Microsoft\NavigateTo\ja\Microsoft.VisualStudio.Language.NavigateTo.Implementation.resources.dll
[1a64:0017][2019-09-25T22:13:27] Completed: Copying file /ja/Microsoft.VisualStudio.Language.NavigateTo.Implementation.resources.dll to C:\Program Files (x86)\Microsoft Visual Studio\2019\BuildTools\Common7\IDE\CommonExtensions\Microsoft\NavigateTo\ja\Microsoft.VisualStudio.Language.NavigateTo.Implementation.resources.dll
[1a64:0017][2019-09-25T22:13:27] Timestamp updated for file 'C:\Program Files (x86)\Microsoft Visual Studio\2019\BuildTools\Common7\IDE\CommonExtensions\Microsoft\NavigateTo\ja\Microsoft.VisualStudio.Language.NavigateTo.Implementation.resources.dll'.
[1a64:0017][2019-09-25T22:13:27] Processing file /ko/Microsoft.VisualStudio.Language.NavigateTo.Implementation.resources.dll
[1a64:0017][2019-09-25T22:13:27] Started: Copying file /ko/Microsoft.VisualStudio.Language.NavigateTo.Implementation.resources.dll to C:\Program Files (x86)\Microsoft Visual Studio\2019\BuildTools\Common7\IDE\CommonExtensions\Microsoft\NavigateTo\ko\Microsoft.VisualStudio.Language.NavigateTo.Implementation.resources.dll
[1a64:0017][2019-09-25T22:13:27] Completed: Copying file /ko/Microsoft.VisualStudio.Language.NavigateTo.Implementation.resources.dll to C:\Program Files (x86)\Microsoft Visual Studio\2019\BuildTools\Common7\IDE\CommonExtensions\Microsoft\NavigateTo\ko\Microsoft.VisualStudio.Language.NavigateTo.Implementation.resources.dll
[1a64:0017][2019-09-25T22:13:27] Timestamp updated for file 'C:\Program Files (x86)\Microsoft Visual Studio\2019\BuildTools\Common7\IDE\CommonExtensions\Microsoft\NavigateTo\ko\Microsoft.VisualStudio.Language.NavigateTo.Implementation.resources.dll'.
[1a64:0017][2019-09-25T22:13:27] Processing file /manifest.json
[1a64:0017][2019-09-25T22:13:27] Started: Copying file /manifest.json to C:\Program Files (x86)\Microsoft Visual Studio\2019\BuildTools\Common7\IDE\CommonExtensions\Microsoft\NavigateTo\manifest.json
[1a64:0017][2019-09-25T22:13:27] Completed: Copying file /manifest.json to C:\Program Files (x86)\Microsoft Visual Studio\2019\BuildTools\Common7\IDE\CommonExtensions\Microsoft\NavigateTo\manifest.json
[1a64:0017][2019-09-25T22:13:27] Timestamp updated for file 'C:\Program Files (x86)\Microsoft Visual Studio\2019\BuildTools\Common7\IDE\CommonExtensions\Microsoft\NavigateTo\manifest.json'.
[1a64:0017][2019-09-25T22:13:27] Processing file /Microsoft.VisualStudio.Language.NavigateTo.Implementation.dll
[1a64:0017][2019-09-25T22:13:27] Started: Copying file /Microsoft.VisualStudio.Language.NavigateTo.Implementation.dll to C:\Program Files (x86)\Microsoft Visual Studio\2019\BuildTools\Common7\IDE\CommonExtensions\Microsoft\NavigateTo\Microsoft.VisualStudio.Language.NavigateTo.Implementation.dll
[1a64:0017][2019-09-25T22:13:27] Completed: Copying file /Microsoft.VisualStudio.Language.NavigateTo.Implementation.dll to C:\Program Files (x86)\Microsoft Visual Studio\2019\BuildTools\Common7\IDE\CommonExtensions\Microsoft\NavigateTo\Microsoft.VisualStudio.Language.NavigateTo.Implementation.dll
[1a64:0017][2019-09-25T22:13:27] Timestamp updated for file 'C:\Program Files (x86)\Microsoft Visual Studio\2019\BuildTools\Common7\IDE\CommonExtensions\Microsoft\NavigateTo\Microsoft.VisualStudio.Language.NavigateTo.Implementation.dll'.
[1a64:0017][2019-09-25T22:13:27] Processing file /Microsoft.VisualStudio.Language.NavigateTo.Interfaces.dll
[1a64:0017][2019-09-25T22:13:27] Started: Copying file /Microsoft.VisualStudio.Language.NavigateTo.Interfaces.dll to C:\Program Files (x86)\Microsoft Visual Studio\2019\BuildTools\Common7\IDE\CommonExtensions\Microsoft\NavigateTo\Microsoft.VisualStudio.Language.NavigateTo.Interfaces.dll
[1a64:0017][2019-09-25T22:13:27] Completed: Copying file /Microsoft.VisualStudio.Language.NavigateTo.Interfaces.dll to C:\Program Files (x86)\Microsoft Visual Studio\2019\BuildTools\Common7\IDE\CommonExtensions\Microsoft\NavigateTo\Microsoft.VisualStudio.Language.NavigateTo.Interfaces.dll
[1a64:0017][2019-09-25T22:13:27] Timestamp updated for file 'C:\Program Files (x86)\Microsoft Visual Studio\2019\BuildTools\Common7\IDE\CommonExtensions\Microsoft\NavigateTo\Microsoft.VisualStudio.Language.NavigateTo.Interfaces.dll'.
[1a64:0017][2019-09-25T22:13:27] Processing file /Microsoft.VisualStudio.Platform.NavigateTo.pkgdef
[1a64:0017][2019-09-25T22:13:27] Started: Copying file /Microsoft.VisualStudio.Platform.NavigateTo.pkgdef to C:\Program Files (x86)\Microsoft Visual Studio\2019\BuildTools\Common7\IDE\CommonExtensions\Microsoft\NavigateTo\Microsoft.VisualStudio.Platform.NavigateTo.pkgdef
[1a64:0017][2019-09-25T22:13:27] Completed: Copying file /Microsoft.VisualStudio.Platform.NavigateTo.pkgdef to C:\Program Files (x86)\Microsoft Visual Studio\2019\BuildTools\Common7\IDE\CommonExtensions\Microsoft\NavigateTo\Microsoft.VisualStudio.Platform.NavigateTo.pkgdef
[1a64:0017][2019-09-25T22:13:27] Timestamp updated for file 'C:\Program Files (x86)\Microsoft Visual Studio\2019\BuildTools\Common7\IDE\CommonExtensions\Microsoft\NavigateTo\Microsoft.VisualStudio.Platform.NavigateTo.pkgdef'.
[1a64:0017][2019-09-25T22:13:27] Processing file /pl/Microsoft.VisualStudio.Language.NavigateTo.Implementation.resources.dll
[1a64:0017][2019-09-25T22:13:27] Started: Copying file /pl/Microsoft.VisualStudio.Language.NavigateTo.Implementation.resources.dll to C:\Program Files (x86)\Microsoft Visual Studio\2019\BuildTools\Common7\IDE\CommonExtensions\Microsoft\NavigateTo\pl\Microsoft.VisualStudio.Language.NavigateTo.Implementation.resources.dll
[1a64:0017][2019-09-25T22:13:27] Completed: Copying file /pl/Microsoft.VisualStudio.Language.NavigateTo.Implementation.resources.dll to C:\Program Files (x86)\Microsoft Visual Studio\2019\BuildTools\Common7\IDE\CommonExtensions\Microsoft\NavigateTo\pl\Microsoft.VisualStudio.Language.NavigateTo.Implementation.resources.dll
[1a64:0017][2019-09-25T22:13:27] Timestamp updated for file 'C:\Program Files (x86)\Microsoft Visual Studio\2019\BuildTools\Common7\IDE\CommonExtensions\Microsoft\NavigateTo\pl\Microsoft.VisualStudio.Language.NavigateTo.Implementation.resources.dll'.
[1a64:0017][2019-09-25T22:13:27] Processing file /pt-BR/Microsoft.VisualStudio.Language.NavigateTo.Implementation.resources.dll
[1a64:0017][2019-09-25T22:13:27] Started: Copying file /pt-BR/Microsoft.VisualStudio.Language.NavigateTo.Implementation.resources.dll to C:\Program Files (x86)\Microsoft Visual Studio\2019\BuildTools\Common7\IDE\CommonExtensions\Microsoft\NavigateTo\pt-BR\Microsoft.VisualStudio.Language.NavigateTo.Implementation.resources.dll
[1a64:0017][2019-09-25T22:13:27] Completed: Copying file /pt-BR/Microsoft.VisualStudio.Language.NavigateTo.Implementation.resources.dll to C:\Program Files (x86)\Microsoft Visual Studio\2019\BuildTools\Common7\IDE\CommonExtensions\Microsoft\NavigateTo\pt-BR\Microsoft.VisualStudio.Language.NavigateTo.Implementation.resources.dll
[1a64:0017][2019-09-25T22:13:27] Timestamp updated for file 'C:\Program Files (x86)\Microsoft Visual Studio\2019\BuildTools\Common7\IDE\CommonExtensions\Microsoft\NavigateTo\pt-BR\Microsoft.VisualStudio.Language.NavigateTo.Implementation.resources.dll'.
[1a64:0017][2019-09-25T22:13:27] Processing file /ru/Microsoft.VisualStudio.Language.NavigateTo.Implementation.resources.dll
[1a64:0017][2019-09-25T22:13:27] Started: Copying file /ru/Microsoft.VisualStudio.Language.NavigateTo.Implementation.resources.dll to C:\Program Files (x86)\Microsoft Visual Studio\2019\BuildTools\Common7\IDE\CommonExtensions\Microsoft\NavigateTo\ru\Microsoft.VisualStudio.Language.NavigateTo.Implementation.resources.dll
[1a64:0017][2019-09-25T22:13:27] Completed: Copying file /ru/Microsoft.VisualStudio.Language.NavigateTo.Implementation.resources.dll to C:\Program Files (x86)\Microsoft Visual Studio\2019\BuildTools\Common7\IDE\CommonExtensions\Microsoft\NavigateTo\ru\Microsoft.VisualStudio.Language.NavigateTo.Implementation.resources.dll
[1a64:0017][2019-09-25T22:13:27] Timestamp updated for file 'C:\Program Files (x86)\Microsoft Visual Studio\2019\BuildTools\Common7\IDE\CommonExtensions\Microsoft\NavigateTo\ru\Microsoft.VisualStudio.Language.NavigateTo.Implementation.resources.dll'.
[1a64:0017][2019-09-25T22:13:27] Processing file /tr/Microsoft.VisualStudio.Language.NavigateTo.Implementation.resources.dll
[1a64:0017][2019-09-25T22:13:27] Started: Copying file /tr/Microsoft.VisualStudio.Language.NavigateTo.Implementation.resources.dll to C:\Program Files (x86)\Microsoft Visual Studio\2019\BuildTools\Common7\IDE\CommonExtensions\Microsoft\NavigateTo\tr\Microsoft.VisualStudio.Language.NavigateTo.Implementation.resources.dll
[1a64:0017][2019-09-25T22:13:27] Completed: Copying file /tr/Microsoft.VisualStudio.Language.NavigateTo.Implementation.resources.dll to C:\Program Files (x86)\Microsoft Visual Studio\2019\BuildTools\Common7\IDE\CommonExtensions\Microsoft\NavigateTo\tr\Microsoft.VisualStudio.Language.NavigateTo.Implementation.resources.dll
[1a64:0017][2019-09-25T22:13:27] Timestamp updated for file 'C:\Program Files (x86)\Microsoft Visual Studio\2019\BuildTools\Common7\IDE\CommonExtensions\Microsoft\NavigateTo\tr\Microsoft.VisualStudio.Language.NavigateTo.Implementation.resources.dll'.
[1a64:0017][2019-09-25T22:13:27] Processing file /zh-Hans/Microsoft.VisualStudio.Language.NavigateTo.Implementation.resources.dll
[1a64:0017][2019-09-25T22:13:27] Started: Copying file /zh-Hans/Microsoft.VisualStudio.Language.NavigateTo.Implementation.resources.dll to C:\Program Files (x86)\Microsoft Visual Studio\2019\BuildTools\Common7\IDE\CommonExtensions\Microsoft\NavigateTo\zh-Hans\Microsoft.VisualStudio.Language.NavigateTo.Implementation.resources.dll
[1a64:0017][2019-09-25T22:13:27] Completed: Copying file /zh-Hans/Microsoft.VisualStudio.Language.NavigateTo.Implementation.resources.dll to C:\Program Files (x86)\Microsoft Visual Studio\2019\BuildTools\Common7\IDE\CommonExtensions\Microsoft\NavigateTo\zh-Hans\Microsoft.VisualStudio.Language.NavigateTo.Implementation.resources.dll
[1a64:0017][2019-09-25T22:13:27] Timestamp updated for file 'C:\Program Files (x86)\Microsoft Visual Studio\2019\BuildTools\Common7\IDE\CommonExtensions\Microsoft\NavigateTo\zh-Hans\Microsoft.VisualStudio.Language.NavigateTo.Implementation.resources.dll'.
[1a64:0017][2019-09-25T22:13:27] Processing file /zh-Hant/Microsoft.VisualStudio.Language.NavigateTo.Implementation.resources.dll
[1a64:0017][2019-09-25T22:13:27] Started: Copying file /zh-Hant/Microsoft.VisualStudio.Language.NavigateTo.Implementation.resources.dll to C:\Program Files (x86)\Microsoft Visual Studio\2019\BuildTools\Common7\IDE\CommonExtensions\Microsoft\NavigateTo\zh-Hant\Microsoft.VisualStudio.Language.NavigateTo.Implementation.resources.dll
[1a64:0017][2019-09-25T22:13:27] Completed: Copying file /zh-Hant/Microsoft.VisualStudio.Language.NavigateTo.Implementation.resources.dll to C:\Program Files (x86)\Microsoft Visual Studio\2019\BuildTools\Common7\IDE\CommonExtensions\Microsoft\NavigateTo\zh-Hant\Microsoft.VisualStudio.Language.NavigateTo.Implementation.resources.dll
[1a64:0017][2019-09-25T22:13:27] Timestamp updated for file 'C:\Program Files (x86)\Microsoft Visual Studio\2019\BuildTools\Common7\IDE\CommonExtensions\Microsoft\NavigateTo\zh-Hant\Microsoft.VisualStudio.Language.NavigateTo.Implementation.resources.dll'.
[1a64:0017][2019-09-25T22:13:27] Processing file /extension.vsixmanifest
[1a64:0017][2019-09-25T22:13:27] Started: Copying file /extension.vsixmanifest to C:\Program Files (x86)\Microsoft Visual Studio\2019\BuildTools\Common7\IDE\CommonExtensions\Microsoft\NavigateTo\extension.vsixmanifest
[1a64:0017][2019-09-25T22:13:27] Completed: Copying file /extension.vsixmanifest to C:\Program Files (x86)\Microsoft Visual Studio\2019\BuildTools\Common7\IDE\CommonExtensions\Microsoft\NavigateTo\extension.vsixmanifest
[1a64:0017][2019-09-25T22:13:27] Timestamp updated for file 'C:\Program Files (x86)\Microsoft Visual Studio\2019\BuildTools\Common7\IDE\CommonExtensions\Microsoft\NavigateTo\extension.vsixmanifest'.
[1a64:0017][2019-09-25T22:13:27] Package executed successfully. Return code: 0
