[1a64:0017][2019-09-25T22:11:29] Opening the package for processing
[1a64:0017][2019-09-25T22:11:29] Using package payload to get the embedded manifest
[1a64:0017][2019-09-25T22:11:29] Getting list of files within the package
[1a64:0017][2019-09-25T22:11:29] Processing file /Contents/DIA%20SDK/bin/amd64/msdia140.dll
[1a64:0017][2019-09-25T22:11:29] Started: Copying file /Contents/DIA%20SDK/bin/amd64/msdia140.dll to C:\Program Files (x86)\Microsoft Visual Studio\2019\BuildTools\DIA SDK\bin\amd64\msdia140.dll
[1a64:0017][2019-09-25T22:11:29] Completed: Copying file /Contents/DIA%20SDK/bin/amd64/msdia140.dll to C:\Program Files (x86)\Microsoft Visual Studio\2019\BuildTools\DIA SDK\bin\amd64\msdia140.dll
[1a64:0017][2019-09-25T22:11:29] Timestamp updated for file 'C:\Program Files (x86)\Microsoft Visual Studio\2019\BuildTools\DIA SDK\bin\amd64\msdia140.dll'.
[1a64:0017][2019-09-25T22:11:29] Processing file /Contents/DIA%20SDK/bin/arm/msdia140.dll
[1a64:0017][2019-09-25T22:11:29] Started: Copying file /Contents/DIA%20SDK/bin/arm/msdia140.dll to C:\Program Files (x86)\Microsoft Visual Studio\2019\BuildTools\DIA SDK\bin\arm\msdia140.dll
[1a64:0017][2019-09-25T22:11:29] Completed: Copying file /Contents/DIA%20SDK/bin/arm/msdia140.dll to C:\Program Files (x86)\Microsoft Visual Studio\2019\BuildTools\DIA SDK\bin\arm\msdia140.dll
[1a64:0017][2019-09-25T22:11:29] Timestamp updated for file 'C:\Program Files (x86)\Microsoft Visual Studio\2019\BuildTools\DIA SDK\bin\arm\msdia140.dll'.
[1a64:0017][2019-09-25T22:11:29] Processing file /Contents/DIA%20SDK/bin/arm64/msdia140.dll
[1a64:0017][2019-09-25T22:11:29] Started: Copying file /Contents/DIA%20SDK/bin/arm64/msdia140.dll to C:\Program Files (x86)\Microsoft Visual Studio\2019\BuildTools\DIA SDK\bin\arm64\msdia140.dll
[1a64:0017][2019-09-25T22:11:29] Completed: Copying file /Contents/DIA%20SDK/bin/arm64/msdia140.dll to C:\Program Files (x86)\Microsoft Visual Studio\2019\BuildTools\DIA SDK\bin\arm64\msdia140.dll
[1a64:0017][2019-09-25T22:11:29] Timestamp updated for file 'C:\Program Files (x86)\Microsoft Visual Studio\2019\BuildTools\DIA SDK\bin\arm64\msdia140.dll'.
[1a64:0017][2019-09-25T22:11:29] Processing file /Contents/DIA%20SDK/bin/msdia140.dll
[1a64:0017][2019-09-25T22:11:29] Started: Copying file /Contents/DIA%20SDK/bin/msdia140.dll to C:\Program Files (x86)\Microsoft Visual Studio\2019\BuildTools\DIA SDK\bin\msdia140.dll
[1a64:0017][2019-09-25T22:11:29] Completed: Copying file /Contents/DIA%20SDK/bin/msdia140.dll to C:\Program Files (x86)\Microsoft Visual Studio\2019\BuildTools\DIA SDK\bin\msdia140.dll
[1a64:0017][2019-09-25T22:11:29] Timestamp updated for file 'C:\Program Files (x86)\Microsoft Visual Studio\2019\BuildTools\DIA SDK\bin\msdia140.dll'.
[1a64:0017][2019-09-25T22:11:29] Processing file /Contents/DIA%20SDK/idl/dia2.idl
[1a64:0017][2019-09-25T22:11:29] Started: Copying file /Contents/DIA%20SDK/idl/dia2.idl to C:\Program Files (x86)\Microsoft Visual Studio\2019\BuildTools\DIA SDK\idl\dia2.idl
[1a64:0017][2019-09-25T22:11:29] Completed: Copying file /Contents/DIA%20SDK/idl/dia2.idl to C:\Program Files (x86)\Microsoft Visual Studio\2019\BuildTools\DIA SDK\idl\dia2.idl
[1a64:0017][2019-09-25T22:11:29] Timestamp updated for file 'C:\Program Files (x86)\Microsoft Visual Studio\2019\BuildTools\DIA SDK\idl\dia2.idl'.
[1a64:0017][2019-09-25T22:11:29] Processing file /Contents/DIA%20SDK/include/cvconst.h
[1a64:0017][2019-09-25T22:11:29] Started: Copying file /Contents/DIA%20SDK/include/cvconst.h to C:\Program Files (x86)\Microsoft Visual Studio\2019\BuildTools\DIA SDK\include\cvconst.h
[1a64:0017][2019-09-25T22:11:29] Completed: Copying file /Contents/DIA%20SDK/include/cvconst.h to C:\Program Files (x86)\Microsoft Visual Studio\2019\BuildTools\DIA SDK\include\cvconst.h
[1a64:0017][2019-09-25T22:11:29] Timestamp updated for file 'C:\Program Files (x86)\Microsoft Visual Studio\2019\BuildTools\DIA SDK\include\cvconst.h'.
[1a64:0017][2019-09-25T22:11:29] Processing file /Contents/DIA%20SDK/include/dia2.h
[1a64:0017][2019-09-25T22:11:29] Started: Copying file /Contents/DIA%20SDK/include/dia2.h to C:\Program Files (x86)\Microsoft Visual Studio\2019\BuildTools\DIA SDK\include\dia2.h
[1a64:0017][2019-09-25T22:11:29] Completed: Copying file /Contents/DIA%20SDK/include/dia2.h to C:\Program Files (x86)\Microsoft Visual Studio\2019\BuildTools\DIA SDK\include\dia2.h
[1a64:0017][2019-09-25T22:11:29] Timestamp updated for file 'C:\Program Files (x86)\Microsoft Visual Studio\2019\BuildTools\DIA SDK\include\dia2.h'.
[1a64:0017][2019-09-25T22:11:29] Processing file /Contents/DIA%20SDK/include/diacreate.h
[1a64:0017][2019-09-25T22:11:29] Started: Copying file /Contents/DIA%20SDK/include/diacreate.h to C:\Program Files (x86)\Microsoft Visual Studio\2019\BuildTools\DIA SDK\include\diacreate.h
[1a64:0017][2019-09-25T22:11:29] Completed: Copying file /Contents/DIA%20SDK/include/diacreate.h to C:\Program Files (x86)\Microsoft Visual Studio\2019\BuildTools\DIA SDK\include\diacreate.h
[1a64:0017][2019-09-25T22:11:29] Timestamp updated for file 'C:\Program Files (x86)\Microsoft Visual Studio\2019\BuildTools\DIA SDK\include\diacreate.h'.
[1a64:0017][2019-09-25T22:11:29] Processing file /Contents/DIA%20SDK/lib/amd64/diaguids.lib
[1a64:0017][2019-09-25T22:11:29] Started: Copying file /Contents/DIA%20SDK/lib/amd64/diaguids.lib to C:\Program Files (x86)\Microsoft Visual Studio\2019\BuildTools\DIA SDK\lib\amd64\diaguids.lib
[1a64:0017][2019-09-25T22:11:29] Completed: Copying file /Contents/DIA%20SDK/lib/amd64/diaguids.lib to C:\Program Files (x86)\Microsoft Visual Studio\2019\BuildTools\DIA SDK\lib\amd64\diaguids.lib
[1a64:0017][2019-09-25T22:11:29] Timestamp updated for file 'C:\Program Files (x86)\Microsoft Visual Studio\2019\BuildTools\DIA SDK\lib\amd64\diaguids.lib'.
[1a64:0017][2019-09-25T22:11:29] Processing file /Contents/DIA%20SDK/lib/arm/diaguids.lib
[1a64:0017][2019-09-25T22:11:29] Started: Copying file /Contents/DIA%20SDK/lib/arm/diaguids.lib to C:\Program Files (x86)\Microsoft Visual Studio\2019\BuildTools\DIA SDK\lib\arm\diaguids.lib
[1a64:0017][2019-09-25T22:11:29] Completed: Copying file /Contents/DIA%20SDK/lib/arm/diaguids.lib to C:\Program Files (x86)\Microsoft Visual Studio\2019\BuildTools\DIA SDK\lib\arm\diaguids.lib
[1a64:0017][2019-09-25T22:11:29] Timestamp updated for file 'C:\Program Files (x86)\Microsoft Visual Studio\2019\BuildTools\DIA SDK\lib\arm\diaguids.lib'.
[1a64:0017][2019-09-25T22:11:29] Processing file /Contents/DIA%20SDK/lib/arm64/diaguids.lib
[1a64:0017][2019-09-25T22:11:29] Started: Copying file /Contents/DIA%20SDK/lib/arm64/diaguids.lib to C:\Program Files (x86)\Microsoft Visual Studio\2019\BuildTools\DIA SDK\lib\arm64\diaguids.lib
[1a64:0017][2019-09-25T22:11:29] Completed: Copying file /Contents/DIA%20SDK/lib/arm64/diaguids.lib to C:\Program Files (x86)\Microsoft Visual Studio\2019\BuildTools\DIA SDK\lib\arm64\diaguids.lib
[1a64:0017][2019-09-25T22:11:29] Timestamp updated for file 'C:\Program Files (x86)\Microsoft Visual Studio\2019\BuildTools\DIA SDK\lib\arm64\diaguids.lib'.
[1a64:0017][2019-09-25T22:11:29] Processing file /Contents/DIA%20SDK/lib/diaguids.lib
[1a64:0017][2019-09-25T22:11:29] Started: Copying file /Contents/DIA%20SDK/lib/diaguids.lib to C:\Program Files (x86)\Microsoft Visual Studio\2019\BuildTools\DIA SDK\lib\diaguids.lib
[1a64:0017][2019-09-25T22:11:29] Completed: Copying file /Contents/DIA%20SDK/lib/diaguids.lib to C:\Program Files (x86)\Microsoft Visual Studio\2019\BuildTools\DIA SDK\lib\diaguids.lib
[1a64:0017][2019-09-25T22:11:29] Timestamp updated for file 'C:\Program Files (x86)\Microsoft Visual Studio\2019\BuildTools\DIA SDK\lib\diaguids.lib'.
[1a64:0017][2019-09-25T22:11:29] Processing file /Contents/DIA%20SDK/Samples/DIA2Dump/Callback.h
[1a64:0017][2019-09-25T22:11:29] Started: Copying file /Contents/DIA%20SDK/Samples/DIA2Dump/Callback.h to C:\Program Files (x86)\Microsoft Visual Studio\2019\BuildTools\DIA SDK\Samples\DIA2Dump\Callback.h
[1a64:0017][2019-09-25T22:11:29] Completed: Copying file /Contents/DIA%20SDK/Samples/DIA2Dump/Callback.h to C:\Program Files (x86)\Microsoft Visual Studio\2019\BuildTools\DIA SDK\Samples\DIA2Dump\Callback.h
[1a64:0017][2019-09-25T22:11:29] Timestamp updated for file 'C:\Program Files (x86)\Microsoft Visual Studio\2019\BuildTools\DIA SDK\Samples\DIA2Dump\Callback.h'.
[1a64:0017][2019-09-25T22:11:29] Processing file /Contents/DIA%20SDK/Samples/DIA2Dump/DIA2Dump.cpp
[1a64:0017][2019-09-25T22:11:29] Started: Copying file /Contents/DIA%20SDK/Samples/DIA2Dump/DIA2Dump.cpp to C:\Program Files (x86)\Microsoft Visual Studio\2019\BuildTools\DIA SDK\Samples\DIA2Dump\DIA2Dump.cpp
[1a64:0017][2019-09-25T22:11:29] Completed: Copying file /Contents/DIA%20SDK/Samples/DIA2Dump/DIA2Dump.cpp to C:\Program Files (x86)\Microsoft Visual Studio\2019\BuildTools\DIA SDK\Samples\DIA2Dump\DIA2Dump.cpp
[1a64:0017][2019-09-25T22:11:29] Timestamp updated for file 'C:\Program Files (x86)\Microsoft Visual Studio\2019\BuildTools\DIA SDK\Samples\DIA2Dump\DIA2Dump.cpp'.
[1a64:0017][2019-09-25T22:11:29] Processing file /Contents/DIA%20SDK/Samples/DIA2Dump/DIA2Dump.h
[1a64:0017][2019-09-25T22:11:29] Started: Copying file /Contents/DIA%20SDK/Samples/DIA2Dump/DIA2Dump.h to C:\Program Files (x86)\Microsoft Visual Studio\2019\BuildTools\DIA SDK\Samples\DIA2Dump\DIA2Dump.h
[1a64:0017][2019-09-25T22:11:29] Completed: Copying file /Contents/DIA%20SDK/Samples/DIA2Dump/DIA2Dump.h to C:\Program Files (x86)\Microsoft Visual Studio\2019\BuildTools\DIA SDK\Samples\DIA2Dump\DIA2Dump.h
[1a64:0017][2019-09-25T22:11:29] Timestamp updated for file 'C:\Program Files (x86)\Microsoft Visual Studio\2019\BuildTools\DIA SDK\Samples\DIA2Dump\DIA2Dump.h'.
[1a64:0017][2019-09-25T22:11:29] Processing file /Contents/DIA%20SDK/Samples/DIA2Dump/DIA2Dump.sln
[1a64:0017][2019-09-25T22:11:29] Started: Copying file /Contents/DIA%20SDK/Samples/DIA2Dump/DIA2Dump.sln to C:\Program Files (x86)\Microsoft Visual Studio\2019\BuildTools\DIA SDK\Samples\DIA2Dump\DIA2Dump.sln
[1a64:0017][2019-09-25T22:11:29] Completed: Copying file /Contents/DIA%20SDK/Samples/DIA2Dump/DIA2Dump.sln to C:\Program Files (x86)\Microsoft Visual Studio\2019\BuildTools\DIA SDK\Samples\DIA2Dump\DIA2Dump.sln
[1a64:0017][2019-09-25T22:11:29] Timestamp updated for file 'C:\Program Files (x86)\Microsoft Visual Studio\2019\BuildTools\DIA SDK\Samples\DIA2Dump\DIA2Dump.sln'.
[1a64:0017][2019-09-25T22:11:29] Processing file /Contents/DIA%20SDK/Samples/DIA2Dump/DIA2Dump.vcxproj
[1a64:0017][2019-09-25T22:11:29] Started: Copying file /Contents/DIA%20SDK/Samples/DIA2Dump/DIA2Dump.vcxproj to C:\Program Files (x86)\Microsoft Visual Studio\2019\BuildTools\DIA SDK\Samples\DIA2Dump\DIA2Dump.vcxproj
[1a64:0017][2019-09-25T22:11:29] Completed: Copying file /Contents/DIA%20SDK/Samples/DIA2Dump/DIA2Dump.vcxproj to C:\Program Files (x86)\Microsoft Visual Studio\2019\BuildTools\DIA SDK\Samples\DIA2Dump\DIA2Dump.vcxproj
[1a64:0017][2019-09-25T22:11:29] Timestamp updated for file 'C:\Program Files (x86)\Microsoft Visual Studio\2019\BuildTools\DIA SDK\Samples\DIA2Dump\DIA2Dump.vcxproj'.
[1a64:0017][2019-09-25T22:11:29] Processing file /Contents/DIA%20SDK/Samples/DIA2Dump/DIA2Dump.vcxproj.filters
[1a64:0017][2019-09-25T22:11:29] Started: Copying file /Contents/DIA%20SDK/Samples/DIA2Dump/DIA2Dump.vcxproj.filters to C:\Program Files (x86)\Microsoft Visual Studio\2019\BuildTools\DIA SDK\Samples\DIA2Dump\DIA2Dump.vcxproj.filters
[1a64:0017][2019-09-25T22:11:29] Completed: Copying file /Contents/DIA%20SDK/Samples/DIA2Dump/DIA2Dump.vcxproj.filters to C:\Program Files (x86)\Microsoft Visual Studio\2019\BuildTools\DIA SDK\Samples\DIA2Dump\DIA2Dump.vcxproj.filters
[1a64:0017][2019-09-25T22:11:29] Timestamp updated for file 'C:\Program Files (x86)\Microsoft Visual Studio\2019\BuildTools\DIA SDK\Samples\DIA2Dump\DIA2Dump.vcxproj.filters'.
[1a64:0017][2019-09-25T22:11:29] Processing file /Contents/DIA%20SDK/Samples/DIA2Dump/makefile
[1a64:0017][2019-09-25T22:11:29] Started: Copying file /Contents/DIA%20SDK/Samples/DIA2Dump/makefile to C:\Program Files (x86)\Microsoft Visual Studio\2019\BuildTools\DIA SDK\Samples\DIA2Dump\makefile
[1a64:0017][2019-09-25T22:11:29] Completed: Copying file /Contents/DIA%20SDK/Samples/DIA2Dump/makefile to C:\Program Files (x86)\Microsoft Visual Studio\2019\BuildTools\DIA SDK\Samples\DIA2Dump\makefile
[1a64:0017][2019-09-25T22:11:29] Timestamp updated for file 'C:\Program Files (x86)\Microsoft Visual Studio\2019\BuildTools\DIA SDK\Samples\DIA2Dump\makefile'.
[1a64:0017][2019-09-25T22:11:29] Processing file /Contents/DIA%20SDK/Samples/DIA2Dump/PrintSymbol.cpp
[1a64:0017][2019-09-25T22:11:29] Started: Copying file /Contents/DIA%20SDK/Samples/DIA2Dump/PrintSymbol.cpp to C:\Program Files (x86)\Microsoft Visual Studio\2019\BuildTools\DIA SDK\Samples\DIA2Dump\PrintSymbol.cpp
[1a64:0017][2019-09-25T22:11:29] Completed: Copying file /Contents/DIA%20SDK/Samples/DIA2Dump/PrintSymbol.cpp to C:\Program Files (x86)\Microsoft Visual Studio\2019\BuildTools\DIA SDK\Samples\DIA2Dump\PrintSymbol.cpp
[1a64:0017][2019-09-25T22:11:29] Timestamp updated for file 'C:\Program Files (x86)\Microsoft Visual Studio\2019\BuildTools\DIA SDK\Samples\DIA2Dump\PrintSymbol.cpp'.
[1a64:0017][2019-09-25T22:11:29] Processing file /Contents/DIA%20SDK/Samples/DIA2Dump/PrintSymbol.h
[1a64:0017][2019-09-25T22:11:29] Started: Copying file /Contents/DIA%20SDK/Samples/DIA2Dump/PrintSymbol.h to C:\Program Files (x86)\Microsoft Visual Studio\2019\BuildTools\DIA SDK\Samples\DIA2Dump\PrintSymbol.h
[1a64:0017][2019-09-25T22:11:29] Completed: Copying file /Contents/DIA%20SDK/Samples/DIA2Dump/PrintSymbol.h to C:\Program Files (x86)\Microsoft Visual Studio\2019\BuildTools\DIA SDK\Samples\DIA2Dump\PrintSymbol.h
[1a64:0017][2019-09-25T22:11:29] Timestamp updated for file 'C:\Program Files (x86)\Microsoft Visual Studio\2019\BuildTools\DIA SDK\Samples\DIA2Dump\PrintSymbol.h'.
[1a64:0017][2019-09-25T22:11:29] Processing file /Contents/DIA%20SDK/Samples/DIA2Dump/Readme.txt
[1a64:0017][2019-09-25T22:11:29] Started: Copying file /Contents/DIA%20SDK/Samples/DIA2Dump/Readme.txt to C:\Program Files (x86)\Microsoft Visual Studio\2019\BuildTools\DIA SDK\Samples\DIA2Dump\Readme.txt
[1a64:0017][2019-09-25T22:11:29] Completed: Copying file /Contents/DIA%20SDK/Samples/DIA2Dump/Readme.txt to C:\Program Files (x86)\Microsoft Visual Studio\2019\BuildTools\DIA SDK\Samples\DIA2Dump\Readme.txt
[1a64:0017][2019-09-25T22:11:29] Timestamp updated for file 'C:\Program Files (x86)\Microsoft Visual Studio\2019\BuildTools\DIA SDK\Samples\DIA2Dump\Readme.txt'.
[1a64:0017][2019-09-25T22:11:29] Processing file /Contents/DIA%20SDK/Samples/DIA2Dump/regs.cpp
[1a64:0017][2019-09-25T22:11:29] Started: Copying file /Contents/DIA%20SDK/Samples/DIA2Dump/regs.cpp to C:\Program Files (x86)\Microsoft Visual Studio\2019\BuildTools\DIA SDK\Samples\DIA2Dump\regs.cpp
[1a64:0017][2019-09-25T22:11:29] Completed: Copying file /Contents/DIA%20SDK/Samples/DIA2Dump/regs.cpp to C:\Program Files (x86)\Microsoft Visual Studio\2019\BuildTools\DIA SDK\Samples\DIA2Dump\regs.cpp
[1a64:0017][2019-09-25T22:11:29] Timestamp updated for file 'C:\Program Files (x86)\Microsoft Visual Studio\2019\BuildTools\DIA SDK\Samples\DIA2Dump\regs.cpp'.
[1a64:0017][2019-09-25T22:11:29] Processing file /Contents/DIA%20SDK/Samples/DIA2Dump/regs.h
[1a64:0017][2019-09-25T22:11:29] Started: Copying file /Contents/DIA%20SDK/Samples/DIA2Dump/regs.h to C:\Program Files (x86)\Microsoft Visual Studio\2019\BuildTools\DIA SDK\Samples\DIA2Dump\regs.h
[1a64:0017][2019-09-25T22:11:29] Completed: Copying file /Contents/DIA%20SDK/Samples/DIA2Dump/regs.h to C:\Program Files (x86)\Microsoft Visual Studio\2019\BuildTools\DIA SDK\Samples\DIA2Dump\regs.h
[1a64:0017][2019-09-25T22:11:29] Timestamp updated for file 'C:\Program Files (x86)\Microsoft Visual Studio\2019\BuildTools\DIA SDK\Samples\DIA2Dump\regs.h'.
[1a64:0017][2019-09-25T22:11:29] Processing file /Contents/DIA%20SDK/Samples/DIA2Dump/stdafx.cpp
[1a64:0017][2019-09-25T22:11:29] Started: Copying file /Contents/DIA%20SDK/Samples/DIA2Dump/stdafx.cpp to C:\Program Files (x86)\Microsoft Visual Studio\2019\BuildTools\DIA SDK\Samples\DIA2Dump\stdafx.cpp
[1a64:0017][2019-09-25T22:11:29] Completed: Copying file /Contents/DIA%20SDK/Samples/DIA2Dump/stdafx.cpp to C:\Program Files (x86)\Microsoft Visual Studio\2019\BuildTools\DIA SDK\Samples\DIA2Dump\stdafx.cpp
[1a64:0017][2019-09-25T22:11:29] Timestamp updated for file 'C:\Program Files (x86)\Microsoft Visual Studio\2019\BuildTools\DIA SDK\Samples\DIA2Dump\stdafx.cpp'.
[1a64:0017][2019-09-25T22:11:29] Processing file /Contents/DIA%20SDK/Samples/DIA2Dump/stdafx.h
[1a64:0017][2019-09-25T22:11:29] Started: Copying file /Contents/DIA%20SDK/Samples/DIA2Dump/stdafx.h to C:\Program Files (x86)\Microsoft Visual Studio\2019\BuildTools\DIA SDK\Samples\DIA2Dump\stdafx.h
[1a64:0017][2019-09-25T22:11:29] Completed: Copying file /Contents/DIA%20SDK/Samples/DIA2Dump/stdafx.h to C:\Program Files (x86)\Microsoft Visual Studio\2019\BuildTools\DIA SDK\Samples\DIA2Dump\stdafx.h
[1a64:0017][2019-09-25T22:11:29] Timestamp updated for file 'C:\Program Files (x86)\Microsoft Visual Studio\2019\BuildTools\DIA SDK\Samples\DIA2Dump\stdafx.h'.
[1a64:0017][2019-09-25T22:11:29] Package executed successfully. Return code: 0
