[1a64:0017][2019-09-25T22:13:18] Opening the package for processing
[1a64:0017][2019-09-25T22:13:18] Using package payload to get the embedded manifest
[1a64:0017][2019-09-25T22:13:18] Getting list of files within the package
[1a64:0017][2019-09-25T22:13:18] Processing file /Contents/Common7/IDE/CommonExtensions/Platform/Debugger/crashdump.ico
[1a64:0017][2019-09-25T22:13:18] Started: Copying file /Contents/Common7/IDE/CommonExtensions/Platform/Debugger/crashdump.ico to C:\Program Files (x86)\Microsoft Visual Studio\2019\BuildTools\Common7\IDE\CommonExtensions\Platform\Debugger\crashdump.ico
[1a64:0017][2019-09-25T22:13:18] Completed: Copying file /Contents/Common7/IDE/CommonExtensions/Platform/Debugger/crashdump.ico to C:\Program Files (x86)\Microsoft Visual Studio\2019\BuildTools\Common7\IDE\CommonExtensions\Platform\Debugger\crashdump.ico
[1a64:0017][2019-09-25T22:13:18] Timestamp updated for file 'C:\Program Files (x86)\Microsoft Visual Studio\2019\BuildTools\Common7\IDE\CommonExtensions\Platform\Debugger\crashdump.ico'.
[1a64:0017][2019-09-25T22:13:18] Processing file /Contents/Common7/IDE/CommonExtensions/Platform/Debugger/ENCMgr.pkgdef
[1a64:0017][2019-09-25T22:13:18] Started: Copying file /Contents/Common7/IDE/CommonExtensions/Platform/Debugger/ENCMgr.pkgdef to C:\Program Files (x86)\Microsoft Visual Studio\2019\BuildTools\Common7\IDE\CommonExtensions\Platform\Debugger\ENCMgr.pkgdef
[1a64:0017][2019-09-25T22:13:18] Completed: Copying file /Contents/Common7/IDE/CommonExtensions/Platform/Debugger/ENCMgr.pkgdef to C:\Program Files (x86)\Microsoft Visual Studio\2019\BuildTools\Common7\IDE\CommonExtensions\Platform\Debugger\ENCMgr.pkgdef
[1a64:0017][2019-09-25T22:13:18] Timestamp updated for file 'C:\Program Files (x86)\Microsoft Visual Studio\2019\BuildTools\Common7\IDE\CommonExtensions\Platform\Debugger\ENCMgr.pkgdef'.
[1a64:0017][2019-09-25T22:13:18] Processing file /Contents/Common7/IDE/CommonExtensions/Platform/Debugger/Microsoft.VisualStudio.Debugger.UI.Interfaces.dll
[1a64:0017][2019-09-25T22:13:18] Started: Copying file /Contents/Common7/IDE/CommonExtensions/Platform/Debugger/Microsoft.VisualStudio.Debugger.UI.Interfaces.dll to C:\Program Files (x86)\Microsoft Visual Studio\2019\BuildTools\Common7\IDE\CommonExtensions\Platform\Debugger\Microsoft.VisualStudio.Debugger.UI.Interfaces.dll
[1a64:0017][2019-09-25T22:13:18] Completed: Copying file /Contents/Common7/IDE/CommonExtensions/Platform/Debugger/Microsoft.VisualStudio.Debugger.UI.Interfaces.dll to C:\Program Files (x86)\Microsoft Visual Studio\2019\BuildTools\Common7\IDE\CommonExtensions\Platform\Debugger\Microsoft.VisualStudio.Debugger.UI.Interfaces.dll
[1a64:0017][2019-09-25T22:13:18] Timestamp updated for file 'C:\Program Files (x86)\Microsoft Visual Studio\2019\BuildTools\Common7\IDE\CommonExtensions\Platform\Debugger\Microsoft.VisualStudio.Debugger.UI.Interfaces.dll'.
[1a64:0017][2019-09-25T22:13:18] Processing file /Contents/Common7/IDE/CommonExtensions/Platform/Debugger/OpenFolderSchema.json
[1a64:0017][2019-09-25T22:13:18] Started: Copying file /Contents/Common7/IDE/CommonExtensions/Platform/Debugger/OpenFolderSchema.json to C:\Program Files (x86)\Microsoft Visual Studio\2019\BuildTools\Common7\IDE\CommonExtensions\Platform\Debugger\OpenFolderSchema.json
[1a64:0017][2019-09-25T22:13:18] Completed: Copying file /Contents/Common7/IDE/CommonExtensions/Platform/Debugger/OpenFolderSchema.json to C:\Program Files (x86)\Microsoft Visual Studio\2019\BuildTools\Common7\IDE\CommonExtensions\Platform\Debugger\OpenFolderSchema.json
[1a64:0017][2019-09-25T22:13:18] Timestamp updated for file 'C:\Program Files (x86)\Microsoft Visual Studio\2019\BuildTools\Common7\IDE\CommonExtensions\Platform\Debugger\OpenFolderSchema.json'.
[1a64:0017][2019-09-25T22:13:18] Processing file /Contents/Common7/IDE/CommonExtensions/Platform/Debugger/SymbolLocator.pkgdef
[1a64:0017][2019-09-25T22:13:18] Started: Copying file /Contents/Common7/IDE/CommonExtensions/Platform/Debugger/SymbolLocator.pkgdef to C:\Program Files (x86)\Microsoft Visual Studio\2019\BuildTools\Common7\IDE\CommonExtensions\Platform\Debugger\SymbolLocator.pkgdef
[1a64:0017][2019-09-25T22:13:18] Completed: Copying file /Contents/Common7/IDE/CommonExtensions/Platform/Debugger/SymbolLocator.pkgdef to C:\Program Files (x86)\Microsoft Visual Studio\2019\BuildTools\Common7\IDE\CommonExtensions\Platform\Debugger\SymbolLocator.pkgdef
[1a64:0017][2019-09-25T22:13:18] Timestamp updated for file 'C:\Program Files (x86)\Microsoft Visual Studio\2019\BuildTools\Common7\IDE\CommonExtensions\Platform\Debugger\SymbolLocator.pkgdef'.
[1a64:0017][2019-09-25T22:13:18] Processing file /Contents/Common7/IDE/CommonExtensions/Platform/Debugger/vsdebug.imagemanifest
[1a64:0017][2019-09-25T22:13:18] Started: Copying file /Contents/Common7/IDE/CommonExtensions/Platform/Debugger/vsdebug.imagemanifest to C:\Program Files (x86)\Microsoft Visual Studio\2019\BuildTools\Common7\IDE\CommonExtensions\Platform\Debugger\vsdebug.imagemanifest
[1a64:0017][2019-09-25T22:13:18] Completed: Copying file /Contents/Common7/IDE/CommonExtensions/Platform/Debugger/vsdebug.imagemanifest to C:\Program Files (x86)\Microsoft Visual Studio\2019\BuildTools\Common7\IDE\CommonExtensions\Platform\Debugger\vsdebug.imagemanifest
[1a64:0017][2019-09-25T22:13:18] Timestamp updated for file 'C:\Program Files (x86)\Microsoft Visual Studio\2019\BuildTools\Common7\IDE\CommonExtensions\Platform\Debugger\vsdebug.imagemanifest'.
[1a64:0017][2019-09-25T22:13:18] Processing file /Contents/Common7/IDE/CommonExtensions/Platform/Debugger/VSDebug.pkgdef
[1a64:0017][2019-09-25T22:13:18] Started: Copying file /Contents/Common7/IDE/CommonExtensions/Platform/Debugger/VSDebug.pkgdef to C:\Program Files (x86)\Microsoft Visual Studio\2019\BuildTools\Common7\IDE\CommonExtensions\Platform\Debugger\VSDebug.pkgdef
[1a64:0017][2019-09-25T22:13:18] Completed: Copying file /Contents/Common7/IDE/CommonExtensions/Platform/Debugger/VSDebug.pkgdef to C:\Program Files (x86)\Microsoft Visual Studio\2019\BuildTools\Common7\IDE\CommonExtensions\Platform\Debugger\VSDebug.pkgdef
[1a64:0017][2019-09-25T22:13:18] Timestamp updated for file 'C:\Program Files (x86)\Microsoft Visual Studio\2019\BuildTools\Common7\IDE\CommonExtensions\Platform\Debugger\VSDebug.pkgdef'.
[1a64:0017][2019-09-25T22:13:18] Processing file /Contents/Common7/IDE/CommonExtensions/Platform/Debugger/VsDebugConsole.exe
[1a64:0017][2019-09-25T22:13:18] Started: Copying file /Contents/Common7/IDE/CommonExtensions/Platform/Debugger/VsDebugConsole.exe to C:\Program Files (x86)\Microsoft Visual Studio\2019\BuildTools\Common7\IDE\CommonExtensions\Platform\Debugger\VsDebugConsole.exe
[1a64:0017][2019-09-25T22:13:18] Completed: Copying file /Contents/Common7/IDE/CommonExtensions/Platform/Debugger/VsDebugConsole.exe to C:\Program Files (x86)\Microsoft Visual Studio\2019\BuildTools\Common7\IDE\CommonExtensions\Platform\Debugger\VsDebugConsole.exe
[1a64:0017][2019-09-25T22:13:18] Timestamp updated for file 'C:\Program Files (x86)\Microsoft Visual Studio\2019\BuildTools\Common7\IDE\CommonExtensions\Platform\Debugger\VsDebugConsole.exe'.
[1a64:0017][2019-09-25T22:13:18] Processing file /Contents/Common7/IDE/CommonExtensions/Platform/Debugger/VsDebugConsole.pkgdef
[1a64:0017][2019-09-25T22:13:18] Started: Copying file /Contents/Common7/IDE/CommonExtensions/Platform/Debugger/VsDebugConsole.pkgdef to C:\Program Files (x86)\Microsoft Visual Studio\2019\BuildTools\Common7\IDE\CommonExtensions\Platform\Debugger\VsDebugConsole.pkgdef
[1a64:0017][2019-09-25T22:13:18] Completed: Copying file /Contents/Common7/IDE/CommonExtensions/Platform/Debugger/VsDebugConsole.pkgdef to C:\Program Files (x86)\Microsoft Visual Studio\2019\BuildTools\Common7\IDE\CommonExtensions\Platform\Debugger\VsDebugConsole.pkgdef
[1a64:0017][2019-09-25T22:13:18] Timestamp updated for file 'C:\Program Files (x86)\Microsoft Visual Studio\2019\BuildTools\Common7\IDE\CommonExtensions\Platform\Debugger\VsDebugConsole.pkgdef'.
[1a64:0017][2019-09-25T22:13:18] Processing file /Contents/Common7/IDE/CommonExtensions/Platform/Debugger/VsDebugCoreUI.dll
[1a64:0017][2019-09-25T22:13:18] Started: Copying file /Contents/Common7/IDE/CommonExtensions/Platform/Debugger/VsDebugCoreUI.dll to C:\Program Files (x86)\Microsoft Visual Studio\2019\BuildTools\Common7\IDE\CommonExtensions\Platform\Debugger\VsDebugCoreUI.dll
[1a64:0017][2019-09-25T22:13:18] Completed: Copying file /Contents/Common7/IDE/CommonExtensions/Platform/Debugger/VsDebugCoreUI.dll to C:\Program Files (x86)\Microsoft Visual Studio\2019\BuildTools\Common7\IDE\CommonExtensions\Platform\Debugger\VsDebugCoreUI.dll
[1a64:0017][2019-09-25T22:13:18] Timestamp updated for file 'C:\Program Files (x86)\Microsoft Visual Studio\2019\BuildTools\Common7\IDE\CommonExtensions\Platform\Debugger\VsDebugCoreUI.dll'.
[1a64:0017][2019-09-25T22:13:18] Queueing C:\Program Files (x86)\Microsoft Visual Studio\2019\BuildTools\Common7\IDE\CommonExtensions\Platform\Debugger\VsDebugCoreUI.dll for X86 ngen
[1a64:0017][2019-09-25T22:13:18] Successfully queued file '/Contents/Common7/IDE/CommonExtensions/Platform/Debugger/VsDebugCoreUI.dll' for ngen
[1a64:0017][2019-09-25T22:13:18] Processing file /Contents/Common7/IDE/CommonExtensions/Platform/Debugger/VsDebugCoreUI.pkgdef
[1a64:0017][2019-09-25T22:13:18] Started: Copying file /Contents/Common7/IDE/CommonExtensions/Platform/Debugger/VsDebugCoreUI.pkgdef to C:\Program Files (x86)\Microsoft Visual Studio\2019\BuildTools\Common7\IDE\CommonExtensions\Platform\Debugger\VsDebugCoreUI.pkgdef
[1a64:0017][2019-09-25T22:13:18] Completed: Copying file /Contents/Common7/IDE/CommonExtensions/Platform/Debugger/VsDebugCoreUI.pkgdef to C:\Program Files (x86)\Microsoft Visual Studio\2019\BuildTools\Common7\IDE\CommonExtensions\Platform\Debugger\VsDebugCoreUI.pkgdef
[1a64:0017][2019-09-25T22:13:18] Timestamp updated for file 'C:\Program Files (x86)\Microsoft Visual Studio\2019\BuildTools\Common7\IDE\CommonExtensions\Platform\Debugger\VsDebugCoreUI.pkgdef'.
[1a64:0017][2019-09-25T22:13:18] Processing file /Contents/Common7/IDE/CommonExtensions/Platform/Debugger/VsDebugPresentationPackage.dll
[1a64:0017][2019-09-25T22:13:18] Started: Copying file /Contents/Common7/IDE/CommonExtensions/Platform/Debugger/VsDebugPresentationPackage.dll to C:\Program Files (x86)\Microsoft Visual Studio\2019\BuildTools\Common7\IDE\CommonExtensions\Platform\Debugger\VsDebugPresentationPackage.dll
[1a64:0017][2019-09-25T22:13:18] Completed: Copying file /Contents/Common7/IDE/CommonExtensions/Platform/Debugger/VsDebugPresentationPackage.dll to C:\Program Files (x86)\Microsoft Visual Studio\2019\BuildTools\Common7\IDE\CommonExtensions\Platform\Debugger\VsDebugPresentationPackage.dll
[1a64:0017][2019-09-25T22:13:18] Timestamp updated for file 'C:\Program Files (x86)\Microsoft Visual Studio\2019\BuildTools\Common7\IDE\CommonExtensions\Platform\Debugger\VsDebugPresentationPackage.dll'.
[1a64:0017][2019-09-25T22:13:18] Queueing C:\Program Files (x86)\Microsoft Visual Studio\2019\BuildTools\Common7\IDE\CommonExtensions\Platform\Debugger\VsDebugPresentationPackage.dll for X86 ngen
[1a64:0017][2019-09-25T22:13:18] Successfully queued file '/Contents/Common7/IDE/CommonExtensions/Platform/Debugger/VsDebugPresentationPackage.dll' for ngen
[1a64:0017][2019-09-25T22:13:18] Processing file /Contents/Common7/IDE/CommonExtensions/Platform/Debugger/VsDebugPresentationPackage.imagemanifest
[1a64:0017][2019-09-25T22:13:18] Started: Copying file /Contents/Common7/IDE/CommonExtensions/Platform/Debugger/VsDebugPresentationPackage.imagemanifest to C:\Program Files (x86)\Microsoft Visual Studio\2019\BuildTools\Common7\IDE\CommonExtensions\Platform\Debugger\VsDebugPresentationPackage.imagemanifest
[1a64:0017][2019-09-25T22:13:18] Completed: Copying file /Contents/Common7/IDE/CommonExtensions/Platform/Debugger/VsDebugPresentationPackage.imagemanifest to C:\Program Files (x86)\Microsoft Visual Studio\2019\BuildTools\Common7\IDE\CommonExtensions\Platform\Debugger\VsDebugPresentationPackage.imagemanifest
[1a64:0017][2019-09-25T22:13:18] Timestamp updated for file 'C:\Program Files (x86)\Microsoft Visual Studio\2019\BuildTools\Common7\IDE\CommonExtensions\Platform\Debugger\VsDebugPresentationPackage.imagemanifest'.
[1a64:0017][2019-09-25T22:13:18] Processing file /Contents/Common7/IDE/CommonExtensions/Platform/Debugger/VsDebugPresentationPackage.pkgdef
[1a64:0017][2019-09-25T22:13:18] Started: Copying file /Contents/Common7/IDE/CommonExtensions/Platform/Debugger/VsDebugPresentationPackage.pkgdef to C:\Program Files (x86)\Microsoft Visual Studio\2019\BuildTools\Common7\IDE\CommonExtensions\Platform\Debugger\VsDebugPresentationPackage.pkgdef
[1a64:0017][2019-09-25T22:13:18] Completed: Copying file /Contents/Common7/IDE/CommonExtensions/Platform/Debugger/VsDebugPresentationPackage.pkgdef to C:\Program Files (x86)\Microsoft Visual Studio\2019\BuildTools\Common7\IDE\CommonExtensions\Platform\Debugger\VsDebugPresentationPackage.pkgdef
[1a64:0017][2019-09-25T22:13:18] Timestamp updated for file 'C:\Program Files (x86)\Microsoft Visual Studio\2019\BuildTools\Common7\IDE\CommonExtensions\Platform\Debugger\VsDebugPresentationPackage.pkgdef'.
[1a64:0017][2019-09-25T22:13:18] Processing file /Contents/Common7/IDE/CommonExtensions/Platform/Debugger/WebViews/BptDiagnosticCommon/Icons/add_row.png
[1a64:0017][2019-09-25T22:13:18] Started: Copying file /Contents/Common7/IDE/CommonExtensions/Platform/Debugger/WebViews/BptDiagnosticCommon/Icons/add_row.png to C:\Program Files (x86)\Microsoft Visual Studio\2019\BuildTools\Common7\IDE\CommonExtensions\Platform\Debugger\WebViews\BptDiagnosticCommon\Icons\add_row.png
[1a64:0017][2019-09-25T22:13:18] Completed: Copying file /Contents/Common7/IDE/CommonExtensions/Platform/Debugger/WebViews/BptDiagnosticCommon/Icons/add_row.png to C:\Program Files (x86)\Microsoft Visual Studio\2019\BuildTools\Common7\IDE\CommonExtensions\Platform\Debugger\WebViews\BptDiagnosticCommon\Icons\add_row.png
[1a64:0017][2019-09-25T22:13:18] Timestamp updated for file 'C:\Program Files (x86)\Microsoft Visual Studio\2019\BuildTools\Common7\IDE\CommonExtensions\Platform\Debugger\WebViews\BptDiagnosticCommon\Icons\add_row.png'.
[1a64:0017][2019-09-25T22:13:18] Processing file /Contents/Common7/IDE/CommonExtensions/Platform/Debugger/WebViews/BptDiagnosticCommon/Icons/columnmove.png
[1a64:0017][2019-09-25T22:13:18] Started: Copying file /Contents/Common7/IDE/CommonExtensions/Platform/Debugger/WebViews/BptDiagnosticCommon/Icons/columnmove.png to C:\Program Files (x86)\Microsoft Visual Studio\2019\BuildTools\Common7\IDE\CommonExtensions\Platform\Debugger\WebViews\BptDiagnosticCommon\Icons\columnmove.png
[1a64:0017][2019-09-25T22:13:18] Completed: Copying file /Contents/Common7/IDE/CommonExtensions/Platform/Debugger/WebViews/BptDiagnosticCommon/Icons/columnmove.png to C:\Program Files (x86)\Microsoft Visual Studio\2019\BuildTools\Common7\IDE\CommonExtensions\Platform\Debugger\WebViews\BptDiagnosticCommon\Icons\columnmove.png
[1a64:0017][2019-09-25T22:13:18] Timestamp updated for file 'C:\Program Files (x86)\Microsoft Visual Studio\2019\BuildTools\Common7\IDE\CommonExtensions\Platform\Debugger\WebViews\BptDiagnosticCommon\Icons\columnmove.png'.
[1a64:0017][2019-09-25T22:13:18] Processing file /Contents/Common7/IDE/CommonExtensions/Platform/Debugger/WebViews/BptDiagnosticCommon/Icons/common-icons.png
[1a64:0017][2019-09-25T22:13:18] Started: Copying file /Contents/Common7/IDE/CommonExtensions/Platform/Debugger/WebViews/BptDiagnosticCommon/Icons/common-icons.png to C:\Program Files (x86)\Microsoft Visual Studio\2019\BuildTools\Common7\IDE\CommonExtensions\Platform\Debugger\WebViews\BptDiagnosticCommon\Icons\common-icons.png
[1a64:0017][2019-09-25T22:13:18] Completed: Copying file /Contents/Common7/IDE/CommonExtensions/Platform/Debugger/WebViews/BptDiagnosticCommon/Icons/common-icons.png to C:\Program Files (x86)\Microsoft Visual Studio\2019\BuildTools\Common7\IDE\CommonExtensions\Platform\Debugger\WebViews\BptDiagnosticCommon\Icons\common-icons.png
[1a64:0017][2019-09-25T22:13:18] Timestamp updated for file 'C:\Program Files (x86)\Microsoft Visual Studio\2019\BuildTools\Common7\IDE\CommonExtensions\Platform\Debugger\WebViews\BptDiagnosticCommon\Icons\common-icons.png'.
[1a64:0017][2019-09-25T22:13:18] Processing file /Contents/Common7/IDE/CommonExtensions/Platform/Debugger/WebViews/BptDiagnosticCommon/Icons/copy.png
[1a64:0017][2019-09-25T22:13:18] Started: Copying file /Contents/Common7/IDE/CommonExtensions/Platform/Debugger/WebViews/BptDiagnosticCommon/Icons/copy.png to C:\Program Files (x86)\Microsoft Visual Studio\2019\BuildTools\Common7\IDE\CommonExtensions\Platform\Debugger\WebViews\BptDiagnosticCommon\Icons\copy.png
[1a64:0017][2019-09-25T22:13:18] Completed: Copying file /Contents/Common7/IDE/CommonExtensions/Platform/Debugger/WebViews/BptDiagnosticCommon/Icons/copy.png to C:\Program Files (x86)\Microsoft Visual Studio\2019\BuildTools\Common7\IDE\CommonExtensions\Platform\Debugger\WebViews\BptDiagnosticCommon\Icons\copy.png
[1a64:0017][2019-09-25T22:13:18] Timestamp updated for file 'C:\Program Files (x86)\Microsoft Visual Studio\2019\BuildTools\Common7\IDE\CommonExtensions\Platform\Debugger\WebViews\BptDiagnosticCommon\Icons\copy.png'.
[1a64:0017][2019-09-25T22:13:18] Processing file /Contents/Common7/IDE/CommonExtensions/Platform/Debugger/WebViews/BptDiagnosticCommon/Icons/itemCollapsedIcon.png
[1a64:0017][2019-09-25T22:13:18] Started: Copying file /Contents/Common7/IDE/CommonExtensions/Platform/Debugger/WebViews/BptDiagnosticCommon/Icons/itemCollapsedIcon.png to C:\Program Files (x86)\Microsoft Visual Studio\2019\BuildTools\Common7\IDE\CommonExtensions\Platform\Debugger\WebViews\BptDiagnosticCommon\Icons\itemCollapsedIcon.png
[1a64:0017][2019-09-25T22:13:18] Completed: Copying file /Contents/Common7/IDE/CommonExtensions/Platform/Debugger/WebViews/BptDiagnosticCommon/Icons/itemCollapsedIcon.png to C:\Program Files (x86)\Microsoft Visual Studio\2019\BuildTools\Common7\IDE\CommonExtensions\Platform\Debugger\WebViews\BptDiagnosticCommon\Icons\itemCollapsedIcon.png
[1a64:0017][2019-09-25T22:13:18] Timestamp updated for file 'C:\Program Files (x86)\Microsoft Visual Studio\2019\BuildTools\Common7\IDE\CommonExtensions\Platform\Debugger\WebViews\BptDiagnosticCommon\Icons\itemCollapsedIcon.png'.
[1a64:0017][2019-09-25T22:13:18] Processing file /Contents/Common7/IDE/CommonExtensions/Platform/Debugger/WebViews/BptDiagnosticCommon/Icons/itemExpandedIcon.png
[1a64:0017][2019-09-25T22:13:18] Started: Copying file /Contents/Common7/IDE/CommonExtensions/Platform/Debugger/WebViews/BptDiagnosticCommon/Icons/itemExpandedIcon.png to C:\Program Files (x86)\Microsoft Visual Studio\2019\BuildTools\Common7\IDE\CommonExtensions\Platform\Debugger\WebViews\BptDiagnosticCommon\Icons\itemExpandedIcon.png
[1a64:0017][2019-09-25T22:13:18] Completed: Copying file /Contents/Common7/IDE/CommonExtensions/Platform/Debugger/WebViews/BptDiagnosticCommon/Icons/itemExpandedIcon.png to C:\Program Files (x86)\Microsoft Visual Studio\2019\BuildTools\Common7\IDE\CommonExtensions\Platform\Debugger\WebViews\BptDiagnosticCommon\Icons\itemExpandedIcon.png
[1a64:0017][2019-09-25T22:13:18] Timestamp updated for file 'C:\Program Files (x86)\Microsoft Visual Studio\2019\BuildTools\Common7\IDE\CommonExtensions\Platform\Debugger\WebViews\BptDiagnosticCommon\Icons\itemExpandedIcon.png'.
[1a64:0017][2019-09-25T22:13:18] Processing file /Contents/Common7/IDE/CommonExtensions/Platform/Debugger/WebViews/BptDiagnosticCommon/Icons/misc-icons.png
[1a64:0017][2019-09-25T22:13:18] Started: Copying file /Contents/Common7/IDE/CommonExtensions/Platform/Debugger/WebViews/BptDiagnosticCommon/Icons/misc-icons.png to C:\Program Files (x86)\Microsoft Visual Studio\2019\BuildTools\Common7\IDE\CommonExtensions\Platform\Debugger\WebViews\BptDiagnosticCommon\Icons\misc-icons.png
[1a64:0017][2019-09-25T22:13:18] Completed: Copying file /Contents/Common7/IDE/CommonExtensions/Platform/Debugger/WebViews/BptDiagnosticCommon/Icons/misc-icons.png to C:\Program Files (x86)\Microsoft Visual Studio\2019\BuildTools\Common7\IDE\CommonExtensions\Platform\Debugger\WebViews\BptDiagnosticCommon\Icons\misc-icons.png
[1a64:0017][2019-09-25T22:13:18] Timestamp updated for file 'C:\Program Files (x86)\Microsoft Visual Studio\2019\BuildTools\Common7\IDE\CommonExtensions\Platform\Debugger\WebViews\BptDiagnosticCommon\Icons\misc-icons.png'.
[1a64:0017][2019-09-25T22:13:18] Processing file /Contents/Common7/IDE/CommonExtensions/Platform/Debugger/WebViews/BptDiagnosticCommon/Icons/tree-icons.png
[1a64:0017][2019-09-25T22:13:18] Started: Copying file /Contents/Common7/IDE/CommonExtensions/Platform/Debugger/WebViews/BptDiagnosticCommon/Icons/tree-icons.png to C:\Program Files (x86)\Microsoft Visual Studio\2019\BuildTools\Common7\IDE\CommonExtensions\Platform\Debugger\WebViews\BptDiagnosticCommon\Icons\tree-icons.png
[1a64:0017][2019-09-25T22:13:18] Completed: Copying file /Contents/Common7/IDE/CommonExtensions/Platform/Debugger/WebViews/BptDiagnosticCommon/Icons/tree-icons.png to C:\Program Files (x86)\Microsoft Visual Studio\2019\BuildTools\Common7\IDE\CommonExtensions\Platform\Debugger\WebViews\BptDiagnosticCommon\Icons\tree-icons.png
[1a64:0017][2019-09-25T22:13:18] Timestamp updated for file 'C:\Program Files (x86)\Microsoft Visual Studio\2019\BuildTools\Common7\IDE\CommonExtensions\Platform\Debugger\WebViews\BptDiagnosticCommon\Icons\tree-icons.png'.
[1a64:0017][2019-09-25T22:13:18] Processing file /Contents/Common7/IDE/CommonExtensions/Platform/Debugger/WebViews/BptDiagnosticCommon/JSTreeDynamicGridControl.js
[1a64:0017][2019-09-25T22:13:18] Started: Copying file /Contents/Common7/IDE/CommonExtensions/Platform/Debugger/WebViews/BptDiagnosticCommon/JSTreeDynamicGridControl.js to C:\Program Files (x86)\Microsoft Visual Studio\2019\BuildTools\Common7\IDE\CommonExtensions\Platform\Debugger\WebViews\BptDiagnosticCommon\JSTreeDynamicGridControl.js
[1a64:0017][2019-09-25T22:13:18] Completed: Copying file /Contents/Common7/IDE/CommonExtensions/Platform/Debugger/WebViews/BptDiagnosticCommon/JSTreeDynamicGridControl.js to C:\Program Files (x86)\Microsoft Visual Studio\2019\BuildTools\Common7\IDE\CommonExtensions\Platform\Debugger\WebViews\BptDiagnosticCommon\JSTreeDynamicGridControl.js
[1a64:0017][2019-09-25T22:13:18] Timestamp updated for file 'C:\Program Files (x86)\Microsoft Visual Studio\2019\BuildTools\Common7\IDE\CommonExtensions\Platform\Debugger\WebViews\BptDiagnosticCommon\JSTreeDynamicGridControl.js'.
[1a64:0017][2019-09-25T22:13:18] Processing file /Contents/Common7/IDE/CommonExtensions/Platform/Debugger/WebViews/BptDiagnosticCommon/MicrosoftAjax-4.0.0.0.debug.js
[1a64:0017][2019-09-25T22:13:18] Started: Copying file /Contents/Common7/IDE/CommonExtensions/Platform/Debugger/WebViews/BptDiagnosticCommon/MicrosoftAjax-4.0.0.0.debug.js to C:\Program Files (x86)\Microsoft Visual Studio\2019\BuildTools\Common7\IDE\CommonExtensions\Platform\Debugger\WebViews\BptDiagnosticCommon\MicrosoftAjax-4.0.0.0.debug.js
[1a64:0017][2019-09-25T22:13:18] Completed: Copying file /Contents/Common7/IDE/CommonExtensions/Platform/Debugger/WebViews/BptDiagnosticCommon/MicrosoftAjax-4.0.0.0.debug.js to C:\Program Files (x86)\Microsoft Visual Studio\2019\BuildTools\Common7\IDE\CommonExtensions\Platform\Debugger\WebViews\BptDiagnosticCommon\MicrosoftAjax-4.0.0.0.debug.js
[1a64:0017][2019-09-25T22:13:18] Timestamp updated for file 'C:\Program Files (x86)\Microsoft Visual Studio\2019\BuildTools\Common7\IDE\CommonExtensions\Platform\Debugger\WebViews\BptDiagnosticCommon\MicrosoftAjax-4.0.0.0.debug.js'.
[1a64:0017][2019-09-25T22:13:18] Processing file /Contents/Common7/IDE/CommonExtensions/Platform/Debugger/WebViews/camera.png
[1a64:0017][2019-09-25T22:13:18] Started: Copying file /Contents/Common7/IDE/CommonExtensions/Platform/Debugger/WebViews/camera.png to C:\Program Files (x86)\Microsoft Visual Studio\2019\BuildTools\Common7\IDE\CommonExtensions\Platform\Debugger\WebViews\camera.png
[1a64:0017][2019-09-25T22:13:18] Completed: Copying file /Contents/Common7/IDE/CommonExtensions/Platform/Debugger/WebViews/camera.png to C:\Program Files (x86)\Microsoft Visual Studio\2019\BuildTools\Common7\IDE\CommonExtensions\Platform\Debugger\WebViews\camera.png
[1a64:0017][2019-09-25T22:13:18] Timestamp updated for file 'C:\Program Files (x86)\Microsoft Visual Studio\2019\BuildTools\Common7\IDE\CommonExtensions\Platform\Debugger\WebViews\camera.png'.
[1a64:0017][2019-09-25T22:13:18] Processing file /Contents/Common7/IDE/CommonExtensions/Platform/Debugger/WebViews/camera.svg
[1a64:0017][2019-09-25T22:13:18] Started: Copying file /Contents/Common7/IDE/CommonExtensions/Platform/Debugger/WebViews/camera.svg to C:\Program Files (x86)\Microsoft Visual Studio\2019\BuildTools\Common7\IDE\CommonExtensions\Platform\Debugger\WebViews\camera.svg
[1a64:0017][2019-09-25T22:13:18] Completed: Copying file /Contents/Common7/IDE/CommonExtensions/Platform/Debugger/WebViews/camera.svg to C:\Program Files (x86)\Microsoft Visual Studio\2019\BuildTools\Common7\IDE\CommonExtensions\Platform\Debugger\WebViews\camera.svg
[1a64:0017][2019-09-25T22:13:18] Timestamp updated for file 'C:\Program Files (x86)\Microsoft Visual Studio\2019\BuildTools\Common7\IDE\CommonExtensions\Platform\Debugger\WebViews\camera.svg'.
[1a64:0017][2019-09-25T22:13:18] Processing file /Contents/Common7/IDE/CommonExtensions/Platform/Debugger/WebViews/delete.png
[1a64:0017][2019-09-25T22:13:18] Started: Copying file /Contents/Common7/IDE/CommonExtensions/Platform/Debugger/WebViews/delete.png to C:\Program Files (x86)\Microsoft Visual Studio\2019\BuildTools\Common7\IDE\CommonExtensions\Platform\Debugger\WebViews\delete.png
[1a64:0017][2019-09-25T22:13:18] Completed: Copying file /Contents/Common7/IDE/CommonExtensions/Platform/Debugger/WebViews/delete.png to C:\Program Files (x86)\Microsoft Visual Studio\2019\BuildTools\Common7\IDE\CommonExtensions\Platform\Debugger\WebViews\delete.png
[1a64:0017][2019-09-25T22:13:18] Timestamp updated for file 'C:\Program Files (x86)\Microsoft Visual Studio\2019\BuildTools\Common7\IDE\CommonExtensions\Platform\Debugger\WebViews\delete.png'.
[1a64:0017][2019-09-25T22:13:18] Processing file /Contents/Common7/IDE/CommonExtensions/Platform/Debugger/WebViews/DiagnosticsHub.js
[1a64:0017][2019-09-25T22:13:18] Started: Copying file /Contents/Common7/IDE/CommonExtensions/Platform/Debugger/WebViews/DiagnosticsHub.js to C:\Program Files (x86)\Microsoft Visual Studio\2019\BuildTools\Common7\IDE\CommonExtensions\Platform\Debugger\WebViews\DiagnosticsHub.js
[1a64:0017][2019-09-25T22:13:18] Completed: Copying file /Contents/Common7/IDE/CommonExtensions/Platform/Debugger/WebViews/DiagnosticsHub.js to C:\Program Files (x86)\Microsoft Visual Studio\2019\BuildTools\Common7\IDE\CommonExtensions\Platform\Debugger\WebViews\DiagnosticsHub.js
[1a64:0017][2019-09-25T22:13:18] Timestamp updated for file 'C:\Program Files (x86)\Microsoft Visual Studio\2019\BuildTools\Common7\IDE\CommonExtensions\Platform\Debugger\WebViews\DiagnosticsHub.js'.
[1a64:0017][2019-09-25T22:13:18] Processing file /Contents/Common7/IDE/CommonExtensions/Platform/Debugger/WebViews/gcGlyph.png
[1a64:0017][2019-09-25T22:13:18] Started: Copying file /Contents/Common7/IDE/CommonExtensions/Platform/Debugger/WebViews/gcGlyph.png to C:\Program Files (x86)\Microsoft Visual Studio\2019\BuildTools\Common7\IDE\CommonExtensions\Platform\Debugger\WebViews\gcGlyph.png
[1a64:0017][2019-09-25T22:13:18] Completed: Copying file /Contents/Common7/IDE/CommonExtensions/Platform/Debugger/WebViews/gcGlyph.png to C:\Program Files (x86)\Microsoft Visual Studio\2019\BuildTools\Common7\IDE\CommonExtensions\Platform\Debugger\WebViews\gcGlyph.png
[1a64:0017][2019-09-25T22:13:18] Timestamp updated for file 'C:\Program Files (x86)\Microsoft Visual Studio\2019\BuildTools\Common7\IDE\CommonExtensions\Platform\Debugger\WebViews\gcGlyph.png'.
[1a64:0017][2019-09-25T22:13:18] Processing file /Contents/Common7/IDE/CommonExtensions/Platform/Debugger/WebViews/grid.css
[1a64:0017][2019-09-25T22:13:18] Started: Copying file /Contents/Common7/IDE/CommonExtensions/Platform/Debugger/WebViews/grid.css to C:\Program Files (x86)\Microsoft Visual Studio\2019\BuildTools\Common7\IDE\CommonExtensions\Platform\Debugger\WebViews\grid.css
[1a64:0017][2019-09-25T22:13:18] Completed: Copying file /Contents/Common7/IDE/CommonExtensions/Platform/Debugger/WebViews/grid.css to C:\Program Files (x86)\Microsoft Visual Studio\2019\BuildTools\Common7\IDE\CommonExtensions\Platform\Debugger\WebViews\grid.css
[1a64:0017][2019-09-25T22:13:18] Timestamp updated for file 'C:\Program Files (x86)\Microsoft Visual Studio\2019\BuildTools\Common7\IDE\CommonExtensions\Platform\Debugger\WebViews\grid.css'.
[1a64:0017][2019-09-25T22:13:18] Processing file /Contents/Common7/IDE/CommonExtensions/Platform/Debugger/WebViews/inspect.png
[1a64:0017][2019-09-25T22:13:18] Started: Copying file /Contents/Common7/IDE/CommonExtensions/Platform/Debugger/WebViews/inspect.png to C:\Program Files (x86)\Microsoft Visual Studio\2019\BuildTools\Common7\IDE\CommonExtensions\Platform\Debugger\WebViews\inspect.png
[1a64:0017][2019-09-25T22:13:18] Completed: Copying file /Contents/Common7/IDE/CommonExtensions/Platform/Debugger/WebViews/inspect.png to C:\Program Files (x86)\Microsoft Visual Studio\2019\BuildTools\Common7\IDE\CommonExtensions\Platform\Debugger\WebViews\inspect.png
[1a64:0017][2019-09-25T22:13:18] Timestamp updated for file 'C:\Program Files (x86)\Microsoft Visual Studio\2019\BuildTools\Common7\IDE\CommonExtensions\Platform\Debugger\WebViews\inspect.png'.
[1a64:0017][2019-09-25T22:13:18] Processing file /Contents/Common7/IDE/CommonExtensions/Platform/Debugger/WebViews/ManagedHeapViewer.js
[1a64:0017][2019-09-25T22:13:18] Started: Copying file /Contents/Common7/IDE/CommonExtensions/Platform/Debugger/WebViews/ManagedHeapViewer.js to C:\Program Files (x86)\Microsoft Visual Studio\2019\BuildTools\Common7\IDE\CommonExtensions\Platform\Debugger\WebViews\ManagedHeapViewer.js
[1a64:0017][2019-09-25T22:13:18] Completed: Copying file /Contents/Common7/IDE/CommonExtensions/Platform/Debugger/WebViews/ManagedHeapViewer.js to C:\Program Files (x86)\Microsoft Visual Studio\2019\BuildTools\Common7\IDE\CommonExtensions\Platform\Debugger\WebViews\ManagedHeapViewer.js
[1a64:0017][2019-09-25T22:13:18] Timestamp updated for file 'C:\Program Files (x86)\Microsoft Visual Studio\2019\BuildTools\Common7\IDE\CommonExtensions\Platform\Debugger\WebViews\ManagedHeapViewer.js'.
[1a64:0017][2019-09-25T22:13:18] Processing file /Contents/Common7/IDE/CommonExtensions/Platform/Debugger/WebViews/ManagedMemoryHelpers.js
[1a64:0017][2019-09-25T22:13:18] Started: Copying file /Contents/Common7/IDE/CommonExtensions/Platform/Debugger/WebViews/ManagedMemoryHelpers.js to C:\Program Files (x86)\Microsoft Visual Studio\2019\BuildTools\Common7\IDE\CommonExtensions\Platform\Debugger\WebViews\ManagedMemoryHelpers.js
[1a64:0017][2019-09-25T22:13:18] Completed: Copying file /Contents/Common7/IDE/CommonExtensions/Platform/Debugger/WebViews/ManagedMemoryHelpers.js to C:\Program Files (x86)\Microsoft Visual Studio\2019\BuildTools\Common7\IDE\CommonExtensions\Platform\Debugger\WebViews\ManagedMemoryHelpers.js
[1a64:0017][2019-09-25T22:13:18] Timestamp updated for file 'C:\Program Files (x86)\Microsoft Visual Studio\2019\BuildTools\Common7\IDE\CommonExtensions\Platform\Debugger\WebViews\ManagedMemoryHelpers.js'.
[1a64:0017][2019-09-25T22:13:18] Processing file /Contents/Common7/IDE/CommonExtensions/Platform/Debugger/WebViews/ManagedMemorySnapshotDetailView.css
[1a64:0017][2019-09-25T22:13:18] Started: Copying file /Contents/Common7/IDE/CommonExtensions/Platform/Debugger/WebViews/ManagedMemorySnapshotDetailView.css to C:\Program Files (x86)\Microsoft Visual Studio\2019\BuildTools\Common7\IDE\CommonExtensions\Platform\Debugger\WebViews\ManagedMemorySnapshotDetailView.css
[1a64:0017][2019-09-25T22:13:18] Completed: Copying file /Contents/Common7/IDE/CommonExtensions/Platform/Debugger/WebViews/ManagedMemorySnapshotDetailView.css to C:\Program Files (x86)\Microsoft Visual Studio\2019\BuildTools\Common7\IDE\CommonExtensions\Platform\Debugger\WebViews\ManagedMemorySnapshotDetailView.css
[1a64:0017][2019-09-25T22:13:18] Timestamp updated for file 'C:\Program Files (x86)\Microsoft Visual Studio\2019\BuildTools\Common7\IDE\CommonExtensions\Platform\Debugger\WebViews\ManagedMemorySnapshotDetailView.css'.
[1a64:0017][2019-09-25T22:13:18] Processing file /Contents/Common7/IDE/CommonExtensions/Platform/Debugger/WebViews/ManagedMemorySnapshotDetailView.html
[1a64:0017][2019-09-25T22:13:18] Started: Copying file /Contents/Common7/IDE/CommonExtensions/Platform/Debugger/WebViews/ManagedMemorySnapshotDetailView.html to C:\Program Files (x86)\Microsoft Visual Studio\2019\BuildTools\Common7\IDE\CommonExtensions\Platform\Debugger\WebViews\ManagedMemorySnapshotDetailView.html
[1a64:0017][2019-09-25T22:13:18] Completed: Copying file /Contents/Common7/IDE/CommonExtensions/Platform/Debugger/WebViews/ManagedMemorySnapshotDetailView.html to C:\Program Files (x86)\Microsoft Visual Studio\2019\BuildTools\Common7\IDE\CommonExtensions\Platform\Debugger\WebViews\ManagedMemorySnapshotDetailView.html
[1a64:0017][2019-09-25T22:13:18] Timestamp updated for file 'C:\Program Files (x86)\Microsoft Visual Studio\2019\BuildTools\Common7\IDE\CommonExtensions\Platform\Debugger\WebViews\ManagedMemorySnapshotDetailView.html'.
[1a64:0017][2019-09-25T22:13:18] Processing file /Contents/Common7/IDE/CommonExtensions/Platform/Debugger/WebViews/ManagedMemorySnapshotDetailView.manifest.json
[1a64:0017][2019-09-25T22:13:18] Started: Copying file /Contents/Common7/IDE/CommonExtensions/Platform/Debugger/WebViews/ManagedMemorySnapshotDetailView.manifest.json to C:\Program Files (x86)\Microsoft Visual Studio\2019\BuildTools\Common7\IDE\CommonExtensions\Platform\Debugger\WebViews\ManagedMemorySnapshotDetailView.manifest.json
[1a64:0017][2019-09-25T22:13:18] Completed: Copying file /Contents/Common7/IDE/CommonExtensions/Platform/Debugger/WebViews/ManagedMemorySnapshotDetailView.manifest.json to C:\Program Files (x86)\Microsoft Visual Studio\2019\BuildTools\Common7\IDE\CommonExtensions\Platform\Debugger\WebViews\ManagedMemorySnapshotDetailView.manifest.json
[1a64:0017][2019-09-25T22:13:18] Timestamp updated for file 'C:\Program Files (x86)\Microsoft Visual Studio\2019\BuildTools\Common7\IDE\CommonExtensions\Platform\Debugger\WebViews\ManagedMemorySnapshotDetailView.manifest.json'.
[1a64:0017][2019-09-25T22:13:18] Processing file /Contents/Common7/IDE/CommonExtensions/Platform/Debugger/WebViews/ManagedMemorySummaryView.css
[1a64:0017][2019-09-25T22:13:18] Started: Copying file /Contents/Common7/IDE/CommonExtensions/Platform/Debugger/WebViews/ManagedMemorySummaryView.css to C:\Program Files (x86)\Microsoft Visual Studio\2019\BuildTools\Common7\IDE\CommonExtensions\Platform\Debugger\WebViews\ManagedMemorySummaryView.css
[1a64:0017][2019-09-25T22:13:18] Completed: Copying file /Contents/Common7/IDE/CommonExtensions/Platform/Debugger/WebViews/ManagedMemorySummaryView.css to C:\Program Files (x86)\Microsoft Visual Studio\2019\BuildTools\Common7\IDE\CommonExtensions\Platform\Debugger\WebViews\ManagedMemorySummaryView.css
[1a64:0017][2019-09-25T22:13:18] Timestamp updated for file 'C:\Program Files (x86)\Microsoft Visual Studio\2019\BuildTools\Common7\IDE\CommonExtensions\Platform\Debugger\WebViews\ManagedMemorySummaryView.css'.
[1a64:0017][2019-09-25T22:13:18] Processing file /Contents/Common7/IDE/CommonExtensions/Platform/Debugger/WebViews/ManagedMemorySummaryView.html
[1a64:0017][2019-09-25T22:13:18] Started: Copying file /Contents/Common7/IDE/CommonExtensions/Platform/Debugger/WebViews/ManagedMemorySummaryView.html to C:\Program Files (x86)\Microsoft Visual Studio\2019\BuildTools\Common7\IDE\CommonExtensions\Platform\Debugger\WebViews\ManagedMemorySummaryView.html
[1a64:0017][2019-09-25T22:13:18] Completed: Copying file /Contents/Common7/IDE/CommonExtensions/Platform/Debugger/WebViews/ManagedMemorySummaryView.html to C:\Program Files (x86)\Microsoft Visual Studio\2019\BuildTools\Common7\IDE\CommonExtensions\Platform\Debugger\WebViews\ManagedMemorySummaryView.html
[1a64:0017][2019-09-25T22:13:18] Timestamp updated for file 'C:\Program Files (x86)\Microsoft Visual Studio\2019\BuildTools\Common7\IDE\CommonExtensions\Platform\Debugger\WebViews\ManagedMemorySummaryView.html'.
[1a64:0017][2019-09-25T22:13:18] Processing file /Contents/Common7/IDE/CommonExtensions/Platform/Debugger/WebViews/ManagedMemorySummaryView.manifest.json
[1a64:0017][2019-09-25T22:13:18] Started: Copying file /Contents/Common7/IDE/CommonExtensions/Platform/Debugger/WebViews/ManagedMemorySummaryView.manifest.json to C:\Program Files (x86)\Microsoft Visual Studio\2019\BuildTools\Common7\IDE\CommonExtensions\Platform\Debugger\WebViews\ManagedMemorySummaryView.manifest.json
[1a64:0017][2019-09-25T22:13:18] Completed: Copying file /Contents/Common7/IDE/CommonExtensions/Platform/Debugger/WebViews/ManagedMemorySummaryView.manifest.json to C:\Program Files (x86)\Microsoft Visual Studio\2019\BuildTools\Common7\IDE\CommonExtensions\Platform\Debugger\WebViews\ManagedMemorySummaryView.manifest.json
[1a64:0017][2019-09-25T22:13:18] Timestamp updated for file 'C:\Program Files (x86)\Microsoft Visual Studio\2019\BuildTools\Common7\IDE\CommonExtensions\Platform\Debugger\WebViews\ManagedMemorySummaryView.manifest.json'.
[1a64:0017][2019-09-25T22:13:18] Processing file /Contents/Common7/IDE/CommonExtensions/Platform/Debugger/WebViews/ManagedSummaryViewer.js
[1a64:0017][2019-09-25T22:13:18] Started: Copying file /Contents/Common7/IDE/CommonExtensions/Platform/Debugger/WebViews/ManagedSummaryViewer.js to C:\Program Files (x86)\Microsoft Visual Studio\2019\BuildTools\Common7\IDE\CommonExtensions\Platform\Debugger\WebViews\ManagedSummaryViewer.js
[1a64:0017][2019-09-25T22:13:18] Completed: Copying file /Contents/Common7/IDE/CommonExtensions/Platform/Debugger/WebViews/ManagedSummaryViewer.js to C:\Program Files (x86)\Microsoft Visual Studio\2019\BuildTools\Common7\IDE\CommonExtensions\Platform\Debugger\WebViews\ManagedSummaryViewer.js
[1a64:0017][2019-09-25T22:13:18] Timestamp updated for file 'C:\Program Files (x86)\Microsoft Visual Studio\2019\BuildTools\Common7\IDE\CommonExtensions\Platform\Debugger\WebViews\ManagedSummaryViewer.js'.
[1a64:0017][2019-09-25T22:13:18] Processing file /Contents/Common7/IDE/CommonExtensions/Platform/Debugger/WebViews/memory.svg
[1a64:0017][2019-09-25T22:13:18] Started: Copying file /Contents/Common7/IDE/CommonExtensions/Platform/Debugger/WebViews/memory.svg to C:\Program Files (x86)\Microsoft Visual Studio\2019\BuildTools\Common7\IDE\CommonExtensions\Platform\Debugger\WebViews\memory.svg
[1a64:0017][2019-09-25T22:13:18] Completed: Copying file /Contents/Common7/IDE/CommonExtensions/Platform/Debugger/WebViews/memory.svg to C:\Program Files (x86)\Microsoft Visual Studio\2019\BuildTools\Common7\IDE\CommonExtensions\Platform\Debugger\WebViews\memory.svg
[1a64:0017][2019-09-25T22:13:18] Timestamp updated for file 'C:\Program Files (x86)\Microsoft Visual Studio\2019\BuildTools\Common7\IDE\CommonExtensions\Platform\Debugger\WebViews\memory.svg'.
[1a64:0017][2019-09-25T22:13:18] Processing file /Contents/Common7/IDE/CommonExtensions/Platform/Debugger/WebViews/mma_icons.png
[1a64:0017][2019-09-25T22:13:18] Started: Copying file /Contents/Common7/IDE/CommonExtensions/Platform/Debugger/WebViews/mma_icons.png to C:\Program Files (x86)\Microsoft Visual Studio\2019\BuildTools\Common7\IDE\CommonExtensions\Platform\Debugger\WebViews\mma_icons.png
[1a64:0017][2019-09-25T22:13:18] Completed: Copying file /Contents/Common7/IDE/CommonExtensions/Platform/Debugger/WebViews/mma_icons.png to C:\Program Files (x86)\Microsoft Visual Studio\2019\BuildTools\Common7\IDE\CommonExtensions\Platform\Debugger\WebViews\mma_icons.png
[1a64:0017][2019-09-25T22:13:18] Timestamp updated for file 'C:\Program Files (x86)\Microsoft Visual Studio\2019\BuildTools\Common7\IDE\CommonExtensions\Platform\Debugger\WebViews\mma_icons.png'.
[1a64:0017][2019-09-25T22:13:18] Processing file /Contents/Common7/IDE/CommonExtensions/Platform/Debugger/WebViews/plugin.js
[1a64:0017][2019-09-25T22:13:18] Started: Copying file /Contents/Common7/IDE/CommonExtensions/Platform/Debugger/WebViews/plugin.js to C:\Program Files (x86)\Microsoft Visual Studio\2019\BuildTools\Common7\IDE\CommonExtensions\Platform\Debugger\WebViews\plugin.js
[1a64:0017][2019-09-25T22:13:18] Completed: Copying file /Contents/Common7/IDE/CommonExtensions/Platform/Debugger/WebViews/plugin.js to C:\Program Files (x86)\Microsoft Visual Studio\2019\BuildTools\Common7\IDE\CommonExtensions\Platform\Debugger\WebViews\plugin.js
[1a64:0017][2019-09-25T22:13:18] Timestamp updated for file 'C:\Program Files (x86)\Microsoft Visual Studio\2019\BuildTools\Common7\IDE\CommonExtensions\Platform\Debugger\WebViews\plugin.js'.
[1a64:0017][2019-09-25T22:13:18] Processing file /Contents/Common7/IDE/CommonExtensions/Platform/Debugger/WebViews/snapshotGlyph.png
[1a64:0017][2019-09-25T22:13:18] Started: Copying file /Contents/Common7/IDE/CommonExtensions/Platform/Debugger/WebViews/snapshotGlyph.png to C:\Program Files (x86)\Microsoft Visual Studio\2019\BuildTools\Common7\IDE\CommonExtensions\Platform\Debugger\WebViews\snapshotGlyph.png
[1a64:0017][2019-09-25T22:13:18] Completed: Copying file /Contents/Common7/IDE/CommonExtensions/Platform/Debugger/WebViews/snapshotGlyph.png to C:\Program Files (x86)\Microsoft Visual Studio\2019\BuildTools\Common7\IDE\CommonExtensions\Platform\Debugger\WebViews\snapshotGlyph.png
[1a64:0017][2019-09-25T22:13:18] Timestamp updated for file 'C:\Program Files (x86)\Microsoft Visual Studio\2019\BuildTools\Common7\IDE\CommonExtensions\Platform\Debugger\WebViews\snapshotGlyph.png'.
[1a64:0017][2019-09-25T22:13:18] Processing file /Contents/Common7/IDE/CommonExtensions/Platform/Debugger/WebViews/snapshotpoint.svg
[1a64:0017][2019-09-25T22:13:18] Started: Copying file /Contents/Common7/IDE/CommonExtensions/Platform/Debugger/WebViews/snapshotpoint.svg to C:\Program Files (x86)\Microsoft Visual Studio\2019\BuildTools\Common7\IDE\CommonExtensions\Platform\Debugger\WebViews\snapshotpoint.svg
[1a64:0017][2019-09-25T22:13:18] Completed: Copying file /Contents/Common7/IDE/CommonExtensions/Platform/Debugger/WebViews/snapshotpoint.svg to C:\Program Files (x86)\Microsoft Visual Studio\2019\BuildTools\Common7\IDE\CommonExtensions\Platform\Debugger\WebViews\snapshotpoint.svg
[1a64:0017][2019-09-25T22:13:18] Timestamp updated for file 'C:\Program Files (x86)\Microsoft Visual Studio\2019\BuildTools\Common7\IDE\CommonExtensions\Platform\Debugger\WebViews\snapshotpoint.svg'.
[1a64:0017][2019-09-25T22:13:18] Processing file /Contents/Common7/IDE/CommonExtensions/Platform/Debugger/WebViews/spacer.png
[1a64:0017][2019-09-25T22:13:18] Started: Copying file /Contents/Common7/IDE/CommonExtensions/Platform/Debugger/WebViews/spacer.png to C:\Program Files (x86)\Microsoft Visual Studio\2019\BuildTools\Common7\IDE\CommonExtensions\Platform\Debugger\WebViews\spacer.png
[1a64:0017][2019-09-25T22:13:18] Completed: Copying file /Contents/Common7/IDE/CommonExtensions/Platform/Debugger/WebViews/spacer.png to C:\Program Files (x86)\Microsoft Visual Studio\2019\BuildTools\Common7\IDE\CommonExtensions\Platform\Debugger\WebViews\spacer.png
[1a64:0017][2019-09-25T22:13:18] Timestamp updated for file 'C:\Program Files (x86)\Microsoft Visual Studio\2019\BuildTools\Common7\IDE\CommonExtensions\Platform\Debugger\WebViews\spacer.png'.
[1a64:0017][2019-09-25T22:13:18] Processing file /Contents/Common7/IDE/CommonExtensions/Platform/Debugger/WebViews/watch.png
[1a64:0017][2019-09-25T22:13:18] Started: Copying file /Contents/Common7/IDE/CommonExtensions/Platform/Debugger/WebViews/watch.png to C:\Program Files (x86)\Microsoft Visual Studio\2019\BuildTools\Common7\IDE\CommonExtensions\Platform\Debugger\WebViews\watch.png
[1a64:0017][2019-09-25T22:13:18] Completed: Copying file /Contents/Common7/IDE/CommonExtensions/Platform/Debugger/WebViews/watch.png to C:\Program Files (x86)\Microsoft Visual Studio\2019\BuildTools\Common7\IDE\CommonExtensions\Platform\Debugger\WebViews\watch.png
[1a64:0017][2019-09-25T22:13:18] Timestamp updated for file 'C:\Program Files (x86)\Microsoft Visual Studio\2019\BuildTools\Common7\IDE\CommonExtensions\Platform\Debugger\WebViews\watch.png'.
[1a64:0017][2019-09-25T22:13:18] Processing file /Contents/Common7/IDE/CommonExtensions/Platform/ParallelDebugger/Microsoft.VisualStudio.Debugger.Parallel.Extension.dll
[1a64:0017][2019-09-25T22:13:18] Started: Copying file /Contents/Common7/IDE/CommonExtensions/Platform/ParallelDebugger/Microsoft.VisualStudio.Debugger.Parallel.Extension.dll to C:\Program Files (x86)\Microsoft Visual Studio\2019\BuildTools\Common7\IDE\CommonExtensions\Platform\ParallelDebugger\Microsoft.VisualStudio.Debugger.Parallel.Extension.dll
[1a64:0017][2019-09-25T22:13:18] Completed: Copying file /Contents/Common7/IDE/CommonExtensions/Platform/ParallelDebugger/Microsoft.VisualStudio.Debugger.Parallel.Extension.dll to C:\Program Files (x86)\Microsoft Visual Studio\2019\BuildTools\Common7\IDE\CommonExtensions\Platform\ParallelDebugger\Microsoft.VisualStudio.Debugger.Parallel.Extension.dll
[1a64:0017][2019-09-25T22:13:18] Timestamp updated for file 'C:\Program Files (x86)\Microsoft Visual Studio\2019\BuildTools\Common7\IDE\CommonExtensions\Platform\ParallelDebugger\Microsoft.VisualStudio.Debugger.Parallel.Extension.dll'.
[1a64:0017][2019-09-25T22:13:18] Processing file /Contents/Common7/IDE/CommonExtensions/Platform/ParallelDebugger/Microsoft.VisualStudio.Debugger.Parallel.Extension.pkgdef
[1a64:0017][2019-09-25T22:13:18] Started: Copying file /Contents/Common7/IDE/CommonExtensions/Platform/ParallelDebugger/Microsoft.VisualStudio.Debugger.Parallel.Extension.pkgdef to C:\Program Files (x86)\Microsoft Visual Studio\2019\BuildTools\Common7\IDE\CommonExtensions\Platform\ParallelDebugger\Microsoft.VisualStudio.Debugger.Parallel.Extension.pkgdef
[1a64:0017][2019-09-25T22:13:18] Completed: Copying file /Contents/Common7/IDE/CommonExtensions/Platform/ParallelDebugger/Microsoft.VisualStudio.Debugger.Parallel.Extension.pkgdef to C:\Program Files (x86)\Microsoft Visual Studio\2019\BuildTools\Common7\IDE\CommonExtensions\Platform\ParallelDebugger\Microsoft.VisualStudio.Debugger.Parallel.Extension.pkgdef
[1a64:0017][2019-09-25T22:13:18] Timestamp updated for file 'C:\Program Files (x86)\Microsoft Visual Studio\2019\BuildTools\Common7\IDE\CommonExtensions\Platform\ParallelDebugger\Microsoft.VisualStudio.Debugger.Parallel.Extension.pkgdef'.
[1a64:0017][2019-09-25T22:13:18] Processing file /Contents/Common7/IDE/iisresolver.dll
[1a64:0017][2019-09-25T22:13:18] Started: Copying file /Contents/Common7/IDE/iisresolver.dll to C:\Program Files (x86)\Microsoft Visual Studio\2019\BuildTools\Common7\IDE\iisresolver.dll
[1a64:0017][2019-09-25T22:13:18] Completed: Copying file /Contents/Common7/IDE/iisresolver.dll to C:\Program Files (x86)\Microsoft Visual Studio\2019\BuildTools\Common7\IDE\iisresolver.dll
[1a64:0017][2019-09-25T22:13:18] Timestamp updated for file 'C:\Program Files (x86)\Microsoft Visual Studio\2019\BuildTools\Common7\IDE\iisresolver.dll'.
[1a64:0017][2019-09-25T22:13:18] Processing file /Contents/Common7/IDE/Microsoft.VisualStudio.Debugger.dll
[1a64:0017][2019-09-25T22:13:18] Started: Copying file /Contents/Common7/IDE/Microsoft.VisualStudio.Debugger.dll to C:\Program Files (x86)\Microsoft Visual Studio\2019\BuildTools\Common7\IDE\Microsoft.VisualStudio.Debugger.dll
[1a64:0017][2019-09-25T22:13:18] Completed: Copying file /Contents/Common7/IDE/Microsoft.VisualStudio.Debugger.dll to C:\Program Files (x86)\Microsoft Visual Studio\2019\BuildTools\Common7\IDE\Microsoft.VisualStudio.Debugger.dll
[1a64:0017][2019-09-25T22:13:18] Timestamp updated for file 'C:\Program Files (x86)\Microsoft Visual Studio\2019\BuildTools\Common7\IDE\Microsoft.VisualStudio.Debugger.dll'.
[1a64:0017][2019-09-25T22:13:18] Processing file /Contents/Common7/IDE/PrivateAssemblies/Microsoft.VisualStudio.Debugger.Interop.Internal.dll
[1a64:0017][2019-09-25T22:13:18] Started: Copying file /Contents/Common7/IDE/PrivateAssemblies/Microsoft.VisualStudio.Debugger.Interop.Internal.dll to C:\Program Files (x86)\Microsoft Visual Studio\2019\BuildTools\Common7\IDE\PrivateAssemblies\Microsoft.VisualStudio.Debugger.Interop.Internal.dll
[1a64:0017][2019-09-25T22:13:18] Completed: Copying file /Contents/Common7/IDE/PrivateAssemblies/Microsoft.VisualStudio.Debugger.Interop.Internal.dll to C:\Program Files (x86)\Microsoft Visual Studio\2019\BuildTools\Common7\IDE\PrivateAssemblies\Microsoft.VisualStudio.Debugger.Interop.Internal.dll
[1a64:0017][2019-09-25T22:13:18] Timestamp updated for file 'C:\Program Files (x86)\Microsoft Visual Studio\2019\BuildTools\Common7\IDE\PrivateAssemblies\Microsoft.VisualStudio.Debugger.Interop.Internal.dll'.
[1a64:0017][2019-09-25T22:13:18] Processing file /Contents/Common7/IDE/PrivateAssemblies/Microsoft.VisualStudio.Debugger.SymbolLocator.Interop.dll
[1a64:0017][2019-09-25T22:13:18] Started: Copying file /Contents/Common7/IDE/PrivateAssemblies/Microsoft.VisualStudio.Debugger.SymbolLocator.Interop.dll to C:\Program Files (x86)\Microsoft Visual Studio\2019\BuildTools\Common7\IDE\PrivateAssemblies\Microsoft.VisualStudio.Debugger.SymbolLocator.Interop.dll
[1a64:0017][2019-09-25T22:13:18] Completed: Copying file /Contents/Common7/IDE/PrivateAssemblies/Microsoft.VisualStudio.Debugger.SymbolLocator.Interop.dll to C:\Program Files (x86)\Microsoft Visual Studio\2019\BuildTools\Common7\IDE\PrivateAssemblies\Microsoft.VisualStudio.Debugger.SymbolLocator.Interop.dll
[1a64:0017][2019-09-25T22:13:18] Timestamp updated for file 'C:\Program Files (x86)\Microsoft Visual Studio\2019\BuildTools\Common7\IDE\PrivateAssemblies\Microsoft.VisualStudio.Debugger.SymbolLocator.Interop.dll'.
[1a64:0017][2019-09-25T22:13:18] Processing file /Contents/Common7/IDE/PrivateAssemblies/Microsoft.VisualStudio.Diagnostics.Common.dll
[1a64:0017][2019-09-25T22:13:18] Started: Copying file /Contents/Common7/IDE/PrivateAssemblies/Microsoft.VisualStudio.Diagnostics.Common.dll to C:\Program Files (x86)\Microsoft Visual Studio\2019\BuildTools\Common7\IDE\PrivateAssemblies\Microsoft.VisualStudio.Diagnostics.Common.dll
[1a64:0017][2019-09-25T22:13:18] Completed: Copying file /Contents/Common7/IDE/PrivateAssemblies/Microsoft.VisualStudio.Diagnostics.Common.dll to C:\Program Files (x86)\Microsoft Visual Studio\2019\BuildTools\Common7\IDE\PrivateAssemblies\Microsoft.VisualStudio.Diagnostics.Common.dll
[1a64:0017][2019-09-25T22:13:18] Timestamp updated for file 'C:\Program Files (x86)\Microsoft Visual Studio\2019\BuildTools\Common7\IDE\PrivateAssemblies\Microsoft.VisualStudio.Diagnostics.Common.dll'.
[1a64:0017][2019-09-25T22:13:18] Queueing C:\Program Files (x86)\Microsoft Visual Studio\2019\BuildTools\Common7\IDE\PrivateAssemblies\Microsoft.VisualStudio.Diagnostics.Common.dll for X86 ngen
[1a64:0017][2019-09-25T22:13:18] Successfully queued file '/Contents/Common7/IDE/PrivateAssemblies/Microsoft.VisualStudio.Diagnostics.Common.dll' for ngen
[1a64:0017][2019-09-25T22:13:18] Processing file /Contents/Common7/IDE/PublicAssemblies/Microsoft.VisualStudio.Debugger.Interop.10.0.dll
[1a64:0017][2019-09-25T22:13:18] Started: Copying file /Contents/Common7/IDE/PublicAssemblies/Microsoft.VisualStudio.Debugger.Interop.10.0.dll to C:\Program Files (x86)\Microsoft Visual Studio\2019\BuildTools\Common7\IDE\PublicAssemblies\Microsoft.VisualStudio.Debugger.Interop.10.0.dll
[1a64:0017][2019-09-25T22:13:18] Completed: Copying file /Contents/Common7/IDE/PublicAssemblies/Microsoft.VisualStudio.Debugger.Interop.10.0.dll to C:\Program Files (x86)\Microsoft Visual Studio\2019\BuildTools\Common7\IDE\PublicAssemblies\Microsoft.VisualStudio.Debugger.Interop.10.0.dll
[1a64:0017][2019-09-25T22:13:18] Timestamp updated for file 'C:\Program Files (x86)\Microsoft Visual Studio\2019\BuildTools\Common7\IDE\PublicAssemblies\Microsoft.VisualStudio.Debugger.Interop.10.0.dll'.
[1a64:0017][2019-09-25T22:13:18] Processing file /Contents/Common7/IDE/PublicAssemblies/Microsoft.VisualStudio.Debugger.Interop.11.0.dll
[1a64:0017][2019-09-25T22:13:18] Started: Copying file /Contents/Common7/IDE/PublicAssemblies/Microsoft.VisualStudio.Debugger.Interop.11.0.dll to C:\Program Files (x86)\Microsoft Visual Studio\2019\BuildTools\Common7\IDE\PublicAssemblies\Microsoft.VisualStudio.Debugger.Interop.11.0.dll
[1a64:0017][2019-09-25T22:13:18] Completed: Copying file /Contents/Common7/IDE/PublicAssemblies/Microsoft.VisualStudio.Debugger.Interop.11.0.dll to C:\Program Files (x86)\Microsoft Visual Studio\2019\BuildTools\Common7\IDE\PublicAssemblies\Microsoft.VisualStudio.Debugger.Interop.11.0.dll
[1a64:0017][2019-09-25T22:13:18] Timestamp updated for file 'C:\Program Files (x86)\Microsoft Visual Studio\2019\BuildTools\Common7\IDE\PublicAssemblies\Microsoft.VisualStudio.Debugger.Interop.11.0.dll'.
[1a64:0017][2019-09-25T22:13:18] Processing file /Contents/Common7/IDE/PublicAssemblies/Microsoft.VisualStudio.Debugger.Interop.12.0.dll
[1a64:0017][2019-09-25T22:13:18] Started: Copying file /Contents/Common7/IDE/PublicAssemblies/Microsoft.VisualStudio.Debugger.Interop.12.0.dll to C:\Program Files (x86)\Microsoft Visual Studio\2019\BuildTools\Common7\IDE\PublicAssemblies\Microsoft.VisualStudio.Debugger.Interop.12.0.dll
[1a64:0017][2019-09-25T22:13:18] Completed: Copying file /Contents/Common7/IDE/PublicAssemblies/Microsoft.VisualStudio.Debugger.Interop.12.0.dll to C:\Program Files (x86)\Microsoft Visual Studio\2019\BuildTools\Common7\IDE\PublicAssemblies\Microsoft.VisualStudio.Debugger.Interop.12.0.dll
[1a64:0017][2019-09-25T22:13:18] Timestamp updated for file 'C:\Program Files (x86)\Microsoft Visual Studio\2019\BuildTools\Common7\IDE\PublicAssemblies\Microsoft.VisualStudio.Debugger.Interop.12.0.dll'.
[1a64:0017][2019-09-25T22:13:18] Processing file /Contents/Common7/IDE/PublicAssemblies/Microsoft.VisualStudio.Debugger.Interop.14.0.dll
[1a64:0017][2019-09-25T22:13:18] Started: Copying file /Contents/Common7/IDE/PublicAssemblies/Microsoft.VisualStudio.Debugger.Interop.14.0.dll to C:\Program Files (x86)\Microsoft Visual Studio\2019\BuildTools\Common7\IDE\PublicAssemblies\Microsoft.VisualStudio.Debugger.Interop.14.0.dll
[1a64:0017][2019-09-25T22:13:18] Completed: Copying file /Contents/Common7/IDE/PublicAssemblies/Microsoft.VisualStudio.Debugger.Interop.14.0.dll to C:\Program Files (x86)\Microsoft Visual Studio\2019\BuildTools\Common7\IDE\PublicAssemblies\Microsoft.VisualStudio.Debugger.Interop.14.0.dll
[1a64:0017][2019-09-25T22:13:18] Timestamp updated for file 'C:\Program Files (x86)\Microsoft Visual Studio\2019\BuildTools\Common7\IDE\PublicAssemblies\Microsoft.VisualStudio.Debugger.Interop.14.0.dll'.
[1a64:0017][2019-09-25T22:13:18] Processing file /Contents/Common7/IDE/PublicAssemblies/Microsoft.VisualStudio.Debugger.Interop.15.0.dll
[1a64:0017][2019-09-25T22:13:18] Started: Copying file /Contents/Common7/IDE/PublicAssemblies/Microsoft.VisualStudio.Debugger.Interop.15.0.dll to C:\Program Files (x86)\Microsoft Visual Studio\2019\BuildTools\Common7\IDE\PublicAssemblies\Microsoft.VisualStudio.Debugger.Interop.15.0.dll
[1a64:0017][2019-09-25T22:13:18] Completed: Copying file /Contents/Common7/IDE/PublicAssemblies/Microsoft.VisualStudio.Debugger.Interop.15.0.dll to C:\Program Files (x86)\Microsoft Visual Studio\2019\BuildTools\Common7\IDE\PublicAssemblies\Microsoft.VisualStudio.Debugger.Interop.15.0.dll
[1a64:0017][2019-09-25T22:13:18] Timestamp updated for file 'C:\Program Files (x86)\Microsoft Visual Studio\2019\BuildTools\Common7\IDE\PublicAssemblies\Microsoft.VisualStudio.Debugger.Interop.15.0.dll'.
[1a64:0017][2019-09-25T22:13:18] Processing file /Contents/Common7/IDE/PublicAssemblies/Microsoft.VisualStudio.Debugger.Interop.16.0.dll
[1a64:0017][2019-09-25T22:13:18] Started: Copying file /Contents/Common7/IDE/PublicAssemblies/Microsoft.VisualStudio.Debugger.Interop.16.0.dll to C:\Program Files (x86)\Microsoft Visual Studio\2019\BuildTools\Common7\IDE\PublicAssemblies\Microsoft.VisualStudio.Debugger.Interop.16.0.dll
[1a64:0017][2019-09-25T22:13:18] Completed: Copying file /Contents/Common7/IDE/PublicAssemblies/Microsoft.VisualStudio.Debugger.Interop.16.0.dll to C:\Program Files (x86)\Microsoft Visual Studio\2019\BuildTools\Common7\IDE\PublicAssemblies\Microsoft.VisualStudio.Debugger.Interop.16.0.dll
[1a64:0017][2019-09-25T22:13:18] Timestamp updated for file 'C:\Program Files (x86)\Microsoft Visual Studio\2019\BuildTools\Common7\IDE\PublicAssemblies\Microsoft.VisualStudio.Debugger.Interop.16.0.dll'.
[1a64:0017][2019-09-25T22:13:18] Processing file /Contents/Common7/IDE/PublicAssemblies/Microsoft.VisualStudio.Debugger.Interop.dll
[1a64:0017][2019-09-25T22:13:18] Started: Copying file /Contents/Common7/IDE/PublicAssemblies/Microsoft.VisualStudio.Debugger.Interop.dll to C:\Program Files (x86)\Microsoft Visual Studio\2019\BuildTools\Common7\IDE\PublicAssemblies\Microsoft.VisualStudio.Debugger.Interop.dll
[1a64:0017][2019-09-25T22:13:18] Completed: Copying file /Contents/Common7/IDE/PublicAssemblies/Microsoft.VisualStudio.Debugger.Interop.dll to C:\Program Files (x86)\Microsoft Visual Studio\2019\BuildTools\Common7\IDE\PublicAssemblies\Microsoft.VisualStudio.Debugger.Interop.dll
[1a64:0017][2019-09-25T22:13:18] Timestamp updated for file 'C:\Program Files (x86)\Microsoft Visual Studio\2019\BuildTools\Common7\IDE\PublicAssemblies\Microsoft.VisualStudio.Debugger.Interop.dll'.
[1a64:0017][2019-09-25T22:13:18] Processing file /Contents/Common7/IDE/PublicAssemblies/Microsoft.VisualStudio.Debugger.InteropA.dll
[1a64:0017][2019-09-25T22:13:18] Started: Copying file /Contents/Common7/IDE/PublicAssemblies/Microsoft.VisualStudio.Debugger.InteropA.dll to C:\Program Files (x86)\Microsoft Visual Studio\2019\BuildTools\Common7\IDE\PublicAssemblies\Microsoft.VisualStudio.Debugger.InteropA.dll
[1a64:0017][2019-09-25T22:13:18] Completed: Copying file /Contents/Common7/IDE/PublicAssemblies/Microsoft.VisualStudio.Debugger.InteropA.dll to C:\Program Files (x86)\Microsoft Visual Studio\2019\BuildTools\Common7\IDE\PublicAssemblies\Microsoft.VisualStudio.Debugger.InteropA.dll
[1a64:0017][2019-09-25T22:13:18] Timestamp updated for file 'C:\Program Files (x86)\Microsoft Visual Studio\2019\BuildTools\Common7\IDE\PublicAssemblies\Microsoft.VisualStudio.Debugger.InteropA.dll'.
[1a64:0017][2019-09-25T22:13:18] Processing file /Contents/Common7/IDE/srcsrv.dll
[1a64:0017][2019-09-25T22:13:18] Started: Copying file /Contents/Common7/IDE/srcsrv.dll to C:\Program Files (x86)\Microsoft Visual Studio\2019\BuildTools\Common7\IDE\srcsrv.dll
[1a64:0017][2019-09-25T22:13:18] Completed: Copying file /Contents/Common7/IDE/srcsrv.dll to C:\Program Files (x86)\Microsoft Visual Studio\2019\BuildTools\Common7\IDE\srcsrv.dll
[1a64:0017][2019-09-25T22:13:18] Timestamp updated for file 'C:\Program Files (x86)\Microsoft Visual Studio\2019\BuildTools\Common7\IDE\srcsrv.dll'.
[1a64:0017][2019-09-25T22:13:18] Processing file /Contents/Common7/IDE/srcsrv.ini
[1a64:0017][2019-09-25T22:13:18] Started: Copying file /Contents/Common7/IDE/srcsrv.ini to C:\Program Files (x86)\Microsoft Visual Studio\2019\BuildTools\Common7\IDE\srcsrv.ini
[1a64:0017][2019-09-25T22:13:18] Completed: Copying file /Contents/Common7/IDE/srcsrv.ini to C:\Program Files (x86)\Microsoft Visual Studio\2019\BuildTools\Common7\IDE\srcsrv.ini
[1a64:0017][2019-09-25T22:13:18] Timestamp updated for file 'C:\Program Files (x86)\Microsoft Visual Studio\2019\BuildTools\Common7\IDE\srcsrv.ini'.
[1a64:0017][2019-09-25T22:13:18] Processing file /Contents/Common7/IDE/symsrv.dll
[1a64:0017][2019-09-25T22:13:18] Started: Copying file /Contents/Common7/IDE/symsrv.dll to C:\Program Files (x86)\Microsoft Visual Studio\2019\BuildTools\Common7\IDE\symsrv.dll
[1a64:0017][2019-09-25T22:13:18] Completed: Copying file /Contents/Common7/IDE/symsrv.dll to C:\Program Files (x86)\Microsoft Visual Studio\2019\BuildTools\Common7\IDE\symsrv.dll
[1a64:0017][2019-09-25T22:13:18] Timestamp updated for file 'C:\Program Files (x86)\Microsoft Visual Studio\2019\BuildTools\Common7\IDE\symsrv.dll'.
[1a64:0017][2019-09-25T22:13:18] Processing file /Contents/Common7/IDE/symsrv.yes
[1a64:0017][2019-09-25T22:13:18] Started: Copying file /Contents/Common7/IDE/symsrv.yes to C:\Program Files (x86)\Microsoft Visual Studio\2019\BuildTools\Common7\IDE\symsrv.yes
[1a64:0017][2019-09-25T22:13:18] Completed: Copying file /Contents/Common7/IDE/symsrv.yes to C:\Program Files (x86)\Microsoft Visual Studio\2019\BuildTools\Common7\IDE\symsrv.yes
[1a64:0017][2019-09-25T22:13:18] Timestamp updated for file 'C:\Program Files (x86)\Microsoft Visual Studio\2019\BuildTools\Common7\IDE\symsrv.yes'.
[1a64:0017][2019-09-25T22:13:18] Processing file /Contents/Common7/Packages/Debugger/encmgr.dll
[1a64:0017][2019-09-25T22:13:18] Started: Copying file /Contents/Common7/Packages/Debugger/encmgr.dll to C:\Program Files (x86)\Microsoft Visual Studio\2019\BuildTools\Common7\Packages\Debugger\encmgr.dll
[1a64:0017][2019-09-25T22:13:18] Completed: Copying file /Contents/Common7/Packages/Debugger/encmgr.dll to C:\Program Files (x86)\Microsoft Visual Studio\2019\BuildTools\Common7\Packages\Debugger\encmgr.dll
[1a64:0017][2019-09-25T22:13:18] Timestamp updated for file 'C:\Program Files (x86)\Microsoft Visual Studio\2019\BuildTools\Common7\Packages\Debugger\encmgr.dll'.
[1a64:0017][2019-09-25T22:13:18] Processing file /Contents/Common7/Packages/Debugger/msdia140.dll
[1a64:0017][2019-09-25T22:13:18] Started: Copying file /Contents/Common7/Packages/Debugger/msdia140.dll to C:\Program Files (x86)\Microsoft Visual Studio\2019\BuildTools\Common7\Packages\Debugger\msdia140.dll
[1a64:0017][2019-09-25T22:13:18] Completed: Copying file /Contents/Common7/Packages/Debugger/msdia140.dll to C:\Program Files (x86)\Microsoft Visual Studio\2019\BuildTools\Common7\Packages\Debugger\msdia140.dll
[1a64:0017][2019-09-25T22:13:18] Timestamp updated for file 'C:\Program Files (x86)\Microsoft Visual Studio\2019\BuildTools\Common7\Packages\Debugger\msdia140.dll'.
[1a64:0017][2019-09-25T22:13:18] Processing file /Contents/Common7/Packages/Debugger/symbollocator.dll
[1a64:0017][2019-09-25T22:13:18] Started: Copying file /Contents/Common7/Packages/Debugger/symbollocator.dll to C:\Program Files (x86)\Microsoft Visual Studio\2019\BuildTools\Common7\Packages\Debugger\symbollocator.dll
[1a64:0017][2019-09-25T22:13:18] Completed: Copying file /Contents/Common7/Packages/Debugger/symbollocator.dll to C:\Program Files (x86)\Microsoft Visual Studio\2019\BuildTools\Common7\Packages\Debugger\symbollocator.dll
[1a64:0017][2019-09-25T22:13:18] Timestamp updated for file 'C:\Program Files (x86)\Microsoft Visual Studio\2019\BuildTools\Common7\Packages\Debugger\symbollocator.dll'.
[1a64:0017][2019-09-25T22:13:18] Processing file /Contents/Common7/Packages/Debugger/VSDebug.dll
[1a64:0017][2019-09-25T22:13:18] Started: Copying file /Contents/Common7/Packages/Debugger/VSDebug.dll to C:\Program Files (x86)\Microsoft Visual Studio\2019\BuildTools\Common7\Packages\Debugger\VSDebug.dll
[1a64:0017][2019-09-25T22:13:18] Completed: Copying file /Contents/Common7/Packages/Debugger/VSDebug.dll to C:\Program Files (x86)\Microsoft Visual Studio\2019\BuildTools\Common7\Packages\Debugger\VSDebug.dll
[1a64:0017][2019-09-25T22:13:18] Timestamp updated for file 'C:\Program Files (x86)\Microsoft Visual Studio\2019\BuildTools\Common7\Packages\Debugger\VSDebug.dll'.
[1a64:0017][2019-09-25T22:13:18] Processing file /Contents/Common7/IDE/CommonExtensions/Platform/Debugger/extension.vsixmanifest
[1a64:0017][2019-09-25T22:13:18] Started: Copying file /Contents/Common7/IDE/CommonExtensions/Platform/Debugger/extension.vsixmanifest to C:\Program Files (x86)\Microsoft Visual Studio\2019\BuildTools\Common7\IDE\CommonExtensions\Platform\Debugger\extension.vsixmanifest
[1a64:0017][2019-09-25T22:13:18] Completed: Copying file /Contents/Common7/IDE/CommonExtensions/Platform/Debugger/extension.vsixmanifest to C:\Program Files (x86)\Microsoft Visual Studio\2019\BuildTools\Common7\IDE\CommonExtensions\Platform\Debugger\extension.vsixmanifest
[1a64:0017][2019-09-25T22:13:18] Timestamp updated for file 'C:\Program Files (x86)\Microsoft Visual Studio\2019\BuildTools\Common7\IDE\CommonExtensions\Platform\Debugger\extension.vsixmanifest'.
[1a64:0017][2019-09-25T22:13:18] Processing file /Contents/Common7/IDE/CommonExtensions/Platform/ParallelDebugger/extension.vsixmanifest
[1a64:0017][2019-09-25T22:13:18] Started: Copying file /Contents/Common7/IDE/CommonExtensions/Platform/ParallelDebugger/extension.vsixmanifest to C:\Program Files (x86)\Microsoft Visual Studio\2019\BuildTools\Common7\IDE\CommonExtensions\Platform\ParallelDebugger\extension.vsixmanifest
[1a64:0017][2019-09-25T22:13:18] Completed: Copying file /Contents/Common7/IDE/CommonExtensions/Platform/ParallelDebugger/extension.vsixmanifest to C:\Program Files (x86)\Microsoft Visual Studio\2019\BuildTools\Common7\IDE\CommonExtensions\Platform\ParallelDebugger\extension.vsixmanifest
[1a64:0017][2019-09-25T22:13:18] Timestamp updated for file 'C:\Program Files (x86)\Microsoft Visual Studio\2019\BuildTools\Common7\IDE\CommonExtensions\Platform\ParallelDebugger\extension.vsixmanifest'.
[1a64:0017][2019-09-25T22:13:18] Package executed successfully. Return code: 0
